
2022.6.20 05:38:36#---------------------- Complete New Transaction---------------------
2022.6.20 05:38:36#Get trans_id From Post Value:FS6HneuuAiSOBSi3RlEhkAgkexw=
2022.6.20 05:38:36#clientIp:103.135.208.56
2022.6.20 05:38:36#trans_id:FS6HneuuAiSOBSi3RlEhkAgkexw=
2022.6.20 05:38:38#result:RESULT>OK^RESULT_CODE>000^3DSECURE>SKIPPED^RRN>216904492442^APPROVAL_CODE>372380^CARD_NUMBER>999999*********1168^AMOUNT>1543000^CARDNAME>mb account^DESCRIPTION>6MSC21110045^TRANS_DATE>2022-06-18 10:32:21 AM
2022.6.20 05:38:38#442120053838
2022.6.20 05:38:38#442120053838
2022.6.20 05:38:38#442120053838
2022.6.20 05:38:38#442120053838
2022.6.20 05:38:38#442120053838
2022.6.20 05:38:38#442120053838
2022.6.20 05:38:38#442120053838
2022.6.20 05:38:38#442120053838
2022.6.20 05:38:38#442120053838
2022.6.20 05:38:38#442120053838
2022.6.20 05:38:38#=================== Transaction Completed =======================
2022.6.20 05:38:39#---------------------- Complete New Transaction---------------------
2022.6.20 05:38:39#Get trans_id From Post Value:FS6HneuuAiSOBSi3RlEhkAgkexw=
2022.6.20 05:38:39#clientIp:103.135.208.56
2022.6.20 05:38:39#trans_id:FS6HneuuAiSOBSi3RlEhkAgkexw=
2022.6.20 05:38:41#result:RESULT>OK^RESULT_CODE>000^3DSECURE>SKIPPED^RRN>216904492442^APPROVAL_CODE>372380^CARD_NUMBER>999999*********1168^AMOUNT>1543000^CARDNAME>mb account^DESCRIPTION>6MSC21110045^TRANS_DATE>2022-06-18 10:32:21 AM
2022.6.20 05:38:41#442120053841
2022.6.20 05:38:41#442120053841
2022.6.20 05:38:41#442120053841
2022.6.20 05:38:41#442120053841
2022.6.20 05:38:41#442120053841
2022.6.20 05:38:41#442120053841
2022.6.20 05:38:41#442120053841
2022.6.20 05:38:41#442120053841
2022.6.20 05:38:41#442120053841
2022.6.20 05:38:41#442120053841
2022.6.20 05:38:41#=================== Transaction Completed =======================
2022.6.20 07:08:46#---------------------- Complete New Transaction---------------------
2022.6.20 07:08:46#Get trans_id From Post Value:xh3q06Qi0KTqj9rVkqAqNsxsnY8=
2022.6.20 07:08:46#clientIp:103.177.122.242
2022.6.20 07:08:46#trans_id:xh3q06Qi0KTqj9rVkqAqNsxsnY8=
2022.6.20 07:08:49#result:RESULT>OK^RESULT_CODE>000^3DSECURE>SKIPPED^RRN>216315085978^APPROVAL_CODE>367164^CARD_NUMBER>999999*********9385^AMOUNT>203000^CARDNAME>mb account^DESCRIPTION>6MSC21110542^TRANS_DATE>2022-06-12 09:57:16 PM
2022.6.20 07:08:49#31803420070849
2022.6.20 07:08:49#=================== Transaction Completed =======================