
2022.5.1 03:05:40#=================== Start New Transaction ===================
2022.5.1 03:05:40#txnrefnum:BBM2001051
2022.5.1 03:05:40#clientIp:103.178.72.54
2022.5.1 03:05:40#card type:6
2022.5.1 03:05:40#totalamount:162000
2022.5.1 03:05:45#result:TRANSACTION_ID:1SwSfeHcCbl7phQD5TLFEa12zCY=
2022.5.1 03:05:45#Forward to DBBL Payment Gateway Page:/ecomm2/ClientHandler?card_type=6&trans_id=1SwSfeHcCbl7phQD5TLFEa12zCY%3D
2022.5.1 05:50:04#=================== Start New Transaction ===================
2022.5.1 05:50:04#txnrefnum:MBD2008030
2022.5.1 05:50:04#clientIp:123.253.65.104
2022.5.1 05:50:04#card type:6
2022.5.1 05:50:04#totalamount:1322000
2022.5.1 05:50:08#result:TRANSACTION_ID:7TzwRpGlsc3rTkNnIS8AAGqTvk4=
2022.5.1 05:50:08#Forward to DBBL Payment Gateway Page:/ecomm2/ClientHandler?card_type=6&trans_id=7TzwRpGlsc3rTkNnIS8AAGqTvk4%3D
2022.5.1 06:12:29#=================== Start New Transaction ===================
2022.5.1 06:12:29#txnrefnum:MBD2007034
2022.5.1 06:12:29#clientIp:45.115.114.70
2022.5.1 06:12:29#card type:6
2022.5.1 06:12:29#totalamount:1562000
2022.5.1 06:12:33#result:TRANSACTION_ID:bm46SHQNc60XLNH9kh38Seronhw=
2022.5.1 06:12:34#Forward to DBBL Payment Gateway Page:/ecomm2/ClientHandler?card_type=6&trans_id=bm46SHQNc60XLNH9kh38Seronhw%3D
2022.5.1 06:43:40#=================== Start New Transaction ===================
2022.5.1 06:43:40#txnrefnum:MBD2009273
2022.5.1 06:43:40#clientIp:43.224.109.201
2022.5.1 06:43:40#card type:6
2022.5.1 06:43:40#totalamount:1691000
2022.5.1 06:43:44#result:TRANSACTION_ID:BvDbm3Xh3e5h3CPMLzPtQu31AX8=
2022.5.1 06:43:44#Forward to DBBL Payment Gateway Page:/ecomm2/ClientHandler?card_type=6&trans_id=BvDbm3Xh3e5h3CPMLzPtQu31AX8%3D
2022.5.1 06:44:23#---------------------- Complete New Transaction---------------------
2022.5.1 06:44:23#Get trans_id From Post Value:BvDbm3Xh3e5h3CPMLzPtQu31AX8=
2022.5.1 06:44:23#clientIp:43.224.109.201
2022.5.1 06:44:23#trans_id:BvDbm3Xh3e5h3CPMLzPtQu31AX8=
2022.5.1 06:44:25#result:RESULT>OK^RESULT_CODE>000^3DSECURE>SKIPPED^RRN>212112179813^APPROVAL_CODE>877140^CARD_NUMBER>999999*********0324^AMOUNT>1691000^CARDNAME>mb account^DESCRIPTION>6MBD2009273^TRANS_DATE>2022-05-01 12:44:22 PM
2022.5.1 06:44:25#73901064425
2022.5.1 06:44:25#=================== Transaction Completed =======================
2022.5.1 07:14:48#=================== Start New Transaction ===================
2022.5.1 07:14:48#txnrefnum:MSC22111336
2022.5.1 07:14:48#clientIp:114.130.156.175
2022.5.1 07:14:48#card type:6
2022.5.1 07:14:48#totalamount:322000
2022.5.1 07:14:52#result:TRANSACTION_ID:LLdHLLLZcTS4IxNIj5ExrYaW4cU=
2022.5.1 07:14:52#Forward to DBBL Payment Gateway Page:/ecomm2/ClientHandler?card_type=6&trans_id=LLdHLLLZcTS4IxNIj5ExrYaW4cU%3D
2022.5.1 07:16:31#=================== Start New Transaction ===================
2022.5.1 07:16:31#txnrefnum:MSC22111103
2022.5.1 07:16:31#clientIp:43.224.109.201
2022.5.1 07:16:31#card type:6
2022.5.1 07:16:31#totalamount:482000
2022.5.1 07:16:35#result:TRANSACTION_ID:FyJn9r8cUYrNqkBVXkQaWbiNoDQ=
2022.5.1 07:16:35#Forward to DBBL Payment Gateway Page:/ecomm2/ClientHandler?card_type=6&trans_id=FyJn9r8cUYrNqkBVXkQaWbiNoDQ%3D
2022.5.1 07:17:26#=================== Start New Transaction ===================
2022.5.1 07:17:26#txnrefnum:MSC22111103
2022.5.1 07:17:26#clientIp:43.224.109.201
2022.5.1 07:17:26#card type:6
2022.5.1 07:17:26#totalamount:482000
2022.5.1 07:17:30#result:TRANSACTION_ID:RkiIHVF8SxHcpUgIA8wb0zrS7oo=
2022.5.1 07:17:30#Forward to DBBL Payment Gateway Page:/ecomm2/ClientHandler?card_type=6&trans_id=RkiIHVF8SxHcpUgIA8wb0zrS7oo%3D
2022.5.1 07:18:39#---------------------- Complete New Transaction---------------------
2022.5.1 07:18:39#Get trans_id From Post Value:RkiIHVF8SxHcpUgIA8wb0zrS7oo=
2022.5.1 07:18:39#clientIp:43.224.109.201
2022.5.1 07:18:39#trans_id:RkiIHVF8SxHcpUgIA8wb0zrS7oo=
2022.5.1 07:18:41#result:RESULT>OK^RESULT_CODE>000^3DSECURE>SKIPPED^RRN>212113182494^APPROVAL_CODE>972878^CARD_NUMBER>999999*********0324^AMOUNT>482000^CARDNAME>mb account^DESCRIPTION>6MSC22111103^TRANS_DATE>2022-05-01 01:18:37 PM
2022.5.1 07:18:41#263301071841
2022.5.1 07:18:41#=================== Transaction Completed =======================
2022.5.1 07:18:41#263301071841
2022.5.1 07:18:41#=================== Transaction Completed =======================
2022.5.1 07:18:41#263301071841
2022.5.1 07:18:41#=================== Transaction Completed =======================
2022.5.1 08:12:05#=================== Start New Transaction ===================
2022.5.1 08:12:05#txnrefnum:MSC22110530
2022.5.1 08:12:05#clientIp:202.134.10.139
2022.5.1 08:12:05#card type:6
2022.5.1 08:12:05#totalamount:322000
2022.5.1 08:12:10#result:TRANSACTION_ID:EOdLC2oGI23pfoA070IMGsNyTOs=
2022.5.1 08:12:10#Forward to DBBL Payment Gateway Page:/ecomm2/ClientHandler?card_type=6&trans_id=EOdLC2oGI23pfoA070IMGsNyTOs%3D
2022.5.1 08:25:38#=================== Start New Transaction ===================
2022.5.1 08:25:38#txnrefnum:MSC22110530
2022.5.1 08:25:38#clientIp:202.134.10.139
2022.5.1 08:25:38#card type:6
2022.5.1 08:25:38#totalamount:482000
2022.5.1 08:25:42#result:TRANSACTION_ID:uZguijxltuLyFV7Qdif1OcxvKK0=
2022.5.1 08:25:42#Forward to DBBL Payment Gateway Page:/ecomm2/ClientHandler?card_type=6&trans_id=uZguijxltuLyFV7Qdif1OcxvKK0%3D
2022.5.1 08:26:26#---------------------- Complete New Transaction---------------------
2022.5.1 08:26:26#Get trans_id From Post Value:uZguijxltuLyFV7Qdif1OcxvKK0=
2022.5.1 08:26:29#clientIp:202.134.10.139
2022.5.1 08:26:29#trans_id:uZguijxltuLyFV7Qdif1OcxvKK0=
2022.5.1 08:26:31#result:RESULT>OK^RESULT_CODE>000^3DSECURE>SKIPPED^RRN>212114187408^APPROVAL_CODE>302055^CARD_NUMBER>999999*********0055^AMOUNT>482000^CARDNAME>mb account^DESCRIPTION>6MSC22110530^TRANS_DATE>2022-05-01 02:26:25 PM
2022.5.1 08:26:31#1265501082631
2022.5.1 08:26:31#=================== Transaction Completed =======================
2022.5.1 08:26:31#1265501082631
2022.5.1 08:26:31#=================== Transaction Completed =======================
2022.5.1 08:26:31#1265501082631
2022.5.1 08:26:31#=================== Transaction Completed =======================
2022.5.1 09:42:46#=================== Start New Transaction ===================
2022.5.1 09:42:46#txnrefnum:MBD2207094
2022.5.1 09:42:46#clientIp:118.179.20.14
2022.5.1 09:42:46#card type:6
2022.5.1 09:42:46#totalamount:1402000
2022.5.1 09:42:50#result:TRANSACTION_ID:poSbJ17i18e3wqNToZvNiKjcvDM=
2022.5.1 09:42:50#Forward to DBBL Payment Gateway Page:/ecomm2/ClientHandler?card_type=6&trans_id=poSbJ17i18e3wqNToZvNiKjcvDM%3D
2022.5.1 10:56:10#=================== Start New Transaction ===================
2022.5.1 10:56:10#txnrefnum:MBM2201424
2022.5.1 10:56:10#clientIp:37.111.213.139
2022.5.1 10:56:10#card type:6
2022.5.1 10:56:10#totalamount:1022000
2022.5.1 10:56:12#=================== Start New Transaction ===================
2022.5.1 10:56:12#txnrefnum:MBM2201424
2022.5.1 10:56:12#clientIp:37.111.213.139
2022.5.1 10:56:12#card type:6
2022.5.1 10:56:12#totalamount:1022000
2022.5.1 10:56:15#result:TRANSACTION_ID:kFamKeElctDGu7rdy8qQ2fA9uJo=
2022.5.1 10:56:15#Forward to DBBL Payment Gateway Page:/ecomm2/ClientHandler?card_type=6&trans_id=kFamKeElctDGu7rdy8qQ2fA9uJo%3D
2022.5.1 10:56:15#=================== Start New Transaction ===================
2022.5.1 10:56:15#txnrefnum:MBM2201424
2022.5.1 10:56:15#clientIp:37.111.213.139
2022.5.1 10:56:15#card type:6
2022.5.1 10:56:15#totalamount:1022000
2022.5.1 10:56:16#result:TRANSACTION_ID:mIP9tfkjdxoUN0DcyQtsK7b9PEY=
2022.5.1 10:56:16#Forward to DBBL Payment Gateway Page:/ecomm2/ClientHandler?card_type=6&trans_id=mIP9tfkjdxoUN0DcyQtsK7b9PEY%3D
2022.5.1 10:56:19#result:TRANSACTION_ID:O0yPR5VvD2sto8yd4lan5VHPmZs=
2022.5.1 10:56:19#Forward to DBBL Payment Gateway Page:/ecomm2/ClientHandler?card_type=6&trans_id=O0yPR5VvD2sto8yd4lan5VHPmZs%3D
2022.5.1 12:52:53#=================== Start New Transaction ===================
2022.5.1 12:52:53#txnrefnum:MBD2002035
2022.5.1 12:52:53#clientIp:202.134.8.132
2022.5.1 12:52:53#card type:6
2022.5.1 12:52:53#totalamount:1322000
2022.5.1 12:52:54#=================== Start New Transaction ===================
2022.5.1 12:52:54#txnrefnum:MBD2002035
2022.5.1 12:52:54#clientIp:202.134.8.132
2022.5.1 12:52:54#card type:6
2022.5.1 12:52:54#totalamount:1322000
2022.5.1 12:52:57#result:TRANSACTION_ID:jZkeWMuyNz4SJBDPHYgQ2Jxg4Vw=
2022.5.1 12:52:57#Forward to DBBL Payment Gateway Page:/ecomm2/ClientHandler?card_type=6&trans_id=jZkeWMuyNz4SJBDPHYgQ2Jxg4Vw%3D
2022.5.1 12:52:57#=================== Start New Transaction ===================
2022.5.1 12:52:57#txnrefnum:MBD2002035
2022.5.1 12:52:57#clientIp:202.134.8.132
2022.5.1 12:52:57#card type:6
2022.5.1 12:52:57#totalamount:1322000
2022.5.1 12:52:58#result:TRANSACTION_ID:INSUhuvamwYGTA8BqDeOwPEOGj8=
2022.5.1 12:52:58#Forward to DBBL Payment Gateway Page:/ecomm2/ClientHandler?card_type=6&trans_id=INSUhuvamwYGTA8BqDeOwPEOGj8%3D
2022.5.1 12:52:59#=================== Start New Transaction ===================
2022.5.1 12:52:59#txnrefnum:MBD2002035
2022.5.1 12:52:59#clientIp:202.134.8.132
2022.5.1 12:52:59#card type:6
2022.5.1 12:52:59#totalamount:1322000
2022.5.1 12:53:01#result:TRANSACTION_ID:SCWv7t8bAH89kMTX5SpOg4WVS3w=
2022.5.1 12:53:01#Forward to DBBL Payment Gateway Page:/ecomm2/ClientHandler?card_type=6&trans_id=SCWv7t8bAH89kMTX5SpOg4WVS3w%3D
2022.5.1 12:53:01#=================== Start New Transaction ===================
2022.5.1 12:53:01#txnrefnum:MBD2002035
2022.5.1 12:53:01#clientIp:202.134.8.132
2022.5.1 12:53:01#card type:6
2022.5.1 12:53:01#totalamount:1322000
2022.5.1 12:53:03#result:TRANSACTION_ID:DllLIqSASziTftDgAzaYETCSRh8=
2022.5.1 12:53:03#Forward to DBBL Payment Gateway Page:/ecomm2/ClientHandler?card_type=6&trans_id=DllLIqSASziTftDgAzaYETCSRh8%3D
2022.5.1 12:53:03#=================== Start New Transaction ===================
2022.5.1 12:53:03#txnrefnum:MBD2002035
2022.5.1 12:53:03#clientIp:202.134.8.132
2022.5.1 12:53:03#card type:6
2022.5.1 12:53:03#totalamount:1322000
2022.5.1 12:53:05#result:TRANSACTION_ID:naESllEh9SZrOsCPM0qpjfULdU4=
2022.5.1 12:53:05#Forward to DBBL Payment Gateway Page:/ecomm2/ClientHandler?card_type=6&trans_id=naESllEh9SZrOsCPM0qpjfULdU4%3D
2022.5.1 12:53:06#=================== Start New Transaction ===================
2022.5.1 12:53:06#txnrefnum:MBD2002035
2022.5.1 12:53:06#clientIp:202.134.8.132
2022.5.1 12:53:06#card type:6
2022.5.1 12:53:06#totalamount:1322000
2022.5.1 12:53:07#result:TRANSACTION_ID:3PFRkOx4AK90myrQmJrk0Usqwq8=
2022.5.1 12:53:07#Forward to DBBL Payment Gateway Page:/ecomm2/ClientHandler?card_type=6&trans_id=3PFRkOx4AK90myrQmJrk0Usqwq8%3D
2022.5.1 12:53:09#result:TRANSACTION_ID:hq9a8QkIHUfckMD4YgOEXRduJfk=
2022.5.1 12:53:10#Forward to DBBL Payment Gateway Page:/ecomm2/ClientHandler?card_type=6&trans_id=hq9a8QkIHUfckMD4YgOEXRduJfk%3D
2022.5.1 13:57:50#=================== Start New Transaction ===================
2022.5.1 13:57:50#txnrefnum:MEM2005015
2022.5.1 13:57:50#clientIp:203.76.220.244
2022.5.1 13:57:50#card type:6
2022.5.1 13:57:50#totalamount:1402000
2022.5.1 13:57:54#=================== Start New Transaction ===================
2022.5.1 13:57:54#txnrefnum:MEM2005015
2022.5.1 13:57:54#clientIp:203.76.220.244
2022.5.1 13:57:54#card type:6
2022.5.1 13:57:54#totalamount:1402000
2022.5.1 13:57:54#=================== Start New Transaction ===================
2022.5.1 13:57:54#txnrefnum:MEM2005015
2022.5.1 13:57:54#clientIp:203.76.220.244
2022.5.1 13:57:54#card type:6
2022.5.1 13:57:54#totalamount:1402000
2022.5.1 13:57:54#result:TRANSACTION_ID:05Z7oYUa29POTPMpcyIF1mfPNg8=
2022.5.1 13:57:54#Forward to DBBL Payment Gateway Page:/ecomm2/ClientHandler?card_type=6&trans_id=05Z7oYUa29POTPMpcyIF1mfPNg8%3D
2022.5.1 13:57:58#result:TRANSACTION_ID:f7P1rSDPVYJ4cShBK4UBtj5kCCs=
2022.5.1 13:57:58#Forward to DBBL Payment Gateway Page:/ecomm2/ClientHandler?card_type=6&trans_id=f7P1rSDPVYJ4cShBK4UBtj5kCCs%3D
2022.5.1 13:57:58#=================== Start New Transaction ===================
2022.5.1 13:57:58#txnrefnum:MEM2005015
2022.5.1 13:57:58#clientIp:203.76.220.244
2022.5.1 13:57:58#card type:6
2022.5.1 13:57:58#totalamount:1402000
2022.5.1 13:57:58#result:TRANSACTION_ID:eXzNbRI80tD9VAStqFplXwCZLV0=
2022.5.1 13:57:58#Forward to DBBL Payment Gateway Page:/ecomm2/ClientHandler?card_type=6&trans_id=eXzNbRI80tD9VAStqFplXwCZLV0%3D
2022.5.1 13:58:00#=================== Start New Transaction ===================
2022.5.1 13:58:00#txnrefnum:MEM2005015
2022.5.1 13:58:00#clientIp:203.76.220.244
2022.5.1 13:58:00#card type:6
2022.5.1 13:58:00#totalamount:1402000
2022.5.1 13:58:02#result:TRANSACTION_ID:leFXjdniFDM9Vxou1t8LJ9qPDRI=
2022.5.1 13:58:02#Forward to DBBL Payment Gateway Page:/ecomm2/ClientHandler?card_type=6&trans_id=leFXjdniFDM9Vxou1t8LJ9qPDRI%3D
2022.5.1 13:58:04#result:TRANSACTION_ID:k5lwuYlaY7fgq8J8e2ExSbOSb4A=
2022.5.1 13:58:05#Forward to DBBL Payment Gateway Page:/ecomm2/ClientHandler?card_type=6&trans_id=k5lwuYlaY7fgq8J8e2ExSbOSb4A%3D
2022.5.1 14:00:39#=================== Start New Transaction ===================
2022.5.1 14:00:39#txnrefnum:BBM2203064
2022.5.1 14:00:39#clientIp:103.166.89.105
2022.5.1 14:00:39#card type:6
2022.5.1 14:00:39#totalamount:322000
2022.5.1 14:00:43#result:TRANSACTION_ID:gqO7KWBrkGG69pPGwqpSyECj5bQ=
2022.5.1 14:00:43#Forward to DBBL Payment Gateway Page:/ecomm2/ClientHandler?card_type=6&trans_id=gqO7KWBrkGG69pPGwqpSyECj5bQ%3D
2022.5.1 14:00:43#=================== Start New Transaction ===================
2022.5.1 14:00:43#txnrefnum:MEM2005015
2022.5.1 14:00:43#clientIp:203.76.220.244
2022.5.1 14:00:43#card type:6
2022.5.1 14:00:43#totalamount:1322000
2022.5.1 14:00:47#result:TRANSACTION_ID:sPDHYUhZIV0vuIHlfnRNdbZrY64=
2022.5.1 14:00:47#Forward to DBBL Payment Gateway Page:/ecomm2/ClientHandler?card_type=6&trans_id=sPDHYUhZIV0vuIHlfnRNdbZrY64%3D
2022.5.1 14:05:34#=================== Start New Transaction ===================
2022.5.1 14:05:34#txnrefnum:BBD2003009
2022.5.1 14:05:34#clientIp:37.111.212.231
2022.5.1 14:05:34#card type:6
2022.5.1 14:05:34#totalamount:402000
2022.5.1 14:05:38#result:TRANSACTION_ID:maQPf0UIWvBi5SSHS3FMbrKGSZM=
2022.5.1 14:05:38#Forward to DBBL Payment Gateway Page:/ecomm2/ClientHandler?card_type=6&trans_id=maQPf0UIWvBi5SSHS3FMbrKGSZM%3D
2022.5.1 14:08:50#=================== Start New Transaction ===================
2022.5.1 14:08:50#txnrefnum:MBD2006030
2022.5.1 14:08:50#clientIp:202.134.10.139
2022.5.1 14:08:50#card type:6
2022.5.1 14:08:50#totalamount:1322000
2022.5.1 14:08:54#result:TRANSACTION_ID:d4IM97ivIiQpmOSSLydePB1hGwI=
2022.5.1 14:08:54#Forward to DBBL Payment Gateway Page:/ecomm2/ClientHandler?card_type=6&trans_id=d4IM97ivIiQpmOSSLydePB1hGwI%3D
2022.5.1 14:36:22#=================== Start New Transaction ===================
2022.5.1 14:36:22#txnrefnum:MSC22110006
2022.5.1 14:36:22#clientIp:103.135.254.250
2022.5.1 14:36:22#card type:6
2022.5.1 14:36:22#totalamount:162000
2022.5.1 14:36:26#result:TRANSACTION_ID:ubXnPXyQPUJjbydLoLmQSPH8Hbw=
2022.5.1 14:36:26#Forward to DBBL Payment Gateway Page:/ecomm2/ClientHandler?card_type=6&trans_id=ubXnPXyQPUJjbydLoLmQSPH8Hbw%3D
2022.5.1 15:25:44#=================== Start New Transaction ===================
2022.5.1 15:25:44#txnrefnum:MSC21111313
2022.5.1 15:25:44#clientIp:103.200.38.9
2022.5.1 15:25:44#card type:6
2022.5.1 15:25:44#totalamount:542000
2022.5.1 15:25:48#result:TRANSACTION_ID:TmuNPIQEjCybY4FrosAXX2SebVg=
2022.5.1 15:25:49#Forward to DBBL Payment Gateway Page:/ecomm2/ClientHandler?card_type=6&trans_id=TmuNPIQEjCybY4FrosAXX2SebVg%3D
2022.5.1 15:32:33#=================== Start New Transaction ===================
2022.5.1 15:32:33#txnrefnum:MBD2006261
2022.5.1 15:32:33#clientIp:202.83.124.117
2022.5.1 15:32:33#card type:6
2022.5.1 15:32:33#totalamount:1562000
2022.5.1 15:32:37#result:TRANSACTION_ID:3Cel3JMDY2fsknOJSnWSOSOr6w4=
2022.5.1 15:32:37#Forward to DBBL Payment Gateway Page:/ecomm2/ClientHandler?card_type=6&trans_id=3Cel3JMDY2fsknOJSnWSOSOr6w4%3D
2022.5.1 21:13:39#=================== Start New Transaction ===================
2022.5.1 21:13:39#txnrefnum:MBD2009223
2022.5.1 21:13:39#clientIp:116.12.39.5
2022.5.1 21:13:39#card type:6
2022.5.1 21:13:39#totalamount:301000
2022.5.1 21:13:44#result:TRANSACTION_ID:peoQPp9SSJ5ECEMOEl5BvfDbKO4=
2022.5.1 21:13:44#Forward to DBBL Payment Gateway Page:/ecomm2/ClientHandler?card_type=6&trans_id=peoQPp9SSJ5ECEMOEl5BvfDbKO4%3D
2022.5.1 21:13:51#=================== Start New Transaction ===================
2022.5.1 21:13:51#txnrefnum:MBD2009223
2022.5.1 21:13:51#clientIp:116.12.39.5
2022.5.1 21:13:51#card type:6
2022.5.1 21:13:51#totalamount:301000
2022.5.1 21:13:55#result:TRANSACTION_ID:hotV62y84zOaSf1tRvFQuIl2a7M=
2022.5.1 21:13:55#Forward to DBBL Payment Gateway Page:/ecomm2/ClientHandler?card_type=6&trans_id=hotV62y84zOaSf1tRvFQuIl2a7M%3D
2022.5.1 21:14:08#=================== Start New Transaction ===================
2022.5.1 21:14:08#txnrefnum:MBD2009223
2022.5.1 21:14:08#clientIp:116.12.39.5
2022.5.1 21:14:08#card type:6
2022.5.1 21:14:08#totalamount:301000
2022.5.1 21:14:12#result:TRANSACTION_ID:2yQBkPEQOqwjkgtNxIGZ5GJSKt0=
2022.5.1 21:14:12#Forward to DBBL Payment Gateway Page:/ecomm2/ClientHandler?card_type=6&trans_id=2yQBkPEQOqwjkgtNxIGZ5GJSKt0%3D
2022.5.1 21:37:20#---------------------- Complete New Transaction---------------------
2022.5.1 21:37:20#Get trans_id From Post Value:maQPf0UIWvBi5SSHS3FMbrKGSZM=
2022.5.1 21:37:20#clientIp:119.30.39.38
2022.5.1 21:37:20#trans_id:maQPf0UIWvBi5SSHS3FMbrKGSZM=
2022.5.1 21:37:22#result:RESULT>TIMEOUT^RESULT_CODE>999^3DSECURE>0^RRN>0^APPROVAL_CODE>0^CARD_NUMBER>0^AMOUNT>402000^CARDNAME>0^DESCRIPTION>6BBD2003009^TRANS_DATE>2022-05-02 03:37:19 AM
2022.5.1 21:37:22#Failed