
2023.1.20 03:20:46#=================== Start New Transaction ===================
2023.1.20 03:20:46#txnrefnum:MBD2006387
2023.1.20 03:20:46#clientIp:37.111.215.106
2023.1.20 03:20:46#card type:6
2023.1.20 03:20:46#totalamount:2000
2023.1.20 03:20:51#result:TRANSACTION_ID:t8BvZ7k9zlXkkzwKYbbTFSzjtSQ=
2023.1.20 03:20:51#Forward to DBBL Payment Gateway Page: https://ecom1.dutchbanglabank.com/ecomm2/ClientHandler?card_type=6&trans_id=t8BvZ7k9zlXkkzwKYbbTFSzjtSQ%3D
2023.1.20 04:38:07#=================== Start New Transaction ===================
2023.1.20 04:38:07#txnrefnum:MBD2005075
2023.1.20 04:38:07#clientIp:103.14.72.94
2023.1.20 04:38:07#card type:6
2023.1.20 04:38:07#totalamount:722000
2023.1.20 04:38:10#result:TRANSACTION_ID:zRiTfM0JS9PZPj4zaf0ZKdFjME0=
2023.1.20 04:38:10#Forward to DBBL Payment Gateway Page: https://ecom1.dutchbanglabank.com/ecomm2/ClientHandler?card_type=6&trans_id=zRiTfM0JS9PZPj4zaf0ZKdFjME0%3D
2023.1.20 04:38:31#---------------------- Complete New Transaction---------------------
2023.1.20 04:38:31#Get trans_id From Post Value:zRiTfM0JS9PZPj4zaf0ZKdFjME0=
2023.1.20 04:38:31#clientIp:103.14.72.94
2023.1.20 04:38:31#trans_id:zRiTfM0JS9PZPj4zaf0ZKdFjME0=
2023.1.20 04:38:32#result:RESULT>OK^RESULT_CODE>000^3DSECURE>SKIPPED^RRN>302004093715^APPROVAL_CODE>952566^CARD_NUMBER>999999*********9465^AMOUNT>722000^CARDNAME>mb account^DESCRIPTION>6MBD2005075^TRANS_DATE>2023-01-20 10:38:29 AM
2023.1.20 04:38:32#36893320043832
2023.1.20 04:38:33#36893320043832
2023.1.20 04:38:33#36893320043832
2023.1.20 04:38:33#36893320043832
2023.1.20 04:38:33#=================== Transaction Completed =======================
2023.1.20 05:42:42#=================== Start New Transaction ===================
2023.1.20 05:42:42#txnrefnum:BBG2106012
2023.1.20 05:42:42#clientIp:27.131.14.78
2023.1.20 05:42:42#card type:6
2023.1.20 05:42:42#totalamount:722000
2023.1.20 05:42:45#result:TRANSACTION_ID:73qsuMUSzkWmcfAbs0wrnLCuom4=
2023.1.20 05:42:45#Forward to DBBL Payment Gateway Page: https://ecom1.dutchbanglabank.com/ecomm2/ClientHandler?card_type=6&trans_id=73qsuMUSzkWmcfAbs0wrnLCuom4%3D
2023.1.20 05:43:47#---------------------- Complete New Transaction---------------------
2023.1.20 05:43:47#Get trans_id From Post Value:73qsuMUSzkWmcfAbs0wrnLCuom4=
2023.1.20 05:43:49#clientIp:27.131.14.78
2023.1.20 05:43:49#trans_id:73qsuMUSzkWmcfAbs0wrnLCuom4=
2023.1.20 05:43:51#result:RESULT>OK^RESULT_CODE>000^3DSECURE>SKIPPED^RRN>302005096829^APPROVAL_CODE>125683^CARD_NUMBER>999999*********3117^AMOUNT>722000^CARDNAME>mb account^DESCRIPTION>6BBG2106012^TRANS_DATE>2023-01-20 11:43:45 AM
2023.1.20 05:43:51#36870920054351
2023.1.20 05:43:51#36870920054351
2023.1.20 05:43:51#36870920054351
2023.1.20 05:43:51#36870920054351
2023.1.20 05:43:51#=================== Transaction Completed =======================
2023.1.20 05:45:09#=================== Start New Transaction ===================
2023.1.20 05:45:09#txnrefnum:MBD2006044
2023.1.20 05:45:09#clientIp:103.110.161.11
2023.1.20 05:45:09#card type:6
2023.1.20 05:45:09#totalamount:722000
2023.1.20 05:45:12#result:TRANSACTION_ID:jU0SnVDIVItXOmGyxqWrbzuJUn4=
2023.1.20 05:45:12#Forward to DBBL Payment Gateway Page: https://ecom1.dutchbanglabank.com/ecomm2/ClientHandler?card_type=6&trans_id=jU0SnVDIVItXOmGyxqWrbzuJUn4%3D
2023.1.20 05:45:49#---------------------- Complete New Transaction---------------------
2023.1.20 05:45:49#Get trans_id From Post Value:jU0SnVDIVItXOmGyxqWrbzuJUn4=
2023.1.20 05:45:49#clientIp:103.110.161.11
2023.1.20 05:45:49#trans_id:jU0SnVDIVItXOmGyxqWrbzuJUn4=
2023.1.20 05:45:51#result:RESULT>OK^RESULT_CODE>000^3DSECURE>SKIPPED^RRN>302005096920^APPROVAL_CODE>209554^CARD_NUMBER>999999*********1792^AMOUNT>722000^CARDNAME>mb account^DESCRIPTION>6MBD2006044^TRANS_DATE>2023-01-20 11:45:48 AM
2023.1.20 05:45:51#37080720054551
2023.1.20 05:45:51#37080720054551
2023.1.20 05:45:51#37080720054551
2023.1.20 05:45:51#37080720054551
2023.1.20 05:45:51#=================== Transaction Completed =======================
2023.1.20 05:56:04#=================== Start New Transaction ===================
2023.1.20 05:56:04#txnrefnum:MSC22111220
2023.1.20 05:56:04#clientIp:202.134.14.137
2023.1.20 05:56:04#card type:6
2023.1.20 05:56:04#totalamount:802000
2023.1.20 05:56:07#result:TRANSACTION_ID:Jvrkg6zXs3RQZMwlcSPmg5rMInE=
2023.1.20 05:56:07#Forward to DBBL Payment Gateway Page: https://ecom1.dutchbanglabank.com/ecomm2/ClientHandler?card_type=6&trans_id=Jvrkg6zXs3RQZMwlcSPmg5rMInE%3D
2023.1.20 05:57:40#---------------------- Complete New Transaction---------------------
2023.1.20 05:57:40#Get trans_id From Post Value:Jvrkg6zXs3RQZMwlcSPmg5rMInE=
2023.1.20 05:57:40#clientIp:202.134.14.137
2023.1.20 05:57:40#trans_id:Jvrkg6zXs3RQZMwlcSPmg5rMInE=
2023.1.20 05:57:42#result:RESULT>OK^RESULT_CODE>000^3DSECURE>SKIPPED^RRN>302005097474^APPROVAL_CODE>226936^CARD_NUMBER>999999*********9648^AMOUNT>802000^CARDNAME>mb account^DESCRIPTION>6MSC22111220^TRANS_DATE>2023-01-20 11:57:39 AM
2023.1.20 05:57:42#33546120055742
2023.1.20 05:57:42#33546120055742
2023.1.20 05:57:42#33546120055742
2023.1.20 05:57:42#33546120055742
2023.1.20 05:57:42#=================== Transaction Completed =======================
2023.1.20 06:25:06#=================== Start New Transaction ===================
2023.1.20 06:25:06#txnrefnum:BBM2006145
2023.1.20 06:25:06#clientIp:103.133.200.230
2023.1.20 06:25:06#card type:6
2023.1.20 06:25:06#totalamount:1122000
2023.1.20 06:25:09#result:TRANSACTION_ID:kAOY6EAf23w7aJ8kZjoySUOrcog=
2023.1.20 06:25:09#Forward to DBBL Payment Gateway Page: https://ecom1.dutchbanglabank.com/ecomm2/ClientHandler?card_type=6&trans_id=kAOY6EAf23w7aJ8kZjoySUOrcog%3D
2023.1.20 06:25:48#---------------------- Complete New Transaction---------------------
2023.1.20 06:25:48#Get trans_id From Post Value:kAOY6EAf23w7aJ8kZjoySUOrcog=
2023.1.20 06:25:48#clientIp:103.133.200.230
2023.1.20 06:25:48#trans_id:kAOY6EAf23w7aJ8kZjoySUOrcog=
2023.1.20 06:25:50#result:RESULT>OK^RESULT_CODE>000^3DSECURE>SKIPPED^RRN>302006099153^APPROVAL_CODE>318272^CARD_NUMBER>999999*********6743^AMOUNT>1122000^CARDNAME>mb account^DESCRIPTION>6BBM2006145^TRANS_DATE>2023-01-20 12:25:47 PM
2023.1.20 06:25:50#25571520062550
2023.1.20 06:25:50#25571520062550
2023.1.20 06:25:50#25571520062550
2023.1.20 06:25:50#25571520062550
2023.1.20 06:25:50#25571520062550
2023.1.20 06:25:50#25571520062550
2023.1.20 06:25:50#25571520062550
2023.1.20 06:25:50#25571520062550
2023.1.20 06:25:50#25571520062550
2023.1.20 06:25:50#25571520062550
2023.1.20 06:25:50#25571520062550
2023.1.20 06:25:51#25571520062550
2023.1.20 06:25:51#25571520062550
2023.1.20 06:25:51#25571520062550
2023.1.20 06:25:51#=================== Transaction Completed =======================
2023.1.20 06:36:44#=================== Start New Transaction ===================
2023.1.20 06:36:44#txnrefnum:BBM2007179
2023.1.20 06:36:44#clientIp:114.130.185.50
2023.1.20 06:36:44#card type:6
2023.1.20 06:36:44#totalamount:722000
2023.1.20 06:36:47#result:TRANSACTION_ID:BEhDuNELxXxlDtJDMJ6xLxcxGOc=
2023.1.20 06:36:47#Forward to DBBL Payment Gateway Page: https://ecom1.dutchbanglabank.com/ecomm2/ClientHandler?card_type=6&trans_id=BEhDuNELxXxlDtJDMJ6xLxcxGOc%3D
2023.1.20 06:37:16#---------------------- Complete New Transaction---------------------
2023.1.20 06:37:16#Get trans_id From Post Value:BEhDuNELxXxlDtJDMJ6xLxcxGOc=
2023.1.20 06:37:16#clientIp:114.130.185.50
2023.1.20 06:37:16#trans_id:BEhDuNELxXxlDtJDMJ6xLxcxGOc=
2023.1.20 06:37:18#result:RESULT>OK^RESULT_CODE>000^3DSECURE>SKIPPED^RRN>302006099610^APPROVAL_CODE>330819^CARD_NUMBER>999999*********6896^AMOUNT>722000^CARDNAME>mb account^DESCRIPTION>6BBM2007179^TRANS_DATE>2023-01-20 12:37:15 PM
2023.1.20 06:37:18#37190320063718
2023.1.20 06:37:18#37190320063718
2023.1.20 06:37:18#37190320063718
2023.1.20 06:37:18#37190320063718
2023.1.20 06:37:18#=================== Transaction Completed =======================
2023.1.20 09:43:38#=================== Start New Transaction ===================
2023.1.20 09:43:38#txnrefnum:MBD2006387
2023.1.20 09:43:38#clientIp:37.111.207.91
2023.1.20 09:43:38#card type:6
2023.1.20 09:43:38#totalamount:882000
2023.1.20 09:43:46#result:TRANSACTION_ID:2lIUD5kfGrZntf7VkdNZ1ZOvLcM=
2023.1.20 09:43:46#Forward to DBBL Payment Gateway Page: https://ecom1.dutchbanglabank.com/ecomm2/ClientHandler?card_type=6&trans_id=2lIUD5kfGrZntf7VkdNZ1ZOvLcM%3D
2023.1.20 09:45:22#---------------------- Complete New Transaction---------------------
2023.1.20 09:45:22#Get trans_id From Post Value:2lIUD5kfGrZntf7VkdNZ1ZOvLcM=
2023.1.20 09:45:22#clientIp:37.111.207.91
2023.1.20 09:45:22#trans_id:2lIUD5kfGrZntf7VkdNZ1ZOvLcM=
2023.1.20 09:45:24#result:RESULT>OK^RESULT_CODE>000^3DSECURE>SKIPPED^RRN>302009107382^APPROVAL_CODE>713658^CARD_NUMBER>999999*********7347^AMOUNT>882000^CARDNAME>mb account^DESCRIPTION>6MBD2006387^TRANS_DATE>2023-01-20 03:45:21 PM
2023.1.20 09:45:24#18408320094524
2023.1.20 09:45:24#18408320094524
2023.1.20 09:45:24#18408320094524
2023.1.20 09:45:24#18408320094524
2023.1.20 09:45:24#18408320094524
2023.1.20 09:45:25#18408320094524
2023.1.20 09:45:25#18408320094524
2023.1.20 09:45:25#18408320094524
2023.1.20 09:45:25#=================== Transaction Completed =======================
2023.1.20 09:50:43#=================== Start New Transaction ===================
2023.1.20 09:50:43#txnrefnum:MSC22111054
2023.1.20 09:50:43#clientIp:103.203.176.43
2023.1.20 09:50:43#card type:6
2023.1.20 09:50:43#totalamount:262000
2023.1.20 09:50:45#result:TRANSACTION_ID:G1gHMNwLVUVIgAJ14ER4O31Sfes=
2023.1.20 09:50:46#Forward to DBBL Payment Gateway Page: https://ecom1.dutchbanglabank.com/ecomm2/ClientHandler?card_type=6&trans_id=G1gHMNwLVUVIgAJ14ER4O31Sfes%3D
2023.1.20 09:51:30#---------------------- Complete New Transaction---------------------
2023.1.20 09:51:30#Get trans_id From Post Value:G1gHMNwLVUVIgAJ14ER4O31Sfes=
2023.1.20 09:51:30#clientIp:103.203.176.43
2023.1.20 09:51:30#trans_id:G1gHMNwLVUVIgAJ14ER4O31Sfes=
2023.1.20 09:51:32#result:RESULT>OK^RESULT_CODE>000^3DSECURE>SKIPPED^RRN>302009107686^APPROVAL_CODE>720534^CARD_NUMBER>999999*********0418^AMOUNT>262000^CARDNAME>mb account^DESCRIPTION>6MSC22111054^TRANS_DATE>2023-01-20 03:51:29 PM
2023.1.20 09:51:32#33980420095132
2023.1.20 09:51:32#33980420095132
2023.1.20 09:51:32#33980420095132
2023.1.20 09:51:32#33980420095132
2023.1.20 09:51:32#=================== Transaction Completed =======================
2023.1.20 11:49:13#=================== Start New Transaction ===================
2023.1.20 11:49:13#txnrefnum:MBD2006382
2023.1.20 11:49:13#clientIp:203.76.220.39
2023.1.20 11:49:13#card type:6
2023.1.20 11:49:13#totalamount:722000
2023.1.20 11:49:16#result:TRANSACTION_ID:w7KDK57EwyQHUNQX28KrtwA4bRE=
2023.1.20 11:49:16#Forward to DBBL Payment Gateway Page: https://ecom1.dutchbanglabank.com/ecomm2/ClientHandler?card_type=6&trans_id=w7KDK57EwyQHUNQX28KrtwA4bRE%3D
2023.1.20 11:50:28#---------------------- Complete New Transaction---------------------
2023.1.20 11:50:28#Get trans_id From Post Value:w7KDK57EwyQHUNQX28KrtwA4bRE=
2023.1.20 11:50:28#clientIp:203.76.220.39
2023.1.20 11:50:28#trans_id:w7KDK57EwyQHUNQX28KrtwA4bRE=
2023.1.20 11:50:30#result:RESULT>OK^RESULT_CODE>000^3DSECURE>SKIPPED^RRN>302011113489^APPROVAL_CODE>215949^CARD_NUMBER>999999*********4725^AMOUNT>722000^CARDNAME>mb account^DESCRIPTION>6MBD2006382^TRANS_DATE>2023-01-20 05:50:27 PM
2023.1.20 11:50:30#29788520115030
2023.1.20 11:50:30#29788520115030
2023.1.20 11:50:30#29788520115030
2023.1.20 11:50:30#29788520115030
2023.1.20 11:50:30#=================== Transaction Completed =======================
2023.1.20 13:34:59#=================== Start New Transaction ===================
2023.1.20 13:34:59#txnrefnum:BBM2007132
2023.1.20 13:34:59#clientIp:103.147.107.134
2023.1.20 13:34:59#card type:6
2023.1.20 13:34:59#totalamount:722000
2023.1.20 13:35:01#result:TRANSACTION_ID:VZQxJwXCIpPW4Bvo4ht2Fe8N8zE=
2023.1.20 13:35:02#Forward to DBBL Payment Gateway Page: https://ecom1.dutchbanglabank.com/ecomm2/ClientHandler?card_type=6&trans_id=VZQxJwXCIpPW4Bvo4ht2Fe8N8zE%3D
2023.1.20 13:35:27#---------------------- Complete New Transaction---------------------
2023.1.20 13:35:27#Get trans_id From Post Value:VZQxJwXCIpPW4Bvo4ht2Fe8N8zE=
2023.1.20 13:35:27#clientIp:103.147.107.134
2023.1.20 13:35:27#trans_id:VZQxJwXCIpPW4Bvo4ht2Fe8N8zE=
2023.1.20 13:35:29#result:RESULT>OK^RESULT_CODE>000^3DSECURE>SKIPPED^RRN>302013120186^APPROVAL_CODE>743168^CARD_NUMBER>999999*********5499^AMOUNT>722000^CARDNAME>mb account^DESCRIPTION>6BBM2007132^TRANS_DATE>2023-01-20 07:35:26 PM
2023.1.20 13:35:29#37194520013529
2023.1.20 13:35:29#37194520013529
2023.1.20 13:35:29#37194520013529
2023.1.20 13:35:29#37194520013529
2023.1.20 13:35:29#=================== Transaction Completed =======================
2023.1.20 14:03:00#=================== Start New Transaction ===================
2023.1.20 14:03:00#txnrefnum:MBM2005126
2023.1.20 14:03:00#clientIp:223.29.215.25
2023.1.20 14:03:00#card type:6
2023.1.20 14:03:00#totalamount:202000
2023.1.20 14:03:03#result:TRANSACTION_ID:NtC6Hqd7HedqittWtoPUs1mUEiM=
2023.1.20 14:03:03#Forward to DBBL Payment Gateway Page: https://ecom1.dutchbanglabank.com/ecomm2/ClientHandler?card_type=6&trans_id=NtC6Hqd7HedqittWtoPUs1mUEiM%3D
2023.1.20 14:36:05#=================== Start New Transaction ===================
2023.1.20 14:36:05#txnrefnum:BBM2002032
2023.1.20 14:36:05#clientIp:157.119.238.10
2023.1.20 14:36:05#card type:6
2023.1.20 14:36:05#totalamount:722000
2023.1.20 14:36:08#result:TRANSACTION_ID:aWLB1BSbv7By2x4mKqdjBW6inKM=
2023.1.20 14:36:08#Forward to DBBL Payment Gateway Page: https://ecom1.dutchbanglabank.com/ecomm2/ClientHandler?card_type=6&trans_id=aWLB1BSbv7By2x4mKqdjBW6inKM%3D
2023.1.20 14:38:18#---------------------- Complete New Transaction---------------------
2023.1.20 14:38:18#Get trans_id From Post Value:aWLB1BSbv7By2x4mKqdjBW6inKM=
2023.1.20 14:38:18#clientIp:157.119.238.10
2023.1.20 14:38:18#trans_id:aWLB1BSbv7By2x4mKqdjBW6inKM=
2023.1.20 14:38:20#result:RESULT>OK^RESULT_CODE>000^3DSECURE>SKIPPED^RRN>302014123653^APPROVAL_CODE>056436^CARD_NUMBER>999999*********2298^AMOUNT>722000^CARDNAME>mb account^DESCRIPTION>6BBM2002032^TRANS_DATE>2023-01-20 08:38:17 PM
2023.1.20 14:38:20#36617720023820
2023.1.20 14:38:20#36617720023820
2023.1.20 14:38:20#36617720023820
2023.1.20 14:38:20#36617720023820
2023.1.20 14:38:20#=================== Transaction Completed =======================
2023.1.20 15:28:36#=================== Start New Transaction ===================
2023.1.20 15:28:36#txnrefnum:BBD2206242
2023.1.20 15:28:36#clientIp:103.138.120.154
2023.1.20 15:28:36#card type:6
2023.1.20 15:28:36#totalamount:722000
2023.1.20 15:28:39#result:TRANSACTION_ID:ZFsgh2G7PSjR6PqdNIdC8HNhvqU=
2023.1.20 15:28:39#Forward to DBBL Payment Gateway Page: https://ecom1.dutchbanglabank.com/ecomm2/ClientHandler?card_type=6&trans_id=ZFsgh2G7PSjR6PqdNIdC8HNhvqU%3D
2023.1.20 15:29:10#---------------------- Complete New Transaction---------------------
2023.1.20 15:29:10#Get trans_id From Post Value:ZFsgh2G7PSjR6PqdNIdC8HNhvqU=
2023.1.20 15:29:10#clientIp:103.138.120.154
2023.1.20 15:29:10#trans_id:ZFsgh2G7PSjR6PqdNIdC8HNhvqU=
2023.1.20 15:29:11#result:RESULT>OK^RESULT_CODE>000^3DSECURE>SKIPPED^RRN>302015126402^APPROVAL_CODE>230387^CARD_NUMBER>999999*********8889^AMOUNT>722000^CARDNAME>mb account^DESCRIPTION>6BBD2206242^TRANS_DATE>2023-01-20 09:29:09 PM
2023.1.20 15:29:11#51546420032911
2023.1.20 15:29:12#51546420032911
2023.1.20 15:29:12#51546420032911
2023.1.20 15:29:12#51546420032911
2023.1.20 15:29:12#=================== Transaction Completed =======================
2023.1.20 19:55:18#=================== Start New Transaction ===================
2023.1.20 19:55:18#txnrefnum:MSC22111376
2023.1.20 19:55:18#clientIp:103.134.170.33
2023.1.20 19:55:18#card type:6
2023.1.20 19:55:18#totalamount:262000
2023.1.20 19:55:20#=================== Start New Transaction ===================
2023.1.20 19:55:20#txnrefnum:MSC22111376
2023.1.20 19:55:20#clientIp:103.134.170.33
2023.1.20 19:55:20#card type:6
2023.1.20 19:55:20#totalamount:262000
2023.1.20 19:55:25#result:TRANSACTION_ID:hMivufwhDhQy7yYR8aiho2rBp8g=
2023.1.20 19:55:25#Forward to DBBL Payment Gateway Page: https://ecom1.dutchbanglabank.com/ecomm2/ClientHandler?card_type=6&trans_id=hMivufwhDhQy7yYR8aiho2rBp8g%3D
2023.1.20 19:55:25#=================== Start New Transaction ===================
2023.1.20 19:55:25#txnrefnum:MSC22111376
2023.1.20 19:55:25#clientIp:103.134.170.33
2023.1.20 19:55:25#card type:6
2023.1.20 19:55:25#totalamount:262000
2023.1.20 19:55:28#result:TRANSACTION_ID:IpSfmZ519fupzb76NsySyslxkfw=
2023.1.20 19:55:28#Forward to DBBL Payment Gateway Page: https://ecom1.dutchbanglabank.com/ecomm2/ClientHandler?card_type=6&trans_id=IpSfmZ519fupzb76NsySyslxkfw%3D
2023.1.20 19:55:30#result:TRANSACTION_ID:jol1HTq5Ku55Bwr2yVedeqE3Y58=
2023.1.20 19:55:31#Forward to DBBL Payment Gateway Page: https://ecom1.dutchbanglabank.com/ecomm2/ClientHandler?card_type=6&trans_id=jol1HTq5Ku55Bwr2yVedeqE3Y58%3D
2023.1.20 19:56:04#---------------------- Complete New Transaction---------------------
2023.1.20 19:56:04#Get trans_id From Post Value:IpSfmZ519fupzb76NsySyslxkfw=
2023.1.20 19:56:04#clientIp:103.134.170.35
2023.1.20 19:56:04#trans_id:IpSfmZ519fupzb76NsySyslxkfw=
2023.1.20 19:56:06#result:RESULT>OK^RESULT_CODE>000^3DSECURE>SKIPPED^RRN>302019133596^APPROVAL_CODE>613297^CARD_NUMBER>999999*********3969^AMOUNT>262000^CARDNAME>mb account^DESCRIPTION>6MSC22111376^TRANS_DATE>2023-01-21 01:56:03 AM
2023.1.20 19:56:06#34005820075606
2023.1.20 19:56:06#34005820075606
2023.1.20 19:56:06#34005820075606
2023.1.20 19:56:06#34005820075606
2023.1.20 19:56:06#=================== Transaction Completed =======================
2023.1.20 21:11:16#=================== Start New Transaction ===================
2023.1.20 21:11:16#txnrefnum:MSC22111361
2023.1.20 21:11:16#clientIp:103.121.107.51
2023.1.20 21:11:16#card type:6
2023.1.20 21:11:16#totalamount:302000
2023.1.20 21:11:19#result:TRANSACTION_ID:LnddMjpM5MH7Uu5SXA2xj0BV7nU=
2023.1.20 21:11:19#Forward to DBBL Payment Gateway Page: https://ecom1.dutchbanglabank.com/ecomm2/ClientHandler?card_type=6&trans_id=LnddMjpM5MH7Uu5SXA2xj0BV7nU%3D