
2022.6.20 00:53:55#=================== Start New Transaction ===================
2022.6.20 00:53:55#txnrefnum:MBM2001084
2022.6.20 00:53:55#clientIp:37.111.201.80
2022.6.20 00:53:55#card type:6
2022.6.20 00:53:55#totalamount:222000
2022.6.20 00:53:59#result:TRANSACTION_ID:RXbHofxxtogfsR5rg4WPYTIdr6U=
2022.6.20 00:53:59#Forward to DBBL Payment Gateway Page: https://ecom1.dutchbanglabank.com/ecomm2/ClientHandler?card_type=6&trans_id=RXbHofxxtogfsR5rg4WPYTIdr6U%3D
2022.6.20 00:54:23#---------------------- Complete New Transaction---------------------
2022.6.20 00:54:23#Get trans_id From Post Value:RXbHofxxtogfsR5rg4WPYTIdr6U=
2022.6.20 00:54:23#clientIp:37.111.201.80
2022.6.20 00:54:23#trans_id:RXbHofxxtogfsR5rg4WPYTIdr6U=
2022.6.20 00:54:25#result:RESULT>OK^RESULT_CODE>000^3DSECURE>SKIPPED^RRN>217100635174^APPROVAL_CODE>580964^CARD_NUMBER>999999*********1168^AMOUNT>222000^CARDNAME>mb account^DESCRIPTION>6MBM2001084^TRANS_DATE>2022-06-20 06:54:22 AM
2022.6.20 00:54:25#10033820125425
2022.6.20 00:54:25#10033820125425
2022.6.20 00:54:25#10033820125425
2022.6.20 00:54:25#=================== Transaction Completed =======================
2022.6.20 01:15:28#=================== Start New Transaction ===================
2022.6.20 01:15:28#txnrefnum:MBM2201380
2022.6.20 01:15:28#clientIp:37.111.201.80
2022.6.20 01:15:28#card type:6
2022.6.20 01:15:28#totalamount:382000
2022.6.20 01:15:32#result:TRANSACTION_ID:RmVnvR2WcSxL0Y1uMp3SCE14bWI=
2022.6.20 01:15:32#Forward to DBBL Payment Gateway Page: https://ecom1.dutchbanglabank.com/ecomm2/ClientHandler?card_type=6&trans_id=RmVnvR2WcSxL0Y1uMp3SCE14bWI%3D
2022.6.20 01:15:56#---------------------- Complete New Transaction---------------------
2022.6.20 01:15:56#Get trans_id From Post Value:RmVnvR2WcSxL0Y1uMp3SCE14bWI=
2022.6.20 01:15:56#clientIp:37.111.201.80
2022.6.20 01:15:56#trans_id:RmVnvR2WcSxL0Y1uMp3SCE14bWI=
2022.6.20 01:15:58#result:RESULT>OK^RESULT_CODE>000^3DSECURE>SKIPPED^RRN>217101635560^APPROVAL_CODE>639332^CARD_NUMBER>999999*********1168^AMOUNT>382000^CARDNAME>mb account^DESCRIPTION>6MBM2201380^TRANS_DATE>2022-06-20 07:15:55 AM
2022.6.20 01:15:58#6068520011558
2022.6.20 01:15:58#6068520011558
2022.6.20 01:15:58#6068520011558
2022.6.20 01:15:58#6068520011558
2022.6.20 01:15:58#6068520011558
2022.6.20 01:15:58#=================== Transaction Completed =======================
2022.6.20 01:17:52#=================== Start New Transaction ===================
2022.6.20 01:17:52#txnrefnum:MBM2004133
2022.6.20 01:17:52#clientIp:37.111.201.80
2022.6.20 01:17:52#card type:6
2022.6.20 01:17:52#totalamount:162000
2022.6.20 01:17:56#result:TRANSACTION_ID:54y8mP2aLLTDS9ES3c0IPV4dVls=
2022.6.20 01:17:56#Forward to DBBL Payment Gateway Page: https://ecom1.dutchbanglabank.com/ecomm2/ClientHandler?card_type=6&trans_id=54y8mP2aLLTDS9ES3c0IPV4dVls%3D
2022.6.20 01:18:24#---------------------- Complete New Transaction---------------------
2022.6.20 01:18:24#Get trans_id From Post Value:54y8mP2aLLTDS9ES3c0IPV4dVls=
2022.6.20 01:18:24#clientIp:37.111.201.80
2022.6.20 01:18:24#trans_id:54y8mP2aLLTDS9ES3c0IPV4dVls=
2022.6.20 01:18:27#result:RESULT>OK^RESULT_CODE>000^3DSECURE>SKIPPED^RRN>217101635614^APPROVAL_CODE>614087^CARD_NUMBER>999999*********1168^AMOUNT>162000^CARDNAME>mb account^DESCRIPTION>6MBM2004133^TRANS_DATE>2022-06-20 07:18:24 AM
2022.6.20 01:18:27#14522520011827
2022.6.20 01:18:27#14522520011827
2022.6.20 01:18:27#=================== Transaction Completed =======================
2022.6.20 01:22:58#=================== Start New Transaction ===================
2022.6.20 01:22:58#txnrefnum:MSC22111020
2022.6.20 01:22:58#clientIp:37.111.201.80
2022.6.20 01:22:58#card type:6
2022.6.20 01:22:58#totalamount:422000
2022.6.20 01:23:02#result:TRANSACTION_ID:4qfyExw2Pbi7f6BSyloG87D7usg=
2022.6.20 01:23:02#Forward to DBBL Payment Gateway Page: https://ecom1.dutchbanglabank.com/ecomm2/ClientHandler?card_type=6&trans_id=4qfyExw2Pbi7f6BSyloG87D7usg%3D
2022.6.20 01:23:43#---------------------- Complete New Transaction---------------------
2022.6.20 01:23:43#Get trans_id From Post Value:4qfyExw2Pbi7f6BSyloG87D7usg=
2022.6.20 01:23:43#clientIp:37.111.201.80
2022.6.20 01:23:43#trans_id:4qfyExw2Pbi7f6BSyloG87D7usg=
2022.6.20 01:23:45#result:RESULT>OK^RESULT_CODE>000^3DSECURE>SKIPPED^RRN>217101635726^APPROVAL_CODE>643368^CARD_NUMBER>999999*********1168^AMOUNT>422000^CARDNAME>mb account^DESCRIPTION>6MSC22111020^TRANS_DATE>2022-06-20 07:23:41 AM
2022.6.20 01:23:45#160420012345
2022.6.20 01:23:45#160420012345
2022.6.20 01:23:45#160420012345
2022.6.20 01:23:45#=================== Transaction Completed =======================
2022.6.20 01:24:55#=================== Start New Transaction ===================
2022.6.20 01:24:55#txnrefnum:MSC22111004
2022.6.20 01:24:55#clientIp:37.111.201.80
2022.6.20 01:24:55#card type:6
2022.6.20 01:24:55#totalamount:422000
2022.6.20 01:24:59#result:TRANSACTION_ID:lz5Sa4sT8oOSN83OXby8LlGJ3MQ=
2022.6.20 01:24:59#Forward to DBBL Payment Gateway Page: https://ecom1.dutchbanglabank.com/ecomm2/ClientHandler?card_type=6&trans_id=lz5Sa4sT8oOSN83OXby8LlGJ3MQ%3D
2022.6.20 01:25:36#---------------------- Complete New Transaction---------------------
2022.6.20 01:25:36#Get trans_id From Post Value:lz5Sa4sT8oOSN83OXby8LlGJ3MQ=
2022.6.20 01:25:36#clientIp:37.111.201.80
2022.6.20 01:25:36#trans_id:lz5Sa4sT8oOSN83OXby8LlGJ3MQ=
2022.6.20 01:25:38#result:RESULT>OK^RESULT_CODE>000^3DSECURE>SKIPPED^RRN>217101635771^APPROVAL_CODE>644411^CARD_NUMBER>999999*********1168^AMOUNT>422000^CARDNAME>mb account^DESCRIPTION>6MSC22111004^TRANS_DATE>2022-06-20 07:25:35 AM
2022.6.20 01:25:38#248020012538
2022.6.20 01:25:38#248020012538
2022.6.20 01:25:38#248020012538
2022.6.20 01:25:38#=================== Transaction Completed =======================
2022.6.20 01:41:25#=================== Start New Transaction ===================
2022.6.20 01:41:25#txnrefnum:MSC22110513
2022.6.20 01:41:25#clientIp:37.111.201.80
2022.6.20 01:41:25#card type:6
2022.6.20 01:41:25#totalamount:102000
2022.6.20 01:41:29#result:TRANSACTION_ID:3zOZx5bFu3M3hmoeL5fHg2Bi4lI=
2022.6.20 01:41:29#Forward to DBBL Payment Gateway Page: https://ecom1.dutchbanglabank.com/ecomm2/ClientHandler?card_type=6&trans_id=3zOZx5bFu3M3hmoeL5fHg2Bi4lI%3D
2022.6.20 01:41:47#---------------------- Complete New Transaction---------------------
2022.6.20 01:41:47#Get trans_id From Post Value:3zOZx5bFu3M3hmoeL5fHg2Bi4lI=
2022.6.20 01:41:47#clientIp:37.111.201.80
2022.6.20 01:41:47#trans_id:3zOZx5bFu3M3hmoeL5fHg2Bi4lI=
2022.6.20 01:41:49#result:RESULT>OK^RESULT_CODE>000^3DSECURE>SKIPPED^RRN>217101636111^APPROVAL_CODE>621602^CARD_NUMBER>999999*********1168^AMOUNT>102000^CARDNAME>mb account^DESCRIPTION>6MSC22110513^TRANS_DATE>2022-06-20 07:41:45 AM
2022.6.20 01:41:49#32052520014149
2022.6.20 01:41:49#=================== Transaction Completed =======================
2022.6.20 02:09:01#=================== Start New Transaction ===================
2022.6.20 02:09:01#txnrefnum:MEB2101043
2022.6.20 02:09:01#clientIp:202.134.10.141
2022.6.20 02:09:01#card type:6
2022.6.20 02:09:01#totalamount:1212000
2022.6.20 02:09:06#result:TRANSACTION_ID:ql3QQFk4xTEQChQR408j6eqYGV8=
2022.6.20 02:09:06#Forward to DBBL Payment Gateway Page: https://ecom1.dutchbanglabank.com/ecomm2/ClientHandler?card_type=6&trans_id=ql3QQFk4xTEQChQR408j6eqYGV8%3D
2022.6.20 02:11:24#---------------------- Complete New Transaction---------------------
2022.6.20 02:11:24#Get trans_id From Post Value:ql3QQFk4xTEQChQR408j6eqYGV8=
2022.6.20 02:11:24#clientIp:202.134.10.141
2022.6.20 02:11:24#trans_id:ql3QQFk4xTEQChQR408j6eqYGV8=
2022.6.20 02:11:26#result:RESULT>OK^RESULT_CODE>000^3DSECURE>SKIPPED^RRN>217102636856^APPROVAL_CODE>635409^CARD_NUMBER>999999*********7532^AMOUNT>1212000^CARDNAME>mb account^DESCRIPTION>6MEB2101043^TRANS_DATE>2022-06-20 08:11:22 AM
2022.6.20 02:11:26#27715820021126
2022.6.20 02:11:26#=================== Transaction Completed =======================
2022.6.20 02:26:42#=================== Start New Transaction ===================
2022.6.20 02:26:42#txnrefnum:MSC21111057
2022.6.20 02:26:42#clientIp:202.134.14.146
2022.6.20 02:26:42#card type:6
2022.6.20 02:26:42#totalamount:2225000
2022.6.20 02:26:46#result:TRANSACTION_ID:i1oFKkXT54SaPc4cqF9OPxrxa1U=
2022.6.20 02:26:46#Forward to DBBL Payment Gateway Page: https://ecom1.dutchbanglabank.com/ecomm2/ClientHandler?card_type=6&trans_id=i1oFKkXT54SaPc4cqF9OPxrxa1U%3D
2022.6.20 02:27:31#---------------------- Complete New Transaction---------------------
2022.6.20 02:27:31#Get trans_id From Post Value:i1oFKkXT54SaPc4cqF9OPxrxa1U=
2022.6.20 02:27:31#clientIp:202.134.14.146
2022.6.20 02:27:31#trans_id:i1oFKkXT54SaPc4cqF9OPxrxa1U=
2022.6.20 02:27:33#result:RESULT>OK^RESULT_CODE>000^3DSECURE>SKIPPED^RRN>217102637288^APPROVAL_CODE>697098^CARD_NUMBER>999999*********8527^AMOUNT>2225000^CARDNAME>mb account^DESCRIPTION>6MSC21111057^TRANS_DATE>2022-06-20 08:27:30 AM
2022.6.20 02:27:33#559720022733
2022.6.20 02:27:33#559720022733
2022.6.20 02:27:33#559720022733
2022.6.20 02:27:33#559720022733
2022.6.20 02:27:33#559720022733
2022.6.20 02:27:33#559720022733
2022.6.20 02:27:33#559720022733
2022.6.20 02:27:33#559720022733
2022.6.20 02:27:33#559720022733
2022.6.20 02:27:33#559720022733
2022.6.20 02:27:33#559720022733
2022.6.20 02:27:33#559720022733
2022.6.20 02:27:33#559720022733
2022.6.20 02:27:33#559720022733
2022.6.20 02:27:33#=================== Transaction Completed =======================
2022.6.20 03:03:27#=================== Start New Transaction ===================
2022.6.20 03:03:27#txnrefnum:MSC21110045
2022.6.20 03:03:27#clientIp:37.111.201.80
2022.6.20 03:03:27#card type:6
2022.6.20 03:03:27#totalamount:1543000
2022.6.20 03:03:31#result:TRANSACTION_ID:YVAPPhcadVvenJcGz2DmFwPCLtw=
2022.6.20 03:03:31#Forward to DBBL Payment Gateway Page: https://ecom1.dutchbanglabank.com/ecomm2/ClientHandler?card_type=6&trans_id=YVAPPhcadVvenJcGz2DmFwPCLtw%3D
2022.6.20 04:00:55#=================== Start New Transaction ===================
2022.6.20 04:00:55#txnrefnum:MSC21111208
2022.6.20 04:00:55#clientIp:27.54.148.174
2022.6.20 04:00:55#card type:6
2022.6.20 04:00:55#totalamount:725000
2022.6.20 04:00:59#result:TRANSACTION_ID:6Pm1wCnOxiDVn1BEjN0zd6Cl4EY=
2022.6.20 04:00:59#Forward to DBBL Payment Gateway Page: https://ecom1.dutchbanglabank.com/ecomm2/ClientHandler?card_type=6&trans_id=6Pm1wCnOxiDVn1BEjN0zd6Cl4EY%3D
2022.6.20 04:02:24#---------------------- Complete New Transaction---------------------
2022.6.20 04:02:24#Get trans_id From Post Value:6Pm1wCnOxiDVn1BEjN0zd6Cl4EY=
2022.6.20 04:02:24#clientIp:27.54.148.174
2022.6.20 04:02:24#trans_id:6Pm1wCnOxiDVn1BEjN0zd6Cl4EY=
2022.6.20 04:02:27#result:RESULT>OK^RESULT_CODE>000^3DSECURE>SKIPPED^RRN>217104641461^APPROVAL_CODE>921822^CARD_NUMBER>999999*********5087^AMOUNT>725000^CARDNAME>mb account^DESCRIPTION>6MSC21111208^TRANS_DATE>2022-06-20 10:02:22 AM
2022.6.20 04:02:27#741820040227
2022.6.20 04:02:27#741820040227
2022.6.20 04:02:27#741820040227
2022.6.20 04:02:27#741820040227
2022.6.20 04:02:27#=================== Transaction Completed =======================
2022.6.20 04:19:27#=================== Start New Transaction ===================
2022.6.20 04:19:27#txnrefnum:MSC21110049
2022.6.20 04:19:27#clientIp:37.111.201.80
2022.6.20 04:19:27#card type:6
2022.6.20 04:19:27#totalamount:1703000
2022.6.20 04:19:31#result:TRANSACTION_ID:aZn0UDFP5Ki3cfwpJOyAOt4IkqI=
2022.6.20 04:19:31#Forward to DBBL Payment Gateway Page: https://ecom1.dutchbanglabank.com/ecomm2/ClientHandler?card_type=6&trans_id=aZn0UDFP5Ki3cfwpJOyAOt4IkqI%3D
2022.6.20 04:20:17#---------------------- Complete New Transaction---------------------
2022.6.20 04:20:17#Get trans_id From Post Value:aZn0UDFP5Ki3cfwpJOyAOt4IkqI=
2022.6.20 04:20:17#clientIp:37.111.201.80
2022.6.20 04:20:17#trans_id:aZn0UDFP5Ki3cfwpJOyAOt4IkqI=
2022.6.20 04:20:19#result:RESULT>OK^RESULT_CODE>000^3DSECURE>SKIPPED^RRN>217104642656^APPROVAL_CODE>996444^CARD_NUMBER>999999*********1168^AMOUNT>1703000^CARDNAME>mb account^DESCRIPTION>6MSC21110049^TRANS_DATE>2022-06-20 10:20:16 AM
2022.6.20 04:20:19#447220042019
2022.6.20 04:20:19#447220042019
2022.6.20 04:20:19#447220042019
2022.6.20 04:20:19#447220042019
2022.6.20 04:20:19#447220042019
2022.6.20 04:20:19#447220042019
2022.6.20 04:20:19#447220042019
2022.6.20 04:20:19#447220042019
2022.6.20 04:20:19#447220042019
2022.6.20 04:20:19#447220042019
2022.6.20 04:20:19#447220042019
2022.6.20 04:20:19#=================== Transaction Completed =======================
2022.6.20 04:40:43#=================== Start New Transaction ===================
2022.6.20 04:40:43#txnrefnum:MSC21110521
2022.6.20 04:40:43#clientIp:42.0.7.231
2022.6.20 04:40:43#card type:6
2022.6.20 04:40:43#totalamount:1643000
2022.6.20 04:40:50#result:TRANSACTION_ID:I5MW1RKw5BdislOjZDtASFuluQc=
2022.6.20 04:40:50#Forward to DBBL Payment Gateway Page: https://ecom1.dutchbanglabank.com/ecomm2/ClientHandler?card_type=6&trans_id=I5MW1RKw5BdislOjZDtASFuluQc%3D
2022.6.20 04:47:12#=================== Start New Transaction ===================
2022.6.20 04:47:12#txnrefnum:MSC21111321
2022.6.20 04:47:12#clientIp:123.253.65.225
2022.6.20 04:47:12#card type:6
2022.6.20 04:47:12#totalamount:1685000
2022.6.20 04:47:14#=================== Start New Transaction ===================
2022.6.20 04:47:14#txnrefnum:MSC21111321
2022.6.20 04:47:14#clientIp:123.253.65.225
2022.6.20 04:47:14#card type:6
2022.6.20 04:47:14#totalamount:1685000
2022.6.20 04:47:17#result:TRANSACTION_ID:BeMxOr2TPkbdIHZg5SqxNarUCfM=
2022.6.20 04:47:17#Forward to DBBL Payment Gateway Page: https://ecom1.dutchbanglabank.com/ecomm2/ClientHandler?card_type=6&trans_id=BeMxOr2TPkbdIHZg5SqxNarUCfM%3D
2022.6.20 04:47:17#=================== Start New Transaction ===================
2022.6.20 04:47:17#txnrefnum:MSC21111321
2022.6.20 04:47:17#clientIp:123.253.65.225
2022.6.20 04:47:17#card type:6
2022.6.20 04:47:17#totalamount:1685000
2022.6.20 04:47:19#result:TRANSACTION_ID:PJ5lGgqOJGl83aQL2p67yPyzNrY=
2022.6.20 04:47:19#Forward to DBBL Payment Gateway Page: https://ecom1.dutchbanglabank.com/ecomm2/ClientHandler?card_type=6&trans_id=PJ5lGgqOJGl83aQL2p67yPyzNrY%3D
2022.6.20 04:47:19#=================== Start New Transaction ===================
2022.6.20 04:47:19#txnrefnum:MSC21111321
2022.6.20 04:47:19#clientIp:123.253.65.225
2022.6.20 04:47:19#card type:6
2022.6.20 04:47:19#totalamount:1685000
2022.6.20 04:47:21#result:TRANSACTION_ID:YBkoIuAFpjCm6cPSvGbDStZZfCY=
2022.6.20 04:47:22#Forward to DBBL Payment Gateway Page: https://ecom1.dutchbanglabank.com/ecomm2/ClientHandler?card_type=6&trans_id=YBkoIuAFpjCm6cPSvGbDStZZfCY%3D
2022.6.20 04:47:22#=================== Start New Transaction ===================
2022.6.20 04:47:22#txnrefnum:MSC21111321
2022.6.20 04:47:22#clientIp:123.253.65.225
2022.6.20 04:47:22#card type:6
2022.6.20 04:47:22#totalamount:1685000
2022.6.20 04:47:23#result:TRANSACTION_ID:sPmzbPi5yBkaQqX5Vq84DE0Il1k=
2022.6.20 04:47:23#Forward to DBBL Payment Gateway Page: https://ecom1.dutchbanglabank.com/ecomm2/ClientHandler?card_type=6&trans_id=sPmzbPi5yBkaQqX5Vq84DE0Il1k%3D
2022.6.20 04:47:23#=================== Start New Transaction ===================
2022.6.20 04:47:23#txnrefnum:MSC21111321
2022.6.20 04:47:23#clientIp:123.253.65.225
2022.6.20 04:47:23#card type:6
2022.6.20 04:47:23#totalamount:1685000
2022.6.20 04:47:26#result:TRANSACTION_ID:P84GiEnMxb8mayUG6wgOCoxYSDk=
2022.6.20 04:47:26#Forward to DBBL Payment Gateway Page: https://ecom1.dutchbanglabank.com/ecomm2/ClientHandler?card_type=6&trans_id=P84GiEnMxb8mayUG6wgOCoxYSDk%3D
2022.6.20 04:47:26#=================== Start New Transaction ===================
2022.6.20 04:47:26#txnrefnum:MSC21111321
2022.6.20 04:47:26#clientIp:123.253.65.225
2022.6.20 04:47:26#card type:6
2022.6.20 04:47:26#totalamount:1685000
2022.6.20 04:47:29#result:TRANSACTION_ID:m3imp3CyBHmNOSdZk127b91dPkY=
2022.6.20 04:47:29#Forward to DBBL Payment Gateway Page: https://ecom1.dutchbanglabank.com/ecomm2/ClientHandler?card_type=6&trans_id=m3imp3CyBHmNOSdZk127b91dPkY%3D
2022.6.20 04:47:29#=================== Start New Transaction ===================
2022.6.20 04:47:29#txnrefnum:MSC21111321
2022.6.20 04:47:29#clientIp:123.253.65.225
2022.6.20 04:47:29#card type:6
2022.6.20 04:47:29#totalamount:1685000
2022.6.20 04:47:31#result:TRANSACTION_ID:aM3nSKa0rbbmLttB1PFeEDPfBwE=
2022.6.20 04:47:31#Forward to DBBL Payment Gateway Page: https://ecom1.dutchbanglabank.com/ecomm2/ClientHandler?card_type=6&trans_id=aM3nSKa0rbbmLttB1PFeEDPfBwE%3D
2022.6.20 04:47:31#=================== Start New Transaction ===================
2022.6.20 04:47:31#txnrefnum:MSC21111321
2022.6.20 04:47:31#clientIp:123.253.65.225
2022.6.20 04:47:31#card type:6
2022.6.20 04:47:31#totalamount:1685000
2022.6.20 04:47:33#result:TRANSACTION_ID:6xg7RcJJ5CFFCGGyT0tZMQPS3M0=
2022.6.20 04:47:33#Forward to DBBL Payment Gateway Page: https://ecom1.dutchbanglabank.com/ecomm2/ClientHandler?card_type=6&trans_id=6xg7RcJJ5CFFCGGyT0tZMQPS3M0%3D
2022.6.20 04:47:33#=================== Start New Transaction ===================
2022.6.20 04:47:33#txnrefnum:MSC21111321
2022.6.20 04:47:33#clientIp:123.253.65.225
2022.6.20 04:47:33#card type:6
2022.6.20 04:47:33#totalamount:1685000
2022.6.20 04:47:35#result:TRANSACTION_ID:qzl3iMBq7V1OR6fvsScxVBxKys8=
2022.6.20 04:47:35#Forward to DBBL Payment Gateway Page: https://ecom1.dutchbanglabank.com/ecomm2/ClientHandler?card_type=6&trans_id=qzl3iMBq7V1OR6fvsScxVBxKys8%3D
2022.6.20 04:47:35#=================== Start New Transaction ===================
2022.6.20 04:47:35#txnrefnum:MSC21111321
2022.6.20 04:47:35#clientIp:123.253.65.225
2022.6.20 04:47:35#card type:6
2022.6.20 04:47:35#totalamount:1685000
2022.6.20 04:47:37#result:TRANSACTION_ID:7d9FWKjODio7pbIyMS3JPFEKuEU=
2022.6.20 04:47:38#Forward to DBBL Payment Gateway Page: https://ecom1.dutchbanglabank.com/ecomm2/ClientHandler?card_type=6&trans_id=7d9FWKjODio7pbIyMS3JPFEKuEU%3D
2022.6.20 04:47:38#=================== Start New Transaction ===================
2022.6.20 04:47:38#txnrefnum:MSC21111321
2022.6.20 04:47:38#clientIp:123.253.65.225
2022.6.20 04:47:38#card type:6
2022.6.20 04:47:38#totalamount:1685000
2022.6.20 04:47:39#result:TRANSACTION_ID:zoOzudbOE3bewlP4oGYXx4TStoA=
2022.6.20 04:47:39#Forward to DBBL Payment Gateway Page: https://ecom1.dutchbanglabank.com/ecomm2/ClientHandler?card_type=6&trans_id=zoOzudbOE3bewlP4oGYXx4TStoA%3D
2022.6.20 04:47:43#result:TRANSACTION_ID:ogLNx1x6hw0NKmVxrvhnLGqcfSs=
2022.6.20 04:47:43#Forward to DBBL Payment Gateway Page: https://ecom1.dutchbanglabank.com/ecomm2/ClientHandler?card_type=6&trans_id=ogLNx1x6hw0NKmVxrvhnLGqcfSs%3D
2022.6.20 04:48:58#=================== Start New Transaction ===================
2022.6.20 04:48:58#txnrefnum:MSC21111321
2022.6.20 04:48:58#clientIp:123.253.65.225
2022.6.20 04:48:58#card type:6
2022.6.20 04:48:58#totalamount:1685000
2022.6.20 04:49:03#result:TRANSACTION_ID:MNSjY0XPAko8F98DqpGHq4MhVDk=
2022.6.20 04:49:03#Forward to DBBL Payment Gateway Page: https://ecom1.dutchbanglabank.com/ecomm2/ClientHandler?card_type=6&trans_id=MNSjY0XPAko8F98DqpGHq4MhVDk%3D
2022.6.20 04:49:39#=================== Start New Transaction ===================
2022.6.20 04:49:39#txnrefnum:MSC21111321
2022.6.20 04:49:39#clientIp:123.253.65.225
2022.6.20 04:49:39#card type:6
2022.6.20 04:49:39#totalamount:1685000
2022.6.20 04:49:43#result:TRANSACTION_ID:r3scRuFqbhX3psS1fudZH9Kaeqc=
2022.6.20 04:49:43#Forward to DBBL Payment Gateway Page: https://ecom1.dutchbanglabank.com/ecomm2/ClientHandler?card_type=6&trans_id=r3scRuFqbhX3psS1fudZH9Kaeqc%3D
2022.6.20 04:53:30#=================== Start New Transaction ===================
2022.6.20 04:53:30#txnrefnum:MSC21111321
2022.6.20 04:53:30#clientIp:123.253.65.225
2022.6.20 04:53:30#card type:6
2022.6.20 04:53:30#totalamount:1685000
2022.6.20 04:53:37#result:TRANSACTION_ID:hwcydiiTqGuueYy8lkwAXBo8vQs=
2022.6.20 04:53:37#Forward to DBBL Payment Gateway Page: https://ecom1.dutchbanglabank.com/ecomm2/ClientHandler?card_type=6&trans_id=hwcydiiTqGuueYy8lkwAXBo8vQs%3D
2022.6.20 05:23:50#=================== Start New Transaction ===================
2022.6.20 05:23:50#txnrefnum:MSC22111258
2022.6.20 05:23:50#clientIp:37.111.201.80
2022.6.20 05:23:50#card type:6
2022.6.20 05:23:50#totalamount:102000
2022.6.20 05:23:55#result:TRANSACTION_ID:tOLvxdwXIJjH06684rnjF6qGKSc=
2022.6.20 05:23:55#Forward to DBBL Payment Gateway Page: https://ecom1.dutchbanglabank.com/ecomm2/ClientHandler?card_type=6&trans_id=tOLvxdwXIJjH06684rnjF6qGKSc%3D
2022.6.20 05:24:30#---------------------- Complete New Transaction---------------------
2022.6.20 05:24:30#Get trans_id From Post Value:tOLvxdwXIJjH06684rnjF6qGKSc=
2022.6.20 05:24:33#clientIp:37.111.201.80
2022.6.20 05:24:33#trans_id:tOLvxdwXIJjH06684rnjF6qGKSc=
2022.6.20 05:24:35#result:RESULT>OK^RESULT_CODE>000^3DSECURE>SKIPPED^RRN>217105647754^APPROVAL_CODE>259967^CARD_NUMBER>999999*********1168^AMOUNT>102000^CARDNAME>mb account^DESCRIPTION>6MSC22111258^TRANS_DATE>2022-06-20 11:24:29 AM
2022.6.20 05:24:35#32073020052435
2022.6.20 05:24:35#=================== Transaction Completed =======================
2022.6.20 05:24:53#=================== Start New Transaction ===================
2022.6.20 05:24:53#txnrefnum:BBM2003117
2022.6.20 05:24:53#clientIp:119.30.47.254
2022.6.20 05:24:53#card type:6
2022.6.20 05:24:53#totalamount:142000
2022.6.20 05:25:00#result:TRANSACTION_ID:Su9nrhEuoornRhw6t6tgFSzWxOQ=
2022.6.20 05:25:00#Forward to DBBL Payment Gateway Page: https://ecom1.dutchbanglabank.com/ecomm2/ClientHandler?card_type=6&trans_id=Su9nrhEuoornRhw6t6tgFSzWxOQ%3D
2022.6.20 05:25:44#=================== Start New Transaction ===================
2022.6.20 05:25:44#txnrefnum:BBM2002094
2022.6.20 05:25:44#clientIp:119.30.47.254
2022.6.20 05:25:44#card type:6
2022.6.20 05:25:44#totalamount:62000
2022.6.20 05:25:50#result:TRANSACTION_ID:KAxuDi34wBbhWNzYbbI29BS2MAE=
2022.6.20 05:25:50#Forward to DBBL Payment Gateway Page: https://ecom1.dutchbanglabank.com/ecomm2/ClientHandler?card_type=6&trans_id=KAxuDi34wBbhWNzYbbI29BS2MAE%3D
2022.6.20 05:26:17#---------------------- Complete New Transaction---------------------
2022.6.20 05:26:17#Get trans_id From Post Value:KAxuDi34wBbhWNzYbbI29BS2MAE=
2022.6.20 05:26:17#clientIp:119.30.47.254
2022.6.20 05:26:17#trans_id:KAxuDi34wBbhWNzYbbI29BS2MAE=
2022.6.20 05:26:20#result:RESULT>OK^RESULT_CODE>000^3DSECURE>SKIPPED^RRN>217105647907^APPROVAL_CODE>263492^CARD_NUMBER>999999*********0266^AMOUNT>62000^CARDNAME>mb account^DESCRIPTION>6BBM2002094^TRANS_DATE>2022-06-20 11:26:14 AM
2022.6.20 05:26:20#30769720052620
2022.6.20 05:26:20#=================== Transaction Completed =======================
2022.6.20 05:28:51#=================== Start New Transaction ===================
2022.6.20 05:28:51#txnrefnum:MSC21110079
2022.6.20 05:28:51#clientIp:202.134.10.141
2022.6.20 05:28:51#card type:6
2022.6.20 05:28:51#totalamount:2169000
2022.6.20 05:28:55#result:TRANSACTION_ID:PIEnlUtvUimWZE1HTPUFkgPjVMI=
2022.6.20 05:28:55#Forward to DBBL Payment Gateway Page: https://ecom1.dutchbanglabank.com/ecomm2/ClientHandler?card_type=6&trans_id=PIEnlUtvUimWZE1HTPUFkgPjVMI%3D
2022.6.20 05:34:04#=================== Start New Transaction ===================
2022.6.20 05:34:04#txnrefnum:MSC21110079
2022.6.20 05:34:04#clientIp:202.134.10.141
2022.6.20 05:34:04#card type:6
2022.6.20 05:34:04#totalamount:2169000
2022.6.20 05:34:06#=================== Start New Transaction ===================
2022.6.20 05:34:06#txnrefnum:MSC21110079
2022.6.20 05:34:06#clientIp:202.134.10.141
2022.6.20 05:34:06#card type:6
2022.6.20 05:34:06#totalamount:2169000
2022.6.20 05:34:08#result:TRANSACTION_ID:feNVtXoZcUZrrPxZihSz2meIWg8=
2022.6.20 05:34:08#Forward to DBBL Payment Gateway Page: https://ecom1.dutchbanglabank.com/ecomm2/ClientHandler?card_type=6&trans_id=feNVtXoZcUZrrPxZihSz2meIWg8%3D
2022.6.20 05:34:10#result:TRANSACTION_ID:tYu5g6ZTJaPfb5G8BholmB5m6h0=
2022.6.20 05:34:10#Forward to DBBL Payment Gateway Page: https://ecom1.dutchbanglabank.com/ecomm2/ClientHandler?card_type=6&trans_id=tYu5g6ZTJaPfb5G8BholmB5m6h0%3D
2022.6.20 05:34:35#---------------------- Complete New Transaction---------------------
2022.6.20 05:34:35#Get trans_id From Post Value:tYu5g6ZTJaPfb5G8BholmB5m6h0=
2022.6.20 05:34:35#clientIp:202.134.10.141
2022.6.20 05:34:35#trans_id:tYu5g6ZTJaPfb5G8BholmB5m6h0=
2022.6.20 05:34:37#result:RESULT>OK^RESULT_CODE>000^3DSECURE>SKIPPED^RRN>217105648657^APPROVAL_CODE>280720^CARD_NUMBER>999999*********7532^AMOUNT>2169000^CARDNAME>mb account^DESCRIPTION>6MSC21110079^TRANS_DATE>2022-06-20 11:34:34 AM
2022.6.20 05:34:37#482920053437
2022.6.20 05:34:37#482920053437
2022.6.20 05:34:37#482920053437
2022.6.20 05:34:37#482920053437
2022.6.20 05:34:37#482920053437
2022.6.20 05:34:37#482920053437
2022.6.20 05:34:37#482920053437
2022.6.20 05:34:37#482920053437
2022.6.20 05:34:37#482920053437
2022.6.20 05:34:37#482920053437
2022.6.20 05:34:37#482920053437
2022.6.20 05:34:37#482920053437
2022.6.20 05:34:37#482920053437
2022.6.20 05:34:37#482920053437
2022.6.20 05:34:37#=================== Transaction Completed =======================
2022.6.20 05:44:37#=================== Start New Transaction ===================
2022.6.20 05:44:37#txnrefnum:BBD2008028
2022.6.20 05:44:37#clientIp:119.30.47.254
2022.6.20 05:44:37#card type:6
2022.6.20 05:44:37#totalamount:402000
2022.6.20 05:44:41#result:TRANSACTION_ID:eu2fuIGOhvtp7YeP6ZBlH93BUfg=
2022.6.20 05:44:41#Forward to DBBL Payment Gateway Page: https://ecom1.dutchbanglabank.com/ecomm2/ClientHandler?card_type=6&trans_id=eu2fuIGOhvtp7YeP6ZBlH93BUfg%3D
2022.6.20 05:44:55#=================== Start New Transaction ===================
2022.6.20 05:44:55#txnrefnum:MSC21110065
2022.6.20 05:44:55#clientIp:37.111.201.80
2022.6.20 05:44:55#card type:6
2022.6.20 05:44:55#totalamount:2009000
2022.6.20 05:45:00#result:TRANSACTION_ID:g6u8hblqt7FoPgC4m7V4MQlmnig=
2022.6.20 05:45:00#Forward to DBBL Payment Gateway Page: https://ecom1.dutchbanglabank.com/ecomm2/ClientHandler?card_type=6&trans_id=g6u8hblqt7FoPgC4m7V4MQlmnig%3D
2022.6.20 05:45:14#---------------------- Complete New Transaction---------------------
2022.6.20 05:45:14#Get trans_id From Post Value:eu2fuIGOhvtp7YeP6ZBlH93BUfg=
2022.6.20 05:45:14#clientIp:119.30.47.254
2022.6.20 05:45:14#trans_id:eu2fuIGOhvtp7YeP6ZBlH93BUfg=
2022.6.20 05:45:16#---------------------- Complete New Transaction---------------------
2022.6.20 05:45:16#Get trans_id From Post Value:g6u8hblqt7FoPgC4m7V4MQlmnig=
2022.6.20 05:45:16#clientIp:37.111.201.80
2022.6.20 05:45:16#trans_id:g6u8hblqt7FoPgC4m7V4MQlmnig=
2022.6.20 05:45:19#result:RESULT>OK^RESULT_CODE>000^3DSECURE>SKIPPED^RRN>217105649717^APPROVAL_CODE>357393^CARD_NUMBER>999999*********1168^AMOUNT>2009000^CARDNAME>mb account^DESCRIPTION>6MSC21110065^TRANS_DATE>2022-06-20 11:45:15 AM
2022.6.20 05:45:19#466120054519
2022.6.20 05:45:19#466120054519
2022.6.20 05:45:19#466120054519
2022.6.20 05:45:19#466120054519
2022.6.20 05:45:19#466120054519
2022.6.20 05:45:19#466120054519
2022.6.20 05:45:19#466120054519
2022.6.20 05:45:19#466120054519
2022.6.20 05:45:19#466120054519
2022.6.20 05:45:19#466120054519
2022.6.20 05:45:19#466120054519
2022.6.20 05:45:19#466120054519
2022.6.20 05:45:19#=================== Transaction Completed =======================
2022.6.20 05:45:20#result:RESULT>OK^RESULT_CODE>000^3DSECURE>SKIPPED^RRN>217105649713^APPROVAL_CODE>403685^CARD_NUMBER>999999*********0266^AMOUNT>402000^CARDNAME>mb account^DESCRIPTION>6BBD2008028^TRANS_DATE>2022-06-20 11:45:11 AM
2022.6.20 05:45:20#26748120054520
2022.6.20 05:45:20#26748120054520
2022.6.20 05:45:20#26748120054520
2022.6.20 05:45:20#26748120054520
2022.6.20 05:45:20#26748120054520
2022.6.20 05:45:20#=================== Transaction Completed =======================
2022.6.20 05:47:07#=================== Start New Transaction ===================
2022.6.20 05:47:07#txnrefnum:MSC21111311
2022.6.20 05:47:07#clientIp:27.54.148.174
2022.6.20 05:47:07#card type:6
2022.6.20 05:47:07#totalamount:2545000
2022.6.20 05:47:11#result:TRANSACTION_ID:O9ZReriFhiblEbQEOotMfYSaCr4=
2022.6.20 05:47:11#Forward to DBBL Payment Gateway Page: https://ecom1.dutchbanglabank.com/ecomm2/ClientHandler?card_type=6&trans_id=O9ZReriFhiblEbQEOotMfYSaCr4%3D
2022.6.20 05:48:09#---------------------- Complete New Transaction---------------------
2022.6.20 05:48:09#Get trans_id From Post Value:O9ZReriFhiblEbQEOotMfYSaCr4=
2022.6.20 05:48:09#clientIp:27.54.148.174
2022.6.20 05:48:09#trans_id:O9ZReriFhiblEbQEOotMfYSaCr4=
2022.6.20 05:48:14#result:RESULT>OK^RESULT_CODE>000^3DSECURE>SKIPPED^RRN>217105649999^APPROVAL_CODE>228450^CARD_NUMBER>999999*********5087^AMOUNT>2545000^CARDNAME>mb account^DESCRIPTION>6MSC21111311^TRANS_DATE>2022-06-20 11:48:08 AM
2022.6.20 05:48:14#864520054814
2022.6.20 05:48:14#864520054814
2022.6.20 05:48:14#864520054814
2022.6.20 05:48:14#864520054814
2022.6.20 05:48:14#864520054814
2022.6.20 05:48:14#864520054814
2022.6.20 05:48:14#864520054814
2022.6.20 05:48:14#864520054814
2022.6.20 05:48:14#864520054814
2022.6.20 05:48:14#864520054814
2022.6.20 05:48:14#864520054814
2022.6.20 05:48:14#864520054814
2022.6.20 05:48:14#864520054814
2022.6.20 05:48:14#864520054814
2022.6.20 05:48:14#864520054814
2022.6.20 05:48:14#=================== Transaction Completed =======================
2022.6.20 05:52:25#=================== Start New Transaction ===================
2022.6.20 05:52:25#txnrefnum:MSC21111086
2022.6.20 05:52:25#clientIp:103.173.60.51
2022.6.20 05:52:25#card type:6
2022.6.20 05:52:25#totalamount:2225000
2022.6.20 05:52:29#result:TRANSACTION_ID:gSmujTJ8JiYMDxk6vP6VPSfqlYs=
2022.6.20 05:52:29#Forward to DBBL Payment Gateway Page: https://ecom1.dutchbanglabank.com/ecomm2/ClientHandler?card_type=6&trans_id=gSmujTJ8JiYMDxk6vP6VPSfqlYs%3D
2022.6.20 05:56:13#=================== Start New Transaction ===================
2022.6.20 05:56:13#txnrefnum:MSC21110521
2022.6.20 05:56:13#clientIp:42.0.7.252
2022.6.20 05:56:13#card type:6
2022.6.20 05:56:13#totalamount:1163000
2022.6.20 05:56:19#result:TRANSACTION_ID:fRoGAUySU2TlQRHPkWCGQbZAQJQ=
2022.6.20 05:56:19#Forward to DBBL Payment Gateway Page: https://ecom1.dutchbanglabank.com/ecomm2/ClientHandler?card_type=6&trans_id=fRoGAUySU2TlQRHPkWCGQbZAQJQ%3D
2022.6.20 05:58:40#=================== Start New Transaction ===================
2022.6.20 05:58:40#txnrefnum:MSC21111086
2022.6.20 05:58:40#clientIp:103.173.60.51
2022.6.20 05:58:40#card type:6
2022.6.20 05:58:40#totalamount:2225000
2022.6.20 05:58:48#result:TRANSACTION_ID:Mz3rmJ7edFUoyY14jDJ2iSdfyRk=
2022.6.20 05:58:48#Forward to DBBL Payment Gateway Page: https://ecom1.dutchbanglabank.com/ecomm2/ClientHandler?card_type=6&trans_id=Mz3rmJ7edFUoyY14jDJ2iSdfyRk%3D
2022.6.20 06:01:07#---------------------- Complete New Transaction---------------------
2022.6.20 06:01:07#Get trans_id From Post Value:Mz3rmJ7edFUoyY14jDJ2iSdfyRk=
2022.6.20 06:01:07#clientIp:103.173.60.51
2022.6.20 06:01:07#trans_id:Mz3rmJ7edFUoyY14jDJ2iSdfyRk=
2022.6.20 06:01:11#result:RESULT>OK^RESULT_CODE>000^3DSECURE>SKIPPED^RRN>217106651227^APPROVAL_CODE>489036^CARD_NUMBER>999999*********0899^AMOUNT>2225000^CARDNAME>mb account^DESCRIPTION>6MSC21111086^TRANS_DATE>2022-06-20 12:01:06 PM
2022.6.20 06:01:11#594520060111
2022.6.20 06:01:11#594520060111
2022.6.20 06:01:11#594520060111
2022.6.20 06:01:11#594520060111
2022.6.20 06:01:11#594520060111
2022.6.20 06:01:11#594520060111
2022.6.20 06:01:11#594520060111
2022.6.20 06:01:11#594520060111
2022.6.20 06:01:11#594520060111
2022.6.20 06:01:11#594520060111
2022.6.20 06:01:11#594520060111
2022.6.20 06:01:11#594520060111
2022.6.20 06:01:11#594520060111
2022.6.20 06:01:11#594520060111
2022.6.20 06:01:11#=================== Transaction Completed =======================
2022.6.20 06:01:50#=================== Start New Transaction ===================
2022.6.20 06:01:50#txnrefnum:MBD2007118
2022.6.20 06:01:50#clientIp:103.25.121.32
2022.6.20 06:01:50#card type:6
2022.6.20 06:01:50#totalamount:82000
2022.6.20 06:01:55#result:TRANSACTION_ID:91eADVTHWXtYXA95P1U8so0NjUg=
2022.6.20 06:01:55#Forward to DBBL Payment Gateway Page: https://ecom1.dutchbanglabank.com/ecomm2/ClientHandler?card_type=6&trans_id=91eADVTHWXtYXA95P1U8so0NjUg%3D
2022.6.20 06:02:24#=================== Start New Transaction ===================
2022.6.20 06:02:24#txnrefnum:MBM2003224
2022.6.20 06:02:24#clientIp:37.111.201.80
2022.6.20 06:02:24#card type:6
2022.6.20 06:02:24#totalamount:302000
2022.6.20 06:02:30#result:TRANSACTION_ID:DPw7wxDnJwcjvZtvTXUaTEgmX68=
2022.6.20 06:02:30#Forward to DBBL Payment Gateway Page: https://ecom1.dutchbanglabank.com/ecomm2/ClientHandler?card_type=6&trans_id=DPw7wxDnJwcjvZtvTXUaTEgmX68%3D
2022.6.20 06:02:45#---------------------- Complete New Transaction---------------------
2022.6.20 06:02:45#Get trans_id From Post Value:DPw7wxDnJwcjvZtvTXUaTEgmX68=
2022.6.20 06:02:45#clientIp:37.111.201.80
2022.6.20 06:02:45#trans_id:DPw7wxDnJwcjvZtvTXUaTEgmX68=
2022.6.20 06:02:48#result:RESULT>OK^RESULT_CODE>000^3DSECURE>SKIPPED^RRN>217106651410^APPROVAL_CODE>540475^CARD_NUMBER>999999*********1168^AMOUNT>302000^CARDNAME>mb account^DESCRIPTION>6MBM2003224^TRANS_DATE>2022-06-20 12:02:44 PM
2022.6.20 06:02:48#13279720060248
2022.6.20 06:02:48#13279720060248
2022.6.20 06:02:48#13279720060248
2022.6.20 06:02:48#13279720060248
2022.6.20 06:02:48#=================== Transaction Completed =======================
2022.6.20 06:05:44#=================== Start New Transaction ===================
2022.6.20 06:05:44#txnrefnum:MBD2002061
2022.6.20 06:05:44#clientIp:202.134.10.141
2022.6.20 06:05:44#card type:6
2022.6.20 06:05:44#totalamount:142000
2022.6.20 06:05:50#=================== Start New Transaction ===================
2022.6.20 06:05:50#txnrefnum:MBD2002061
2022.6.20 06:05:50#clientIp:202.134.10.141
2022.6.20 06:05:50#card type:6
2022.6.20 06:05:50#totalamount:142000
2022.6.20 06:05:54#result:TRANSACTION_ID:54Twy6Wdn3H30O6BuPGHsJn5rnE=
2022.6.20 06:05:54#Forward to DBBL Payment Gateway Page: https://ecom1.dutchbanglabank.com/ecomm2/ClientHandler?card_type=6&trans_id=54Twy6Wdn3H30O6BuPGHsJn5rnE%3D
2022.6.20 06:05:55#result:TRANSACTION_ID:Uzgu4fhWMeJsKIVEAkn6Cjxyk1I=
2022.6.20 06:05:55#Forward to DBBL Payment Gateway Page: https://ecom1.dutchbanglabank.com/ecomm2/ClientHandler?card_type=6&trans_id=Uzgu4fhWMeJsKIVEAkn6Cjxyk1I%3D
2022.6.20 06:06:28#---------------------- Complete New Transaction---------------------
2022.6.20 06:06:28#Get trans_id From Post Value:Uzgu4fhWMeJsKIVEAkn6Cjxyk1I=
2022.6.20 06:06:28#clientIp:202.134.10.141
2022.6.20 06:06:28#trans_id:Uzgu4fhWMeJsKIVEAkn6Cjxyk1I=
2022.6.20 06:06:30#result:RESULT>OK^RESULT_CODE>000^3DSECURE>SKIPPED^RRN>217106651794^APPROVAL_CODE>497796^CARD_NUMBER>999999*********7532^AMOUNT>142000^CARDNAME>mb account^DESCRIPTION>6MBD2002061^TRANS_DATE>2022-06-20 12:06:27 PM
2022.6.20 06:06:30#11285220060630
2022.6.20 06:06:30#11285220060630
2022.6.20 06:06:30#=================== Transaction Completed =======================
2022.6.20 06:06:48#=================== Start New Transaction ===================
2022.6.20 06:06:48#txnrefnum:MSC22111019
2022.6.20 06:06:48#clientIp:37.111.201.80
2022.6.20 06:06:48#card type:6
2022.6.20 06:06:48#totalamount:262000
2022.6.20 06:06:54#result:TRANSACTION_ID:fF2TrTZAw8qt03ieyNtmVCRwIKE=
2022.6.20 06:06:54#Forward to DBBL Payment Gateway Page: https://ecom1.dutchbanglabank.com/ecomm2/ClientHandler?card_type=6&trans_id=fF2TrTZAw8qt03ieyNtmVCRwIKE%3D
2022.6.20 06:07:09#---------------------- Complete New Transaction---------------------
2022.6.20 06:07:09#Get trans_id From Post Value:fF2TrTZAw8qt03ieyNtmVCRwIKE=
2022.6.20 06:07:09#clientIp:37.111.201.80
2022.6.20 06:07:09#trans_id:fF2TrTZAw8qt03ieyNtmVCRwIKE=
2022.6.20 06:07:11#result:RESULT>OK^RESULT_CODE>000^3DSECURE>SKIPPED^RRN>217106651862^APPROVAL_CODE>498858^CARD_NUMBER>999999*********1168^AMOUNT>262000^CARDNAME>mb account^DESCRIPTION>6MSC22111019^TRANS_DATE>2022-06-20 12:07:08 PM
2022.6.20 06:07:11#216820060711
2022.6.20 06:07:11#216820060711
2022.6.20 06:07:11#=================== Transaction Completed =======================
2022.6.20 06:07:36#=================== Start New Transaction ===================
2022.6.20 06:07:36#txnrefnum:MSC21110521
2022.6.20 06:07:36#clientIp:42.0.7.252
2022.6.20 06:07:36#card type:6
2022.6.20 06:07:36#totalamount:1163000
2022.6.20 06:07:42#result:TRANSACTION_ID:Hpg1utmakHSNUttJNNsjvKPSgJw=
2022.6.20 06:07:42#Forward to DBBL Payment Gateway Page: https://ecom1.dutchbanglabank.com/ecomm2/ClientHandler?card_type=6&trans_id=Hpg1utmakHSNUttJNNsjvKPSgJw%3D
2022.6.20 06:09:05#---------------------- Complete New Transaction---------------------
2022.6.20 06:09:05#Get trans_id From Post Value:Hpg1utmakHSNUttJNNsjvKPSgJw=
2022.6.20 06:09:05#clientIp:42.0.7.252
2022.6.20 06:09:05#trans_id:Hpg1utmakHSNUttJNNsjvKPSgJw=
2022.6.20 06:09:08#result:RESULT>OK^RESULT_CODE>000^3DSECURE>SKIPPED^RRN>217106652043^APPROVAL_CODE>552725^CARD_NUMBER>999999*********1280^AMOUNT>1163000^CARDNAME>mb account^DESCRIPTION>6MSC21110521^TRANS_DATE>2022-06-20 12:09:04 PM
2022.6.20 06:09:08#314020060908
2022.6.20 06:09:08#314020060908
2022.6.20 06:09:08#314020060908
2022.6.20 06:09:08#314020060908
2022.6.20 06:09:08#314020060908
2022.6.20 06:09:08#314020060908
2022.6.20 06:09:08#314020060908
2022.6.20 06:09:08#=================== Transaction Completed =======================
2022.6.20 06:09:13#=================== Start New Transaction ===================
2022.6.20 06:09:13#txnrefnum:MBD2005318
2022.6.20 06:09:13#clientIp:202.134.10.141
2022.6.20 06:09:13#card type:6
2022.6.20 06:09:13#totalamount:242000
2022.6.20 06:09:20#result:TRANSACTION_ID:U9yb5eRTqyXlR307qacvhjQtmgI=
2022.6.20 06:09:20#Forward to DBBL Payment Gateway Page: https://ecom1.dutchbanglabank.com/ecomm2/ClientHandler?card_type=6&trans_id=U9yb5eRTqyXlR307qacvhjQtmgI%3D
2022.6.20 06:09:32#=================== Start New Transaction ===================
2022.6.20 06:09:32#txnrefnum:MSC22110081
2022.6.20 06:09:32#clientIp:37.111.201.80
2022.6.20 06:09:32#card type:6
2022.6.20 06:09:32#totalamount:422000
2022.6.20 06:09:42#result:TRANSACTION_ID:bXG6GUgjnxc2qPSSml0T4RTaHyg=
2022.6.20 06:09:43#Forward to DBBL Payment Gateway Page: https://ecom1.dutchbanglabank.com/ecomm2/ClientHandler?card_type=6&trans_id=bXG6GUgjnxc2qPSSml0T4RTaHyg%3D
2022.6.20 06:09:43#---------------------- Complete New Transaction---------------------
2022.6.20 06:09:43#Get trans_id From Post Value:U9yb5eRTqyXlR307qacvhjQtmgI=
2022.6.20 06:09:43#clientIp:202.134.10.141
2022.6.20 06:09:43#trans_id:U9yb5eRTqyXlR307qacvhjQtmgI=
2022.6.20 06:09:51#result:RESULT>OK^RESULT_CODE>000^3DSECURE>SKIPPED^RRN>217106652110^APPROVAL_CODE>554108^CARD_NUMBER>999999*********7532^AMOUNT>242000^CARDNAME>mb account^DESCRIPTION>6MBD2005318^TRANS_DATE>2022-06-20 12:09:42 PM
2022.6.20 06:09:51#16428020060951
2022.6.20 06:09:51#16428020060951
2022.6.20 06:09:51#16428020060951
2022.6.20 06:09:51#=================== Transaction Completed =======================
2022.6.20 06:10:23#---------------------- Complete New Transaction---------------------
2022.6.20 06:10:23#Get trans_id From Post Value:bXG6GUgjnxc2qPSSml0T4RTaHyg=
2022.6.20 06:10:23#clientIp:37.111.201.80
2022.6.20 06:10:23#trans_id:bXG6GUgjnxc2qPSSml0T4RTaHyg=
2022.6.20 06:10:25#result:RESULT>OK^RESULT_CODE>000^3DSECURE>SKIPPED^RRN>217106652165^APPROVAL_CODE>555475^CARD_NUMBER>999999*********1168^AMOUNT>422000^CARDNAME>mb account^DESCRIPTION>6MSC22110081^TRANS_DATE>2022-06-20 12:10:21 PM
2022.6.20 06:10:25#1367520061025
2022.6.20 06:10:25#1367520061025
2022.6.20 06:10:25#1367520061025
2022.6.20 06:10:25#=================== Transaction Completed =======================
2022.6.20 06:10:45#=================== Start New Transaction ===================
2022.6.20 06:10:45#txnrefnum:BBG2103050
2022.6.20 06:10:45#clientIp:114.130.157.189
2022.6.20 06:10:45#card type:6
2022.6.20 06:10:45#totalamount:282000
2022.6.20 06:10:49#result:TRANSACTION_ID:l93gNBunj59k9AYWy08SFHounZA=
2022.6.20 06:10:49#Forward to DBBL Payment Gateway Page: https://ecom1.dutchbanglabank.com/ecomm2/ClientHandler?card_type=6&trans_id=l93gNBunj59k9AYWy08SFHounZA%3D
2022.6.20 06:11:49#---------------------- Complete New Transaction---------------------
2022.6.20 06:11:49#Get trans_id From Post Value:l93gNBunj59k9AYWy08SFHounZA=
2022.6.20 06:11:49#clientIp:114.130.157.189
2022.6.20 06:11:49#trans_id:l93gNBunj59k9AYWy08SFHounZA=
2022.6.20 06:11:51#result:RESULT>OK^RESULT_CODE>000^3DSECURE>SKIPPED^RRN>217106652314^APPROVAL_CODE>558632^CARD_NUMBER>999999*********3728^AMOUNT>282000^CARDNAME>mb account^DESCRIPTION>6BBG2103050^TRANS_DATE>2022-06-20 12:11:48 PM
2022.6.20 06:11:51#30795120061151
2022.6.20 06:11:51#30795120061151
2022.6.20 06:11:51#=================== Transaction Completed =======================
2022.6.20 06:12:21#=================== Start New Transaction ===================
2022.6.20 06:12:21#txnrefnum:MBD2009488
2022.6.20 06:12:21#clientIp:37.111.201.80
2022.6.20 06:12:21#card type:6
2022.6.20 06:12:21#totalamount:1199000
2022.6.20 06:12:25#result:TRANSACTION_ID:HqDmwNREoPFenNTSWPsE2msSWLc=
2022.6.20 06:12:25#Forward to DBBL Payment Gateway Page: https://ecom1.dutchbanglabank.com/ecomm2/ClientHandler?card_type=6&trans_id=HqDmwNREoPFenNTSWPsE2msSWLc%3D
2022.6.20 06:12:41#---------------------- Complete New Transaction---------------------
2022.6.20 06:12:41#Get trans_id From Post Value:HqDmwNREoPFenNTSWPsE2msSWLc=
2022.6.20 06:12:41#clientIp:37.111.201.80
2022.6.20 06:12:41#trans_id:HqDmwNREoPFenNTSWPsE2msSWLc=
2022.6.20 06:12:44#result:RESULT>OK^RESULT_CODE>000^3DSECURE>SKIPPED^RRN>217106652398^APPROVAL_CODE>560641^CARD_NUMBER>999999*********1168^AMOUNT>1199000^CARDNAME>mb account^DESCRIPTION>6MBD2009488^TRANS_DATE>2022-06-20 12:12:40 PM
2022.6.20 06:12:44#87220061244
2022.6.20 06:12:44#=================== Transaction Completed =======================
2022.6.20 06:13:18#=================== Start New Transaction ===================
2022.6.20 06:13:18#txnrefnum:BBD2205090
2022.6.20 06:13:18#clientIp:103.204.247.18
2022.6.20 06:13:18#card type:6
2022.6.20 06:13:18#totalamount:622000
2022.6.20 06:13:22#result:TRANSACTION_ID:JdvM5R58cYGcJh5Pb2PxuyWtNZ0=
2022.6.20 06:13:22#Forward to DBBL Payment Gateway Page: https://ecom1.dutchbanglabank.com/ecomm2/ClientHandler?card_type=6&trans_id=JdvM5R58cYGcJh5Pb2PxuyWtNZ0%3D
2022.6.20 06:14:10#---------------------- Complete New Transaction---------------------
2022.6.20 06:14:10#Get trans_id From Post Value:JdvM5R58cYGcJh5Pb2PxuyWtNZ0=
2022.6.20 06:14:10#clientIp:103.204.247.18
2022.6.20 06:14:10#trans_id:JdvM5R58cYGcJh5Pb2PxuyWtNZ0=
2022.6.20 06:14:12#result:RESULT>OK^RESULT_CODE>000^3DSECURE>SKIPPED^RRN>217106652563^APPROVAL_CODE>512262^CARD_NUMBER>999999*********8505^AMOUNT>622000^CARDNAME>mb account^DESCRIPTION>6BBD2205090^TRANS_DATE>2022-06-20 12:14:09 PM
2022.6.20 06:14:12#32114520061412
2022.6.20 06:14:12#=================== Transaction Completed =======================
2022.6.20 06:14:27#=================== Start New Transaction ===================
2022.6.20 06:14:27#txnrefnum:MBD2002024
2022.6.20 06:14:27#clientIp:37.111.201.80
2022.6.20 06:14:27#card type:6
2022.6.20 06:14:27#totalamount:142000
2022.6.20 06:14:31#result:TRANSACTION_ID:PktJsl4GEGwH6PMxD72gfjGWTj8=
2022.6.20 06:14:31#Forward to DBBL Payment Gateway Page: https://ecom1.dutchbanglabank.com/ecomm2/ClientHandler?card_type=6&trans_id=PktJsl4GEGwH6PMxD72gfjGWTj8%3D
2022.6.20 06:14:47#---------------------- Complete New Transaction---------------------
2022.6.20 06:14:47#Get trans_id From Post Value:PktJsl4GEGwH6PMxD72gfjGWTj8=
2022.6.20 06:14:47#clientIp:37.111.201.80
2022.6.20 06:14:47#trans_id:PktJsl4GEGwH6PMxD72gfjGWTj8=
2022.6.20 06:14:50#result:RESULT>OK^RESULT_CODE>000^3DSECURE>SKIPPED^RRN>217106652622^APPROVAL_CODE>513299^CARD_NUMBER>999999*********1168^AMOUNT>142000^CARDNAME>mb account^DESCRIPTION>6MBD2002024^TRANS_DATE>2022-06-20 12:14:45 PM
2022.6.20 06:14:50#11254020061450
2022.6.20 06:14:50#11254020061450
2022.6.20 06:14:50#=================== Transaction Completed =======================
2022.6.20 06:15:34#=================== Start New Transaction ===================
2022.6.20 06:15:34#txnrefnum:BBD2006002
2022.6.20 06:15:34#clientIp:119.30.47.254
2022.6.20 06:15:34#card type:6
2022.6.20 06:15:34#totalamount:782000
2022.6.20 06:15:39#result:TRANSACTION_ID:hDsCA9tQmfmGlY20S13NiAFDDMo=
2022.6.20 06:15:39#Forward to DBBL Payment Gateway Page: https://ecom1.dutchbanglabank.com/ecomm2/ClientHandler?card_type=6&trans_id=hDsCA9tQmfmGlY20S13NiAFDDMo%3D
2022.6.20 06:16:14#---------------------- Complete New Transaction---------------------
2022.6.20 06:16:14#Get trans_id From Post Value:hDsCA9tQmfmGlY20S13NiAFDDMo=
2022.6.20 06:16:14#clientIp:119.30.47.254
2022.6.20 06:16:14#trans_id:hDsCA9tQmfmGlY20S13NiAFDDMo=
2022.6.20 06:16:17#result:RESULT>OK^RESULT_CODE>000^3DSECURE>SKIPPED^RRN>217106652764^APPROVAL_CODE>569018^CARD_NUMBER>999999*********0266^AMOUNT>782000^CARDNAME>mb account^DESCRIPTION>6BBD2006002^TRANS_DATE>2022-06-20 12:16:12 PM
2022.6.20 06:16:17#25332020061617
2022.6.20 06:16:17#25332020061617
2022.6.20 06:16:17#25332020061617
2022.6.20 06:16:17#=================== Transaction Completed =======================
2022.6.20 06:18:31#=================== Start New Transaction ===================
2022.6.20 06:18:31#txnrefnum:MBD2202070
2022.6.20 06:18:31#clientIp:103.204.86.173
2022.6.20 06:18:31#card type:6
2022.6.20 06:18:31#totalamount:622000
2022.6.20 06:18:36#result:TRANSACTION_ID:wM1A7SVI4dQycVwm2H6qioc0EvQ=
2022.6.20 06:18:36#Forward to DBBL Payment Gateway Page: https://ecom1.dutchbanglabank.com/ecomm2/ClientHandler?card_type=6&trans_id=wM1A7SVI4dQycVwm2H6qioc0EvQ%3D
2022.6.20 06:19:55#=================== Start New Transaction ===================
2022.6.20 06:19:55#txnrefnum:BBD2005075
2022.6.20 06:19:55#clientIp:119.30.47.254
2022.6.20 06:19:55#card type:6
2022.6.20 06:19:55#totalamount:322000
2022.6.20 06:20:00#result:TRANSACTION_ID:SWtROEvbrVQogVtPyrQv3DVWXgY=
2022.6.20 06:20:00#Forward to DBBL Payment Gateway Page: https://ecom1.dutchbanglabank.com/ecomm2/ClientHandler?card_type=6&trans_id=SWtROEvbrVQogVtPyrQv3DVWXgY%3D
2022.6.20 06:20:19#---------------------- Complete New Transaction---------------------
2022.6.20 06:20:19#Get trans_id From Post Value:SWtROEvbrVQogVtPyrQv3DVWXgY=
2022.6.20 06:20:19#clientIp:119.30.47.254
2022.6.20 06:20:19#trans_id:SWtROEvbrVQogVtPyrQv3DVWXgY=
2022.6.20 06:20:21#result:RESULT>OK^RESULT_CODE>000^3DSECURE>SKIPPED^RRN>217106653270^APPROVAL_CODE>579205^CARD_NUMBER>999999*********0266^AMOUNT>322000^CARDNAME>mb account^DESCRIPTION>6BBD2005075^TRANS_DATE>2022-06-20 12:20:16 PM
2022.6.20 06:20:21#24640320062021
2022.6.20 06:20:21#24640320062021
2022.6.20 06:20:21#24640320062021
2022.6.20 06:20:21#24640320062021
2022.6.20 06:20:21#=================== Transaction Completed =======================
2022.6.20 06:21:42#=================== Start New Transaction ===================
2022.6.20 06:21:42#txnrefnum:BBD2002023
2022.6.20 06:21:42#clientIp:119.30.47.254
2022.6.20 06:21:42#card type:6
2022.6.20 06:21:42#totalamount:322000
2022.6.20 06:21:48#result:TRANSACTION_ID:4sJikuEV7yZXcJ9KctcYhsNPXi4=
2022.6.20 06:21:48#Forward to DBBL Payment Gateway Page: https://ecom1.dutchbanglabank.com/ecomm2/ClientHandler?card_type=6&trans_id=4sJikuEV7yZXcJ9KctcYhsNPXi4%3D
2022.6.20 06:22:13#---------------------- Complete New Transaction---------------------
2022.6.20 06:22:13#Get trans_id From Post Value:4sJikuEV7yZXcJ9KctcYhsNPXi4=
2022.6.20 06:22:13#clientIp:119.30.47.254
2022.6.20 06:22:13#trans_id:4sJikuEV7yZXcJ9KctcYhsNPXi4=
2022.6.20 06:22:15#result:RESULT>OK^RESULT_CODE>000^3DSECURE>SKIPPED^RRN>217106653480^APPROVAL_CODE>583738^CARD_NUMBER>999999*********0266^AMOUNT>322000^CARDNAME>mb account^DESCRIPTION>6BBD2002023^TRANS_DATE>2022-06-20 12:22:11 PM
2022.6.20 06:22:15#23234620062215
2022.6.20 06:22:15#23234620062215
2022.6.20 06:22:15#23234620062215
2022.6.20 06:22:15#23234620062215
2022.6.20 06:22:15#=================== Transaction Completed =======================
2022.6.20 06:23:53#=================== Start New Transaction ===================
2022.6.20 06:23:53#txnrefnum:BBD2003047
2022.6.20 06:23:53#clientIp:114.130.157.189
2022.6.20 06:23:53#card type:6
2022.6.20 06:23:53#totalamount:62000
2022.6.20 06:23:57#result:TRANSACTION_ID:0UCe7cqnfZ5cNnd3NPWLCaMG2b8=
2022.6.20 06:23:58#Forward to DBBL Payment Gateway Page: https://ecom1.dutchbanglabank.com/ecomm2/ClientHandler?card_type=6&trans_id=0UCe7cqnfZ5cNnd3NPWLCaMG2b8%3D
2022.6.20 06:24:24#---------------------- Complete New Transaction---------------------
2022.6.20 06:24:24#Get trans_id From Post Value:0UCe7cqnfZ5cNnd3NPWLCaMG2b8=
2022.6.20 06:24:24#clientIp:114.130.157.189
2022.6.20 06:24:24#trans_id:0UCe7cqnfZ5cNnd3NPWLCaMG2b8=
2022.6.20 06:24:29#result:RESULT>OK^RESULT_CODE>000^3DSECURE>SKIPPED^RRN>217106653694^APPROVAL_CODE>589073^CARD_NUMBER>999999*********3728^AMOUNT>62000^CARDNAME>mb account^DESCRIPTION>6BBD2003047^TRANS_DATE>2022-06-20 12:24:23 PM
2022.6.20 06:24:29#30831920062429
2022.6.20 06:24:29#=================== Transaction Completed =======================
2022.6.20 06:24:48#=================== Start New Transaction ===================
2022.6.20 06:24:48#txnrefnum:MBB2102076
2022.6.20 06:24:48#clientIp:202.134.10.141
2022.6.20 06:24:48#card type:6
2022.6.20 06:24:48#totalamount:162000
2022.6.20 06:24:55#result:TRANSACTION_ID:m0ecPt4qbThACCGGJqqg1OPHbqE=
2022.6.20 06:24:55#Forward to DBBL Payment Gateway Page: https://ecom1.dutchbanglabank.com/ecomm2/ClientHandler?card_type=6&trans_id=m0ecPt4qbThACCGGJqqg1OPHbqE%3D
2022.6.20 06:28:09#=================== Start New Transaction ===================
2022.6.20 06:28:09#txnrefnum:MBB2102076
2022.6.20 06:28:09#clientIp:202.134.10.142
2022.6.20 06:28:09#card type:6
2022.6.20 06:28:09#totalamount:162000
2022.6.20 06:28:16#result:TRANSACTION_ID:yKeutUZ3BZmfPnpvT36zVjDNH2s=
2022.6.20 06:28:16#Forward to DBBL Payment Gateway Page: https://ecom1.dutchbanglabank.com/ecomm2/ClientHandler?card_type=6&trans_id=yKeutUZ3BZmfPnpvT36zVjDNH2s%3D
2022.6.20 06:28:17#=================== Start New Transaction ===================
2022.6.20 06:28:17#txnrefnum:MBB2102076
2022.6.20 06:28:17#clientIp:202.134.10.142
2022.6.20 06:28:17#card type:6
2022.6.20 06:28:17#totalamount:162000
2022.6.20 06:28:21#result:TRANSACTION_ID:TPSmhX4TCEEjZCSWoYzuS0f8W84=
2022.6.20 06:28:21#Forward to DBBL Payment Gateway Page: https://ecom1.dutchbanglabank.com/ecomm2/ClientHandler?card_type=6&trans_id=TPSmhX4TCEEjZCSWoYzuS0f8W84%3D
2022.6.20 06:28:51#---------------------- Complete New Transaction---------------------
2022.6.20 06:28:51#Get trans_id From Post Value:TPSmhX4TCEEjZCSWoYzuS0f8W84=
2022.6.20 06:28:51#clientIp:202.134.10.142
2022.6.20 06:28:51#trans_id:TPSmhX4TCEEjZCSWoYzuS0f8W84=
2022.6.20 06:28:55#result:RESULT>OK^RESULT_CODE>000^3DSECURE>SKIPPED^RRN>217106654179^APPROVAL_CODE>600199^CARD_NUMBER>999999*********7532^AMOUNT>162000^CARDNAME>mb account^DESCRIPTION>6MBB2102076^TRANS_DATE>2022-06-20 12:28:50 PM
2022.6.20 06:28:55#9772420062855
2022.6.20 06:28:55#9772420062855
2022.6.20 06:28:55#=================== Transaction Completed =======================
2022.6.20 06:30:14#=================== Start New Transaction ===================
2022.6.20 06:30:14#txnrefnum:BBD2204037
2022.6.20 06:30:14#clientIp:119.30.47.254
2022.6.20 06:30:14#card type:6
2022.6.20 06:30:14#totalamount:382000
2022.6.20 06:30:20#result:TRANSACTION_ID:9WoAuEbTCvhpgd2k6c83ifDjO2g=
2022.6.20 06:30:20#Forward to DBBL Payment Gateway Page: https://ecom1.dutchbanglabank.com/ecomm2/ClientHandler?card_type=6&trans_id=9WoAuEbTCvhpgd2k6c83ifDjO2g%3D
2022.6.20 06:30:49#---------------------- Complete New Transaction---------------------
2022.6.20 06:30:49#Get trans_id From Post Value:9WoAuEbTCvhpgd2k6c83ifDjO2g=
2022.6.20 06:30:49#clientIp:119.30.47.254
2022.6.20 06:30:49#trans_id:9WoAuEbTCvhpgd2k6c83ifDjO2g=
2022.6.20 06:30:52#result:RESULT>OK^RESULT_CODE>000^3DSECURE>SKIPPED^RRN>217106654410^APPROVAL_CODE>641407^CARD_NUMBER>999999*********0266^AMOUNT>382000^CARDNAME>mb account^DESCRIPTION>6BBD2204037^TRANS_DATE>2022-06-20 12:30:47 PM
2022.6.20 06:30:52#23356920063052
2022.6.20 06:30:52#23356920063052
2022.6.20 06:30:52#23356920063052
2022.6.20 06:30:52#23356920063052
2022.6.20 06:30:52#23356920063052
2022.6.20 06:30:52#=================== Transaction Completed =======================
2022.6.20 06:31:23#=================== Start New Transaction ===================
2022.6.20 06:31:23#txnrefnum:MBD2204012
2022.6.20 06:31:23#clientIp:119.30.39.242
2022.6.20 06:31:23#card type:6
2022.6.20 06:31:23#totalamount:2000
2022.6.20 06:31:28#result:TRANSACTION_ID:Z7qjZTx7VY2ixSi0ZTPqXJTuViI=
2022.6.20 06:31:28#Forward to DBBL Payment Gateway Page: https://ecom1.dutchbanglabank.com/ecomm2/ClientHandler?card_type=6&trans_id=Z7qjZTx7VY2ixSi0ZTPqXJTuViI%3D
2022.6.20 06:37:42#=================== Start New Transaction ===================
2022.6.20 06:37:42#txnrefnum:MSC21110518
2022.6.20 06:37:42#clientIp:37.111.201.80
2022.6.20 06:37:42#card type:6
2022.6.20 06:37:42#totalamount:1863000
2022.6.20 06:37:47#result:TRANSACTION_ID:eEcsvP2S3ZpW7Fhwtti0qv2k54g=
2022.6.20 06:37:47#Forward to DBBL Payment Gateway Page: https://ecom1.dutchbanglabank.com/ecomm2/ClientHandler?card_type=6&trans_id=eEcsvP2S3ZpW7Fhwtti0qv2k54g%3D
2022.6.20 06:38:39#---------------------- Complete New Transaction---------------------
2022.6.20 06:38:39#Get trans_id From Post Value:eEcsvP2S3ZpW7Fhwtti0qv2k54g=
2022.6.20 06:38:39#clientIp:37.111.201.80
2022.6.20 06:38:39#trans_id:eEcsvP2S3ZpW7Fhwtti0qv2k54g=
2022.6.20 06:38:42#result:RESULT>OK^RESULT_CODE>000^3DSECURE>SKIPPED^RRN>217106655264^APPROVAL_CODE>623458^CARD_NUMBER>999999*********1168^AMOUNT>1863000^CARDNAME>mb account^DESCRIPTION>6MSC21110518^TRANS_DATE>2022-06-20 12:38:37 PM
2022.6.20 06:38:42#310120063842
2022.6.20 06:38:42#310120063842
2022.6.20 06:38:42#310120063842
2022.6.20 06:38:42#310120063842
2022.6.20 06:38:42#310120063842
2022.6.20 06:38:42#310120063842
2022.6.20 06:38:42#310120063842
2022.6.20 06:38:42#310120063842
2022.6.20 06:38:42#310120063842
2022.6.20 06:38:42#310120063842
2022.6.20 06:38:42#310120063842
2022.6.20 06:38:42#310120063842
2022.6.20 06:38:42#=================== Transaction Completed =======================
2022.6.20 06:41:52#=================== Start New Transaction ===================
2022.6.20 06:41:52#txnrefnum:BBD2206171
2022.6.20 06:41:52#clientIp:119.30.47.254
2022.6.20 06:41:52#card type:6
2022.6.20 06:41:52#totalamount:402000
2022.6.20 06:41:57#result:TRANSACTION_ID:KjfDuBMQszRYPIjbEy8fEY1Vsxk=
2022.6.20 06:41:57#Forward to DBBL Payment Gateway Page: https://ecom1.dutchbanglabank.com/ecomm2/ClientHandler?card_type=6&trans_id=KjfDuBMQszRYPIjbEy8fEY1Vsxk%3D
2022.6.20 06:42:24#---------------------- Complete New Transaction---------------------
2022.6.20 06:42:24#Get trans_id From Post Value:KjfDuBMQszRYPIjbEy8fEY1Vsxk=
2022.6.20 06:42:24#clientIp:119.30.47.254
2022.6.20 06:42:24#trans_id:KjfDuBMQszRYPIjbEy8fEY1Vsxk=
2022.6.20 06:42:27#result:RESULT>OK^RESULT_CODE>000^3DSECURE>SKIPPED^RRN>217106655613^APPROVAL_CODE>480178^CARD_NUMBER>999999*********0266^AMOUNT>402000^CARDNAME>mb account^DESCRIPTION>6BBD2206171^TRANS_DATE>2022-06-20 12:42:22 PM
2022.6.20 06:42:27#24113220064227
2022.6.20 06:42:27#24113220064227
2022.6.20 06:42:27#24113220064227
2022.6.20 06:42:27#24113220064227
2022.6.20 06:42:27#24113220064227
2022.6.20 06:42:27#=================== Transaction Completed =======================
2022.6.20 06:50:21#=================== Start New Transaction ===================
2022.6.20 06:50:21#txnrefnum:MSC21111330
2022.6.20 06:50:21#clientIp:37.111.201.80
2022.6.20 06:50:21#card type:6
2022.6.20 06:50:21#totalamount:1045000
2022.6.20 06:50:26#result:TRANSACTION_ID:kWJ3GnYqxUfqIeoWh70OuW0FyOA=
2022.6.20 06:50:26#Forward to DBBL Payment Gateway Page: https://ecom1.dutchbanglabank.com/ecomm2/ClientHandler?card_type=6&trans_id=kWJ3GnYqxUfqIeoWh70OuW0FyOA%3D
2022.6.20 06:52:05#---------------------- Complete New Transaction---------------------
2022.6.20 06:52:05#Get trans_id From Post Value:kWJ3GnYqxUfqIeoWh70OuW0FyOA=
2022.6.20 06:52:05#clientIp:37.111.201.80
2022.6.20 06:52:05#trans_id:kWJ3GnYqxUfqIeoWh70OuW0FyOA=
2022.6.20 06:52:08#result:RESULT>OK^RESULT_CODE>000^3DSECURE>SKIPPED^RRN>217106656590^APPROVAL_CODE>686036^CARD_NUMBER>999999*********1168^AMOUNT>1045000^CARDNAME>mb account^DESCRIPTION>6MSC21111330^TRANS_DATE>2022-06-20 12:52:03 PM
2022.6.20 06:52:08#887620065208
2022.6.20 06:52:08#887620065208
2022.6.20 06:52:08#887620065208
2022.6.20 06:52:08#887620065208
2022.6.20 06:52:08#887620065208
2022.6.20 06:52:08#887620065208
2022.6.20 06:52:08#=================== Transaction Completed =======================
2022.6.20 06:55:59#=================== Start New Transaction ===================
2022.6.20 06:55:59#txnrefnum:MSC21110582
2022.6.20 06:55:59#clientIp:37.111.201.80
2022.6.20 06:55:59#card type:6
2022.6.20 06:55:59#totalamount:1163000
2022.6.20 06:56:05#result:TRANSACTION_ID:yzvTCar4JkXjOgV52OMa4Mq1Qf4=
2022.6.20 06:56:05#Forward to DBBL Payment Gateway Page: https://ecom1.dutchbanglabank.com/ecomm2/ClientHandler?card_type=6&trans_id=yzvTCar4JkXjOgV52OMa4Mq1Qf4%3D
2022.6.20 06:56:23#---------------------- Complete New Transaction---------------------
2022.6.20 06:56:23#Get trans_id From Post Value:yzvTCar4JkXjOgV52OMa4Mq1Qf4=
2022.6.20 06:56:23#clientIp:37.111.201.80
2022.6.20 06:56:23#trans_id:yzvTCar4JkXjOgV52OMa4Mq1Qf4=
2022.6.20 06:56:26#result:RESULT>OK^RESULT_CODE>000^3DSECURE>SKIPPED^RRN>217106657030^APPROVAL_CODE>745428^CARD_NUMBER>999999*********1168^AMOUNT>1163000^CARDNAME>mb account^DESCRIPTION>6MSC21110582^TRANS_DATE>2022-06-20 12:56:22 PM
2022.6.20 06:56:26#385720065626
2022.6.20 06:56:26#385720065626
2022.6.20 06:56:26#385720065626
2022.6.20 06:56:26#385720065626
2022.6.20 06:56:26#385720065626
2022.6.20 06:56:26#385720065626
2022.6.20 06:56:26#385720065626
2022.6.20 06:56:26#=================== Transaction Completed =======================
2022.6.20 07:11:29#=================== Start New Transaction ===================
2022.6.20 07:11:29#txnrefnum:BBM2002071
2022.6.20 07:11:29#clientIp:119.30.47.254
2022.6.20 07:11:29#card type:6
2022.6.20 07:11:29#totalamount:62000
2022.6.20 07:11:33#result:TRANSACTION_ID:8sKXNZO4N1jPwI5oko8Q5cGPzrY=
2022.6.20 07:11:33#Forward to DBBL Payment Gateway Page: https://ecom1.dutchbanglabank.com/ecomm2/ClientHandler?card_type=6&trans_id=8sKXNZO4N1jPwI5oko8Q5cGPzrY%3D
2022.6.20 07:12:11#---------------------- Complete New Transaction---------------------
2022.6.20 07:12:11#Get trans_id From Post Value:8sKXNZO4N1jPwI5oko8Q5cGPzrY=
2022.6.20 07:12:11#clientIp:119.30.47.254
2022.6.20 07:12:11#trans_id:8sKXNZO4N1jPwI5oko8Q5cGPzrY=
2022.6.20 07:12:14#result:RESULT>OK^RESULT_CODE>000^3DSECURE>SKIPPED^RRN>217107658479^APPROVAL_CODE>777956^CARD_NUMBER>999999*********0266^AMOUNT>62000^CARDNAME>mb account^DESCRIPTION>6BBM2002071^TRANS_DATE>2022-06-20 01:12:10 PM
2022.6.20 07:12:14#30773120071214
2022.6.20 07:12:14#=================== Transaction Completed =======================
2022.6.20 08:30:25#=================== Start New Transaction ===================
2022.6.20 08:30:25#txnrefnum:MBD2004176
2022.6.20 08:30:25#clientIp:202.134.10.142
2022.6.20 08:30:25#card type:6
2022.6.20 08:30:25#totalamount:1182000
2022.6.20 08:30:30#result:TRANSACTION_ID:y60K8fKNBmZKVPPsRDrxHwB7cek=
2022.6.20 08:30:30#Forward to DBBL Payment Gateway Page: https://ecom1.dutchbanglabank.com/ecomm2/ClientHandler?card_type=6&trans_id=y60K8fKNBmZKVPPsRDrxHwB7cek%3D
2022.6.20 08:30:53#---------------------- Complete New Transaction---------------------
2022.6.20 08:30:53#Get trans_id From Post Value:y60K8fKNBmZKVPPsRDrxHwB7cek=
2022.6.20 08:30:53#clientIp:202.134.10.142
2022.6.20 08:30:53#trans_id:y60K8fKNBmZKVPPsRDrxHwB7cek=
2022.6.20 08:30:55#result:RESULT>OK^RESULT_CODE>000^3DSECURE>SKIPPED^RRN>217108665752^APPROVAL_CODE>163651^CARD_NUMBER>999999*********7532^AMOUNT>1182000^CARDNAME>mb account^DESCRIPTION>6MBD2004176^TRANS_DATE>2022-06-20 02:30:52 PM
2022.6.20 08:30:55#14081620083055
2022.6.20 08:30:55#14081620083055
2022.6.20 08:30:55#14081620083055
2022.6.20 08:30:55#14081620083055
2022.6.20 08:30:55#14081620083055
2022.6.20 08:30:55#14081620083055
2022.6.20 08:30:55#14081620083055
2022.6.20 08:30:55#14081620083055
2022.6.20 08:30:55#=================== Transaction Completed =======================
2022.6.20 09:12:11#=================== Start New Transaction ===================
2022.6.20 09:12:11#txnrefnum:BBM2201182
2022.6.20 09:12:11#clientIp:58.145.189.237
2022.6.20 09:12:11#card type:6
2022.6.20 09:12:11#totalamount:62000
2022.6.20 09:12:43#result:TRANSACTION_ID:ivdqYn9mXn3O6unEW3Co9sITiwA=
2022.6.20 09:12:43#Forward to DBBL Payment Gateway Page: https://ecom1.dutchbanglabank.com/ecomm2/ClientHandler?card_type=6&trans_id=ivdqYn9mXn3O6unEW3Co9sITiwA%3D
2022.6.20 10:04:50#=================== Start New Transaction ===================
2022.6.20 10:04:50#txnrefnum:MEM2002051
2022.6.20 10:04:50#clientIp:103.160.20.145
2022.6.20 10:04:50#card type:6
2022.6.20 10:04:50#totalamount:2000
2022.6.20 10:04:58#result:TRANSACTION_ID:9k1udWxa8deiHh504oRC9oD2HZs=
2022.6.20 10:04:58#Forward to DBBL Payment Gateway Page: https://ecom1.dutchbanglabank.com/ecomm2/ClientHandler?card_type=6&trans_id=9k1udWxa8deiHh504oRC9oD2HZs%3D
2022.6.20 10:04:58#=================== Start New Transaction ===================
2022.6.20 10:04:58#txnrefnum:MEM2002051
2022.6.20 10:04:58#clientIp:103.160.20.145
2022.6.20 10:04:58#card type:6
2022.6.20 10:04:58#totalamount:2000
2022.6.20 10:05:03#result:TRANSACTION_ID:xhpP5Swixmqrfw2Dw7Lm97qsPU0=
2022.6.20 10:05:03#Forward to DBBL Payment Gateway Page: https://ecom1.dutchbanglabank.com/ecomm2/ClientHandler?card_type=6&trans_id=xhpP5Swixmqrfw2Dw7Lm97qsPU0%3D
2022.6.20 10:26:51#=================== Start New Transaction ===================
2022.6.20 10:26:51#txnrefnum:MBD2005186
2022.6.20 10:26:51#clientIp:202.134.10.142
2022.6.20 10:26:51#card type:6
2022.6.20 10:26:51#totalamount:322000
2022.6.20 10:27:03#result:TRANSACTION_ID:B88hMPiPRRaONwG4KQHDnPA4NjE=
2022.6.20 10:27:04#Forward to DBBL Payment Gateway Page: https://ecom1.dutchbanglabank.com/ecomm2/ClientHandler?card_type=6&trans_id=B88hMPiPRRaONwG4KQHDnPA4NjE%3D
2022.6.20 10:28:14#---------------------- Complete New Transaction---------------------
2022.6.20 10:28:14#Get trans_id From Post Value:B88hMPiPRRaONwG4KQHDnPA4NjE=
2022.6.20 10:28:14#clientIp:202.134.10.142
2022.6.20 10:28:14#trans_id:B88hMPiPRRaONwG4KQHDnPA4NjE=
2022.6.20 10:28:17#result:RESULT>OK^RESULT_CODE>000^3DSECURE>SKIPPED^RRN>217110675768^APPROVAL_CODE>541512^CARD_NUMBER>999999*********7532^AMOUNT>322000^CARDNAME>mb account^DESCRIPTION>6MBD2005186^TRANS_DATE>2022-06-20 04:28:12 PM
2022.6.20 10:28:17#16288520102817
2022.6.20 10:28:17#16288520102817
2022.6.20 10:28:17#16288520102817
2022.6.20 10:28:17#16288520102817
2022.6.20 10:28:17#=================== Transaction Completed =======================
2022.6.20 10:51:14#=================== Start New Transaction ===================
2022.6.20 10:51:14#txnrefnum:MSC21111321
2022.6.20 10:51:14#clientIp:103.67.158.177
2022.6.20 10:51:14#card type:6
2022.6.20 10:51:14#totalamount:1685000
2022.6.20 10:51:20#result:TRANSACTION_ID:l5Q2Ew49a9YP4SHaxIzjieSzDkM=
2022.6.20 10:51:20#Forward to DBBL Payment Gateway Page: https://ecom1.dutchbanglabank.com/ecomm2/ClientHandler?card_type=6&trans_id=l5Q2Ew49a9YP4SHaxIzjieSzDkM%3D
2022.6.20 10:55:19#=================== Start New Transaction ===================
2022.6.20 10:55:19#txnrefnum:MSC21111321
2022.6.20 10:55:19#clientIp:103.67.158.179
2022.6.20 10:55:19#card type:6
2022.6.20 10:55:19#totalamount:1685000
2022.6.20 10:55:23#result:TRANSACTION_ID:WraiaToHcpcMdfBHztko6Xe96Qo=
2022.6.20 10:55:23#Forward to DBBL Payment Gateway Page: https://ecom1.dutchbanglabank.com/ecomm2/ClientHandler?card_type=6&trans_id=WraiaToHcpcMdfBHztko6Xe96Qo%3D
2022.6.20 10:56:34#---------------------- Complete New Transaction---------------------
2022.6.20 10:56:34#Get trans_id From Post Value:WraiaToHcpcMdfBHztko6Xe96Qo=
2022.6.20 10:56:34#clientIp:103.67.158.180
2022.6.20 10:56:34#trans_id:WraiaToHcpcMdfBHztko6Xe96Qo=
2022.6.20 10:56:37#result:RESULT>OK^RESULT_CODE>000^3DSECURE>SKIPPED^RRN>217110677966^APPROVAL_CODE>637566^CARD_NUMBER>999999*********2450^AMOUNT>1685000^CARDNAME>mb account^DESCRIPTION>6MSC21111321^TRANS_DATE>2022-06-20 04:56:33 PM
2022.6.20 10:56:37#876820105637
2022.6.20 10:56:37#876820105637
2022.6.20 10:56:37#876820105637
2022.6.20 10:56:37#876820105637
2022.6.20 10:56:37#876820105637
2022.6.20 10:56:37#876820105637
2022.6.20 10:56:37#876820105637
2022.6.20 10:56:37#876820105637
2022.6.20 10:56:37#876820105637
2022.6.20 10:56:37#876820105637
2022.6.20 10:56:37#=================== Transaction Completed =======================
2022.6.20 11:39:32#=================== Start New Transaction ===================
2022.6.20 11:39:32#txnrefnum:MBM2203645
2022.6.20 11:39:32#clientIp:103.204.246.58
2022.6.20 11:39:32#card type:6
2022.6.20 11:39:32#totalamount:2000
2022.6.20 11:39:36#result:TRANSACTION_ID:R2Z18QXxB3prZkfQoT8EMJcuBS0=
2022.6.20 11:39:36#Forward to DBBL Payment Gateway Page: https://ecom1.dutchbanglabank.com/ecomm2/ClientHandler?card_type=6&trans_id=R2Z18QXxB3prZkfQoT8EMJcuBS0%3D
2022.6.20 12:17:46#=================== Start New Transaction ===================
2022.6.20 12:17:46#txnrefnum:BBD2006088
2022.6.20 12:17:46#clientIp:202.134.10.134
2022.6.20 12:17:46#card type:6
2022.6.20 12:17:46#totalamount:83000
2022.6.20 12:18:00#result:TRANSACTION_ID:GAStRh5VSvL1uoSzPG2Lyy2EtAg=
2022.6.20 12:18:00#Forward to DBBL Payment Gateway Page: https://ecom1.dutchbanglabank.com/ecomm2/ClientHandler?card_type=6&trans_id=GAStRh5VSvL1uoSzPG2Lyy2EtAg%3D
2022.6.20 12:19:30#=================== Start New Transaction ===================
2022.6.20 12:19:30#txnrefnum:BBD2006088
2022.6.20 12:19:30#clientIp:202.134.10.134
2022.6.20 12:19:30#card type:6
2022.6.20 12:19:30#totalamount:83000
2022.6.20 12:19:36#=================== Start New Transaction ===================
2022.6.20 12:19:36#txnrefnum:BBD2006088
2022.6.20 12:19:36#clientIp:202.134.10.134
2022.6.20 12:19:36#card type:6
2022.6.20 12:19:36#totalamount:83000
2022.6.20 12:19:41#result:TRANSACTION_ID:l9pnVbosmfte4VtLqSPao86rXnQ=
2022.6.20 12:19:41#Forward to DBBL Payment Gateway Page: https://ecom1.dutchbanglabank.com/ecomm2/ClientHandler?card_type=6&trans_id=l9pnVbosmfte4VtLqSPao86rXnQ%3D
2022.6.20 12:19:47#result:TRANSACTION_ID:PKrftRZvJX0aAV1go4MWIOGiAhA=
2022.6.20 12:19:47#Forward to DBBL Payment Gateway Page: https://ecom1.dutchbanglabank.com/ecomm2/ClientHandler?card_type=6&trans_id=PKrftRZvJX0aAV1go4MWIOGiAhA%3D
2022.6.20 12:26:54#=================== Start New Transaction ===================
2022.6.20 12:26:54#txnrefnum:BBD2006088
2022.6.20 12:26:54#clientIp:202.134.10.134
2022.6.20 12:26:54#card type:6
2022.6.20 12:26:54#totalamount:82000
2022.6.20 12:27:02#result:TRANSACTION_ID:9smIjsSWbPnYivHRL8eNFhO2SeE=
2022.6.20 12:27:02#Forward to DBBL Payment Gateway Page: https://ecom1.dutchbanglabank.com/ecomm2/ClientHandler?card_type=6&trans_id=9smIjsSWbPnYivHRL8eNFhO2SeE%3D
2022.6.20 12:45:26#=================== Start New Transaction ===================
2022.6.20 12:45:26#txnrefnum:BBD2006088
2022.6.20 12:45:26#clientIp:202.134.10.134
2022.6.20 12:45:26#card type:6
2022.6.20 12:45:26#totalamount:82000
2022.6.20 12:45:35#result:TRANSACTION_ID:D1Su2iW0OSYMEyZO4lPteVznxW8=
2022.6.20 12:45:35#Forward to DBBL Payment Gateway Page: https://ecom1.dutchbanglabank.com/ecomm2/ClientHandler?card_type=6&trans_id=D1Su2iW0OSYMEyZO4lPteVznxW8%3D
2022.6.20 12:46:41#---------------------- Complete New Transaction---------------------
2022.6.20 12:46:41#Get trans_id From Post Value:D1Su2iW0OSYMEyZO4lPteVznxW8=
2022.6.20 12:46:41#clientIp:202.134.10.134
2022.6.20 12:46:41#trans_id:D1Su2iW0OSYMEyZO4lPteVznxW8=
2022.6.20 12:46:45#result:RESULT>OK^RESULT_CODE>000^3DSECURE>SKIPPED^RRN>217112686916^APPROVAL_CODE>157903^CARD_NUMBER>999999*********8788^AMOUNT>82000^CARDNAME>mb account^DESCRIPTION>6BBD2006088^TRANS_DATE>2022-06-20 06:46:39 PM
2022.6.20 12:46:45#31141320124645
2022.6.20 12:46:45#=================== Transaction Completed =======================
2022.6.20 12:49:25#=================== Start New Transaction ===================
2022.6.20 12:49:25#txnrefnum:BBD2006088
2022.6.20 12:49:25#clientIp:202.134.10.134
2022.6.20 12:49:25#card type:6
2022.6.20 12:49:25#totalamount:82000
2022.6.20 12:49:35#result:TRANSACTION_ID:M9ojCAqhi5RsXchsHv9yDJJGMNg=
2022.6.20 12:49:35#Forward to DBBL Payment Gateway Page: https://ecom1.dutchbanglabank.com/ecomm2/ClientHandler?card_type=6&trans_id=M9ojCAqhi5RsXchsHv9yDJJGMNg%3D
2022.6.20 12:50:21#---------------------- Complete New Transaction---------------------
2022.6.20 12:50:21#Get trans_id From Post Value:M9ojCAqhi5RsXchsHv9yDJJGMNg=
2022.6.20 12:50:21#clientIp:202.134.10.134
2022.6.20 12:50:21#trans_id:M9ojCAqhi5RsXchsHv9yDJJGMNg=
2022.6.20 12:50:26#result:RESULT>OK^RESULT_CODE>000^3DSECURE>SKIPPED^RRN>217112687228^APPROVAL_CODE>251272^CARD_NUMBER>999999*********8788^AMOUNT>82000^CARDNAME>mb account^DESCRIPTION>6BBD2006088^TRANS_DATE>2022-06-20 06:50:20 PM
2022.6.20 12:50:26#25305720125026
2022.6.20 12:50:26#=================== Transaction Completed =======================
2022.6.20 12:54:42#=================== Start New Transaction ===================
2022.6.20 12:54:42#txnrefnum:BBD2006137
2022.6.20 12:54:42#clientIp:202.134.10.134
2022.6.20 12:54:42#card type:6
2022.6.20 12:54:42#totalamount:162000
2022.6.20 12:54:52#result:TRANSACTION_ID:Qjw45FzBcOMNOTl0OiztsKaK2Z4=
2022.6.20 12:54:52#Forward to DBBL Payment Gateway Page: https://ecom1.dutchbanglabank.com/ecomm2/ClientHandler?card_type=6&trans_id=Qjw45FzBcOMNOTl0OiztsKaK2Z4%3D
2022.6.20 12:55:38#---------------------- Complete New Transaction---------------------
2022.6.20 12:55:38#Get trans_id From Post Value:Qjw45FzBcOMNOTl0OiztsKaK2Z4=
2022.6.20 12:55:38#clientIp:202.134.10.134
2022.6.20 12:55:38#trans_id:Qjw45FzBcOMNOTl0OiztsKaK2Z4=
2022.6.20 12:55:42#result:RESULT>OK^RESULT_CODE>000^3DSECURE>SKIPPED^RRN>217112687693^APPROVAL_CODE>262853^CARD_NUMBER>999999*********8788^AMOUNT>162000^CARDNAME>mb account^DESCRIPTION>6BBD2006137^TRANS_DATE>2022-06-20 06:55:37 PM
2022.6.20 12:55:42#25327320125542
2022.6.20 12:55:42#25327320125542
2022.6.20 12:55:42#=================== Transaction Completed =======================
2022.6.20 12:58:58#=================== Start New Transaction ===================
2022.6.20 12:58:58#txnrefnum:BBD2006202
2022.6.20 12:58:58#clientIp:202.134.10.134
2022.6.20 12:58:58#card type:6
2022.6.20 12:58:58#totalamount:82000
2022.6.20 12:59:04#result:TRANSACTION_ID:GLAFm9DoN99GuzQkGQC1lVe90P8=
2022.6.20 12:59:04#Forward to DBBL Payment Gateway Page: https://ecom1.dutchbanglabank.com/ecomm2/ClientHandler?card_type=6&trans_id=GLAFm9DoN99GuzQkGQC1lVe90P8%3D
2022.6.20 13:00:59#=================== Start New Transaction ===================
2022.6.20 13:00:59#txnrefnum:BBD2006202
2022.6.20 13:00:59#clientIp:202.134.10.134
2022.6.20 13:00:59#card type:6
2022.6.20 13:00:59#totalamount:82000
2022.6.20 13:01:06#result:TRANSACTION_ID:6JYUgZnaPBsr86JBtDqf5M2DwWQ=
2022.6.20 13:01:06#Forward to DBBL Payment Gateway Page: https://ecom1.dutchbanglabank.com/ecomm2/ClientHandler?card_type=6&trans_id=6JYUgZnaPBsr86JBtDqf5M2DwWQ%3D
2022.6.20 13:09:13#=================== Start New Transaction ===================
2022.6.20 13:09:13#txnrefnum:BBD2006202
2022.6.20 13:09:13#clientIp:202.134.14.146
2022.6.20 13:09:13#card type:6
2022.6.20 13:09:13#totalamount:82000
2022.6.20 13:09:18#result:TRANSACTION_ID:Y469MdziYZXMEM8RqSvolIfmPIE=
2022.6.20 13:09:18#Forward to DBBL Payment Gateway Page: https://ecom1.dutchbanglabank.com/ecomm2/ClientHandler?card_type=6&trans_id=Y469MdziYZXMEM8RqSvolIfmPIE%3D
2022.6.20 13:13:41#=================== Start New Transaction ===================
2022.6.20 13:13:41#txnrefnum:BBD2006080
2022.6.20 13:13:41#clientIp:202.134.14.146
2022.6.20 13:13:41#card type:6
2022.6.20 13:13:41#totalamount:82000
2022.6.20 13:13:46#result:TRANSACTION_ID:vgjeNaXon15Mgw4WVx16FeWPk2M=
2022.6.20 13:13:46#Forward to DBBL Payment Gateway Page: https://ecom1.dutchbanglabank.com/ecomm2/ClientHandler?card_type=6&trans_id=vgjeNaXon15Mgw4WVx16FeWPk2M%3D
2022.6.20 13:14:30#---------------------- Complete New Transaction---------------------
2022.6.20 13:14:30#Get trans_id From Post Value:vgjeNaXon15Mgw4WVx16FeWPk2M=
2022.6.20 13:14:30#clientIp:202.134.14.146
2022.6.20 13:14:30#trans_id:vgjeNaXon15Mgw4WVx16FeWPk2M=
2022.6.20 13:14:32#result:RESULT>OK^RESULT_CODE>000^3DSECURE>SKIPPED^RRN>217113689218^APPROVAL_CODE>354432^CARD_NUMBER>999999*********8788^AMOUNT>82000^CARDNAME>mb account^DESCRIPTION>6BBD2006080^TRANS_DATE>2022-06-20 07:14:29 PM
2022.6.20 13:14:32#31141020011432
2022.6.20 13:14:32#=================== Transaction Completed =======================
2022.6.20 15:52:42#=================== Start New Transaction ===================
2022.6.20 15:52:42#txnrefnum:MBD2007394
2022.6.20 15:52:42#clientIp:103.58.75.8
2022.6.20 15:52:42#card type:6
2022.6.20 15:52:42#totalamount:322000
2022.6.20 15:52:46#result:TRANSACTION_ID:18K0xqPowBScLFrTYprNZCkNiy0=
2022.6.20 15:52:46#Forward to DBBL Payment Gateway Page: https://ecom1.dutchbanglabank.com/ecomm2/ClientHandler?card_type=6&trans_id=18K0xqPowBScLFrTYprNZCkNiy0%3D
2022.6.20 15:53:55#---------------------- Complete New Transaction---------------------
2022.6.20 15:53:55#Get trans_id From Post Value:18K0xqPowBScLFrTYprNZCkNiy0=
2022.6.20 15:53:55#clientIp:103.58.75.8
2022.6.20 15:53:55#trans_id:18K0xqPowBScLFrTYprNZCkNiy0=
2022.6.20 15:53:57#result:RESULT>OK^RESULT_CODE>000^3DSECURE>SKIPPED^RRN>217115701589^APPROVAL_CODE>243687^CARD_NUMBER>999999*********6230^AMOUNT>322000^CARDNAME>mb account^DESCRIPTION>6MBD2007394^TRANS_DATE>2022-06-20 09:53:54 PM
2022.6.20 15:53:57#19669120035357
2022.6.20 15:53:57#19669120035357
2022.6.20 15:53:57#19669120035357
2022.6.20 15:53:57#19669120035357
2022.6.20 15:53:57#=================== Transaction Completed =======================