
2022.8.9 04:26:13#=================== Start New Transaction ===================
2022.8.9 04:26:13#txnrefnum:BBD2008122
2022.8.9 04:26:13#clientIp:103.138.120.253
2022.8.9 04:26:13#card type:6
2022.8.9 04:26:13#totalamount:242000
2022.8.9 04:26:18#result:TRANSACTION_ID:niMvx0Sxy5rfz4Bl9AoadLvL1m8=
2022.8.9 04:26:18#Forward to DBBL Payment Gateway Page: https://ecom1.dutchbanglabank.com/ecomm2/ClientHandler?card_type=6&trans_id=niMvx0Sxy5rfz4Bl9AoadLvL1m8%3D
2022.8.9 04:27:20#---------------------- Complete New Transaction---------------------
2022.8.9 04:27:20#Get trans_id From Post Value:niMvx0Sxy5rfz4Bl9AoadLvL1m8=
2022.8.9 04:27:20#clientIp:103.138.120.253
2022.8.9 04:27:20#trans_id:niMvx0Sxy5rfz4Bl9AoadLvL1m8=
2022.8.9 04:27:22#result:RESULT>OK^RESULT_CODE>000^3DSECURE>SKIPPED^RRN>222104342083^APPROVAL_CODE>435321^CARD_NUMBER>999999*********8266^AMOUNT>242000^CARDNAME>mb account^DESCRIPTION>6BBD2008122^TRANS_DATE>2022-08-09 10:27:19 AM
2022.8.9 04:27:22#26855309042722
2022.8.9 04:27:22#26855309042722
2022.8.9 04:27:22#26855309042722
2022.8.9 04:27:22#26855309042722
2022.8.9 04:27:22#26855309042722
2022.8.9 04:27:22#26855309042722
2022.8.9 04:27:22#=================== Transaction Completed =======================
2022.8.9 04:29:26#=================== Start New Transaction ===================
2022.8.9 04:29:26#txnrefnum:BBD2201289
2022.8.9 04:29:26#clientIp:103.138.120.253
2022.8.9 04:29:26#card type:6
2022.8.9 04:29:26#totalamount:242000
2022.8.9 04:29:30#result:TRANSACTION_ID:lQMfWYfu3sL5L21C5SxAihMQQmY=
2022.8.9 04:29:30#Forward to DBBL Payment Gateway Page: https://ecom1.dutchbanglabank.com/ecomm2/ClientHandler?card_type=6&trans_id=lQMfWYfu3sL5L21C5SxAihMQQmY%3D
2022.8.9 04:30:12#---------------------- Complete New Transaction---------------------
2022.8.9 04:30:12#Get trans_id From Post Value:lQMfWYfu3sL5L21C5SxAihMQQmY=
2022.8.9 04:30:12#clientIp:103.138.120.253
2022.8.9 04:30:12#trans_id:lQMfWYfu3sL5L21C5SxAihMQQmY=
2022.8.9 04:30:14#result:RESULT>OK^RESULT_CODE>000^3DSECURE>SKIPPED^RRN>222104342287^APPROVAL_CODE>393211^CARD_NUMBER>999999*********0605^AMOUNT>242000^CARDNAME>mb account^DESCRIPTION>6BBD2201289^TRANS_DATE>2022-08-09 10:30:11 AM
2022.8.9 04:30:15#22315509043014
2022.8.9 04:30:15#22315509043014
2022.8.9 04:30:15#22315509043014
2022.8.9 04:30:15#22315509043014
2022.8.9 04:30:15#22315509043014
2022.8.9 04:30:15#22315509043014
2022.8.9 04:30:15#=================== Transaction Completed =======================
2022.8.9 04:44:46#=================== Start New Transaction ===================
2022.8.9 04:44:46#txnrefnum:MBM2202179
2022.8.9 04:44:46#clientIp:116.206.254.112
2022.8.9 04:44:46#card type:6
2022.8.9 04:44:46#totalamount:82000
2022.8.9 04:44:50#result:TRANSACTION_ID:MNgdKo1hyqCjo729dS7gphzVSKc=
2022.8.9 04:44:50#Forward to DBBL Payment Gateway Page: https://ecom1.dutchbanglabank.com/ecomm2/ClientHandler?card_type=6&trans_id=MNgdKo1hyqCjo729dS7gphzVSKc%3D
2022.8.9 04:45:50#---------------------- Complete New Transaction---------------------
2022.8.9 04:45:50#Get trans_id From Post Value:MNgdKo1hyqCjo729dS7gphzVSKc=
2022.8.9 04:45:50#clientIp:116.206.254.112
2022.8.9 04:45:50#trans_id:MNgdKo1hyqCjo729dS7gphzVSKc=
2022.8.9 04:45:52#result:RESULT>OK^RESULT_CODE>000^3DSECURE>SKIPPED^RRN>222104343473^APPROVAL_CODE>489649^CARD_NUMBER>999999*********7336^AMOUNT>82000^CARDNAME>mb account^DESCRIPTION>6MBM2202179^TRANS_DATE>2022-08-09 10:45:49 AM
2022.8.9 04:45:52#8496109044552
2022.8.9 04:45:52#8496109044552
2022.8.9 04:45:52#=================== Transaction Completed =======================
2022.8.9 04:47:25#=================== Start New Transaction ===================
2022.8.9 04:47:25#txnrefnum:MBM2202179
2022.8.9 04:47:25#clientIp:116.206.254.112
2022.8.9 04:47:25#card type:6
2022.8.9 04:47:25#totalamount:82000
2022.8.9 04:47:29#result:TRANSACTION_ID:LKSurv3Zb51G6hRAEwVZdjjJgxw=
2022.8.9 04:47:29#Forward to DBBL Payment Gateway Page: https://ecom1.dutchbanglabank.com/ecomm2/ClientHandler?card_type=6&trans_id=LKSurv3Zb51G6hRAEwVZdjjJgxw%3D
2022.8.9 04:48:12#---------------------- Complete New Transaction---------------------
2022.8.9 04:48:12#Get trans_id From Post Value:LKSurv3Zb51G6hRAEwVZdjjJgxw=
2022.8.9 04:48:12#clientIp:116.206.254.112
2022.8.9 04:48:12#trans_id:LKSurv3Zb51G6hRAEwVZdjjJgxw=
2022.8.9 04:48:14#result:RESULT>OK^RESULT_CODE>000^3DSECURE>SKIPPED^RRN>222104343638^APPROVAL_CODE>495508^CARD_NUMBER>999999*********7336^AMOUNT>82000^CARDNAME>mb account^DESCRIPTION>6MBM2202179^TRANS_DATE>2022-08-09 10:48:11 AM
2022.8.9 04:48:14#8496209044814
2022.8.9 04:48:14#8496209044814
2022.8.9 04:48:14#=================== Transaction Completed =======================
2022.8.9 04:49:21#=================== Start New Transaction ===================
2022.8.9 04:49:21#txnrefnum:MBM2202179
2022.8.9 04:49:21#clientIp:116.206.254.112
2022.8.9 04:49:21#card type:6
2022.8.9 04:49:21#totalamount:82000
2022.8.9 04:49:25#result:TRANSACTION_ID:m4iI15PvpDHmH1EJXrOy60PFuFI=
2022.8.9 04:49:25#Forward to DBBL Payment Gateway Page: https://ecom1.dutchbanglabank.com/ecomm2/ClientHandler?card_type=6&trans_id=m4iI15PvpDHmH1EJXrOy60PFuFI%3D
2022.8.9 04:49:59#---------------------- Complete New Transaction---------------------
2022.8.9 04:49:59#Get trans_id From Post Value:m4iI15PvpDHmH1EJXrOy60PFuFI=
2022.8.9 04:49:59#clientIp:116.206.254.112
2022.8.9 04:49:59#trans_id:m4iI15PvpDHmH1EJXrOy60PFuFI=
2022.8.9 04:50:01#result:RESULT>OK^RESULT_CODE>000^3DSECURE>SKIPPED^RRN>222104343770^APPROVAL_CODE>428045^CARD_NUMBER>999999*********7336^AMOUNT>82000^CARDNAME>mb account^DESCRIPTION>6MBM2202179^TRANS_DATE>2022-08-09 10:49:58 AM
2022.8.9 04:50:02#8496309045001
2022.8.9 04:50:02#8496309045001
2022.8.9 04:50:02#=================== Transaction Completed =======================
2022.8.9 04:57:46#=================== Start New Transaction ===================
2022.8.9 04:57:46#txnrefnum:BBD2201263
2022.8.9 04:57:46#clientIp:103.100.95.18
2022.8.9 04:57:46#card type:6
2022.8.9 04:57:46#totalamount:82000
2022.8.9 04:57:49#result:TRANSACTION_ID:Myy4WvnVHPG5VeaYeRfULaIpBtY=
2022.8.9 04:57:50#Forward to DBBL Payment Gateway Page: https://ecom1.dutchbanglabank.com/ecomm2/ClientHandler?card_type=6&trans_id=Myy4WvnVHPG5VeaYeRfULaIpBtY%3D
2022.8.9 04:58:43#---------------------- Complete New Transaction---------------------
2022.8.9 04:58:43#Get trans_id From Post Value:Myy4WvnVHPG5VeaYeRfULaIpBtY=
2022.8.9 04:58:43#clientIp:103.100.95.18
2022.8.9 04:58:43#trans_id:Myy4WvnVHPG5VeaYeRfULaIpBtY=
2022.8.9 04:58:45#result:RESULT>OK^RESULT_CODE>000^3DSECURE>SKIPPED^RRN>222104344437^APPROVAL_CODE>520441^CARD_NUMBER>999999*********9096^AMOUNT>82000^CARDNAME>mb account^DESCRIPTION>6BBD2201263^TRANS_DATE>2022-08-09 10:58:43 AM
2022.8.9 04:58:46#22328909045845
2022.8.9 04:58:46#22328909045845
2022.8.9 04:58:46#=================== Transaction Completed =======================
2022.8.9 05:00:25#=================== Start New Transaction ===================
2022.8.9 05:00:25#txnrefnum:BBD2004052
2022.8.9 05:00:25#clientIp:103.100.95.18
2022.8.9 05:00:25#card type:6
2022.8.9 05:00:25#totalamount:82000
2022.8.9 05:00:29#result:TRANSACTION_ID:FDMfciOZAnEBFeSES4MITT8YC1I=
2022.8.9 05:00:29#Forward to DBBL Payment Gateway Page: https://ecom1.dutchbanglabank.com/ecomm2/ClientHandler?card_type=6&trans_id=FDMfciOZAnEBFeSES4MITT8YC1I%3D
2022.8.9 05:00:58#---------------------- Complete New Transaction---------------------
2022.8.9 05:00:58#Get trans_id From Post Value:FDMfciOZAnEBFeSES4MITT8YC1I=
2022.8.9 05:00:58#clientIp:103.100.95.18
2022.8.9 05:00:58#trans_id:FDMfciOZAnEBFeSES4MITT8YC1I=
2022.8.9 05:01:00#result:RESULT>OK^RESULT_CODE>000^3DSECURE>SKIPPED^RRN>222105344620^APPROVAL_CODE>587982^CARD_NUMBER>999999*********9096^AMOUNT>82000^CARDNAME>mb account^DESCRIPTION>6BBD2004052^TRANS_DATE>2022-08-09 11:00:57 AM
2022.8.9 05:01:00#24231409050100
2022.8.9 05:01:00#24231409050100
2022.8.9 05:01:00#=================== Transaction Completed =======================
2022.8.9 05:09:27#=================== Start New Transaction ===================
2022.8.9 05:09:27#txnrefnum:MBD2008033
2022.8.9 05:09:27#clientIp:141.0.8.249
2022.8.9 05:09:27#card type:6
2022.8.9 05:09:27#totalamount:482000
2022.8.9 05:09:31#result:TRANSACTION_ID:H9CFkJSH26AZsxdqvJP9Pt1axQs=
2022.8.9 05:09:31#Forward to DBBL Payment Gateway Page: https://ecom1.dutchbanglabank.com/ecomm2/ClientHandler?card_type=6&trans_id=H9CFkJSH26AZsxdqvJP9Pt1axQs%3D
2022.8.9 05:09:44#=================== Start New Transaction ===================
2022.8.9 05:09:44#txnrefnum:BBG2101124
2022.8.9 05:09:44#clientIp:103.138.120.253
2022.8.9 05:09:44#card type:6
2022.8.9 05:09:44#totalamount:242000
2022.8.9 05:09:48#result:TRANSACTION_ID:7K3znYymU9uKuIsOr1SSpdjMqWc=
2022.8.9 05:09:48#Forward to DBBL Payment Gateway Page: https://ecom1.dutchbanglabank.com/ecomm2/ClientHandler?card_type=6&trans_id=7K3znYymU9uKuIsOr1SSpdjMqWc%3D
2022.8.9 05:10:35#---------------------- Complete New Transaction---------------------
2022.8.9 05:10:35#Get trans_id From Post Value:7K3znYymU9uKuIsOr1SSpdjMqWc=
2022.8.9 05:10:35#clientIp:103.138.120.253
2022.8.9 05:10:35#trans_id:7K3znYymU9uKuIsOr1SSpdjMqWc=
2022.8.9 05:10:37#result:RESULT>OK^RESULT_CODE>000^3DSECURE>SKIPPED^RRN>222105345339^APPROVAL_CODE>604459^CARD_NUMBER>999999*********0605^AMOUNT>242000^CARDNAME>mb account^DESCRIPTION>6BBG2101124^TRANS_DATE>2022-08-09 11:10:34 AM
2022.8.9 05:10:38#22744309051037
2022.8.9 05:10:38#22744309051037
2022.8.9 05:10:38#22744309051037
2022.8.9 05:10:38#22744309051037
2022.8.9 05:10:38#22744309051037
2022.8.9 05:10:38#22744309051037
2022.8.9 05:10:38#=================== Transaction Completed =======================
2022.8.9 05:50:40#=================== Start New Transaction ===================
2022.8.9 05:50:40#txnrefnum:MBD2201883
2022.8.9 05:50:40#clientIp:103.100.232.13
2022.8.9 05:50:40#card type:6
2022.8.9 05:50:40#totalamount:622000
2022.8.9 05:50:43#result:TRANSACTION_ID:t7ry5P9lPIycmAOckyprqu9fiyY=
2022.8.9 05:50:44#Forward to DBBL Payment Gateway Page: https://ecom1.dutchbanglabank.com/ecomm2/ClientHandler?card_type=6&trans_id=t7ry5P9lPIycmAOckyprqu9fiyY%3D
2022.8.9 05:51:59#---------------------- Complete New Transaction---------------------
2022.8.9 05:51:59#Get trans_id From Post Value:t7ry5P9lPIycmAOckyprqu9fiyY=
2022.8.9 05:51:59#clientIp:103.100.232.13
2022.8.9 05:51:59#trans_id:t7ry5P9lPIycmAOckyprqu9fiyY=
2022.8.9 05:52:01#result:RESULT>OK^RESULT_CODE>000^3DSECURE>SKIPPED^RRN>222105348834^APPROVAL_CODE>830933^CARD_NUMBER>999999*********8118^AMOUNT>622000^CARDNAME>mb account^DESCRIPTION>6MBD2201883^TRANS_DATE>2022-08-09 11:51:57 AM
2022.8.9 05:52:01#32221209055201
2022.8.9 05:52:01#32221209055201
2022.8.9 05:52:01#32221209055201
2022.8.9 05:52:01#32221209055201
2022.8.9 05:52:01#32221209055201
2022.8.9 05:52:01#32221209055201
2022.8.9 05:52:01#32221209055201
2022.8.9 05:52:01#32221209055201
2022.8.9 05:52:01#32221209055201
2022.8.9 05:52:01#32221209055201
2022.8.9 05:52:01#32221209055201
2022.8.9 05:52:01#32221209055201
2022.8.9 05:52:01#32221209055201
2022.8.9 05:52:01#32221209055201
2022.8.9 05:52:01#32221209055201
2022.8.9 05:52:01#32221209055201
2022.8.9 05:52:01#=================== Transaction Completed =======================
2022.8.9 05:53:19#=================== Start New Transaction ===================
2022.8.9 05:53:19#txnrefnum:MBM2201443
2022.8.9 05:53:19#clientIp:203.188.246.54
2022.8.9 05:53:19#card type:6
2022.8.9 05:53:19#totalamount:302000
2022.8.9 05:53:23#result:TRANSACTION_ID:jOapK2OPlnsoIjJSSxEH2TlRbss=
2022.8.9 05:53:23#Forward to DBBL Payment Gateway Page: https://ecom1.dutchbanglabank.com/ecomm2/ClientHandler?card_type=6&trans_id=jOapK2OPlnsoIjJSSxEH2TlRbss%3D
2022.8.9 05:54:11#---------------------- Complete New Transaction---------------------
2022.8.9 05:54:11#Get trans_id From Post Value:jOapK2OPlnsoIjJSSxEH2TlRbss=
2022.8.9 05:54:11#clientIp:203.188.246.54
2022.8.9 05:54:11#trans_id:jOapK2OPlnsoIjJSSxEH2TlRbss=
2022.8.9 05:54:13#result:RESULT>OK^RESULT_CODE>000^3DSECURE>SKIPPED^RRN>222105349010^APPROVAL_CODE>884115^CARD_NUMBER>999999*********1850^AMOUNT>302000^CARDNAME>mb account^DESCRIPTION>6MBM2201443^TRANS_DATE>2022-08-09 11:54:10 AM
2022.8.9 05:54:13#6144409055413
2022.8.9 05:54:13#6144409055413
2022.8.9 05:54:13#6144409055413
2022.8.9 05:54:13#6144409055413
2022.8.9 05:54:13#6144409055413
2022.8.9 05:54:13#6144409055413
2022.8.9 05:54:13#6144409055413
2022.8.9 05:54:13#6144409055413
2022.8.9 05:54:13#=================== Transaction Completed =======================
2022.8.9 05:56:48#=================== Start New Transaction ===================
2022.8.9 05:56:48#txnrefnum:MBD2201883
2022.8.9 05:56:48#clientIp:103.100.232.13
2022.8.9 05:56:48#card type:6
2022.8.9 05:56:48#totalamount:2000
2022.8.9 05:56:52#result:TRANSACTION_ID:H7QJWjRByVODUPplpv3Pqj4LCcA=
2022.8.9 05:56:52#Forward to DBBL Payment Gateway Page: https://ecom1.dutchbanglabank.com/ecomm2/ClientHandler?card_type=6&trans_id=H7QJWjRByVODUPplpv3Pqj4LCcA%3D
2022.8.9 06:01:37#=================== Start New Transaction ===================
2022.8.9 06:01:37#txnrefnum:BBD2007159
2022.8.9 06:01:37#clientIp:103.100.95.18
2022.8.9 06:01:37#card type:6
2022.8.9 06:01:37#totalamount:162000
2022.8.9 06:01:41#result:TRANSACTION_ID:OGIILnkwaTr2JoJlABUayiPCxOc=
2022.8.9 06:01:41#Forward to DBBL Payment Gateway Page: https://ecom1.dutchbanglabank.com/ecomm2/ClientHandler?card_type=6&trans_id=OGIILnkwaTr2JoJlABUayiPCxOc%3D
2022.8.9 06:02:10#---------------------- Complete New Transaction---------------------
2022.8.9 06:02:10#Get trans_id From Post Value:OGIILnkwaTr2JoJlABUayiPCxOc=
2022.8.9 06:02:10#clientIp:103.100.95.18
2022.8.9 06:02:10#trans_id:OGIILnkwaTr2JoJlABUayiPCxOc=
2022.8.9 06:02:12#result:RESULT>OK^RESULT_CODE>000^3DSECURE>SKIPPED^RRN>222106349700^APPROVAL_CODE>877347^CARD_NUMBER>999999*********9096^AMOUNT>162000^CARDNAME>mb account^DESCRIPTION>6BBD2007159^TRANS_DATE>2022-08-09 12:02:08 PM
2022.8.9 06:02:12#26047809060212
2022.8.9 06:02:12#26047809060212
2022.8.9 06:02:12#26047809060212
2022.8.9 06:02:12#26047809060212
2022.8.9 06:02:12#=================== Transaction Completed =======================
2022.8.9 06:25:48#=================== Start New Transaction ===================
2022.8.9 06:25:48#txnrefnum:BBD2008183
2022.8.9 06:25:48#clientIp:103.138.120.253
2022.8.9 06:25:48#card type:6
2022.8.9 06:25:48#totalamount:162000
2022.8.9 06:25:52#result:TRANSACTION_ID:MunHiu8XsalKPLtzRl6Q6BrUeQQ=
2022.8.9 06:25:52#Forward to DBBL Payment Gateway Page: https://ecom1.dutchbanglabank.com/ecomm2/ClientHandler?card_type=6&trans_id=MunHiu8XsalKPLtzRl6Q6BrUeQQ%3D
2022.8.9 06:26:22#---------------------- Complete New Transaction---------------------
2022.8.9 06:26:22#Get trans_id From Post Value:MunHiu8XsalKPLtzRl6Q6BrUeQQ=
2022.8.9 06:26:22#clientIp:103.138.120.253
2022.8.9 06:26:22#trans_id:MunHiu8XsalKPLtzRl6Q6BrUeQQ=
2022.8.9 06:26:24#result:RESULT>OK^RESULT_CODE>000^3DSECURE>SKIPPED^RRN>222106351922^APPROVAL_CODE>979538^CARD_NUMBER>999999*********0605^AMOUNT>162000^CARDNAME>mb account^DESCRIPTION>6BBD2008183^TRANS_DATE>2022-08-09 12:26:21 PM
2022.8.9 06:26:24#26884209062624
2022.8.9 06:26:24#26884209062624
2022.8.9 06:26:24#26884209062624
2022.8.9 06:26:24#26884209062624
2022.8.9 06:26:24#=================== Transaction Completed =======================
2022.8.9 07:32:24#=================== Start New Transaction ===================
2022.8.9 07:32:24#txnrefnum:MBB2102153
2022.8.9 07:32:24#clientIp:103.168.207.86
2022.8.9 07:32:24#card type:6
2022.8.9 07:32:24#totalamount:222000
2022.8.9 07:32:28#result:TRANSACTION_ID:9fCGVM8DoaSR7I0lbugFjPOiLI4=
2022.8.9 07:32:28#Forward to DBBL Payment Gateway Page: https://ecom1.dutchbanglabank.com/ecomm2/ClientHandler?card_type=6&trans_id=9fCGVM8DoaSR7I0lbugFjPOiLI4%3D
2022.8.9 07:35:41#---------------------- Complete New Transaction---------------------
2022.8.9 07:35:41#Get trans_id From Post Value:9fCGVM8DoaSR7I0lbugFjPOiLI4=
2022.8.9 07:35:41#clientIp:103.168.207.86
2022.8.9 07:35:41#trans_id:9fCGVM8DoaSR7I0lbugFjPOiLI4=
2022.8.9 07:35:43#result:RESULT>OK^RESULT_CODE>000^3DSECURE>SKIPPED^RRN>222107357448^APPROVAL_CODE>486518^CARD_NUMBER>999999*********3945^AMOUNT>222000^CARDNAME>mb account^DESCRIPTION>6MBB2102153^TRANS_DATE>2022-08-09 01:35:40 PM
2022.8.9 07:35:43#9813409073543
2022.8.9 07:35:43#9813409073543
2022.8.9 07:35:43#9813409073543
2022.8.9 07:35:43#9813409073543
2022.8.9 07:35:43#9813409073543
2022.8.9 07:35:43#9813409073543
2022.8.9 07:35:43#=================== Transaction Completed =======================
2022.8.9 07:57:06#=================== Start New Transaction ===================
2022.8.9 07:57:06#txnrefnum:MBB2102021
2022.8.9 07:57:06#clientIp:103.29.127.99
2022.8.9 07:57:06#card type:6
2022.8.9 07:57:06#totalamount:82000
2022.8.9 07:57:10#result:TRANSACTION_ID:yHDX2BbnvLqeJTok2O5Uk054pUo=
2022.8.9 07:57:10#Forward to DBBL Payment Gateway Page: https://ecom1.dutchbanglabank.com/ecomm2/ClientHandler?card_type=6&trans_id=yHDX2BbnvLqeJTok2O5Uk054pUo%3D
2022.8.9 12:51:07#=================== Start New Transaction ===================
2022.8.9 12:51:07#txnrefnum:MBM2209321
2022.8.9 12:51:07#clientIp:202.144.203.19
2022.8.9 12:51:07#card type:6
2022.8.9 12:51:07#totalamount:82000
2022.8.9 12:51:12#result:TRANSACTION_ID:SQ2TXKf88lne1nbcqPpvzbe0D7o=
2022.8.9 12:51:12#Forward to DBBL Payment Gateway Page: https://ecom1.dutchbanglabank.com/ecomm2/ClientHandler?card_type=6&trans_id=SQ2TXKf88lne1nbcqPpvzbe0D7o%3D
2022.8.9 12:53:26#---------------------- Complete New Transaction---------------------
2022.8.9 12:53:26#Get trans_id From Post Value:SQ2TXKf88lne1nbcqPpvzbe0D7o=
2022.8.9 12:53:29#clientIp:202.144.203.19
2022.8.9 12:53:29#trans_id:SQ2TXKf88lne1nbcqPpvzbe0D7o=
2022.8.9 12:53:31#result:RESULT>OK^RESULT_CODE>000^3DSECURE>SKIPPED^RRN>222112379410^APPROVAL_CODE>827036^CARD_NUMBER>999999*********6609^AMOUNT>82000^CARDNAME>mb account^DESCRIPTION>6MBM2209321^TRANS_DATE>2022-08-09 06:53:25 PM
2022.8.9 12:53:31#20219109125331
2022.8.9 12:53:31#20219109125331
2022.8.9 12:53:31#=================== Transaction Completed =======================
2022.8.9 12:57:00#=================== Start New Transaction ===================
2022.8.9 12:57:00#txnrefnum:MBD2203057
2022.8.9 12:57:00#clientIp:43.224.109.206
2022.8.9 12:57:00#card type:6
2022.8.9 12:57:00#totalamount:242000
2022.8.9 12:57:03#result:TRANSACTION_ID:77UoPjrBSMz5OC9X8SgBZkGxbkE=
2022.8.9 12:57:04#Forward to DBBL Payment Gateway Page: https://ecom1.dutchbanglabank.com/ecomm2/ClientHandler?card_type=6&trans_id=77UoPjrBSMz5OC9X8SgBZkGxbkE%3D
2022.8.9 12:58:55#=================== Start New Transaction ===================
2022.8.9 12:58:55#txnrefnum:MBD2203057
2022.8.9 12:58:55#clientIp:43.224.109.206
2022.8.9 12:58:55#card type:6
2022.8.9 12:58:55#totalamount:242000
2022.8.9 12:58:59#result:TRANSACTION_ID:vQ9cJ2rW8YWWSwY08X6enj1ZjkI=
2022.8.9 12:58:59#Forward to DBBL Payment Gateway Page: https://ecom1.dutchbanglabank.com/ecomm2/ClientHandler?card_type=6&trans_id=vQ9cJ2rW8YWWSwY08X6enj1ZjkI%3D
2022.8.9 12:59:40#---------------------- Complete New Transaction---------------------
2022.8.9 12:59:40#Get trans_id From Post Value:vQ9cJ2rW8YWWSwY08X6enj1ZjkI=
2022.8.9 12:59:40#clientIp:43.224.109.206
2022.8.9 12:59:40#trans_id:vQ9cJ2rW8YWWSwY08X6enj1ZjkI=
2022.8.9 12:59:42#result:RESULT>OK^RESULT_CODE>000^3DSECURE>SKIPPED^RRN>222112379805^APPROVAL_CODE>912305^CARD_NUMBER>999999*********4569^AMOUNT>242000^CARDNAME>mb account^DESCRIPTION>6MBD2203057^TRANS_DATE>2022-08-09 06:59:38 PM
2022.8.9 12:59:42#10437109125942
2022.8.9 12:59:42#10437109125942
2022.8.9 12:59:42#10437109125942
2022.8.9 12:59:42#10437109125942
2022.8.9 12:59:42#10437109125942
2022.8.9 12:59:42#10437109125942
2022.8.9 12:59:42#=================== Transaction Completed =======================
2022.8.9 13:53:15#=================== Start New Transaction ===================
2022.8.9 13:53:15#txnrefnum:MBB2105033
2022.8.9 13:53:15#clientIp:43.224.109.198
2022.8.9 13:53:15#card type:6
2022.8.9 13:53:15#totalamount:82000
2022.8.9 13:53:15#=================== Start New Transaction ===================
2022.8.9 13:53:15#txnrefnum:MBB2105033
2022.8.9 13:53:15#clientIp:43.224.109.198
2022.8.9 13:53:15#card type:6
2022.8.9 13:53:15#totalamount:82000
2022.8.9 13:53:19#result:TRANSACTION_ID:8JKexmSCkSCMyojCNHA1m8bc64w=
2022.8.9 13:53:19#Forward to DBBL Payment Gateway Page: https://ecom1.dutchbanglabank.com/ecomm2/ClientHandler?card_type=6&trans_id=8JKexmSCkSCMyojCNHA1m8bc64w%3D
2022.8.9 13:53:20#result:TRANSACTION_ID:GYgp5ISAkPZzBHZawAuvFxOew4c=
2022.8.9 13:53:20#Forward to DBBL Payment Gateway Page: https://ecom1.dutchbanglabank.com/ecomm2/ClientHandler?card_type=6&trans_id=GYgp5ISAkPZzBHZawAuvFxOew4c%3D
2022.8.9 13:53:57#---------------------- Complete New Transaction---------------------
2022.8.9 13:53:57#Get trans_id From Post Value:GYgp5ISAkPZzBHZawAuvFxOew4c=
2022.8.9 13:53:57#clientIp:43.224.109.198
2022.8.9 13:53:57#trans_id:GYgp5ISAkPZzBHZawAuvFxOew4c=
2022.8.9 13:53:59#result:RESULT>OK^RESULT_CODE>000^3DSECURE>SKIPPED^RRN>222113384059^APPROVAL_CODE>301463^CARD_NUMBER>999999*********7667^AMOUNT>82000^CARDNAME>mb account^DESCRIPTION>6MBB2105033^TRANS_DATE>2022-08-09 07:53:55 PM
2022.8.9 13:54:00#14071309015359
2022.8.9 13:54:00#14071309015359
2022.8.9 13:54:00#=================== Transaction Completed =======================
2022.8.9 13:57:44#=================== Start New Transaction ===================
2022.8.9 13:57:44#txnrefnum:MBM2201279
2022.8.9 13:57:44#clientIp:43.224.109.198
2022.8.9 13:57:44#card type:6
2022.8.9 13:57:44#totalamount:82000
2022.8.9 13:57:48#result:TRANSACTION_ID:9qjNGXccjPmsHdUdmlb718mSFsg=
2022.8.9 13:57:48#Forward to DBBL Payment Gateway Page: https://ecom1.dutchbanglabank.com/ecomm2/ClientHandler?card_type=6&trans_id=9qjNGXccjPmsHdUdmlb718mSFsg%3D
2022.8.9 13:58:16#---------------------- Complete New Transaction---------------------
2022.8.9 13:58:16#Get trans_id From Post Value:9qjNGXccjPmsHdUdmlb718mSFsg=
2022.8.9 13:58:16#clientIp:43.224.109.198
2022.8.9 13:58:16#trans_id:9qjNGXccjPmsHdUdmlb718mSFsg=
2022.8.9 13:58:18#result:RESULT>OK^RESULT_CODE>000^3DSECURE>SKIPPED^RRN>222113384361^APPROVAL_CODE>393276^CARD_NUMBER>999999*********7667^AMOUNT>82000^CARDNAME>mb account^DESCRIPTION>6MBM2201279^TRANS_DATE>2022-08-09 07:58:15 PM
2022.8.9 13:58:19#5947409015818
2022.8.9 13:58:19#5947409015818
2022.8.9 13:58:19#=================== Transaction Completed =======================
2022.8.9 14:14:39#=================== Start New Transaction ===================
2022.8.9 14:14:39#txnrefnum:MBD2202120
2022.8.9 14:14:39#clientIp:37.111.223.205
2022.8.9 14:14:39#card type:6
2022.8.9 14:14:39#totalamount:82000
2022.8.9 14:14:44#result:TRANSACTION_ID:un4H8biw1zY8YHnFrFhOVg3flzM=
2022.8.9 14:14:44#Forward to DBBL Payment Gateway Page: https://ecom1.dutchbanglabank.com/ecomm2/ClientHandler?card_type=6&trans_id=un4H8biw1zY8YHnFrFhOVg3flzM%3D
2022.8.9 14:16:09#---------------------- Complete New Transaction---------------------
2022.8.9 14:16:09#Get trans_id From Post Value:un4H8biw1zY8YHnFrFhOVg3flzM=
2022.8.9 14:16:09#clientIp:37.111.223.205
2022.8.9 14:16:09#trans_id:un4H8biw1zY8YHnFrFhOVg3flzM=
2022.8.9 14:16:12#result:RESULT>FAILED^RESULT_CODE>100^3DSECURE>SKIPPED^RRN>222114385700^APPROVAL_CODE>0^CARD_NUMBER>999999*********1041^AMOUNT>82000^CARDNAME>mb account^DESCRIPTION>6MBD2202120^TRANS_DATE>2022-08-09 08:16:08 PM
2022.8.9 14:16:12#Failed
2022.8.9 14:18:36#=================== Start New Transaction ===================
2022.8.9 14:18:36#txnrefnum:MBD2202120
2022.8.9 14:18:36#clientIp:37.111.223.205
2022.8.9 14:18:36#card type:6
2022.8.9 14:18:36#totalamount:82000
2022.8.9 14:18:40#result:TRANSACTION_ID:0M81LGg8kmNF8oHVWcDTPsNhZik=
2022.8.9 14:18:40#Forward to DBBL Payment Gateway Page: https://ecom1.dutchbanglabank.com/ecomm2/ClientHandler?card_type=6&trans_id=0M81LGg8kmNF8oHVWcDTPsNhZik%3D
2022.8.9 14:19:44#---------------------- Complete New Transaction---------------------
2022.8.9 14:19:44#Get trans_id From Post Value:0M81LGg8kmNF8oHVWcDTPsNhZik=
2022.8.9 14:19:44#clientIp:37.111.223.205
2022.8.9 14:19:44#trans_id:0M81LGg8kmNF8oHVWcDTPsNhZik=
2022.8.9 14:19:46#result:RESULT>FAILED^RESULT_CODE>100^3DSECURE>SKIPPED^RRN>222114385969^APPROVAL_CODE>0^CARD_NUMBER>999999*********1041^AMOUNT>82000^CARDNAME>mb account^DESCRIPTION>6MBD2202120^TRANS_DATE>2022-08-09 08:19:42 PM
2022.8.9 14:19:46#Failed
2022.8.9 14:42:25#=================== Start New Transaction ===================
2022.8.9 14:42:25#txnrefnum:MEM2006003
2022.8.9 14:42:25#clientIp:103.29.124.15
2022.8.9 14:42:25#card type:6
2022.8.9 14:42:25#totalamount:332000
2022.8.9 14:42:29#result:TRANSACTION_ID:U18yXShKeSTvMqW644ANfOPJSSg=
2022.8.9 14:42:29#Forward to DBBL Payment Gateway Page: https://ecom1.dutchbanglabank.com/ecomm2/ClientHandler?card_type=6&trans_id=U18yXShKeSTvMqW644ANfOPJSSg%3D
2022.8.9 14:43:05#---------------------- Complete New Transaction---------------------
2022.8.9 14:43:05#Get trans_id From Post Value:U18yXShKeSTvMqW644ANfOPJSSg=
2022.8.9 14:43:05#clientIp:103.29.124.15
2022.8.9 14:43:05#trans_id:U18yXShKeSTvMqW644ANfOPJSSg=
2022.8.9 14:43:07#result:RESULT>OK^RESULT_CODE>000^3DSECURE>SKIPPED^RRN>222114387652^APPROVAL_CODE>745932^CARD_NUMBER>999999*********6220^AMOUNT>332000^CARDNAME>mb account^DESCRIPTION>6MEM2006003^TRANS_DATE>2022-08-09 08:43:04 PM
2022.8.9 14:43:07#17883509024307
2022.8.9 14:43:07#17883509024307
2022.8.9 14:43:07#17883509024307
2022.8.9 14:43:07#17883509024307
2022.8.9 14:43:07#17883509024307
2022.8.9 14:43:07#17883509024307
2022.8.9 14:43:07#=================== Transaction Completed =======================
2022.8.9 14:53:50#=================== Start New Transaction ===================
2022.8.9 14:53:50#txnrefnum:BBM2206129
2022.8.9 14:53:50#clientIp:114.130.157.139
2022.8.9 14:53:50#card type:6
2022.8.9 14:53:50#totalamount:482000
2022.8.9 14:53:54#result:TRANSACTION_ID:0E1XwBRlAChBoiHZgHxR9ImXGLk=
2022.8.9 14:53:54#Forward to DBBL Payment Gateway Page: https://ecom1.dutchbanglabank.com/ecomm2/ClientHandler?card_type=6&trans_id=0E1XwBRlAChBoiHZgHxR9ImXGLk%3D
2022.8.9 14:54:27#---------------------- Complete New Transaction---------------------
2022.8.9 14:54:27#Get trans_id From Post Value:0E1XwBRlAChBoiHZgHxR9ImXGLk=
2022.8.9 14:54:27#clientIp:114.130.157.139
2022.8.9 14:54:27#trans_id:0E1XwBRlAChBoiHZgHxR9ImXGLk=
2022.8.9 14:54:30#result:RESULT>OK^RESULT_CODE>000^3DSECURE>SKIPPED^RRN>222114388526^APPROVAL_CODE>772856^CARD_NUMBER>999999*********6175^AMOUNT>482000^CARDNAME>mb account^DESCRIPTION>6BBM2206129^TRANS_DATE>2022-08-09 08:54:22 PM
2022.8.9 14:54:30#24316509025430
2022.8.9 14:54:30#24316509025430
2022.8.9 14:54:30#24316509025430
2022.8.9 14:54:30#24316509025430
2022.8.9 14:54:30#24316509025430
2022.8.9 14:54:30#24316509025430
2022.8.9 14:54:30#24316509025430
2022.8.9 14:54:30#24316509025430
2022.8.9 14:54:30#24316509025430
2022.8.9 14:54:30#24316509025430
2022.8.9 14:54:30#24316509025430
2022.8.9 14:54:30#24316509025430
2022.8.9 14:54:30#=================== Transaction Completed =======================
2022.8.9 14:55:21#=================== Start New Transaction ===================
2022.8.9 14:55:21#txnrefnum:BBD2205071
2022.8.9 14:55:21#clientIp:114.130.157.139
2022.8.9 14:55:21#card type:6
2022.8.9 14:55:21#totalamount:482000
2022.8.9 14:55:25#result:TRANSACTION_ID:sBTDD5SS8MywSB3zYUQCEi6kEuA=
2022.8.9 14:55:25#Forward to DBBL Payment Gateway Page: https://ecom1.dutchbanglabank.com/ecomm2/ClientHandler?card_type=6&trans_id=sBTDD5SS8MywSB3zYUQCEi6kEuA%3D
2022.8.9 14:55:49#---------------------- Complete New Transaction---------------------
2022.8.9 14:55:49#Get trans_id From Post Value:sBTDD5SS8MywSB3zYUQCEi6kEuA=
2022.8.9 14:55:49#clientIp:114.130.157.139
2022.8.9 14:55:49#trans_id:sBTDD5SS8MywSB3zYUQCEi6kEuA=
2022.8.9 14:55:51#result:RESULT>OK^RESULT_CODE>000^3DSECURE>SKIPPED^RRN>222114388638^APPROVAL_CODE>776163^CARD_NUMBER>999999*********6175^AMOUNT>482000^CARDNAME>mb account^DESCRIPTION>6BBD2205071^TRANS_DATE>2022-08-09 08:55:48 PM
2022.8.9 14:55:51#23804109025551
2022.8.9 14:55:51#23804109025551
2022.8.9 14:55:51#23804109025551
2022.8.9 14:55:51#23804109025551
2022.8.9 14:55:51#23804109025551
2022.8.9 14:55:51#23804109025551
2022.8.9 14:55:51#23804109025551
2022.8.9 14:55:51#23804109025551
2022.8.9 14:55:51#23804109025551
2022.8.9 14:55:51#23804109025551
2022.8.9 14:55:51#23804109025551
2022.8.9 14:55:51#23804109025551
2022.8.9 14:55:51#=================== Transaction Completed =======================
2022.8.9 16:43:59#=================== Start New Transaction ===================
2022.8.9 16:43:59#txnrefnum:MBB2109110
2022.8.9 16:43:59#clientIp:103.217.111.18
2022.8.9 16:43:59#card type:6
2022.8.9 16:43:59#totalamount:162000
2022.8.9 16:44:01#=================== Start New Transaction ===================
2022.8.9 16:44:01#txnrefnum:MBB2109110
2022.8.9 16:44:01#clientIp:103.217.111.18
2022.8.9 16:44:01#card type:6
2022.8.9 16:44:01#totalamount:162000
2022.8.9 16:44:03#result:TRANSACTION_ID:e12XSPnV8o2GoKqERfpSBP7x3cI=
2022.8.9 16:44:03#Forward to DBBL Payment Gateway Page: https://ecom1.dutchbanglabank.com/ecomm2/ClientHandler?card_type=6&trans_id=e12XSPnV8o2GoKqERfpSBP7x3cI%3D
2022.8.9 16:44:05#result:TRANSACTION_ID:u6QbalRWQw8MOcixG4jkb9qgQjw=
2022.8.9 16:44:05#Forward to DBBL Payment Gateway Page: https://ecom1.dutchbanglabank.com/ecomm2/ClientHandler?card_type=6&trans_id=u6QbalRWQw8MOcixG4jkb9qgQjw%3D
2022.8.9 16:45:05#---------------------- Complete New Transaction---------------------
2022.8.9 16:45:05#Get trans_id From Post Value:u6QbalRWQw8MOcixG4jkb9qgQjw=
2022.8.9 16:45:05#clientIp:103.217.111.18
2022.8.9 16:45:05#trans_id:u6QbalRWQw8MOcixG4jkb9qgQjw=
2022.8.9 16:45:08#result:RESULT>OK^RESULT_CODE>000^3DSECURE>SKIPPED^RRN>222116395970^APPROVAL_CODE>406435^CARD_NUMBER>999999*********0001^AMOUNT>162000^CARDNAME>mb account^DESCRIPTION>6MBB2109110^TRANS_DATE>2022-08-09 10:45:04 PM
2022.8.9 16:45:08#21394809044508
2022.8.9 16:45:08#21394809044508
2022.8.9 16:45:08#21394809044508
2022.8.9 16:45:08#21394809044508
2022.8.9 16:45:08#=================== Transaction Completed =======================
2022.8.9 17:25:56#=================== Start New Transaction ===================
2022.8.9 17:25:56#txnrefnum:BEM2201218
2022.8.9 17:25:56#clientIp:103.120.203.104
2022.8.9 17:25:56#card type:6
2022.8.9 17:25:56#totalamount:112000
2022.8.9 17:26:02#result:TRANSACTION_ID:AjBUJo5zE38IivhzxHrRMhiPjqE=
2022.8.9 17:26:02#Forward to DBBL Payment Gateway Page: https://ecom1.dutchbanglabank.com/ecomm2/ClientHandler?card_type=6&trans_id=AjBUJo5zE38IivhzxHrRMhiPjqE%3D
2022.8.9 18:28:14#=================== Start New Transaction ===================
2022.8.9 18:28:14#txnrefnum:MBD2002009
2022.8.9 18:28:14#clientIp:37.111.194.134
2022.8.9 18:28:14#card type:6
2022.8.9 18:28:14#totalamount:2000
2022.8.9 18:28:18#result:TRANSACTION_ID:XX9pT04SDDT0ugoxb8wJx50Jdlg=
2022.8.9 18:28:18#Forward to DBBL Payment Gateway Page: https://ecom1.dutchbanglabank.com/ecomm2/ClientHandler?card_type=6&trans_id=XX9pT04SDDT0ugoxb8wJx50Jdlg%3D