
2023.3.10 03:15:43#=================== Start New Transaction ===================
2023.3.10 03:15:43#txnrefnum:1075
2023.3.10 03:15:43#clientIp:103.166.39.96
2023.3.10 03:15:43#card type:6
2023.3.10 03:15:43#totalamount:0
2023.3.10 03:15:47#result:Sub Merchant Name can not be blank
2023.3.10 03:35:03#=================== Start New Transaction ===================
2023.3.10 03:35:03#txnrefnum:MSC23111039
2023.3.10 03:35:03#clientIp:103.230.107.61
2023.3.10 03:35:03#card type:6
2023.3.10 03:35:03#totalamount:552000
2023.3.10 03:35:05#result:TRANSACTION_ID:e8lNz15QRKYbOPmGWhFUbFZ4zf8=
2023.3.10 03:35:05#Forward to DBBL Payment Gateway Page: https://ecom1.dutchbanglabank.com/ecomm2/ClientHandler?card_type=6&trans_id=e8lNz15QRKYbOPmGWhFUbFZ4zf8%3D
2023.3.10 03:38:18#---------------------- Complete New Transaction---------------------
2023.3.10 03:38:18#Get trans_id From Post Value:e8lNz15QRKYbOPmGWhFUbFZ4zf8=
2023.3.10 03:38:18#clientIp:103.230.107.61
2023.3.10 03:38:18#trans_id:e8lNz15QRKYbOPmGWhFUbFZ4zf8=
2023.3.10 03:38:19#result:RESULT>OK^RESULT_CODE>000^3DSECURE>SKIPPED^RRN>306903658773^APPROVAL_CODE>951841^CARD_NUMBER>999999*********6844^AMOUNT>552000^CARDNAME>mb account^DESCRIPTION>6MSC23111039^TRANS_DATE>2023-03-10 09:38:17 AM
2023.3.10 03:38:20#52034210033819
2023.3.10 03:38:20#52034210033819
2023.3.10 03:38:20#52034210033819
2023.3.10 03:38:20#52034210033819
2023.3.10 03:38:20#52034210033819
2023.3.10 03:38:20#52034210033819
2023.3.10 03:38:20#=================== Transaction Completed =======================
2023.3.10 04:27:08#=================== Start New Transaction ===================
2023.3.10 04:27:08#txnrefnum:MSC22111338
2023.3.10 04:27:08#clientIp:123.136.26.147
2023.3.10 04:27:08#card type:6
2023.3.10 04:27:08#totalamount:162000
2023.3.10 04:27:11#result:TRANSACTION_ID:SpoL7Poz4yiraykjjpCvd5bEH6I=
2023.3.10 04:27:11#Forward to DBBL Payment Gateway Page: https://ecom1.dutchbanglabank.com/ecomm2/ClientHandler?card_type=6&trans_id=SpoL7Poz4yiraykjjpCvd5bEH6I%3D
2023.3.10 04:30:01#---------------------- Complete New Transaction---------------------
2023.3.10 04:30:01#Get trans_id From Post Value:SpoL7Poz4yiraykjjpCvd5bEH6I=
2023.3.10 04:30:03#clientIp:123.136.26.147
2023.3.10 04:30:03#trans_id:SpoL7Poz4yiraykjjpCvd5bEH6I=
2023.3.10 04:30:04#result:RESULT>OK^RESULT_CODE>000^3DSECURE>SKIPPED^RRN>306904661705^APPROVAL_CODE>042217^CARD_NUMBER>999999*********8560^AMOUNT>162000^CARDNAME>mb account^DESCRIPTION>6MSC22111338^TRANS_DATE>2023-03-10 10:30:00 AM
2023.3.10 04:30:04#33839810043004
2023.3.10 04:30:05#33839810043004
2023.3.10 04:30:05#=================== Transaction Completed =======================
2023.3.10 05:10:12#=================== Start New Transaction ===================
2023.3.10 05:10:12#txnrefnum:BBM2003019
2023.3.10 05:10:12#clientIp:103.204.247.38
2023.3.10 05:10:12#card type:6
2023.3.10 05:10:12#totalamount:922000
2023.3.10 05:10:15#result:TRANSACTION_ID:Uf0cEDbqWzf95gGmPw9KmjvSqkw=
2023.3.10 05:10:15#Forward to DBBL Payment Gateway Page: https://ecom1.dutchbanglabank.com/ecomm2/ClientHandler?card_type=6&trans_id=Uf0cEDbqWzf95gGmPw9KmjvSqkw%3D
2023.3.10 05:17:44#=================== Start New Transaction ===================
2023.3.10 05:17:44#txnrefnum:BBM2003019
2023.3.10 05:17:44#clientIp:103.204.247.38
2023.3.10 05:17:44#card type:6
2023.3.10 05:17:44#totalamount:922000
2023.3.10 05:17:47#result:TRANSACTION_ID:AXbUrIFgGPfcSexLNQXlwkb5Nr4=
2023.3.10 05:17:47#Forward to DBBL Payment Gateway Page: https://ecom1.dutchbanglabank.com/ecomm2/ClientHandler?card_type=6&trans_id=AXbUrIFgGPfcSexLNQXlwkb5Nr4%3D
2023.3.10 05:18:49#---------------------- Complete New Transaction---------------------
2023.3.10 05:18:49#Get trans_id From Post Value:AXbUrIFgGPfcSexLNQXlwkb5Nr4=
2023.3.10 05:18:49#clientIp:103.204.247.38
2023.3.10 05:18:49#trans_id:AXbUrIFgGPfcSexLNQXlwkb5Nr4=
2023.3.10 05:18:50#result:RESULT>OK^RESULT_CODE>000^3DSECURE>SKIPPED^RRN>306905664893^APPROVAL_CODE>329165^CARD_NUMBER>999999*********1121^AMOUNT>922000^CARDNAME>mb account^DESCRIPTION>6BBM2003019^TRANS_DATE>2023-03-10 11:18:46 AM
2023.3.10 05:18:51#36718510051850
2023.3.10 05:18:51#36718510051850
2023.3.10 05:18:51#36718510051850
2023.3.10 05:18:51#36718510051850
2023.3.10 05:18:51#36718510051850
2023.3.10 05:18:51#36718510051850
2023.3.10 05:18:51#36718510051850
2023.3.10 05:18:51#36718510051850
2023.3.10 05:18:51#=================== Transaction Completed =======================
2023.3.10 05:50:32#=================== Start New Transaction ===================
2023.3.10 05:50:32#txnrefnum:MBM2306112
2023.3.10 05:50:32#clientIp:103.134.170.38
2023.3.10 05:50:32#card type:6
2023.3.10 05:50:32#totalamount:102000
2023.3.10 05:50:35#result:TRANSACTION_ID:tKZwRTOIPl18bKn14y5IBakOV8Y=
2023.3.10 05:50:35#Forward to DBBL Payment Gateway Page: https://ecom1.dutchbanglabank.com/ecomm2/ClientHandler?card_type=6&trans_id=tKZwRTOIPl18bKn14y5IBakOV8Y%3D
2023.3.10 05:51:39#---------------------- Complete New Transaction---------------------
2023.3.10 05:51:39#Get trans_id From Post Value:tKZwRTOIPl18bKn14y5IBakOV8Y=
2023.3.10 05:51:39#clientIp:103.134.170.38
2023.3.10 05:51:39#trans_id:tKZwRTOIPl18bKn14y5IBakOV8Y=
2023.3.10 05:51:40#result:RESULT>OK^RESULT_CODE>000^3DSECURE>SKIPPED^RRN>306905667136^APPROVAL_CODE>440249^CARD_NUMBER>999999*********8531^AMOUNT>102000^CARDNAME>mb account^DESCRIPTION>6MBM2306112^TRANS_DATE>2023-03-10 11:51:37 AM
2023.3.10 05:51:40#45884210055140
2023.3.10 05:51:40#45884210055140
2023.3.10 05:51:40#=================== Transaction Completed =======================
2023.3.10 06:08:32#=================== Start New Transaction ===================
2023.3.10 06:08:32#txnrefnum:MBB2109189
2023.3.10 06:08:32#clientIp:37.111.212.174
2023.3.10 06:08:32#card type:6
2023.3.10 06:08:32#totalamount:252000
2023.3.10 06:08:35#result:TRANSACTION_ID:ueZ4kieMxXSlY8UpUZtg3eoDSPc=
2023.3.10 06:08:35#Forward to DBBL Payment Gateway Page: https://ecom1.dutchbanglabank.com/ecomm2/ClientHandler?card_type=6&trans_id=ueZ4kieMxXSlY8UpUZtg3eoDSPc%3D
2023.3.10 06:24:14#=================== Start New Transaction ===================
2023.3.10 06:24:14#txnrefnum:BBM2301118
2023.3.10 06:24:14#clientIp:103.126.51.223
2023.3.10 06:24:14#card type:6
2023.3.10 06:24:14#totalamount:102000
2023.3.10 06:24:17#result:TRANSACTION_ID:WqAQEv4ajMlJvKtoyVusjKwwJ0E=
2023.3.10 06:24:17#Forward to DBBL Payment Gateway Page: https://ecom1.dutchbanglabank.com/ecomm2/ClientHandler?card_type=6&trans_id=WqAQEv4ajMlJvKtoyVusjKwwJ0E%3D
2023.3.10 06:24:36#---------------------- Complete New Transaction---------------------
2023.3.10 06:24:36#Get trans_id From Post Value:WqAQEv4ajMlJvKtoyVusjKwwJ0E=
2023.3.10 06:24:36#clientIp:103.126.51.223
2023.3.10 06:24:36#trans_id:WqAQEv4ajMlJvKtoyVusjKwwJ0E=
2023.3.10 06:24:37#result:RESULT>OK^RESULT_CODE>000^3DSECURE>SKIPPED^RRN>306906669372^APPROVAL_CODE>599619^CARD_NUMBER>999999*********9585^AMOUNT>102000^CARDNAME>mb account^DESCRIPTION>6BBM2301118^TRANS_DATE>2023-03-10 12:24:34 PM
2023.3.10 06:24:37#48431710062437
2023.3.10 06:24:37#48431710062437
2023.3.10 06:24:37#=================== Transaction Completed =======================
2023.3.10 06:25:52#=================== Start New Transaction ===================
2023.3.10 06:25:52#txnrefnum:BBM2301146
2023.3.10 06:25:52#clientIp:103.126.51.223
2023.3.10 06:25:52#card type:6
2023.3.10 06:25:52#totalamount:102000
2023.3.10 06:25:55#result:TRANSACTION_ID:xRLw1OYsj1aPGpr48kHp8kirM0U=
2023.3.10 06:25:55#Forward to DBBL Payment Gateway Page: https://ecom1.dutchbanglabank.com/ecomm2/ClientHandler?card_type=6&trans_id=xRLw1OYsj1aPGpr48kHp8kirM0U%3D
2023.3.10 06:27:32#---------------------- Complete New Transaction---------------------
2023.3.10 06:27:32#Get trans_id From Post Value:xRLw1OYsj1aPGpr48kHp8kirM0U=
2023.3.10 06:27:32#clientIp:103.126.51.223
2023.3.10 06:27:32#trans_id:xRLw1OYsj1aPGpr48kHp8kirM0U=
2023.3.10 06:27:34#result:RESULT>OK^RESULT_CODE>000^3DSECURE>SKIPPED^RRN>306906669579^APPROVAL_CODE>606890^CARD_NUMBER>999999*********9585^AMOUNT>102000^CARDNAME>mb account^DESCRIPTION>6BBM2301146^TRANS_DATE>2023-03-10 12:27:31 PM
2023.3.10 06:27:34#48743710062734
2023.3.10 06:27:34#48743710062734
2023.3.10 06:27:34#=================== Transaction Completed =======================
2023.3.10 07:40:57#=================== Start New Transaction ===================
2023.3.10 07:40:57#txnrefnum:MSC23111291
2023.3.10 07:40:57#clientIp:114.130.157.6
2023.3.10 07:40:57#card type:6
2023.3.10 07:40:57#totalamount:2000
2023.3.10 07:40:59#result:TRANSACTION_ID:DahMW96mXm0g2bY1SRwBcmkBz3s=
2023.3.10 07:41:52#=================== Start New Transaction ===================
2023.3.10 07:41:52#txnrefnum:MSC23111291
2023.3.10 07:41:52#clientIp:114.130.157.6
2023.3.10 07:41:52#card type:6
2023.3.10 07:41:52#totalamount:2000
2023.3.10 07:41:54#result:TRANSACTION_ID:XBXM8lDwMbpdsJ91aDD69EJ5Oos=
2023.3.10 07:43:01#=================== Start New Transaction ===================
2023.3.10 07:43:01#txnrefnum:BBD2302020
2023.3.10 07:43:01#clientIp:103.149.57.197
2023.3.10 07:43:01#card type:6
2023.3.10 07:43:01#totalamount:2000
2023.3.10 07:43:04#result:TRANSACTION_ID:Co6bUUkmAwn2Pq74BlZDamc1qF8=
2023.3.10 07:43:04#Forward to DBBL Payment Gateway Page: https://ecom1.dutchbanglabank.com/ecomm2/ClientHandler?card_type=6&trans_id=Co6bUUkmAwn2Pq74BlZDamc1qF8%3D
2023.3.10 07:43:20#=================== Start New Transaction ===================
2023.3.10 07:43:20#txnrefnum:MSC23111291
2023.3.10 07:43:20#clientIp:114.130.157.6
2023.3.10 07:43:20#card type:6
2023.3.10 07:43:20#totalamount:2000
2023.3.10 07:43:23#result:TRANSACTION_ID:H3NHj3RFxKPM4OMWGKqQHQ8o34o=
2023.3.10 07:45:22#=================== Start New Transaction ===================
2023.3.10 07:45:22#txnrefnum:BBD2302020
2023.3.10 07:45:22#clientIp:103.149.57.197
2023.3.10 07:45:22#card type:6
2023.3.10 07:45:22#totalamount:202000
2023.3.10 07:45:24#result:TRANSACTION_ID:OLEYYzguj3EkdPxuRFhj45bj9No=
2023.3.10 07:45:25#Forward to DBBL Payment Gateway Page: https://ecom1.dutchbanglabank.com/ecomm2/ClientHandler?card_type=6&trans_id=OLEYYzguj3EkdPxuRFhj45bj9No%3D
2023.3.10 10:12:41#=================== Start New Transaction ===================
2023.3.10 10:12:41#txnrefnum:MBB2108029
2023.3.10 10:12:41#clientIp:103.25.123.15
2023.3.10 10:12:41#card type:6
2023.3.10 10:12:41#totalamount:202000
2023.3.10 10:12:44#result:TRANSACTION_ID:0DTi3PWmNV3FGKJnLGLP7KoPt1k=
2023.3.10 10:12:44#Forward to DBBL Payment Gateway Page: https://ecom1.dutchbanglabank.com/ecomm2/ClientHandler?card_type=6&trans_id=0DTi3PWmNV3FGKJnLGLP7KoPt1k%3D
2023.3.10 10:38:44#=================== Start New Transaction ===================
2023.3.10 10:38:44#txnrefnum:MSC22110024
2023.3.10 10:38:44#clientIp:103.120.223.113
2023.3.10 10:38:44#card type:6
2023.3.10 10:38:44#totalamount:330000
2023.3.10 10:38:46#result:TRANSACTION_ID:2dW1S8q5ERCQS2fNGHuZmDVOtNs=
2023.3.10 10:38:47#Forward to DBBL Payment Gateway Page: https://ecom1.dutchbanglabank.com/ecomm2/ClientHandler?card_type=6&trans_id=2dW1S8q5ERCQS2fNGHuZmDVOtNs%3D
2023.3.10 10:39:49#---------------------- Complete New Transaction---------------------
2023.3.10 10:39:49#Get trans_id From Post Value:2dW1S8q5ERCQS2fNGHuZmDVOtNs=
2023.3.10 10:39:49#clientIp:103.120.223.113
2023.3.10 10:39:49#trans_id:2dW1S8q5ERCQS2fNGHuZmDVOtNs=
2023.3.10 10:39:51#result:RESULT>OK^RESULT_CODE>000^3DSECURE>SKIPPED^RRN>306910683824^APPROVAL_CODE>377468^CARD_NUMBER>999999*********3372^AMOUNT>330000^CARDNAME>mb account^DESCRIPTION>6MSC22110024^TRANS_DATE>2023-03-10 04:39:48 PM
2023.3.10 10:39:51#33698010103951
2023.3.10 10:39:51#33698010103951
2023.3.10 10:39:51#33698010103951
2023.3.10 10:39:51#33698010103951
2023.3.10 10:39:51#=================== Transaction Completed =======================
2023.3.10 10:41:58#=================== Start New Transaction ===================
2023.3.10 10:41:58#txnrefnum:MBD2201630
2023.3.10 10:41:58#clientIp:180.149.235.105
2023.3.10 10:41:58#card type:6
2023.3.10 10:41:58#totalamount:202000
2023.3.10 10:42:02#result:TRANSACTION_ID:fuijW5O2EImtovidO9mQfPPgIxU=
2023.3.10 10:42:02#Forward to DBBL Payment Gateway Page: https://ecom1.dutchbanglabank.com/ecomm2/ClientHandler?card_type=6&trans_id=fuijW5O2EImtovidO9mQfPPgIxU%3D
2023.3.10 10:43:09#---------------------- Complete New Transaction---------------------
2023.3.10 10:43:09#Get trans_id From Post Value:fuijW5O2EImtovidO9mQfPPgIxU=
2023.3.10 10:43:09#clientIp:180.149.235.105
2023.3.10 10:43:09#trans_id:fuijW5O2EImtovidO9mQfPPgIxU=
2023.3.10 10:43:10#result:RESULT>OK^RESULT_CODE>000^3DSECURE>SKIPPED^RRN>306910684006^APPROVAL_CODE>331855^CARD_NUMBER>999999*********0086^AMOUNT>202000^CARDNAME>mb account^DESCRIPTION>6MBD2201630^TRANS_DATE>2023-03-10 04:43:08 PM
2023.3.10 10:43:10#49743310104310
2023.3.10 10:43:11#49743310104310
2023.3.10 10:43:11#49743310104310
2023.3.10 10:43:11#49743310104310
2023.3.10 10:43:11#=================== Transaction Completed =======================
2023.3.10 10:45:34#=================== Start New Transaction ===================
2023.3.10 10:45:34#txnrefnum:MBD2201012
2023.3.10 10:45:34#clientIp:180.149.235.105
2023.3.10 10:45:34#card type:6
2023.3.10 10:45:34#totalamount:202000
2023.3.10 10:45:37#result:TRANSACTION_ID:7185PvddZFGawjSJTfQiv2KdUlY=
2023.3.10 10:45:37#Forward to DBBL Payment Gateway Page: https://ecom1.dutchbanglabank.com/ecomm2/ClientHandler?card_type=6&trans_id=7185PvddZFGawjSJTfQiv2KdUlY%3D
2023.3.10 10:46:18#---------------------- Complete New Transaction---------------------
2023.3.10 10:46:18#Get trans_id From Post Value:7185PvddZFGawjSJTfQiv2KdUlY=
2023.3.10 10:46:18#clientIp:180.149.235.105
2023.3.10 10:46:18#trans_id:7185PvddZFGawjSJTfQiv2KdUlY=
2023.3.10 10:46:20#result:RESULT>OK^RESULT_CODE>000^3DSECURE>SKIPPED^RRN>306910684188^APPROVAL_CODE>390395^CARD_NUMBER>999999*********0086^AMOUNT>202000^CARDNAME>mb account^DESCRIPTION>6MBD2201012^TRANS_DATE>2023-03-10 04:46:17 PM
2023.3.10 10:46:20#49636510104620
2023.3.10 10:46:20#49636510104620
2023.3.10 10:46:20#49636510104620
2023.3.10 10:46:20#49636510104620
2023.3.10 10:46:20#=================== Transaction Completed =======================
2023.3.10 10:52:49#=================== Start New Transaction ===================
2023.3.10 10:52:49#txnrefnum:BBM2003071
2023.3.10 10:52:49#clientIp:103.138.120.153
2023.3.10 10:52:49#card type:6
2023.3.10 10:52:49#totalamount:102000
2023.3.10 10:52:51#result:TRANSACTION_ID:fPOAGg2ErAZ8E1IA0rBpNrGpHq0=
2023.3.10 10:52:52#Forward to DBBL Payment Gateway Page: https://ecom1.dutchbanglabank.com/ecomm2/ClientHandler?card_type=6&trans_id=fPOAGg2ErAZ8E1IA0rBpNrGpHq0%3D
2023.3.10 10:53:25#---------------------- Complete New Transaction---------------------
2023.3.10 10:53:25#Get trans_id From Post Value:fPOAGg2ErAZ8E1IA0rBpNrGpHq0=
2023.3.10 10:53:25#clientIp:103.138.120.153
2023.3.10 10:53:25#trans_id:fPOAGg2ErAZ8E1IA0rBpNrGpHq0=
2023.3.10 10:53:27#result:RESULT>FAILED^RESULT_CODE>116^3DSECURE>SKIPPED^RRN>306910684619^APPROVAL_CODE>0^CARD_NUMBER>999999*********3297^AMOUNT>102000^CARDNAME>mb account^DESCRIPTION>6BBM2003071^TRANS_DATE>2023-03-10 04:53:24 PM
2023.3.10 10:53:27#Not Sufficient Amount
2023.3.10 11:11:17#=================== Start New Transaction ===================
2023.3.10 11:11:17#txnrefnum:MBD2309074
2023.3.10 11:11:17#clientIp:103.97.162.119
2023.3.10 11:11:17#card type:6
2023.3.10 11:11:17#totalamount:2000
2023.3.10 11:11:20#result:TRANSACTION_ID:eanVyyP2dNqPSidiRz5TL8yaAA0=
2023.3.10 11:11:20#Forward to DBBL Payment Gateway Page: https://ecom1.dutchbanglabank.com/ecomm2/ClientHandler?card_type=6&trans_id=eanVyyP2dNqPSidiRz5TL8yaAA0%3D
2023.3.10 11:11:20#=================== Start New Transaction ===================
2023.3.10 11:11:20#txnrefnum:MBD2309074
2023.3.10 11:11:20#clientIp:103.97.162.119
2023.3.10 11:11:20#card type:6
2023.3.10 11:11:20#totalamount:2000
2023.3.10 11:11:23#result:TRANSACTION_ID:gijTITQVITD6yTaFGglBs1ync6Q=
2023.3.10 11:11:23#Forward to DBBL Payment Gateway Page: https://ecom1.dutchbanglabank.com/ecomm2/ClientHandler?card_type=6&trans_id=gijTITQVITD6yTaFGglBs1ync6Q%3D
2023.3.10 12:08:58#=================== Start New Transaction ===================
2023.3.10 12:08:58#txnrefnum:MSC22110517
2023.3.10 12:08:58#clientIp:103.112.130.74
2023.3.10 12:08:58#card type:6
2023.3.10 12:08:58#totalamount:174000
2023.3.10 12:09:01#result:TRANSACTION_ID:tfxmuHLBDYgBo8oahIrpJzHZfYw=
2023.3.10 12:09:01#Forward to DBBL Payment Gateway Page: https://ecom1.dutchbanglabank.com/ecomm2/ClientHandler?card_type=6&trans_id=tfxmuHLBDYgBo8oahIrpJzHZfYw%3D
2023.3.10 12:09:43#=================== Start New Transaction ===================
2023.3.10 12:09:43#txnrefnum:MSC22110517
2023.3.10 12:09:43#clientIp:103.112.130.74
2023.3.10 12:09:43#card type:6
2023.3.10 12:09:43#totalamount:174000
2023.3.10 12:09:46#result:TRANSACTION_ID:GaCfunCPsPabZN64KhK5OhbtSRs=
2023.3.10 12:09:46#Forward to DBBL Payment Gateway Page: https://ecom1.dutchbanglabank.com/ecomm2/ClientHandler?card_type=6&trans_id=GaCfunCPsPabZN64KhK5OhbtSRs%3D
2023.3.10 12:12:43#=================== Start New Transaction ===================
2023.3.10 12:12:43#txnrefnum:MBD2309074
2023.3.10 12:12:43#clientIp:58.145.188.247
2023.3.10 12:12:43#card type:6
2023.3.10 12:12:43#totalamount:102000
2023.3.10 12:12:46#result:TRANSACTION_ID:7mtHSgmPiMSod1zcIdWIEUPJ8vg=
2023.3.10 12:12:46#Forward to DBBL Payment Gateway Page: https://ecom1.dutchbanglabank.com/ecomm2/ClientHandler?card_type=6&trans_id=7mtHSgmPiMSod1zcIdWIEUPJ8vg%3D
2023.3.10 12:13:40#=================== Start New Transaction ===================
2023.3.10 12:13:40#txnrefnum:MBD2309074
2023.3.10 12:13:40#clientIp:58.145.188.247
2023.3.10 12:13:40#card type:6
2023.3.10 12:13:40#totalamount:102000
2023.3.10 12:13:42#result:TRANSACTION_ID:ta01Zfhac7pv4l6RU6KpzQKaKjY=
2023.3.10 12:13:43#Forward to DBBL Payment Gateway Page: https://ecom1.dutchbanglabank.com/ecomm2/ClientHandler?card_type=6&trans_id=ta01Zfhac7pv4l6RU6KpzQKaKjY%3D
2023.3.10 12:14:39#---------------------- Complete New Transaction---------------------
2023.3.10 12:14:39#Get trans_id From Post Value:ta01Zfhac7pv4l6RU6KpzQKaKjY=
2023.3.10 12:14:39#clientIp:58.145.188.247
2023.3.10 12:14:39#trans_id:ta01Zfhac7pv4l6RU6KpzQKaKjY=
2023.3.10 12:14:40#result:RESULT>OK^RESULT_CODE>000^3DSECURE>SKIPPED^RRN>306912690423^APPROVAL_CODE>789946^CARD_NUMBER>999999*********8585^AMOUNT>102000^CARDNAME>mb account^DESCRIPTION>6MBD2309074^TRANS_DATE>2023-03-10 06:14:38 PM
2023.3.10 12:14:41#40608910121440
2023.3.10 12:14:41#40608910121440
2023.3.10 12:14:41#=================== Transaction Completed =======================
2023.3.10 12:17:09#=================== Start New Transaction ===================
2023.3.10 12:17:09#txnrefnum:MSC22111363
2023.3.10 12:17:09#clientIp:103.237.37.235
2023.3.10 12:17:09#card type:6
2023.3.10 12:17:09#totalamount:162000
2023.3.10 12:17:12#result:TRANSACTION_ID:kP10iqZsgK47fSwNRFgtT43Vcuw=
2023.3.10 12:17:12#Forward to DBBL Payment Gateway Page: https://ecom1.dutchbanglabank.com/ecomm2/ClientHandler?card_type=6&trans_id=kP10iqZsgK47fSwNRFgtT43Vcuw%3D
2023.3.10 12:18:03#=================== Start New Transaction ===================
2023.3.10 12:18:03#txnrefnum:MBM2306174
2023.3.10 12:18:03#clientIp:202.144.203.10
2023.3.10 12:18:03#card type:6
2023.3.10 12:18:03#totalamount:102000
2023.3.10 12:18:06#result:TRANSACTION_ID:MRQVo0deEUISvpZ4C8hQNfScAEY=
2023.3.10 12:18:06#Forward to DBBL Payment Gateway Page: https://ecom1.dutchbanglabank.com/ecomm2/ClientHandler?card_type=6&trans_id=MRQVo0deEUISvpZ4C8hQNfScAEY%3D
2023.3.10 12:18:11#---------------------- Complete New Transaction---------------------
2023.3.10 12:18:11#Get trans_id From Post Value:kP10iqZsgK47fSwNRFgtT43Vcuw=
2023.3.10 12:18:11#clientIp:103.237.37.235
2023.3.10 12:18:11#trans_id:kP10iqZsgK47fSwNRFgtT43Vcuw=
2023.3.10 12:18:13#result:RESULT>OK^RESULT_CODE>000^3DSECURE>SKIPPED^RRN>306912690646^APPROVAL_CODE>885411^CARD_NUMBER>999999*********0568^AMOUNT>162000^CARDNAME>mb account^DESCRIPTION>6MSC22111363^TRANS_DATE>2023-03-10 06:18:10 PM
2023.3.10 12:18:13#1679610121813
2023.3.10 12:18:13#1679610121813
2023.3.10 12:18:13#=================== Transaction Completed =======================
2023.3.10 12:18:46#=================== Start New Transaction ===================
2023.3.10 12:18:46#txnrefnum:MBM2306174
2023.3.10 12:18:46#clientIp:202.144.203.10
2023.3.10 12:18:46#card type:6
2023.3.10 12:18:46#totalamount:102000
2023.3.10 12:18:49#result:TRANSACTION_ID:bahujAmzRKmUn3y6YuKdEoPxOr8=
2023.3.10 12:18:49#Forward to DBBL Payment Gateway Page: https://ecom1.dutchbanglabank.com/ecomm2/ClientHandler?card_type=6&trans_id=bahujAmzRKmUn3y6YuKdEoPxOr8%3D
2023.3.10 12:22:51#---------------------- Complete New Transaction---------------------
2023.3.10 12:22:51#Get trans_id From Post Value:bahujAmzRKmUn3y6YuKdEoPxOr8=
2023.3.10 12:22:51#clientIp:202.144.203.10
2023.3.10 12:22:51#trans_id:bahujAmzRKmUn3y6YuKdEoPxOr8=
2023.3.10 12:22:52#result:RESULT>OK^RESULT_CODE>000^3DSECURE>SKIPPED^RRN>306912690931^APPROVAL_CODE>906931^CARD_NUMBER>999999*********4556^AMOUNT>102000^CARDNAME>mb account^DESCRIPTION>6MBM2306174^TRANS_DATE>2023-03-10 06:22:50 PM
2023.3.10 12:22:52#45886510122252
2023.3.10 12:22:53#45886510122252
2023.3.10 12:22:53#=================== Transaction Completed =======================
2023.3.10 12:48:38#=================== Start New Transaction ===================
2023.3.10 12:48:38#txnrefnum:MSC22110517
2023.3.10 12:48:38#clientIp:103.112.130.74
2023.3.10 12:48:38#card type:6
2023.3.10 12:48:38#totalamount:174000
2023.3.10 12:48:41#result:TRANSACTION_ID:0gRCMNPskVcZeZxrDBp7jXSYCP8=
2023.3.10 12:48:41#Forward to DBBL Payment Gateway Page: https://ecom1.dutchbanglabank.com/ecomm2/ClientHandler?card_type=6&trans_id=0gRCMNPskVcZeZxrDBp7jXSYCP8%3D
2023.3.10 12:50:59#---------------------- Complete New Transaction---------------------
2023.3.10 12:50:59#Get trans_id From Post Value:0gRCMNPskVcZeZxrDBp7jXSYCP8=
2023.3.10 12:50:59#clientIp:103.112.130.74
2023.3.10 12:50:59#trans_id:0gRCMNPskVcZeZxrDBp7jXSYCP8=
2023.3.10 12:51:01#result:RESULT>OK^RESULT_CODE>000^3DSECURE>SKIPPED^RRN>306912692971^APPROVAL_CODE>074771^CARD_NUMBER>999999*********9301^AMOUNT>174000^CARDNAME>mb account^DESCRIPTION>6MSC22110517^TRANS_DATE>2023-03-10 06:50:52 PM
2023.3.10 12:51:01#33577310125101
2023.3.10 12:51:01#33577310125101
2023.3.10 12:51:01#33577310125101
2023.3.10 12:51:01#33577310125101
2023.3.10 12:51:01#=================== Transaction Completed =======================
2023.3.10 13:25:18#=================== Start New Transaction ===================
2023.3.10 13:25:18#txnrefnum:MBD2202032
2023.3.10 13:25:18#clientIp:103.146.69.2
2023.3.10 13:25:18#card type:6
2023.3.10 13:25:18#totalamount:2000
2023.3.10 13:25:21#result:TRANSACTION_ID:Ajs8t8P6L9AezMIPPJeeTBDi4hc=
2023.3.10 13:25:21#Forward to DBBL Payment Gateway Page: https://ecom1.dutchbanglabank.com/ecomm2/ClientHandler?card_type=6&trans_id=Ajs8t8P6L9AezMIPPJeeTBDi4hc%3D
2023.3.10 13:45:04#=================== Start New Transaction ===================
2023.3.10 13:45:04#txnrefnum:MBD2202032
2023.3.10 13:45:04#clientIp:103.146.69.2
2023.3.10 13:45:04#card type:6
2023.3.10 13:45:04#totalamount:102000
2023.3.10 13:45:07#result:TRANSACTION_ID:CnSG3A69bySwMdUXJmwgxovJwOo=
2023.3.10 13:45:07#Forward to DBBL Payment Gateway Page: https://ecom1.dutchbanglabank.com/ecomm2/ClientHandler?card_type=6&trans_id=CnSG3A69bySwMdUXJmwgxovJwOo%3D
2023.3.10 13:59:46#=================== Start New Transaction ===================
2023.3.10 13:59:46#txnrefnum:MSC23111194
2023.3.10 13:59:46#clientIp:202.134.14.131
2023.3.10 13:59:46#card type:6
2023.3.10 13:59:46#totalamount:182000
2023.3.10 13:59:49#result:TRANSACTION_ID:2JEL7LPucSTADZFa5S5gCfi9jqI=
2023.3.10 13:59:49#Forward to DBBL Payment Gateway Page: https://ecom1.dutchbanglabank.com/ecomm2/ClientHandler?card_type=6&trans_id=2JEL7LPucSTADZFa5S5gCfi9jqI%3D
2023.3.10 14:01:40#---------------------- Complete New Transaction---------------------
2023.3.10 14:01:40#Get trans_id From Post Value:2JEL7LPucSTADZFa5S5gCfi9jqI=
2023.3.10 14:01:40#clientIp:202.134.14.131
2023.3.10 14:01:40#trans_id:2JEL7LPucSTADZFa5S5gCfi9jqI=
2023.3.10 14:01:42#result:RESULT>OK^RESULT_CODE>000^3DSECURE>SKIPPED^RRN>306914699247^APPROVAL_CODE>600898^CARD_NUMBER>999999*********7877^AMOUNT>182000^CARDNAME>mb account^DESCRIPTION>6MSC23111194^TRANS_DATE>2023-03-10 08:01:39 PM
2023.3.10 14:01:42#52325710020142
2023.3.10 14:01:42#52325710020142
2023.3.10 14:01:42#=================== Transaction Completed =======================
2023.3.10 14:03:49#=================== Start New Transaction ===================
2023.3.10 14:03:49#txnrefnum:MSC23111199
2023.3.10 14:03:49#clientIp:103.166.89.90
2023.3.10 14:03:49#card type:6
2023.3.10 14:03:49#totalamount:362000
2023.3.10 14:03:52#result:TRANSACTION_ID:v01ekBcWChxxD9FxFPfEUghy3oo=
2023.3.10 14:03:52#Forward to DBBL Payment Gateway Page: https://ecom1.dutchbanglabank.com/ecomm2/ClientHandler?card_type=6&trans_id=v01ekBcWChxxD9FxFPfEUghy3oo%3D
2023.3.10 14:05:30#---------------------- Complete New Transaction---------------------
2023.3.10 14:05:30#Get trans_id From Post Value:v01ekBcWChxxD9FxFPfEUghy3oo=
2023.3.10 14:05:30#clientIp:103.166.89.90
2023.3.10 14:05:30#trans_id:v01ekBcWChxxD9FxFPfEUghy3oo=
2023.3.10 14:05:32#result:RESULT>OK^RESULT_CODE>000^3DSECURE>SKIPPED^RRN>306914699554^APPROVAL_CODE>590506^CARD_NUMBER>999999*********5469^AMOUNT>362000^CARDNAME>mb account^DESCRIPTION>6MSC23111199^TRANS_DATE>2023-03-10 08:05:29 PM
2023.3.10 14:05:32#52336210020532
2023.3.10 14:05:32#52336210020532
2023.3.10 14:05:32#52336210020532
2023.3.10 14:05:32#52336210020532
2023.3.10 14:05:32#=================== Transaction Completed =======================
2023.3.10 14:12:45#=================== Start New Transaction ===================
2023.3.10 14:12:45#txnrefnum:BBM2308007
2023.3.10 14:12:45#clientIp:103.25.123.15
2023.3.10 14:12:45#card type:6
2023.3.10 14:12:45#totalamount:102000
2023.3.10 14:12:48#result:TRANSACTION_ID:96ivDfTD7IUGHQJzVwEbsN7PXgU=
2023.3.10 14:12:48#Forward to DBBL Payment Gateway Page: https://ecom1.dutchbanglabank.com/ecomm2/ClientHandler?card_type=6&trans_id=96ivDfTD7IUGHQJzVwEbsN7PXgU%3D
2023.3.10 14:13:22#---------------------- Complete New Transaction---------------------
2023.3.10 14:13:22#Get trans_id From Post Value:96ivDfTD7IUGHQJzVwEbsN7PXgU=
2023.3.10 14:13:22#clientIp:103.25.123.15
2023.3.10 14:13:22#trans_id:96ivDfTD7IUGHQJzVwEbsN7PXgU=
2023.3.10 14:13:24#result:RESULT>OK^RESULT_CODE>000^3DSECURE>SKIPPED^RRN>306914700192^APPROVAL_CODE>701141^CARD_NUMBER>999999*********3668^AMOUNT>102000^CARDNAME>mb account^DESCRIPTION>6BBM2308007^TRANS_DATE>2023-03-10 08:13:21 PM
2023.3.10 14:13:24#42458110021324
2023.3.10 14:13:24#42458110021324
2023.3.10 14:13:24#=================== Transaction Completed =======================
2023.3.10 14:51:47#=================== Start New Transaction ===================
2023.3.10 14:51:47#txnrefnum:BBM2306016
2023.3.10 14:51:47#clientIp:202.134.14.137
2023.3.10 14:51:47#card type:6
2023.3.10 14:51:47#totalamount:102000
2023.3.10 14:51:50#result:TRANSACTION_ID:L9Ky1SwN1PQz9oXndJYkYYQTxAI=
2023.3.10 14:51:50#Forward to DBBL Payment Gateway Page: https://ecom1.dutchbanglabank.com/ecomm2/ClientHandler?card_type=6&trans_id=L9Ky1SwN1PQz9oXndJYkYYQTxAI%3D
2023.3.10 14:58:55#=================== Start New Transaction ===================
2023.3.10 14:58:55#txnrefnum:BBM2306016
2023.3.10 14:58:55#clientIp:202.134.14.137
2023.3.10 14:58:55#card type:6
2023.3.10 14:58:55#totalamount:102000
2023.3.10 14:58:58#result:TRANSACTION_ID:frbkWuTLUYgI1HbAO9wPZGxLBTE=
2023.3.10 14:58:58#Forward to DBBL Payment Gateway Page: https://ecom1.dutchbanglabank.com/ecomm2/ClientHandler?card_type=6&trans_id=frbkWuTLUYgI1HbAO9wPZGxLBTE%3D
2023.3.10 15:02:42#=================== Start New Transaction ===================
2023.3.10 15:02:42#txnrefnum:BBM2306016
2023.3.10 15:02:42#clientIp:202.134.14.137
2023.3.10 15:02:42#card type:6
2023.3.10 15:02:42#totalamount:102000
2023.3.10 15:02:45#result:TRANSACTION_ID:EzmZoI1pSq8djTO9wtcpBGpVArY=
2023.3.10 15:02:45#Forward to DBBL Payment Gateway Page: https://ecom1.dutchbanglabank.com/ecomm2/ClientHandler?card_type=6&trans_id=EzmZoI1pSq8djTO9wtcpBGpVArY%3D
2023.3.10 15:03:57#=================== Start New Transaction ===================
2023.3.10 15:03:57#txnrefnum:BBM2306016
2023.3.10 15:03:57#clientIp:202.134.14.137
2023.3.10 15:03:57#card type:6
2023.3.10 15:03:57#totalamount:102000
2023.3.10 15:04:00#result:TRANSACTION_ID:6FHSznP3Fquc3ZH54nub7eYB9bo=
2023.3.10 15:04:00#Forward to DBBL Payment Gateway Page: https://ecom1.dutchbanglabank.com/ecomm2/ClientHandler?card_type=6&trans_id=6FHSznP3Fquc3ZH54nub7eYB9bo%3D
2023.3.10 15:06:32#=================== Start New Transaction ===================
2023.3.10 15:06:32#txnrefnum:MSC23110025
2023.3.10 15:06:32#clientIp:103.204.246.12
2023.3.10 15:06:32#card type:6
2023.3.10 15:06:32#totalamount:182000
2023.3.10 15:06:35#result:TRANSACTION_ID:7IQ6lh6m0PTWLzSnAX4kfYd5k4U=
2023.3.10 15:06:35#Forward to DBBL Payment Gateway Page: https://ecom1.dutchbanglabank.com/ecomm2/ClientHandler?card_type=6&trans_id=7IQ6lh6m0PTWLzSnAX4kfYd5k4U%3D
2023.3.10 15:07:42#---------------------- Complete New Transaction---------------------
2023.3.10 15:07:42#Get trans_id From Post Value:7IQ6lh6m0PTWLzSnAX4kfYd5k4U=
2023.3.10 15:07:42#clientIp:103.204.246.12
2023.3.10 15:07:42#trans_id:7IQ6lh6m0PTWLzSnAX4kfYd5k4U=
2023.3.10 15:07:44#result:RESULT>OK^RESULT_CODE>000^3DSECURE>SKIPPED^RRN>306915704242^APPROVAL_CODE>019484^CARD_NUMBER>999999*********2286^AMOUNT>182000^CARDNAME>mb account^DESCRIPTION>6MSC23110025^TRANS_DATE>2023-03-10 09:07:41 PM
2023.3.10 15:07:44#52324510030744
2023.3.10 15:07:44#52324510030744
2023.3.10 15:07:44#=================== Transaction Completed =======================
2023.3.10 15:19:02#=================== Start New Transaction ===================
2023.3.10 15:19:02#txnrefnum:BBM2306016
2023.3.10 15:19:02#clientIp:202.134.14.137
2023.3.10 15:19:02#card type:6
2023.3.10 15:19:02#totalamount:102000
2023.3.10 15:19:05#result:TRANSACTION_ID:nBhyaKQT4SOCOuvOjGjzPwOgl8I=
2023.3.10 15:19:05#Forward to DBBL Payment Gateway Page: https://ecom1.dutchbanglabank.com/ecomm2/ClientHandler?card_type=6&trans_id=nBhyaKQT4SOCOuvOjGjzPwOgl8I%3D
2023.3.10 15:19:21#=================== Start New Transaction ===================
2023.3.10 15:19:21#txnrefnum:MSC23111291
2023.3.10 15:19:21#clientIp:202.134.9.132
2023.3.10 15:19:21#card type:6
2023.3.10 15:19:21#totalamount:374000
2023.3.10 15:19:24#result:TRANSACTION_ID:TfrksC9EMb7Cr8DXspSrq1PJRis=
2023.3.10 15:19:24#Forward to DBBL Payment Gateway Page: https://ecom1.dutchbanglabank.com/ecomm2/ClientHandler?card_type=6&trans_id=TfrksC9EMb7Cr8DXspSrq1PJRis%3D
2023.3.10 15:20:04#---------------------- Complete New Transaction---------------------
2023.3.10 15:20:04#Get trans_id From Post Value:TfrksC9EMb7Cr8DXspSrq1PJRis=
2023.3.10 15:20:04#clientIp:202.134.9.132
2023.3.10 15:20:04#trans_id:TfrksC9EMb7Cr8DXspSrq1PJRis=
2023.3.10 15:20:06#result:RESULT>OK^RESULT_CODE>000^3DSECURE>SKIPPED^RRN>306915705239^APPROVAL_CODE>982534^CARD_NUMBER>999999*********0055^AMOUNT>374000^CARDNAME>mb account^DESCRIPTION>6MSC23111291^TRANS_DATE>2023-03-10 09:20:03 PM
2023.3.10 15:20:06#53168610032006
2023.3.10 15:20:06#53168610032006
2023.3.10 15:20:06#53168610032006
2023.3.10 15:20:06#53168610032006
2023.3.10 15:20:06#=================== Transaction Completed =======================
2023.3.10 15:24:43#=================== Start New Transaction ===================
2023.3.10 15:24:43#txnrefnum:BBD2007159
2023.3.10 15:24:43#clientIp:118.179.3.158
2023.3.10 15:24:43#card type:6
2023.3.10 15:24:43#totalamount:202000
2023.3.10 15:24:45#result:TRANSACTION_ID:wJ4kS7CpdaX15FymPsTzRBiOcs0=
2023.3.10 15:24:46#Forward to DBBL Payment Gateway Page: https://ecom1.dutchbanglabank.com/ecomm2/ClientHandler?card_type=6&trans_id=wJ4kS7CpdaX15FymPsTzRBiOcs0%3D
2023.3.10 15:24:46#=================== Start New Transaction ===================
2023.3.10 15:24:46#txnrefnum:BBD2007159
2023.3.10 15:24:46#clientIp:118.179.3.158
2023.3.10 15:24:46#card type:6
2023.3.10 15:24:46#totalamount:202000
2023.3.10 15:24:48#=================== Start New Transaction ===================
2023.3.10 15:24:48#txnrefnum:BBD2007159
2023.3.10 15:24:48#clientIp:118.179.3.158
2023.3.10 15:24:48#card type:6
2023.3.10 15:24:48#totalamount:202000
2023.3.10 15:24:48#result:TRANSACTION_ID:RsPtqX88c8uenQ7EgM0lTQAOXbg=
2023.3.10 15:24:49#Forward to DBBL Payment Gateway Page: https://ecom1.dutchbanglabank.com/ecomm2/ClientHandler?card_type=6&trans_id=RsPtqX88c8uenQ7EgM0lTQAOXbg%3D
2023.3.10 15:24:51#result:TRANSACTION_ID:6iVIA4wRhMFlggM9l9sSojnilbw=
2023.3.10 15:24:51#Forward to DBBL Payment Gateway Page: https://ecom1.dutchbanglabank.com/ecomm2/ClientHandler?card_type=6&trans_id=6iVIA4wRhMFlggM9l9sSojnilbw%3D
2023.3.10 15:25:56#---------------------- Complete New Transaction---------------------
2023.3.10 15:25:56#Get trans_id From Post Value:6iVIA4wRhMFlggM9l9sSojnilbw=
2023.3.10 15:25:56#clientIp:118.179.3.158
2023.3.10 15:25:56#trans_id:6iVIA4wRhMFlggM9l9sSojnilbw=
2023.3.10 15:25:58#result:RESULT>OK^RESULT_CODE>000^3DSECURE>SKIPPED^RRN>306915705751^APPROVAL_CODE>993808^CARD_NUMBER>999999*********9096^AMOUNT>202000^CARDNAME>mb account^DESCRIPTION>6BBD2007159^TRANS_DATE>2023-03-10 09:25:55 PM
2023.3.10 15:25:58#37438510032558
2023.3.10 15:25:58#37438510032558
2023.3.10 15:25:58#37438510032558
2023.3.10 15:25:58#37438510032558
2023.3.10 15:25:58#=================== Transaction Completed =======================
2023.3.10 16:37:45#=================== Start New Transaction ===================
2023.3.10 16:37:45#txnrefnum:BBM2306016
2023.3.10 16:37:45#clientIp:202.134.14.137
2023.3.10 16:37:45#card type:6
2023.3.10 16:37:45#totalamount:102000
2023.3.10 16:37:49#result:TRANSACTION_ID:8Bu4YTOaxVc7Bt5bYi32CON5Te4=
2023.3.10 16:37:49#Forward to DBBL Payment Gateway Page: https://ecom1.dutchbanglabank.com/ecomm2/ClientHandler?card_type=6&trans_id=8Bu4YTOaxVc7Bt5bYi32CON5Te4%3D
2023.3.10 16:39:49#=================== Start New Transaction ===================
2023.3.10 16:39:49#txnrefnum:BBM2306016
2023.3.10 16:39:49#clientIp:202.134.14.137
2023.3.10 16:39:49#card type:6
2023.3.10 16:39:49#totalamount:102000
2023.3.10 16:39:52#result:TRANSACTION_ID:YxUKedPf2P3OZqdXhT5pst44k6A=
2023.3.10 16:39:52#Forward to DBBL Payment Gateway Page: https://ecom1.dutchbanglabank.com/ecomm2/ClientHandler?card_type=6&trans_id=YxUKedPf2P3OZqdXhT5pst44k6A%3D
2023.3.10 16:41:21#---------------------- Complete New Transaction---------------------
2023.3.10 16:41:21#Get trans_id From Post Value:YxUKedPf2P3OZqdXhT5pst44k6A=
2023.3.10 16:41:21#clientIp:202.134.14.137
2023.3.10 16:41:21#trans_id:YxUKedPf2P3OZqdXhT5pst44k6A=
2023.3.10 16:41:23#result:RESULT>OK^RESULT_CODE>000^3DSECURE>SKIPPED^RRN>306916710604^APPROVAL_CODE>329151^CARD_NUMBER>999999*********8230^AMOUNT>102000^CARDNAME>mb account^DESCRIPTION>6BBM2306016^TRANS_DATE>2023-03-10 10:41:20 PM
2023.3.10 16:41:23#45400610044123
2023.3.10 16:41:23#45400610044123
2023.3.10 16:41:23#=================== Transaction Completed =======================
2023.3.10 16:42:32#=================== Start New Transaction ===================
2023.3.10 16:42:32#txnrefnum:BBM2306016
2023.3.10 16:42:32#clientIp:202.134.14.137
2023.3.10 16:42:32#card type:6
2023.3.10 16:42:32#totalamount:102000
2023.3.10 16:42:35#result:TRANSACTION_ID:1iLKWDeSXATY1XWIODqEMczrzUY=
2023.3.10 16:42:35#Forward to DBBL Payment Gateway Page: https://ecom1.dutchbanglabank.com/ecomm2/ClientHandler?card_type=6&trans_id=1iLKWDeSXATY1XWIODqEMczrzUY%3D
2023.3.10 16:44:17#=================== Start New Transaction ===================
2023.3.10 16:44:17#txnrefnum:BBM2306016
2023.3.10 16:44:17#clientIp:202.134.14.137
2023.3.10 16:44:17#card type:6
2023.3.10 16:44:17#totalamount:102000
2023.3.10 16:44:19#result:TRANSACTION_ID:GOSbymoQQStDAsM1dS28GZ7LuLQ=
2023.3.10 16:44:19#Forward to DBBL Payment Gateway Page: https://ecom1.dutchbanglabank.com/ecomm2/ClientHandler?card_type=6&trans_id=GOSbymoQQStDAsM1dS28GZ7LuLQ%3D
2023.3.10 16:45:29#---------------------- Complete New Transaction---------------------
2023.3.10 16:45:29#Get trans_id From Post Value:GOSbymoQQStDAsM1dS28GZ7LuLQ=
2023.3.10 16:45:29#clientIp:202.134.14.137
2023.3.10 16:45:29#trans_id:GOSbymoQQStDAsM1dS28GZ7LuLQ=
2023.3.10 16:45:30#result:RESULT>OK^RESULT_CODE>000^3DSECURE>SKIPPED^RRN>306916710817^APPROVAL_CODE>430257^CARD_NUMBER>999999*********8230^AMOUNT>102000^CARDNAME>mb account^DESCRIPTION>6BBM2306016^TRANS_DATE>2023-03-10 10:45:28 PM
2023.3.10 16:45:30#45400510044530
2023.3.10 16:45:30#45400510044530
2023.3.10 16:45:30#=================== Transaction Completed =======================
2023.3.10 16:51:21#=================== Start New Transaction ===================
2023.3.10 16:51:21#txnrefnum:MBD2007298
2023.3.10 16:51:21#clientIp:103.184.95.2
2023.3.10 16:51:21#card type:6
2023.3.10 16:51:21#totalamount:2000
2023.3.10 16:51:23#result:TRANSACTION_ID:nqmk05ilsL8Ry87BRLZz6xtPEs8=
2023.3.10 16:51:24#Forward to DBBL Payment Gateway Page: https://ecom1.dutchbanglabank.com/ecomm2/ClientHandler?card_type=6&trans_id=nqmk05ilsL8Ry87BRLZz6xtPEs8%3D
2023.3.10 20:47:58#=================== Start New Transaction ===================
2023.3.10 20:47:58#txnrefnum:MBM2006051
2023.3.10 20:47:58#clientIp:45.115.114.244
2023.3.10 20:47:58#card type:6
2023.3.10 20:47:58#totalamount:202000
2023.3.10 20:48:00#result:TRANSACTION_ID:i4QkUOwKjE8Yv57pO4aCjL8PGPY=
2023.3.10 20:48:01#Forward to DBBL Payment Gateway Page: https://ecom1.dutchbanglabank.com/ecomm2/ClientHandler?card_type=6&trans_id=i4QkUOwKjE8Yv57pO4aCjL8PGPY%3D