
2023.5.5 08:28:14#=================== Start New Transaction ===================
2023.5.5 08:28:14#txnrefnum:BBD2007087
2023.5.5 08:28:14#clientIp:103.138.120.146
2023.5.5 08:28:14#card type:6
2023.5.5 08:28:14#totalamount:102000
2023.5.5 08:28:22#=================== Start New Transaction ===================
2023.5.5 08:28:22#txnrefnum:BBD2007087
2023.5.5 08:28:22#clientIp:103.138.120.146
2023.5.5 08:28:22#card type:6
2023.5.5 08:28:22#totalamount:102000
2023.5.5 08:28:59#result:TRANSACTION_ID:pJKFjsblJeBi0Ap722BLYXKVpBM=
2023.5.5 08:28:59#Forward to DBBL Payment Gateway Page: https://ecom1.dutchbanglabank.com/ecomm2/ClientHandler?card_type=6&trans_id=pJKFjsblJeBi0Ap722BLYXKVpBM%3D
2023.5.5 11:39:57#=================== Start New Transaction ===================
2023.5.5 11:39:57#txnrefnum:MED2006019
2023.5.5 11:39:57#clientIp:103.120.220.226
2023.5.5 11:39:57#card type:6
2023.5.5 11:39:57#totalamount:1052000
2023.5.5 11:40:14#=================== Start New Transaction ===================
2023.5.5 11:40:14#txnrefnum:MED2006019
2023.5.5 11:40:14#clientIp:103.120.220.226
2023.5.5 11:40:14#card type:6
2023.5.5 11:40:14#totalamount:1052000
2023.5.5 11:40:24#result:TRANSACTION_ID:3jtF6rbt2ZPB4HMDpGRLbYensJI=
2023.5.5 11:40:24#Forward to DBBL Payment Gateway Page: https://ecom1.dutchbanglabank.com/ecomm2/ClientHandler?card_type=6&trans_id=3jtF6rbt2ZPB4HMDpGRLbYensJI%3D
2023.5.5 11:40:24#=================== Start New Transaction ===================
2023.5.5 11:40:24#txnrefnum:MED2006019
2023.5.5 11:40:24#clientIp:103.120.220.226
2023.5.5 11:40:24#card type:6
2023.5.5 11:40:24#totalamount:1052000
2023.5.5 11:40:42#result:TRANSACTION_ID:4c1XUdZeQTT2CSkKqnJqML0CBTM=
2023.5.5 11:40:42#Forward to DBBL Payment Gateway Page: https://ecom1.dutchbanglabank.com/ecomm2/ClientHandler?card_type=6&trans_id=4c1XUdZeQTT2CSkKqnJqML0CBTM%3D
2023.5.5 11:44:20#=================== Start New Transaction ===================
2023.5.5 11:44:20#txnrefnum:MED2006019
2023.5.5 11:44:20#clientIp:103.120.220.226
2023.5.5 11:44:20#card type:6
2023.5.5 11:44:20#totalamount:1052000
2023.5.5 11:44:51#=================== Start New Transaction ===================
2023.5.5 11:44:51#txnrefnum:MED2006019
2023.5.5 11:44:51#clientIp:103.120.220.226
2023.5.5 11:44:51#card type:6
2023.5.5 11:44:51#totalamount:1052000
2023.5.5 11:44:54#result:TRANSACTION_ID:bYeEPOQ5yL4zq6BY7bwn9KqNuFQ=
2023.5.5 11:44:54#Forward to DBBL Payment Gateway Page: https://ecom1.dutchbanglabank.com/ecomm2/ClientHandler?card_type=6&trans_id=bYeEPOQ5yL4zq6BY7bwn9KqNuFQ%3D
2023.5.5 11:44:54#=================== Start New Transaction ===================
2023.5.5 11:44:54#txnrefnum:MED2006019
2023.5.5 11:44:54#clientIp:103.120.220.226
2023.5.5 11:44:54#card type:6
2023.5.5 11:44:54#totalamount:1052000
2023.5.5 11:45:09#result:TRANSACTION_ID:c1nnUkNFmynO1AvR19A3MRSVCWA=
2023.5.5 11:45:09#Forward to DBBL Payment Gateway Page: https://ecom1.dutchbanglabank.com/ecomm2/ClientHandler?card_type=6&trans_id=c1nnUkNFmynO1AvR19A3MRSVCWA%3D
2023.5.5 11:45:17#result:TRANSACTION_ID:TX2fjBoF2XINlDJBmmbck2wKpwg=
2023.5.5 11:45:17#Forward to DBBL Payment Gateway Page: https://ecom1.dutchbanglabank.com/ecomm2/ClientHandler?card_type=6&trans_id=TX2fjBoF2XINlDJBmmbck2wKpwg%3D
2023.5.5 11:46:13#---------------------- Complete New Transaction---------------------
2023.5.5 11:46:13#Get trans_id From Post Value:c1nnUkNFmynO1AvR19A3MRSVCWA=
2023.5.5 11:47:40#SOAP-ERROR: Parsing Schema: can't import schema from 'https://ecom1.dutchbanglabank.com:443/ecomws/dbblecomtxn?xsd=1'
2023.5.5 12:07:23#=================== Start New Transaction ===================
2023.5.5 12:07:23#txnrefnum:MBD2006293
2023.5.5 12:07:23#clientIp:103.168.207.85
2023.5.5 12:07:23#card type:6
2023.5.5 12:07:23#totalamount:2000
2023.5.5 13:16:54#=================== Start New Transaction ===================
2023.5.5 13:16:54#txnrefnum:MBD2006293
2023.5.5 13:16:54#clientIp:103.168.207.85
2023.5.5 13:16:54#card type:6
2023.5.5 13:16:54#totalamount:302000
2023.5.5 13:16:56#result:TRANSACTION_ID:2p1dKyhc8ClUMlzhjQM87oYPkJ8=
2023.5.5 13:16:57#Forward to DBBL Payment Gateway Page: https://ecom1.dutchbanglabank.com/ecomm2/ClientHandler?card_type=6&trans_id=2p1dKyhc8ClUMlzhjQM87oYPkJ8%3D
2023.5.5 13:17:58#---------------------- Complete New Transaction---------------------
2023.5.5 13:17:58#Get trans_id From Post Value:2p1dKyhc8ClUMlzhjQM87oYPkJ8=
2023.5.5 13:17:59#clientIp:103.168.207.85
2023.5.5 13:17:59#trans_id:2p1dKyhc8ClUMlzhjQM87oYPkJ8=
2023.5.5 13:18:01#result:RESULT>OK^RESULT_CODE>000^3DSECURE>SKIPPED^RRN>312513894425^APPROVAL_CODE>748597^CARD_NUMBER>999999*********0436^AMOUNT>302000^CARDNAME>mb account^DESCRIPTION>6MBD2006293^TRANS_DATE>2023-05-05 07:17:57 PM
2023.5.5 13:18:01#40063205011801
2023.5.5 13:18:01#40063205011801
2023.5.5 13:18:01#40063205011801
2023.5.5 13:18:01#40063205011801
2023.5.5 13:18:01#40063205011801
2023.5.5 13:18:02#40063205011801
2023.5.5 13:18:02#=================== Transaction Completed =======================
2023.5.5 13:33:28#=================== Start New Transaction ===================
2023.5.5 13:33:28#txnrefnum:MSC22110582
2023.5.5 13:33:28#clientIp:103.138.120.146
2023.5.5 13:33:28#card type:6
2023.5.5 13:33:28#totalamount:432000
2023.5.5 13:33:31#result:TRANSACTION_ID:nxb03fL0yjWrvLwJGwLqN6mhxxo=
2023.5.5 13:33:31#Forward to DBBL Payment Gateway Page: https://ecom1.dutchbanglabank.com/ecomm2/ClientHandler?card_type=6&trans_id=nxb03fL0yjWrvLwJGwLqN6mhxxo%3D
2023.5.5 13:34:03#---------------------- Complete New Transaction---------------------
2023.5.5 13:34:03#Get trans_id From Post Value:nxb03fL0yjWrvLwJGwLqN6mhxxo=
2023.5.5 13:34:03#clientIp:103.138.120.146
2023.5.5 13:34:03#trans_id:nxb03fL0yjWrvLwJGwLqN6mhxxo=
2023.5.5 13:34:05#result:RESULT>OK^RESULT_CODE>000^3DSECURE>SKIPPED^RRN>312513895627^APPROVAL_CODE>845028^CARD_NUMBER>999999*********8889^AMOUNT>432000^CARDNAME>mb account^DESCRIPTION>6MSC22110582^TRANS_DATE>2023-05-05 07:34:02 PM
2023.5.5 13:34:05#33564605013405
2023.5.5 13:34:05#33564605013405
2023.5.5 13:34:05#33564605013405
2023.5.5 13:34:05#33564605013405
2023.5.5 13:34:05#33564605013405
2023.5.5 13:34:05#33564605013405
2023.5.5 13:34:05#33564605013405
2023.5.5 13:34:05#33564605013405
2023.5.5 13:34:05#=================== Transaction Completed =======================
2023.5.5 14:07:07#=================== Start New Transaction ===================
2023.5.5 14:07:07#txnrefnum:MBM2304106
2023.5.5 14:07:07#clientIp:118.179.20.37
2023.5.5 14:07:07#card type:6
2023.5.5 14:07:07#totalamount:2000
2023.5.5 14:07:10#result:TRANSACTION_ID:JMG3eEPFIbAPuZkzu5OuJzRPGIg=
2023.5.5 14:07:10#Forward to DBBL Payment Gateway Page: https://ecom1.dutchbanglabank.com/ecomm2/ClientHandler?card_type=6&trans_id=JMG3eEPFIbAPuZkzu5OuJzRPGIg%3D
2023.5.5 14:07:59#=================== Start New Transaction ===================
2023.5.5 14:07:59#txnrefnum:MBM2304106
2023.5.5 14:07:59#clientIp:118.179.20.37
2023.5.5 14:07:59#card type:6
2023.5.5 14:07:59#totalamount:102000
2023.5.5 14:08:02#result:TRANSACTION_ID:omgnPeXzvc02OL3hhnmZ1SJ8RrU=
2023.5.5 14:08:02#Forward to DBBL Payment Gateway Page: https://ecom1.dutchbanglabank.com/ecomm2/ClientHandler?card_type=6&trans_id=omgnPeXzvc02OL3hhnmZ1SJ8RrU%3D
2023.5.5 14:08:24#---------------------- Complete New Transaction---------------------
2023.5.5 14:08:24#Get trans_id From Post Value:omgnPeXzvc02OL3hhnmZ1SJ8RrU=
2023.5.5 14:08:24#clientIp:118.179.20.37
2023.5.5 14:08:24#trans_id:omgnPeXzvc02OL3hhnmZ1SJ8RrU=
2023.5.5 14:08:33#=================== Start New Transaction ===================
2023.5.5 14:08:33#txnrefnum:MBM2003132
2023.5.5 14:08:33#clientIp:103.133.200.229
2023.5.5 14:08:33#card type:6
2023.5.5 14:08:33#totalamount:402000
2023.5.5 14:08:36#result:TRANSACTION_ID:NfCDDzhctW9rL8zfAHjXtoOwny8=
2023.5.5 14:08:36#Forward to DBBL Payment Gateway Page: https://ecom1.dutchbanglabank.com/ecomm2/ClientHandler?card_type=6&trans_id=NfCDDzhctW9rL8zfAHjXtoOwny8%3D
2023.5.5 14:08:52#result:RESULT>FAILED^RESULT_CODE>116^3DSECURE>SKIPPED^RRN>312514898142^APPROVAL_CODE>0^CARD_NUMBER>999999*********8434^AMOUNT>102000^CARDNAME>mb account^DESCRIPTION>6MBM2304106^TRANS_DATE>2023-05-05 08:08:24 PM
2023.5.5 14:08:52#Not Sufficient Amount
2023.5.5 14:09:40#=================== Start New Transaction ===================
2023.5.5 14:09:40#txnrefnum:MBM2304106
2023.5.5 14:09:40#clientIp:118.179.20.37
2023.5.5 14:09:40#card type:6
2023.5.5 14:09:40#totalamount:102000
2023.5.5 14:09:42#result:TRANSACTION_ID:cIE1tQuIKPvGnrERBJlArdnoBU4=
2023.5.5 14:09:43#Forward to DBBL Payment Gateway Page: https://ecom1.dutchbanglabank.com/ecomm2/ClientHandler?card_type=6&trans_id=cIE1tQuIKPvGnrERBJlArdnoBU4%3D
2023.5.5 14:10:03#---------------------- Complete New Transaction---------------------
2023.5.5 14:10:03#Get trans_id From Post Value:cIE1tQuIKPvGnrERBJlArdnoBU4=
2023.5.5 14:10:03#clientIp:118.179.20.37
2023.5.5 14:10:03#trans_id:cIE1tQuIKPvGnrERBJlArdnoBU4=
2023.5.5 14:10:05#result:RESULT>FAILED^RESULT_CODE>116^3DSECURE>SKIPPED^RRN>312514898270^APPROVAL_CODE>0^CARD_NUMBER>999999*********8434^AMOUNT>102000^CARDNAME>mb account^DESCRIPTION>6MBM2304106^TRANS_DATE>2023-05-05 08:10:02 PM
2023.5.5 14:10:05#Not Sufficient Amount
2023.5.5 14:11:23#=================== Start New Transaction ===================
2023.5.5 14:11:23#txnrefnum:MBM2304106
2023.5.5 14:11:23#clientIp:118.179.20.37
2023.5.5 14:11:23#card type:6
2023.5.5 14:11:23#totalamount:102000
2023.5.5 14:11:26#result:TRANSACTION_ID:mq2tdtRIR5r3YgLsP1QIhg4GjSA=
2023.5.5 14:11:26#Forward to DBBL Payment Gateway Page: https://ecom1.dutchbanglabank.com/ecomm2/ClientHandler?card_type=6&trans_id=mq2tdtRIR5r3YgLsP1QIhg4GjSA%3D
2023.5.5 14:11:48#---------------------- Complete New Transaction---------------------
2023.5.5 14:11:48#Get trans_id From Post Value:mq2tdtRIR5r3YgLsP1QIhg4GjSA=
2023.5.5 14:11:48#clientIp:118.179.20.37
2023.5.5 14:11:48#trans_id:mq2tdtRIR5r3YgLsP1QIhg4GjSA=
2023.5.5 14:11:50#result:RESULT>OK^RESULT_CODE>000^3DSECURE>SKIPPED^RRN>312514898386^APPROVAL_CODE>078205^CARD_NUMBER>999999*********8434^AMOUNT>102000^CARDNAME>mb account^DESCRIPTION>6MBM2304106^TRANS_DATE>2023-05-05 08:11:47 PM
2023.5.5 14:11:50#47048105021150
2023.5.5 14:11:50#47048105021150
2023.5.5 14:11:50#=================== Transaction Completed =======================
2023.5.5 14:14:39#=================== Start New Transaction ===================
2023.5.5 14:14:39#txnrefnum:MBM2304106
2023.5.5 14:14:39#clientIp:118.179.20.37
2023.5.5 14:14:39#card type:6
2023.5.5 14:14:39#totalamount:102000
2023.5.5 14:14:42#result:TRANSACTION_ID:cNBhID25gbYtsu44P6d26Llq7ck=
2023.5.5 14:14:42#Forward to DBBL Payment Gateway Page: https://ecom1.dutchbanglabank.com/ecomm2/ClientHandler?card_type=6&trans_id=cNBhID25gbYtsu44P6d26Llq7ck%3D
2023.5.5 14:15:00#---------------------- Complete New Transaction---------------------
2023.5.5 14:15:00#Get trans_id From Post Value:cNBhID25gbYtsu44P6d26Llq7ck=
2023.5.5 14:15:00#clientIp:118.179.20.37
2023.5.5 14:15:00#trans_id:cNBhID25gbYtsu44P6d26Llq7ck=
2023.5.5 14:15:01#result:RESULT>OK^RESULT_CODE>000^3DSECURE>SKIPPED^RRN>312514898605^APPROVAL_CODE>105636^CARD_NUMBER>999999*********8434^AMOUNT>102000^CARDNAME>mb account^DESCRIPTION>6MBM2304106^TRANS_DATE>2023-05-05 08:14:59 PM
2023.5.5 14:15:01#47048405021501
2023.5.5 14:15:01#47048405021501
2023.5.5 14:15:01#=================== Transaction Completed =======================
2023.5.5 14:17:20#=================== Start New Transaction ===================
2023.5.5 14:17:20#txnrefnum:MBM2304106
2023.5.5 14:17:20#clientIp:118.179.20.37
2023.5.5 14:17:20#card type:6
2023.5.5 14:17:20#totalamount:102000
2023.5.5 14:17:23#result:TRANSACTION_ID:d4xDBfMjLopyOUDrtVhPkeZmXyA=
2023.5.5 14:17:23#Forward to DBBL Payment Gateway Page: https://ecom1.dutchbanglabank.com/ecomm2/ClientHandler?card_type=6&trans_id=d4xDBfMjLopyOUDrtVhPkeZmXyA%3D
2023.5.5 14:17:42#---------------------- Complete New Transaction---------------------
2023.5.5 14:17:42#Get trans_id From Post Value:d4xDBfMjLopyOUDrtVhPkeZmXyA=
2023.5.5 14:17:42#clientIp:118.179.20.37
2023.5.5 14:17:42#trans_id:d4xDBfMjLopyOUDrtVhPkeZmXyA=
2023.5.5 14:17:44#result:RESULT>OK^RESULT_CODE>000^3DSECURE>SKIPPED^RRN>312514898794^APPROVAL_CODE>112186^CARD_NUMBER>999999*********8434^AMOUNT>102000^CARDNAME>mb account^DESCRIPTION>6MBM2304106^TRANS_DATE>2023-05-05 08:17:41 PM
2023.5.5 14:17:44#47048505021744
2023.5.5 14:17:44#47048505021744
2023.5.5 14:17:44#=================== Transaction Completed =======================
2023.5.5 15:07:33#=================== Start New Transaction ===================
2023.5.5 15:07:33#txnrefnum:MBD2006358
2023.5.5 15:07:33#clientIp:103.229.83.178
2023.5.5 15:07:33#card type:6
2023.5.5 15:07:33#totalamount:2000
2023.5.5 15:07:37#result:TRANSACTION_ID:J64USMdKA0rLxGEUHBUSLJrdjVc=
2023.5.5 15:07:37#Forward to DBBL Payment Gateway Page: https://ecom1.dutchbanglabank.com/ecomm2/ClientHandler?card_type=6&trans_id=J64USMdKA0rLxGEUHBUSLJrdjVc%3D
2023.5.5 15:45:08#=================== Start New Transaction ===================
2023.5.5 15:45:08#txnrefnum:MBM2003132
2023.5.5 15:45:08#clientIp:116.206.253.172
2023.5.5 15:45:08#card type:6
2023.5.5 15:45:08#totalamount:102000
2023.5.5 15:45:10#result:TRANSACTION_ID:i7Z5px6bWdcH9UTznZgZALTaFag=
2023.5.5 15:45:11#Forward to DBBL Payment Gateway Page: https://ecom1.dutchbanglabank.com/ecomm2/ClientHandler?card_type=6&trans_id=i7Z5px6bWdcH9UTznZgZALTaFag%3D
2023.5.5 15:54:22#=================== Start New Transaction ===================
2023.5.5 15:54:22#txnrefnum:MBD2307046
2023.5.5 15:54:22#clientIp:103.237.37.212
2023.5.5 15:54:22#card type:6
2023.5.5 15:54:22#totalamount:102000
2023.5.5 15:54:25#result:TRANSACTION_ID:KS7igKRjvpU7EbDViV4jRJHeKrA=
2023.5.5 15:54:25#Forward to DBBL Payment Gateway Page: https://ecom1.dutchbanglabank.com/ecomm2/ClientHandler?card_type=6&trans_id=KS7igKRjvpU7EbDViV4jRJHeKrA%3D
2023.5.5 15:55:22#---------------------- Complete New Transaction---------------------
2023.5.5 15:55:22#Get trans_id From Post Value:KS7igKRjvpU7EbDViV4jRJHeKrA=
2023.5.5 15:55:22#clientIp:103.237.37.212
2023.5.5 15:55:22#trans_id:KS7igKRjvpU7EbDViV4jRJHeKrA=
2023.5.5 15:55:24#result:RESULT>OK^RESULT_CODE>000^3DSECURE>SKIPPED^RRN>312515904974^APPROVAL_CODE>525168^CARD_NUMBER>999999*********3961^AMOUNT>102000^CARDNAME>mb account^DESCRIPTION>6MBD2307046^TRANS_DATE>2023-05-05 09:55:21 PM
2023.5.5 15:55:24#44170905035524
2023.5.5 15:55:24#44170905035524
2023.5.5 15:55:24#=================== Transaction Completed =======================
2023.5.5 16:05:46#=================== Start New Transaction ===================
2023.5.5 16:05:46#txnrefnum:MBM2206313
2023.5.5 16:05:46#clientIp:103.131.90.197
2023.5.5 16:05:46#card type:6
2023.5.5 16:05:46#totalamount:402000
2023.5.5 16:05:48#result:TRANSACTION_ID:0yGRscK6qWLPNxS9q2ZdLsPS288=
2023.5.5 16:05:48#Forward to DBBL Payment Gateway Page: https://ecom1.dutchbanglabank.com/ecomm2/ClientHandler?card_type=6&trans_id=0yGRscK6qWLPNxS9q2ZdLsPS288%3D
2023.5.5 16:06:09#=================== Start New Transaction ===================
2023.5.5 16:06:09#txnrefnum:MBM2003132
2023.5.5 16:06:09#clientIp:103.133.200.229
2023.5.5 16:06:09#card type:6
2023.5.5 16:06:09#totalamount:402000
2023.5.5 16:06:12#result:TRANSACTION_ID:knH52FBHFRAEqTUCX1VHz3756j0=
2023.5.5 16:06:12#Forward to DBBL Payment Gateway Page: https://ecom1.dutchbanglabank.com/ecomm2/ClientHandler?card_type=6&trans_id=knH52FBHFRAEqTUCX1VHz3756j0%3D
2023.5.5 16:07:12#---------------------- Complete New Transaction---------------------
2023.5.5 16:07:12#Get trans_id From Post Value:knH52FBHFRAEqTUCX1VHz3756j0=
2023.5.5 16:07:12#clientIp:113.11.113.30
2023.5.5 16:07:12#trans_id:knH52FBHFRAEqTUCX1VHz3756j0=
2023.5.5 16:07:14#result:RESULT>OK^RESULT_CODE>000^3DSECURE>SKIPPED^RRN>312516905525^APPROVAL_CODE>546634^CARD_NUMBER>999999*********1954^AMOUNT>402000^CARDNAME>mb account^DESCRIPTION>6MBM2003132^TRANS_DATE>2023-05-05 10:07:11 PM
2023.5.5 16:07:14#44708105040714
2023.5.5 16:07:14#44708105040714
2023.5.5 16:07:14#44708105040714
2023.5.5 16:07:14#44708105040714
2023.5.5 16:07:14#44708105040714
2023.5.5 16:07:14#44708105040714
2023.5.5 16:07:14#44708105040714
2023.5.5 16:07:14#44708105040714
2023.5.5 16:07:14#=================== Transaction Completed =======================
2023.5.5 16:09:08#---------------------- Complete New Transaction---------------------
2023.5.5 16:09:08#Get trans_id From Post Value:0yGRscK6qWLPNxS9q2ZdLsPS288=
2023.5.5 16:09:08#clientIp:103.131.90.197
2023.5.5 16:09:08#trans_id:0yGRscK6qWLPNxS9q2ZdLsPS288=
2023.5.5 16:09:10#result:RESULT>OK^RESULT_CODE>000^3DSECURE>SKIPPED^RRN>312516905604^APPROVAL_CODE>549648^CARD_NUMBER>999999*********9098^AMOUNT>402000^CARDNAME>mb account^DESCRIPTION>6MBM2206313^TRANS_DATE>2023-05-05 10:09:07 PM
2023.5.5 16:09:10#43803305040910
2023.5.5 16:09:10#43803305040910
2023.5.5 16:09:10#43803305040910
2023.5.5 16:09:10#43803305040910
2023.5.5 16:09:10#43803305040910
2023.5.5 16:09:10#43803305040910
2023.5.5 16:09:10#43803305040910
2023.5.5 16:09:10#43803305040910
2023.5.5 16:09:10#=================== Transaction Completed =======================
2023.5.5 18:10:35#=================== Start New Transaction ===================
2023.5.5 18:10:35#txnrefnum:MBD2006242
2023.5.5 18:10:35#clientIp:103.112.53.241
2023.5.5 18:10:35#card type:6
2023.5.5 18:10:35#totalamount:202000
2023.5.5 18:10:38#result:TRANSACTION_ID:8BWleJWE53VeNVSSdpPmr9eJOWU=
2023.5.5 18:10:38#Forward to DBBL Payment Gateway Page: https://ecom1.dutchbanglabank.com/ecomm2/ClientHandler?card_type=6&trans_id=8BWleJWE53VeNVSSdpPmr9eJOWU%3D
2023.5.5 18:11:03#---------------------- Complete New Transaction---------------------
2023.5.5 18:11:03#Get trans_id From Post Value:8BWleJWE53VeNVSSdpPmr9eJOWU=
2023.5.5 18:11:03#clientIp:103.112.53.241
2023.5.5 18:11:03#trans_id:8BWleJWE53VeNVSSdpPmr9eJOWU=
2023.5.5 18:11:05#result:RESULT>OK^RESULT_CODE>000^3DSECURE>SKIPPED^RRN>312518910311^APPROVAL_CODE>873417^CARD_NUMBER>999999*********8271^AMOUNT>202000^CARDNAME>mb account^DESCRIPTION>6MBD2006242^TRANS_DATE>2023-05-06 12:11:02 AM
2023.5.5 18:11:05#39968405061105
2023.5.5 18:11:05#39968405061105
2023.5.5 18:11:05#39968405061105
2023.5.5 18:11:05#39968405061105
2023.5.5 18:11:05#=================== Transaction Completed =======================