
2023.6.24 05:12:23#=================== Start New Transaction ===================
2023.6.24 05:12:23#txnrefnum:MBD2301447
2023.6.24 05:12:23#clientIp:119.18.151.65
2023.6.24 05:12:23#card type:6
2023.6.24 05:12:23#totalamount:302000
2023.6.24 05:12:29#result:TRANSACTION_ID:CSOQTHb4h3a77Pv5P3wBGKpXqYk=
2023.6.24 05:12:29#Forward to DBBL Payment Gateway Page: https://ecom1.dutchbanglabank.com/ecomm2/ClientHandler?card_type=6&trans_id=CSOQTHb4h3a77Pv5P3wBGKpXqYk%3D
2023.6.24 05:13:34#=================== Start New Transaction ===================
2023.6.24 05:13:34#txnrefnum:MBD2301447
2023.6.24 05:13:34#clientIp:119.18.151.65
2023.6.24 05:13:34#card type:6
2023.6.24 05:13:34#totalamount:202000
2023.6.24 05:13:37#result:TRANSACTION_ID:1smZ6uY6zVlc78Wl8tUEM6QFoLs=
2023.6.24 05:13:38#Forward to DBBL Payment Gateway Page: https://ecom1.dutchbanglabank.com/ecomm2/ClientHandler?card_type=6&trans_id=1smZ6uY6zVlc78Wl8tUEM6QFoLs%3D
2023.6.24 05:17:24#=================== Start New Transaction ===================
2023.6.24 05:17:24#txnrefnum:MBD2301447
2023.6.24 05:17:24#clientIp:119.18.151.65
2023.6.24 05:17:24#card type:6
2023.6.24 05:17:24#totalamount:202000
2023.6.24 05:17:27#result:TRANSACTION_ID:AzLmU8E88FIIm79fRHwUSPh3sms=
2023.6.24 05:17:27#Forward to DBBL Payment Gateway Page: https://ecom1.dutchbanglabank.com/ecomm2/ClientHandler?card_type=6&trans_id=AzLmU8E88FIIm79fRHwUSPh3sms%3D
2023.6.24 05:18:26#=================== Start New Transaction ===================
2023.6.24 05:18:26#txnrefnum:MBD2301447
2023.6.24 05:18:26#clientIp:119.18.151.65
2023.6.24 05:18:26#card type:6
2023.6.24 05:18:26#totalamount:202000
2023.6.24 05:18:29#result:TRANSACTION_ID:Bv7CdUwT4LSlvHrifNfLMeA0Stg=
2023.6.24 05:18:30#Forward to DBBL Payment Gateway Page: https://ecom1.dutchbanglabank.com/ecomm2/ClientHandler?card_type=6&trans_id=Bv7CdUwT4LSlvHrifNfLMeA0Stg%3D
2023.6.24 05:31:39#=================== Start New Transaction ===================
2023.6.24 05:31:39#txnrefnum:BBD2007009
2023.6.24 05:31:39#clientIp:103.147.106.2
2023.6.24 05:31:39#card type:6
2023.6.24 05:31:39#totalamount:582000
2023.6.24 05:31:42#result:TRANSACTION_ID:RsKnl2WVqP8tP2polev6gN7xfbc=
2023.6.24 05:31:42#Forward to DBBL Payment Gateway Page: https://ecom1.dutchbanglabank.com/ecomm2/ClientHandler?card_type=6&trans_id=RsKnl2WVqP8tP2polev6gN7xfbc%3D
2023.6.24 05:32:57#---------------------- Complete New Transaction---------------------
2023.6.24 05:32:57#Get trans_id From Post Value:RsKnl2WVqP8tP2polev6gN7xfbc=
2023.6.24 05:32:57#clientIp:103.147.106.2
2023.6.24 05:32:57#trans_id:RsKnl2WVqP8tP2polev6gN7xfbc=
2023.6.24 05:33:02#result:RESULT>OK^RESULT_CODE>000^3DSECURE>SKIPPED^RRN>317505594618^APPROVAL_CODE>153541^CARD_NUMBER>999999*********2039^AMOUNT>582000^CARDNAME>mb account^DESCRIPTION>6BBD2007009^TRANS_DATE>2023-06-24 11:32:56 AM
2023.6.24 05:33:02#37602924053302
2023.6.24 05:33:02#37602924053302
2023.6.24 05:33:02#37602924053302
2023.6.24 05:33:03#37602924053302
2023.6.24 05:33:03#37602924053302
2023.6.24 05:33:03#37602924053302
2023.6.24 05:33:03#37602924053302
2023.6.24 05:33:03#37602924053302
2023.6.24 05:33:03#37602924053302
2023.6.24 05:33:03#37602924053302
2023.6.24 05:33:03#37602924053302
2023.6.24 05:33:03#37602924053302
2023.6.24 05:33:03#=================== Transaction Completed =======================
2023.6.24 14:45:25#=================== Start New Transaction ===================
2023.6.24 14:45:25#txnrefnum:MBM2006159
2023.6.24 14:45:25#clientIp:157.119.237.3
2023.6.24 14:45:25#card type:6
2023.6.24 14:45:25#totalamount:121500
2023.6.24 14:45:30#result:TRANSACTION_ID:hsGDQIYueCzP9zL4O19pkLXnHxU=
2023.6.24 14:45:30#Forward to DBBL Payment Gateway Page: https://ecom1.dutchbanglabank.com/ecomm2/ClientHandler?card_type=6&trans_id=hsGDQIYueCzP9zL4O19pkLXnHxU%3D
2023.6.24 14:46:09#---------------------- Complete New Transaction---------------------
2023.6.24 14:46:09#Get trans_id From Post Value:hsGDQIYueCzP9zL4O19pkLXnHxU=
2023.6.24 14:46:10#clientIp:157.119.237.3
2023.6.24 14:46:10#trans_id:hsGDQIYueCzP9zL4O19pkLXnHxU=
2023.6.24 14:46:12#result:RESULT>OK^RESULT_CODE>000^3DSECURE>SKIPPED^RRN>317514636165^APPROVAL_CODE>215318^CARD_NUMBER>999999*********0086^AMOUNT>121500^CARDNAME>mb account^DESCRIPTION>6MBM2006159^TRANS_DATE>2023-06-24 08:46:08 PM
2023.6.24 14:46:12#39615824024612
2023.6.24 14:46:12#39615824024612
2023.6.24 14:46:12#39615824024612
2023.6.24 14:46:13#39615824024612
2023.6.24 14:46:13#=================== Transaction Completed =======================