
2022.12.2 03:44:14#=================== Start New Transaction ===================
2022.12.2 03:44:14#txnrefnum:MSC22111172
2022.12.2 03:44:14#clientIp:103.100.235.104
2022.12.2 03:44:14#card type:6
2022.12.2 03:44:14#totalamount:162000
2022.12.2 03:44:20#result:TRANSACTION_ID:YlzJyNT5ta7YrjZB6TqL0tZb3qU=
2022.12.2 03:44:20#Forward to DBBL Payment Gateway Page: https://ecom1.dutchbanglabank.com/ecomm2/ClientHandler?card_type=6&trans_id=YlzJyNT5ta7YrjZB6TqL0tZb3qU%3D
2022.12.2 03:44:22#=================== Start New Transaction ===================
2022.12.2 03:44:22#txnrefnum:MSC22111172
2022.12.2 03:44:22#clientIp:103.100.235.104
2022.12.2 03:44:22#card type:6
2022.12.2 03:44:22#totalamount:162000
2022.12.2 03:44:24#result:TRANSACTION_ID:DlWqHSu1Xfj7HK815iT1Z7Krmp0=
2022.12.2 03:44:25#Forward to DBBL Payment Gateway Page: https://ecom1.dutchbanglabank.com/ecomm2/ClientHandler?card_type=6&trans_id=DlWqHSu1Xfj7HK815iT1Z7Krmp0%3D
2022.12.2 03:46:11#---------------------- Complete New Transaction---------------------
2022.12.2 03:46:11#Get trans_id From Post Value:DlWqHSu1Xfj7HK815iT1Z7Krmp0=
2022.12.2 03:46:11#clientIp:103.100.235.104
2022.12.2 03:46:11#trans_id:DlWqHSu1Xfj7HK815iT1Z7Krmp0=
2022.12.2 03:46:13#result:RESULT>OK^RESULT_CODE>000^3DSECURE>SKIPPED^RRN>233603617798^APPROVAL_CODE>247327^CARD_NUMBER>999999*********2623^AMOUNT>162000^CARDNAME>mb account^DESCRIPTION>6MSC22111172^TRANS_DATE>2022-12-02 09:46:10 AM
2022.12.2 03:46:13#33896302034613
2022.12.2 03:46:13#33896302034613
2022.12.2 03:46:13#=================== Transaction Completed =======================
2022.12.2 03:46:14#---------------------- Complete New Transaction---------------------
2022.12.2 03:46:14#transaction id missing
2022.12.2 06:09:08#=================== Start New Transaction ===================
2022.12.2 06:09:08#txnrefnum:MSC22111268
2022.12.2 06:09:08#clientIp:202.134.10.132
2022.12.2 06:09:08#card type:6
2022.12.2 06:09:08#totalamount:702000
2022.12.2 06:09:10#=================== Start New Transaction ===================
2022.12.2 06:09:10#txnrefnum:MSC22111268
2022.12.2 06:09:10#clientIp:202.134.10.132
2022.12.2 06:09:10#card type:6
2022.12.2 06:09:10#totalamount:702000
2022.12.2 06:09:11#result:TRANSACTION_ID:y67oD4cgHVbu9sLRjH4fROE0Oyg=
2022.12.2 06:09:12#Forward to DBBL Payment Gateway Page: https://ecom1.dutchbanglabank.com/ecomm2/ClientHandler?card_type=6&trans_id=y67oD4cgHVbu9sLRjH4fROE0Oyg%3D
2022.12.2 06:09:12#result:TRANSACTION_ID:FLoKWLshQRg0ScjSCNiSHv34ugI=
2022.12.2 06:09:13#Forward to DBBL Payment Gateway Page: https://ecom1.dutchbanglabank.com/ecomm2/ClientHandler?card_type=6&trans_id=FLoKWLshQRg0ScjSCNiSHv34ugI%3D
2022.12.2 06:10:13#=================== Start New Transaction ===================
2022.12.2 06:10:13#txnrefnum:MSC22111268
2022.12.2 06:10:13#clientIp:202.134.10.132
2022.12.2 06:10:13#card type:6
2022.12.2 06:10:13#totalamount:702000
2022.12.2 06:10:16#result:TRANSACTION_ID:ydK7YS43ABhud0n4YglB9WPXgu8=
2022.12.2 06:10:16#Forward to DBBL Payment Gateway Page: https://ecom1.dutchbanglabank.com/ecomm2/ClientHandler?card_type=6&trans_id=ydK7YS43ABhud0n4YglB9WPXgu8%3D
2022.12.2 06:12:18#---------------------- Complete New Transaction---------------------
2022.12.2 06:12:18#Get trans_id From Post Value:ydK7YS43ABhud0n4YglB9WPXgu8=
2022.12.2 06:12:20#clientIp:202.134.10.132
2022.12.2 06:12:20#trans_id:ydK7YS43ABhud0n4YglB9WPXgu8=
2022.12.2 06:12:22#result:RESULT>OK^RESULT_CODE>000^3DSECURE>SKIPPED^RRN>233606625667^APPROVAL_CODE>771508^CARD_NUMBER>999999*********8527^AMOUNT>702000^CARDNAME>mb account^DESCRIPTION>6MSC22111268^TRANS_DATE>2022-12-02 12:12:17 PM
2022.12.2 06:12:22#33510902061222
2022.12.2 06:12:22#33510902061222
2022.12.2 06:12:22#=================== Transaction Completed =======================
2022.12.2 06:15:43#=================== Start New Transaction ===================
2022.12.2 06:15:43#txnrefnum:BBB2106120
2022.12.2 06:15:43#clientIp:202.134.9.155
2022.12.2 06:15:43#card type:6
2022.12.2 06:15:43#totalamount:402000
2022.12.2 06:15:46#result:TRANSACTION_ID:G20rV8M85ViY4alOjng9xZgJGfs=
2022.12.2 06:15:46#Forward to DBBL Payment Gateway Page: https://ecom1.dutchbanglabank.com/ecomm2/ClientHandler?card_type=6&trans_id=G20rV8M85ViY4alOjng9xZgJGfs%3D
2022.12.2 06:16:45#=================== Start New Transaction ===================
2022.12.2 06:16:45#txnrefnum:BBM2007179
2022.12.2 06:16:45#clientIp:114.130.184.97
2022.12.2 06:16:45#card type:6
2022.12.2 06:16:45#totalamount:482000
2022.12.2 06:16:48#result:TRANSACTION_ID:PrCUHEnPcSoCKJKWoohX0AKAFX4=
2022.12.2 06:16:48#Forward to DBBL Payment Gateway Page: https://ecom1.dutchbanglabank.com/ecomm2/ClientHandler?card_type=6&trans_id=PrCUHEnPcSoCKJKWoohX0AKAFX4%3D
2022.12.2 06:16:58#---------------------- Complete New Transaction---------------------
2022.12.2 06:16:58#Get trans_id From Post Value:G20rV8M85ViY4alOjng9xZgJGfs=
2022.12.2 06:16:58#clientIp:202.134.9.155
2022.12.2 06:16:58#trans_id:G20rV8M85ViY4alOjng9xZgJGfs=
2022.12.2 06:16:59#result:RESULT>OK^RESULT_CODE>000^3DSECURE>SKIPPED^RRN>233606625948^APPROVAL_CODE>720151^CARD_NUMBER>999999*********9974^AMOUNT>402000^CARDNAME>mb account^DESCRIPTION>6BBB2106120^TRANS_DATE>2022-12-02 12:16:56 PM
2022.12.2 06:16:59#24838902061659
2022.12.2 06:16:59#24838902061659
2022.12.2 06:16:59#24838902061659
2022.12.2 06:16:59#24838902061659
2022.12.2 06:16:59#24838902061659
2022.12.2 06:17:00#24838902061659
2022.12.2 06:17:00#24838902061659
2022.12.2 06:17:00#24838902061659
2022.12.2 06:17:00#24838902061659
2022.12.2 06:17:00#24838902061659
2022.12.2 06:17:00#=================== Transaction Completed =======================
2022.12.2 06:18:04#=================== Start New Transaction ===================
2022.12.2 06:18:04#txnrefnum:BBM2007179
2022.12.2 06:18:04#clientIp:114.130.184.97
2022.12.2 06:18:04#card type:6
2022.12.2 06:18:04#totalamount:482000
2022.12.2 06:18:07#result:TRANSACTION_ID:ybcZC7RqfXbqITiZu5WvFBoN4Sg=
2022.12.2 06:18:08#Forward to DBBL Payment Gateway Page: https://ecom1.dutchbanglabank.com/ecomm2/ClientHandler?card_type=6&trans_id=ybcZC7RqfXbqITiZu5WvFBoN4Sg%3D
2022.12.2 06:18:34#---------------------- Complete New Transaction---------------------
2022.12.2 06:18:34#Get trans_id From Post Value:ybcZC7RqfXbqITiZu5WvFBoN4Sg=
2022.12.2 06:18:34#clientIp:114.130.184.97
2022.12.2 06:18:34#trans_id:ybcZC7RqfXbqITiZu5WvFBoN4Sg=
2022.12.2 06:18:36#result:RESULT>OK^RESULT_CODE>000^3DSECURE>SKIPPED^RRN>233606626049^APPROVAL_CODE>778240^CARD_NUMBER>999999*********3728^AMOUNT>482000^CARDNAME>mb account^DESCRIPTION>6BBM2007179^TRANS_DATE>2022-12-02 12:18:33 PM
2022.12.2 06:18:36#26293802061836
2022.12.2 06:18:37#26293802061836
2022.12.2 06:18:37#26293802061836
2022.12.2 06:18:37#26293802061836
2022.12.2 06:18:37#26293802061836
2022.12.2 06:18:37#26293802061836
2022.12.2 06:18:37#26293802061836
2022.12.2 06:18:37#26293802061836
2022.12.2 06:18:37#26293802061836
2022.12.2 06:18:37#26293802061836
2022.12.2 06:18:37#26293802061836
2022.12.2 06:18:37#26293802061836
2022.12.2 06:18:37#=================== Transaction Completed =======================
2022.12.2 08:00:17#=================== Start New Transaction ===================
2022.12.2 08:00:17#txnrefnum:MBD2006387
2022.12.2 08:00:17#clientIp:103.140.177.29
2022.12.2 08:00:17#card type:6
2022.12.2 08:00:17#totalamount:322000
2022.12.2 08:00:19#result:TRANSACTION_ID:wTIgmQpJamZl0taVRSm5BySx3ms=
2022.12.2 08:00:20#Forward to DBBL Payment Gateway Page: https://ecom1.dutchbanglabank.com/ecomm2/ClientHandler?card_type=6&trans_id=wTIgmQpJamZl0taVRSm5BySx3ms%3D
2022.12.2 08:17:57#=================== Start New Transaction ===================
2022.12.2 08:17:57#txnrefnum:MBD2006387
2022.12.2 08:17:57#clientIp:103.140.177.26
2022.12.2 08:17:57#card type:6
2022.12.2 08:17:57#totalamount:322000
2022.12.2 08:17:59#result:TRANSACTION_ID:AxMvdilZWKuddSAAwOsheCX0atc=
2022.12.2 08:18:00#Forward to DBBL Payment Gateway Page: https://ecom1.dutchbanglabank.com/ecomm2/ClientHandler?card_type=6&trans_id=AxMvdilZWKuddSAAwOsheCX0atc%3D
2022.12.2 08:20:23#---------------------- Complete New Transaction---------------------
2022.12.2 08:20:23#Get trans_id From Post Value:AxMvdilZWKuddSAAwOsheCX0atc=
2022.12.2 08:20:23#clientIp:103.140.177.26
2022.12.2 08:20:23#trans_id:AxMvdilZWKuddSAAwOsheCX0atc=
2022.12.2 08:20:25#result:RESULT>OK^RESULT_CODE>000^3DSECURE>SKIPPED^RRN>233608631176^APPROVAL_CODE>940171^CARD_NUMBER>999999*********7347^AMOUNT>322000^CARDNAME>mb account^DESCRIPTION>6MBD2006387^TRANS_DATE>2022-12-02 02:20:22 PM
2022.12.2 08:20:25#18407902082025
2022.12.2 08:20:25#18407902082025
2022.12.2 08:20:25#18407902082025
2022.12.2 08:20:25#18407902082025
2022.12.2 08:20:25#18407902082025
2022.12.2 08:20:25#18407902082025
2022.12.2 08:20:25#18407902082025
2022.12.2 08:20:26#18407902082025
2022.12.2 08:20:26#=================== Transaction Completed =======================
2022.12.2 12:19:51#=================== Start New Transaction ===================
2022.12.2 12:19:51#txnrefnum:MBM2005187
2022.12.2 12:19:51#clientIp:118.179.85.17
2022.12.2 12:19:51#card type:6
2022.12.2 12:19:51#totalamount:1522000
2022.12.2 12:19:55#result:TRANSACTION_ID:4rCA4FRlafGAfunttF9vSCYJdG4=
2022.12.2 12:19:55#Forward to DBBL Payment Gateway Page: https://ecom1.dutchbanglabank.com/ecomm2/ClientHandler?card_type=6&trans_id=4rCA4FRlafGAfunttF9vSCYJdG4%3D
2022.12.2 14:34:15#=================== Start New Transaction ===================
2022.12.2 14:34:15#txnrefnum:MSC22110003
2022.12.2 14:34:15#clientIp:118.179.20.37
2022.12.2 14:34:15#card type:6
2022.12.2 14:34:15#totalamount:822000
2022.12.2 14:34:18#result:TRANSACTION_ID:GmkDYsu3ODE5NXbJEwS93puhvh0=
2022.12.2 14:34:18#Forward to DBBL Payment Gateway Page: https://ecom1.dutchbanglabank.com/ecomm2/ClientHandler?card_type=6&trans_id=GmkDYsu3ODE5NXbJEwS93puhvh0%3D
2022.12.2 14:37:15#---------------------- Complete New Transaction---------------------
2022.12.2 14:37:15#Get trans_id From Post Value:GmkDYsu3ODE5NXbJEwS93puhvh0=
2022.12.2 14:37:15#clientIp:118.179.20.37
2022.12.2 14:37:15#trans_id:GmkDYsu3ODE5NXbJEwS93puhvh0=
2022.12.2 14:37:16#result:RESULT>OK^RESULT_CODE>000^3DSECURE>SKIPPED^RRN>233614653453^APPROVAL_CODE>245096^CARD_NUMBER>999999*********2189^AMOUNT>822000^CARDNAME>mb account^DESCRIPTION>6MSC22110003^TRANS_DATE>2022-12-02 08:37:13 PM
2022.12.2 14:37:16#33504002023716
2022.12.2 14:37:17#33504002023716
2022.12.2 14:37:17#33504002023716
2022.12.2 14:37:17#33504002023716
2022.12.2 14:37:17#=================== Transaction Completed =======================
2022.12.2 20:07:02#=================== Start New Transaction ===================
2022.12.2 20:07:02#txnrefnum:MSC22110537
2022.12.2 20:07:02#clientIp:43.230.123.2
2022.12.2 20:07:02#card type:6
2022.12.2 20:07:02#totalamount:922000
2022.12.2 20:07:06#result:TRANSACTION_ID:TN2ssFnRiROSxgqTS141PgO413o=
2022.12.2 20:07:06#Forward to DBBL Payment Gateway Page: https://ecom1.dutchbanglabank.com/ecomm2/ClientHandler?card_type=6&trans_id=TN2ssFnRiROSxgqTS141PgO413o%3D
2022.12.2 20:13:55#---------------------- Complete New Transaction---------------------
2022.12.2 20:13:55#Get trans_id From Post Value:TN2ssFnRiROSxgqTS141PgO413o=
2022.12.2 20:13:55#clientIp:43.230.123.2
2022.12.2 20:13:55#trans_id:TN2ssFnRiROSxgqTS141PgO413o=
2022.12.2 20:13:57#result:RESULT>TIMEOUT^RESULT_CODE>999^3DSECURE>0^RRN>0^APPROVAL_CODE>0^CARD_NUMBER>0^AMOUNT>922000^CARDNAME>0^DESCRIPTION>6MSC22110537^TRANS_DATE>2022-12-03 02:13:53 AM
2022.12.2 20:13:57#Failed
2022.12.2 20:16:59#=================== Start New Transaction ===================
2022.12.2 20:16:59#txnrefnum:MSC22110537
2022.12.2 20:16:59#clientIp:43.230.123.2
2022.12.2 20:16:59#card type:6
2022.12.2 20:16:59#totalamount:922000
2022.12.2 20:17:01#result:TRANSACTION_ID:toKJxSAmPIPbpRUhxBMaUuUEpY8=
2022.12.2 20:17:02#Forward to DBBL Payment Gateway Page: https://ecom1.dutchbanglabank.com/ecomm2/ClientHandler?card_type=6&trans_id=toKJxSAmPIPbpRUhxBMaUuUEpY8%3D
2022.12.2 20:25:45#---------------------- Complete New Transaction---------------------
2022.12.2 20:25:45#Get trans_id From Post Value:toKJxSAmPIPbpRUhxBMaUuUEpY8=
2022.12.2 20:25:45#clientIp:43.230.123.2
2022.12.2 20:25:45#trans_id:toKJxSAmPIPbpRUhxBMaUuUEpY8=
2022.12.2 20:25:47#result:RESULT>TIMEOUT^RESULT_CODE>999^3DSECURE>0^RRN>0^APPROVAL_CODE>0^CARD_NUMBER>0^AMOUNT>922000^CARDNAME>0^DESCRIPTION>6MSC22110537^TRANS_DATE>2022-12-03 02:25:43 AM
2022.12.2 20:25:47#Failed
2022.12.2 20:26:18#=================== Start New Transaction ===================
2022.12.2 20:26:18#txnrefnum:MSC22110537
2022.12.2 20:26:18#clientIp:43.230.123.2
2022.12.2 20:26:18#card type:6
2022.12.2 20:26:18#totalamount:922000
2022.12.2 20:26:21#result:TRANSACTION_ID:xOlJfJ5MQcLSfhHGkqdkBLxUD4o=
2022.12.2 20:26:21#Forward to DBBL Payment Gateway Page: https://ecom1.dutchbanglabank.com/ecomm2/ClientHandler?card_type=6&trans_id=xOlJfJ5MQcLSfhHGkqdkBLxUD4o%3D
2022.12.2 20:27:20#---------------------- Complete New Transaction---------------------
2022.12.2 20:27:20#Get trans_id From Post Value:xOlJfJ5MQcLSfhHGkqdkBLxUD4o=
2022.12.2 20:27:20#clientIp:43.230.123.2
2022.12.2 20:27:20#trans_id:xOlJfJ5MQcLSfhHGkqdkBLxUD4o=
2022.12.2 20:27:22#result:RESULT>OK^RESULT_CODE>000^3DSECURE>SKIPPED^RRN>233620664758^APPROVAL_CODE>810927^CARD_NUMBER>999999*********8508^AMOUNT>922000^CARDNAME>mb account^DESCRIPTION>6MSC22110537^TRANS_DATE>2022-12-03 02:27:18 AM
2022.12.2 20:27:22#32388102082722
2022.12.2 20:27:22#32388102082722
2022.12.2 20:27:22#32388102082722
2022.12.2 20:27:22#32388102082722
2022.12.2 20:27:22#32388102082722
2022.12.2 20:27:22#32388102082722
2022.12.2 20:27:22#=================== Transaction Completed =======================