
2023.4.27 04:10:43#=================== Start New Transaction ===================
2023.4.27 04:10:43#txnrefnum:BBM2004163
2023.4.27 04:10:43#clientIp:114.130.157.139
2023.4.27 04:10:43#card type:6
2023.4.27 04:10:43#totalamount:822000
2023.4.27 04:10:48#result:TRANSACTION_ID:vmZyG8uXCUJlSBwbJfF1dK2vrZQ=
2023.4.27 04:10:48#Forward to DBBL Payment Gateway Page: https://ecom1.dutchbanglabank.com/ecomm2/ClientHandler?card_type=6&trans_id=vmZyG8uXCUJlSBwbJfF1dK2vrZQ%3D
2023.4.27 04:11:14#---------------------- Complete New Transaction---------------------
2023.4.27 04:11:14#Get trans_id From Post Value:vmZyG8uXCUJlSBwbJfF1dK2vrZQ=
2023.4.27 04:11:14#clientIp:114.130.157.139
2023.4.27 04:11:14#trans_id:vmZyG8uXCUJlSBwbJfF1dK2vrZQ=
2023.4.27 04:11:16#result:RESULT>OK^RESULT_CODE>000^3DSECURE>SKIPPED^RRN>311704279249^APPROVAL_CODE>512200^CARD_NUMBER>999999*********6896^AMOUNT>822000^CARDNAME>mb account^DESCRIPTION>6BBM2004163^TRANS_DATE>2023-04-27 10:11:13 AM
2023.4.27 04:11:16#30970227041116
2023.4.27 04:11:16#30970227041116
2023.4.27 04:11:16#30970227041116
2023.4.27 04:11:16#30970227041116
2023.4.27 04:11:16#30970227041116
2023.4.27 04:11:16#30970227041116
2023.4.27 04:11:16#=================== Transaction Completed =======================
2023.4.27 04:34:29#=================== Start New Transaction ===================
2023.4.27 04:34:29#txnrefnum:MEM2201039
2023.4.27 04:34:29#clientIp:103.228.121.200
2023.4.27 04:34:29#card type:6
2023.4.27 04:34:29#totalamount:392000
2023.4.27 04:34:32#result:TRANSACTION_ID:61kws5aM5APhf3MWoCnZovrJlb0=
2023.4.27 04:34:32#Forward to DBBL Payment Gateway Page: https://ecom1.dutchbanglabank.com/ecomm2/ClientHandler?card_type=6&trans_id=61kws5aM5APhf3MWoCnZovrJlb0%3D
2023.4.27 04:35:54#---------------------- Complete New Transaction---------------------
2023.4.27 04:35:54#Get trans_id From Post Value:61kws5aM5APhf3MWoCnZovrJlb0=
2023.4.27 04:35:54#clientIp:103.228.121.200
2023.4.27 04:35:54#trans_id:61kws5aM5APhf3MWoCnZovrJlb0=
2023.4.27 04:35:55#result:RESULT>OK^RESULT_CODE>000^3DSECURE>SKIPPED^RRN>311704281138^APPROVAL_CODE>641762^CARD_NUMBER>999999*********5965^AMOUNT>392000^CARDNAME>mb account^DESCRIPTION>6MEM2201039^TRANS_DATE>2023-04-27 10:35:53 AM
2023.4.27 04:35:55#49846527043555
2023.4.27 04:35:55#49846527043555
2023.4.27 04:35:55#49846527043555
2023.4.27 04:35:56#49846527043555
2023.4.27 04:35:56#49846527043555
2023.4.27 04:35:56#49846527043555
2023.4.27 04:35:56#=================== Transaction Completed =======================
2023.4.27 04:54:32#=================== Start New Transaction ===================
2023.4.27 04:54:32#txnrefnum:MBD2003296
2023.4.27 04:54:32#clientIp:103.58.75.9
2023.4.27 04:54:32#card type:6
2023.4.27 04:54:32#totalamount:302000
2023.4.27 04:54:34#result:TRANSACTION_ID:Ozgu0VQBj4aPDP1wbW1u1ApoT5c=
2023.4.27 04:54:35#Forward to DBBL Payment Gateway Page: https://ecom1.dutchbanglabank.com/ecomm2/ClientHandler?card_type=6&trans_id=Ozgu0VQBj4aPDP1wbW1u1ApoT5c%3D
2023.4.27 04:55:22#---------------------- Complete New Transaction---------------------
2023.4.27 04:55:22#Get trans_id From Post Value:Ozgu0VQBj4aPDP1wbW1u1ApoT5c=
2023.4.27 04:55:22#clientIp:103.58.75.9
2023.4.27 04:55:22#trans_id:Ozgu0VQBj4aPDP1wbW1u1ApoT5c=
2023.4.27 04:55:23#result:RESULT>OK^RESULT_CODE>000^3DSECURE>SKIPPED^RRN>311704282766^APPROVAL_CODE>806015^CARD_NUMBER>999999*********1830^AMOUNT>302000^CARDNAME>mb account^DESCRIPTION>6MBD2003296^TRANS_DATE>2023-04-27 10:55:20 AM
2023.4.27 04:55:23#44915727045523
2023.4.27 04:55:23#44915727045523
2023.4.27 04:55:23#44915727045523
2023.4.27 04:55:24#44915727045523
2023.4.27 04:55:24#44915727045523
2023.4.27 04:55:24#44915727045523
2023.4.27 04:55:24#=================== Transaction Completed =======================
2023.4.27 05:01:51#=================== Start New Transaction ===================
2023.4.27 05:01:51#txnrefnum:MSC23111052
2023.4.27 05:01:51#clientIp:202.134.14.129
2023.4.27 05:01:51#card type:6
2023.4.27 05:01:51#totalamount:366000
2023.4.27 05:01:55#result:TRANSACTION_ID:eqVUKKu5twE3wxbtqep0wRiNaEY=
2023.4.27 05:01:55#Forward to DBBL Payment Gateway Page: https://ecom1.dutchbanglabank.com/ecomm2/ClientHandler?card_type=6&trans_id=eqVUKKu5twE3wxbtqep0wRiNaEY%3D
2023.4.27 05:02:17#---------------------- Complete New Transaction---------------------
2023.4.27 05:02:17#Get trans_id From Post Value:eqVUKKu5twE3wxbtqep0wRiNaEY=
2023.4.27 05:02:17#clientIp:202.134.14.129
2023.4.27 05:02:17#trans_id:eqVUKKu5twE3wxbtqep0wRiNaEY=
2023.4.27 05:02:18#result:RESULT>OK^RESULT_CODE>000^3DSECURE>SKIPPED^RRN>311705283329^APPROVAL_CODE>830101^CARD_NUMBER>999999*********7532^AMOUNT>366000^CARDNAME>mb account^DESCRIPTION>6MSC23111052^TRANS_DATE>2023-04-27 11:02:15 AM
2023.4.27 05:02:18#52054127050218
2023.4.27 05:02:19#52054127050218
2023.4.27 05:02:19#52054127050218
2023.4.27 05:02:19#52054127050218
2023.4.27 05:02:19#=================== Transaction Completed =======================
2023.4.27 05:20:24#=================== Start New Transaction ===================
2023.4.27 05:20:24#txnrefnum:MBG2106026
2023.4.27 05:20:24#clientIp:123.253.65.177
2023.4.27 05:20:24#card type:6
2023.4.27 05:20:24#totalamount:1122000
2023.4.27 05:20:27#result:TRANSACTION_ID:Ca4q86X2mtgDSuM40phacS7Vz1w=
2023.4.27 05:20:27#Forward to DBBL Payment Gateway Page: https://ecom1.dutchbanglabank.com/ecomm2/ClientHandler?card_type=6&trans_id=Ca4q86X2mtgDSuM40phacS7Vz1w%3D
2023.4.27 05:20:53#---------------------- Complete New Transaction---------------------
2023.4.27 05:20:53#Get trans_id From Post Value:Ca4q86X2mtgDSuM40phacS7Vz1w=
2023.4.27 05:20:53#clientIp:123.253.65.177
2023.4.27 05:20:53#trans_id:Ca4q86X2mtgDSuM40phacS7Vz1w=
2023.4.27 05:20:55#result:RESULT>OK^RESULT_CODE>000^3DSECURE>SKIPPED^RRN>311705284920^APPROVAL_CODE>896367^CARD_NUMBER>999999*********7303^AMOUNT>1122000^CARDNAME>mb account^DESCRIPTION>6MBG2106026^TRANS_DATE>2023-04-27 11:20:52 AM
2023.4.27 05:20:55#36937127052055
2023.4.27 05:20:55#36937127052055
2023.4.27 05:20:55#36937127052055
2023.4.27 05:20:55#36937127052055
2023.4.27 05:20:55#36937127052055
2023.4.27 05:20:56#36937127052055
2023.4.27 05:20:56#36937127052055
2023.4.27 05:20:56#36937127052055
2023.4.27 05:20:56#36937127052055
2023.4.27 05:20:56#36937127052055
2023.4.27 05:20:56#36937127052055
2023.4.27 05:20:56#36937127052055
2023.4.27 05:20:56#=================== Transaction Completed =======================
2023.4.27 05:46:58#=================== Start New Transaction ===================
2023.4.27 05:46:58#txnrefnum:BBM2306080
2023.4.27 05:46:58#clientIp:103.89.24.42
2023.4.27 05:46:58#card type:6
2023.4.27 05:46:58#totalamount:302000
2023.4.27 05:47:01#result:TRANSACTION_ID:v9pDP77LACTPrP3VUYIbV26FwMU=
2023.4.27 05:47:01#Forward to DBBL Payment Gateway Page: https://ecom1.dutchbanglabank.com/ecomm2/ClientHandler?card_type=6&trans_id=v9pDP77LACTPrP3VUYIbV26FwMU%3D
2023.4.27 05:47:53#---------------------- Complete New Transaction---------------------
2023.4.27 05:47:53#Get trans_id From Post Value:v9pDP77LACTPrP3VUYIbV26FwMU=
2023.4.27 05:47:54#clientIp:103.89.24.42
2023.4.27 05:47:54#trans_id:v9pDP77LACTPrP3VUYIbV26FwMU=
2023.4.27 05:47:57#result:RESULT>FAILED^RESULT_CODE>116^3DSECURE>SKIPPED^RRN>311705287589^APPROVAL_CODE>0^CARD_NUMBER>999999*********3840^AMOUNT>302000^CARDNAME>mb account^DESCRIPTION>6BBM2306080^TRANS_DATE>2023-04-27 11:47:52 AM
2023.4.27 05:47:57#Not Sufficient Amount
2023.4.27 06:06:44#=================== Start New Transaction ===================
2023.4.27 06:06:44#txnrefnum:BBM2306080
2023.4.27 06:06:44#clientIp:103.89.24.42
2023.4.27 06:06:44#card type:6
2023.4.27 06:06:44#totalamount:302000
2023.4.27 06:06:47#result:TRANSACTION_ID:rcgzz47qjjDq4AoxorZEHntlS0Y=
2023.4.27 06:06:47#Forward to DBBL Payment Gateway Page: https://ecom1.dutchbanglabank.com/ecomm2/ClientHandler?card_type=6&trans_id=rcgzz47qjjDq4AoxorZEHntlS0Y%3D
2023.4.27 06:07:33#---------------------- Complete New Transaction---------------------
2023.4.27 06:07:33#Get trans_id From Post Value:rcgzz47qjjDq4AoxorZEHntlS0Y=
2023.4.27 06:07:33#clientIp:103.89.24.42
2023.4.27 06:07:33#trans_id:rcgzz47qjjDq4AoxorZEHntlS0Y=
2023.4.27 06:07:34#result:RESULT>OK^RESULT_CODE>000^3DSECURE>SKIPPED^RRN>311706289493^APPROVAL_CODE>240712^CARD_NUMBER>999999*********3840^AMOUNT>302000^CARDNAME>mb account^DESCRIPTION>6BBM2306080^TRANS_DATE>2023-04-27 12:07:32 PM
2023.4.27 06:07:34#45585327060734
2023.4.27 06:07:34#45585327060734
2023.4.27 06:07:34#45585327060734
2023.4.27 06:07:35#45585327060734
2023.4.27 06:07:35#45585327060734
2023.4.27 06:07:35#45585327060734
2023.4.27 06:07:35#=================== Transaction Completed =======================
2023.4.27 06:09:05#=================== Start New Transaction ===================
2023.4.27 06:09:05#txnrefnum:MED2008004
2023.4.27 06:09:05#clientIp:202.134.14.129
2023.4.27 06:09:05#card type:6
2023.4.27 06:09:05#totalamount:252000
2023.4.27 06:09:08#result:TRANSACTION_ID:VHc7z9ngVJujSBQbVTJuJrDYPP8=
2023.4.27 06:09:08#Forward to DBBL Payment Gateway Page: https://ecom1.dutchbanglabank.com/ecomm2/ClientHandler?card_type=6&trans_id=VHc7z9ngVJujSBQbVTJuJrDYPP8%3D
2023.4.27 06:09:34#---------------------- Complete New Transaction---------------------
2023.4.27 06:09:34#Get trans_id From Post Value:VHc7z9ngVJujSBQbVTJuJrDYPP8=
2023.4.27 06:09:34#clientIp:202.134.14.129
2023.4.27 06:09:34#trans_id:VHc7z9ngVJujSBQbVTJuJrDYPP8=
2023.4.27 06:09:35#result:RESULT>OK^RESULT_CODE>000^3DSECURE>SKIPPED^RRN>311706289661^APPROVAL_CODE>266206^CARD_NUMBER>999999*********7532^AMOUNT>252000^CARDNAME>mb account^DESCRIPTION>6MED2008004^TRANS_DATE>2023-04-27 12:09:32 PM
2023.4.27 06:09:35#51716327060935
2023.4.27 06:09:36#51716327060935
2023.4.27 06:09:36#=================== Transaction Completed =======================
2023.4.27 06:11:42#=================== Start New Transaction ===================
2023.4.27 06:11:42#txnrefnum:BBM2306080
2023.4.27 06:11:42#clientIp:103.89.24.42
2023.4.27 06:11:42#card type:6
2023.4.27 06:11:42#totalamount:2000
2023.4.27 06:11:45#result:TRANSACTION_ID:GxkC1jh2L9xS3EE1bdjFVIKfKx8=
2023.4.27 06:11:45#Forward to DBBL Payment Gateway Page: https://ecom1.dutchbanglabank.com/ecomm2/ClientHandler?card_type=6&trans_id=GxkC1jh2L9xS3EE1bdjFVIKfKx8%3D
2023.4.27 06:14:59#---------------------- Complete New Transaction---------------------
2023.4.27 06:14:59#Get trans_id From Post Value:GxkC1jh2L9xS3EE1bdjFVIKfKx8=
2023.4.27 06:14:59#clientIp:103.89.24.42
2023.4.27 06:14:59#trans_id:GxkC1jh2L9xS3EE1bdjFVIKfKx8=
2023.4.27 06:15:00#result:RESULT>OK^RESULT_CODE>000^3DSECURE>SKIPPED^RRN>311706290151^APPROVAL_CODE>283318^CARD_NUMBER>999999*********3840^AMOUNT>2000^CARDNAME>mb account^DESCRIPTION>6BBM2306080^TRANS_DATE>2023-04-27 12:14:58 PM
2023.4.27 06:15:01#=================== Transaction Completed =======================
2023.4.27 06:27:29#=================== Start New Transaction ===================
2023.4.27 06:27:29#txnrefnum:BBM2302020
2023.4.27 06:27:29#clientIp:103.12.174.92
2023.4.27 06:27:29#card type:6
2023.4.27 06:27:29#totalamount:102000
2023.4.27 06:27:32#result:TRANSACTION_ID:nVXcWy5sn4VCdYt32efl7EKh3Vg=
2023.4.27 06:27:32#Forward to DBBL Payment Gateway Page: https://ecom1.dutchbanglabank.com/ecomm2/ClientHandler?card_type=6&trans_id=nVXcWy5sn4VCdYt32efl7EKh3Vg%3D
2023.4.27 06:28:16#---------------------- Complete New Transaction---------------------
2023.4.27 06:28:16#Get trans_id From Post Value:nVXcWy5sn4VCdYt32efl7EKh3Vg=
2023.4.27 06:28:16#clientIp:103.12.174.92
2023.4.27 06:28:16#trans_id:nVXcWy5sn4VCdYt32efl7EKh3Vg=
2023.4.27 06:28:17#result:RESULT>OK^RESULT_CODE>000^3DSECURE>SKIPPED^RRN>311706291373^APPROVAL_CODE>406146^CARD_NUMBER>999999*********2298^AMOUNT>102000^CARDNAME>mb account^DESCRIPTION>6BBM2302020^TRANS_DATE>2023-04-27 12:28:14 PM
2023.4.27 06:28:17#50061627062817
2023.4.27 06:28:17#50061627062817
2023.4.27 06:28:17#=================== Transaction Completed =======================
2023.4.27 06:29:40#=================== Start New Transaction ===================
2023.4.27 06:29:40#txnrefnum:BBM2003033
2023.4.27 06:29:40#clientIp:103.12.174.95
2023.4.27 06:29:40#card type:6
2023.4.27 06:29:40#totalamount:102000
2023.4.27 06:29:43#result:TRANSACTION_ID:lsS0ZqlNPgtDrI859hYRUdSbFFs=
2023.4.27 06:29:43#Forward to DBBL Payment Gateway Page: https://ecom1.dutchbanglabank.com/ecomm2/ClientHandler?card_type=6&trans_id=lsS0ZqlNPgtDrI859hYRUdSbFFs%3D
2023.4.27 06:30:42#---------------------- Complete New Transaction---------------------
2023.4.27 06:30:42#Get trans_id From Post Value:lsS0ZqlNPgtDrI859hYRUdSbFFs=
2023.4.27 06:30:42#clientIp:103.12.174.92
2023.4.27 06:30:42#trans_id:lsS0ZqlNPgtDrI859hYRUdSbFFs=
2023.4.27 06:30:44#result:RESULT>OK^RESULT_CODE>000^3DSECURE>SKIPPED^RRN>311706291631^APPROVAL_CODE>382502^CARD_NUMBER>999999*********2298^AMOUNT>102000^CARDNAME>mb account^DESCRIPTION>6BBM2003033^TRANS_DATE>2023-04-27 12:30:41 PM
2023.4.27 06:30:44#44619627063044
2023.4.27 06:30:44#44619627063044
2023.4.27 06:30:44#=================== Transaction Completed =======================
2023.4.27 06:56:03#=================== Start New Transaction ===================
2023.4.27 06:56:03#txnrefnum:MBD2302176
2023.4.27 06:56:03#clientIp:122.152.49.182
2023.4.27 06:56:03#card type:6
2023.4.27 06:56:03#totalamount:102000
2023.4.27 06:56:06#result:TRANSACTION_ID:BOWOZnwg4ZlNkcVZClCzOCb8hcA=
2023.4.27 06:56:06#Forward to DBBL Payment Gateway Page: https://ecom1.dutchbanglabank.com/ecomm2/ClientHandler?card_type=6&trans_id=BOWOZnwg4ZlNkcVZClCzOCb8hcA%3D
2023.4.27 07:01:03#=================== Start New Transaction ===================
2023.4.27 07:01:03#txnrefnum:MBD2302176
2023.4.27 07:01:03#clientIp:202.4.124.214
2023.4.27 07:01:03#card type:6
2023.4.27 07:01:03#totalamount:102000
2023.4.27 07:01:06#result:TRANSACTION_ID:Kjih8qecIzNjloRyk6qjC59jDJ4=
2023.4.27 07:01:06#Forward to DBBL Payment Gateway Page: https://ecom1.dutchbanglabank.com/ecomm2/ClientHandler?card_type=6&trans_id=Kjih8qecIzNjloRyk6qjC59jDJ4%3D
2023.4.27 07:01:47#---------------------- Complete New Transaction---------------------
2023.4.27 07:01:47#Get trans_id From Post Value:Kjih8qecIzNjloRyk6qjC59jDJ4=
2023.4.27 07:01:47#clientIp:202.4.124.214
2023.4.27 07:01:47#trans_id:Kjih8qecIzNjloRyk6qjC59jDJ4=
2023.4.27 07:01:49#result:RESULT>OK^RESULT_CODE>000^3DSECURE>SKIPPED^RRN>311707294532^APPROVAL_CODE>572527^CARD_NUMBER>999999*********9993^AMOUNT>102000^CARDNAME>mb account^DESCRIPTION>6MBD2302176^TRANS_DATE>2023-04-27 01:01:46 PM
2023.4.27 07:01:49#53210027070149
2023.4.27 07:01:49#53210027070149
2023.4.27 07:01:49#=================== Transaction Completed =======================
2023.4.27 08:52:15#=================== Start New Transaction ===================
2023.4.27 08:52:15#txnrefnum:MBD2003240
2023.4.27 08:52:15#clientIp:103.149.56.14
2023.4.27 08:52:15#card type:6
2023.4.27 08:52:15#totalamount:302000
2023.4.27 08:52:18#result:TRANSACTION_ID:13KzfzQkx2QHwdRWm7fSD8VJJJQ=
2023.4.27 08:52:18#Forward to DBBL Payment Gateway Page: https://ecom1.dutchbanglabank.com/ecomm2/ClientHandler?card_type=6&trans_id=13KzfzQkx2QHwdRWm7fSD8VJJJQ%3D
2023.4.27 08:59:41#---------------------- Complete New Transaction---------------------
2023.4.27 08:59:41#Get trans_id From Post Value:13KzfzQkx2QHwdRWm7fSD8VJJJQ=
2023.4.27 08:59:41#clientIp:103.149.56.14
2023.4.27 08:59:41#trans_id:13KzfzQkx2QHwdRWm7fSD8VJJJQ=
2023.4.27 08:59:42#result:RESULT>TIMEOUT^RESULT_CODE>999^3DSECURE>0^RRN>0^APPROVAL_CODE>0^CARD_NUMBER>0^AMOUNT>302000^CARDNAME>0^DESCRIPTION>6MBD2003240^TRANS_DATE>2023-04-27 02:59:40 PM
2023.4.27 08:59:42#Failed
2023.4.27 09:00:15#=================== Start New Transaction ===================
2023.4.27 09:00:15#txnrefnum:MBD2003240
2023.4.27 09:00:15#clientIp:103.149.56.14
2023.4.27 09:00:15#card type:6
2023.4.27 09:00:15#totalamount:302000
2023.4.27 09:00:18#result:TRANSACTION_ID:6l9OIuFMScouAC6tPEoUguEmIW0=
2023.4.27 09:00:18#Forward to DBBL Payment Gateway Page: https://ecom1.dutchbanglabank.com/ecomm2/ClientHandler?card_type=6&trans_id=6l9OIuFMScouAC6tPEoUguEmIW0%3D
2023.4.27 09:01:00#---------------------- Complete New Transaction---------------------
2023.4.27 09:01:00#Get trans_id From Post Value:6l9OIuFMScouAC6tPEoUguEmIW0=
2023.4.27 09:01:00#clientIp:103.149.56.14
2023.4.27 09:01:00#trans_id:6l9OIuFMScouAC6tPEoUguEmIW0=
2023.4.27 09:01:01#result:RESULT>OK^RESULT_CODE>000^3DSECURE>SKIPPED^RRN>311709303921^APPROVAL_CODE>066734^CARD_NUMBER>999999*********2228^AMOUNT>302000^CARDNAME>mb account^DESCRIPTION>6MBD2003240^TRANS_DATE>2023-04-27 03:00:59 PM
2023.4.27 09:01:02#44946927090101
2023.4.27 09:01:02#44946927090101
2023.4.27 09:01:02#44946927090101
2023.4.27 09:01:02#44946927090101
2023.4.27 09:01:02#44946927090101
2023.4.27 09:01:02#44946927090101
2023.4.27 09:01:02#=================== Transaction Completed =======================
2023.4.27 13:20:02#=================== Start New Transaction ===================
2023.4.27 13:20:02#txnrefnum:MBD2207028
2023.4.27 13:20:02#clientIp:103.149.147.134
2023.4.27 13:20:02#card type:6
2023.4.27 13:20:02#totalamount:102000
2023.4.27 13:20:07#result:TRANSACTION_ID:8GKfAwpNMppateHqZUqSxHR4OFQ=
2023.4.27 13:20:07#Forward to DBBL Payment Gateway Page: https://ecom1.dutchbanglabank.com/ecomm2/ClientHandler?card_type=6&trans_id=8GKfAwpNMppateHqZUqSxHR4OFQ%3D
2023.4.27 13:23:05#---------------------- Complete New Transaction---------------------
2023.4.27 13:23:05#Get trans_id From Post Value:8GKfAwpNMppateHqZUqSxHR4OFQ=
2023.4.27 13:23:05#clientIp:103.149.147.134
2023.4.27 13:23:05#trans_id:8GKfAwpNMppateHqZUqSxHR4OFQ=
2023.4.27 13:23:07#result:RESULT>OK^RESULT_CODE>000^3DSECURE>SKIPPED^RRN>311713322646^APPROVAL_CODE>421705^CARD_NUMBER>999999*********3506^AMOUNT>102000^CARDNAME>mb account^DESCRIPTION>6MBD2207028^TRANS_DATE>2023-04-27 07:23:04 PM
2023.4.27 13:23:07#42295227012307
2023.4.27 13:23:07#42295227012307
2023.4.27 13:23:07#=================== Transaction Completed =======================
2023.4.27 15:24:27#=================== Start New Transaction ===================
2023.4.27 15:24:27#txnrefnum:BBB2108007
2023.4.27 15:24:27#clientIp:118.179.85.17
2023.4.27 15:24:27#card type:6
2023.4.27 15:24:27#totalamount:102000
2023.4.27 15:24:30#result:TRANSACTION_ID:LM49J65SpZrsQbSxa6LEochXHqQ=
2023.4.27 15:24:30#Forward to DBBL Payment Gateway Page: https://ecom1.dutchbanglabank.com/ecomm2/ClientHandler?card_type=6&trans_id=LM49J65SpZrsQbSxa6LEochXHqQ%3D
2023.4.27 15:24:58#---------------------- Complete New Transaction---------------------
2023.4.27 15:24:58#Get trans_id From Post Value:LM49J65SpZrsQbSxa6LEochXHqQ=
2023.4.27 15:24:58#clientIp:118.179.85.17
2023.4.27 15:24:58#trans_id:LM49J65SpZrsQbSxa6LEochXHqQ=
2023.4.27 15:25:00#result:RESULT>OK^RESULT_CODE>000^3DSECURE>SKIPPED^RRN>311715331635^APPROVAL_CODE>202994^CARD_NUMBER>999999*********6837^AMOUNT>102000^CARDNAME>mb account^DESCRIPTION>6BBB2108007^TRANS_DATE>2023-04-27 09:24:57 PM
2023.4.27 15:25:00#37396827032500
2023.4.27 15:25:00#37396827032500
2023.4.27 15:25:00#=================== Transaction Completed =======================
2023.4.27 15:48:16#=================== Start New Transaction ===================
2023.4.27 15:48:16#txnrefnum:123345
2023.4.27 15:48:16#clientIp:103.75.138.14
2023.4.27 15:48:16#card type:6
2023.4.27 15:48:16#totalamount:0
2023.4.27 15:48:19#result:Sub Merchant Name can not be blank
2023.4.27 17:01:51#=================== Start New Transaction ===================
2023.4.27 17:01:51#txnrefnum:MSC23111056
2023.4.27 17:01:51#clientIp:114.130.156.185
2023.4.27 17:01:51#card type:6
2023.4.27 17:01:51#totalamount:184000
2023.4.27 17:01:54#result:TRANSACTION_ID:eaC6bCJ1Qjz1oSIZYPYeahc9wcE=
2023.4.27 17:01:54#Forward to DBBL Payment Gateway Page: https://ecom1.dutchbanglabank.com/ecomm2/ClientHandler?card_type=6&trans_id=eaC6bCJ1Qjz1oSIZYPYeahc9wcE%3D
2023.4.27 17:02:33#---------------------- Complete New Transaction---------------------
2023.4.27 17:02:33#Get trans_id From Post Value:eaC6bCJ1Qjz1oSIZYPYeahc9wcE=
2023.4.27 17:02:33#clientIp:114.130.156.185
2023.4.27 17:02:33#trans_id:eaC6bCJ1Qjz1oSIZYPYeahc9wcE=
2023.4.27 17:02:34#result:RESULT>OK^RESULT_CODE>000^3DSECURE>SKIPPED^RRN>311717336559^APPROVAL_CODE>529855^CARD_NUMBER>999999*********5298^AMOUNT>184000^CARDNAME>mb account^DESCRIPTION>6MSC23111056^TRANS_DATE>2023-04-27 11:02:32 PM
2023.4.27 17:02:34#52060627050234
2023.4.27 17:02:35#52060627050234
2023.4.27 17:02:35#52060627050234
2023.4.27 17:02:35#52060627050234
2023.4.27 17:02:35#=================== Transaction Completed =======================