
2022.7.17 03:36:45#=================== Start New Transaction ===================
2022.7.17 03:36:45#txnrefnum:MSC22111368
2022.7.17 03:36:45#clientIp:103.89.26.50
2022.7.17 03:36:45#card type:6
2022.7.17 03:36:45#totalamount:262000
2022.7.17 03:36:49#result:TRANSACTION_ID:gWZfPtlLR1AM3XSj9SOpm4bus84=
2022.7.17 03:36:49#Forward to DBBL Payment Gateway Page: https://ecom1.dutchbanglabank.com/ecomm2/ClientHandler?card_type=6&trans_id=gWZfPtlLR1AM3XSj9SOpm4bus84%3D
2022.7.17 03:38:52#---------------------- Complete New Transaction---------------------
2022.7.17 03:38:52#Get trans_id From Post Value:gWZfPtlLR1AM3XSj9SOpm4bus84=
2022.7.17 03:38:54#clientIp:103.89.26.50
2022.7.17 03:38:54#trans_id:gWZfPtlLR1AM3XSj9SOpm4bus84=
2022.7.17 03:38:57#result:RESULT>OK^RESULT_CODE>000^3DSECURE>SKIPPED^RRN>219803642693^APPROVAL_CODE>254159^CARD_NUMBER>999999*********1974^AMOUNT>262000^CARDNAME>mb account^DESCRIPTION>6MSC22111368^TRANS_DATE>2022-07-17 09:38:50 AM
2022.7.17 03:38:57#1775617033857
2022.7.17 03:38:57#1775617033857
2022.7.17 03:38:57#=================== Transaction Completed =======================
2022.7.17 05:06:54#=================== Start New Transaction ===================
2022.7.17 05:06:54#txnrefnum:MBD2007217
2022.7.17 05:06:54#clientIp:27.147.173.136
2022.7.17 05:06:54#card type:6
2022.7.17 05:06:54#totalamount:82000
2022.7.17 05:07:49#=================== Start New Transaction ===================
2022.7.17 05:07:49#txnrefnum:MBD2007217
2022.7.17 05:07:49#clientIp:27.147.173.136
2022.7.17 05:07:49#card type:6
2022.7.17 05:07:49#totalamount:82000
2022.7.17 05:08:25#result:TRANSACTION_ID:iskX4AzwJqJnS90RIYkkAvsOxFw=
2022.7.17 05:08:25#Forward to DBBL Payment Gateway Page: https://ecom1.dutchbanglabank.com/ecomm2/ClientHandler?card_type=6&trans_id=iskX4AzwJqJnS90RIYkkAvsOxFw%3D
2022.7.17 05:11:03#=================== Start New Transaction ===================
2022.7.17 05:11:03#txnrefnum:MBD2007217
2022.7.17 05:11:03#clientIp:27.147.173.136
2022.7.17 05:11:03#card type:6
2022.7.17 05:11:03#totalamount:82000
2022.7.17 05:11:41#result:TRANSACTION_ID:fQbGfnEI1af9HX4y9iLIaBMHGZk=
2022.7.17 05:11:41#Forward to DBBL Payment Gateway Page: https://ecom1.dutchbanglabank.com/ecomm2/ClientHandler?card_type=6&trans_id=fQbGfnEI1af9HX4y9iLIaBMHGZk%3D
2022.7.17 05:12:47#---------------------- Complete New Transaction---------------------
2022.7.17 05:12:47#Get trans_id From Post Value:fQbGfnEI1af9HX4y9iLIaBMHGZk=
2022.7.17 05:12:47#clientIp:27.147.173.136
2022.7.17 05:12:47#trans_id:fQbGfnEI1af9HX4y9iLIaBMHGZk=
2022.7.17 05:12:57#result:RESULT>OK^RESULT_CODE>000^3DSECURE>SKIPPED^RRN>219805649979^APPROVAL_CODE>642411^CARD_NUMBER>999999*********0900^AMOUNT>82000^CARDNAME>mb account^DESCRIPTION>6MBD2007217^TRANS_DATE>2022-07-17 11:12:45 AM
2022.7.17 05:12:58#19410217051257
2022.7.17 05:12:58#=================== Transaction Completed =======================
2022.7.17 05:24:07#=================== Start New Transaction ===================
2022.7.17 05:24:07#txnrefnum:MSC22111308
2022.7.17 05:24:07#clientIp:103.89.24.41
2022.7.17 05:24:07#card type:6
2022.7.17 05:24:07#totalamount:162000
2022.7.17 05:24:12#=================== Start New Transaction ===================
2022.7.17 05:24:12#txnrefnum:MSC22111308
2022.7.17 05:24:12#clientIp:103.89.24.41
2022.7.17 05:24:12#card type:6
2022.7.17 05:24:12#totalamount:162000
2022.7.17 05:24:43#result:TRANSACTION_ID:IHMMtIeByfUYpkykRqsTPs0tZTc=
2022.7.17 05:24:43#Forward to DBBL Payment Gateway Page: https://ecom1.dutchbanglabank.com/ecomm2/ClientHandler?card_type=6&trans_id=IHMMtIeByfUYpkykRqsTPs0tZTc%3D
2022.7.17 05:25:13#=================== Start New Transaction ===================
2022.7.17 05:25:13#txnrefnum:MSC22111391
2022.7.17 05:25:13#clientIp:103.91.130.34
2022.7.17 05:25:13#card type:6
2022.7.17 05:25:13#totalamount:102000
2022.7.17 05:25:31#=================== Start New Transaction ===================
2022.7.17 05:25:31#txnrefnum:MSC22111391
2022.7.17 05:25:31#clientIp:103.91.130.34
2022.7.17 05:25:31#card type:6
2022.7.17 05:25:31#totalamount:102000
2022.7.17 05:25:40#result:TRANSACTION_ID:cyvw7Koiht6AvPpfwJqlNQQjHZQ=
2022.7.17 05:25:40#Forward to DBBL Payment Gateway Page: https://ecom1.dutchbanglabank.com/ecomm2/ClientHandler?card_type=6&trans_id=cyvw7Koiht6AvPpfwJqlNQQjHZQ%3D
2022.7.17 05:25:52#=================== Start New Transaction ===================
2022.7.17 05:25:52#txnrefnum:MSC22111391
2022.7.17 05:25:52#clientIp:103.91.130.34
2022.7.17 05:25:52#card type:6
2022.7.17 05:25:52#totalamount:102000
2022.7.17 05:25:54#=================== Start New Transaction ===================
2022.7.17 05:25:54#txnrefnum:MSC22111391
2022.7.17 05:25:54#clientIp:103.91.130.34
2022.7.17 05:25:54#card type:6
2022.7.17 05:25:54#totalamount:102000
2022.7.17 05:25:54#result:TRANSACTION_ID:hjo9iglmCtjPTlSHJmbpJPB63L4=
2022.7.17 05:25:55#Forward to DBBL Payment Gateway Page: https://ecom1.dutchbanglabank.com/ecomm2/ClientHandler?card_type=6&trans_id=hjo9iglmCtjPTlSHJmbpJPB63L4%3D
2022.7.17 05:26:18#result:TRANSACTION_ID:WoESL3Wv3T531FKATKcvSkeRD2Q=
2022.7.17 05:26:18#Forward to DBBL Payment Gateway Page: https://ecom1.dutchbanglabank.com/ecomm2/ClientHandler?card_type=6&trans_id=WoESL3Wv3T531FKATKcvSkeRD2Q%3D
2022.7.17 05:26:18#=================== Start New Transaction ===================
2022.7.17 05:26:18#txnrefnum:MSC22111391
2022.7.17 05:26:18#clientIp:103.91.130.34
2022.7.17 05:26:18#card type:6
2022.7.17 05:26:18#totalamount:102000
2022.7.17 05:26:34#result:TRANSACTION_ID:RSvLFetsUncL7V3raexzw2TafQc=
2022.7.17 05:26:34#Forward to DBBL Payment Gateway Page: https://ecom1.dutchbanglabank.com/ecomm2/ClientHandler?card_type=6&trans_id=RSvLFetsUncL7V3raexzw2TafQc%3D
2022.7.17 05:26:58#=================== Start New Transaction ===================
2022.7.17 05:26:58#txnrefnum:MSC22111391
2022.7.17 05:26:58#clientIp:103.91.130.34
2022.7.17 05:26:58#card type:6
2022.7.17 05:26:58#totalamount:1172000
2022.7.17 05:27:13#result:TRANSACTION_ID:0P0pzx8xHBcdmqLhZnGUCuDqEww=
2022.7.17 05:27:13#Forward to DBBL Payment Gateway Page: https://ecom1.dutchbanglabank.com/ecomm2/ClientHandler?card_type=6&trans_id=0P0pzx8xHBcdmqLhZnGUCuDqEww%3D
2022.7.17 05:27:18#=================== Start New Transaction ===================
2022.7.17 05:27:18#txnrefnum:MSC22111391
2022.7.17 05:27:18#clientIp:103.91.130.34
2022.7.17 05:27:18#card type:6
2022.7.17 05:27:18#totalamount:1172000
2022.7.17 05:27:37#result:TRANSACTION_ID:qitZLYYARrSoPSGugnClA9xS7c4=
2022.7.17 05:27:37#Forward to DBBL Payment Gateway Page: https://ecom1.dutchbanglabank.com/ecomm2/ClientHandler?card_type=6&trans_id=qitZLYYARrSoPSGugnClA9xS7c4%3D
2022.7.17 05:27:37#=================== Start New Transaction ===================
2022.7.17 05:27:37#txnrefnum:MSC22111391
2022.7.17 05:27:37#clientIp:103.91.130.34
2022.7.17 05:27:37#card type:6
2022.7.17 05:27:37#totalamount:1172000
2022.7.17 05:28:01#result:TRANSACTION_ID:qWlH2Puwbfg6MNsIySy6Amc7uuM=
2022.7.17 05:28:01#Forward to DBBL Payment Gateway Page: https://ecom1.dutchbanglabank.com/ecomm2/ClientHandler?card_type=6&trans_id=qWlH2Puwbfg6MNsIySy6Amc7uuM%3D
2022.7.17 05:28:01#=================== Start New Transaction ===================
2022.7.17 05:28:01#txnrefnum:MSC22111391
2022.7.17 05:28:01#clientIp:103.91.130.34
2022.7.17 05:28:01#card type:6
2022.7.17 05:28:01#totalamount:1172000
2022.7.17 05:28:20#result:TRANSACTION_ID:j1ZgqDDsn1ehFdhVAGLtWwYeS5o=
2022.7.17 05:28:20#Forward to DBBL Payment Gateway Page: https://ecom1.dutchbanglabank.com/ecomm2/ClientHandler?card_type=6&trans_id=j1ZgqDDsn1ehFdhVAGLtWwYeS5o%3D
2022.7.17 05:28:40#result:TRANSACTION_ID:Uzf3cfETgv9Jv73yHBNd2DmCL9c=
2022.7.17 05:28:40#Forward to DBBL Payment Gateway Page: https://ecom1.dutchbanglabank.com/ecomm2/ClientHandler?card_type=6&trans_id=Uzf3cfETgv9Jv73yHBNd2DmCL9c%3D
2022.7.17 05:54:04#=================== Start New Transaction ===================
2022.7.17 05:54:04#txnrefnum:MBB2102078
2022.7.17 05:54:04#clientIp:103.172.216.3
2022.7.17 05:54:04#card type:6
2022.7.17 05:54:04#totalamount:162000
2022.7.17 05:54:44#result:TRANSACTION_ID:y1Q1y9M3ZerBpw5hzn1QULMNhuo=
2022.7.17 05:54:45#Forward to DBBL Payment Gateway Page: https://ecom1.dutchbanglabank.com/ecomm2/ClientHandler?card_type=6&trans_id=y1Q1y9M3ZerBpw5hzn1QULMNhuo%3D
2022.7.17 05:55:54#---------------------- Complete New Transaction---------------------
2022.7.17 05:55:54#Get trans_id From Post Value:y1Q1y9M3ZerBpw5hzn1QULMNhuo=
2022.7.17 05:55:54#clientIp:103.172.216.3
2022.7.17 05:55:54#trans_id:y1Q1y9M3ZerBpw5hzn1QULMNhuo=
2022.7.17 05:56:05#result:RESULT>OK^RESULT_CODE>000^3DSECURE>SKIPPED^RRN>219805654357^APPROVAL_CODE>894243^CARD_NUMBER>999999*********9980^AMOUNT>162000^CARDNAME>mb account^DESCRIPTION>6MBB2102078^TRANS_DATE>2022-07-17 11:55:53 AM
2022.7.17 05:56:05#9773617055605
2022.7.17 05:56:05#9773617055605
2022.7.17 05:56:05#=================== Transaction Completed =======================
2022.7.17 05:56:32#=================== Start New Transaction ===================
2022.7.17 05:56:32#txnrefnum:MSC22111022
2022.7.17 05:56:32#clientIp:123.253.65.225
2022.7.17 05:56:32#card type:6
2022.7.17 05:56:32#totalamount:422000
2022.7.17 05:57:17#result:TRANSACTION_ID:OvWyjApuXHhnl9tc1sbTIUXKUf0=
2022.7.17 05:57:17#Forward to DBBL Payment Gateway Page: https://ecom1.dutchbanglabank.com/ecomm2/ClientHandler?card_type=6&trans_id=OvWyjApuXHhnl9tc1sbTIUXKUf0%3D
2022.7.17 05:57:48#---------------------- Complete New Transaction---------------------
2022.7.17 05:57:48#Get trans_id From Post Value:OvWyjApuXHhnl9tc1sbTIUXKUf0=
2022.7.17 05:57:48#clientIp:123.253.65.225
2022.7.17 05:57:48#trans_id:OvWyjApuXHhnl9tc1sbTIUXKUf0=
2022.7.17 05:58:05#result:RESULT>OK^RESULT_CODE>000^3DSECURE>SKIPPED^RRN>219805654572^APPROVAL_CODE>899459^CARD_NUMBER>999999*********0313^AMOUNT>422000^CARDNAME>mb account^DESCRIPTION>6MSC22111022^TRANS_DATE>2022-07-17 11:57:47 AM
2022.7.17 05:58:05#165217055805
2022.7.17 05:58:05#165217055805
2022.7.17 05:58:05#165217055805
2022.7.17 05:58:05#=================== Transaction Completed =======================
2022.7.17 06:06:27#=================== Start New Transaction ===================
2022.7.17 06:06:27#txnrefnum:MSC22111173
2022.7.17 06:06:27#clientIp:43.245.140.38
2022.7.17 06:06:27#card type:6
2022.7.17 06:06:27#totalamount:422000
2022.7.17 06:06:36#=================== Start New Transaction ===================
2022.7.17 06:06:36#txnrefnum:MSC22111173
2022.7.17 06:06:36#clientIp:43.245.140.38
2022.7.17 06:06:36#card type:6
2022.7.17 06:06:36#totalamount:422000
2022.7.17 06:07:06#result:TRANSACTION_ID:uhZiSSJWLg0w8SKiNvqRUkxrVU4=
2022.7.17 06:07:06#Forward to DBBL Payment Gateway Page: https://ecom1.dutchbanglabank.com/ecomm2/ClientHandler?card_type=6&trans_id=uhZiSSJWLg0w8SKiNvqRUkxrVU4%3D
2022.7.17 06:07:14#result:TRANSACTION_ID:UNCXt0Sk1aFPsTgIkQpLbJBHah8=
2022.7.17 06:07:14#Forward to DBBL Payment Gateway Page: https://ecom1.dutchbanglabank.com/ecomm2/ClientHandler?card_type=6&trans_id=UNCXt0Sk1aFPsTgIkQpLbJBHah8%3D
2022.7.17 06:40:44#=================== Start New Transaction ===================
2022.7.17 06:40:44#txnrefnum:MSC22110524
2022.7.17 06:40:44#clientIp:103.62.140.119
2022.7.17 06:40:44#card type:6
2022.7.17 06:40:44#totalamount:162000
2022.7.17 06:41:08#result:TRANSACTION_ID:le0tJdbtWiaqvme5thW12okOIOg=
2022.7.17 06:41:08#Forward to DBBL Payment Gateway Page: https://ecom1.dutchbanglabank.com/ecomm2/ClientHandler?card_type=6&trans_id=le0tJdbtWiaqvme5thW12okOIOg%3D
2022.7.17 06:42:09#=================== Start New Transaction ===================
2022.7.17 06:42:09#txnrefnum:MSC22110524
2022.7.17 06:42:09#clientIp:103.62.140.119
2022.7.17 06:42:09#card type:6
2022.7.17 06:42:09#totalamount:162000
2022.7.17 06:42:36#result:TRANSACTION_ID:UPYjR26yPzwcldSh5wFmeF2aPIw=
2022.7.17 06:42:36#Forward to DBBL Payment Gateway Page: https://ecom1.dutchbanglabank.com/ecomm2/ClientHandler?card_type=6&trans_id=UPYjR26yPzwcldSh5wFmeF2aPIw%3D
2022.7.17 07:02:25#---------------------- Complete New Transaction---------------------
2022.7.17 07:02:25#Get trans_id From Post Value:IHMMtIeByfUYpkykRqsTPs0tZTc=
2022.7.17 07:02:25#clientIp:103.89.24.41
2022.7.17 07:02:25#trans_id:IHMMtIeByfUYpkykRqsTPs0tZTc=
2022.7.17 07:02:35#result:RESULT>TIMEOUT^RESULT_CODE>999^3DSECURE>0^RRN>0^APPROVAL_CODE>0^CARD_NUMBER>0^AMOUNT>162000^CARDNAME>0^DESCRIPTION>6MSC22111308^TRANS_DATE>2022-07-17 01:02:24 PM
2022.7.17 07:02:35#Failed
2022.7.17 07:22:28#=================== Start New Transaction ===================
2022.7.17 07:22:28#txnrefnum:MSC22111165
2022.7.17 07:22:28#clientIp:103.147.107.5
2022.7.17 07:22:28#card type:6
2022.7.17 07:22:28#totalamount:422000
2022.7.17 07:22:52#=================== Start New Transaction ===================
2022.7.17 07:22:52#txnrefnum:MSC22111165
2022.7.17 07:22:52#clientIp:103.147.107.5
2022.7.17 07:22:52#card type:6
2022.7.17 07:22:52#totalamount:422000
2022.7.17 07:23:02#result:TRANSACTION_ID:YSSBi3setDWZ9pR5NKr2Nu4PBGE=
2022.7.17 07:23:03#Forward to DBBL Payment Gateway Page: https://ecom1.dutchbanglabank.com/ecomm2/ClientHandler?card_type=6&trans_id=YSSBi3setDWZ9pR5NKr2Nu4PBGE%3D
2022.7.17 07:23:06#=================== Start New Transaction ===================
2022.7.17 07:23:06#txnrefnum:MSC22111165
2022.7.17 07:23:06#clientIp:103.147.107.5
2022.7.17 07:23:06#card type:6
2022.7.17 07:23:06#totalamount:422000
2022.7.17 07:23:27#result:TRANSACTION_ID:ofOQ08hkhmrEmxlTGIxAN3CX75k=
2022.7.17 07:23:27#Forward to DBBL Payment Gateway Page: https://ecom1.dutchbanglabank.com/ecomm2/ClientHandler?card_type=6&trans_id=ofOQ08hkhmrEmxlTGIxAN3CX75k%3D
2022.7.17 07:23:27#=================== Start New Transaction ===================
2022.7.17 07:23:27#txnrefnum:MSC22111165
2022.7.17 07:23:27#clientIp:103.147.107.5
2022.7.17 07:23:27#card type:6
2022.7.17 07:23:27#totalamount:422000
2022.7.17 07:23:27#result:TRANSACTION_ID:KhKIaSQ11ZNIPE75LVts6geJr0s=
2022.7.17 07:23:27#Forward to DBBL Payment Gateway Page: https://ecom1.dutchbanglabank.com/ecomm2/ClientHandler?card_type=6&trans_id=KhKIaSQ11ZNIPE75LVts6geJr0s%3D
2022.7.17 07:24:03#result:TRANSACTION_ID:B0XqyhCSEmnUq1RpEkQIDFmyLrM=
2022.7.17 07:24:03#Forward to DBBL Payment Gateway Page: https://ecom1.dutchbanglabank.com/ecomm2/ClientHandler?card_type=6&trans_id=B0XqyhCSEmnUq1RpEkQIDFmyLrM%3D
2022.7.17 07:24:55#---------------------- Complete New Transaction---------------------
2022.7.17 07:24:55#Get trans_id From Post Value:B0XqyhCSEmnUq1RpEkQIDFmyLrM=
2022.7.17 07:24:55#clientIp:103.147.107.5
2022.7.17 07:24:55#trans_id:B0XqyhCSEmnUq1RpEkQIDFmyLrM=
2022.7.17 07:24:55#=================== Start New Transaction ===================
2022.7.17 07:24:55#txnrefnum:MSC22110537
2022.7.17 07:24:55#clientIp:103.89.24.40
2022.7.17 07:24:55#card type:6
2022.7.17 07:24:55#totalamount:422000
2022.7.17 07:25:06#result:RESULT>OK^RESULT_CODE>000^3DSECURE>SKIPPED^RRN>219807663910^APPROVAL_CODE>380056^CARD_NUMBER>999999*********5530^AMOUNT>422000^CARDNAME>mb account^DESCRIPTION>6MSC22111165^TRANS_DATE>2022-07-17 01:24:54 PM
2022.7.17 07:25:06#1538017072506
2022.7.17 07:25:06#1538017072506
2022.7.17 07:25:06#1538017072506
2022.7.17 07:25:06#=================== Transaction Completed =======================
2022.7.17 07:25:24#result:TRANSACTION_ID:P1G4vRIFcClGD8TP74jEA1F81AU=
2022.7.17 07:25:24#Forward to DBBL Payment Gateway Page: https://ecom1.dutchbanglabank.com/ecomm2/ClientHandler?card_type=6&trans_id=P1G4vRIFcClGD8TP74jEA1F81AU%3D
2022.7.17 07:28:01#---------------------- Complete New Transaction---------------------
2022.7.17 07:28:01#Get trans_id From Post Value:P1G4vRIFcClGD8TP74jEA1F81AU=
2022.7.17 07:28:01#clientIp:103.89.24.40
2022.7.17 07:28:01#trans_id:P1G4vRIFcClGD8TP74jEA1F81AU=
2022.7.17 07:28:11#result:RESULT>FAILED^RESULT_CODE>116^3DSECURE>SKIPPED^RRN>219807664224^APPROVAL_CODE>0^CARD_NUMBER>999999*********3737^AMOUNT>422000^CARDNAME>mb account^DESCRIPTION>6MSC22110537^TRANS_DATE>2022-07-17 01:27:59 PM
2022.7.17 07:28:11#Not Sufficient Amount
2022.7.17 07:57:53#=================== Start New Transaction ===================
2022.7.17 07:57:53#txnrefnum:MSC22110537
2022.7.17 07:57:53#clientIp:103.89.24.40
2022.7.17 07:57:53#card type:6
2022.7.17 07:57:53#totalamount:422000
2022.7.17 07:59:50#=================== Start New Transaction ===================
2022.7.17 07:59:50#txnrefnum:MSC22110537
2022.7.17 07:59:50#clientIp:103.89.24.40
2022.7.17 07:59:50#card type:6
2022.7.17 07:59:50#totalamount:422000
2022.7.17 08:00:21#result:TRANSACTION_ID:1eDhcdMft90Z91PaqcecCLsCswE=
2022.7.17 08:00:21#Forward to DBBL Payment Gateway Page: https://ecom1.dutchbanglabank.com/ecomm2/ClientHandler?card_type=6&trans_id=1eDhcdMft90Z91PaqcecCLsCswE%3D
2022.7.17 08:00:33#=================== Start New Transaction ===================
2022.7.17 08:00:33#txnrefnum:MSC22110537
2022.7.17 08:00:33#clientIp:103.89.24.40
2022.7.17 08:00:33#card type:6
2022.7.17 08:00:33#totalamount:422000
2022.7.17 08:00:59#result:TRANSACTION_ID:07HSVAppCi4a9Gw7Ww4uRY4Ppmg=
2022.7.17 08:00:59#Forward to DBBL Payment Gateway Page: https://ecom1.dutchbanglabank.com/ecomm2/ClientHandler?card_type=6&trans_id=07HSVAppCi4a9Gw7Ww4uRY4Ppmg%3D
2022.7.17 08:02:13#---------------------- Complete New Transaction---------------------
2022.7.17 08:02:13#Get trans_id From Post Value:07HSVAppCi4a9Gw7Ww4uRY4Ppmg=
2022.7.17 08:02:13#clientIp:103.89.24.40
2022.7.17 08:02:13#trans_id:07HSVAppCi4a9Gw7Ww4uRY4Ppmg=
2022.7.17 08:02:22#result:RESULT>OK^RESULT_CODE>000^3DSECURE>SKIPPED^RRN>219808667721^APPROVAL_CODE>568283^CARD_NUMBER>999999*********3737^AMOUNT>422000^CARDNAME>mb account^DESCRIPTION>6MSC22110537^TRANS_DATE>2022-07-17 02:02:04 PM
2022.7.17 08:02:23#1287117080222
2022.7.17 08:02:23#1287117080222
2022.7.17 08:02:23#1287117080222
2022.7.17 08:02:23#=================== Transaction Completed =======================
2022.7.17 08:08:15#=================== Start New Transaction ===================
2022.7.17 08:08:15#txnrefnum:MBM2201308
2022.7.17 08:08:15#clientIp:103.228.121.188
2022.7.17 08:08:15#card type:6
2022.7.17 08:08:15#totalamount:162000
2022.7.17 08:08:29#result:TRANSACTION_ID:tFrtb4pdzTpmZqMkAJ5OX3fC5Ug=
2022.7.17 08:08:29#Forward to DBBL Payment Gateway Page: https://ecom1.dutchbanglabank.com/ecomm2/ClientHandler?card_type=6&trans_id=tFrtb4pdzTpmZqMkAJ5OX3fC5Ug%3D
2022.7.17 08:35:21#---------------------- Complete New Transaction---------------------
2022.7.17 08:35:21#Get trans_id From Post Value:tFrtb4pdzTpmZqMkAJ5OX3fC5Ug=
2022.7.17 08:35:21#clientIp:103.228.121.188
2022.7.17 08:35:21#trans_id:tFrtb4pdzTpmZqMkAJ5OX3fC5Ug=
2022.7.17 08:35:30#result:RESULT>TIMEOUT^RESULT_CODE>999^3DSECURE>0^RRN>0^APPROVAL_CODE>0^CARD_NUMBER>0^AMOUNT>162000^CARDNAME>0^DESCRIPTION>6MBM2201308^TRANS_DATE>2022-07-17 02:35:21 PM
2022.7.17 08:35:30#Failed
2022.7.17 08:35:50#=================== Start New Transaction ===================
2022.7.17 08:35:50#txnrefnum:MBM2201308
2022.7.17 08:35:50#clientIp:103.228.121.188
2022.7.17 08:35:50#card type:6
2022.7.17 08:35:50#totalamount:162000
2022.7.17 08:36:05#result:TRANSACTION_ID:DSGYcPAUxf1t59Xae7lmrBubgS4=
2022.7.17 08:36:05#Forward to DBBL Payment Gateway Page: https://ecom1.dutchbanglabank.com/ecomm2/ClientHandler?card_type=6&trans_id=DSGYcPAUxf1t59Xae7lmrBubgS4%3D
2022.7.17 08:36:31#---------------------- Complete New Transaction---------------------
2022.7.17 08:36:31#Get trans_id From Post Value:DSGYcPAUxf1t59Xae7lmrBubgS4=
2022.7.17 08:36:31#clientIp:103.228.121.188
2022.7.17 08:36:31#trans_id:DSGYcPAUxf1t59Xae7lmrBubgS4=
2022.7.17 08:36:42#result:RESULT>OK^RESULT_CODE>000^3DSECURE>SKIPPED^RRN>219808671100^APPROVAL_CODE>627823^CARD_NUMBER>999999*********7510^AMOUNT>162000^CARDNAME>mb account^DESCRIPTION>6MBM2201308^TRANS_DATE>2022-07-17 02:36:30 PM
2022.7.17 08:36:42#5982317083642
2022.7.17 08:36:42#5982317083642
2022.7.17 08:36:42#=================== Transaction Completed =======================
2022.7.17 11:12:14#=================== Start New Transaction ===================
2022.7.17 11:12:14#txnrefnum:MSC21111125
2022.7.17 11:12:14#clientIp:182.48.79.238
2022.7.17 11:12:14#card type:6
2022.7.17 11:12:14#totalamount:2000
2022.7.17 11:12:40#result:TRANSACTION_ID:pFnopJjdYVMskjERKY3OJMXUa20=
2022.7.17 11:12:40#Forward to DBBL Payment Gateway Page: https://ecom1.dutchbanglabank.com/ecomm2/ClientHandler?card_type=6&trans_id=pFnopJjdYVMskjERKY3OJMXUa20%3D
2022.7.17 11:21:17#=================== Start New Transaction ===================
2022.7.17 11:21:17#txnrefnum:MBD2209081
2022.7.17 11:21:17#clientIp:103.147.107.133
2022.7.17 11:21:17#card type:6
2022.7.17 11:21:17#totalamount:82000
2022.7.17 11:21:38#result:TRANSACTION_ID:4BZd5Q1qPHi9WBc9ALFYfSywDT0=
2022.7.17 11:21:38#Forward to DBBL Payment Gateway Page: https://ecom1.dutchbanglabank.com/ecomm2/ClientHandler?card_type=6&trans_id=4BZd5Q1qPHi9WBc9ALFYfSywDT0%3D
2022.7.17 11:22:19#---------------------- Complete New Transaction---------------------
2022.7.17 11:22:19#Get trans_id From Post Value:4BZd5Q1qPHi9WBc9ALFYfSywDT0=
2022.7.17 11:22:19#clientIp:103.147.107.133
2022.7.17 11:22:19#trans_id:4BZd5Q1qPHi9WBc9ALFYfSywDT0=
2022.7.17 11:22:25#result:RESULT>OK^RESULT_CODE>000^3DSECURE>SKIPPED^RRN>219811685675^APPROVAL_CODE>232660^CARD_NUMBER>999999*********2039^AMOUNT>82000^CARDNAME>mb account^DESCRIPTION>6MBD2209081^TRANS_DATE>2022-07-17 05:22:17 PM
2022.7.17 11:22:25#20370217112225
2022.7.17 11:22:25#=================== Transaction Completed =======================
2022.7.17 11:26:52#=================== Start New Transaction ===================
2022.7.17 11:26:52#txnrefnum:MBD2209081
2022.7.17 11:26:52#clientIp:103.147.107.133
2022.7.17 11:26:52#card type:6
2022.7.17 11:26:52#totalamount:2000
2022.7.17 11:27:10#result:TRANSACTION_ID:rs2dhmB5KjPs1XG1Oyi7kc7Ggik=
2022.7.17 11:27:10#Forward to DBBL Payment Gateway Page: https://ecom1.dutchbanglabank.com/ecomm2/ClientHandler?card_type=6&trans_id=rs2dhmB5KjPs1XG1Oyi7kc7Ggik%3D
2022.7.17 11:57:22#=================== Start New Transaction ===================
2022.7.17 11:57:22#txnrefnum:MBD2008009
2022.7.17 11:57:22#clientIp:103.187.24.254
2022.7.17 11:57:22#card type:6
2022.7.17 11:57:22#totalamount:82000
2022.7.17 12:55:28#=================== Start New Transaction ===================
2022.7.17 12:55:28#txnrefnum:MSC22111344
2022.7.17 12:55:28#clientIp:203.76.222.215
2022.7.17 12:55:28#card type:6
2022.7.17 12:55:28#totalamount:262000
2022.7.17 12:55:36#=================== Start New Transaction ===================
2022.7.17 12:55:36#txnrefnum:MSC22111391
2022.7.17 12:55:36#clientIp:103.91.130.34
2022.7.17 12:55:36#card type:6
2022.7.17 12:55:36#totalamount:102000
2022.7.17 12:56:03#result:TRANSACTION_ID:hqSKARCexsRBs9eK1rWUZeOuBSw=
2022.7.17 12:56:03#Forward to DBBL Payment Gateway Page: https://ecom1.dutchbanglabank.com/ecomm2/ClientHandler?card_type=6&trans_id=hqSKARCexsRBs9eK1rWUZeOuBSw%3D
2022.7.17 12:56:32#=================== Start New Transaction ===================
2022.7.17 12:56:32#txnrefnum:MSC22111391
2022.7.17 12:56:32#clientIp:103.91.130.34
2022.7.17 12:56:32#card type:6
2022.7.17 12:56:32#totalamount:102000
2022.7.17 12:56:58#result:TRANSACTION_ID:HLalHTSqTzlTY4dst3apwtx8HfY=
2022.7.17 12:56:58#Forward to DBBL Payment Gateway Page: https://ecom1.dutchbanglabank.com/ecomm2/ClientHandler?card_type=6&trans_id=HLalHTSqTzlTY4dst3apwtx8HfY%3D
2022.7.17 12:57:52#=================== Start New Transaction ===================
2022.7.17 12:57:52#txnrefnum:MSC22111344
2022.7.17 12:57:52#clientIp:37.111.214.193
2022.7.17 12:57:52#card type:6
2022.7.17 12:57:52#totalamount:262000
2022.7.17 12:58:26#=================== Start New Transaction ===================
2022.7.17 12:58:26#txnrefnum:MSC22111344
2022.7.17 12:58:26#clientIp:37.111.214.193
2022.7.17 12:58:26#card type:6
2022.7.17 12:58:26#totalamount:262000
2022.7.17 12:58:29#result:TRANSACTION_ID:Awz0lyACMeDr0u9sUpoO6rALlS8=
2022.7.17 12:58:30#Forward to DBBL Payment Gateway Page: https://ecom1.dutchbanglabank.com/ecomm2/ClientHandler?card_type=6&trans_id=Awz0lyACMeDr0u9sUpoO6rALlS8%3D
2022.7.17 12:58:30#=================== Start New Transaction ===================
2022.7.17 12:58:30#txnrefnum:MSC22111344
2022.7.17 12:58:30#clientIp:37.111.214.193
2022.7.17 12:58:30#card type:6
2022.7.17 12:58:30#totalamount:262000
2022.7.17 12:58:55#result:TRANSACTION_ID:CLmiV4avu0rsYANsilEqBWXqe8g=
2022.7.17 12:58:55#Forward to DBBL Payment Gateway Page: https://ecom1.dutchbanglabank.com/ecomm2/ClientHandler?card_type=6&trans_id=CLmiV4avu0rsYANsilEqBWXqe8g%3D
2022.7.17 12:58:56#result:TRANSACTION_ID:PWRFlkROtL3DwTbb0s4gOroAyyg=
2022.7.17 12:58:56#Forward to DBBL Payment Gateway Page: https://ecom1.dutchbanglabank.com/ecomm2/ClientHandler?card_type=6&trans_id=PWRFlkROtL3DwTbb0s4gOroAyyg%3D
2022.7.17 12:59:04#=================== Start New Transaction ===================
2022.7.17 12:59:04#txnrefnum:MSC22111344
2022.7.17 12:59:04#clientIp:37.111.214.193
2022.7.17 12:59:04#card type:6
2022.7.17 12:59:04#totalamount:262000
2022.7.17 12:59:30#result:TRANSACTION_ID:RiLsPR8zylehOSmiqjloP0Njiv8=
2022.7.17 12:59:30#Forward to DBBL Payment Gateway Page: https://ecom1.dutchbanglabank.com/ecomm2/ClientHandler?card_type=6&trans_id=RiLsPR8zylehOSmiqjloP0Njiv8%3D
2022.7.17 13:01:07#=================== Start New Transaction ===================
2022.7.17 13:01:07#txnrefnum:MSC22111344
2022.7.17 13:01:07#clientIp:203.76.222.215
2022.7.17 13:01:07#card type:6
2022.7.17 13:01:07#totalamount:262000
2022.7.17 13:01:39#=================== Start New Transaction ===================
2022.7.17 13:01:39#txnrefnum:MSC22111344
2022.7.17 13:01:39#clientIp:203.76.222.215
2022.7.17 13:01:39#card type:6
2022.7.17 13:01:39#totalamount:262000
2022.7.17 13:01:39#result:TRANSACTION_ID:M7OZ9tQrLpD8FSRmMfl5IJd70Kc=
2022.7.17 13:01:39#Forward to DBBL Payment Gateway Page: https://ecom1.dutchbanglabank.com/ecomm2/ClientHandler?card_type=6&trans_id=M7OZ9tQrLpD8FSRmMfl5IJd70Kc%3D
2022.7.17 13:01:49#=================== Start New Transaction ===================
2022.7.17 13:01:49#txnrefnum:MSC22111344
2022.7.17 13:01:49#clientIp:203.76.222.215
2022.7.17 13:01:49#card type:6
2022.7.17 13:01:49#totalamount:262000
2022.7.17 13:02:19#result:TRANSACTION_ID:GGd4Qo8PLRGyss972uu1pSwKx5A=
2022.7.17 13:02:19#Forward to DBBL Payment Gateway Page: https://ecom1.dutchbanglabank.com/ecomm2/ClientHandler?card_type=6&trans_id=GGd4Qo8PLRGyss972uu1pSwKx5A%3D
2022.7.17 13:02:20#result:TRANSACTION_ID:MsnL0pQ6lxfum4HFYmVnuAv3wMM=
2022.7.17 13:02:20#Forward to DBBL Payment Gateway Page: https://ecom1.dutchbanglabank.com/ecomm2/ClientHandler?card_type=6&trans_id=MsnL0pQ6lxfum4HFYmVnuAv3wMM%3D
2022.7.17 13:02:21#=================== Start New Transaction ===================
2022.7.17 13:02:21#txnrefnum:MSC22111344
2022.7.17 13:02:21#clientIp:203.76.222.215
2022.7.17 13:02:21#card type:6
2022.7.17 13:02:21#totalamount:262000
2022.7.17 13:02:29#=================== Start New Transaction ===================
2022.7.17 13:02:29#txnrefnum:MSC22111344
2022.7.17 13:02:29#clientIp:203.76.222.215
2022.7.17 13:02:29#card type:6
2022.7.17 13:02:29#totalamount:262000
2022.7.17 13:02:36#=================== Start New Transaction ===================
2022.7.17 13:02:36#txnrefnum:MSC22111344
2022.7.17 13:02:36#clientIp:203.76.222.215
2022.7.17 13:02:36#card type:6
2022.7.17 13:02:36#totalamount:262000
2022.7.17 13:02:53#result:TRANSACTION_ID:xpMuRKGj9oPDypFrMoo0ovWXSog=
2022.7.17 13:02:53#Forward to DBBL Payment Gateway Page: https://ecom1.dutchbanglabank.com/ecomm2/ClientHandler?card_type=6&trans_id=xpMuRKGj9oPDypFrMoo0ovWXSog%3D
2022.7.17 13:03:00#result:TRANSACTION_ID:tBqPyO15FON0engagzFlaSwQBpA=
2022.7.17 13:03:00#Forward to DBBL Payment Gateway Page: https://ecom1.dutchbanglabank.com/ecomm2/ClientHandler?card_type=6&trans_id=tBqPyO15FON0engagzFlaSwQBpA%3D
2022.7.17 13:03:01#result:TRANSACTION_ID:nNvwHquHPSvz0E6uqqmb65In3Ko=
2022.7.17 13:03:01#Forward to DBBL Payment Gateway Page: https://ecom1.dutchbanglabank.com/ecomm2/ClientHandler?card_type=6&trans_id=nNvwHquHPSvz0E6uqqmb65In3Ko%3D
2022.7.17 13:03:06#=================== Start New Transaction ===================
2022.7.17 13:03:06#txnrefnum:MSC22111344
2022.7.17 13:03:06#clientIp:203.76.222.215
2022.7.17 13:03:06#card type:6
2022.7.17 13:03:06#totalamount:262000
2022.7.17 13:03:31#result:TRANSACTION_ID:OtmrhdhBt1STSmz29LtFHJDzAao=
2022.7.17 13:03:31#Forward to DBBL Payment Gateway Page: https://ecom1.dutchbanglabank.com/ecomm2/ClientHandler?card_type=6&trans_id=OtmrhdhBt1STSmz29LtFHJDzAao%3D
2022.7.17 13:05:13#=================== Start New Transaction ===================
2022.7.17 13:05:13#txnrefnum:MSC22111344
2022.7.17 13:05:13#clientIp:203.76.222.215
2022.7.17 13:05:13#card type:6
2022.7.17 13:05:13#totalamount:262000
2022.7.17 13:05:35#result:TRANSACTION_ID:CXCOct0N7JiqH2ZbwRM8iBotkaI=
2022.7.17 13:05:35#Forward to DBBL Payment Gateway Page: https://ecom1.dutchbanglabank.com/ecomm2/ClientHandler?card_type=6&trans_id=CXCOct0N7JiqH2ZbwRM8iBotkaI%3D
2022.7.17 13:06:43#---------------------- Complete New Transaction---------------------
2022.7.17 13:06:43#Get trans_id From Post Value:CXCOct0N7JiqH2ZbwRM8iBotkaI=
2022.7.17 13:06:43#clientIp:203.76.222.215
2022.7.17 13:06:43#trans_id:CXCOct0N7JiqH2ZbwRM8iBotkaI=
2022.7.17 13:06:53#result:RESULT>OK^RESULT_CODE>000^3DSECURE>SKIPPED^RRN>219813694706^APPROVAL_CODE>806739^CARD_NUMBER>999999*********7105^AMOUNT>262000^CARDNAME>mb account^DESCRIPTION>6MSC22111344^TRANS_DATE>2022-07-17 07:06:41 PM
2022.7.17 13:06:53#1592017010653
2022.7.17 13:06:53#1592017010653
2022.7.17 13:06:53#=================== Transaction Completed =======================
2022.7.17 13:21:24#=================== Start New Transaction ===================
2022.7.17 13:21:24#txnrefnum:MSC22110503
2022.7.17 13:21:24#clientIp:103.58.74.4
2022.7.17 13:21:24#card type:6
2022.7.17 13:21:24#totalamount:102000
2022.7.17 13:21:28#=================== Start New Transaction ===================
2022.7.17 13:21:28#txnrefnum:MSC22110503
2022.7.17 13:21:28#clientIp:103.58.74.4
2022.7.17 13:21:28#card type:6
2022.7.17 13:21:28#totalamount:102000
2022.7.17 13:21:48#result:TRANSACTION_ID:CZGSiRcd24muolAiQEc54Bs6VRI=
2022.7.17 13:21:48#Forward to DBBL Payment Gateway Page: https://ecom1.dutchbanglabank.com/ecomm2/ClientHandler?card_type=6&trans_id=CZGSiRcd24muolAiQEc54Bs6VRI%3D
2022.7.17 13:21:48#=================== Start New Transaction ===================
2022.7.17 13:21:48#txnrefnum:MSC22110503
2022.7.17 13:21:48#clientIp:103.58.74.4
2022.7.17 13:21:48#card type:6
2022.7.17 13:21:48#totalamount:102000
2022.7.17 13:22:00#result:TRANSACTION_ID:dvqnvqk95333rNsOiQJ7R8KQg0w=
2022.7.17 13:22:00#Forward to DBBL Payment Gateway Page: https://ecom1.dutchbanglabank.com/ecomm2/ClientHandler?card_type=6&trans_id=dvqnvqk95333rNsOiQJ7R8KQg0w%3D
2022.7.17 13:22:08#result:TRANSACTION_ID:Xr6A9AkLq5b2piC01QZnwTFWEsk=
2022.7.17 13:22:08#Forward to DBBL Payment Gateway Page: https://ecom1.dutchbanglabank.com/ecomm2/ClientHandler?card_type=6&trans_id=Xr6A9AkLq5b2piC01QZnwTFWEsk%3D
2022.7.17 13:23:56#---------------------- Complete New Transaction---------------------
2022.7.17 13:23:56#Get trans_id From Post Value:Xr6A9AkLq5b2piC01QZnwTFWEsk=
2022.7.17 13:23:56#clientIp:103.58.74.4
2022.7.17 13:23:56#trans_id:Xr6A9AkLq5b2piC01QZnwTFWEsk=
2022.7.17 13:24:01#result:RESULT>FAILED^RESULT_CODE>116^3DSECURE>SKIPPED^RRN>219813696113^APPROVAL_CODE>0^CARD_NUMBER>999999*********2205^AMOUNT>102000^CARDNAME>mb account^DESCRIPTION>6MSC22110503^TRANS_DATE>2022-07-17 07:23:54 PM
2022.7.17 13:24:01#Not Sufficient Amount
2022.7.17 13:25:09#=================== Start New Transaction ===================
2022.7.17 13:25:09#txnrefnum:MSC22110503
2022.7.17 13:25:09#clientIp:103.58.74.4
2022.7.17 13:25:09#card type:6
2022.7.17 13:25:09#totalamount:102000
2022.7.17 13:25:29#result:TRANSACTION_ID:zwzR9HSWV8kPfzVKN1MgrsAoBlw=
2022.7.17 13:25:29#Forward to DBBL Payment Gateway Page: https://ecom1.dutchbanglabank.com/ecomm2/ClientHandler?card_type=6&trans_id=zwzR9HSWV8kPfzVKN1MgrsAoBlw%3D
2022.7.17 13:26:17#---------------------- Complete New Transaction---------------------
2022.7.17 13:26:17#Get trans_id From Post Value:zwzR9HSWV8kPfzVKN1MgrsAoBlw=
2022.7.17 13:26:17#clientIp:103.58.74.4
2022.7.17 13:26:17#trans_id:zwzR9HSWV8kPfzVKN1MgrsAoBlw=
2022.7.17 13:26:31#result:RESULT>OK^RESULT_CODE>000^3DSECURE>SKIPPED^RRN>219813696325^APPROVAL_CODE>798106^CARD_NUMBER>999999*********2205^AMOUNT>102000^CARDNAME>mb account^DESCRIPTION>6MSC22110503^TRANS_DATE>2022-07-17 07:26:16 PM
2022.7.17 13:26:31#32050617012631
2022.7.17 13:26:31#=================== Transaction Completed =======================
2022.7.17 13:28:22#=================== Start New Transaction ===================
2022.7.17 13:28:22#txnrefnum:MSC22110503
2022.7.17 13:28:22#clientIp:103.58.74.4
2022.7.17 13:28:22#card type:6
2022.7.17 13:28:22#totalamount:162000
2022.7.17 13:29:01#result:TRANSACTION_ID:XlTwONDpYVeun3o24HK7PWVE8XA=
2022.7.17 13:29:01#Forward to DBBL Payment Gateway Page: https://ecom1.dutchbanglabank.com/ecomm2/ClientHandler?card_type=6&trans_id=XlTwONDpYVeun3o24HK7PWVE8XA%3D
2022.7.17 13:29:49#---------------------- Complete New Transaction---------------------
2022.7.17 13:29:49#Get trans_id From Post Value:XlTwONDpYVeun3o24HK7PWVE8XA=
2022.7.17 13:29:49#clientIp:103.58.74.4
2022.7.17 13:29:49#trans_id:XlTwONDpYVeun3o24HK7PWVE8XA=
2022.7.17 13:30:00#result:RESULT>OK^RESULT_CODE>000^3DSECURE>SKIPPED^RRN>219813696640^APPROVAL_CODE>904790^CARD_NUMBER>999999*********2205^AMOUNT>162000^CARDNAME>mb account^DESCRIPTION>6MSC22110503^TRANS_DATE>2022-07-17 07:29:48 PM
2022.7.17 13:30:00#1306417013000
2022.7.17 13:30:00#=================== Transaction Completed =======================
2022.7.17 13:32:50#=================== Start New Transaction ===================
2022.7.17 13:32:50#txnrefnum:MSC22111344
2022.7.17 13:32:50#clientIp:203.76.222.215
2022.7.17 13:32:50#card type:6
2022.7.17 13:32:50#totalamount:2000
2022.7.17 13:33:24#result:TRANSACTION_ID:7OHRESA44bKcIP69XpVYfo931hc=
2022.7.17 13:33:24#Forward to DBBL Payment Gateway Page: https://ecom1.dutchbanglabank.com/ecomm2/ClientHandler?card_type=6&trans_id=7OHRESA44bKcIP69XpVYfo931hc%3D
2022.7.17 13:38:08#=================== Start New Transaction ===================
2022.7.17 13:38:08#txnrefnum:MBD2006011
2022.7.17 13:38:08#clientIp:103.184.94.3
2022.7.17 13:38:08#card type:6
2022.7.17 13:38:08#totalamount:242000
2022.7.17 13:38:26#result:TRANSACTION_ID:naPdMjUSOJ3OCPydw9AnVj1rch0=
2022.7.17 13:38:26#Forward to DBBL Payment Gateway Page: https://ecom1.dutchbanglabank.com/ecomm2/ClientHandler?card_type=6&trans_id=naPdMjUSOJ3OCPydw9AnVj1rch0%3D
2022.7.17 13:51:08#=================== Start New Transaction ===================
2022.7.17 13:51:08#txnrefnum:MSC22110503
2022.7.17 13:51:08#clientIp:103.126.51.196
2022.7.17 13:51:08#card type:6
2022.7.17 13:51:08#totalamount:2000
2022.7.17 13:51:30#=================== Start New Transaction ===================
2022.7.17 13:51:30#txnrefnum:MSC22110503
2022.7.17 13:51:30#clientIp:103.126.51.196
2022.7.17 13:51:30#card type:6
2022.7.17 13:51:30#totalamount:162000
2022.7.17 13:51:41#result:TRANSACTION_ID:pMNfmq8sGHG24Kz8nfHq5i9EmlA=
2022.7.17 13:51:41#Forward to DBBL Payment Gateway Page: https://ecom1.dutchbanglabank.com/ecomm2/ClientHandler?card_type=6&trans_id=pMNfmq8sGHG24Kz8nfHq5i9EmlA%3D
2022.7.17 13:52:16#result:TRANSACTION_ID:EbrndFzY0gyVNi2tDL8BV15aUHM=
2022.7.17 13:52:17#Forward to DBBL Payment Gateway Page: https://ecom1.dutchbanglabank.com/ecomm2/ClientHandler?card_type=6&trans_id=EbrndFzY0gyVNi2tDL8BV15aUHM%3D
2022.7.17 13:52:55#---------------------- Complete New Transaction---------------------
2022.7.17 13:52:55#Get trans_id From Post Value:EbrndFzY0gyVNi2tDL8BV15aUHM=
2022.7.17 13:52:55#clientIp:103.126.51.196
2022.7.17 13:52:55#trans_id:EbrndFzY0gyVNi2tDL8BV15aUHM=
2022.7.17 13:53:04#result:RESULT>OK^RESULT_CODE>000^3DSECURE>SKIPPED^RRN>219813698643^APPROVAL_CODE>104710^CARD_NUMBER>999999*********9585^AMOUNT>162000^CARDNAME>mb account^DESCRIPTION>6MSC22110503^TRANS_DATE>2022-07-17 07:52:54 PM
2022.7.17 13:53:04#1306517015304
2022.7.17 13:53:04#=================== Transaction Completed =======================
2022.7.17 14:04:35#=================== Start New Transaction ===================
2022.7.17 14:04:35#txnrefnum:MSC22111377
2022.7.17 14:04:35#clientIp:103.138.120.249
2022.7.17 14:04:35#card type:6
2022.7.17 14:04:35#totalamount:422000
2022.7.17 14:04:38#=================== Start New Transaction ===================
2022.7.17 14:04:38#txnrefnum:MSC22111377
2022.7.17 14:04:38#clientIp:103.138.120.249
2022.7.17 14:04:38#card type:6
2022.7.17 14:04:38#totalamount:422000
2022.7.17 14:05:08#result:TRANSACTION_ID:pSUI7G4Igod1hobVnsCtrlsKjw0=
2022.7.17 14:05:09#Forward to DBBL Payment Gateway Page: https://ecom1.dutchbanglabank.com/ecomm2/ClientHandler?card_type=6&trans_id=pSUI7G4Igod1hobVnsCtrlsKjw0%3D
2022.7.17 14:05:10#result:TRANSACTION_ID:vnnP37Ga1zClyFb8FpTYNQ4eAu0=
2022.7.17 14:05:10#Forward to DBBL Payment Gateway Page: https://ecom1.dutchbanglabank.com/ecomm2/ClientHandler?card_type=6&trans_id=vnnP37Ga1zClyFb8FpTYNQ4eAu0%3D
2022.7.17 14:06:02#---------------------- Complete New Transaction---------------------
2022.7.17 14:06:02#Get trans_id From Post Value:pSUI7G4Igod1hobVnsCtrlsKjw0=
2022.7.17 14:06:02#clientIp:103.138.120.249
2022.7.17 14:06:02#trans_id:pSUI7G4Igod1hobVnsCtrlsKjw0=
2022.7.17 14:06:08#result:RESULT>OK^RESULT_CODE>000^3DSECURE>SKIPPED^RRN>219814699757^APPROVAL_CODE>136571^CARD_NUMBER>999999*********7606^AMOUNT>422000^CARDNAME>mb account^DESCRIPTION>6MSC22111377^TRANS_DATE>2022-07-17 08:06:01 PM
2022.7.17 14:06:08#1767217020608
2022.7.17 14:06:08#1767217020608
2022.7.17 14:06:08#1767217020608
2022.7.17 14:06:08#=================== Transaction Completed =======================
2022.7.17 14:19:27#=================== Start New Transaction ===================
2022.7.17 14:19:27#txnrefnum:MEM2005015
2022.7.17 14:19:27#clientIp:119.30.32.93
2022.7.17 14:19:27#card type:6
2022.7.17 14:19:27#totalamount:222000
2022.7.17 14:19:32#=================== Start New Transaction ===================
2022.7.17 14:19:32#txnrefnum:MEM2005015
2022.7.17 14:19:32#clientIp:119.30.32.93
2022.7.17 14:19:32#card type:6
2022.7.17 14:19:32#totalamount:222000
2022.7.17 14:19:57#result:TRANSACTION_ID:mjSOhpGhpMezMe1uzMxdB3NuMnY=
2022.7.17 14:19:57#Forward to DBBL Payment Gateway Page: https://ecom1.dutchbanglabank.com/ecomm2/ClientHandler?card_type=6&trans_id=mjSOhpGhpMezMe1uzMxdB3NuMnY%3D
2022.7.17 14:19:57#=================== Start New Transaction ===================
2022.7.17 14:19:57#txnrefnum:MEM2005015
2022.7.17 14:19:57#clientIp:119.30.32.93
2022.7.17 14:19:57#card type:6
2022.7.17 14:19:57#totalamount:222000
2022.7.17 14:20:06#result:TRANSACTION_ID:HyG2NV4XKSYkf0ppeL9S4Gim2yI=
2022.7.17 14:20:06#Forward to DBBL Payment Gateway Page: https://ecom1.dutchbanglabank.com/ecomm2/ClientHandler?card_type=6&trans_id=HyG2NV4XKSYkf0ppeL9S4Gim2yI%3D
2022.7.17 14:20:06#=================== Start New Transaction ===================
2022.7.17 14:20:06#txnrefnum:MEM2005015
2022.7.17 14:20:06#clientIp:119.30.32.93
2022.7.17 14:20:06#card type:6
2022.7.17 14:20:06#totalamount:222000
2022.7.17 14:20:18#result:TRANSACTION_ID:71Lr1t07twY8gchZ5tndedicrj0=
2022.7.17 14:20:18#Forward to DBBL Payment Gateway Page: https://ecom1.dutchbanglabank.com/ecomm2/ClientHandler?card_type=6&trans_id=71Lr1t07twY8gchZ5tndedicrj0%3D
2022.7.17 14:20:25#=================== Start New Transaction ===================
2022.7.17 14:20:25#txnrefnum:MEM2005015
2022.7.17 14:20:25#clientIp:119.30.32.93
2022.7.17 14:20:25#card type:6
2022.7.17 14:20:25#totalamount:222000
2022.7.17 14:20:57#result:TRANSACTION_ID:ujFklE1ZWJFpvmukGNP33EfiBO8=
2022.7.17 14:20:57#Forward to DBBL Payment Gateway Page: https://ecom1.dutchbanglabank.com/ecomm2/ClientHandler?card_type=6&trans_id=ujFklE1ZWJFpvmukGNP33EfiBO8%3D
2022.7.17 14:20:57#=================== Start New Transaction ===================
2022.7.17 14:20:57#txnrefnum:MEM2005015
2022.7.17 14:20:57#clientIp:119.30.32.93
2022.7.17 14:20:57#card type:6
2022.7.17 14:20:57#totalamount:222000
2022.7.17 14:21:04#result:TRANSACTION_ID:fBGaXDojnLqT0XjV2QOdqsGSvuw=
2022.7.17 14:21:04#Forward to DBBL Payment Gateway Page: https://ecom1.dutchbanglabank.com/ecomm2/ClientHandler?card_type=6&trans_id=fBGaXDojnLqT0XjV2QOdqsGSvuw%3D
2022.7.17 14:21:35#result:TRANSACTION_ID:SsCZN0nPDcF7iTSlYnJcKh3flZQ=
2022.7.17 14:21:35#Forward to DBBL Payment Gateway Page: https://ecom1.dutchbanglabank.com/ecomm2/ClientHandler?card_type=6&trans_id=SsCZN0nPDcF7iTSlYnJcKh3flZQ%3D
2022.7.17 14:25:11#=================== Start New Transaction ===================
2022.7.17 14:25:11#txnrefnum:MSC22111118
2022.7.17 14:25:11#clientIp:103.60.160.78
2022.7.17 14:25:11#card type:6
2022.7.17 14:25:11#totalamount:422000
2022.7.17 14:25:29#=================== Start New Transaction ===================
2022.7.17 14:25:29#txnrefnum:MSC22111118
2022.7.17 14:25:29#clientIp:103.60.160.78
2022.7.17 14:25:29#card type:6
2022.7.17 14:25:29#totalamount:422000
2022.7.17 14:25:34#result:TRANSACTION_ID:y7xNky3Z6WLRn7OXEkrxwv9gJes=
2022.7.17 14:25:34#Forward to DBBL Payment Gateway Page: https://ecom1.dutchbanglabank.com/ecomm2/ClientHandler?card_type=6&trans_id=y7xNky3Z6WLRn7OXEkrxwv9gJes%3D
2022.7.17 14:25:57#result:TRANSACTION_ID:3Q6JvSfyBV0rV1ZtkWofxWvkykE=
2022.7.17 14:25:58#Forward to DBBL Payment Gateway Page: https://ecom1.dutchbanglabank.com/ecomm2/ClientHandler?card_type=6&trans_id=3Q6JvSfyBV0rV1ZtkWofxWvkykE%3D
2022.7.17 14:26:47#---------------------- Complete New Transaction---------------------
2022.7.17 14:26:47#Get trans_id From Post Value:3Q6JvSfyBV0rV1ZtkWofxWvkykE=
2022.7.17 14:26:47#clientIp:103.60.160.78
2022.7.17 14:26:47#trans_id:3Q6JvSfyBV0rV1ZtkWofxWvkykE=
2022.7.17 14:26:54#result:RESULT>OK^RESULT_CODE>000^3DSECURE>SKIPPED^RRN>219814701408^APPROVAL_CODE>246710^CARD_NUMBER>999999*********1275^AMOUNT>422000^CARDNAME>mb account^DESCRIPTION>6MSC22111118^TRANS_DATE>2022-07-17 08:26:46 PM
2022.7.17 14:26:54#135217022654
2022.7.17 14:26:54#135217022654
2022.7.17 14:26:54#135217022654
2022.7.17 14:26:54#=================== Transaction Completed =======================
2022.7.17 14:28:09#=================== Start New Transaction ===================
2022.7.17 14:28:09#txnrefnum:MSC22111377
2022.7.17 14:28:09#clientIp:103.138.120.249
2022.7.17 14:28:09#card type:6
2022.7.17 14:28:09#totalamount:2000
2022.7.17 14:28:38#result:TRANSACTION_ID:CSP7yhHo0ZOVufDO7K6QcPg3ArA=
2022.7.17 14:28:38#Forward to DBBL Payment Gateway Page: https://ecom1.dutchbanglabank.com/ecomm2/ClientHandler?card_type=6&trans_id=CSP7yhHo0ZOVufDO7K6QcPg3ArA%3D
2022.7.17 14:46:16#=================== Start New Transaction ===================
2022.7.17 14:46:16#txnrefnum:MBD2008298
2022.7.17 14:46:16#clientIp:37.111.201.37
2022.7.17 14:46:16#card type:6
2022.7.17 14:46:16#totalamount:82000
2022.7.17 14:46:55#result:TRANSACTION_ID:R54FLqos22oV7xcjW63QMUq9Pd4=
2022.7.17 14:46:55#Forward to DBBL Payment Gateway Page: https://ecom1.dutchbanglabank.com/ecomm2/ClientHandler?card_type=6&trans_id=R54FLqos22oV7xcjW63QMUq9Pd4%3D
2022.7.17 14:59:58#=================== Start New Transaction ===================
2022.7.17 14:59:58#txnrefnum:BBD2201093
2022.7.17 14:59:58#clientIp:157.119.238.34
2022.7.17 14:59:58#card type:6
2022.7.17 14:59:58#totalamount:82000
2022.7.17 15:00:03#=================== Start New Transaction ===================
2022.7.17 15:00:03#txnrefnum:BBD2201093
2022.7.17 15:00:03#clientIp:157.119.238.34
2022.7.17 15:00:03#card type:6
2022.7.17 15:00:03#totalamount:82000
2022.7.17 15:00:22#result:TRANSACTION_ID:NCN9ObGPTJqayNB6PHuMA0l5ROU=
2022.7.17 15:00:22#Forward to DBBL Payment Gateway Page: https://ecom1.dutchbanglabank.com/ecomm2/ClientHandler?card_type=6&trans_id=NCN9ObGPTJqayNB6PHuMA0l5ROU%3D
2022.7.17 15:00:28#result:TRANSACTION_ID:7DWcL2d75RKevga3ki4wrEOTcQQ=
2022.7.17 15:00:28#Forward to DBBL Payment Gateway Page: https://ecom1.dutchbanglabank.com/ecomm2/ClientHandler?card_type=6&trans_id=7DWcL2d75RKevga3ki4wrEOTcQQ%3D
2022.7.17 15:01:10#---------------------- Complete New Transaction---------------------
2022.7.17 15:01:10#Get trans_id From Post Value:7DWcL2d75RKevga3ki4wrEOTcQQ=
2022.7.17 15:01:10#clientIp:157.119.238.34
2022.7.17 15:01:10#trans_id:7DWcL2d75RKevga3ki4wrEOTcQQ=
2022.7.17 15:01:20#result:RESULT>OK^RESULT_CODE>000^3DSECURE>SKIPPED^RRN>219815703996^APPROVAL_CODE>429336^CARD_NUMBER>999999*********2298^AMOUNT>82000^CARDNAME>mb account^DESCRIPTION>6BBD2201093^TRANS_DATE>2022-07-17 09:01:05 PM
2022.7.17 15:01:20#22312017030120
2022.7.17 15:01:20#=================== Transaction Completed =======================
2022.7.17 16:05:56#=================== Start New Transaction ===================
2022.7.17 16:05:56#txnrefnum:MSC22110068
2022.7.17 16:05:56#clientIp:103.162.230.226
2022.7.17 16:05:56#card type:6
2022.7.17 16:05:56#totalamount:582000
2022.7.17 16:06:06#result:TRANSACTION_ID:52JDAwqbwBQJAYhnhRLcaxHZPl8=
2022.7.17 16:06:06#Forward to DBBL Payment Gateway Page: https://ecom1.dutchbanglabank.com/ecomm2/ClientHandler?card_type=6&trans_id=52JDAwqbwBQJAYhnhRLcaxHZPl8%3D
2022.7.17 17:14:58#=================== Start New Transaction ===================
2022.7.17 17:14:58#txnrefnum:MSC22110010
2022.7.17 17:14:58#clientIp:103.230.105.30
2022.7.17 17:14:58#card type:6
2022.7.17 17:14:58#totalamount:262000
2022.7.17 17:15:01#=================== Start New Transaction ===================
2022.7.17 17:15:01#txnrefnum:MSC22110010
2022.7.17 17:15:01#clientIp:103.230.105.30
2022.7.17 17:15:01#card type:6
2022.7.17 17:15:01#totalamount:262000
2022.7.17 17:15:03#result:TRANSACTION_ID:3aTfjR9J6RV1qrcCfknieEYE77M=
2022.7.17 17:15:03#Forward to DBBL Payment Gateway Page: https://ecom1.dutchbanglabank.com/ecomm2/ClientHandler?card_type=6&trans_id=3aTfjR9J6RV1qrcCfknieEYE77M%3D
2022.7.17 17:15:03#=================== Start New Transaction ===================
2022.7.17 17:15:03#txnrefnum:MSC22110010
2022.7.17 17:15:03#clientIp:103.230.105.30
2022.7.17 17:15:03#card type:6
2022.7.17 17:15:03#totalamount:262000
2022.7.17 17:15:05#result:TRANSACTION_ID:EMl3gPWGbuLDDkeAAEMht0EGtyA=
2022.7.17 17:15:05#Forward to DBBL Payment Gateway Page: https://ecom1.dutchbanglabank.com/ecomm2/ClientHandler?card_type=6&trans_id=EMl3gPWGbuLDDkeAAEMht0EGtyA%3D
2022.7.17 17:15:05#=================== Start New Transaction ===================
2022.7.17 17:15:05#txnrefnum:MSC22110010
2022.7.17 17:15:05#clientIp:103.230.105.30
2022.7.17 17:15:05#card type:6
2022.7.17 17:15:05#totalamount:262000
2022.7.17 17:15:07#result:TRANSACTION_ID:14CAlHSHZsbPPsrKYd8XLpy1MF8=
2022.7.17 17:15:08#Forward to DBBL Payment Gateway Page: https://ecom1.dutchbanglabank.com/ecomm2/ClientHandler?card_type=6&trans_id=14CAlHSHZsbPPsrKYd8XLpy1MF8%3D
2022.7.17 17:15:08#=================== Start New Transaction ===================
2022.7.17 17:15:08#txnrefnum:MSC22110010
2022.7.17 17:15:08#clientIp:103.230.105.30
2022.7.17 17:15:08#card type:6
2022.7.17 17:15:08#totalamount:262000
2022.7.17 17:15:09#result:TRANSACTION_ID:wSGSoqun5FDDBXIfoso40rDN2zE=
2022.7.17 17:15:09#Forward to DBBL Payment Gateway Page: https://ecom1.dutchbanglabank.com/ecomm2/ClientHandler?card_type=6&trans_id=wSGSoqun5FDDBXIfoso40rDN2zE%3D
2022.7.17 17:15:12#result:TRANSACTION_ID:uKBecxaFRtXQyXBfi9RoSLkS21M=
2022.7.17 17:15:12#Forward to DBBL Payment Gateway Page: https://ecom1.dutchbanglabank.com/ecomm2/ClientHandler?card_type=6&trans_id=uKBecxaFRtXQyXBfi9RoSLkS21M%3D
2022.7.17 17:16:30#---------------------- Complete New Transaction---------------------
2022.7.17 17:16:30#Get trans_id From Post Value:uKBecxaFRtXQyXBfi9RoSLkS21M=
2022.7.17 17:16:30#clientIp:103.86.111.201
2022.7.17 17:16:30#trans_id:uKBecxaFRtXQyXBfi9RoSLkS21M=
2022.7.17 17:16:33#result:RESULT>FAILED^RESULT_CODE>116^3DSECURE>SKIPPED^RRN>219817711929^APPROVAL_CODE>0^CARD_NUMBER>999999*********8383^AMOUNT>262000^CARDNAME>mb account^DESCRIPTION>6MSC22110010^TRANS_DATE>2022-07-17 11:16:29 PM
2022.7.17 17:16:33#Not Sufficient Amount
2022.7.17 17:17:43#=================== Start New Transaction ===================
2022.7.17 17:17:43#txnrefnum:MSC22110010
2022.7.17 17:17:43#clientIp:103.86.111.201
2022.7.17 17:17:43#card type:6
2022.7.17 17:17:43#totalamount:262000
2022.7.17 17:17:47#result:TRANSACTION_ID:ZdNBzGLtHx6IuwVpo4qDUGuufak=
2022.7.17 17:17:47#Forward to DBBL Payment Gateway Page: https://ecom1.dutchbanglabank.com/ecomm2/ClientHandler?card_type=6&trans_id=ZdNBzGLtHx6IuwVpo4qDUGuufak%3D
2022.7.17 17:19:14#=================== Start New Transaction ===================
2022.7.17 17:19:14#txnrefnum:MSC22110010
2022.7.17 17:19:14#clientIp:103.86.111.201
2022.7.17 17:19:14#card type:6
2022.7.17 17:19:14#totalamount:102000
2022.7.17 17:19:18#result:TRANSACTION_ID:EbT9oeoHs53IYKPgduxmyCsDpOo=
2022.7.17 17:19:18#Forward to DBBL Payment Gateway Page: https://ecom1.dutchbanglabank.com/ecomm2/ClientHandler?card_type=6&trans_id=EbT9oeoHs53IYKPgduxmyCsDpOo%3D
2022.7.17 17:20:07#=================== Start New Transaction ===================
2022.7.17 17:20:07#txnrefnum:MSC22110010
2022.7.17 17:20:07#clientIp:103.86.111.201
2022.7.17 17:20:07#card type:6
2022.7.17 17:20:07#totalamount:262000
2022.7.17 17:20:11#result:TRANSACTION_ID:tQJ0cF73IPsbvopMUnIdOeTApdk=
2022.7.17 17:20:11#Forward to DBBL Payment Gateway Page: https://ecom1.dutchbanglabank.com/ecomm2/ClientHandler?card_type=6&trans_id=tQJ0cF73IPsbvopMUnIdOeTApdk%3D
2022.7.17 17:23:03#=================== Start New Transaction ===================
2022.7.17 17:23:03#txnrefnum:MSC22110010
2022.7.17 17:23:03#clientIp:103.86.111.201
2022.7.17 17:23:03#card type:6
2022.7.17 17:23:03#totalamount:262000
2022.7.17 17:23:07#result:TRANSACTION_ID:eujISU68BnngiEWRMmB5lYfPr3s=
2022.7.17 17:23:07#Forward to DBBL Payment Gateway Page: https://ecom1.dutchbanglabank.com/ecomm2/ClientHandler?card_type=6&trans_id=eujISU68BnngiEWRMmB5lYfPr3s%3D
2022.7.17 17:24:03#---------------------- Complete New Transaction---------------------
2022.7.17 17:24:03#Get trans_id From Post Value:eujISU68BnngiEWRMmB5lYfPr3s=
2022.7.17 17:24:03#clientIp:103.86.111.201
2022.7.17 17:24:03#trans_id:eujISU68BnngiEWRMmB5lYfPr3s=
2022.7.17 17:24:06#result:RESULT>FAILED^RESULT_CODE>116^3DSECURE>SKIPPED^RRN>219817712205^APPROVAL_CODE>0^CARD_NUMBER>999999*********8383^AMOUNT>262000^CARDNAME>mb account^DESCRIPTION>6MSC22110010^TRANS_DATE>2022-07-17 11:24:02 PM
2022.7.17 17:24:06#Not Sufficient Amount
2022.7.17 17:28:57#=================== Start New Transaction ===================
2022.7.17 17:28:57#txnrefnum:MSC22111001
2022.7.17 17:28:57#clientIp:103.149.147.166
2022.7.17 17:28:57#card type:6
2022.7.17 17:28:57#totalamount:162000
2022.7.17 17:29:01#result:TRANSACTION_ID:g674Cc6eYsZZy0IJe1HvvoQ65lU=
2022.7.17 17:29:01#Forward to DBBL Payment Gateway Page: https://ecom1.dutchbanglabank.com/ecomm2/ClientHandler?card_type=6&trans_id=g674Cc6eYsZZy0IJe1HvvoQ65lU%3D
2022.7.17 17:30:09#---------------------- Complete New Transaction---------------------
2022.7.17 17:30:09#Get trans_id From Post Value:g674Cc6eYsZZy0IJe1HvvoQ65lU=
2022.7.17 17:30:09#clientIp:103.149.147.166
2022.7.17 17:30:09#trans_id:g674Cc6eYsZZy0IJe1HvvoQ65lU=
2022.7.17 17:30:11#result:RESULT>OK^RESULT_CODE>000^3DSECURE>SKIPPED^RRN>219817712453^APPROVAL_CODE>030093^CARD_NUMBER>999999*********1823^AMOUNT>162000^CARDNAME>mb account^DESCRIPTION>6MSC22111001^TRANS_DATE>2022-07-17 11:30:07 PM
2022.7.17 17:30:11#146117053011
2022.7.17 17:30:11#=================== Transaction Completed =======================
2022.7.17 17:34:28#=================== Start New Transaction ===================
2022.7.17 17:34:28#txnrefnum:MSC22111001
2022.7.17 17:34:28#clientIp:103.149.147.166
2022.7.17 17:34:28#card type:6
2022.7.17 17:34:28#totalamount:2000
2022.7.17 17:34:32#result:TRANSACTION_ID:OR98YqW6nXOSxu62FKShXed0bKI=
2022.7.17 17:34:32#Forward to DBBL Payment Gateway Page: https://ecom1.dutchbanglabank.com/ecomm2/ClientHandler?card_type=6&trans_id=OR98YqW6nXOSxu62FKShXed0bKI%3D
2022.7.17 17:49:20#=================== Start New Transaction ===================
2022.7.17 17:49:20#txnrefnum:MEM2005015
2022.7.17 17:49:20#clientIp:203.76.221.1
2022.7.17 17:49:20#card type:6
2022.7.17 17:49:20#totalamount:222000
2022.7.17 17:49:24#result:TRANSACTION_ID:3sCy7zdpovWsZ2MsOOkjwRdECyE=
2022.7.17 17:49:24#Forward to DBBL Payment Gateway Page: https://ecom1.dutchbanglabank.com/ecomm2/ClientHandler?card_type=6&trans_id=3sCy7zdpovWsZ2MsOOkjwRdECyE%3D
2022.7.17 17:52:38#=================== Start New Transaction ===================
2022.7.17 17:52:38#txnrefnum:MBD2007355
2022.7.17 17:52:38#clientIp:118.179.82.235
2022.7.17 17:52:38#card type:6
2022.7.17 17:52:38#totalamount:82000
2022.7.17 17:52:40#---------------------- Complete New Transaction---------------------
2022.7.17 17:52:40#Get trans_id From Post Value:3sCy7zdpovWsZ2MsOOkjwRdECyE=
2022.7.17 17:52:40#clientIp:203.76.221.1
2022.7.17 17:52:40#trans_id:3sCy7zdpovWsZ2MsOOkjwRdECyE=
2022.7.17 17:52:42#result:TRANSACTION_ID:WDXSZSqe6u1KT6y3StFrq83K7WY=
2022.7.17 17:52:42#Forward to DBBL Payment Gateway Page: https://ecom1.dutchbanglabank.com/ecomm2/ClientHandler?card_type=6&trans_id=WDXSZSqe6u1KT6y3StFrq83K7WY%3D
2022.7.17 17:52:42#result:RESULT>OK^RESULT_CODE>000^3DSECURE>SKIPPED^RRN>219817713314^APPROVAL_CODE>151393^CARD_NUMBER>999999*********4155^AMOUNT>222000^CARDNAME>mb account^DESCRIPTION>6MEM2005015^TRANS_DATE>2022-07-17 11:52:39 PM
2022.7.17 17:52:42#16508517055242
2022.7.17 17:52:42#16508517055242
2022.7.17 17:52:42#=================== Transaction Completed =======================
2022.7.17 17:54:28#---------------------- Complete New Transaction---------------------
2022.7.17 17:54:28#Get trans_id From Post Value:WDXSZSqe6u1KT6y3StFrq83K7WY=
2022.7.17 17:54:28#clientIp:118.179.82.235
2022.7.17 17:54:28#trans_id:WDXSZSqe6u1KT6y3StFrq83K7WY=
2022.7.17 17:54:30#result:RESULT>OK^RESULT_CODE>000^3DSECURE>SKIPPED^RRN>219817713380^APPROVAL_CODE>064164^CARD_NUMBER>999999*********0262^AMOUNT>82000^CARDNAME>mb account^DESCRIPTION>6MBD2007355^TRANS_DATE>2022-07-17 11:54:26 PM
2022.7.17 17:54:30#19634617055430
2022.7.17 17:54:30#=================== Transaction Completed =======================