
2023.7.8 03:51:38#=================== Start New Transaction ===================
2023.7.8 03:51:38#txnrefnum:MBD2301447
2023.7.8 03:51:38#clientIp:119.18.151.65
2023.7.8 03:51:38#card type:6
2023.7.8 03:51:38#totalamount:202000
2023.7.8 03:51:43#result:TRANSACTION_ID:KSicVHXOl7P1pmyQwimf9oVsBvs=
2023.7.8 03:51:44#Forward to DBBL Payment Gateway Page: https://ecom1.dutchbanglabank.com/ecomm2/ClientHandler?card_type=6&trans_id=KSicVHXOl7P1pmyQwimf9oVsBvs%3D
2023.7.8 04:21:29#=================== Start New Transaction ===================
2023.7.8 04:21:29#txnrefnum:MSC23111199
2023.7.8 04:21:29#clientIp:103.144.49.91
2023.7.8 04:21:29#card type:6
2023.7.8 04:21:29#totalamount:102000
2023.7.8 04:21:32#result:TRANSACTION_ID:fdrjL6PIlAdZcNBoct1XPgEMW6U=
2023.7.8 04:21:33#Forward to DBBL Payment Gateway Page: https://ecom1.dutchbanglabank.com/ecomm2/ClientHandler?card_type=6&trans_id=fdrjL6PIlAdZcNBoct1XPgEMW6U%3D
2023.7.8 04:22:20#=================== Start New Transaction ===================
2023.7.8 04:22:20#txnrefnum:MSC23111199
2023.7.8 04:22:20#clientIp:103.144.49.91
2023.7.8 04:22:20#card type:6
2023.7.8 04:22:20#totalamount:102000
2023.7.8 04:22:24#result:TRANSACTION_ID:bBxxVNHGcTkTjfOJGpZNEcKVJYQ=
2023.7.8 04:22:24#Forward to DBBL Payment Gateway Page: https://ecom1.dutchbanglabank.com/ecomm2/ClientHandler?card_type=6&trans_id=bBxxVNHGcTkTjfOJGpZNEcKVJYQ%3D
2023.7.8 04:23:51#=================== Start New Transaction ===================
2023.7.8 04:23:51#txnrefnum:MSC23111199
2023.7.8 04:23:51#clientIp:103.144.49.91
2023.7.8 04:23:51#card type:6
2023.7.8 04:23:51#totalamount:102000
2023.7.8 04:23:54#result:TRANSACTION_ID:a0DyjoprzvezTWiIoG9Cc8gLazc=
2023.7.8 04:23:55#Forward to DBBL Payment Gateway Page: https://ecom1.dutchbanglabank.com/ecomm2/ClientHandler?card_type=6&trans_id=a0DyjoprzvezTWiIoG9Cc8gLazc%3D
2023.7.8 04:24:49#=================== Start New Transaction ===================
2023.7.8 04:24:49#txnrefnum:MSC23111245
2023.7.8 04:24:49#clientIp:202.164.213.73
2023.7.8 04:24:49#card type:6
2023.7.8 04:24:49#totalamount:822000
2023.7.8 04:24:52#result:TRANSACTION_ID:tfi5MsxIsdIwQR2mmMo94JJ6EYU=
2023.7.8 04:24:53#Forward to DBBL Payment Gateway Page: https://ecom1.dutchbanglabank.com/ecomm2/ClientHandler?card_type=6&trans_id=tfi5MsxIsdIwQR2mmMo94JJ6EYU%3D
2023.7.8 04:25:24#=================== Start New Transaction ===================
2023.7.8 04:25:24#txnrefnum:MSC23111199
2023.7.8 04:25:24#clientIp:103.144.49.91
2023.7.8 04:25:24#card type:6
2023.7.8 04:25:24#totalamount:102000
2023.7.8 04:25:27#result:TRANSACTION_ID:PZ0l4Sy311066ax3Izxq31XMzoQ=
2023.7.8 04:25:27#Forward to DBBL Payment Gateway Page: https://ecom1.dutchbanglabank.com/ecomm2/ClientHandler?card_type=6&trans_id=PZ0l4Sy311066ax3Izxq31XMzoQ%3D
2023.7.8 04:32:24#=================== Start New Transaction ===================
2023.7.8 04:32:24#txnrefnum:MSC23110517
2023.7.8 04:32:24#clientIp:103.183.69.35
2023.7.8 04:32:24#card type:6
2023.7.8 04:32:24#totalamount:2000
2023.7.8 04:32:27#result:TRANSACTION_ID:etaEuWv7DEiulGqqhirDSLJppRk=
2023.7.8 04:33:54#=================== Start New Transaction ===================
2023.7.8 04:33:54#txnrefnum:MSC23110517
2023.7.8 04:33:54#clientIp:103.183.69.35
2023.7.8 04:33:54#card type:6
2023.7.8 04:33:54#totalamount:296000
2023.7.8 04:33:57#result:TRANSACTION_ID:JghNo4NaOWXQcruLeQeEbDCpoK4=
2023.7.8 04:33:58#Forward to DBBL Payment Gateway Page: https://ecom1.dutchbanglabank.com/ecomm2/ClientHandler?card_type=6&trans_id=JghNo4NaOWXQcruLeQeEbDCpoK4%3D
2023.7.8 04:34:31#=================== Start New Transaction ===================
2023.7.8 04:34:31#txnrefnum:MBD2003001
2023.7.8 04:34:31#clientIp:202.134.9.144
2023.7.8 04:34:31#card type:6
2023.7.8 04:34:31#totalamount:602000
2023.7.8 04:34:35#result:TRANSACTION_ID:0wiBVGBO0XknScJg7CiuolgGyXM=
2023.7.8 04:34:35#Forward to DBBL Payment Gateway Page: https://ecom1.dutchbanglabank.com/ecomm2/ClientHandler?card_type=6&trans_id=0wiBVGBO0XknScJg7CiuolgGyXM%3D
2023.7.8 04:34:41#=================== Start New Transaction ===================
2023.7.8 04:34:41#txnrefnum:MSC23111245
2023.7.8 04:34:41#clientIp:202.164.213.73
2023.7.8 04:34:41#card type:6
2023.7.8 04:34:41#totalamount:822000
2023.7.8 04:34:45#result:TRANSACTION_ID:2iiNYJedc5yN1pncA5var7bbi90=
2023.7.8 04:34:45#Forward to DBBL Payment Gateway Page: https://ecom1.dutchbanglabank.com/ecomm2/ClientHandler?card_type=6&trans_id=2iiNYJedc5yN1pncA5var7bbi90%3D
2023.7.8 04:34:51#---------------------- Complete New Transaction---------------------
2023.7.8 04:34:51#Get trans_id From Post Value:0wiBVGBO0XknScJg7CiuolgGyXM=
2023.7.8 04:34:51#clientIp:202.134.9.144
2023.7.8 04:34:51#trans_id:0wiBVGBO0XknScJg7CiuolgGyXM=
2023.7.8 04:34:53#result:RESULT>OK^RESULT_CODE>000^3DSECURE>SKIPPED^RRN>318904581035^APPROVAL_CODE>193706^CARD_NUMBER>999999*********7532^AMOUNT>602000^CARDNAME>mb account^DESCRIPTION>6MBD2003001^TRANS_DATE>2023-07-08 10:34:50 AM
2023.7.8 04:34:53#44709908043453
2023.7.8 04:34:53#44709908043453
2023.7.8 04:34:53#44709908043453
2023.7.8 04:34:53#44709908043453
2023.7.8 04:34:53#44709908043453
2023.7.8 04:34:53#44709908043453
2023.7.8 04:34:53#44709908043453
2023.7.8 04:34:53#44709908043453
2023.7.8 04:34:53#44709908043453
2023.7.8 04:34:53#44709908043453
2023.7.8 04:34:53#44709908043453
2023.7.8 04:34:53#44709908043453
2023.7.8 04:34:53#=================== Transaction Completed =======================
2023.7.8 04:35:59#---------------------- Complete New Transaction---------------------
2023.7.8 04:35:59#Get trans_id From Post Value:2iiNYJedc5yN1pncA5var7bbi90=
2023.7.8 04:35:59#clientIp:202.164.213.73
2023.7.8 04:35:59#trans_id:2iiNYJedc5yN1pncA5var7bbi90=
2023.7.8 04:36:01#result:RESULT>OK^RESULT_CODE>000^3DSECURE>SKIPPED^RRN>318904581107^APPROVAL_CODE>232410^CARD_NUMBER>999999*********9539^AMOUNT>822000^CARDNAME>mb account^DESCRIPTION>6MSC23111245^TRANS_DATE>2023-07-08 10:35:58 AM
2023.7.8 04:36:01#52427108043601
2023.7.8 04:36:01#52427108043601
2023.7.8 04:36:01#52427108043601
2023.7.8 04:36:01#52427108043601
2023.7.8 04:36:01#52427108043601
2023.7.8 04:36:02#52427108043601
2023.7.8 04:36:02#52427108043601
2023.7.8 04:36:02#52427108043601
2023.7.8 04:36:02#52427108043601
2023.7.8 04:36:02#52427108043601
2023.7.8 04:36:02#=================== Transaction Completed =======================
2023.7.8 04:38:28#=================== Start New Transaction ===================
2023.7.8 04:38:28#txnrefnum:MSC22111384
2023.7.8 04:38:28#clientIp:103.199.169.229
2023.7.8 04:38:28#card type:6
2023.7.8 04:38:28#totalamount:642000
2023.7.8 04:38:31#result:TRANSACTION_ID:sioQdoriuJZGGJ35Ou09G2QxXVc=
2023.7.8 04:38:32#Forward to DBBL Payment Gateway Page: https://ecom1.dutchbanglabank.com/ecomm2/ClientHandler?card_type=6&trans_id=sioQdoriuJZGGJ35Ou09G2QxXVc%3D
2023.7.8 04:39:17#=================== Start New Transaction ===================
2023.7.8 04:39:17#txnrefnum:MSC23110517
2023.7.8 04:39:17#clientIp:103.183.69.35
2023.7.8 04:39:17#card type:6
2023.7.8 04:39:17#totalamount:836000
2023.7.8 04:39:20#result:TRANSACTION_ID:N2CFiOqvMPeJtQYEPPFfhtEBGNc=
2023.7.8 04:39:20#Forward to DBBL Payment Gateway Page: https://ecom1.dutchbanglabank.com/ecomm2/ClientHandler?card_type=6&trans_id=N2CFiOqvMPeJtQYEPPFfhtEBGNc%3D
2023.7.8 04:43:04#---------------------- Complete New Transaction---------------------
2023.7.8 04:43:04#Get trans_id From Post Value:N2CFiOqvMPeJtQYEPPFfhtEBGNc=
2023.7.8 04:43:04#clientIp:103.183.69.35
2023.7.8 04:43:04#trans_id:N2CFiOqvMPeJtQYEPPFfhtEBGNc=
2023.7.8 04:43:06#result:RESULT>OK^RESULT_CODE>000^3DSECURE>SKIPPED^RRN>318904581504^APPROVAL_CODE>282219^CARD_NUMBER>999999*********1309^AMOUNT>836000^CARDNAME>mb account^DESCRIPTION>6MSC23110517^TRANS_DATE>2023-07-08 10:43:03 AM
2023.7.8 04:43:06#52108408044306
2023.7.8 04:43:06#52108408044306
2023.7.8 04:43:06#52108408044306
2023.7.8 04:43:07#52108408044306
2023.7.8 04:43:07#52108408044306
2023.7.8 04:43:07#52108408044306
2023.7.8 04:43:07#52108408044306
2023.7.8 04:43:07#52108408044306
2023.7.8 04:43:07#52108408044306
2023.7.8 04:43:07#52108408044306
2023.7.8 04:43:07#52108408044306
2023.7.8 04:43:07#52108408044306
2023.7.8 04:43:07#=================== Transaction Completed =======================
2023.7.8 04:46:11#---------------------- Complete New Transaction---------------------
2023.7.8 04:46:11#Get trans_id From Post Value:sioQdoriuJZGGJ35Ou09G2QxXVc=
2023.7.8 04:46:11#clientIp:103.199.169.229
2023.7.8 04:46:11#trans_id:sioQdoriuJZGGJ35Ou09G2QxXVc=
2023.7.8 04:46:12#result:RESULT>TIMEOUT^RESULT_CODE>999^3DSECURE>0^RRN>0^APPROVAL_CODE>0^CARD_NUMBER>0^AMOUNT>642000^CARDNAME>0^DESCRIPTION>6MSC22111384^TRANS_DATE>2023-07-08 10:46:10 AM
2023.7.8 04:46:12#Failed
2023.7.8 04:46:58#=================== Start New Transaction ===================
2023.7.8 04:46:58#txnrefnum:MSC22111384
2023.7.8 04:46:58#clientIp:103.199.169.229
2023.7.8 04:46:58#card type:6
2023.7.8 04:46:58#totalamount:642000
2023.7.8 04:47:00#=================== Start New Transaction ===================
2023.7.8 04:47:00#txnrefnum:MSC22111384
2023.7.8 04:47:00#clientIp:103.199.169.229
2023.7.8 04:47:00#card type:6
2023.7.8 04:47:00#totalamount:642000
2023.7.8 04:47:01#result:TRANSACTION_ID:Boy0KP8Q8lbdPzPShTj6vhvxVxM=
2023.7.8 04:47:01#Forward to DBBL Payment Gateway Page: https://ecom1.dutchbanglabank.com/ecomm2/ClientHandler?card_type=6&trans_id=Boy0KP8Q8lbdPzPShTj6vhvxVxM%3D
2023.7.8 04:47:03#result:TRANSACTION_ID:yioUS6RolmWC1EQ6MXCm6Cm7ahI=
2023.7.8 04:47:03#Forward to DBBL Payment Gateway Page: https://ecom1.dutchbanglabank.com/ecomm2/ClientHandler?card_type=6&trans_id=yioUS6RolmWC1EQ6MXCm6Cm7ahI%3D
2023.7.8 04:47:34#---------------------- Complete New Transaction---------------------
2023.7.8 04:47:34#Get trans_id From Post Value:yioUS6RolmWC1EQ6MXCm6Cm7ahI=
2023.7.8 04:47:34#clientIp:103.199.169.229
2023.7.8 04:47:34#trans_id:yioUS6RolmWC1EQ6MXCm6Cm7ahI=
2023.7.8 04:47:36#result:RESULT>OK^RESULT_CODE>000^3DSECURE>SKIPPED^RRN>318904581776^APPROVAL_CODE>314945^CARD_NUMBER>999999*********6927^AMOUNT>642000^CARDNAME>mb account^DESCRIPTION>6MSC22111384^TRANS_DATE>2023-07-08 10:47:33 AM
2023.7.8 04:47:36#34029708044736
2023.7.8 04:47:36#34029708044736
2023.7.8 04:47:36#34029708044736
2023.7.8 04:47:36#34029708044736
2023.7.8 04:47:36#34029708044736
2023.7.8 04:47:37#34029708044736
2023.7.8 04:47:37#34029708044736
2023.7.8 04:47:37#34029708044736
2023.7.8 04:47:37#=================== Transaction Completed =======================
2023.7.8 05:08:39#=================== Start New Transaction ===================
2023.7.8 05:08:39#txnrefnum:MSC23111199
2023.7.8 05:08:39#clientIp:103.120.220.195
2023.7.8 05:08:39#card type:6
2023.7.8 05:08:39#totalamount:102000
2023.7.8 05:08:42#result:TRANSACTION_ID:SmLw6A1EHIudCO0DNp7SPsjuAq4=
2023.7.8 05:08:42#Forward to DBBL Payment Gateway Page: https://ecom1.dutchbanglabank.com/ecomm2/ClientHandler?card_type=6&trans_id=SmLw6A1EHIudCO0DNp7SPsjuAq4%3D
2023.7.8 05:10:43#---------------------- Complete New Transaction---------------------
2023.7.8 05:10:43#Get trans_id From Post Value:PZ0l4Sy311066ax3Izxq31XMzoQ=
2023.7.8 05:10:43#clientIp:202.134.14.130
2023.7.8 05:10:43#trans_id:PZ0l4Sy311066ax3Izxq31XMzoQ=
2023.7.8 05:10:45#result:RESULT>TIMEOUT^RESULT_CODE>999^3DSECURE>0^RRN>0^APPROVAL_CODE>0^CARD_NUMBER>0^AMOUNT>102000^CARDNAME>0^DESCRIPTION>6MSC23111199^TRANS_DATE>2023-07-08 11:10:42 AM
2023.7.8 05:10:45#Failed
2023.7.8 05:11:25#=================== Start New Transaction ===================
2023.7.8 05:11:25#txnrefnum:MSC23111199
2023.7.8 05:11:25#clientIp:202.134.14.130
2023.7.8 05:11:25#card type:6
2023.7.8 05:11:25#totalamount:102000
2023.7.8 05:11:28#result:TRANSACTION_ID:cPn0UJdErf2CTWaTxmgauDwJREs=
2023.7.8 05:11:28#Forward to DBBL Payment Gateway Page: https://ecom1.dutchbanglabank.com/ecomm2/ClientHandler?card_type=6&trans_id=cPn0UJdErf2CTWaTxmgauDwJREs%3D
2023.7.8 05:11:45#=================== Start New Transaction ===================
2023.7.8 05:11:45#txnrefnum:MSC23111199
2023.7.8 05:11:45#clientIp:202.134.14.130
2023.7.8 05:11:45#card type:6
2023.7.8 05:11:45#totalamount:102000
2023.7.8 05:11:48#result:TRANSACTION_ID:xYqwqCTRmLXEvnwOKxgvxZbxc5Q=
2023.7.8 05:11:49#Forward to DBBL Payment Gateway Page: https://ecom1.dutchbanglabank.com/ecomm2/ClientHandler?card_type=6&trans_id=xYqwqCTRmLXEvnwOKxgvxZbxc5Q%3D
2023.7.8 05:13:53#=================== Start New Transaction ===================
2023.7.8 05:13:53#txnrefnum:MSC23111199
2023.7.8 05:13:53#clientIp:103.120.220.195
2023.7.8 05:13:53#card type:6
2023.7.8 05:13:53#totalamount:102000
2023.7.8 05:13:56#result:TRANSACTION_ID:RGncQ3DfJtCDbrFq7EzOgezGoDg=
2023.7.8 05:13:57#Forward to DBBL Payment Gateway Page: https://ecom1.dutchbanglabank.com/ecomm2/ClientHandler?card_type=6&trans_id=RGncQ3DfJtCDbrFq7EzOgezGoDg%3D
2023.7.8 05:14:38#---------------------- Complete New Transaction---------------------
2023.7.8 05:14:38#Get trans_id From Post Value:RGncQ3DfJtCDbrFq7EzOgezGoDg=
2023.7.8 05:14:38#clientIp:103.120.220.195
2023.7.8 05:14:38#trans_id:RGncQ3DfJtCDbrFq7EzOgezGoDg=
2023.7.8 05:14:40#result:RESULT>OK^RESULT_CODE>000^3DSECURE>SKIPPED^RRN>318905583954^APPROVAL_CODE>418256^CARD_NUMBER>999999*********7662^AMOUNT>102000^CARDNAME>mb account^DESCRIPTION>6MSC23111199^TRANS_DATE>2023-07-08 11:14:37 AM
2023.7.8 05:14:40#54654208051440
2023.7.8 05:14:40#54654208051440
2023.7.8 05:14:40#=================== Transaction Completed =======================
2023.7.8 05:18:22#=================== Start New Transaction ===================
2023.7.8 05:18:22#txnrefnum:MSC23111199
2023.7.8 05:18:22#clientIp:103.144.49.91
2023.7.8 05:18:22#card type:6
2023.7.8 05:18:22#totalamount:362000
2023.7.8 05:18:26#result:TRANSACTION_ID:Rtalpch6cHxpUPlF58Pu6gztR6U=
2023.7.8 05:18:26#Forward to DBBL Payment Gateway Page: https://ecom1.dutchbanglabank.com/ecomm2/ClientHandler?card_type=6&trans_id=Rtalpch6cHxpUPlF58Pu6gztR6U%3D
2023.7.8 05:24:35#=================== Start New Transaction ===================
2023.7.8 05:24:35#txnrefnum:MSC23111199
2023.7.8 05:24:35#clientIp:103.144.49.91
2023.7.8 05:24:35#card type:6
2023.7.8 05:24:35#totalamount:542000
2023.7.8 05:24:38#result:TRANSACTION_ID:zC5oSD0gvIObkXmyUCj7NDgzRCA=
2023.7.8 05:24:39#Forward to DBBL Payment Gateway Page: https://ecom1.dutchbanglabank.com/ecomm2/ClientHandler?card_type=6&trans_id=zC5oSD0gvIObkXmyUCj7NDgzRCA%3D
2023.7.8 05:26:17#=================== Start New Transaction ===================
2023.7.8 05:26:17#txnrefnum:MSC23111093
2023.7.8 05:26:17#clientIp:103.172.216.168
2023.7.8 05:26:17#card type:6
2023.7.8 05:26:17#totalamount:182000
2023.7.8 05:26:20#result:TRANSACTION_ID:VTj7gznrZno2s4ohUHaAT0S4jRg=
2023.7.8 05:26:21#Forward to DBBL Payment Gateway Page: https://ecom1.dutchbanglabank.com/ecomm2/ClientHandler?card_type=6&trans_id=VTj7gznrZno2s4ohUHaAT0S4jRg%3D
2023.7.8 05:27:50#---------------------- Complete New Transaction---------------------
2023.7.8 05:27:50#Get trans_id From Post Value:VTj7gznrZno2s4ohUHaAT0S4jRg=
2023.7.8 05:27:50#clientIp:103.172.216.168
2023.7.8 05:27:50#trans_id:VTj7gznrZno2s4ohUHaAT0S4jRg=
2023.7.8 05:27:52#result:RESULT>OK^RESULT_CODE>000^3DSECURE>SKIPPED^RRN>318905585086^APPROVAL_CODE>468558^CARD_NUMBER>999999*********2014^AMOUNT>182000^CARDNAME>mb account^DESCRIPTION>6MSC23111093^TRANS_DATE>2023-07-08 11:27:49 AM
2023.7.8 05:27:52#52123708052752
2023.7.8 05:27:52#52123708052752
2023.7.8 05:27:52#=================== Transaction Completed =======================
2023.7.8 05:27:56#=================== Start New Transaction ===================
2023.7.8 05:27:56#txnrefnum:MSC23111199
2023.7.8 05:27:56#clientIp:103.144.49.91
2023.7.8 05:27:56#card type:6
2023.7.8 05:27:56#totalamount:362000
2023.7.8 05:27:59#result:TRANSACTION_ID:UhalzXvzeN9d0SiVFMdPxfTPHOk=
2023.7.8 05:27:59#Forward to DBBL Payment Gateway Page: https://ecom1.dutchbanglabank.com/ecomm2/ClientHandler?card_type=6&trans_id=UhalzXvzeN9d0SiVFMdPxfTPHOk%3D
2023.7.8 05:32:08#=================== Start New Transaction ===================
2023.7.8 05:32:08#txnrefnum:MSC22111169
2023.7.8 05:32:08#clientIp:37.111.215.208
2023.7.8 05:32:08#card type:6
2023.7.8 05:32:08#totalamount:482000
2023.7.8 05:32:11#result:TRANSACTION_ID:cSVKALs66SAH1V5GLGg14prLGVw=
2023.7.8 05:32:12#Forward to DBBL Payment Gateway Page: https://ecom1.dutchbanglabank.com/ecomm2/ClientHandler?card_type=6&trans_id=cSVKALs66SAH1V5GLGg14prLGVw%3D
2023.7.8 05:44:45#=================== Start New Transaction ===================
2023.7.8 05:44:45#txnrefnum:MSC23111199
2023.7.8 05:44:45#clientIp:103.144.49.91
2023.7.8 05:44:45#card type:6
2023.7.8 05:44:45#totalamount:542000
2023.7.8 05:44:48#result:TRANSACTION_ID:lb7JCGIchWnWG4i6YbykzgzwPCI=
2023.7.8 05:44:48#Forward to DBBL Payment Gateway Page: https://ecom1.dutchbanglabank.com/ecomm2/ClientHandler?card_type=6&trans_id=lb7JCGIchWnWG4i6YbykzgzwPCI%3D
2023.7.8 06:31:58#=================== Start New Transaction ===================
2023.7.8 06:31:58#txnrefnum:MSC23111141
2023.7.8 06:31:58#clientIp:103.237.37.102
2023.7.8 06:31:58#card type:6
2023.7.8 06:31:58#totalamount:642000
2023.7.8 06:32:01#result:TRANSACTION_ID:g0SpJYk2ziWGO8hw96zZwnYR2g0=
2023.7.8 06:32:01#Forward to DBBL Payment Gateway Page: https://ecom1.dutchbanglabank.com/ecomm2/ClientHandler?card_type=6&trans_id=g0SpJYk2ziWGO8hw96zZwnYR2g0%3D
2023.7.8 06:32:56#=================== Start New Transaction ===================
2023.7.8 06:32:56#txnrefnum:MSC23111141
2023.7.8 06:32:56#clientIp:103.237.37.102
2023.7.8 06:32:56#card type:6
2023.7.8 06:32:56#totalamount:642000
2023.7.8 06:33:00#result:TRANSACTION_ID:tzDGEvIJrYNiEGALLeVCyXrcj9s=
2023.7.8 06:33:00#Forward to DBBL Payment Gateway Page: https://ecom1.dutchbanglabank.com/ecomm2/ClientHandler?card_type=6&trans_id=tzDGEvIJrYNiEGALLeVCyXrcj9s%3D
2023.7.8 06:35:57#=================== Start New Transaction ===================
2023.7.8 06:35:57#txnrefnum:MSC23110025
2023.7.8 06:35:57#clientIp:103.167.58.4
2023.7.8 06:35:57#card type:6
2023.7.8 06:35:57#totalamount:642000
2023.7.8 06:36:00#result:TRANSACTION_ID:l44wQlXOueWc1JPAPu52DBh8jPE=
2023.7.8 06:36:00#Forward to DBBL Payment Gateway Page: https://ecom1.dutchbanglabank.com/ecomm2/ClientHandler?card_type=6&trans_id=l44wQlXOueWc1JPAPu52DBh8jPE%3D
2023.7.8 06:36:00#=================== Start New Transaction ===================
2023.7.8 06:36:00#txnrefnum:MSC23110025
2023.7.8 06:36:00#clientIp:103.167.58.4
2023.7.8 06:36:00#card type:6
2023.7.8 06:36:00#totalamount:642000
2023.7.8 06:36:01#=================== Start New Transaction ===================
2023.7.8 06:36:01#txnrefnum:MSC23111141
2023.7.8 06:36:01#clientIp:103.237.37.102
2023.7.8 06:36:01#card type:6
2023.7.8 06:36:01#totalamount:642000
2023.7.8 06:36:04#result:TRANSACTION_ID:ZH2Pe6V0ByrdXzeFEVN26cORwbs=
2023.7.8 06:36:04#Forward to DBBL Payment Gateway Page: https://ecom1.dutchbanglabank.com/ecomm2/ClientHandler?card_type=6&trans_id=ZH2Pe6V0ByrdXzeFEVN26cORwbs%3D
2023.7.8 06:36:04#result:TRANSACTION_ID:EhdG6I2nFmoD2SjS4PZloB9OhdQ=
2023.7.8 06:36:04#Forward to DBBL Payment Gateway Page: https://ecom1.dutchbanglabank.com/ecomm2/ClientHandler?card_type=6&trans_id=EhdG6I2nFmoD2SjS4PZloB9OhdQ%3D
2023.7.8 06:39:14#=================== Start New Transaction ===================
2023.7.8 06:39:14#txnrefnum:MSC23111141
2023.7.8 06:39:14#clientIp:103.237.37.102
2023.7.8 06:39:14#card type:6
2023.7.8 06:39:14#totalamount:642000
2023.7.8 06:39:17#result:TRANSACTION_ID:wtnYfI86n7t3bUePnjwiAyZxbcI=
2023.7.8 06:39:17#Forward to DBBL Payment Gateway Page: https://ecom1.dutchbanglabank.com/ecomm2/ClientHandler?card_type=6&trans_id=wtnYfI86n7t3bUePnjwiAyZxbcI%3D
2023.7.8 06:44:59#=================== Start New Transaction ===================
2023.7.8 06:44:59#txnrefnum:MSC23111141
2023.7.8 06:44:59#clientIp:103.237.37.102
2023.7.8 06:44:59#card type:6
2023.7.8 06:44:59#totalamount:642000
2023.7.8 06:45:03#result:TRANSACTION_ID:AieSawM47NEulOjFci8eIh7WsbU=
2023.7.8 06:45:03#Forward to DBBL Payment Gateway Page: https://ecom1.dutchbanglabank.com/ecomm2/ClientHandler?card_type=6&trans_id=AieSawM47NEulOjFci8eIh7WsbU%3D
2023.7.8 06:50:26#=================== Start New Transaction ===================
2023.7.8 06:50:26#txnrefnum:MBD2005167
2023.7.8 06:50:26#clientIp:202.144.203.9
2023.7.8 06:50:26#card type:6
2023.7.8 06:50:26#totalamount:302000
2023.7.8 06:50:29#result:TRANSACTION_ID:jBhoglmv0HRBlVoR4pXMUZDTCdg=
2023.7.8 06:50:30#Forward to DBBL Payment Gateway Page: https://ecom1.dutchbanglabank.com/ecomm2/ClientHandler?card_type=6&trans_id=jBhoglmv0HRBlVoR4pXMUZDTCdg%3D
2023.7.8 06:50:48#---------------------- Complete New Transaction---------------------
2023.7.8 06:50:48#Get trans_id From Post Value:jBhoglmv0HRBlVoR4pXMUZDTCdg=
2023.7.8 06:50:48#clientIp:202.144.203.9
2023.7.8 06:50:48#trans_id:jBhoglmv0HRBlVoR4pXMUZDTCdg=
2023.7.8 06:50:50#result:RESULT>OK^RESULT_CODE>000^3DSECURE>SKIPPED^RRN>318906592924^APPROVAL_CODE>840030^CARD_NUMBER>999999*********6609^AMOUNT>302000^CARDNAME>mb account^DESCRIPTION>6MBD2005167^TRANS_DATE>2023-07-08 12:50:47 PM
2023.7.8 06:50:50#41683308065050
2023.7.8 06:50:50#41683308065050
2023.7.8 06:50:50#41683308065050
2023.7.8 06:50:51#41683308065050
2023.7.8 06:50:51#41683308065050
2023.7.8 06:50:51#41683308065050
2023.7.8 06:50:51#=================== Transaction Completed =======================
2023.7.8 07:53:25#=================== Start New Transaction ===================
2023.7.8 07:53:25#txnrefnum:MSC23111038
2023.7.8 07:53:25#clientIp:202.144.203.9
2023.7.8 07:53:25#card type:6
2023.7.8 07:53:25#totalamount:282000
2023.7.8 07:53:29#result:TRANSACTION_ID:VvcRaoHZz3yedKfzdUYHVyFgFCk=
2023.7.8 07:53:29#Forward to DBBL Payment Gateway Page: https://ecom1.dutchbanglabank.com/ecomm2/ClientHandler?card_type=6&trans_id=VvcRaoHZz3yedKfzdUYHVyFgFCk%3D
2023.7.8 07:53:51#---------------------- Complete New Transaction---------------------
2023.7.8 07:53:51#Get trans_id From Post Value:VvcRaoHZz3yedKfzdUYHVyFgFCk=
2023.7.8 07:53:51#clientIp:202.144.203.9
2023.7.8 07:53:51#trans_id:VvcRaoHZz3yedKfzdUYHVyFgFCk=
2023.7.8 07:53:53#result:RESULT>OK^RESULT_CODE>000^3DSECURE>SKIPPED^RRN>318907598375^APPROVAL_CODE>114576^CARD_NUMBER>999999*********6609^AMOUNT>282000^CARDNAME>mb account^DESCRIPTION>6MSC23111038^TRANS_DATE>2023-07-08 01:53:50 PM
2023.7.8 07:53:53#52033008075353
2023.7.8 07:53:53#52033008075353
2023.7.8 07:53:53#52033008075353
2023.7.8 07:53:53#52033008075353
2023.7.8 07:53:53#=================== Transaction Completed =======================
2023.7.8 08:12:36#=================== Start New Transaction ===================
2023.7.8 08:12:36#txnrefnum:MSC23111141
2023.7.8 08:12:36#clientIp:103.237.37.102
2023.7.8 08:12:36#card type:6
2023.7.8 08:12:36#totalamount:642000
2023.7.8 08:12:39#result:TRANSACTION_ID:t3o58oFThpsNx38jaKQ9JiFy6A0=
2023.7.8 08:12:39#Forward to DBBL Payment Gateway Page: https://ecom1.dutchbanglabank.com/ecomm2/ClientHandler?card_type=6&trans_id=t3o58oFThpsNx38jaKQ9JiFy6A0%3D
2023.7.8 08:25:27#---------------------- Complete New Transaction---------------------
2023.7.8 08:25:27#Get trans_id From Post Value:t3o58oFThpsNx38jaKQ9JiFy6A0=
2023.7.8 08:25:27#clientIp:103.237.37.102
2023.7.8 08:25:27#trans_id:t3o58oFThpsNx38jaKQ9JiFy6A0=
2023.7.8 08:25:28#result:RESULT>TIMEOUT^RESULT_CODE>999^3DSECURE>0^RRN>0^APPROVAL_CODE>0^CARD_NUMBER>0^AMOUNT>642000^CARDNAME>0^DESCRIPTION>6MSC23111141^TRANS_DATE>2023-07-08 02:25:26 PM
2023.7.8 08:25:28#Failed
2023.7.8 08:26:02#=================== Start New Transaction ===================
2023.7.8 08:26:02#txnrefnum:MSC23111141
2023.7.8 08:26:02#clientIp:103.237.37.102
2023.7.8 08:26:02#card type:6
2023.7.8 08:26:02#totalamount:642000
2023.7.8 08:26:04#=================== Start New Transaction ===================
2023.7.8 08:26:04#txnrefnum:MSC23111141
2023.7.8 08:26:04#clientIp:103.237.37.102
2023.7.8 08:26:04#card type:6
2023.7.8 08:26:04#totalamount:642000
2023.7.8 08:26:05#result:TRANSACTION_ID:JrSJauyxBWb1oi3hAMioKZU4wfQ=
2023.7.8 08:26:05#Forward to DBBL Payment Gateway Page: https://ecom1.dutchbanglabank.com/ecomm2/ClientHandler?card_type=6&trans_id=JrSJauyxBWb1oi3hAMioKZU4wfQ%3D
2023.7.8 08:26:07#result:TRANSACTION_ID:PZsdWUBlYfuPTGgWtlacZnybwc8=
2023.7.8 08:26:08#Forward to DBBL Payment Gateway Page: https://ecom1.dutchbanglabank.com/ecomm2/ClientHandler?card_type=6&trans_id=PZsdWUBlYfuPTGgWtlacZnybwc8%3D
2023.7.8 08:36:15#=================== Start New Transaction ===================
2023.7.8 08:36:15#txnrefnum:MSC23111141
2023.7.8 08:36:15#clientIp:103.237.37.102
2023.7.8 08:36:15#card type:6
2023.7.8 08:36:15#totalamount:642000
2023.7.8 08:36:19#result:TRANSACTION_ID:kZv3qTYqN307cpS72qzIOytwa8I=
2023.7.8 08:36:19#Forward to DBBL Payment Gateway Page: https://ecom1.dutchbanglabank.com/ecomm2/ClientHandler?card_type=6&trans_id=kZv3qTYqN307cpS72qzIOytwa8I%3D
2023.7.8 09:13:47#=================== Start New Transaction ===================
2023.7.8 09:13:47#txnrefnum:MSC23111020
2023.7.8 09:13:47#clientIp:157.119.238.2
2023.7.8 09:13:47#card type:6
2023.7.8 09:13:47#totalamount:832000
2023.7.8 09:13:50#result:TRANSACTION_ID:PBXKmMTyWZjrE2pCqSTLo4WRhmY=
2023.7.8 09:13:50#Forward to DBBL Payment Gateway Page: https://ecom1.dutchbanglabank.com/ecomm2/ClientHandler?card_type=6&trans_id=PBXKmMTyWZjrE2pCqSTLo4WRhmY%3D
2023.7.8 10:27:18#=================== Start New Transaction ===================
2023.7.8 10:27:18#txnrefnum:MBM2006262
2023.7.8 10:27:18#clientIp:103.183.69.53
2023.7.8 10:27:18#card type:6
2023.7.8 10:27:18#totalamount:101500
2023.7.8 10:27:22#result:TRANSACTION_ID:VjhGSb9yGzhB035aeKCEHFsE7SQ=
2023.7.8 10:27:22#Forward to DBBL Payment Gateway Page: https://ecom1.dutchbanglabank.com/ecomm2/ClientHandler?card_type=6&trans_id=VjhGSb9yGzhB035aeKCEHFsE7SQ%3D
2023.7.8 10:45:28#=================== Start New Transaction ===================
2023.7.8 10:45:28#txnrefnum:MSC23111135
2023.7.8 10:45:28#clientIp:114.130.157.116
2023.7.8 10:45:28#card type:6
2023.7.8 10:45:28#totalamount:826000
2023.7.8 10:45:32#result:TRANSACTION_ID:ClbxbGKSiafEJgUaryEiWyh4NQg=
2023.7.8 10:45:32#Forward to DBBL Payment Gateway Page: https://ecom1.dutchbanglabank.com/ecomm2/ClientHandler?card_type=6&trans_id=ClbxbGKSiafEJgUaryEiWyh4NQg%3D
2023.7.8 10:46:39#---------------------- Complete New Transaction---------------------
2023.7.8 10:46:39#Get trans_id From Post Value:ClbxbGKSiafEJgUaryEiWyh4NQg=
2023.7.8 10:46:39#clientIp:114.130.157.116
2023.7.8 10:46:39#trans_id:ClbxbGKSiafEJgUaryEiWyh4NQg=
2023.7.8 10:46:41#result:RESULT>OK^RESULT_CODE>000^3DSECURE>SKIPPED^RRN>318910610396^APPROVAL_CODE>495420^CARD_NUMBER>999999*********7885^AMOUNT>826000^CARDNAME>mb account^DESCRIPTION>6MSC23111135^TRANS_DATE>2023-07-08 04:46:38 PM
2023.7.8 10:46:41#52215008104641
2023.7.8 10:46:41#52215008104641
2023.7.8 10:46:41#52215008104641
2023.7.8 10:46:42#52215008104641
2023.7.8 10:46:42#52215008104641
2023.7.8 10:46:42#52215008104641
2023.7.8 10:46:42#52215008104641
2023.7.8 10:46:42#52215008104641
2023.7.8 10:46:42#52215008104641
2023.7.8 10:46:42#52215008104641
2023.7.8 10:46:42#=================== Transaction Completed =======================
2023.7.8 11:01:17#=================== Start New Transaction ===================
2023.7.8 11:01:17#txnrefnum:MSC23111082
2023.7.8 11:01:17#clientIp:202.134.14.146
2023.7.8 11:01:17#card type:6
2023.7.8 11:01:17#totalamount:1210000
2023.7.8 11:01:21#result:TRANSACTION_ID:1LhK2TaotP0c4qvnsSn9fYrQx34=
2023.7.8 11:01:21#Forward to DBBL Payment Gateway Page: https://ecom1.dutchbanglabank.com/ecomm2/ClientHandler?card_type=6&trans_id=1LhK2TaotP0c4qvnsSn9fYrQx34%3D
2023.7.8 11:01:59#---------------------- Complete New Transaction---------------------
2023.7.8 11:01:59#Get trans_id From Post Value:1LhK2TaotP0c4qvnsSn9fYrQx34=
2023.7.8 11:01:59#clientIp:202.134.14.146
2023.7.8 11:01:59#trans_id:1LhK2TaotP0c4qvnsSn9fYrQx34=
2023.7.8 11:02:01#result:RESULT>OK^RESULT_CODE>000^3DSECURE>SKIPPED^RRN>318911611487^APPROVAL_CODE>667730^CARD_NUMBER>999999*********8527^AMOUNT>1210000^CARDNAME>mb account^DESCRIPTION>6MSC23111082^TRANS_DATE>2023-07-08 05:01:58 PM
2023.7.8 11:02:01#52104308110201
2023.7.8 11:02:02#52104308110201
2023.7.8 11:02:02#52104308110201
2023.7.8 11:02:02#52104308110201
2023.7.8 11:02:02#52104308110201
2023.7.8 11:02:02#52104308110201
2023.7.8 11:02:02#52104308110201
2023.7.8 11:02:02#52104308110201
2023.7.8 11:02:02#52104308110201
2023.7.8 11:02:02#52104308110201
2023.7.8 11:02:02#52104308110201
2023.7.8 11:02:02#52104308110201
2023.7.8 11:02:02#52104308110201
2023.7.8 11:02:02#52104308110201
2023.7.8 11:02:02#=================== Transaction Completed =======================
2023.7.8 11:32:39#=================== Start New Transaction ===================
2023.7.8 11:32:39#txnrefnum:MSC23110025
2023.7.8 11:32:39#clientIp:103.167.58.4
2023.7.8 11:32:39#card type:6
2023.7.8 11:32:39#totalamount:642000
2023.7.8 11:32:42#result:TRANSACTION_ID:c4oe69plmHhzgDHth2ocPNFFcHU=
2023.7.8 11:32:43#Forward to DBBL Payment Gateway Page: https://ecom1.dutchbanglabank.com/ecomm2/ClientHandler?card_type=6&trans_id=c4oe69plmHhzgDHth2ocPNFFcHU%3D
2023.7.8 11:34:13#---------------------- Complete New Transaction---------------------
2023.7.8 11:34:13#Get trans_id From Post Value:c4oe69plmHhzgDHth2ocPNFFcHU=
2023.7.8 11:34:13#clientIp:103.167.58.4
2023.7.8 11:34:13#trans_id:c4oe69plmHhzgDHth2ocPNFFcHU=
2023.7.8 11:34:15#result:RESULT>OK^RESULT_CODE>000^3DSECURE>SKIPPED^RRN>318911613972^APPROVAL_CODE>781723^CARD_NUMBER>999999*********2286^AMOUNT>642000^CARDNAME>mb account^DESCRIPTION>6MSC23110025^TRANS_DATE>2023-07-08 05:34:12 PM
2023.7.8 11:34:15#52324708113415
2023.7.8 11:34:15#52324708113415
2023.7.8 11:34:15#52324708113415
2023.7.8 11:34:15#52324708113415
2023.7.8 11:34:15#52324708113415
2023.7.8 11:34:16#52324708113415
2023.7.8 11:34:16#52324708113415
2023.7.8 11:34:16#52324708113415
2023.7.8 11:34:16#=================== Transaction Completed =======================
2023.7.8 12:33:44#=================== Start New Transaction ===================
2023.7.8 12:33:44#txnrefnum:MSC23111141
2023.7.8 12:33:44#clientIp:202.134.8.143
2023.7.8 12:33:44#card type:6
2023.7.8 12:33:44#totalamount:642000
2023.7.8 12:33:50#result:TRANSACTION_ID:Pb5joUmrGeYlpGzyxYp793UvYeM=
2023.7.8 12:33:51#Forward to DBBL Payment Gateway Page: https://ecom1.dutchbanglabank.com/ecomm2/ClientHandler?card_type=6&trans_id=Pb5joUmrGeYlpGzyxYp793UvYeM%3D
2023.7.8 12:34:23#=================== Start New Transaction ===================
2023.7.8 12:34:33#=================== Start New Transaction ===================
2023.7.8 12:34:34#=================== Start New Transaction ===================
2023.7.8 12:34:37#=================== Start New Transaction ===================
2023.7.8 12:34:39#=================== Start New Transaction ===================
2023.7.8 12:34:40#=================== Start New Transaction ===================
2023.7.8 12:34:44#=================== Start New Transaction ===================
2023.7.8 12:34:44#txnrefnum:MEM2004039
2023.7.8 12:34:44#clientIp:157.119.237.3
2023.7.8 12:34:44#card type:6
2023.7.8 12:34:44#totalamount:652000
2023.7.8 12:34:45#=================== Start New Transaction ===================
2023.7.8 12:34:47#result:TRANSACTION_ID:GSFlFtjy0KA1XXkqfAjEatLjQ40=
2023.7.8 12:34:47#Forward to DBBL Payment Gateway Page: https://ecom1.dutchbanglabank.com/ecomm2/ClientHandler?card_type=6&trans_id=GSFlFtjy0KA1XXkqfAjEatLjQ40%3D
2023.7.8 12:35:28#---------------------- Complete New Transaction---------------------
2023.7.8 12:35:28#Get trans_id From Post Value:GSFlFtjy0KA1XXkqfAjEatLjQ40=
2023.7.8 12:35:28#clientIp:157.119.237.3
2023.7.8 12:35:28#trans_id:GSFlFtjy0KA1XXkqfAjEatLjQ40=
2023.7.8 12:35:30#result:RESULT>OK^RESULT_CODE>000^3DSECURE>SKIPPED^RRN>318912619071^APPROVAL_CODE>083055^CARD_NUMBER>999999*********0086^AMOUNT>652000^CARDNAME>mb account^DESCRIPTION>6MEM2004039^TRANS_DATE>2023-07-08 06:35:27 PM
2023.7.8 12:35:30#43763708123530
2023.7.8 12:35:30#43763708123530
2023.7.8 12:35:30#43763708123530
2023.7.8 12:35:30#43763708123530
2023.7.8 12:35:30#43763708123530
2023.7.8 12:35:30#43763708123530
2023.7.8 12:35:30#43763708123530
2023.7.8 12:35:31#43763708123530
2023.7.8 12:35:31#43763708123530
2023.7.8 12:35:31#43763708123530
2023.7.8 12:35:31#=================== Transaction Completed =======================
2023.7.8 12:36:16#=================== Start New Transaction ===================
2023.7.8 12:36:16#txnrefnum:MSC23111141
2023.7.8 12:36:16#clientIp:202.134.8.143
2023.7.8 12:36:16#card type:6
2023.7.8 12:36:16#totalamount:642000
2023.7.8 12:36:19#result:TRANSACTION_ID:k4sJgy1xJ8FaIPK5EG5TCixYZtw=
2023.7.8 12:36:19#Forward to DBBL Payment Gateway Page: https://ecom1.dutchbanglabank.com/ecomm2/ClientHandler?card_type=6&trans_id=k4sJgy1xJ8FaIPK5EG5TCixYZtw%3D
2023.7.8 12:36:45#=================== Start New Transaction ===================
2023.7.8 12:36:45#txnrefnum:MEM2004039
2023.7.8 12:36:45#clientIp:157.119.237.3
2023.7.8 12:36:45#card type:6
2023.7.8 12:36:45#totalamount:2000
2023.7.8 12:36:48#result:TRANSACTION_ID:PkXnRTvNNEILDoUAcIU4Vho9BbM=
2023.7.8 12:36:48#Forward to DBBL Payment Gateway Page: https://ecom1.dutchbanglabank.com/ecomm2/ClientHandler?card_type=6&trans_id=PkXnRTvNNEILDoUAcIU4Vho9BbM%3D
2023.7.8 12:49:06#=================== Start New Transaction ===================
2023.7.8 12:49:06#txnrefnum:MSC22111037
2023.7.8 12:49:06#clientIp:114.130.156.142
2023.7.8 12:49:06#card type:6
2023.7.8 12:49:06#totalamount:642000
2023.7.8 12:49:09#result:TRANSACTION_ID:zCH7ThMrOEnSayTkrvFjdBbACwk=
2023.7.8 12:49:09#Forward to DBBL Payment Gateway Page: https://ecom1.dutchbanglabank.com/ecomm2/ClientHandler?card_type=6&trans_id=zCH7ThMrOEnSayTkrvFjdBbACwk%3D
2023.7.8 12:50:09#---------------------- Complete New Transaction---------------------
2023.7.8 12:50:09#Get trans_id From Post Value:zCH7ThMrOEnSayTkrvFjdBbACwk=
2023.7.8 12:50:09#clientIp:114.130.156.142
2023.7.8 12:50:09#trans_id:zCH7ThMrOEnSayTkrvFjdBbACwk=
2023.7.8 12:50:11#result:RESULT>OK^RESULT_CODE>000^3DSECURE>SKIPPED^RRN>318912620378^APPROVAL_CODE>110396^CARD_NUMBER>999999*********3728^AMOUNT>642000^CARDNAME>mb account^DESCRIPTION>6MSC22111037^TRANS_DATE>2023-07-08 06:50:08 PM
2023.7.8 12:50:11#33758508125011
2023.7.8 12:50:11#33758508125011
2023.7.8 12:50:11#33758508125011
2023.7.8 12:50:11#33758508125011
2023.7.8 12:50:11#33758508125011
2023.7.8 12:50:12#33758508125011
2023.7.8 12:50:12#33758508125011
2023.7.8 12:50:12#33758508125011
2023.7.8 12:50:12#=================== Transaction Completed =======================
2023.7.8 13:23:02#=================== Start New Transaction ===================
2023.7.8 13:23:02#txnrefnum:MSC23110035
2023.7.8 13:23:02#clientIp:103.58.75.10
2023.7.8 13:23:02#card type:6
2023.7.8 13:23:02#totalamount:282000
2023.7.8 13:23:06#result:TRANSACTION_ID:mJlG2eabxXlnIlA3446DEKyEhTo=
2023.7.8 13:23:06#Forward to DBBL Payment Gateway Page: https://ecom1.dutchbanglabank.com/ecomm2/ClientHandler?card_type=6&trans_id=mJlG2eabxXlnIlA3446DEKyEhTo%3D
2023.7.8 13:23:53#---------------------- Complete New Transaction---------------------
2023.7.8 13:23:53#Get trans_id From Post Value:mJlG2eabxXlnIlA3446DEKyEhTo=
2023.7.8 13:23:53#clientIp:103.58.75.10
2023.7.8 13:23:53#trans_id:mJlG2eabxXlnIlA3446DEKyEhTo=
2023.7.8 13:23:55#result:RESULT>FAILED^RESULT_CODE>116^3DSECURE>SKIPPED^RRN>318913623083^APPROVAL_CODE>0^CARD_NUMBER>999999*********8066^AMOUNT>282000^CARDNAME>mb account^DESCRIPTION>6MSC23110035^TRANS_DATE>2023-07-08 07:23:51 PM
2023.7.8 13:23:55#Not Sufficient Amount
2023.7.8 13:32:04#=================== Start New Transaction ===================
2023.7.8 13:32:04#txnrefnum:MSC22111356
2023.7.8 13:32:04#clientIp:116.204.143.123
2023.7.8 13:32:04#card type:6
2023.7.8 13:32:04#totalamount:656000
2023.7.8 13:32:09#result:TRANSACTION_ID:kuRKhdRzERSgtpx2crucZP9uwSU=
2023.7.8 13:32:09#Forward to DBBL Payment Gateway Page: https://ecom1.dutchbanglabank.com/ecomm2/ClientHandler?card_type=6&trans_id=kuRKhdRzERSgtpx2crucZP9uwSU%3D
2023.7.8 13:32:38#---------------------- Complete New Transaction---------------------
2023.7.8 13:32:38#Get trans_id From Post Value:kuRKhdRzERSgtpx2crucZP9uwSU=
2023.7.8 13:32:38#clientIp:116.204.143.123
2023.7.8 13:32:38#trans_id:kuRKhdRzERSgtpx2crucZP9uwSU=
2023.7.8 13:32:40#result:RESULT>OK^RESULT_CODE>000^3DSECURE>SKIPPED^RRN>318913623947^APPROVAL_CODE>337779^CARD_NUMBER>999999*********5499^AMOUNT>656000^CARDNAME>mb account^DESCRIPTION>6MSC22111356^TRANS_DATE>2023-07-08 07:32:38 PM
2023.7.8 13:32:40#33765008013240
2023.7.8 13:32:41#33765008013240
2023.7.8 13:32:41#33765008013240
2023.7.8 13:32:41#33765008013240
2023.7.8 13:32:41#33765008013240
2023.7.8 13:32:41#33765008013240
2023.7.8 13:32:41#33765008013240
2023.7.8 13:32:41#33765008013240
2023.7.8 13:32:41#=================== Transaction Completed =======================
2023.7.8 13:40:46#=================== Start New Transaction ===================
2023.7.8 13:40:46#txnrefnum:MSC23110032
2023.7.8 13:40:46#clientIp:103.41.244.115
2023.7.8 13:40:46#card type:6
2023.7.8 13:40:46#totalamount:462000
2023.7.8 13:40:49#result:TRANSACTION_ID:XYDSPfmSSD9TtiBoaZsBNxZFKjY=
2023.7.8 13:40:49#Forward to DBBL Payment Gateway Page: https://ecom1.dutchbanglabank.com/ecomm2/ClientHandler?card_type=6&trans_id=XYDSPfmSSD9TtiBoaZsBNxZFKjY%3D
2023.7.8 13:41:44#---------------------- Complete New Transaction---------------------
2023.7.8 13:41:44#Get trans_id From Post Value:XYDSPfmSSD9TtiBoaZsBNxZFKjY=
2023.7.8 13:41:45#clientIp:103.41.244.115
2023.7.8 13:41:45#trans_id:XYDSPfmSSD9TtiBoaZsBNxZFKjY=
2023.7.8 13:41:47#result:RESULT>OK^RESULT_CODE>000^3DSECURE>SKIPPED^RRN>318913624684^APPROVAL_CODE>364949^CARD_NUMBER>999999*********9034^AMOUNT>462000^CARDNAME>mb account^DESCRIPTION>6MSC23110032^TRANS_DATE>2023-07-08 07:41:43 PM
2023.7.8 13:41:47#52395908014147
2023.7.8 13:41:48#52395908014147
2023.7.8 13:41:48#52395908014147
2023.7.8 13:41:48#52395908014147
2023.7.8 13:41:48#52395908014147
2023.7.8 13:41:48#52395908014147
2023.7.8 13:41:48#=================== Transaction Completed =======================
2023.7.8 13:56:46#=================== Start New Transaction ===================
2023.7.8 13:56:46#txnrefnum:MSC23111119
2023.7.8 13:56:46#clientIp:103.133.201.165
2023.7.8 13:56:46#card type:6
2023.7.8 13:56:46#totalamount:462000
2023.7.8 13:56:50#result:TRANSACTION_ID:wcP2Q55PxSwOdOh4BtpEL6j9zE0=
2023.7.8 13:56:50#Forward to DBBL Payment Gateway Page: https://ecom1.dutchbanglabank.com/ecomm2/ClientHandler?card_type=6&trans_id=wcP2Q55PxSwOdOh4BtpEL6j9zE0%3D
2023.7.8 13:57:47#---------------------- Complete New Transaction---------------------
2023.7.8 13:57:47#Get trans_id From Post Value:wcP2Q55PxSwOdOh4BtpEL6j9zE0=
2023.7.8 13:57:47#clientIp:103.133.201.165
2023.7.8 13:57:47#trans_id:wcP2Q55PxSwOdOh4BtpEL6j9zE0=
2023.7.8 13:57:49#result:RESULT>OK^RESULT_CODE>000^3DSECURE>SKIPPED^RRN>318913626093^APPROVAL_CODE>441241^CARD_NUMBER>999999*********6743^AMOUNT>462000^CARDNAME>mb account^DESCRIPTION>6MSC23111119^TRANS_DATE>2023-07-08 07:57:46 PM
2023.7.8 13:57:49#52173808015749
2023.7.8 13:57:49#52173808015749
2023.7.8 13:57:49#52173808015749
2023.7.8 13:57:50#52173808015749
2023.7.8 13:57:50#52173808015749
2023.7.8 13:57:50#52173808015749
2023.7.8 13:57:50#=================== Transaction Completed =======================
2023.7.8 14:11:08#=================== Start New Transaction ===================
2023.7.8 14:11:08#txnrefnum:MSC23110035
2023.7.8 14:11:08#clientIp:103.230.106.11
2023.7.8 14:11:08#card type:6
2023.7.8 14:11:08#totalamount:282000
2023.7.8 14:11:11#result:TRANSACTION_ID:en8mSxEbrIDGSttSy73rEE4BMPA=
2023.7.8 14:11:11#Forward to DBBL Payment Gateway Page: https://ecom1.dutchbanglabank.com/ecomm2/ClientHandler?card_type=6&trans_id=en8mSxEbrIDGSttSy73rEE4BMPA%3D
2023.7.8 14:11:42#---------------------- Complete New Transaction---------------------
2023.7.8 14:11:42#Get trans_id From Post Value:en8mSxEbrIDGSttSy73rEE4BMPA=
2023.7.8 14:11:42#clientIp:103.230.106.11
2023.7.8 14:11:42#trans_id:en8mSxEbrIDGSttSy73rEE4BMPA=
2023.7.8 14:11:44#result:RESULT>OK^RESULT_CODE>000^3DSECURE>SKIPPED^RRN>318914627198^APPROVAL_CODE>530456^CARD_NUMBER>999999*********8066^AMOUNT>282000^CARDNAME>mb account^DESCRIPTION>6MSC23110035^TRANS_DATE>2023-07-08 08:11:40 PM
2023.7.8 14:11:44#52430308021144
2023.7.8 14:11:44#52430308021144
2023.7.8 14:11:44#52430308021144
2023.7.8 14:11:44#52430308021144
2023.7.8 14:11:44#=================== Transaction Completed =======================
2023.7.8 14:14:21#=================== Start New Transaction ===================
2023.7.8 14:14:21#txnrefnum:MEM2005014
2023.7.8 14:14:21#clientIp:202.134.9.150
2023.7.8 14:14:21#card type:6
2023.7.8 14:14:21#totalamount:132000
2023.7.8 14:14:26#result:TRANSACTION_ID:QrevSG785Q3YOiJASXdx8yErH9o=
2023.7.8 14:14:27#Forward to DBBL Payment Gateway Page: https://ecom1.dutchbanglabank.com/ecomm2/ClientHandler?card_type=6&trans_id=QrevSG785Q3YOiJASXdx8yErH9o%3D
2023.7.8 14:14:27#=================== Start New Transaction ===================
2023.7.8 14:14:27#txnrefnum:MEM2005014
2023.7.8 14:14:27#clientIp:202.134.9.150
2023.7.8 14:14:27#card type:6
2023.7.8 14:14:27#totalamount:132000
2023.7.8 14:14:30#result:TRANSACTION_ID:Nl4j9OJ8ZMw0XbhmZKr5U8ZDFVQ=
2023.7.8 14:14:31#Forward to DBBL Payment Gateway Page: https://ecom1.dutchbanglabank.com/ecomm2/ClientHandler?card_type=6&trans_id=Nl4j9OJ8ZMw0XbhmZKr5U8ZDFVQ%3D
2023.7.8 14:15:32#---------------------- Complete New Transaction---------------------
2023.7.8 14:15:32#Get trans_id From Post Value:Nl4j9OJ8ZMw0XbhmZKr5U8ZDFVQ=
2023.7.8 14:15:32#clientIp:202.134.9.150
2023.7.8 14:15:32#trans_id:Nl4j9OJ8ZMw0XbhmZKr5U8ZDFVQ=
2023.7.8 14:15:34#result:RESULT>OK^RESULT_CODE>000^3DSECURE>SKIPPED^RRN>318914627547^APPROVAL_CODE>579887^CARD_NUMBER>999999*********7198^AMOUNT>132000^CARDNAME>mb account^DESCRIPTION>6MEM2005014^TRANS_DATE>2023-07-08 08:15:31 PM
2023.7.8 14:15:34#41871608021534
2023.7.8 14:15:34#41871608021534
2023.7.8 14:15:34#=================== Transaction Completed =======================
2023.7.8 14:19:25#=================== Start New Transaction ===================
2023.7.8 14:19:25#txnrefnum:MSC22111072
2023.7.8 14:19:25#clientIp:103.168.207.86
2023.7.8 14:19:25#card type:6
2023.7.8 14:19:25#totalamount:482000
2023.7.8 14:19:28#result:TRANSACTION_ID:hkwVeNHQma7iSGk6EXEFrmHlFm8=
2023.7.8 14:19:29#Forward to DBBL Payment Gateway Page: https://ecom1.dutchbanglabank.com/ecomm2/ClientHandler?card_type=6&trans_id=hkwVeNHQma7iSGk6EXEFrmHlFm8%3D
2023.7.8 14:20:11#---------------------- Complete New Transaction---------------------
2023.7.8 14:20:11#Get trans_id From Post Value:hkwVeNHQma7iSGk6EXEFrmHlFm8=
2023.7.8 14:20:11#clientIp:103.168.207.86
2023.7.8 14:20:11#trans_id:hkwVeNHQma7iSGk6EXEFrmHlFm8=
2023.7.8 14:20:12#result:RESULT>OK^RESULT_CODE>000^3DSECURE>SKIPPED^RRN>318914627923^APPROVAL_CODE>588955^CARD_NUMBER>999999*********0436^AMOUNT>482000^CARDNAME>mb account^DESCRIPTION>6MSC22111072^TRANS_DATE>2023-07-08 08:20:10 PM
2023.7.8 14:20:13#54708108022012
2023.7.8 14:20:13#54708108022012
2023.7.8 14:20:13#54708108022012
2023.7.8 14:20:13#54708108022012
2023.7.8 14:20:13#54708108022012
2023.7.8 14:20:13#54708108022012
2023.7.8 14:20:13#=================== Transaction Completed =======================
2023.7.8 14:21:59#=================== Start New Transaction ===================
2023.7.8 14:21:59#txnrefnum:MSC23110558
2023.7.8 14:21:59#clientIp:123.136.30.130
2023.7.8 14:21:59#card type:6
2023.7.8 14:21:59#totalamount:1016000
2023.7.8 14:22:02#result:TRANSACTION_ID:ead3TM5N7YHPDMLGISb3ESjRXh8=
2023.7.8 14:22:03#Forward to DBBL Payment Gateway Page: https://ecom1.dutchbanglabank.com/ecomm2/ClientHandler?card_type=6&trans_id=ead3TM5N7YHPDMLGISb3ESjRXh8%3D
2023.7.8 14:22:42#---------------------- Complete New Transaction---------------------
2023.7.8 14:22:42#Get trans_id From Post Value:ead3TM5N7YHPDMLGISb3ESjRXh8=
2023.7.8 14:22:42#clientIp:123.136.30.130
2023.7.8 14:22:42#trans_id:ead3TM5N7YHPDMLGISb3ESjRXh8=
2023.7.8 14:22:44#result:RESULT>OK^RESULT_CODE>000^3DSECURE>SKIPPED^RRN>318914628128^APPROVAL_CODE>594014^CARD_NUMBER>999999*********9007^AMOUNT>1016000^CARDNAME>mb account^DESCRIPTION>6MSC23110558^TRANS_DATE>2023-07-08 08:22:42 PM
2023.7.8 14:22:44#52454608022244
2023.7.8 14:22:45#52454608022244
2023.7.8 14:22:45#52454608022244
2023.7.8 14:22:45#52454608022244
2023.7.8 14:22:45#52454608022244
2023.7.8 14:22:45#52454608022244
2023.7.8 14:22:45#52454608022244
2023.7.8 14:22:45#52454608022244
2023.7.8 14:22:45#52454608022244
2023.7.8 14:22:45#52454608022244
2023.7.8 14:22:45#52454608022244
2023.7.8 14:22:45#52454608022244
2023.7.8 14:22:45#52454608022244
2023.7.8 14:22:45#52454608022244
2023.7.8 14:22:45#=================== Transaction Completed =======================
2023.7.8 14:32:21#=================== Start New Transaction ===================
2023.7.8 14:32:21#txnrefnum:MSC22111294
2023.7.8 14:32:21#clientIp:202.134.8.131
2023.7.8 14:32:21#card type:6
2023.7.8 14:32:21#totalamount:2000
2023.7.8 14:32:24#result:TRANSACTION_ID:VEFVf4WglMjPvXY2nFx4GMhS5Sk=
2023.7.8 14:32:29#=================== Start New Transaction ===================
2023.7.8 14:32:29#txnrefnum:MSC22111074
2023.7.8 14:32:29#clientIp:103.146.151.237
2023.7.8 14:32:29#card type:6
2023.7.8 14:32:29#totalamount:2000
2023.7.8 14:32:33#result:TRANSACTION_ID:32U5NEBqPUrEG3nF8cHs9LSW28k=
2023.7.8 14:39:00#=================== Start New Transaction ===================
2023.7.8 14:39:00#txnrefnum:MED2007013
2023.7.8 14:39:00#clientIp:103.58.72.13
2023.7.8 14:39:00#card type:6
2023.7.8 14:39:00#totalamount:132000
2023.7.8 14:39:03#result:TRANSACTION_ID:bYG0QsBPwcHF8HLR8P2nLPSdP7I=
2023.7.8 14:39:03#Forward to DBBL Payment Gateway Page: https://ecom1.dutchbanglabank.com/ecomm2/ClientHandler?card_type=6&trans_id=bYG0QsBPwcHF8HLR8P2nLPSdP7I%3D
2023.7.8 14:41:31#=================== Start New Transaction ===================
2023.7.8 14:41:31#txnrefnum:MED2007013
2023.7.8 14:41:31#clientIp:103.58.72.13
2023.7.8 14:41:31#card type:6
2023.7.8 14:41:31#totalamount:132000
2023.7.8 14:41:34#result:TRANSACTION_ID:mC1urSzWF5PBpEcq39S7n83fvFA=
2023.7.8 14:41:34#Forward to DBBL Payment Gateway Page: https://ecom1.dutchbanglabank.com/ecomm2/ClientHandler?card_type=6&trans_id=mC1urSzWF5PBpEcq39S7n83fvFA%3D
2023.7.8 14:42:19#---------------------- Complete New Transaction---------------------
2023.7.8 14:42:19#Get trans_id From Post Value:mC1urSzWF5PBpEcq39S7n83fvFA=
2023.7.8 14:42:19#clientIp:103.58.72.13
2023.7.8 14:42:19#trans_id:mC1urSzWF5PBpEcq39S7n83fvFA=
2023.7.8 14:42:21#result:RESULT>OK^RESULT_CODE>000^3DSECURE>SKIPPED^RRN>318914629772^APPROVAL_CODE>731442^CARD_NUMBER>999999*********6425^AMOUNT>132000^CARDNAME>mb account^DESCRIPTION>6MED2007013^TRANS_DATE>2023-07-08 08:42:18 PM
2023.7.8 14:42:21#38253708024221
2023.7.8 14:42:21#38253708024221
2023.7.8 14:42:21#=================== Transaction Completed =======================
2023.7.8 14:52:03#=================== Start New Transaction ===================
2023.7.8 14:52:03#txnrefnum:MED2007013
2023.7.8 14:52:03#clientIp:103.58.72.13
2023.7.8 14:52:03#card type:6
2023.7.8 14:52:03#totalamount:262000
2023.7.8 14:52:06#result:TRANSACTION_ID:jaEiNZDgest22dNi5Ql0BZVXG94=
2023.7.8 14:52:06#Forward to DBBL Payment Gateway Page: https://ecom1.dutchbanglabank.com/ecomm2/ClientHandler?card_type=6&trans_id=jaEiNZDgest22dNi5Ql0BZVXG94%3D
2023.7.8 14:52:53#---------------------- Complete New Transaction---------------------
2023.7.8 14:52:53#Get trans_id From Post Value:jaEiNZDgest22dNi5Ql0BZVXG94=
2023.7.8 14:52:53#clientIp:103.58.72.13
2023.7.8 14:52:53#trans_id:jaEiNZDgest22dNi5Ql0BZVXG94=
2023.7.8 14:52:55#result:RESULT>OK^RESULT_CODE>000^3DSECURE>SKIPPED^RRN>318914630557^APPROVAL_CODE>747988^CARD_NUMBER>999999*********6425^AMOUNT>262000^CARDNAME>mb account^DESCRIPTION>6MED2007013^TRANS_DATE>2023-07-08 08:52:52 PM
2023.7.8 14:52:55#38253808025255
2023.7.8 14:52:55#38253808025255
2023.7.8 14:52:55#38253808025255
2023.7.8 14:52:55#38253808025255
2023.7.8 14:52:55#=================== Transaction Completed =======================
2023.7.8 15:16:46#=================== Start New Transaction ===================
2023.7.8 15:16:46#txnrefnum:MSC23111297
2023.7.8 15:16:46#clientIp:103.149.56.13
2023.7.8 15:16:46#card type:6
2023.7.8 15:16:46#totalamount:102000
2023.7.8 15:16:50#result:TRANSACTION_ID:VrNatwCTPfy5w7bbEjrqun1ngQE=
2023.7.8 15:16:50#Forward to DBBL Payment Gateway Page: https://ecom1.dutchbanglabank.com/ecomm2/ClientHandler?card_type=6&trans_id=VrNatwCTPfy5w7bbEjrqun1ngQE%3D
2023.7.8 15:18:01#---------------------- Complete New Transaction---------------------
2023.7.8 15:18:01#Get trans_id From Post Value:VrNatwCTPfy5w7bbEjrqun1ngQE=
2023.7.8 15:18:01#clientIp:103.149.56.13
2023.7.8 15:18:01#trans_id:VrNatwCTPfy5w7bbEjrqun1ngQE=
2023.7.8 15:18:03#result:RESULT>OK^RESULT_CODE>000^3DSECURE>SKIPPED^RRN>318915632393^APPROVAL_CODE>838909^CARD_NUMBER>999999*********7275^AMOUNT>102000^CARDNAME>mb account^DESCRIPTION>6MSC23111297^TRANS_DATE>2023-07-08 09:17:56 PM
2023.7.8 15:18:03#54667208031803
2023.7.8 15:18:04#54667208031803
2023.7.8 15:18:04#=================== Transaction Completed =======================
2023.7.8 15:25:21#=================== Start New Transaction ===================
2023.7.8 15:25:21#txnrefnum:BBM2308007
2023.7.8 15:25:21#clientIp:103.25.121.32
2023.7.8 15:25:21#card type:6
2023.7.8 15:25:21#totalamount:102000
2023.7.8 15:25:24#result:TRANSACTION_ID:rwSNZWVpdSo9mpBd6YSZZFTSzTk=
2023.7.8 15:25:24#Forward to DBBL Payment Gateway Page: https://ecom1.dutchbanglabank.com/ecomm2/ClientHandler?card_type=6&trans_id=rwSNZWVpdSo9mpBd6YSZZFTSzTk%3D
2023.7.8 15:26:00#---------------------- Complete New Transaction---------------------
2023.7.8 15:26:00#Get trans_id From Post Value:rwSNZWVpdSo9mpBd6YSZZFTSzTk=
2023.7.8 15:26:00#clientIp:103.25.121.32
2023.7.8 15:26:00#trans_id:rwSNZWVpdSo9mpBd6YSZZFTSzTk=
2023.7.8 15:26:02#result:RESULT>OK^RESULT_CODE>000^3DSECURE>SKIPPED^RRN>318915633034^APPROVAL_CODE>849740^CARD_NUMBER>999999*********3668^AMOUNT>102000^CARDNAME>mb account^DESCRIPTION>6BBM2308007^TRANS_DATE>2023-07-08 09:25:59 PM
2023.7.8 15:26:02#42458708032602
2023.7.8 15:26:02#42458708032602
2023.7.8 15:26:02#=================== Transaction Completed =======================
2023.7.8 16:06:48#=================== Start New Transaction ===================
2023.7.8 16:06:48#txnrefnum:MSC23111274
2023.7.8 16:06:48#clientIp:103.170.140.1
2023.7.8 16:06:48#card type:6
2023.7.8 16:06:48#totalamount:462000
2023.7.8 16:06:51#result:TRANSACTION_ID:OxTqexP5ALQFFT795x0iiGqwqs4=
2023.7.8 16:06:52#Forward to DBBL Payment Gateway Page: https://ecom1.dutchbanglabank.com/ecomm2/ClientHandler?card_type=6&trans_id=OxTqexP5ALQFFT795x0iiGqwqs4%3D
2023.7.8 16:09:39#=================== Start New Transaction ===================
2023.7.8 16:09:39#txnrefnum:MSC23110034
2023.7.8 16:09:39#clientIp:43.245.140.39
2023.7.8 16:09:39#card type:6
2023.7.8 16:09:39#totalamount:182000
2023.7.8 16:09:42#result:TRANSACTION_ID:DhaStM2HcCSStO3uOtDQjhBJWU8=
2023.7.8 16:09:42#Forward to DBBL Payment Gateway Page: https://ecom1.dutchbanglabank.com/ecomm2/ClientHandler?card_type=6&trans_id=DhaStM2HcCSStO3uOtDQjhBJWU8%3D
2023.7.8 16:10:16#---------------------- Complete New Transaction---------------------
2023.7.8 16:10:16#Get trans_id From Post Value:DhaStM2HcCSStO3uOtDQjhBJWU8=
2023.7.8 16:10:16#clientIp:43.245.140.39
2023.7.8 16:10:16#trans_id:DhaStM2HcCSStO3uOtDQjhBJWU8=
2023.7.8 16:10:19#result:RESULT>OK^RESULT_CODE>000^3DSECURE>SKIPPED^RRN>318916636056^APPROVAL_CODE>071300^CARD_NUMBER>999999*********7421^AMOUNT>182000^CARDNAME>mb account^DESCRIPTION>6MSC23110034^TRANS_DATE>2023-07-08 10:10:15 PM
2023.7.8 16:10:19#52419708041019
2023.7.8 16:10:19#52419708041019
2023.7.8 16:10:19#=================== Transaction Completed =======================
2023.7.8 16:29:11#=================== Start New Transaction ===================
2023.7.8 16:29:11#txnrefnum:BBM2301027
2023.7.8 16:29:11#clientIp:103.25.123.29
2023.7.8 16:29:11#card type:6
2023.7.8 16:29:11#totalamount:202000
2023.7.8 16:29:15#result:TRANSACTION_ID:IPz9xjORaSMJP1Fyyacuorz9VX0=
2023.7.8 16:29:15#Forward to DBBL Payment Gateway Page: https://ecom1.dutchbanglabank.com/ecomm2/ClientHandler?card_type=6&trans_id=IPz9xjORaSMJP1Fyyacuorz9VX0%3D
2023.7.8 16:29:40#---------------------- Complete New Transaction---------------------
2023.7.8 16:29:40#Get trans_id From Post Value:IPz9xjORaSMJP1Fyyacuorz9VX0=
2023.7.8 16:29:40#clientIp:103.25.123.29
2023.7.8 16:29:40#trans_id:IPz9xjORaSMJP1Fyyacuorz9VX0=
2023.7.8 16:29:42#result:RESULT>OK^RESULT_CODE>000^3DSECURE>SKIPPED^RRN>318916637210^APPROVAL_CODE>191888^CARD_NUMBER>999999*********3671^AMOUNT>202000^CARDNAME>mb account^DESCRIPTION>6BBM2301027^TRANS_DATE>2023-07-08 10:29:39 PM
2023.7.8 16:29:42#48597308042942
2023.7.8 16:29:42#48597308042942
2023.7.8 16:29:42#48597308042942
2023.7.8 16:29:42#48597308042942
2023.7.8 16:29:42#=================== Transaction Completed =======================
2023.7.8 16:31:16#=================== Start New Transaction ===================
2023.7.8 16:31:16#txnrefnum:BBM2301051
2023.7.8 16:31:16#clientIp:103.25.123.29
2023.7.8 16:31:16#card type:6
2023.7.8 16:31:16#totalamount:202000
2023.7.8 16:31:19#result:TRANSACTION_ID:PxXeq7LR9PjOVCSy6JL99ST6Vhs=
2023.7.8 16:31:19#Forward to DBBL Payment Gateway Page: https://ecom1.dutchbanglabank.com/ecomm2/ClientHandler?card_type=6&trans_id=PxXeq7LR9PjOVCSy6JL99ST6Vhs%3D
2023.7.8 16:31:41#---------------------- Complete New Transaction---------------------
2023.7.8 16:31:41#Get trans_id From Post Value:PxXeq7LR9PjOVCSy6JL99ST6Vhs=
2023.7.8 16:31:41#clientIp:103.25.123.29
2023.7.8 16:31:41#trans_id:PxXeq7LR9PjOVCSy6JL99ST6Vhs=
2023.7.8 16:31:43#result:RESULT>OK^RESULT_CODE>000^3DSECURE>SKIPPED^RRN>318916637304^APPROVAL_CODE>148172^CARD_NUMBER>999999*********3671^AMOUNT>202000^CARDNAME>mb account^DESCRIPTION>6BBM2301051^TRANS_DATE>2023-07-08 10:31:40 PM
2023.7.8 16:31:43#48594908043143
2023.7.8 16:31:43#48594908043143
2023.7.8 16:31:43#48594908043143
2023.7.8 16:31:43#48594908043143
2023.7.8 16:31:43#=================== Transaction Completed =======================
2023.7.8 16:42:45#=================== Start New Transaction ===================
2023.7.8 16:42:45#txnrefnum:MSC23111141
2023.7.8 16:42:45#clientIp:202.134.8.143
2023.7.8 16:42:45#card type:6
2023.7.8 16:42:45#totalamount:642000
2023.7.8 16:42:48#result:TRANSACTION_ID:Y45wtSIMzuMaIPfK4UmzJjFSdzw=
2023.7.8 16:42:49#Forward to DBBL Payment Gateway Page: https://ecom1.dutchbanglabank.com/ecomm2/ClientHandler?card_type=6&trans_id=Y45wtSIMzuMaIPfK4UmzJjFSdzw%3D