
2022.10.6 02:30:56#=================== Start New Transaction ===================
2022.10.6 02:30:56#txnrefnum:MBM2008066
2022.10.6 02:30:56#clientIp:119.148.54.37
2022.10.6 02:30:56#card type:6
2022.10.6 02:30:56#totalamount:322000
2022.10.6 02:30:59#=================== Start New Transaction ===================
2022.10.6 02:30:59#txnrefnum:MBM2008066
2022.10.6 02:30:59#clientIp:119.148.54.37
2022.10.6 02:30:59#card type:6
2022.10.6 02:30:59#totalamount:322000
2022.10.6 02:31:00#result:TRANSACTION_ID:7F2hbDJ1puDApZsd67cNBoNJhG4=
2022.10.6 02:31:00#Forward to DBBL Payment Gateway Page: https://ecom1.dutchbanglabank.com/ecomm2/ClientHandler?card_type=6&trans_id=7F2hbDJ1puDApZsd67cNBoNJhG4%3D
2022.10.6 02:31:00#=================== Start New Transaction ===================
2022.10.6 02:31:00#txnrefnum:MBM2008066
2022.10.6 02:31:00#clientIp:119.148.54.37
2022.10.6 02:31:00#card type:6
2022.10.6 02:31:00#totalamount:322000
2022.10.6 02:31:03#result:TRANSACTION_ID:3SXMSjIZRDphKRuIU0gsRUwCNw0=
2022.10.6 02:31:03#Forward to DBBL Payment Gateway Page: https://ecom1.dutchbanglabank.com/ecomm2/ClientHandler?card_type=6&trans_id=3SXMSjIZRDphKRuIU0gsRUwCNw0%3D
2022.10.6 02:31:04#result:TRANSACTION_ID:WyVa4RshjiOwzQR4h9GtoxN9S7M=
2022.10.6 02:31:04#Forward to DBBL Payment Gateway Page: https://ecom1.dutchbanglabank.com/ecomm2/ClientHandler?card_type=6&trans_id=WyVa4RshjiOwzQR4h9GtoxN9S7M%3D
2022.10.6 02:32:48#=================== Start New Transaction ===================
2022.10.6 02:32:48#txnrefnum:MBM2008066
2022.10.6 02:32:48#clientIp:119.148.54.37
2022.10.6 02:32:48#card type:6
2022.10.6 02:32:48#totalamount:402000
2022.10.6 02:32:51#=================== Start New Transaction ===================
2022.10.6 02:32:51#txnrefnum:MBM2008066
2022.10.6 02:32:51#clientIp:119.148.54.37
2022.10.6 02:32:51#card type:6
2022.10.6 02:32:51#totalamount:402000
2022.10.6 02:32:51#result:TRANSACTION_ID:EkSMU9utj34xvjxJrhp4PwWxXcQ=
2022.10.6 02:32:52#Forward to DBBL Payment Gateway Page: https://ecom1.dutchbanglabank.com/ecomm2/ClientHandler?card_type=6&trans_id=EkSMU9utj34xvjxJrhp4PwWxXcQ%3D
2022.10.6 02:32:54#result:TRANSACTION_ID:xPo57kSlScgDIo3w1oMk8cSDoes=
2022.10.6 02:32:54#Forward to DBBL Payment Gateway Page: https://ecom1.dutchbanglabank.com/ecomm2/ClientHandler?card_type=6&trans_id=xPo57kSlScgDIo3w1oMk8cSDoes%3D
2022.10.6 02:58:32#=================== Start New Transaction ===================
2022.10.6 02:58:32#txnrefnum:MBD2008054
2022.10.6 02:58:32#clientIp:103.109.56.154
2022.10.6 02:58:32#card type:6
2022.10.6 02:58:32#totalamount:562000
2022.10.6 02:58:36#result:TRANSACTION_ID:Ba9J288NaGfFGiQROnhP1lo3lEA=
2022.10.6 02:58:36#Forward to DBBL Payment Gateway Page: https://ecom1.dutchbanglabank.com/ecomm2/ClientHandler?card_type=6&trans_id=Ba9J288NaGfFGiQROnhP1lo3lEA%3D
2022.10.6 03:17:35#---------------------- Complete New Transaction---------------------
2022.10.6 03:17:35#Get trans_id From Post Value:GSwxItqm2WbKaQnfFLLBlKXPwJk=
2022.10.6 03:17:35#clientIp:202.40.183.129
2022.10.6 03:17:35#trans_id:GSwxItqm2WbKaQnfFLLBlKXPwJk=
2022.10.6 03:17:37#result:RESULT>TIMEOUT^RESULT_CODE>999^3DSECURE>0^RRN>0^APPROVAL_CODE>0^CARD_NUMBER>0^AMOUNT>562000^CARDNAME>0^DESCRIPTION>6MBD2006403^TRANS_DATE>2022-10-06 09:17:33 AM
2022.10.6 03:17:37#Failed
2022.10.6 03:43:05#=================== Start New Transaction ===================
2022.10.6 03:43:05#txnrefnum:MSC22111044
2022.10.6 03:43:05#clientIp:103.166.89.48
2022.10.6 03:43:05#card type:6
2022.10.6 03:43:05#totalamount:482000
2022.10.6 03:43:08#result:TRANSACTION_ID:psvMY4aTDkUorSo5pdXJVa29GAo=
2022.10.6 03:43:08#Forward to DBBL Payment Gateway Page: https://ecom1.dutchbanglabank.com/ecomm2/ClientHandler?card_type=6&trans_id=psvMY4aTDkUorSo5pdXJVa29GAo%3D
2022.10.6 03:44:57#---------------------- Complete New Transaction---------------------
2022.10.6 03:44:57#Get trans_id From Post Value:psvMY4aTDkUorSo5pdXJVa29GAo=
2022.10.6 03:44:57#clientIp:103.166.89.53
2022.10.6 03:44:57#trans_id:psvMY4aTDkUorSo5pdXJVa29GAo=
2022.10.6 03:44:59#result:RESULT>OK^RESULT_CODE>000^3DSECURE>SKIPPED^RRN>227903525330^APPROVAL_CODE>598671^CARD_NUMBER>999999*********2423^AMOUNT>482000^CARDNAME>mb account^DESCRIPTION>6MSC22111044^TRANS_DATE>2022-10-06 09:44:55 AM
2022.10.6 03:44:59#285606034459
2022.10.6 03:44:59#285606034459
2022.10.6 03:44:59#285606034459
2022.10.6 03:44:59#285606034459
2022.10.6 03:44:59#285606034459
2022.10.6 03:44:59#285606034459
2022.10.6 03:44:59#=================== Transaction Completed =======================
2022.10.6 04:05:27#=================== Start New Transaction ===================
2022.10.6 04:05:27#txnrefnum:MBM2006140
2022.10.6 04:05:27#clientIp:202.134.9.156
2022.10.6 04:05:27#card type:6
2022.10.6 04:05:27#totalamount:82000
2022.10.6 04:05:31#result:TRANSACTION_ID:Y0B8FHktz9ePJmY8KbEWO5R3QQ0=
2022.10.6 04:05:31#Forward to DBBL Payment Gateway Page: https://ecom1.dutchbanglabank.com/ecomm2/ClientHandler?card_type=6&trans_id=Y0B8FHktz9ePJmY8KbEWO5R3QQ0%3D
2022.10.6 04:10:55#=================== Start New Transaction ===================
2022.10.6 04:10:55#txnrefnum:MBM2008066
2022.10.6 04:10:55#clientIp:119.148.54.37
2022.10.6 04:10:55#card type:6
2022.10.6 04:10:55#totalamount:322000
2022.10.6 04:10:58#result:TRANSACTION_ID:UgyhDOYaGFkvJ9GVKwJIIy1Vv6M=
2022.10.6 04:10:59#Forward to DBBL Payment Gateway Page: https://ecom1.dutchbanglabank.com/ecomm2/ClientHandler?card_type=6&trans_id=UgyhDOYaGFkvJ9GVKwJIIy1Vv6M%3D
2022.10.6 04:12:28#=================== Start New Transaction ===================
2022.10.6 04:12:28#txnrefnum:MBM2008066
2022.10.6 04:12:28#clientIp:119.148.54.37
2022.10.6 04:12:28#card type:6
2022.10.6 04:12:28#totalamount:322000
2022.10.6 04:12:32#result:TRANSACTION_ID:qkuri0hGiVvDacP8rvSZbUckC40=
2022.10.6 04:12:32#Forward to DBBL Payment Gateway Page: https://ecom1.dutchbanglabank.com/ecomm2/ClientHandler?card_type=6&trans_id=qkuri0hGiVvDacP8rvSZbUckC40%3D
2022.10.6 04:13:17#---------------------- Complete New Transaction---------------------
2022.10.6 04:13:17#Get trans_id From Post Value:qkuri0hGiVvDacP8rvSZbUckC40=
2022.10.6 04:13:17#clientIp:119.148.54.37
2022.10.6 04:13:17#trans_id:qkuri0hGiVvDacP8rvSZbUckC40=
2022.10.6 04:13:19#result:RESULT>OK^RESULT_CODE>000^3DSECURE>SKIPPED^RRN>227904527204^APPROVAL_CODE>829890^CARD_NUMBER>999999*********4212^AMOUNT>322000^CARDNAME>mb account^DESCRIPTION>6MBM2008066^TRANS_DATE>2022-10-06 10:13:16 AM
2022.10.6 04:13:19#21677806041319
2022.10.6 04:13:19#21677806041319
2022.10.6 04:13:19#21677806041319
2022.10.6 04:13:19#21677806041319
2022.10.6 04:13:19#21677806041319
2022.10.6 04:13:19#21677806041319
2022.10.6 04:13:19#21677806041319
2022.10.6 04:13:19#21677806041319
2022.10.6 04:13:19#=================== Transaction Completed =======================
2022.10.6 04:34:20#=================== Start New Transaction ===================
2022.10.6 04:34:20#txnrefnum:MBD2208040
2022.10.6 04:34:20#clientIp:202.134.9.156
2022.10.6 04:34:20#card type:6
2022.10.6 04:34:20#totalamount:242000
2022.10.6 04:34:24#result:TRANSACTION_ID:BGyUKIGNRzlcySVYPeScU9QbM4c=
2022.10.6 04:34:24#Forward to DBBL Payment Gateway Page: https://ecom1.dutchbanglabank.com/ecomm2/ClientHandler?card_type=6&trans_id=BGyUKIGNRzlcySVYPeScU9QbM4c%3D
2022.10.6 04:34:47#---------------------- Complete New Transaction---------------------
2022.10.6 04:34:47#Get trans_id From Post Value:BGyUKIGNRzlcySVYPeScU9QbM4c=
2022.10.6 04:34:47#clientIp:202.134.9.156
2022.10.6 04:34:47#trans_id:BGyUKIGNRzlcySVYPeScU9QbM4c=
2022.10.6 04:34:49#result:RESULT>OK^RESULT_CODE>000^3DSECURE>SKIPPED^RRN>227904528918^APPROVAL_CODE>001096^CARD_NUMBER>999999*********7532^AMOUNT>242000^CARDNAME>mb account^DESCRIPTION>6MBD2208040^TRANS_DATE>2022-10-06 10:34:45 AM
2022.10.6 04:34:49#18648006043449
2022.10.6 04:34:49#18648006043449
2022.10.6 04:34:49#18648006043449
2022.10.6 04:34:49#18648006043449
2022.10.6 04:34:49#18648006043449
2022.10.6 04:34:49#18648006043449
2022.10.6 04:34:49#=================== Transaction Completed =======================
2022.10.6 04:36:36#=================== Start New Transaction ===================
2022.10.6 04:36:36#txnrefnum:BBB2103028
2022.10.6 04:36:36#clientIp:114.130.185.240
2022.10.6 04:36:36#card type:6
2022.10.6 04:36:36#totalamount:162000
2022.10.6 04:36:39#result:TRANSACTION_ID:83Z0FyBxk0C8462GwPb7WSuoPB0=
2022.10.6 04:36:39#Forward to DBBL Payment Gateway Page: https://ecom1.dutchbanglabank.com/ecomm2/ClientHandler?card_type=6&trans_id=83Z0FyBxk0C8462GwPb7WSuoPB0%3D
2022.10.6 04:37:10#---------------------- Complete New Transaction---------------------
2022.10.6 04:37:10#Get trans_id From Post Value:83Z0FyBxk0C8462GwPb7WSuoPB0=
2022.10.6 04:37:10#clientIp:114.130.185.240
2022.10.6 04:37:10#trans_id:83Z0FyBxk0C8462GwPb7WSuoPB0=
2022.10.6 04:37:13#result:RESULT>OK^RESULT_CODE>000^3DSECURE>SKIPPED^RRN>227904529133^APPROVAL_CODE>007980^CARD_NUMBER>999999*********6896^AMOUNT>162000^CARDNAME>mb account^DESCRIPTION>6BBB2103028^TRANS_DATE>2022-10-06 10:37:09 AM
2022.10.6 04:37:13#23271206043713
2022.10.6 04:37:13#23271206043713
2022.10.6 04:37:13#23271206043713
2022.10.6 04:37:13#23271206043713
2022.10.6 04:37:13#=================== Transaction Completed =======================
2022.10.6 05:31:52#=================== Start New Transaction ===================
2022.10.6 05:31:52#txnrefnum:BBG2103079
2022.10.6 05:31:52#clientIp:123.253.65.226
2022.10.6 05:31:52#card type:6
2022.10.6 05:31:52#totalamount:162000
2022.10.6 05:32:39#=================== Start New Transaction ===================
2022.10.6 05:32:39#txnrefnum:BBG2103079
2022.10.6 05:32:39#clientIp:123.253.65.226
2022.10.6 05:32:39#card type:6
2022.10.6 05:32:39#totalamount:162000
2022.10.6 05:39:48#=================== Start New Transaction ===================
2022.10.6 05:39:48#txnrefnum:MBB2101138
2022.10.6 05:39:48#clientIp:123.49.60.146
2022.10.6 05:39:48#card type:6
2022.10.6 05:39:48#totalamount:242000
2022.10.6 05:44:23#=================== Start New Transaction ===================
2022.10.6 05:44:23#txnrefnum:MBB2101138
2022.10.6 05:44:23#clientIp:123.49.60.146
2022.10.6 05:44:23#card type:6
2022.10.6 05:44:23#totalamount:242000
2022.10.6 05:44:42#result:TRANSACTION_ID:K68Nodjn81ozIrMwcdfYPEjhrzM=
2022.10.6 05:44:43#Forward to DBBL Payment Gateway Page: https://ecom1.dutchbanglabank.com/ecomm2/ClientHandler?card_type=6&trans_id=K68Nodjn81ozIrMwcdfYPEjhrzM%3D
2022.10.6 05:48:15#=================== Start New Transaction ===================
2022.10.6 05:48:15#txnrefnum:MBD2006127
2022.10.6 05:48:15#clientIp:59.152.102.235
2022.10.6 05:48:15#card type:6
2022.10.6 05:48:15#totalamount:642000
2022.10.6 05:55:01#=================== Start New Transaction ===================
2022.10.6 05:55:01#txnrefnum:BBD2004109
2022.10.6 05:55:01#clientIp:103.7.115.66
2022.10.6 05:55:01#card type:6
2022.10.6 05:55:01#totalamount:2000
2022.10.6 05:55:15#=================== Start New Transaction ===================
2022.10.6 05:55:15#txnrefnum:BBD2004109
2022.10.6 05:55:15#clientIp:103.7.115.66
2022.10.6 05:55:15#card type:6
2022.10.6 05:55:15#totalamount:82000
2022.10.6 05:55:18#result:TRANSACTION_ID:MZYFhWfHmjOfAY0GYqPyUM178kc=
2022.10.6 05:55:18#Forward to DBBL Payment Gateway Page: https://ecom1.dutchbanglabank.com/ecomm2/ClientHandler?card_type=6&trans_id=MZYFhWfHmjOfAY0GYqPyUM178kc%3D
2022.10.6 05:55:20#result:TRANSACTION_ID:43ZHstgtBOxRzNRSnuGYzsomPYk=
2022.10.6 05:55:20#Forward to DBBL Payment Gateway Page: https://ecom1.dutchbanglabank.com/ecomm2/ClientHandler?card_type=6&trans_id=43ZHstgtBOxRzNRSnuGYzsomPYk%3D
2022.10.6 05:55:20#=================== Start New Transaction ===================
2022.10.6 05:55:20#txnrefnum:BBG2103079
2022.10.6 05:55:20#clientIp:123.253.65.226
2022.10.6 05:55:20#card type:6
2022.10.6 05:55:20#totalamount:162000
2022.10.6 05:55:21#=================== Start New Transaction ===================
2022.10.6 05:55:21#txnrefnum:BBD2004109
2022.10.6 05:55:21#clientIp:103.7.115.66
2022.10.6 05:55:21#card type:6
2022.10.6 05:55:21#totalamount:82000
2022.10.6 05:55:25#=================== Start New Transaction ===================
2022.10.6 05:55:25#txnrefnum:BBD2004109
2022.10.6 05:55:25#clientIp:103.7.115.66
2022.10.6 05:55:25#card type:6
2022.10.6 05:55:25#totalamount:82000
2022.10.6 05:55:30#result:TRANSACTION_ID:JmSvo7vyxor3qQOh9iHI1rbEzyg=
2022.10.6 05:55:31#Forward to DBBL Payment Gateway Page: https://ecom1.dutchbanglabank.com/ecomm2/ClientHandler?card_type=6&trans_id=JmSvo7vyxor3qQOh9iHI1rbEzyg%3D
2022.10.6 05:55:33#result:TRANSACTION_ID:QOVeIlfEAPH2Vj2BsZSXNMFpIgc=
2022.10.6 05:55:34#Forward to DBBL Payment Gateway Page: https://ecom1.dutchbanglabank.com/ecomm2/ClientHandler?card_type=6&trans_id=QOVeIlfEAPH2Vj2BsZSXNMFpIgc%3D
2022.10.6 05:55:48#result:TRANSACTION_ID:P2482owEkPPi7Efwa7mFWEJk0mM=
2022.10.6 05:55:49#Forward to DBBL Payment Gateway Page: https://ecom1.dutchbanglabank.com/ecomm2/ClientHandler?card_type=6&trans_id=P2482owEkPPi7Efwa7mFWEJk0mM%3D
2022.10.6 05:56:16#---------------------- Complete New Transaction---------------------
2022.10.6 05:56:16#Get trans_id From Post Value:QOVeIlfEAPH2Vj2BsZSXNMFpIgc=
2022.10.6 05:56:16#clientIp:123.253.65.226
2022.10.6 05:56:16#trans_id:QOVeIlfEAPH2Vj2BsZSXNMFpIgc=
2022.10.6 05:56:18#result:RESULT>OK^RESULT_CODE>000^3DSECURE>SKIPPED^RRN>227905534549^APPROVAL_CODE>419637^CARD_NUMBER>999999*********8883^AMOUNT>162000^CARDNAME>mb account^DESCRIPTION>6BBG2103079^TRANS_DATE>2022-10-06 11:56:15 AM
2022.10.6 05:56:18#23513606055618
2022.10.6 05:56:18#23513606055618
2022.10.6 05:56:18#23513606055618
2022.10.6 05:56:18#23513606055618
2022.10.6 05:56:18#=================== Transaction Completed =======================
2022.10.6 05:59:25#=================== Start New Transaction ===================
2022.10.6 05:59:25#txnrefnum:MBD2202122
2022.10.6 05:59:25#clientIp:123.136.24.231
2022.10.6 05:59:25#card type:6
2022.10.6 05:59:25#totalamount:2000
2022.10.6 05:59:33#result:TRANSACTION_ID:6Wc1yTapYxQTNEExI2znoGhMBpI=
2022.10.6 05:59:33#Forward to DBBL Payment Gateway Page: https://ecom1.dutchbanglabank.com/ecomm2/ClientHandler?card_type=6&trans_id=6Wc1yTapYxQTNEExI2znoGhMBpI%3D
2022.10.6 06:01:04#=================== Start New Transaction ===================
2022.10.6 06:01:04#txnrefnum:BBD2209074
2022.10.6 06:01:04#clientIp:103.162.230.251
2022.10.6 06:01:04#card type:6
2022.10.6 06:01:04#totalamount:162000
2022.10.6 06:12:53#=================== Start New Transaction ===================
2022.10.6 06:12:53#txnrefnum:MBB2101138
2022.10.6 06:12:53#clientIp:123.49.60.146
2022.10.6 06:12:53#card type:6
2022.10.6 06:12:53#totalamount:242000
2022.10.6 06:12:57#result:TRANSACTION_ID:A3Jfv7tlNzKtRScTxIq2ve6cy3Q=
2022.10.6 06:12:57#Forward to DBBL Payment Gateway Page: https://ecom1.dutchbanglabank.com/ecomm2/ClientHandler?card_type=6&trans_id=A3Jfv7tlNzKtRScTxIq2ve6cy3Q%3D
2022.10.6 06:17:59#---------------------- Complete New Transaction---------------------
2022.10.6 06:17:59#Get trans_id From Post Value:A3Jfv7tlNzKtRScTxIq2ve6cy3Q=
2022.10.6 06:17:59#clientIp:123.49.60.146
2022.10.6 06:17:59#trans_id:A3Jfv7tlNzKtRScTxIq2ve6cy3Q=
2022.10.6 06:18:01#result:RESULT>TIMEOUT^RESULT_CODE>999^3DSECURE>0^RRN>0^APPROVAL_CODE>0^CARD_NUMBER>0^AMOUNT>242000^CARDNAME>0^DESCRIPTION>6MBB2101138^TRANS_DATE>2022-10-06 12:17:58 PM
2022.10.6 06:18:01#Failed
2022.10.6 06:19:20#=================== Start New Transaction ===================
2022.10.6 06:19:20#txnrefnum:MBB2101138
2022.10.6 06:19:20#clientIp:123.49.60.146
2022.10.6 06:19:20#card type:6
2022.10.6 06:19:20#totalamount:242000
2022.10.6 06:19:24#result:TRANSACTION_ID:MFfqia75O8LOKi0GPxKrMcgWO7M=
2022.10.6 06:19:24#Forward to DBBL Payment Gateway Page: https://ecom1.dutchbanglabank.com/ecomm2/ClientHandler?card_type=6&trans_id=MFfqia75O8LOKi0GPxKrMcgWO7M%3D
2022.10.6 06:21:29#---------------------- Complete New Transaction---------------------
2022.10.6 06:21:29#Get trans_id From Post Value:MFfqia75O8LOKi0GPxKrMcgWO7M=
2022.10.6 06:21:29#clientIp:123.49.60.146
2022.10.6 06:21:29#trans_id:MFfqia75O8LOKi0GPxKrMcgWO7M=
2022.10.6 06:21:31#result:RESULT>OK^RESULT_CODE>000^3DSECURE>SKIPPED^RRN>227906537695^APPROVAL_CODE>570798^CARD_NUMBER>999999*********0351^AMOUNT>242000^CARDNAME>mb account^DESCRIPTION>6MBB2101138^TRANS_DATE>2022-10-06 12:21:27 PM
2022.10.6 06:21:31#7988706062131
2022.10.6 06:21:31#7988706062131
2022.10.6 06:21:31#7988706062131
2022.10.6 06:21:31#7988706062131
2022.10.6 06:21:31#7988706062131
2022.10.6 06:21:31#7988706062131
2022.10.6 06:21:31#=================== Transaction Completed =======================
2022.10.6 06:29:11#=================== Start New Transaction ===================
2022.10.6 06:29:11#txnrefnum:MEM2201475
2022.10.6 06:29:11#clientIp:37.111.215.175
2022.10.6 06:29:11#card type:6
2022.10.6 06:29:11#totalamount:222000
2022.10.6 06:29:15#result:TRANSACTION_ID:Rq3LHz3KhSIuLg9SqsZ2qdHhM6I=
2022.10.6 06:29:15#Forward to DBBL Payment Gateway Page: https://ecom1.dutchbanglabank.com/ecomm2/ClientHandler?card_type=6&trans_id=Rq3LHz3KhSIuLg9SqsZ2qdHhM6I%3D
2022.10.6 06:29:35#---------------------- Complete New Transaction---------------------
2022.10.6 06:29:35#Get trans_id From Post Value:Rq3LHz3KhSIuLg9SqsZ2qdHhM6I=
2022.10.6 06:29:35#clientIp:37.111.215.175
2022.10.6 06:29:35#trans_id:Rq3LHz3KhSIuLg9SqsZ2qdHhM6I=
2022.10.6 06:29:37#result:RESULT>OK^RESULT_CODE>000^3DSECURE>SKIPPED^RRN>227906538621^APPROVAL_CODE>701137^CARD_NUMBER>999999*********1168^AMOUNT>222000^CARDNAME>mb account^DESCRIPTION>6MEM2201475^TRANS_DATE>2022-10-06 12:29:34 PM
2022.10.6 06:29:37#6183006062937
2022.10.6 06:29:37#6183006062937
2022.10.6 06:29:37#6183006062937
2022.10.6 06:29:37#6183006062937
2022.10.6 06:29:37#=================== Transaction Completed =======================
2022.10.6 07:25:07#=================== Start New Transaction ===================
2022.10.6 07:25:07#txnrefnum:MBG2105028
2022.10.6 07:25:07#clientIp:202.134.14.132
2022.10.6 07:25:07#card type:6
2022.10.6 07:25:07#totalamount:322000
2022.10.6 07:25:11#result:TRANSACTION_ID:uXfb2SXqwKj1zESRvT5MNgN8PXw=
2022.10.6 07:25:11#Forward to DBBL Payment Gateway Page: https://ecom1.dutchbanglabank.com/ecomm2/ClientHandler?card_type=6&trans_id=uXfb2SXqwKj1zESRvT5MNgN8PXw%3D
2022.10.6 07:35:27#=================== Start New Transaction ===================
2022.10.6 07:35:27#txnrefnum:MEM2006017
2022.10.6 07:35:27#clientIp:103.29.127.120
2022.10.6 07:35:27#card type:6
2022.10.6 07:35:27#totalamount:442000
2022.10.6 07:35:31#result:TRANSACTION_ID:jY4eeVuqYR3U15X5XdjKRSeMm1U=
2022.10.6 07:35:31#Forward to DBBL Payment Gateway Page: https://ecom1.dutchbanglabank.com/ecomm2/ClientHandler?card_type=6&trans_id=jY4eeVuqYR3U15X5XdjKRSeMm1U%3D
2022.10.6 07:35:40#=================== Start New Transaction ===================
2022.10.6 07:35:40#txnrefnum:MEM2006017
2022.10.6 07:35:40#clientIp:103.29.127.120
2022.10.6 07:35:40#card type:6
2022.10.6 07:35:40#totalamount:442000
2022.10.6 07:35:45#result:TRANSACTION_ID:5erJeEEv8PZPPzm3PM9UyePj6tI=
2022.10.6 07:35:45#Forward to DBBL Payment Gateway Page: https://ecom1.dutchbanglabank.com/ecomm2/ClientHandler?card_type=6&trans_id=5erJeEEv8PZPPzm3PM9UyePj6tI%3D
2022.10.6 07:36:46#---------------------- Complete New Transaction---------------------
2022.10.6 07:36:46#Get trans_id From Post Value:5erJeEEv8PZPPzm3PM9UyePj6tI=
2022.10.6 07:36:46#clientIp:103.29.127.120
2022.10.6 07:36:46#trans_id:5erJeEEv8PZPPzm3PM9UyePj6tI=
2022.10.6 07:36:48#result:RESULT>OK^RESULT_CODE>000^3DSECURE>SKIPPED^RRN>227907545520^APPROVAL_CODE>048207^CARD_NUMBER>999999*********7616^AMOUNT>442000^CARDNAME>mb account^DESCRIPTION>6MEM2006017^TRANS_DATE>2022-10-06 01:36:45 PM
2022.10.6 07:36:48#17893306073648
2022.10.6 07:36:48#17893306073648
2022.10.6 07:36:48#17893306073648
2022.10.6 07:36:48#17893306073648
2022.10.6 07:36:48#17893306073648
2022.10.6 07:36:48#17893306073648
2022.10.6 07:36:48#17893306073648
2022.10.6 07:36:48#17893306073648
2022.10.6 07:36:48#=================== Transaction Completed =======================
2022.10.6 07:43:49#=================== Start New Transaction ===================
2022.10.6 07:43:49#txnrefnum:MEM2006017
2022.10.6 07:43:49#clientIp:103.29.127.120
2022.10.6 07:43:49#card type:6
2022.10.6 07:43:49#totalamount:2000
2022.10.6 07:43:52#result:TRANSACTION_ID:2ydshprUXqLbqVTYGE4ABO6PGkg=
2022.10.6 07:43:52#Forward to DBBL Payment Gateway Page: https://ecom1.dutchbanglabank.com/ecomm2/ClientHandler?card_type=6&trans_id=2ydshprUXqLbqVTYGE4ABO6PGkg%3D
2022.10.6 07:47:24#=================== Start New Transaction ===================
2022.10.6 07:47:24#=================== Start New Transaction ===================
2022.10.6 07:47:24#=================== Start New Transaction ===================
2022.10.6 07:47:26#=================== Start New Transaction ===================
2022.10.6 07:47:26#txnrefnum:MEM2203247
2022.10.6 07:47:26#clientIp:103.184.94.7
2022.10.6 07:47:26#card type:6
2022.10.6 07:47:26#totalamount:332000
2022.10.6 07:47:30#result:TRANSACTION_ID:qvxcpj1jbTeCUt25PT9e3SiHKCM=
2022.10.6 07:47:30#Forward to DBBL Payment Gateway Page: https://ecom1.dutchbanglabank.com/ecomm2/ClientHandler?card_type=6&trans_id=qvxcpj1jbTeCUt25PT9e3SiHKCM%3D
2022.10.6 07:48:35#=================== Start New Transaction ===================
2022.10.6 07:48:35#txnrefnum:MEM2203247
2022.10.6 07:48:35#clientIp:103.184.94.7
2022.10.6 07:48:35#card type:6
2022.10.6 07:48:35#totalamount:332000
2022.10.6 07:48:38#result:TRANSACTION_ID:fjnnGiRzBwWelltJM9ob8oGRcSI=
2022.10.6 07:48:39#Forward to DBBL Payment Gateway Page: https://ecom1.dutchbanglabank.com/ecomm2/ClientHandler?card_type=6&trans_id=fjnnGiRzBwWelltJM9ob8oGRcSI%3D
2022.10.6 07:49:04#=================== Start New Transaction ===================
2022.10.6 07:49:04#txnrefnum:MEM2203247
2022.10.6 07:49:04#clientIp:103.184.94.7
2022.10.6 07:49:04#card type:6
2022.10.6 07:49:04#totalamount:332000
2022.10.6 07:49:08#result:TRANSACTION_ID:waSgOcR0gRSvEDJMjbLPXqkRUs0=
2022.10.6 07:49:08#Forward to DBBL Payment Gateway Page: https://ecom1.dutchbanglabank.com/ecomm2/ClientHandler?card_type=6&trans_id=waSgOcR0gRSvEDJMjbLPXqkRUs0%3D
2022.10.6 07:54:13#=================== Start New Transaction ===================
2022.10.6 07:54:13#txnrefnum:MBB2109119
2022.10.6 07:54:13#clientIp:37.111.194.56
2022.10.6 07:54:13#card type:6
2022.10.6 07:54:13#totalamount:162000
2022.10.6 07:54:16#result:TRANSACTION_ID:P1PICqV9dvncPhAloj97GwnmtTQ=
2022.10.6 07:54:16#Forward to DBBL Payment Gateway Page: https://ecom1.dutchbanglabank.com/ecomm2/ClientHandler?card_type=6&trans_id=P1PICqV9dvncPhAloj97GwnmtTQ%3D
2022.10.6 07:54:31#=================== Start New Transaction ===================
2022.10.6 07:54:31#txnrefnum:MEM2203247
2022.10.6 07:54:31#clientIp:103.184.94.7
2022.10.6 07:54:31#card type:6
2022.10.6 07:54:31#totalamount:332000
2022.10.6 07:54:34#result:TRANSACTION_ID:kwwgS7hECd5E8mcLDpV66Q3qWNw=
2022.10.6 07:54:35#Forward to DBBL Payment Gateway Page: https://ecom1.dutchbanglabank.com/ecomm2/ClientHandler?card_type=6&trans_id=kwwgS7hECd5E8mcLDpV66Q3qWNw%3D
2022.10.6 07:55:08#---------------------- Complete New Transaction---------------------
2022.10.6 07:55:08#Get trans_id From Post Value:P1PICqV9dvncPhAloj97GwnmtTQ=
2022.10.6 07:55:08#clientIp:37.111.194.56
2022.10.6 07:55:08#trans_id:P1PICqV9dvncPhAloj97GwnmtTQ=
2022.10.6 07:55:10#result:RESULT>OK^RESULT_CODE>000^3DSECURE>SKIPPED^RRN>227907547444^APPROVAL_CODE>211295^CARD_NUMBER>999999*********6274^AMOUNT>162000^CARDNAME>mb account^DESCRIPTION>6MBB2109119^TRANS_DATE>2022-10-06 01:55:07 PM
2022.10.6 07:55:10#21484706075510
2022.10.6 07:55:10#21484706075510
2022.10.6 07:55:10#21484706075510
2022.10.6 07:55:10#21484706075510
2022.10.6 07:55:10#=================== Transaction Completed =======================
2022.10.6 08:15:10#=================== Start New Transaction ===================
2022.10.6 08:15:10#txnrefnum:BBM2008225
2022.10.6 08:15:10#clientIp:103.138.120.247
2022.10.6 08:15:10#card type:6
2022.10.6 08:15:10#totalamount:242000
2022.10.6 08:15:13#result:TRANSACTION_ID:NtHEGSGRqaiWkjTK4PpizSmpNxo=
2022.10.6 08:15:13#Forward to DBBL Payment Gateway Page: https://ecom1.dutchbanglabank.com/ecomm2/ClientHandler?card_type=6&trans_id=NtHEGSGRqaiWkjTK4PpizSmpNxo%3D
2022.10.6 08:15:37#---------------------- Complete New Transaction---------------------
2022.10.6 08:15:37#Get trans_id From Post Value:NtHEGSGRqaiWkjTK4PpizSmpNxo=
2022.10.6 08:15:37#clientIp:103.138.120.247
2022.10.6 08:15:37#trans_id:NtHEGSGRqaiWkjTK4PpizSmpNxo=
2022.10.6 08:15:39#result:RESULT>OK^RESULT_CODE>000^3DSECURE>SKIPPED^RRN>227908549481^APPROVAL_CODE>270012^CARD_NUMBER>999999*********0605^AMOUNT>242000^CARDNAME>mb account^DESCRIPTION>6BBM2008225^TRANS_DATE>2022-10-06 02:15:37 PM
2022.10.6 08:15:39#27259906081539
2022.10.6 08:15:39#27259906081539
2022.10.6 08:15:39#27259906081539
2022.10.6 08:15:39#27259906081539
2022.10.6 08:15:39#27259906081539
2022.10.6 08:15:39#27259906081539
2022.10.6 08:15:39#=================== Transaction Completed =======================
2022.10.6 10:19:23#=================== Start New Transaction ===================
2022.10.6 10:19:23#txnrefnum:BBG2109030
2022.10.6 10:19:23#clientIp:37.111.197.89
2022.10.6 10:19:23#card type:6
2022.10.6 10:19:23#totalamount:242000
2022.10.6 10:19:27#result:TRANSACTION_ID:HoUrFTswhPwVoOAchsIG3fGaE1c=
2022.10.6 10:19:27#Forward to DBBL Payment Gateway Page: https://ecom1.dutchbanglabank.com/ecomm2/ClientHandler?card_type=6&trans_id=HoUrFTswhPwVoOAchsIG3fGaE1c%3D
2022.10.6 10:21:07#=================== Start New Transaction ===================
2022.10.6 10:21:07#txnrefnum:BBG2109030
2022.10.6 10:21:07#clientIp:37.111.197.89
2022.10.6 10:21:07#card type:6
2022.10.6 10:21:07#totalamount:242000
2022.10.6 10:21:10#result:TRANSACTION_ID:UqBNwnGwrgbUnBU4OpWwwgI8umg=
2022.10.6 10:21:10#Forward to DBBL Payment Gateway Page: https://ecom1.dutchbanglabank.com/ecomm2/ClientHandler?card_type=6&trans_id=UqBNwnGwrgbUnBU4OpWwwgI8umg%3D
2022.10.6 10:22:51#---------------------- Complete New Transaction---------------------
2022.10.6 10:22:51#Get trans_id From Post Value:UqBNwnGwrgbUnBU4OpWwwgI8umg=
2022.10.6 10:22:53#clientIp:37.111.197.89
2022.10.6 10:22:53#trans_id:UqBNwnGwrgbUnBU4OpWwwgI8umg=
2022.10.6 10:23:22#result:RESULT>OK^RESULT_CODE>000^3DSECURE>SKIPPED^RRN>227910561366^APPROVAL_CODE>922465^CARD_NUMBER>999999*********7443^AMOUNT>242000^CARDNAME>mb account^DESCRIPTION>6BBG2109030^TRANS_DATE>2022-10-06 04:22:50 PM
2022.10.6 10:23:22#27174906102322
2022.10.6 10:23:22#27174906102322
2022.10.6 10:23:22#27174906102322
2022.10.6 10:23:22#27174906102322
2022.10.6 10:23:22#27174906102322
2022.10.6 10:23:22#27174906102322
2022.10.6 10:23:22#=================== Transaction Completed =======================
2022.10.6 11:08:05#=================== Start New Transaction ===================
2022.10.6 11:08:05#txnrefnum:BBM2202054
2022.10.6 11:08:05#clientIp:37.111.212.27
2022.10.6 11:08:05#card type:6
2022.10.6 11:08:05#totalamount:162000
2022.10.6 11:08:09#result:TRANSACTION_ID:J8u3jf7idUplamMohyZfEpn8WSw=
2022.10.6 11:08:09#Forward to DBBL Payment Gateway Page: https://ecom1.dutchbanglabank.com/ecomm2/ClientHandler?card_type=6&trans_id=J8u3jf7idUplamMohyZfEpn8WSw%3D
2022.10.6 11:13:07#=================== Start New Transaction ===================
2022.10.6 11:13:07#txnrefnum:BBM2205054
2022.10.6 11:13:07#clientIp:37.111.212.27
2022.10.6 11:13:07#card type:6
2022.10.6 11:13:07#totalamount:162000
2022.10.6 11:13:11#result:TRANSACTION_ID:kSmzcv1dB6cSgoFHDrNc4V0ggQU=
2022.10.6 11:13:11#Forward to DBBL Payment Gateway Page: https://ecom1.dutchbanglabank.com/ecomm2/ClientHandler?card_type=6&trans_id=kSmzcv1dB6cSgoFHDrNc4V0ggQU%3D
2022.10.6 11:41:46#=================== Start New Transaction ===================
2022.10.6 11:41:46#txnrefnum:BBD2209074
2022.10.6 11:41:46#clientIp:118.179.3.84
2022.10.6 11:41:46#card type:6
2022.10.6 11:41:46#totalamount:162000
2022.10.6 11:41:49#result:TRANSACTION_ID:PupEnmJCTcNMBjRDnfrAbHq7qWs=
2022.10.6 11:41:49#Forward to DBBL Payment Gateway Page: https://ecom1.dutchbanglabank.com/ecomm2/ClientHandler?card_type=6&trans_id=PupEnmJCTcNMBjRDnfrAbHq7qWs%3D
2022.10.6 11:43:00#---------------------- Complete New Transaction---------------------
2022.10.6 11:43:00#Get trans_id From Post Value:PupEnmJCTcNMBjRDnfrAbHq7qWs=
2022.10.6 11:43:00#clientIp:118.179.3.84
2022.10.6 11:43:00#trans_id:PupEnmJCTcNMBjRDnfrAbHq7qWs=
2022.10.6 11:43:02#result:RESULT>OK^RESULT_CODE>000^3DSECURE>SKIPPED^RRN>227911569032^APPROVAL_CODE>603495^CARD_NUMBER>999999*********2122^AMOUNT>162000^CARDNAME>mb account^DESCRIPTION>6BBD2209074^TRANS_DATE>2022-10-06 05:42:59 PM
2022.10.6 11:43:02#26007106114302
2022.10.6 11:43:02#26007106114302
2022.10.6 11:43:02#26007106114302
2022.10.6 11:43:02#26007106114302
2022.10.6 11:43:02#=================== Transaction Completed =======================
2022.10.6 12:12:14#=================== Start New Transaction ===================
2022.10.6 12:12:14#txnrefnum:MBD2201177
2022.10.6 12:12:14#clientIp:202.84.36.23
2022.10.6 12:12:14#card type:6
2022.10.6 12:12:14#totalamount:82000
2022.10.6 12:12:18#result:TRANSACTION_ID:Wr1IA6r1TIwDtygQAarlf9LrjPc=
2022.10.6 12:12:18#Forward to DBBL Payment Gateway Page: https://ecom1.dutchbanglabank.com/ecomm2/ClientHandler?card_type=6&trans_id=Wr1IA6r1TIwDtygQAarlf9LrjPc%3D
2022.10.6 12:12:54#---------------------- Complete New Transaction---------------------
2022.10.6 12:12:54#Get trans_id From Post Value:Wr1IA6r1TIwDtygQAarlf9LrjPc=
2022.10.6 12:12:54#clientIp:202.84.36.23
2022.10.6 12:12:54#trans_id:Wr1IA6r1TIwDtygQAarlf9LrjPc=
2022.10.6 12:12:56#result:RESULT>OK^RESULT_CODE>000^3DSECURE>SKIPPED^RRN>227912571841^APPROVAL_CODE>855846^CARD_NUMBER>999999*********5464^AMOUNT>82000^CARDNAME>mb account^DESCRIPTION>6MBD2201177^TRANS_DATE>2022-10-06 06:12:53 PM
2022.10.6 12:12:56#22347106121256
2022.10.6 12:12:56#22347106121256
2022.10.6 12:12:56#=================== Transaction Completed =======================
2022.10.6 12:14:18#=================== Start New Transaction ===================
2022.10.6 12:14:18#txnrefnum:BBD2005166
2022.10.6 12:14:18#clientIp:202.84.36.23
2022.10.6 12:14:18#card type:6
2022.10.6 12:14:18#totalamount:82000
2022.10.6 12:14:21#result:TRANSACTION_ID:oa6IJFPptVIFcWMeufZoInLJy2s=
2022.10.6 12:14:21#Forward to DBBL Payment Gateway Page: https://ecom1.dutchbanglabank.com/ecomm2/ClientHandler?card_type=6&trans_id=oa6IJFPptVIFcWMeufZoInLJy2s%3D
2022.10.6 12:14:44#---------------------- Complete New Transaction---------------------
2022.10.6 12:14:44#Get trans_id From Post Value:oa6IJFPptVIFcWMeufZoInLJy2s=
2022.10.6 12:14:44#clientIp:202.84.36.23
2022.10.6 12:14:44#trans_id:oa6IJFPptVIFcWMeufZoInLJy2s=
2022.10.6 12:14:45#result:RESULT>OK^RESULT_CODE>000^3DSECURE>SKIPPED^RRN>227912572031^APPROVAL_CODE>862268^CARD_NUMBER>999999*********5464^AMOUNT>82000^CARDNAME>mb account^DESCRIPTION>6BBD2005166^TRANS_DATE>2022-10-06 06:14:43 PM
2022.10.6 12:14:46#24734606121445
2022.10.6 12:14:46#24734606121445
2022.10.6 12:14:46#=================== Transaction Completed =======================
2022.10.6 12:42:31#=================== Start New Transaction ===================
2022.10.6 12:42:31#txnrefnum:BBD2003079
2022.10.6 12:42:31#clientIp:123.253.65.226
2022.10.6 12:42:31#card type:6
2022.10.6 12:42:31#totalamount:162000
2022.10.6 12:42:35#result:TRANSACTION_ID:UAA9G3EVJtTke38DX37OzA7BxNg=
2022.10.6 12:42:35#Forward to DBBL Payment Gateway Page: https://ecom1.dutchbanglabank.com/ecomm2/ClientHandler?card_type=6&trans_id=UAA9G3EVJtTke38DX37OzA7BxNg%3D
2022.10.6 12:48:52#---------------------- Complete New Transaction---------------------
2022.10.6 12:48:52#Get trans_id From Post Value:UAA9G3EVJtTke38DX37OzA7BxNg=
2022.10.6 12:48:52#clientIp:123.253.65.226
2022.10.6 12:48:52#trans_id:UAA9G3EVJtTke38DX37OzA7BxNg=
2022.10.6 12:48:54#result:RESULT>TIMEOUT^RESULT_CODE>999^3DSECURE>0^RRN>0^APPROVAL_CODE>0^CARD_NUMBER>0^AMOUNT>162000^CARDNAME>0^DESCRIPTION>6BBD2003079^TRANS_DATE>2022-10-06 06:48:51 PM
2022.10.6 12:48:54#Failed
2022.10.6 12:50:37#=================== Start New Transaction ===================
2022.10.6 12:50:37#txnrefnum:BBD2003079
2022.10.6 12:50:37#clientIp:123.253.65.226
2022.10.6 12:50:37#card type:6
2022.10.6 12:50:37#totalamount:162000
2022.10.6 12:50:41#result:TRANSACTION_ID:pLYqBdnIPbzDKuBKOMOZHtxCzA4=
2022.10.6 12:50:41#Forward to DBBL Payment Gateway Page: https://ecom1.dutchbanglabank.com/ecomm2/ClientHandler?card_type=6&trans_id=pLYqBdnIPbzDKuBKOMOZHtxCzA4%3D
2022.10.6 12:51:14#---------------------- Complete New Transaction---------------------
2022.10.6 12:51:14#Get trans_id From Post Value:pLYqBdnIPbzDKuBKOMOZHtxCzA4=
2022.10.6 12:51:14#clientIp:123.253.65.226
2022.10.6 12:51:14#trans_id:pLYqBdnIPbzDKuBKOMOZHtxCzA4=
2022.10.6 12:51:16#result:RESULT>OK^RESULT_CODE>000^3DSECURE>SKIPPED^RRN>227912576077^APPROVAL_CODE>231205^CARD_NUMBER>999999*********8883^AMOUNT>162000^CARDNAME>mb account^DESCRIPTION>6BBD2003079^TRANS_DATE>2022-10-06 06:51:12 PM
2022.10.6 12:51:16#23655506125116
2022.10.6 12:51:16#23655506125116
2022.10.6 12:51:16#23655506125116
2022.10.6 12:51:16#23655506125116
2022.10.6 12:51:16#=================== Transaction Completed =======================
2022.10.6 13:15:52#=================== Start New Transaction ===================
2022.10.6 13:15:52#txnrefnum:BBG2101089
2022.10.6 13:15:52#clientIp:103.166.89.189
2022.10.6 13:15:52#card type:6
2022.10.6 13:15:52#totalamount:242000
2022.10.6 13:15:56#result:TRANSACTION_ID:MjSvDHtRwX8fSnTzxvI1P1Vknw0=
2022.10.6 13:15:56#Forward to DBBL Payment Gateway Page: https://ecom1.dutchbanglabank.com/ecomm2/ClientHandler?card_type=6&trans_id=MjSvDHtRwX8fSnTzxvI1P1Vknw0%3D
2022.10.6 13:16:40#---------------------- Complete New Transaction---------------------
2022.10.6 13:16:40#Get trans_id From Post Value:MjSvDHtRwX8fSnTzxvI1P1Vknw0=
2022.10.6 13:16:40#clientIp:103.166.89.189
2022.10.6 13:16:40#trans_id:MjSvDHtRwX8fSnTzxvI1P1Vknw0=
2022.10.6 13:16:43#result:RESULT>OK^RESULT_CODE>000^3DSECURE>SKIPPED^RRN>227913578724^APPROVAL_CODE>442571^CARD_NUMBER>999999*********1332^AMOUNT>242000^CARDNAME>mb account^DESCRIPTION>6BBG2101089^TRANS_DATE>2022-10-06 07:16:39 PM
2022.10.6 13:16:43#22727706011643
2022.10.6 13:16:43#22727706011643
2022.10.6 13:16:43#22727706011643
2022.10.6 13:16:43#22727706011643
2022.10.6 13:16:43#22727706011643
2022.10.6 13:16:43#22727706011643
2022.10.6 13:16:43#=================== Transaction Completed =======================
2022.10.6 13:18:28#=================== Start New Transaction ===================
2022.10.6 13:18:28#txnrefnum:MBG2107037
2022.10.6 13:18:28#clientIp:43.245.123.239
2022.10.6 13:18:28#card type:6
2022.10.6 13:18:28#totalamount:562000
2022.10.6 13:18:36#result:TRANSACTION_ID:4xnbOPpu0jmglk8UPUFP0VaP3G0=
2022.10.6 13:18:36#Forward to DBBL Payment Gateway Page: https://ecom1.dutchbanglabank.com/ecomm2/ClientHandler?card_type=6&trans_id=4xnbOPpu0jmglk8UPUFP0VaP3G0%3D
2022.10.6 13:20:28#---------------------- Complete New Transaction---------------------
2022.10.6 13:20:28#Get trans_id From Post Value:4xnbOPpu0jmglk8UPUFP0VaP3G0=
2022.10.6 13:20:28#clientIp:103.67.158.126
2022.10.6 13:20:28#trans_id:4xnbOPpu0jmglk8UPUFP0VaP3G0=
2022.10.6 13:20:30#result:RESULT>OK^RESULT_CODE>000^3DSECURE>SKIPPED^RRN>227913579090^APPROVAL_CODE>529731^CARD_NUMBER>999999*********9132^AMOUNT>562000^CARDNAME>mb account^DESCRIPTION>6MBG2107037^TRANS_DATE>2022-10-06 07:20:27 PM
2022.10.6 13:20:30#17799406012030
2022.10.6 13:20:30#17799406012030
2022.10.6 13:20:30#17799406012030
2022.10.6 13:20:30#17799406012030
2022.10.6 13:20:30#17799406012030
2022.10.6 13:20:30#17799406012030
2022.10.6 13:20:30#17799406012030
2022.10.6 13:20:30#17799406012030
2022.10.6 13:20:30#17799406012030
2022.10.6 13:20:30#17799406012030
2022.10.6 13:20:30#17799406012030
2022.10.6 13:20:30#17799406012030
2022.10.6 13:20:30#17799406012030
2022.10.6 13:20:30#17799406012030
2022.10.6 13:20:30#=================== Transaction Completed =======================
2022.10.6 14:17:17#=================== Start New Transaction ===================
2022.10.6 14:17:17#txnrefnum:BBD2008183
2022.10.6 14:17:17#clientIp:103.138.120.141
2022.10.6 14:17:17#card type:6
2022.10.6 14:17:17#totalamount:82000
2022.10.6 14:17:27#result:TRANSACTION_ID:DiE8zVtJJBEKcyoC7YrnfQTpsLU=
2022.10.6 14:17:27#Forward to DBBL Payment Gateway Page: https://ecom1.dutchbanglabank.com/ecomm2/ClientHandler?card_type=6&trans_id=DiE8zVtJJBEKcyoC7YrnfQTpsLU%3D
2022.10.6 14:18:12#---------------------- Complete New Transaction---------------------
2022.10.6 14:18:12#Get trans_id From Post Value:DiE8zVtJJBEKcyoC7YrnfQTpsLU=
2022.10.6 14:18:12#clientIp:103.138.120.141
2022.10.6 14:18:12#trans_id:DiE8zVtJJBEKcyoC7YrnfQTpsLU=
2022.10.6 14:18:14#result:RESULT>OK^RESULT_CODE>000^3DSECURE>SKIPPED^RRN>227914584361^APPROVAL_CODE>048047^CARD_NUMBER>999999*********0605^AMOUNT>82000^CARDNAME>mb account^DESCRIPTION>6BBD2008183^TRANS_DATE>2022-10-06 08:18:11 PM
2022.10.6 14:18:15#26884506021814
2022.10.6 14:18:15#26884506021814
2022.10.6 14:18:15#=================== Transaction Completed =======================
2022.10.6 14:36:27#=================== Start New Transaction ===================
2022.10.6 14:36:27#txnrefnum:MBM2007209
2022.10.6 14:36:27#clientIp:103.58.75.8
2022.10.6 14:36:27#card type:6
2022.10.6 14:36:27#totalamount:242000
2022.10.6 14:36:31#result:TRANSACTION_ID:sM9o1yQ530B9ReObMleIpo3h8lg=
2022.10.6 14:36:31#Forward to DBBL Payment Gateway Page: https://ecom1.dutchbanglabank.com/ecomm2/ClientHandler?card_type=6&trans_id=sM9o1yQ530B9ReObMleIpo3h8lg%3D
2022.10.6 14:37:08#---------------------- Complete New Transaction---------------------
2022.10.6 14:37:08#Get trans_id From Post Value:sM9o1yQ530B9ReObMleIpo3h8lg=
2022.10.6 14:37:08#clientIp:103.58.75.8
2022.10.6 14:37:08#trans_id:sM9o1yQ530B9ReObMleIpo3h8lg=
2022.10.6 14:37:10#result:RESULT>OK^RESULT_CODE>000^3DSECURE>SKIPPED^RRN>227914585974^APPROVAL_CODE>242903^CARD_NUMBER>999999*********1830^AMOUNT>242000^CARDNAME>mb account^DESCRIPTION>6MBM2007209^TRANS_DATE>2022-10-06 08:37:07 PM
2022.10.6 14:37:10#19941806023710
2022.10.6 14:37:10#19941806023710
2022.10.6 14:37:10#19941806023710
2022.10.6 14:37:10#19941806023710
2022.10.6 14:37:10#19941806023710
2022.10.6 14:37:10#19941806023710
2022.10.6 14:37:10#=================== Transaction Completed =======================
2022.10.6 14:39:51#=================== Start New Transaction ===================
2022.10.6 14:39:51#txnrefnum:BBD2008111
2022.10.6 14:39:51#clientIp:103.178.73.33
2022.10.6 14:39:51#card type:6
2022.10.6 14:39:51#totalamount:322000
2022.10.6 14:39:55#result:TRANSACTION_ID:skBnCFq6aWmoucnlZ0gOU4CuMDE=
2022.10.6 14:39:55#Forward to DBBL Payment Gateway Page: https://ecom1.dutchbanglabank.com/ecomm2/ClientHandler?card_type=6&trans_id=skBnCFq6aWmoucnlZ0gOU4CuMDE%3D
2022.10.6 14:56:18#=================== Start New Transaction ===================
2022.10.6 14:56:18#txnrefnum:MBM2208124
2022.10.6 14:56:18#clientIp:103.134.38.34
2022.10.6 14:56:18#card type:6
2022.10.6 14:56:18#totalamount:82000
2022.10.6 14:56:26#result:TRANSACTION_ID:koAeseDKeSBcEToO33AuS6jd8ew=
2022.10.6 14:56:26#Forward to DBBL Payment Gateway Page: https://ecom1.dutchbanglabank.com/ecomm2/ClientHandler?card_type=6&trans_id=koAeseDKeSBcEToO33AuS6jd8ew%3D
2022.10.6 15:00:18#=================== Start New Transaction ===================
2022.10.6 15:00:18#txnrefnum:MBM2208124
2022.10.6 15:00:18#clientIp:103.134.38.34
2022.10.6 15:00:18#card type:6
2022.10.6 15:00:18#totalamount:82000
2022.10.6 15:00:22#result:TRANSACTION_ID:CSgITRXlWBP11DakolVc8EqagEY=
2022.10.6 15:00:22#Forward to DBBL Payment Gateway Page: https://ecom1.dutchbanglabank.com/ecomm2/ClientHandler?card_type=6&trans_id=CSgITRXlWBP11DakolVc8EqagEY%3D
2022.10.6 15:44:03#=================== Start New Transaction ===================
2022.10.6 15:44:03#txnrefnum:MBB2104076
2022.10.6 15:44:03#clientIp:103.149.147.132
2022.10.6 15:44:03#card type:6
2022.10.6 15:44:03#totalamount:82000
2022.10.6 15:44:07#result:TRANSACTION_ID:KcApWfMtWGFpmdGg9DYR1X5gDvw=
2022.10.6 15:44:07#Forward to DBBL Payment Gateway Page: https://ecom1.dutchbanglabank.com/ecomm2/ClientHandler?card_type=6&trans_id=KcApWfMtWGFpmdGg9DYR1X5gDvw%3D
2022.10.6 15:44:30#=================== Start New Transaction ===================
2022.10.6 15:44:30#txnrefnum:MBB2104076
2022.10.6 15:44:30#clientIp:103.149.147.132
2022.10.6 15:44:30#card type:6
2022.10.6 15:44:30#totalamount:82000
2022.10.6 15:44:34#result:TRANSACTION_ID:PVp4AqpdSIqXT7BPFDuYPFlYxQI=
2022.10.6 15:44:34#Forward to DBBL Payment Gateway Page: https://ecom1.dutchbanglabank.com/ecomm2/ClientHandler?card_type=6&trans_id=PVp4AqpdSIqXT7BPFDuYPFlYxQI%3D
2022.10.6 15:45:44#=================== Start New Transaction ===================
2022.10.6 15:45:44#txnrefnum:MBB2104076
2022.10.6 15:45:44#clientIp:103.149.147.132
2022.10.6 15:45:44#card type:6
2022.10.6 15:45:44#totalamount:82000
2022.10.6 15:45:48#result:TRANSACTION_ID:n2tefODFSAzcW17goYeHThVprDU=
2022.10.6 15:45:48#Forward to DBBL Payment Gateway Page: https://ecom1.dutchbanglabank.com/ecomm2/ClientHandler?card_type=6&trans_id=n2tefODFSAzcW17goYeHThVprDU%3D
2022.10.6 15:46:41#---------------------- Complete New Transaction---------------------
2022.10.6 15:46:41#Get trans_id From Post Value:n2tefODFSAzcW17goYeHThVprDU=
2022.10.6 15:46:41#clientIp:103.149.147.132
2022.10.6 15:46:41#trans_id:n2tefODFSAzcW17goYeHThVprDU=
2022.10.6 15:46:44#result:RESULT>OK^RESULT_CODE>000^3DSECURE>SKIPPED^RRN>227915592421^APPROVAL_CODE>927903^CARD_NUMBER>999999*********5072^AMOUNT>82000^CARDNAME>mb account^DESCRIPTION>6MBB2104076^TRANS_DATE>2022-10-06 09:46:40 PM
2022.10.6 15:46:44#12928806034644
2022.10.6 15:46:44#12928806034644
2022.10.6 15:46:44#=================== Transaction Completed =======================
2022.10.6 16:19:04#=================== Start New Transaction ===================
2022.10.6 16:19:04#txnrefnum:BBM2202054
2022.10.6 16:19:04#clientIp:119.30.35.156
2022.10.6 16:19:04#card type:6
2022.10.6 16:19:04#totalamount:162000
2022.10.6 16:19:07#=================== Start New Transaction ===================
2022.10.6 16:19:07#txnrefnum:BBM2202054
2022.10.6 16:19:07#clientIp:119.30.35.156
2022.10.6 16:19:07#card type:6
2022.10.6 16:19:07#totalamount:162000
2022.10.6 16:19:13#result:TRANSACTION_ID:GGS7KHOSSJlqYmA7qLX4FgtOLX8=
2022.10.6 16:19:13#Forward to DBBL Payment Gateway Page: https://ecom1.dutchbanglabank.com/ecomm2/ClientHandler?card_type=6&trans_id=GGS7KHOSSJlqYmA7qLX4FgtOLX8%3D
2022.10.6 16:21:05#=================== Start New Transaction ===================
2022.10.6 16:21:05#txnrefnum:MBB2109023
2022.10.6 16:21:05#clientIp:202.144.203.12
2022.10.6 16:21:05#card type:6
2022.10.6 16:21:05#totalamount:562000
2022.10.6 16:21:11#result:TRANSACTION_ID:UyPlxhd25zTLBvoVGPEPbP29mtM=
2022.10.6 16:21:11#Forward to DBBL Payment Gateway Page: https://ecom1.dutchbanglabank.com/ecomm2/ClientHandler?card_type=6&trans_id=UyPlxhd25zTLBvoVGPEPbP29mtM%3D
2022.10.6 16:21:14#=================== Start New Transaction ===================
2022.10.6 16:21:14#txnrefnum:BBM2202054
2022.10.6 16:21:14#clientIp:119.30.35.156
2022.10.6 16:21:14#card type:6
2022.10.6 16:21:14#totalamount:162000
2022.10.6 16:21:20#result:TRANSACTION_ID:fTI3dXA88Ad4dA7k3Cyv3zMO73o=
2022.10.6 16:21:20#Forward to DBBL Payment Gateway Page: https://ecom1.dutchbanglabank.com/ecomm2/ClientHandler?card_type=6&trans_id=fTI3dXA88Ad4dA7k3Cyv3zMO73o%3D
2022.10.6 16:54:44#=================== Start New Transaction ===================
2022.10.6 16:54:44#txnrefnum:BBM2205054
2022.10.6 16:54:44#clientIp:119.30.35.156
2022.10.6 16:54:44#card type:6
2022.10.6 16:54:44#totalamount:162000
2022.10.6 16:54:50#result:TRANSACTION_ID:CFK9EGAatwP1pVv0QqHpPXuFSB0=
2022.10.6 16:54:50#Forward to DBBL Payment Gateway Page: https://ecom1.dutchbanglabank.com/ecomm2/ClientHandler?card_type=6&trans_id=CFK9EGAatwP1pVv0QqHpPXuFSB0%3D
2022.10.6 16:55:51#---------------------- Complete New Transaction---------------------
2022.10.6 16:55:51#Get trans_id From Post Value:CFK9EGAatwP1pVv0QqHpPXuFSB0=
2022.10.6 16:55:51#clientIp:119.30.35.156
2022.10.6 16:55:51#trans_id:CFK9EGAatwP1pVv0QqHpPXuFSB0=
2022.10.6 16:55:54#result:RESULT>OK^RESULT_CODE>000^3DSECURE>SKIPPED^RRN>227916597455^APPROVAL_CODE>339475^CARD_NUMBER>999999*********3327^AMOUNT>162000^CARDNAME>mb account^DESCRIPTION>6BBM2205054^TRANS_DATE>2022-10-06 10:55:50 PM
2022.10.6 16:55:54#23984306045554
2022.10.6 16:55:54#23984306045554
2022.10.6 16:55:54#23984306045554
2022.10.6 16:55:54#23984306045554
2022.10.6 16:55:54#=================== Transaction Completed =======================
2022.10.6 16:56:22#=================== Start New Transaction ===================
2022.10.6 16:56:22#txnrefnum:BBM2202054
2022.10.6 16:56:22#clientIp:119.30.35.156
2022.10.6 16:56:22#card type:6
2022.10.6 16:56:22#totalamount:162000
2022.10.6 16:56:28#result:TRANSACTION_ID:BcwpCNTJP6rHm133ys0PK96gOOc=
2022.10.6 16:56:28#Forward to DBBL Payment Gateway Page: https://ecom1.dutchbanglabank.com/ecomm2/ClientHandler?card_type=6&trans_id=BcwpCNTJP6rHm133ys0PK96gOOc%3D
2022.10.6 16:57:56#=================== Start New Transaction ===================
2022.10.6 16:57:56#txnrefnum:BBM2202054
2022.10.6 16:57:56#clientIp:119.30.35.156
2022.10.6 16:57:56#card type:6
2022.10.6 16:57:56#totalamount:162000
2022.10.6 16:58:03#result:TRANSACTION_ID:DUjcbRiTiLA8a0PbbeV1vsmWyb0=
2022.10.6 16:58:03#Forward to DBBL Payment Gateway Page: https://ecom1.dutchbanglabank.com/ecomm2/ClientHandler?card_type=6&trans_id=DUjcbRiTiLA8a0PbbeV1vsmWyb0%3D
2022.10.6 17:00:04#=================== Start New Transaction ===================
2022.10.6 17:00:04#txnrefnum:BBM2202054
2022.10.6 17:00:04#clientIp:119.30.35.156
2022.10.6 17:00:04#card type:6
2022.10.6 17:00:04#totalamount:162000
2022.10.6 17:00:11#result:TRANSACTION_ID:DhF1PPvyN35a1fMVps1LPF9WBCc=
2022.10.6 17:00:11#Forward to DBBL Payment Gateway Page: https://ecom1.dutchbanglabank.com/ecomm2/ClientHandler?card_type=6&trans_id=DhF1PPvyN35a1fMVps1LPF9WBCc%3D
2022.10.6 17:03:36#=================== Start New Transaction ===================
2022.10.6 17:03:36#txnrefnum:BBM2202054
2022.10.6 17:03:36#clientIp:119.30.35.156
2022.10.6 17:03:36#card type:6
2022.10.6 17:03:36#totalamount:162000
2022.10.6 17:03:40#result:TRANSACTION_ID:rPDKJEA6c3cRNrUcii986GMKzII=
2022.10.6 17:03:40#Forward to DBBL Payment Gateway Page: https://ecom1.dutchbanglabank.com/ecomm2/ClientHandler?card_type=6&trans_id=rPDKJEA6c3cRNrUcii986GMKzII%3D
2022.10.6 17:19:42#=================== Start New Transaction ===================
2022.10.6 17:19:42#txnrefnum:BBM2202054
2022.10.6 17:19:42#clientIp:119.30.35.156
2022.10.6 17:19:42#card type:6
2022.10.6 17:19:42#totalamount:162000
2022.10.6 17:19:46#result:TRANSACTION_ID:29Rg2cqLYQ6nwceUrSgv8zFoXvs=
2022.10.6 17:19:46#Forward to DBBL Payment Gateway Page: https://ecom1.dutchbanglabank.com/ecomm2/ClientHandler?card_type=6&trans_id=29Rg2cqLYQ6nwceUrSgv8zFoXvs%3D