
2022.8.5 04:03:57#=================== Start New Transaction ===================
2022.8.5 04:03:57#txnrefnum:MBD2004413
2022.8.5 04:03:57#clientIp:37.111.213.166
2022.8.5 04:03:57#card type:6
2022.8.5 04:03:57#totalamount:642000
2022.8.5 04:04:12#result:TRANSACTION_ID:vfiIdm4OliGzCYXfcGu7FeFpAbc=
2022.8.5 04:04:12#Forward to DBBL Payment Gateway Page: https://ecom1.dutchbanglabank.com/ecomm2/ClientHandler?card_type=6&trans_id=vfiIdm4OliGzCYXfcGu7FeFpAbc%3D
2022.8.5 04:08:47#---------------------- Complete New Transaction---------------------
2022.8.5 04:08:47#Get trans_id From Post Value:vfiIdm4OliGzCYXfcGu7FeFpAbc=
2022.8.5 04:08:47#clientIp:37.111.213.166
2022.8.5 04:08:47#trans_id:vfiIdm4OliGzCYXfcGu7FeFpAbc=
2022.8.5 04:08:54#result:RESULT>OK^RESULT_CODE>000^3DSECURE>SKIPPED^RRN>221704037715^APPROVAL_CODE>987289^CARD_NUMBER>999999*********1883^AMOUNT>642000^CARDNAME>mb account^DESCRIPTION>6MBD2004413^TRANS_DATE>2022-08-05 10:08:45 AM
2022.8.5 04:08:54#14313305040854
2022.8.5 04:08:54#14313305040854
2022.8.5 04:08:54#14313305040854
2022.8.5 04:08:54#14313305040854
2022.8.5 04:08:54#14313305040854
2022.8.5 04:08:54#14313305040854
2022.8.5 04:08:54#14313305040854
2022.8.5 04:08:54#14313305040854
2022.8.5 04:08:54#14313305040854
2022.8.5 04:08:54#14313305040854
2022.8.5 04:08:54#14313305040854
2022.8.5 04:08:54#14313305040854
2022.8.5 04:08:54#14313305040854
2022.8.5 04:08:54#14313305040854
2022.8.5 04:08:54#14313305040854
2022.8.5 04:08:54#14313305040854
2022.8.5 04:08:54#=================== Transaction Completed =======================
2022.8.5 05:09:14#=================== Start New Transaction ===================
2022.8.5 05:09:14#txnrefnum:MBM2006159
2022.8.5 05:09:14#clientIp:103.110.161.10
2022.8.5 05:09:14#card type:6
2022.8.5 05:09:14#totalamount:242000
2022.8.5 05:09:21#=================== Start New Transaction ===================
2022.8.5 05:09:21#txnrefnum:MBM2006159
2022.8.5 05:09:21#clientIp:103.110.161.10
2022.8.5 05:09:21#card type:6
2022.8.5 05:09:21#totalamount:242000
2022.8.5 05:09:43#result:TRANSACTION_ID:qI2CgwnXzz7qplChnfUwXG2BnsA=
2022.8.5 05:09:43#Forward to DBBL Payment Gateway Page: https://ecom1.dutchbanglabank.com/ecomm2/ClientHandler?card_type=6&trans_id=qI2CgwnXzz7qplChnfUwXG2BnsA%3D
2022.8.5 05:09:44#result:TRANSACTION_ID:SVlyHvShTeTUrR4PL7wOL6y5PiU=
2022.8.5 05:09:44#Forward to DBBL Payment Gateway Page: https://ecom1.dutchbanglabank.com/ecomm2/ClientHandler?card_type=6&trans_id=SVlyHvShTeTUrR4PL7wOL6y5PiU%3D
2022.8.5 05:10:06#=================== Start New Transaction ===================
2022.8.5 05:10:06#txnrefnum:MBB2102173
2022.8.5 05:10:06#clientIp:202.134.10.142
2022.8.5 05:10:06#card type:6
2022.8.5 05:10:06#totalamount:242000
2022.8.5 05:10:29#=================== Start New Transaction ===================
2022.8.5 05:10:29#txnrefnum:MBB2102173
2022.8.5 05:10:29#clientIp:202.134.10.142
2022.8.5 05:10:29#card type:6
2022.8.5 05:10:29#totalamount:242000
2022.8.5 05:10:30#result:TRANSACTION_ID:WUdU6KK3N7PAXvgNxVs4d2bMQ9A=
2022.8.5 05:10:31#Forward to DBBL Payment Gateway Page: https://ecom1.dutchbanglabank.com/ecomm2/ClientHandler?card_type=6&trans_id=WUdU6KK3N7PAXvgNxVs4d2bMQ9A%3D
2022.8.5 05:11:07#result:TRANSACTION_ID:WGXJvGuCW0jm6ozYC26ShnRtjwE=
2022.8.5 05:11:07#Forward to DBBL Payment Gateway Page: https://ecom1.dutchbanglabank.com/ecomm2/ClientHandler?card_type=6&trans_id=WGXJvGuCW0jm6ozYC26ShnRtjwE%3D
2022.8.5 05:12:16#---------------------- Complete New Transaction---------------------
2022.8.5 05:12:16#Get trans_id From Post Value:qI2CgwnXzz7qplChnfUwXG2BnsA=
2022.8.5 05:12:16#clientIp:103.110.161.10
2022.8.5 05:12:16#trans_id:qI2CgwnXzz7qplChnfUwXG2BnsA=
2022.8.5 05:12:24#result:RESULT>OK^RESULT_CODE>000^3DSECURE>SKIPPED^RRN>221705041445^APPROVAL_CODE>211000^CARD_NUMBER>999999*********3111^AMOUNT>242000^CARDNAME>mb account^DESCRIPTION>6MBM2006159^TRANS_DATE>2022-08-05 11:12:15 AM
2022.8.5 05:12:24#17723805051224
2022.8.5 05:12:24#17723805051224
2022.8.5 05:12:24#17723805051224
2022.8.5 05:12:24#17723805051224
2022.8.5 05:12:24#17723805051224
2022.8.5 05:12:24#17723805051224
2022.8.5 05:12:24#=================== Transaction Completed =======================
2022.8.5 05:15:04#---------------------- Complete New Transaction---------------------
2022.8.5 05:15:04#Get trans_id From Post Value:WGXJvGuCW0jm6ozYC26ShnRtjwE=
2022.8.5 05:15:04#clientIp:202.134.10.142
2022.8.5 05:15:04#trans_id:WGXJvGuCW0jm6ozYC26ShnRtjwE=
2022.8.5 05:15:15#result:RESULT>OK^RESULT_CODE>000^3DSECURE>SKIPPED^RRN>221705041643^APPROVAL_CODE>180160^CARD_NUMBER>999999*********9132^AMOUNT>242000^CARDNAME>mb account^DESCRIPTION>6MBB2102173^TRANS_DATE>2022-08-05 11:15:03 AM
2022.8.5 05:15:15#9822905051515
2022.8.5 05:15:15#9822905051515
2022.8.5 05:15:15#9822905051515
2022.8.5 05:15:15#9822905051515
2022.8.5 05:15:15#9822905051515
2022.8.5 05:15:15#9822905051515
2022.8.5 05:15:15#=================== Transaction Completed =======================
2022.8.5 05:47:56#=================== Start New Transaction ===================
2022.8.5 05:47:56#txnrefnum:MBD2008323
2022.8.5 05:47:56#clientIp:123.136.29.130
2022.8.5 05:47:56#card type:6
2022.8.5 05:47:56#totalamount:82000
2022.8.5 05:48:00#result:TRANSACTION_ID:3ZZvSoCTkeahPML9SDEhI9inpy0=
2022.8.5 05:48:00#Forward to DBBL Payment Gateway Page: https://ecom1.dutchbanglabank.com/ecomm2/ClientHandler?card_type=6&trans_id=3ZZvSoCTkeahPML9SDEhI9inpy0%3D
2022.8.5 10:49:23#=================== Start New Transaction ===================
2022.8.5 10:49:23#txnrefnum:BEB2101014
2022.8.5 10:49:23#clientIp:103.100.95.18
2022.8.5 10:49:23#card type:6
2022.8.5 10:49:23#totalamount:222000
2022.8.5 10:49:27#result:TRANSACTION_ID:kYQVuEzO4xdMwqmxfAxN16I2KUI=
2022.8.5 10:49:27#Forward to DBBL Payment Gateway Page: https://ecom1.dutchbanglabank.com/ecomm2/ClientHandler?card_type=6&trans_id=kYQVuEzO4xdMwqmxfAxN16I2KUI%3D
2022.8.5 10:49:53#---------------------- Complete New Transaction---------------------
2022.8.5 10:49:53#Get trans_id From Post Value:kYQVuEzO4xdMwqmxfAxN16I2KUI=
2022.8.5 10:49:55#clientIp:103.100.95.18
2022.8.5 10:49:55#trans_id:kYQVuEzO4xdMwqmxfAxN16I2KUI=
2022.8.5 10:49:57#result:RESULT>OK^RESULT_CODE>000^3DSECURE>SKIPPED^RRN>221710060580^APPROVAL_CODE>927251^CARD_NUMBER>999999*********8025^AMOUNT>222000^CARDNAME>mb account^DESCRIPTION>6BEB2101014^TRANS_DATE>2022-08-05 04:49:52 PM
2022.8.5 10:49:58#22667505104957
2022.8.5 10:49:58#22667505104957
2022.8.5 10:49:58#22667505104957
2022.8.5 10:49:58#22667505104957
2022.8.5 10:49:58#=================== Transaction Completed =======================
2022.8.5 12:09:26#=================== Start New Transaction ===================
2022.8.5 12:09:26#txnrefnum:MBD2008323
2022.8.5 12:09:26#clientIp:43.245.123.56
2022.8.5 12:09:26#card type:6
2022.8.5 12:09:26#totalamount:82000
2022.8.5 12:09:30#result:TRANSACTION_ID:CFRDro8sCXyPBvPcco8xZOCN0q8=
2022.8.5 12:09:30#Forward to DBBL Payment Gateway Page: https://ecom1.dutchbanglabank.com/ecomm2/ClientHandler?card_type=6&trans_id=CFRDro8sCXyPBvPcco8xZOCN0q8%3D
2022.8.5 12:57:55#=================== Start New Transaction ===================
2022.8.5 12:57:55#txnrefnum:BBM2006060
2022.8.5 12:57:55#clientIp:103.138.120.66
2022.8.5 12:57:55#card type:6
2022.8.5 12:57:55#totalamount:162000
2022.8.5 12:57:59#result:TRANSACTION_ID:y0mwMTpSLtx9exooAQ5JHnAPvAE=
2022.8.5 12:57:59#Forward to DBBL Payment Gateway Page: https://ecom1.dutchbanglabank.com/ecomm2/ClientHandler?card_type=6&trans_id=y0mwMTpSLtx9exooAQ5JHnAPvAE%3D
2022.8.5 13:10:20#=================== Start New Transaction ===================
2022.8.5 13:10:20#txnrefnum:BBM2006060
2022.8.5 13:10:20#clientIp:103.100.95.18
2022.8.5 13:10:20#card type:6
2022.8.5 13:10:20#totalamount:162000
2022.8.5 13:10:24#result:TRANSACTION_ID:CrvzWkB6CQyy2pM9JgvF7Q6SUqc=
2022.8.5 13:10:24#Forward to DBBL Payment Gateway Page: https://ecom1.dutchbanglabank.com/ecomm2/ClientHandler?card_type=6&trans_id=CrvzWkB6CQyy2pM9JgvF7Q6SUqc%3D
2022.8.5 13:10:48#---------------------- Complete New Transaction---------------------
2022.8.5 13:10:48#Get trans_id From Post Value:CrvzWkB6CQyy2pM9JgvF7Q6SUqc=
2022.8.5 13:10:48#clientIp:103.100.95.18
2022.8.5 13:10:48#trans_id:CrvzWkB6CQyy2pM9JgvF7Q6SUqc=
2022.8.5 13:10:50#result:RESULT>OK^RESULT_CODE>000^3DSECURE>SKIPPED^RRN>221713069104^APPROVAL_CODE>481749^CARD_NUMBER>999999*********8025^AMOUNT>162000^CARDNAME>mb account^DESCRIPTION>6BBM2006060^TRANS_DATE>2022-08-05 07:10:46 PM
2022.8.5 13:10:50#25517305011050
2022.8.5 13:10:50#25517305011050
2022.8.5 13:10:50#25517305011050
2022.8.5 13:10:50#25517305011050
2022.8.5 13:10:50#=================== Transaction Completed =======================
2022.8.5 13:46:48#=================== Start New Transaction ===================
2022.8.5 13:46:48#txnrefnum:MEM2201609
2022.8.5 13:46:48#clientIp:116.58.200.172
2022.8.5 13:46:48#card type:6
2022.8.5 13:46:48#totalamount:332000
2022.8.5 13:46:51#=================== Start New Transaction ===================
2022.8.5 13:46:51#txnrefnum:MEM2201609
2022.8.5 13:46:51#clientIp:116.58.200.172
2022.8.5 13:46:51#card type:6
2022.8.5 13:46:51#totalamount:332000
2022.8.5 13:46:51#result:TRANSACTION_ID:1TwWUH1WLdTUELha23QM8W8rNmQ=
2022.8.5 13:46:51#Forward to DBBL Payment Gateway Page: https://ecom1.dutchbanglabank.com/ecomm2/ClientHandler?card_type=6&trans_id=1TwWUH1WLdTUELha23QM8W8rNmQ%3D
2022.8.5 13:46:55#result:TRANSACTION_ID:faTcR656Pwvwl5DOWbiSSf5GOaQ=
2022.8.5 13:46:55#Forward to DBBL Payment Gateway Page: https://ecom1.dutchbanglabank.com/ecomm2/ClientHandler?card_type=6&trans_id=faTcR656Pwvwl5DOWbiSSf5GOaQ%3D
2022.8.5 13:47:54#---------------------- Complete New Transaction---------------------
2022.8.5 13:47:54#Get trans_id From Post Value:faTcR656Pwvwl5DOWbiSSf5GOaQ=
2022.8.5 13:47:54#clientIp:116.58.200.172
2022.8.5 13:47:54#trans_id:faTcR656Pwvwl5DOWbiSSf5GOaQ=
2022.8.5 13:47:57#result:RESULT>OK^RESULT_CODE>000^3DSECURE>SKIPPED^RRN>221713071585^APPROVAL_CODE>720816^CARD_NUMBER>999999*********5324^AMOUNT>332000^CARDNAME>mb account^DESCRIPTION>6MEM2201609^TRANS_DATE>2022-08-05 07:47:53 PM
2022.8.5 13:47:57#6343705014757
2022.8.5 13:47:57#6343705014757
2022.8.5 13:47:57#6343705014757
2022.8.5 13:47:57#6343705014757
2022.8.5 13:47:57#6343705014757
2022.8.5 13:47:57#6343705014757
2022.8.5 13:47:57#=================== Transaction Completed =======================
2022.8.5 13:59:55#=================== Start New Transaction ===================
2022.8.5 13:59:55#txnrefnum:MBD2008119
2022.8.5 13:59:55#clientIp:103.237.36.216
2022.8.5 13:59:55#card type:6
2022.8.5 13:59:55#totalamount:82000
2022.8.5 13:59:59#result:TRANSACTION_ID:PkFZlmn0zKRheZsadxyPutq2dhU=
2022.8.5 13:59:59#Forward to DBBL Payment Gateway Page: https://ecom1.dutchbanglabank.com/ecomm2/ClientHandler?card_type=6&trans_id=PkFZlmn0zKRheZsadxyPutq2dhU%3D
2022.8.5 14:01:49#---------------------- Complete New Transaction---------------------
2022.8.5 14:01:49#Get trans_id From Post Value:PkFZlmn0zKRheZsadxyPutq2dhU=
2022.8.5 14:01:49#clientIp:103.237.36.216
2022.8.5 14:01:49#trans_id:PkFZlmn0zKRheZsadxyPutq2dhU=
2022.8.5 14:01:51#result:RESULT>OK^RESULT_CODE>000^3DSECURE>SKIPPED^RRN>221714072531^APPROVAL_CODE>835456^CARD_NUMBER>999999*********7903^AMOUNT>82000^CARDNAME>mb account^DESCRIPTION>6MBD2008119^TRANS_DATE>2022-08-05 08:01:48 PM
2022.8.5 14:01:51#30309005020151
2022.8.5 14:01:51#30309005020151
2022.8.5 14:01:51#=================== Transaction Completed =======================
2022.8.5 14:26:08#=================== Start New Transaction ===================
2022.8.5 14:26:08#txnrefnum:MBM2002146
2022.8.5 14:26:08#clientIp:103.25.251.249
2022.8.5 14:26:08#card type:6
2022.8.5 14:26:08#totalamount:322000
2022.8.5 14:26:12#result:TRANSACTION_ID:7hnU1kB5QWo87pYSwYNGhWiXlEA=
2022.8.5 14:26:12#Forward to DBBL Payment Gateway Page: https://ecom1.dutchbanglabank.com/ecomm2/ClientHandler?card_type=6&trans_id=7hnU1kB5QWo87pYSwYNGhWiXlEA%3D
2022.8.5 14:46:46#=================== Start New Transaction ===================
2022.8.5 14:46:46#txnrefnum:MSC22111200
2022.8.5 14:46:46#clientIp:103.140.176.150
2022.8.5 14:46:46#card type:6
2022.8.5 14:46:46#totalamount:162000
2022.8.5 14:46:50#result:TRANSACTION_ID:b1bZBs8PHNF5QhjxRRbAPAVEITo=
2022.8.5 14:46:50#Forward to DBBL Payment Gateway Page: https://ecom1.dutchbanglabank.com/ecomm2/ClientHandler?card_type=6&trans_id=b1bZBs8PHNF5QhjxRRbAPAVEITo%3D
2022.8.5 14:47:37#---------------------- Complete New Transaction---------------------
2022.8.5 14:47:37#Get trans_id From Post Value:b1bZBs8PHNF5QhjxRRbAPAVEITo=
2022.8.5 14:47:37#clientIp:103.140.176.150
2022.8.5 14:47:37#trans_id:b1bZBs8PHNF5QhjxRRbAPAVEITo=
2022.8.5 14:47:39#result:RESULT>OK^RESULT_CODE>000^3DSECURE>SKIPPED^RRN>221714075666^APPROVAL_CODE>971359^CARD_NUMBER>999999*********0567^AMOUNT>162000^CARDNAME>mb account^DESCRIPTION>6MSC22111200^TRANS_DATE>2022-08-05 08:47:35 PM
2022.8.5 14:47:39#1493705024739
2022.8.5 14:47:39#1493705024739
2022.8.5 14:47:39#=================== Transaction Completed =======================
2022.8.5 14:54:58#=================== Start New Transaction ===================
2022.8.5 14:54:58#txnrefnum:MBM2002146
2022.8.5 14:54:58#clientIp:103.140.176.7
2022.8.5 14:54:58#card type:6
2022.8.5 14:54:58#totalamount:242000
2022.8.5 14:55:02#result:TRANSACTION_ID:RrUZzv0wlTegePFBj0IfCWDCMM8=
2022.8.5 14:55:02#Forward to DBBL Payment Gateway Page: https://ecom1.dutchbanglabank.com/ecomm2/ClientHandler?card_type=6&trans_id=RrUZzv0wlTegePFBj0IfCWDCMM8%3D
2022.8.5 14:55:49#=================== Start New Transaction ===================
2022.8.5 14:55:49#txnrefnum:MBM2002146
2022.8.5 14:55:49#clientIp:103.140.176.7
2022.8.5 14:55:49#card type:6
2022.8.5 14:55:49#totalamount:242000
2022.8.5 14:55:53#result:TRANSACTION_ID:dkT4BOhXcYFEtBSPTqS7SGdCSjk=
2022.8.5 14:55:53#Forward to DBBL Payment Gateway Page: https://ecom1.dutchbanglabank.com/ecomm2/ClientHandler?card_type=6&trans_id=dkT4BOhXcYFEtBSPTqS7SGdCSjk%3D
2022.8.5 14:57:16#=================== Start New Transaction ===================
2022.8.5 14:57:16#txnrefnum:BBD2201016
2022.8.5 14:57:16#clientIp:202.134.10.130
2022.8.5 14:57:16#card type:6
2022.8.5 14:57:16#totalamount:82000
2022.8.5 14:57:19#result:TRANSACTION_ID:vTzrPuNATOwRf0XhHIkUlp45uXQ=
2022.8.5 14:57:19#Forward to DBBL Payment Gateway Page: https://ecom1.dutchbanglabank.com/ecomm2/ClientHandler?card_type=6&trans_id=vTzrPuNATOwRf0XhHIkUlp45uXQ%3D
2022.8.5 14:57:25#---------------------- Complete New Transaction---------------------
2022.8.5 14:57:25#Get trans_id From Post Value:dkT4BOhXcYFEtBSPTqS7SGdCSjk=
2022.8.5 14:57:25#clientIp:103.140.176.7
2022.8.5 14:57:25#trans_id:dkT4BOhXcYFEtBSPTqS7SGdCSjk=
2022.8.5 14:57:27#result:RESULT>OK^RESULT_CODE>000^3DSECURE>SKIPPED^RRN>221714076306^APPROVAL_CODE>085351^CARD_NUMBER>999999*********8193^AMOUNT>242000^CARDNAME>mb account^DESCRIPTION>6MBM2002146^TRANS_DATE>2022-08-05 08:57:23 PM
2022.8.5 14:57:28#11792805025727
2022.8.5 14:57:28#11792805025727
2022.8.5 14:57:28#11792805025727
2022.8.5 14:57:28#11792805025727
2022.8.5 14:57:28#11792805025727
2022.8.5 14:57:28#11792805025727
2022.8.5 14:57:28#=================== Transaction Completed =======================
2022.8.5 14:59:47#=================== Start New Transaction ===================
2022.8.5 14:59:47#txnrefnum:BBD2201016
2022.8.5 14:59:47#clientIp:202.134.10.130
2022.8.5 14:59:47#card type:6
2022.8.5 14:59:47#totalamount:82000
2022.8.5 14:59:51#result:TRANSACTION_ID:nxyFXfjhwxNmPkjN0spkPJPoBME=
2022.8.5 14:59:51#Forward to DBBL Payment Gateway Page: https://ecom1.dutchbanglabank.com/ecomm2/ClientHandler?card_type=6&trans_id=nxyFXfjhwxNmPkjN0spkPJPoBME%3D
2022.8.5 15:01:05#=================== Start New Transaction ===================
2022.8.5 15:01:05#txnrefnum:BBD2201016
2022.8.5 15:01:05#clientIp:202.134.10.130
2022.8.5 15:01:05#card type:6
2022.8.5 15:01:05#totalamount:82000
2022.8.5 15:01:09#result:TRANSACTION_ID:833KdEsugPfaPZSP9N9NoplZOz4=
2022.8.5 15:01:09#Forward to DBBL Payment Gateway Page: https://ecom1.dutchbanglabank.com/ecomm2/ClientHandler?card_type=6&trans_id=833KdEsugPfaPZSP9N9NoplZOz4%3D
2022.8.5 15:02:38#=================== Start New Transaction ===================
2022.8.5 15:02:38#txnrefnum:BBD2201016
2022.8.5 15:02:38#clientIp:202.134.10.130
2022.8.5 15:02:38#card type:6
2022.8.5 15:02:38#totalamount:82000
2022.8.5 15:02:42#result:TRANSACTION_ID:ucTezDxScxa04LSuM9rlNhSyxZw=
2022.8.5 15:02:42#Forward to DBBL Payment Gateway Page: https://ecom1.dutchbanglabank.com/ecomm2/ClientHandler?card_type=6&trans_id=ucTezDxScxa04LSuM9rlNhSyxZw%3D
2022.8.5 15:03:26#---------------------- Complete New Transaction---------------------
2022.8.5 15:03:26#Get trans_id From Post Value:ucTezDxScxa04LSuM9rlNhSyxZw=
2022.8.5 15:03:26#clientIp:202.134.10.130
2022.8.5 15:03:26#trans_id:ucTezDxScxa04LSuM9rlNhSyxZw=
2022.8.5 15:03:28#result:RESULT>OK^RESULT_CODE>000^3DSECURE>SKIPPED^RRN>221715076694^APPROVAL_CODE>072454^CARD_NUMBER>999999*********2266^AMOUNT>82000^CARDNAME>mb account^DESCRIPTION>6BBD2201016^TRANS_DATE>2022-08-05 09:03:25 PM
2022.8.5 15:03:28#22285605030328
2022.8.5 15:03:28#22285605030328
2022.8.5 15:03:28#=================== Transaction Completed =======================
2022.8.5 15:34:47#=================== Start New Transaction ===================
2022.8.5 15:34:47#txnrefnum:BBM2008167
2022.8.5 15:34:47#clientIp:45.115.113.34
2022.8.5 15:34:47#card type:6
2022.8.5 15:34:47#totalamount:162000
2022.8.5 15:34:51#result:TRANSACTION_ID:hgEvEdtGpb6XJRqes5dIHSDiONc=
2022.8.5 15:34:51#Forward to DBBL Payment Gateway Page: https://ecom1.dutchbanglabank.com/ecomm2/ClientHandler?card_type=6&trans_id=hgEvEdtGpb6XJRqes5dIHSDiONc%3D
2022.8.5 15:36:40#---------------------- Complete New Transaction---------------------
2022.8.5 15:36:40#Get trans_id From Post Value:hgEvEdtGpb6XJRqes5dIHSDiONc=
2022.8.5 15:36:40#clientIp:45.115.113.34
2022.8.5 15:36:40#trans_id:hgEvEdtGpb6XJRqes5dIHSDiONc=
2022.8.5 15:36:43#result:RESULT>OK^RESULT_CODE>000^3DSECURE>SKIPPED^RRN>221715078471^APPROVAL_CODE>178768^CARD_NUMBER>999999*********2248^AMOUNT>162000^CARDNAME>mb account^DESCRIPTION>6BBM2008167^TRANS_DATE>2022-08-05 09:36:39 PM
2022.8.5 15:36:43#27236905033643
2022.8.5 15:36:43#27236905033643
2022.8.5 15:36:43#27236905033643
2022.8.5 15:36:43#27236905033643
2022.8.5 15:36:43#=================== Transaction Completed =======================
2022.8.5 15:40:48#=================== Start New Transaction ===================
2022.8.5 15:40:48#txnrefnum:MBB2104076
2022.8.5 15:40:48#clientIp:103.149.147.132
2022.8.5 15:40:48#card type:6
2022.8.5 15:40:48#totalamount:162000
2022.8.5 15:40:52#result:TRANSACTION_ID:nTcTTxwe7PFlWhI02ekMCb5NibY=
2022.8.5 15:40:52#Forward to DBBL Payment Gateway Page: https://ecom1.dutchbanglabank.com/ecomm2/ClientHandler?card_type=6&trans_id=nTcTTxwe7PFlWhI02ekMCb5NibY%3D
2022.8.5 15:41:45#---------------------- Complete New Transaction---------------------
2022.8.5 15:41:45#Get trans_id From Post Value:nTcTTxwe7PFlWhI02ekMCb5NibY=
2022.8.5 15:41:45#clientIp:103.149.147.132
2022.8.5 15:41:45#trans_id:nTcTTxwe7PFlWhI02ekMCb5NibY=
2022.8.5 15:41:47#result:RESULT>OK^RESULT_CODE>000^3DSECURE>SKIPPED^RRN>221715078754^APPROVAL_CODE>216470^CARD_NUMBER>999999*********5072^AMOUNT>162000^CARDNAME>mb account^DESCRIPTION>6MBB2104076^TRANS_DATE>2022-08-05 09:41:44 PM
2022.8.5 15:41:47#12928605034147
2022.8.5 15:41:47#12928605034147
2022.8.5 15:41:47#12928605034147
2022.8.5 15:41:47#12928605034147
2022.8.5 15:41:47#=================== Transaction Completed =======================
2022.8.5 19:37:01#=================== Start New Transaction ===================
2022.8.5 19:37:01#txnrefnum:MSC22111200
2022.8.5 19:37:01#clientIp:118.179.22.206
2022.8.5 19:37:01#card type:6
2022.8.5 19:37:01#totalamount:162000
2022.8.5 19:37:05#result:TRANSACTION_ID:1YTSD3kk5TszP9kOEAvPo5JOlK8=
2022.8.5 19:37:05#Forward to DBBL Payment Gateway Page: https://ecom1.dutchbanglabank.com/ecomm2/ClientHandler?card_type=6&trans_id=1YTSD3kk5TszP9kOEAvPo5JOlK8%3D