
2023.4.8 04:44:34#=================== Start New Transaction ===================
2023.4.8 04:44:34#txnrefnum:MBM2008041
2023.4.8 04:44:34#clientIp:103.149.147.132
2023.4.8 04:44:34#card type:6
2023.4.8 04:44:34#totalamount:252000
2023.4.8 04:44:41#result:TRANSACTION_ID:EBXvnIe6KTdCj9n90nL6jx4CIEM=
2023.4.8 04:44:42#Forward to DBBL Payment Gateway Page: https://ecom1.dutchbanglabank.com/ecomm2/ClientHandler?card_type=6&trans_id=EBXvnIe6KTdCj9n90nL6jx4CIEM%3D
2023.4.8 04:45:19#---------------------- Complete New Transaction---------------------
2023.4.8 04:45:19#Get trans_id From Post Value:EBXvnIe6KTdCj9n90nL6jx4CIEM=
2023.4.8 04:45:20#clientIp:103.149.147.132
2023.4.8 04:45:20#trans_id:EBXvnIe6KTdCj9n90nL6jx4CIEM=
2023.4.8 04:45:22#result:RESULT>OK^RESULT_CODE>000^3DSECURE>SKIPPED^RRN>309804796958^APPROVAL_CODE>275576^CARD_NUMBER>999999*********8205^AMOUNT>252000^CARDNAME>mb account^DESCRIPTION>6MBM2008041^TRANS_DATE>2023-04-08 10:45:18 AM
2023.4.8 04:45:22#51763708044522
2023.4.8 04:45:22#51763708044522
2023.4.8 04:45:22#=================== Transaction Completed =======================
2023.4.8 04:56:13#=================== Start New Transaction ===================
2023.4.8 04:56:13#txnrefnum:BBG2103050
2023.4.8 04:56:13#clientIp:114.130.157.106
2023.4.8 04:56:13#card type:6
2023.4.8 04:56:13#totalamount:222000
2023.4.8 04:56:15#result:TRANSACTION_ID:2HpPZ4kfYi0ZHHEtLbKJJKVXbg0=
2023.4.8 04:56:16#Forward to DBBL Payment Gateway Page: https://ecom1.dutchbanglabank.com/ecomm2/ClientHandler?card_type=6&trans_id=2HpPZ4kfYi0ZHHEtLbKJJKVXbg0%3D
2023.4.8 04:57:08#---------------------- Complete New Transaction---------------------
2023.4.8 04:57:08#Get trans_id From Post Value:2HpPZ4kfYi0ZHHEtLbKJJKVXbg0=
2023.4.8 04:57:08#clientIp:114.130.157.106
2023.4.8 04:57:08#trans_id:2HpPZ4kfYi0ZHHEtLbKJJKVXbg0=
2023.4.8 04:57:10#result:RESULT>OK^RESULT_CODE>000^3DSECURE>SKIPPED^RRN>309804797851^APPROVAL_CODE>226721^CARD_NUMBER>999999*********6896^AMOUNT>222000^CARDNAME>mb account^DESCRIPTION>6BBG2103050^TRANS_DATE>2023-04-08 10:57:07 AM
2023.4.8 04:57:10#36626608045710
2023.4.8 04:57:10#36626608045710
2023.4.8 04:57:10#=================== Transaction Completed =======================
2023.4.8 05:06:13#=================== Start New Transaction ===================
2023.4.8 05:06:13#txnrefnum:MBD2006067
2023.4.8 05:06:13#clientIp:118.179.155.135
2023.4.8 05:06:13#card type:6
2023.4.8 05:06:13#totalamount:302000
2023.4.8 05:06:16#result:TRANSACTION_ID:PGnIcnSmgZSGRVY4Uh66WSdMBGA=
2023.4.8 05:06:16#Forward to DBBL Payment Gateway Page: https://ecom1.dutchbanglabank.com/ecomm2/ClientHandler?card_type=6&trans_id=PGnIcnSmgZSGRVY4Uh66WSdMBGA%3D
2023.4.8 05:07:51#---------------------- Complete New Transaction---------------------
2023.4.8 05:07:51#Get trans_id From Post Value:PGnIcnSmgZSGRVY4Uh66WSdMBGA=
2023.4.8 05:07:51#clientIp:118.179.155.135
2023.4.8 05:07:51#trans_id:PGnIcnSmgZSGRVY4Uh66WSdMBGA=
2023.4.8 05:07:53#result:RESULT>OK^RESULT_CODE>000^3DSECURE>SKIPPED^RRN>309805798675^APPROVAL_CODE>376389^CARD_NUMBER>999999*********9564^AMOUNT>302000^CARDNAME>mb account^DESCRIPTION>6MBD2006067^TRANS_DATE>2023-04-08 11:07:50 AM
2023.4.8 05:07:53#39800108050753
2023.4.8 05:07:53#39800108050753
2023.4.8 05:07:53#39800108050753
2023.4.8 05:07:53#39800108050753
2023.4.8 05:07:53#39800108050753
2023.4.8 05:07:53#39800108050753
2023.4.8 05:07:53#=================== Transaction Completed =======================
2023.4.8 05:16:23#=================== Start New Transaction ===================
2023.4.8 05:16:23#txnrefnum:MBM2004052
2023.4.8 05:16:23#clientIp:202.134.14.144
2023.4.8 05:16:23#card type:6
2023.4.8 05:16:23#totalamount:302000
2023.4.8 05:16:26#result:TRANSACTION_ID:o7OAPnPzjgRNKC2eP33CCOJgA8c=
2023.4.8 05:16:26#Forward to DBBL Payment Gateway Page: https://ecom1.dutchbanglabank.com/ecomm2/ClientHandler?card_type=6&trans_id=o7OAPnPzjgRNKC2eP33CCOJgA8c%3D
2023.4.8 05:16:43#=================== Start New Transaction ===================
2023.4.8 05:16:43#txnrefnum:MBD2308076
2023.4.8 05:16:43#clientIp:103.130.115.90
2023.4.8 05:16:43#card type:6
2023.4.8 05:16:43#totalamount:302000
2023.4.8 05:16:46#result:TRANSACTION_ID:PfF1KWCor6USEQ4QtHf7cVO7UEM=
2023.4.8 05:16:46#Forward to DBBL Payment Gateway Page: https://ecom1.dutchbanglabank.com/ecomm2/ClientHandler?card_type=6&trans_id=PfF1KWCor6USEQ4QtHf7cVO7UEM%3D
2023.4.8 05:17:09#---------------------- Complete New Transaction---------------------
2023.4.8 05:17:09#Get trans_id From Post Value:o7OAPnPzjgRNKC2eP33CCOJgA8c=
2023.4.8 05:17:09#clientIp:202.134.14.144
2023.4.8 05:17:09#trans_id:o7OAPnPzjgRNKC2eP33CCOJgA8c=
2023.4.8 05:17:11#result:RESULT>OK^RESULT_CODE>000^3DSECURE>SKIPPED^RRN>309805799425^APPROVAL_CODE>462825^CARD_NUMBER>999999*********7532^AMOUNT>302000^CARDNAME>mb account^DESCRIPTION>6MBM2004052^TRANS_DATE>2023-04-08 11:17:07 AM
2023.4.8 05:17:11#43499708051711
2023.4.8 05:17:11#43499708051711
2023.4.8 05:17:11#43499708051711
2023.4.8 05:17:11#43499708051711
2023.4.8 05:17:11#43499708051711
2023.4.8 05:17:11#43499708051711
2023.4.8 05:17:11#=================== Transaction Completed =======================
2023.4.8 05:18:11#=================== Start New Transaction ===================
2023.4.8 05:18:11#txnrefnum:BBD2004132
2023.4.8 05:18:11#clientIp:114.130.157.106
2023.4.8 05:18:11#card type:6
2023.4.8 05:18:11#totalamount:202000
2023.4.8 05:18:14#result:TRANSACTION_ID:1YGn5m1aWYSs0gDvNgS0h7dIIwg=
2023.4.8 05:18:14#Forward to DBBL Payment Gateway Page: https://ecom1.dutchbanglabank.com/ecomm2/ClientHandler?card_type=6&trans_id=1YGn5m1aWYSs0gDvNgS0h7dIIwg%3D
2023.4.8 05:18:53#---------------------- Complete New Transaction---------------------
2023.4.8 05:18:53#Get trans_id From Post Value:1YGn5m1aWYSs0gDvNgS0h7dIIwg=
2023.4.8 05:18:53#clientIp:114.130.157.106
2023.4.8 05:18:53#trans_id:1YGn5m1aWYSs0gDvNgS0h7dIIwg=
2023.4.8 05:18:55#result:RESULT>OK^RESULT_CODE>000^3DSECURE>SKIPPED^RRN>309805799573^APPROVAL_CODE>440450^CARD_NUMBER>999999*********6896^AMOUNT>202000^CARDNAME>mb account^DESCRIPTION>6BBD2004132^TRANS_DATE>2023-04-08 11:18:52 AM
2023.4.8 05:18:55#42875708051855
2023.4.8 05:18:55#42875708051855
2023.4.8 05:18:55#42875708051855
2023.4.8 05:18:55#42875708051855
2023.4.8 05:18:55#=================== Transaction Completed =======================
2023.4.8 05:19:45#=================== Start New Transaction ===================
2023.4.8 05:19:45#txnrefnum:BBD2006033
2023.4.8 05:19:45#clientIp:114.130.157.106
2023.4.8 05:19:45#card type:6
2023.4.8 05:19:45#totalamount:202000
2023.4.8 05:19:47#result:TRANSACTION_ID:n3cAEp0FFBSr1aJRP5YnIodYPX8=
2023.4.8 05:19:48#Forward to DBBL Payment Gateway Page: https://ecom1.dutchbanglabank.com/ecomm2/ClientHandler?card_type=6&trans_id=n3cAEp0FFBSr1aJRP5YnIodYPX8%3D
2023.4.8 05:20:20#---------------------- Complete New Transaction---------------------
2023.4.8 05:20:20#Get trans_id From Post Value:n3cAEp0FFBSr1aJRP5YnIodYPX8=
2023.4.8 05:20:20#clientIp:114.130.157.106
2023.4.8 05:20:20#trans_id:n3cAEp0FFBSr1aJRP5YnIodYPX8=
2023.4.8 05:20:22#result:RESULT>OK^RESULT_CODE>000^3DSECURE>SKIPPED^RRN>309805799676^APPROVAL_CODE>511098^CARD_NUMBER>999999*********6896^AMOUNT>202000^CARDNAME>mb account^DESCRIPTION>6BBD2006033^TRANS_DATE>2023-04-08 11:20:19 AM
2023.4.8 05:20:22#39167708052022
2023.4.8 05:20:22#39167708052022
2023.4.8 05:20:22#39167708052022
2023.4.8 05:20:22#39167708052022
2023.4.8 05:20:22#=================== Transaction Completed =======================
2023.4.8 05:20:25#=================== Start New Transaction ===================
2023.4.8 05:20:25#txnrefnum:MBD2308076
2023.4.8 05:20:25#clientIp:103.130.115.90
2023.4.8 05:20:25#card type:6
2023.4.8 05:20:25#totalamount:302000
2023.4.8 05:20:28#result:TRANSACTION_ID:PS6tLbnx9YvhVi0x5cQijZICDVI=
2023.4.8 05:20:28#Forward to DBBL Payment Gateway Page: https://ecom1.dutchbanglabank.com/ecomm2/ClientHandler?card_type=6&trans_id=PS6tLbnx9YvhVi0x5cQijZICDVI%3D
2023.4.8 05:21:56#---------------------- Complete New Transaction---------------------
2023.4.8 05:21:56#Get trans_id From Post Value:PS6tLbnx9YvhVi0x5cQijZICDVI=
2023.4.8 05:21:56#clientIp:103.130.115.90
2023.4.8 05:21:56#trans_id:PS6tLbnx9YvhVi0x5cQijZICDVI=
2023.4.8 05:21:58#result:RESULT>OK^RESULT_CODE>000^3DSECURE>SKIPPED^RRN>309805799795^APPROVAL_CODE>465757^CARD_NUMBER>999999*********5734^AMOUNT>302000^CARDNAME>mb account^DESCRIPTION>6MBD2308076^TRANS_DATE>2023-04-08 11:21:55 AM
2023.4.8 05:21:58#42580508052158
2023.4.8 05:21:58#42580508052158
2023.4.8 05:21:58#42580508052158
2023.4.8 05:21:58#42580508052158
2023.4.8 05:21:58#42580508052158
2023.4.8 05:21:58#42580508052158
2023.4.8 05:21:58#=================== Transaction Completed =======================
2023.4.8 05:56:44#=================== Start New Transaction ===================
2023.4.8 05:56:44#txnrefnum:MBD2309102
2023.4.8 05:56:44#clientIp:202.144.203.10
2023.4.8 05:56:44#card type:6
2023.4.8 05:56:44#totalamount:102000
2023.4.8 05:56:47#result:TRANSACTION_ID:Ap1SrmCnzM1EmbdTXilSJxNp2xo=
2023.4.8 05:56:47#Forward to DBBL Payment Gateway Page: https://ecom1.dutchbanglabank.com/ecomm2/ClientHandler?card_type=6&trans_id=Ap1SrmCnzM1EmbdTXilSJxNp2xo%3D
2023.4.8 05:57:20#---------------------- Complete New Transaction---------------------
2023.4.8 05:57:20#Get trans_id From Post Value:Ap1SrmCnzM1EmbdTXilSJxNp2xo=
2023.4.8 05:57:20#clientIp:202.144.203.10
2023.4.8 05:57:20#trans_id:Ap1SrmCnzM1EmbdTXilSJxNp2xo=
2023.4.8 05:57:22#result:RESULT>OK^RESULT_CODE>000^3DSECURE>SKIPPED^RRN>309805803190^APPROVAL_CODE>627213^CARD_NUMBER>999999*********6609^AMOUNT>102000^CARDNAME>mb account^DESCRIPTION>6MBD2309102^TRANS_DATE>2023-04-08 11:57:19 AM
2023.4.8 05:57:22#40446008055722
2023.4.8 05:57:22#40446008055722
2023.4.8 05:57:22#=================== Transaction Completed =======================
2023.4.8 06:34:53#=================== Start New Transaction ===================
2023.4.8 06:34:53#txnrefnum:MBB2105022
2023.4.8 06:34:53#clientIp:220.247.163.2
2023.4.8 06:34:53#card type:6
2023.4.8 06:34:53#totalamount:102000
2023.4.8 06:34:56#result:TRANSACTION_ID:B2itAsNG80aAfygduNSddZ8qcTE=
2023.4.8 06:34:56#Forward to DBBL Payment Gateway Page: https://ecom1.dutchbanglabank.com/ecomm2/ClientHandler?card_type=6&trans_id=B2itAsNG80aAfygduNSddZ8qcTE%3D
2023.4.8 06:36:06#---------------------- Complete New Transaction---------------------
2023.4.8 06:36:06#Get trans_id From Post Value:B2itAsNG80aAfygduNSddZ8qcTE=
2023.4.8 06:36:06#clientIp:220.247.163.2
2023.4.8 06:36:06#trans_id:B2itAsNG80aAfygduNSddZ8qcTE=
2023.4.8 06:36:08#result:RESULT>OK^RESULT_CODE>000^3DSECURE>SKIPPED^RRN>309806807398^APPROVAL_CODE>936567^CARD_NUMBER>999999*********4036^AMOUNT>102000^CARDNAME>mb account^DESCRIPTION>6MBB2105022^TRANS_DATE>2023-04-08 12:36:05 PM
2023.4.8 06:36:08#43233608063608
2023.4.8 06:36:08#43233608063608
2023.4.8 06:36:08#=================== Transaction Completed =======================
2023.4.8 06:55:01#=================== Start New Transaction ===================
2023.4.8 06:55:01#txnrefnum:BBM2206211
2023.4.8 06:55:01#clientIp:202.134.14.145
2023.4.8 06:55:01#card type:6
2023.4.8 06:55:01#totalamount:202000
2023.4.8 06:55:03#result:TRANSACTION_ID:DaGEjAxP6mXflGhEyh8TUP9TGgM=
2023.4.8 06:55:03#Forward to DBBL Payment Gateway Page: https://ecom1.dutchbanglabank.com/ecomm2/ClientHandler?card_type=6&trans_id=DaGEjAxP6mXflGhEyh8TUP9TGgM%3D
2023.4.8 07:01:32#=================== Start New Transaction ===================
2023.4.8 07:01:34#=================== Start New Transaction ===================
2023.4.8 07:01:36#=================== Start New Transaction ===================
2023.4.8 07:02:05#=================== Start New Transaction ===================
2023.4.8 07:02:05#txnrefnum:BBM2206211
2023.4.8 07:02:05#clientIp:202.134.14.145
2023.4.8 07:02:05#card type:6
2023.4.8 07:02:05#totalamount:202000
2023.4.8 07:02:08#result:TRANSACTION_ID:2natbide606p95E5ZaM99SKg5Qk=
2023.4.8 07:02:08#Forward to DBBL Payment Gateway Page: https://ecom1.dutchbanglabank.com/ecomm2/ClientHandler?card_type=6&trans_id=2natbide606p95E5ZaM99SKg5Qk%3D
2023.4.8 07:02:38#---------------------- Complete New Transaction---------------------
2023.4.8 07:02:38#Get trans_id From Post Value:2natbide606p95E5ZaM99SKg5Qk=
2023.4.8 07:02:38#clientIp:202.134.14.145
2023.4.8 07:02:38#trans_id:2natbide606p95E5ZaM99SKg5Qk=
2023.4.8 07:02:40#result:RESULT>OK^RESULT_CODE>000^3DSECURE>SKIPPED^RRN>309807809963^APPROVAL_CODE>125476^CARD_NUMBER>999999*********1645^AMOUNT>202000^CARDNAME>mb account^DESCRIPTION>6BBM2206211^TRANS_DATE>2023-04-08 01:02:37 PM
2023.4.8 07:02:40#43097708070240
2023.4.8 07:02:40#43097708070240
2023.4.8 07:02:40#43097708070240
2023.4.8 07:02:40#43097708070240
2023.4.8 07:02:40#=================== Transaction Completed =======================
2023.4.8 07:05:44#=================== Start New Transaction ===================
2023.4.8 07:05:49#=================== Start New Transaction ===================
2023.4.8 07:06:11#=================== Start New Transaction ===================
2023.4.8 07:06:46#=================== Start New Transaction ===================
2023.4.8 07:06:46#txnrefnum:BBD2209057
2023.4.8 07:06:46#clientIp:103.177.242.8
2023.4.8 07:06:46#card type:6
2023.4.8 07:06:46#totalamount:202000
2023.4.8 07:06:49#result:TRANSACTION_ID:LUb2E3NQ1WWFPhDTPtScwvxbNx4=
2023.4.8 07:06:49#Forward to DBBL Payment Gateway Page: https://ecom1.dutchbanglabank.com/ecomm2/ClientHandler?card_type=6&trans_id=LUb2E3NQ1WWFPhDTPtScwvxbNx4%3D
2023.4.8 07:09:17#=================== Start New Transaction ===================
2023.4.8 07:09:17#txnrefnum:BBD2209057
2023.4.8 07:09:17#clientIp:103.177.242.8
2023.4.8 07:09:17#card type:6
2023.4.8 07:09:17#totalamount:202000
2023.4.8 07:09:20#result:TRANSACTION_ID:Q4XbE0v9AJa4g2PmnMoYHb8oSGU=
2023.4.8 07:09:20#Forward to DBBL Payment Gateway Page: https://ecom1.dutchbanglabank.com/ecomm2/ClientHandler?card_type=6&trans_id=Q4XbE0v9AJa4g2PmnMoYHb8oSGU%3D
2023.4.8 07:11:26#---------------------- Complete New Transaction---------------------
2023.4.8 07:11:26#Get trans_id From Post Value:Q4XbE0v9AJa4g2PmnMoYHb8oSGU=
2023.4.8 07:11:26#clientIp:103.177.242.8
2023.4.8 07:11:26#trans_id:Q4XbE0v9AJa4g2PmnMoYHb8oSGU=
2023.4.8 07:11:28#result:RESULT>OK^RESULT_CODE>000^3DSECURE>SKIPPED^RRN>309807810817^APPROVAL_CODE>205166^CARD_NUMBER>999999*********1645^AMOUNT>202000^CARDNAME>mb account^DESCRIPTION>6BBD2209057^TRANS_DATE>2023-04-08 01:11:24 PM
2023.4.8 07:11:28#37511708071128
2023.4.8 07:11:28#37511708071128
2023.4.8 07:11:28#37511708071128
2023.4.8 07:11:28#37511708071128
2023.4.8 07:11:28#=================== Transaction Completed =======================
2023.4.8 07:22:22#=================== Start New Transaction ===================
2023.4.8 07:22:22#txnrefnum:BBM2302003
2023.4.8 07:22:22#clientIp:103.178.73.25
2023.4.8 07:22:22#card type:6
2023.4.8 07:22:22#totalamount:402000
2023.4.8 07:22:25#result:TRANSACTION_ID:Yl7z70T5ABt6zOpcGtQ2nV46wfs=
2023.4.8 07:22:25#Forward to DBBL Payment Gateway Page: https://ecom1.dutchbanglabank.com/ecomm2/ClientHandler?card_type=6&trans_id=Yl7z70T5ABt6zOpcGtQ2nV46wfs%3D
2023.4.8 08:50:40#=================== Start New Transaction ===================
2023.4.8 08:50:40#txnrefnum:MBM2007216
2023.4.8 08:50:40#clientIp:123.136.26.129
2023.4.8 08:50:40#card type:6
2023.4.8 08:50:40#totalamount:302000
2023.4.8 08:50:43#result:TRANSACTION_ID:2qsgeOeb6tQF3yXTsk5JDELonxI=
2023.4.8 08:50:44#Forward to DBBL Payment Gateway Page: https://ecom1.dutchbanglabank.com/ecomm2/ClientHandler?card_type=6&trans_id=2qsgeOeb6tQF3yXTsk5JDELonxI%3D
2023.4.8 08:52:10#=================== Start New Transaction ===================
2023.4.8 08:52:10#txnrefnum:MBM2007216
2023.4.8 08:52:10#clientIp:123.136.26.129
2023.4.8 08:52:10#card type:6
2023.4.8 08:52:10#totalamount:302000
2023.4.8 08:52:13#result:TRANSACTION_ID:FDwSVsjqKPkdPted4odgDOPNzOM=
2023.4.8 08:52:13#Forward to DBBL Payment Gateway Page: https://ecom1.dutchbanglabank.com/ecomm2/ClientHandler?card_type=6&trans_id=FDwSVsjqKPkdPted4odgDOPNzOM%3D
2023.4.8 08:52:57#---------------------- Complete New Transaction---------------------
2023.4.8 08:52:57#Get trans_id From Post Value:FDwSVsjqKPkdPted4odgDOPNzOM=
2023.4.8 08:52:57#clientIp:123.136.26.129
2023.4.8 08:52:57#trans_id:FDwSVsjqKPkdPted4odgDOPNzOM=
2023.4.8 08:52:58#result:RESULT>OK^RESULT_CODE>000^3DSECURE>SKIPPED^RRN>309808820918^APPROVAL_CODE>625062^CARD_NUMBER>999999*********8523^AMOUNT>302000^CARDNAME>mb account^DESCRIPTION>6MBM2007216^TRANS_DATE>2023-04-08 02:52:56 PM
2023.4.8 08:52:59#38532908085258
2023.4.8 08:52:59#38532908085258
2023.4.8 08:52:59#38532908085258
2023.4.8 08:52:59#38532908085258
2023.4.8 08:52:59#38532908085258
2023.4.8 08:52:59#38532908085258
2023.4.8 08:52:59#=================== Transaction Completed =======================
2023.4.8 10:24:48#=================== Start New Transaction ===================
2023.4.8 10:24:48#txnrefnum:BBG2105032
2023.4.8 10:24:48#clientIp:103.198.133.188
2023.4.8 10:24:48#card type:6
2023.4.8 10:24:48#totalamount:822000
2023.4.8 10:24:51#result:TRANSACTION_ID:tUHIIScUQ45BieHxuJR1asrzyO4=
2023.4.8 10:24:51#Forward to DBBL Payment Gateway Page: https://ecom1.dutchbanglabank.com/ecomm2/ClientHandler?card_type=6&trans_id=tUHIIScUQ45BieHxuJR1asrzyO4%3D
2023.4.8 10:25:51#---------------------- Complete New Transaction---------------------
2023.4.8 10:25:51#Get trans_id From Post Value:tUHIIScUQ45BieHxuJR1asrzyO4=
2023.4.8 10:25:51#clientIp:103.198.133.188
2023.4.8 10:25:51#trans_id:tUHIIScUQ45BieHxuJR1asrzyO4=
2023.4.8 10:25:53#result:RESULT>FAILED^RESULT_CODE>103^3DSECURE>SKIPPED^RRN>309810829651^APPROVAL_CODE>0^CARD_NUMBER>999999*********4009^AMOUNT>822000^CARDNAME>mb account^DESCRIPTION>6BBG2105032^TRANS_DATE>2023-04-08 04:25:50 PM
2023.4.8 10:25:53#Failed
2023.4.8 10:26:35#=================== Start New Transaction ===================
2023.4.8 10:26:35#txnrefnum:BBG2105032
2023.4.8 10:26:35#clientIp:103.198.133.188
2023.4.8 10:26:35#card type:6
2023.4.8 10:26:35#totalamount:922000
2023.4.8 10:26:38#result:TRANSACTION_ID:VcPrqUvedIXCnhP0TTcmToROcCc=
2023.4.8 10:26:38#Forward to DBBL Payment Gateway Page: https://ecom1.dutchbanglabank.com/ecomm2/ClientHandler?card_type=6&trans_id=VcPrqUvedIXCnhP0TTcmToROcCc%3D
2023.4.8 10:27:43#---------------------- Complete New Transaction---------------------
2023.4.8 10:27:43#Get trans_id From Post Value:VcPrqUvedIXCnhP0TTcmToROcCc=
2023.4.8 10:27:43#clientIp:103.198.133.190
2023.4.8 10:27:43#trans_id:VcPrqUvedIXCnhP0TTcmToROcCc=
2023.4.8 10:27:45#result:RESULT>FAILED^RESULT_CODE>103^3DSECURE>SKIPPED^RRN>309810829807^APPROVAL_CODE>0^CARD_NUMBER>999999*********4009^AMOUNT>922000^CARDNAME>mb account^DESCRIPTION>6BBG2105032^TRANS_DATE>2023-04-08 04:27:43 PM
2023.4.8 10:27:45#Failed
2023.4.8 10:28:33#=================== Start New Transaction ===================
2023.4.8 10:28:33#txnrefnum:BBG2105032
2023.4.8 10:28:33#clientIp:103.198.133.188
2023.4.8 10:28:33#card type:6
2023.4.8 10:28:33#totalamount:922000
2023.4.8 10:28:36#result:TRANSACTION_ID:Pnb88pdVlSvfweUxAljnYEskzsQ=
2023.4.8 10:28:36#Forward to DBBL Payment Gateway Page: https://ecom1.dutchbanglabank.com/ecomm2/ClientHandler?card_type=6&trans_id=Pnb88pdVlSvfweUxAljnYEskzsQ%3D
2023.4.8 10:29:03#=================== Start New Transaction ===================
2023.4.8 10:29:03#txnrefnum:BBG2105032
2023.4.8 10:29:03#clientIp:103.198.133.190
2023.4.8 10:29:03#card type:6
2023.4.8 10:29:03#totalamount:922000
2023.4.8 10:29:05#result:TRANSACTION_ID:kXNJDOmFtgWJqNWCBuKaZJTfxjU=
2023.4.8 10:29:05#Forward to DBBL Payment Gateway Page: https://ecom1.dutchbanglabank.com/ecomm2/ClientHandler?card_type=6&trans_id=kXNJDOmFtgWJqNWCBuKaZJTfxjU%3D
2023.4.8 10:29:44#---------------------- Complete New Transaction---------------------
2023.4.8 10:29:44#Get trans_id From Post Value:kXNJDOmFtgWJqNWCBuKaZJTfxjU=
2023.4.8 10:29:44#clientIp:103.198.133.188
2023.4.8 10:29:44#trans_id:kXNJDOmFtgWJqNWCBuKaZJTfxjU=
2023.4.8 10:29:45#result:RESULT>FAILED^RESULT_CODE>103^3DSECURE>SKIPPED^RRN>309810829974^APPROVAL_CODE>0^CARD_NUMBER>999999*********4009^AMOUNT>922000^CARDNAME>mb account^DESCRIPTION>6BBG2105032^TRANS_DATE>2023-04-08 04:29:43 PM
2023.4.8 10:29:45#Failed
2023.4.8 10:29:48#=================== Start New Transaction ===================
2023.4.8 10:29:48#txnrefnum:BBD2005055
2023.4.8 10:29:48#clientIp:103.220.204.12
2023.4.8 10:29:48#card type:6
2023.4.8 10:29:48#totalamount:102000
2023.4.8 10:29:50#result:TRANSACTION_ID:jaWWPS2aPQe37NtUN8TfffctY4o=
2023.4.8 10:29:50#Forward to DBBL Payment Gateway Page: https://ecom1.dutchbanglabank.com/ecomm2/ClientHandler?card_type=6&trans_id=jaWWPS2aPQe37NtUN8TfffctY4o%3D
2023.4.8 10:29:52#=================== Start New Transaction ===================
2023.4.8 10:29:52#txnrefnum:BBD2005055
2023.4.8 10:29:52#clientIp:103.220.204.12
2023.4.8 10:29:52#card type:6
2023.4.8 10:29:52#totalamount:102000
2023.4.8 10:29:55#result:TRANSACTION_ID:rRDPSiYGcu4aC37VP2qCiJSH2ZU=
2023.4.8 10:29:55#Forward to DBBL Payment Gateway Page: https://ecom1.dutchbanglabank.com/ecomm2/ClientHandler?card_type=6&trans_id=rRDPSiYGcu4aC37VP2qCiJSH2ZU%3D
2023.4.8 10:30:22#=================== Start New Transaction ===================
2023.4.8 10:30:22#txnrefnum:BBB2107017
2023.4.8 10:30:22#clientIp:103.198.133.188
2023.4.8 10:30:22#card type:6
2023.4.8 10:30:22#totalamount:1022000
2023.4.8 10:30:25#result:TRANSACTION_ID:Mjo6FeAGvuNr6SAAoVBKNnYlEDA=
2023.4.8 10:30:25#Forward to DBBL Payment Gateway Page: https://ecom1.dutchbanglabank.com/ecomm2/ClientHandler?card_type=6&trans_id=Mjo6FeAGvuNr6SAAoVBKNnYlEDA%3D
2023.4.8 10:30:38#---------------------- Complete New Transaction---------------------
2023.4.8 10:30:38#Get trans_id From Post Value:rRDPSiYGcu4aC37VP2qCiJSH2ZU=
2023.4.8 10:30:38#clientIp:103.220.204.12
2023.4.8 10:30:38#trans_id:rRDPSiYGcu4aC37VP2qCiJSH2ZU=
2023.4.8 10:30:40#result:RESULT>OK^RESULT_CODE>000^3DSECURE>SKIPPED^RRN>309810830086^APPROVAL_CODE>141392^CARD_NUMBER>999999*********3264^AMOUNT>102000^CARDNAME>mb account^DESCRIPTION>6BBD2005055^TRANS_DATE>2023-04-08 04:30:37 PM
2023.4.8 10:30:40#41044808103040
2023.4.8 10:30:40#41044808103040
2023.4.8 10:30:40#=================== Transaction Completed =======================
2023.4.8 10:31:28#---------------------- Complete New Transaction---------------------
2023.4.8 10:31:28#Get trans_id From Post Value:Mjo6FeAGvuNr6SAAoVBKNnYlEDA=
2023.4.8 10:31:28#clientIp:103.198.133.188
2023.4.8 10:31:28#trans_id:Mjo6FeAGvuNr6SAAoVBKNnYlEDA=
2023.4.8 10:31:29#result:RESULT>FAILED^RESULT_CODE>103^3DSECURE>SKIPPED^RRN>309810830150^APPROVAL_CODE>0^CARD_NUMBER>999999*********4009^AMOUNT>1022000^CARDNAME>mb account^DESCRIPTION>6BBB2107017^TRANS_DATE>2023-04-08 04:31:27 PM
2023.4.8 10:31:29#Failed
2023.4.8 10:34:10#=================== Start New Transaction ===================
2023.4.8 10:34:10#txnrefnum:BBG2105032
2023.4.8 10:34:10#clientIp:103.198.133.188
2023.4.8 10:34:10#card type:6
2023.4.8 10:34:10#totalamount:1022000
2023.4.8 10:34:13#result:TRANSACTION_ID:m4OPcm0FfdaUhhN9kxMr20MiNlU=
2023.4.8 10:34:13#Forward to DBBL Payment Gateway Page: https://ecom1.dutchbanglabank.com/ecomm2/ClientHandler?card_type=6&trans_id=m4OPcm0FfdaUhhN9kxMr20MiNlU%3D
2023.4.8 10:34:43#---------------------- Complete New Transaction---------------------
2023.4.8 10:34:43#Get trans_id From Post Value:m4OPcm0FfdaUhhN9kxMr20MiNlU=
2023.4.8 10:34:43#clientIp:103.198.133.188
2023.4.8 10:34:43#trans_id:m4OPcm0FfdaUhhN9kxMr20MiNlU=
2023.4.8 10:34:44#result:RESULT>FAILED^RESULT_CODE>103^3DSECURE>SKIPPED^RRN>309810830386^APPROVAL_CODE>0^CARD_NUMBER>999999*********4009^AMOUNT>1022000^CARDNAME>mb account^DESCRIPTION>6BBG2105032^TRANS_DATE>2023-04-08 04:34:42 PM
2023.4.8 10:34:44#Failed
2023.4.8 10:36:11#=================== Start New Transaction ===================
2023.4.8 10:36:11#txnrefnum:BBD2006146
2023.4.8 10:36:11#clientIp:103.177.242.9
2023.4.8 10:36:11#card type:6
2023.4.8 10:36:11#totalamount:102000
2023.4.8 10:36:13#result:TRANSACTION_ID:d3V5jK79HxEheJ4KWCsPl2XEB3Y=
2023.4.8 10:36:14#Forward to DBBL Payment Gateway Page: https://ecom1.dutchbanglabank.com/ecomm2/ClientHandler?card_type=6&trans_id=d3V5jK79HxEheJ4KWCsPl2XEB3Y%3D
2023.4.8 10:36:54#---------------------- Complete New Transaction---------------------
2023.4.8 10:36:54#Get trans_id From Post Value:d3V5jK79HxEheJ4KWCsPl2XEB3Y=
2023.4.8 10:36:54#clientIp:103.177.242.9
2023.4.8 10:36:54#trans_id:d3V5jK79HxEheJ4KWCsPl2XEB3Y=
2023.4.8 10:36:56#result:RESULT>OK^RESULT_CODE>000^3DSECURE>SKIPPED^RRN>309810830557^APPROVAL_CODE>251086^CARD_NUMBER>999999*********1324^AMOUNT>102000^CARDNAME>mb account^DESCRIPTION>6BBD2006146^TRANS_DATE>2023-04-08 04:36:53 PM
2023.4.8 10:36:56#39069308103656
2023.4.8 10:36:56#39069308103656
2023.4.8 10:36:56#=================== Transaction Completed =======================
2023.4.8 10:41:11#=================== Start New Transaction ===================
2023.4.8 10:41:11#txnrefnum:MSC22111338
2023.4.8 10:41:11#clientIp:123.136.26.147
2023.4.8 10:41:11#card type:6
2023.4.8 10:41:11#totalamount:262000
2023.4.8 10:41:14#result:TRANSACTION_ID:UR1hz1gaZTvaCF5agneyw0b0vn8=
2023.4.8 10:41:14#Forward to DBBL Payment Gateway Page: https://ecom1.dutchbanglabank.com/ecomm2/ClientHandler?card_type=6&trans_id=UR1hz1gaZTvaCF5agneyw0b0vn8%3D
2023.4.8 10:41:41#---------------------- Complete New Transaction---------------------
2023.4.8 10:41:41#Get trans_id From Post Value:UR1hz1gaZTvaCF5agneyw0b0vn8=
2023.4.8 10:41:41#clientIp:123.136.26.147
2023.4.8 10:41:41#trans_id:UR1hz1gaZTvaCF5agneyw0b0vn8=
2023.4.8 10:41:42#result:RESULT>OK^RESULT_CODE>000^3DSECURE>SKIPPED^RRN>309810831000^APPROVAL_CODE>176351^CARD_NUMBER>999999*********8560^AMOUNT>262000^CARDNAME>mb account^DESCRIPTION>6MSC22111338^TRANS_DATE>2023-04-08 04:41:40 PM
2023.4.8 10:41:42#33839908104142
2023.4.8 10:41:42#33839908104142
2023.4.8 10:41:42#33839908104142
2023.4.8 10:41:43#33839908104142
2023.4.8 10:41:43#=================== Transaction Completed =======================
2023.4.8 13:28:22#=================== Start New Transaction ===================
2023.4.8 13:28:22#txnrefnum:BBG2105032
2023.4.8 13:28:22#clientIp:103.198.133.191
2023.4.8 13:28:22#card type:6
2023.4.8 13:28:22#totalamount:1022000
2023.4.8 13:28:25#result:TRANSACTION_ID:WWp0325CHuWtyuPxMxYIGuhJovQ=
2023.4.8 13:28:25#Forward to DBBL Payment Gateway Page: https://ecom1.dutchbanglabank.com/ecomm2/ClientHandler?card_type=6&trans_id=WWp0325CHuWtyuPxMxYIGuhJovQ%3D
2023.4.8 13:29:01#---------------------- Complete New Transaction---------------------
2023.4.8 13:29:01#Get trans_id From Post Value:WWp0325CHuWtyuPxMxYIGuhJovQ=
2023.4.8 13:29:01#clientIp:103.198.133.188
2023.4.8 13:29:01#trans_id:WWp0325CHuWtyuPxMxYIGuhJovQ=
2023.4.8 13:29:03#result:RESULT>FAILED^RESULT_CODE>103^3DSECURE>SKIPPED^RRN>309813842549^APPROVAL_CODE>0^CARD_NUMBER>999999*********4009^AMOUNT>1022000^CARDNAME>mb account^DESCRIPTION>6BBG2105032^TRANS_DATE>2023-04-08 07:29:00 PM
2023.4.8 13:29:03#Failed
2023.4.8 13:31:51#=================== Start New Transaction ===================
2023.4.8 13:31:51#txnrefnum:BBG2105032
2023.4.8 13:31:51#clientIp:103.198.133.188
2023.4.8 13:31:51#card type:6
2023.4.8 13:31:51#totalamount:722000
2023.4.8 13:31:54#result:TRANSACTION_ID:MIszInyiwOIzRtWSB70I74BKPdI=
2023.4.8 13:31:54#Forward to DBBL Payment Gateway Page: https://ecom1.dutchbanglabank.com/ecomm2/ClientHandler?card_type=6&trans_id=MIszInyiwOIzRtWSB70I74BKPdI%3D
2023.4.8 13:32:35#---------------------- Complete New Transaction---------------------
2023.4.8 13:32:35#Get trans_id From Post Value:MIszInyiwOIzRtWSB70I74BKPdI=
2023.4.8 13:32:35#clientIp:103.198.133.190
2023.4.8 13:32:35#trans_id:MIszInyiwOIzRtWSB70I74BKPdI=
2023.4.8 13:32:37#result:RESULT>FAILED^RESULT_CODE>103^3DSECURE>SKIPPED^RRN>309813842909^APPROVAL_CODE>0^CARD_NUMBER>999999*********4009^AMOUNT>722000^CARDNAME>mb account^DESCRIPTION>6BBG2105032^TRANS_DATE>2023-04-08 07:32:34 PM
2023.4.8 13:32:37#Failed
2023.4.8 14:13:54#=================== Start New Transaction ===================
2023.4.8 14:13:54#txnrefnum:MBB2101265
2023.4.8 14:13:54#clientIp:202.134.8.143
2023.4.8 14:13:54#card type:6
2023.4.8 14:13:54#totalamount:302000
2023.4.8 14:13:57#result:TRANSACTION_ID:9QrN2KkOYMfwiYzNrIXF93jtNA0=
2023.4.8 14:13:57#Forward to DBBL Payment Gateway Page: https://ecom1.dutchbanglabank.com/ecomm2/ClientHandler?card_type=6&trans_id=9QrN2KkOYMfwiYzNrIXF93jtNA0%3D
2023.4.8 14:14:49#---------------------- Complete New Transaction---------------------
2023.4.8 14:14:49#Get trans_id From Post Value:9QrN2KkOYMfwiYzNrIXF93jtNA0=
2023.4.8 14:14:49#clientIp:202.134.8.143
2023.4.8 14:14:49#trans_id:9QrN2KkOYMfwiYzNrIXF93jtNA0=
2023.4.8 14:14:50#result:RESULT>OK^RESULT_CODE>000^3DSECURE>SKIPPED^RRN>309814847115^APPROVAL_CODE>579226^CARD_NUMBER>999999*********0055^AMOUNT>302000^CARDNAME>mb account^DESCRIPTION>6MBB2101265^TRANS_DATE>2023-04-08 08:14:48 PM
2023.4.8 14:14:50#50692508021450
2023.4.8 14:14:51#50692508021450
2023.4.8 14:14:51#50692508021450
2023.4.8 14:14:51#50692508021450
2023.4.8 14:14:51#50692508021450
2023.4.8 14:14:51#50692508021450
2023.4.8 14:14:51#=================== Transaction Completed =======================
2023.4.8 14:34:50#=================== Start New Transaction ===================
2023.4.8 14:34:50#txnrefnum:MBM2008007
2023.4.8 14:34:50#clientIp:103.183.69.53
2023.4.8 14:34:50#card type:6
2023.4.8 14:34:50#totalamount:252000
2023.4.8 14:34:52#=================== Start New Transaction ===================
2023.4.8 14:34:52#txnrefnum:MBM2008007
2023.4.8 14:34:52#clientIp:103.183.69.53
2023.4.8 14:34:52#card type:6
2023.4.8 14:34:52#totalamount:252000
2023.4.8 14:34:52#result:TRANSACTION_ID:GiqJusIrtkyVXTfGXRUsvKl9Pp4=
2023.4.8 14:34:53#Forward to DBBL Payment Gateway Page: https://ecom1.dutchbanglabank.com/ecomm2/ClientHandler?card_type=6&trans_id=GiqJusIrtkyVXTfGXRUsvKl9Pp4%3D
2023.4.8 14:34:55#result:TRANSACTION_ID:4XdfTEn4DJTWjBJIQqbnP6zP2kk=
2023.4.8 14:34:55#Forward to DBBL Payment Gateway Page: https://ecom1.dutchbanglabank.com/ecomm2/ClientHandler?card_type=6&trans_id=4XdfTEn4DJTWjBJIQqbnP6zP2kk%3D
2023.4.8 14:36:03#=================== Start New Transaction ===================
2023.4.8 14:36:03#txnrefnum:MBM2008007
2023.4.8 14:36:03#clientIp:103.183.69.53
2023.4.8 14:36:03#card type:6
2023.4.8 14:36:03#totalamount:252000
2023.4.8 14:36:06#result:TRANSACTION_ID:DLZisq2CQ5pZYPxV9XSkqz80EAY=
2023.4.8 14:36:06#Forward to DBBL Payment Gateway Page: https://ecom1.dutchbanglabank.com/ecomm2/ClientHandler?card_type=6&trans_id=DLZisq2CQ5pZYPxV9XSkqz80EAY%3D
2023.4.8 14:36:52#=================== Start New Transaction ===================
2023.4.8 14:36:52#txnrefnum:MBM2008007
2023.4.8 14:36:52#clientIp:103.183.69.53
2023.4.8 14:36:52#card type:6
2023.4.8 14:36:52#totalamount:252000
2023.4.8 14:36:55#result:TRANSACTION_ID:iSJDk6Npl5D1Kgoi2VmKGQCbmUg=
2023.4.8 14:36:55#Forward to DBBL Payment Gateway Page: https://ecom1.dutchbanglabank.com/ecomm2/ClientHandler?card_type=6&trans_id=iSJDk6Npl5D1Kgoi2VmKGQCbmUg%3D
2023.4.8 16:44:47#=================== Start New Transaction ===================
2023.4.8 16:44:47#txnrefnum:MBD2008257
2023.4.8 16:44:47#clientIp:103.149.56.9
2023.4.8 16:44:47#card type:6
2023.4.8 16:44:47#totalamount:252000
2023.4.8 16:44:49#result:TRANSACTION_ID:SJhE43SNSCUO42ahtfsC4VViI5s=
2023.4.8 16:44:50#Forward to DBBL Payment Gateway Page: https://ecom1.dutchbanglabank.com/ecomm2/ClientHandler?card_type=6&trans_id=SJhE43SNSCUO42ahtfsC4VViI5s%3D
2023.4.8 16:46:39#=================== Start New Transaction ===================
2023.4.8 16:46:39#txnrefnum:MBD2008272
2023.4.8 16:46:39#clientIp:103.25.120.227
2023.4.8 16:46:39#card type:6
2023.4.8 16:46:39#totalamount:252000
2023.4.8 16:46:42#result:TRANSACTION_ID:wuP7EuLizSAOTh7TItBCEivJkWI=
2023.4.8 16:46:42#Forward to DBBL Payment Gateway Page: https://ecom1.dutchbanglabank.com/ecomm2/ClientHandler?card_type=6&trans_id=wuP7EuLizSAOTh7TItBCEivJkWI%3D
2023.4.8 16:47:12#---------------------- Complete New Transaction---------------------
2023.4.8 16:47:12#Get trans_id From Post Value:SJhE43SNSCUO42ahtfsC4VViI5s=
2023.4.8 16:47:12#clientIp:103.149.56.9
2023.4.8 16:47:12#trans_id:SJhE43SNSCUO42ahtfsC4VViI5s=
2023.4.8 16:47:14#result:RESULT>OK^RESULT_CODE>000^3DSECURE>SKIPPED^RRN>309816858231^APPROVAL_CODE>469206^CARD_NUMBER>999999*********0427^AMOUNT>252000^CARDNAME>mb account^DESCRIPTION>6MBD2008257^TRANS_DATE>2023-04-08 10:47:11 PM
2023.4.8 16:47:14#51769108044714
2023.4.8 16:47:14#51769108044714
2023.4.8 16:47:14#=================== Transaction Completed =======================
2023.4.8 16:47:49#---------------------- Complete New Transaction---------------------
2023.4.8 16:47:49#Get trans_id From Post Value:wuP7EuLizSAOTh7TItBCEivJkWI=
2023.4.8 16:47:49#clientIp:103.25.120.227
2023.4.8 16:47:49#trans_id:wuP7EuLizSAOTh7TItBCEivJkWI=
2023.4.8 16:47:51#result:RESULT>OK^RESULT_CODE>000^3DSECURE>SKIPPED^RRN>309816858268^APPROVAL_CODE>516856^CARD_NUMBER>999999*********3668^AMOUNT>252000^CARDNAME>mb account^DESCRIPTION>6MBD2008272^TRANS_DATE>2023-04-08 10:47:47 PM
2023.4.8 16:47:51#51686408044751
2023.4.8 16:47:51#51686408044751
2023.4.8 16:47:51#=================== Transaction Completed =======================
2023.4.8 20:40:17#=================== Start New Transaction ===================
2023.4.8 20:40:17#txnrefnum:BBD2301069
2023.4.8 20:40:17#clientIp:103.117.195.24
2023.4.8 20:40:17#card type:6
2023.4.8 20:40:17#totalamount:102000
2023.4.8 20:40:22#result:TRANSACTION_ID:uev4bSNa6DCpRtjhA1SHu0vlwPA=
2023.4.8 20:40:22#Forward to DBBL Payment Gateway Page: https://ecom1.dutchbanglabank.com/ecomm2/ClientHandler?card_type=6&trans_id=uev4bSNa6DCpRtjhA1SHu0vlwPA%3D
2023.4.8 20:41:58#---------------------- Complete New Transaction---------------------
2023.4.8 20:41:58#Get trans_id From Post Value:uev4bSNa6DCpRtjhA1SHu0vlwPA=
2023.4.8 20:41:58#clientIp:103.117.195.24
2023.4.8 20:41:58#trans_id:uev4bSNa6DCpRtjhA1SHu0vlwPA=
2023.4.8 20:42:00#result:RESULT>OK^RESULT_CODE>000^3DSECURE>SKIPPED^RRN>309820865145^APPROVAL_CODE>853766^CARD_NUMBER>999999*********2073^AMOUNT>102000^CARDNAME>mb account^DESCRIPTION>6BBD2301069^TRANS_DATE>2023-04-09 02:41:57 AM
2023.4.8 20:42:00#49149308084200
2023.4.8 20:42:00#49149308084200
2023.4.8 20:42:00#=================== Transaction Completed =======================
2023.4.8 23:15:06#=================== Start New Transaction ===================
2023.4.8 23:15:06#txnrefnum:MBB2108078
2023.4.8 23:15:06#clientIp:103.58.73.212
2023.4.8 23:15:06#card type:6
2023.4.8 23:15:06#totalamount:2000
2023.4.8 23:15:09#result:TRANSACTION_ID:bY6S1lY1qTOSOAOY8YbOWccUnNM=
2023.4.8 23:15:09#Forward to DBBL Payment Gateway Page: https://ecom1.dutchbanglabank.com/ecomm2/ClientHandler?card_type=6&trans_id=bY6S1lY1qTOSOAOY8YbOWccUnNM%3D