
2023.5.6 02:52:30#=================== Start New Transaction ===================
2023.5.6 02:52:30#txnrefnum:MBB2106164
2023.5.6 02:52:30#clientIp:103.126.36.5
2023.5.6 02:52:30#card type:6
2023.5.6 02:52:30#totalamount:102000
2023.5.6 02:52:34#result:TRANSACTION_ID:KsGUE8bHrgAyPsh2vtS0u2qBrAo=
2023.5.6 02:52:34#Forward to DBBL Payment Gateway Page: https://ecom1.dutchbanglabank.com/ecomm2/ClientHandler?card_type=6&trans_id=KsGUE8bHrgAyPsh2vtS0u2qBrAo%3D
2023.5.6 02:53:15#---------------------- Complete New Transaction---------------------
2023.5.6 02:53:15#Get trans_id From Post Value:KsGUE8bHrgAyPsh2vtS0u2qBrAo=
2023.5.6 02:53:15#clientIp:103.126.36.5
2023.5.6 02:53:15#trans_id:KsGUE8bHrgAyPsh2vtS0u2qBrAo=
2023.5.6 02:53:16#result:RESULT>OK^RESULT_CODE>000^3DSECURE>SKIPPED^RRN>312602919709^APPROVAL_CODE>112649^CARD_NUMBER>999999*********7232^AMOUNT>102000^CARDNAME>mb account^DESCRIPTION>6MBB2106164^TRANS_DATE>2023-05-06 08:53:14 AM
2023.5.6 02:53:16#41896906025316
2023.5.6 02:53:17#41896906025316
2023.5.6 02:53:17#=================== Transaction Completed =======================
2023.5.6 02:55:54#=================== Start New Transaction ===================
2023.5.6 02:55:54#txnrefnum:MBD2308139
2023.5.6 02:55:54#clientIp:103.126.36.5
2023.5.6 02:55:54#card type:6
2023.5.6 02:55:54#totalamount:102000
2023.5.6 02:55:57#result:TRANSACTION_ID:wwQ7h2ZcB1AWmlw63GpjmeWSYV4=
2023.5.6 02:55:57#Forward to DBBL Payment Gateway Page: https://ecom1.dutchbanglabank.com/ecomm2/ClientHandler?card_type=6&trans_id=wwQ7h2ZcB1AWmlw63GpjmeWSYV4%3D
2023.5.6 02:56:28#---------------------- Complete New Transaction---------------------
2023.5.6 02:56:28#Get trans_id From Post Value:wwQ7h2ZcB1AWmlw63GpjmeWSYV4=
2023.5.6 02:56:28#clientIp:103.126.36.5
2023.5.6 02:56:28#trans_id:wwQ7h2ZcB1AWmlw63GpjmeWSYV4=
2023.5.6 02:56:30#result:RESULT>OK^RESULT_CODE>000^3DSECURE>SKIPPED^RRN>312602919813^APPROVAL_CODE>157437^CARD_NUMBER>999999*********7232^AMOUNT>102000^CARDNAME>mb account^DESCRIPTION>6MBD2308139^TRANS_DATE>2023-05-06 08:56:27 AM
2023.5.6 02:56:30#42397306025630
2023.5.6 02:56:30#42397306025630
2023.5.6 02:56:30#=================== Transaction Completed =======================
2023.5.6 02:58:23#=================== Start New Transaction ===================
2023.5.6 02:58:23#txnrefnum:MBM2305174
2023.5.6 02:58:23#clientIp:103.126.36.5
2023.5.6 02:58:23#card type:6
2023.5.6 02:58:23#totalamount:102000
2023.5.6 02:58:26#result:TRANSACTION_ID:1to6NWEEHN5D748ALL37rPWAP7M=
2023.5.6 02:58:26#Forward to DBBL Payment Gateway Page: https://ecom1.dutchbanglabank.com/ecomm2/ClientHandler?card_type=6&trans_id=1to6NWEEHN5D748ALL37rPWAP7M%3D
2023.5.6 02:58:51#---------------------- Complete New Transaction---------------------
2023.5.6 02:58:51#Get trans_id From Post Value:1to6NWEEHN5D748ALL37rPWAP7M=
2023.5.6 02:58:51#clientIp:103.126.36.5
2023.5.6 02:58:51#trans_id:1to6NWEEHN5D748ALL37rPWAP7M=
2023.5.6 02:58:53#result:RESULT>OK^RESULT_CODE>000^3DSECURE>SKIPPED^RRN>312602919887^APPROVAL_CODE>118907^CARD_NUMBER>999999*********7232^AMOUNT>102000^CARDNAME>mb account^DESCRIPTION>6MBM2305174^TRANS_DATE>2023-05-06 08:58:50 AM
2023.5.6 02:58:53#48330106025853
2023.5.6 02:58:53#48330106025853
2023.5.6 02:58:53#=================== Transaction Completed =======================
2023.5.6 04:00:46#=================== Start New Transaction ===================
2023.5.6 04:00:46#txnrefnum:MEM2003045
2023.5.6 04:00:46#clientIp:202.134.10.141
2023.5.6 04:00:46#card type:6
2023.5.6 04:00:46#totalamount:522000
2023.5.6 04:00:48#result:TRANSACTION_ID:CJdyPUfuXFiEWsdJkoaMkk5MJrA=
2023.5.6 04:00:48#Forward to DBBL Payment Gateway Page: https://ecom1.dutchbanglabank.com/ecomm2/ClientHandler?card_type=6&trans_id=CJdyPUfuXFiEWsdJkoaMkk5MJrA%3D
2023.5.6 04:01:08#---------------------- Complete New Transaction---------------------
2023.5.6 04:01:08#Get trans_id From Post Value:CJdyPUfuXFiEWsdJkoaMkk5MJrA=
2023.5.6 04:01:08#clientIp:202.134.10.141
2023.5.6 04:01:08#trans_id:CJdyPUfuXFiEWsdJkoaMkk5MJrA=
2023.5.6 04:01:10#result:RESULT>OK^RESULT_CODE>000^3DSECURE>SKIPPED^RRN>312604922000^APPROVAL_CODE>296764^CARD_NUMBER>999999*********7532^AMOUNT>522000^CARDNAME>mb account^DESCRIPTION>6MEM2003045^TRANS_DATE>2023-05-06 10:01:07 AM
2023.5.6 04:01:10#45018906040110
2023.5.6 04:01:10#45018906040110
2023.5.6 04:01:10#45018906040110
2023.5.6 04:01:10#45018906040110
2023.5.6 04:01:10#45018906040110
2023.5.6 04:01:10#45018906040110
2023.5.6 04:01:10#45018906040110
2023.5.6 04:01:10#45018906040110
2023.5.6 04:01:10#=================== Transaction Completed =======================
2023.5.6 04:05:22#=================== Start New Transaction ===================
2023.5.6 04:05:22#txnrefnum:MEB2103047
2023.5.6 04:05:22#clientIp:202.134.14.148
2023.5.6 04:05:22#card type:6
2023.5.6 04:05:22#totalamount:2000
2023.5.6 04:05:25#result:TRANSACTION_ID:Tw4xXZXiTjFwU1jV1VQ3OwTodtM=
2023.5.6 04:05:25#Forward to DBBL Payment Gateway Page: https://ecom1.dutchbanglabank.com/ecomm2/ClientHandler?card_type=6&trans_id=Tw4xXZXiTjFwU1jV1VQ3OwTodtM%3D
2023.5.6 04:13:54#=================== Start New Transaction ===================
2023.5.6 04:13:54#txnrefnum:MBG2103100
2023.5.6 04:13:54#clientIp:202.134.10.141
2023.5.6 04:13:54#card type:6
2023.5.6 04:13:54#totalamount:1122000
2023.5.6 04:13:57#result:TRANSACTION_ID:VlfmvoWWTI5fep4nwAGNYeuQYuQ=
2023.5.6 04:13:57#Forward to DBBL Payment Gateway Page: https://ecom1.dutchbanglabank.com/ecomm2/ClientHandler?card_type=6&trans_id=VlfmvoWWTI5fep4nwAGNYeuQYuQ%3D
2023.5.6 04:14:11#---------------------- Complete New Transaction---------------------
2023.5.6 04:14:11#Get trans_id From Post Value:VlfmvoWWTI5fep4nwAGNYeuQYuQ=
2023.5.6 04:14:11#clientIp:202.134.10.141
2023.5.6 04:14:11#trans_id:VlfmvoWWTI5fep4nwAGNYeuQYuQ=
2023.5.6 04:14:12#result:RESULT>OK^RESULT_CODE>000^3DSECURE>SKIPPED^RRN>312604922577^APPROVAL_CODE>321251^CARD_NUMBER>999999*********7532^AMOUNT>1122000^CARDNAME>mb account^DESCRIPTION>6MBG2103100^TRANS_DATE>2023-05-06 10:14:10 AM
2023.5.6 04:14:12#36632206041412
2023.5.6 04:14:12#36632206041412
2023.5.6 04:14:12#36632206041412
2023.5.6 04:14:13#36632206041412
2023.5.6 04:14:13#36632206041412
2023.5.6 04:14:13#36632206041412
2023.5.6 04:14:13#36632206041412
2023.5.6 04:14:13#36632206041412
2023.5.6 04:14:13#36632206041412
2023.5.6 04:14:13#36632206041412
2023.5.6 04:14:13#36632206041412
2023.5.6 04:14:13#36632206041412
2023.5.6 04:14:13#=================== Transaction Completed =======================
2023.5.6 04:18:11#=================== Start New Transaction ===================
2023.5.6 04:18:11#txnrefnum:BBM2007181
2023.5.6 04:18:11#clientIp:103.166.89.167
2023.5.6 04:18:11#card type:6
2023.5.6 04:18:11#totalamount:302000
2023.5.6 04:18:14#result:TRANSACTION_ID:wQi1kbWl65ntpRieAvAIGCsPqiA=
2023.5.6 04:18:14#Forward to DBBL Payment Gateway Page: https://ecom1.dutchbanglabank.com/ecomm2/ClientHandler?card_type=6&trans_id=wQi1kbWl65ntpRieAvAIGCsPqiA%3D
2023.5.6 04:18:40#---------------------- Complete New Transaction---------------------
2023.5.6 04:18:40#Get trans_id From Post Value:wQi1kbWl65ntpRieAvAIGCsPqiA=
2023.5.6 04:18:40#clientIp:103.166.89.167
2023.5.6 04:18:40#trans_id:wQi1kbWl65ntpRieAvAIGCsPqiA=
2023.5.6 04:18:42#result:RESULT>OK^RESULT_CODE>000^3DSECURE>SKIPPED^RRN>312604922797^APPROVAL_CODE>377228^CARD_NUMBER>999999*********1332^AMOUNT>302000^CARDNAME>mb account^DESCRIPTION>6BBM2007181^TRANS_DATE>2023-05-06 10:18:39 AM
2023.5.6 04:18:42#37834506041842
2023.5.6 04:18:42#37834506041842
2023.5.6 04:18:42#37834506041842
2023.5.6 04:18:42#37834506041842
2023.5.6 04:18:42#37834506041842
2023.5.6 04:18:42#37834506041842
2023.5.6 04:18:42#=================== Transaction Completed =======================
2023.5.6 04:28:02#=================== Start New Transaction ===================
2023.5.6 04:28:02#txnrefnum:BBM2007201
2023.5.6 04:28:02#clientIp:103.162.230.255
2023.5.6 04:28:02#card type:6
2023.5.6 04:28:02#totalamount:1442000
2023.5.6 04:28:04#result:TRANSACTION_ID:ByYxkALtN7k4QTeRJKiu3ZuKpCw=
2023.5.6 04:28:05#Forward to DBBL Payment Gateway Page: https://ecom1.dutchbanglabank.com/ecomm2/ClientHandler?card_type=6&trans_id=ByYxkALtN7k4QTeRJKiu3ZuKpCw%3D
2023.5.6 04:38:58#=================== Start New Transaction ===================
2023.5.6 04:38:58#txnrefnum:MEM2302089
2023.5.6 04:38:58#clientIp:202.134.10.141
2023.5.6 04:38:58#card type:6
2023.5.6 04:38:58#totalamount:392000
2023.5.6 04:39:01#result:TRANSACTION_ID:HuYSVyamaA0ODI90xGNBOKph0MU=
2023.5.6 04:39:01#Forward to DBBL Payment Gateway Page: https://ecom1.dutchbanglabank.com/ecomm2/ClientHandler?card_type=6&trans_id=HuYSVyamaA0ODI90xGNBOKph0MU%3D
2023.5.6 04:39:16#---------------------- Complete New Transaction---------------------
2023.5.6 04:39:16#Get trans_id From Post Value:HuYSVyamaA0ODI90xGNBOKph0MU=
2023.5.6 04:39:16#clientIp:202.134.10.141
2023.5.6 04:39:16#trans_id:HuYSVyamaA0ODI90xGNBOKph0MU=
2023.5.6 04:39:18#result:RESULT>OK^RESULT_CODE>000^3DSECURE>SKIPPED^RRN>312604923929^APPROVAL_CODE>422784^CARD_NUMBER>999999*********7532^AMOUNT>392000^CARDNAME>mb account^DESCRIPTION>6MEM2302089^TRANS_DATE>2023-05-06 10:39:15 AM
2023.5.6 04:39:18#49979706043918
2023.5.6 04:39:18#49979706043918
2023.5.6 04:39:18#49979706043918
2023.5.6 04:39:18#49979706043918
2023.5.6 04:39:18#49979706043918
2023.5.6 04:39:18#49979706043918
2023.5.6 04:39:18#=================== Transaction Completed =======================
2023.5.6 05:17:26#=================== Start New Transaction ===================
2023.5.6 05:17:26#txnrefnum:MBD2002007
2023.5.6 05:17:26#clientIp:202.134.8.137
2023.5.6 05:17:26#card type:6
2023.5.6 05:17:26#totalamount:102000
2023.5.6 05:17:29#result:TRANSACTION_ID:QhI7Uohb4wvkg9kwupRAeJCB1oY=
2023.5.6 05:17:29#Forward to DBBL Payment Gateway Page: https://ecom1.dutchbanglabank.com/ecomm2/ClientHandler?card_type=6&trans_id=QhI7Uohb4wvkg9kwupRAeJCB1oY%3D
2023.5.6 05:18:21#---------------------- Complete New Transaction---------------------
2023.5.6 05:18:21#Get trans_id From Post Value:QhI7Uohb4wvkg9kwupRAeJCB1oY=
2023.5.6 05:18:21#clientIp:202.134.8.137
2023.5.6 05:18:21#trans_id:QhI7Uohb4wvkg9kwupRAeJCB1oY=
2023.5.6 05:18:22#result:RESULT>OK^RESULT_CODE>000^3DSECURE>SKIPPED^RRN>312605926188^APPROVAL_CODE>657011^CARD_NUMBER>999999*********7532^AMOUNT>102000^CARDNAME>mb account^DESCRIPTION>6MBD2002007^TRANS_DATE>2023-05-06 11:18:20 AM
2023.5.6 05:18:22#47571606051822
2023.5.6 05:18:23#47571606051822
2023.5.6 05:18:23#=================== Transaction Completed =======================
2023.5.6 05:21:39#=================== Start New Transaction ===================
2023.5.6 05:21:39#txnrefnum:BBG2106029
2023.5.6 05:21:39#clientIp:103.148.148.119
2023.5.6 05:21:39#card type:6
2023.5.6 05:21:39#totalamount:202000
2023.5.6 05:21:42#result:TRANSACTION_ID:dgDEy8YAp0eQ18OcPamBSnJvbPE=
2023.5.6 05:21:42#Forward to DBBL Payment Gateway Page: https://ecom1.dutchbanglabank.com/ecomm2/ClientHandler?card_type=6&trans_id=dgDEy8YAp0eQ18OcPamBSnJvbPE%3D
2023.5.6 05:23:29#---------------------- Complete New Transaction---------------------
2023.5.6 05:23:29#Get trans_id From Post Value:dgDEy8YAp0eQ18OcPamBSnJvbPE=
2023.5.6 05:23:29#clientIp:103.148.148.119
2023.5.6 05:23:29#trans_id:dgDEy8YAp0eQ18OcPamBSnJvbPE=
2023.5.6 05:23:30#result:RESULT>OK^RESULT_CODE>000^3DSECURE>SKIPPED^RRN>312605926522^APPROVAL_CODE>669709^CARD_NUMBER>999999*********5529^AMOUNT>202000^CARDNAME>mb account^DESCRIPTION>6BBG2106029^TRANS_DATE>2023-05-06 11:23:28 AM
2023.5.6 05:23:30#41407206052330
2023.5.6 05:23:31#41407206052330
2023.5.6 05:23:31#41407206052330
2023.5.6 05:23:31#41407206052330
2023.5.6 05:23:31#=================== Transaction Completed =======================
2023.5.6 05:44:11#=================== Start New Transaction ===================
2023.5.6 05:44:11#txnrefnum:BBM2207066
2023.5.6 05:44:11#clientIp:103.162.230.255
2023.5.6 05:44:11#card type:6
2023.5.6 05:44:11#totalamount:302000
2023.5.6 05:44:14#result:TRANSACTION_ID:4aHfEw7rTrlSApL6zmnjGsSXy78=
2023.5.6 05:44:14#Forward to DBBL Payment Gateway Page: https://ecom1.dutchbanglabank.com/ecomm2/ClientHandler?card_type=6&trans_id=4aHfEw7rTrlSApL6zmnjGsSXy78%3D
2023.5.6 05:45:23#---------------------- Complete New Transaction---------------------
2023.5.6 05:45:23#Get trans_id From Post Value:4aHfEw7rTrlSApL6zmnjGsSXy78=
2023.5.6 05:45:23#clientIp:103.162.230.255
2023.5.6 05:45:23#trans_id:4aHfEw7rTrlSApL6zmnjGsSXy78=
2023.5.6 05:45:25#result:RESULT>OK^RESULT_CODE>000^3DSECURE>SKIPPED^RRN>312605928019^APPROVAL_CODE>718423^CARD_NUMBER>999999*********7441^AMOUNT>302000^CARDNAME>mb account^DESCRIPTION>6BBM2207066^TRANS_DATE>2023-05-06 11:45:21 AM
2023.5.6 05:45:25#41376906054525
2023.5.6 05:45:25#41376906054525
2023.5.6 05:45:25#41376906054525
2023.5.6 05:45:25#41376906054525
2023.5.6 05:45:25#41376906054525
2023.5.6 05:45:25#41376906054525
2023.5.6 05:45:25#=================== Transaction Completed =======================
2023.5.6 05:49:02#=================== Start New Transaction ===================
2023.5.6 05:49:02#txnrefnum:MSC22110057
2023.5.6 05:49:02#clientIp:43.224.109.199
2023.5.6 05:49:02#card type:6
2023.5.6 05:49:02#totalamount:522000
2023.5.6 05:49:05#result:TRANSACTION_ID:G5K6QIxHf24mZGc5yJBgSFuF5Nw=
2023.5.6 05:49:05#Forward to DBBL Payment Gateway Page: https://ecom1.dutchbanglabank.com/ecomm2/ClientHandler?card_type=6&trans_id=G5K6QIxHf24mZGc5yJBgSFuF5Nw%3D
2023.5.6 05:49:22#---------------------- Complete New Transaction---------------------
2023.5.6 05:49:22#Get trans_id From Post Value:G5K6QIxHf24mZGc5yJBgSFuF5Nw=
2023.5.6 05:49:22#clientIp:43.224.109.199
2023.5.6 05:49:22#trans_id:G5K6QIxHf24mZGc5yJBgSFuF5Nw=
2023.5.6 05:49:24#result:RESULT>OK^RESULT_CODE>000^3DSECURE>SKIPPED^RRN>312605928348^APPROVAL_CODE>727296^CARD_NUMBER>999999*********7394^AMOUNT>522000^CARDNAME>mb account^DESCRIPTION>6MSC22110057^TRANS_DATE>2023-05-06 11:49:21 AM
2023.5.6 05:49:24#33644206054924
2023.5.6 05:49:24#33644206054924
2023.5.6 05:49:24#33644206054924
2023.5.6 05:49:24#33644206054924
2023.5.6 05:49:24#33644206054924
2023.5.6 05:49:24#33644206054924
2023.5.6 05:49:24#33644206054924
2023.5.6 05:49:24#33644206054924
2023.5.6 05:49:24#=================== Transaction Completed =======================
2023.5.6 05:58:08#=================== Start New Transaction ===================
2023.5.6 05:58:08#txnrefnum:BBM2306091
2023.5.6 05:58:08#clientIp:103.162.230.255
2023.5.6 05:58:08#card type:6
2023.5.6 05:58:08#totalamount:302000
2023.5.6 05:58:11#result:TRANSACTION_ID:5Tcls9flJPJhT6Ng80FiyO8cHOw=
2023.5.6 05:58:11#Forward to DBBL Payment Gateway Page: https://ecom1.dutchbanglabank.com/ecomm2/ClientHandler?card_type=6&trans_id=5Tcls9flJPJhT6Ng80FiyO8cHOw%3D
2023.5.6 05:59:17#---------------------- Complete New Transaction---------------------
2023.5.6 05:59:17#Get trans_id From Post Value:5Tcls9flJPJhT6Ng80FiyO8cHOw=
2023.5.6 05:59:17#clientIp:103.162.230.255
2023.5.6 05:59:17#trans_id:5Tcls9flJPJhT6Ng80FiyO8cHOw=
2023.5.6 05:59:18#result:RESULT>OK^RESULT_CODE>000^3DSECURE>SKIPPED^RRN>312605929127^APPROVAL_CODE>749304^CARD_NUMBER>999999*********7441^AMOUNT>302000^CARDNAME>mb account^DESCRIPTION>6BBM2306091^TRANS_DATE>2023-05-06 11:59:15 AM
2023.5.6 05:59:18#45701706055918
2023.5.6 05:59:19#45701706055918
2023.5.6 05:59:19#45701706055918
2023.5.6 05:59:19#45701706055918
2023.5.6 05:59:19#45701706055918
2023.5.6 05:59:19#45701706055918
2023.5.6 05:59:19#=================== Transaction Completed =======================
2023.5.6 06:16:15#=================== Start New Transaction ===================
2023.5.6 06:16:15#txnrefnum:MBD2005114
2023.5.6 06:16:15#clientIp:103.58.72.26
2023.5.6 06:16:15#card type:6
2023.5.6 06:16:15#totalamount:102000
2023.5.6 06:16:18#result:TRANSACTION_ID:rV7ghdLZ6WqtNbf7ab7p8W6n7So=
2023.5.6 06:16:18#Forward to DBBL Payment Gateway Page: https://ecom1.dutchbanglabank.com/ecomm2/ClientHandler?card_type=6&trans_id=rV7ghdLZ6WqtNbf7ab7p8W6n7So%3D
2023.5.6 06:20:16#---------------------- Complete New Transaction---------------------
2023.5.6 06:20:16#Get trans_id From Post Value:rV7ghdLZ6WqtNbf7ab7p8W6n7So=
2023.5.6 06:20:16#clientIp:103.58.72.26
2023.5.6 06:20:16#trans_id:rV7ghdLZ6WqtNbf7ab7p8W6n7So=
2023.5.6 06:20:18#result:RESULT>OK^RESULT_CODE>000^3DSECURE>SKIPPED^RRN>312606930785^APPROVAL_CODE>894589^CARD_NUMBER>999999*********9970^AMOUNT>102000^CARDNAME>mb account^DESCRIPTION>6MBD2005114^TRANS_DATE>2023-05-06 12:20:15 PM
2023.5.6 06:20:18#41640106062018
2023.5.6 06:20:18#41640106062018
2023.5.6 06:20:18#=================== Transaction Completed =======================
2023.5.6 06:23:03#=================== Start New Transaction ===================
2023.5.6 06:23:03#txnrefnum:MSC23110566
2023.5.6 06:23:03#clientIp:103.58.72.26
2023.5.6 06:23:03#card type:6
2023.5.6 06:23:03#totalamount:182000
2023.5.6 06:23:09#result:TRANSACTION_ID:O2R7I3dStpjmHZooPSiQxeGloqA=
2023.5.6 06:23:09#Forward to DBBL Payment Gateway Page: https://ecom1.dutchbanglabank.com/ecomm2/ClientHandler?card_type=6&trans_id=O2R7I3dStpjmHZooPSiQxeGloqA%3D
2023.5.6 06:23:41#---------------------- Complete New Transaction---------------------
2023.5.6 06:23:41#Get trans_id From Post Value:O2R7I3dStpjmHZooPSiQxeGloqA=
2023.5.6 06:23:41#clientIp:103.58.72.26
2023.5.6 06:23:41#trans_id:O2R7I3dStpjmHZooPSiQxeGloqA=
2023.5.6 06:23:42#result:RESULT>OK^RESULT_CODE>000^3DSECURE>SKIPPED^RRN>312606931102^APPROVAL_CODE>849649^CARD_NUMBER>999999*********9970^AMOUNT>182000^CARDNAME>mb account^DESCRIPTION>6MSC23110566^TRANS_DATE>2023-05-06 12:23:40 PM
2023.5.6 06:23:42#52581806062342
2023.5.6 06:23:42#52581806062342
2023.5.6 06:23:42#=================== Transaction Completed =======================
2023.5.6 06:31:09#=================== Start New Transaction ===================
2023.5.6 06:31:09#txnrefnum:BBM2005136
2023.5.6 06:31:09#clientIp:114.130.156.210
2023.5.6 06:31:09#card type:6
2023.5.6 06:31:09#totalamount:502000
2023.5.6 06:31:12#result:TRANSACTION_ID:qvCzmSnHlbbU1RnfYcOyZCYPNdM=
2023.5.6 06:31:12#Forward to DBBL Payment Gateway Page: https://ecom1.dutchbanglabank.com/ecomm2/ClientHandler?card_type=6&trans_id=qvCzmSnHlbbU1RnfYcOyZCYPNdM%3D
2023.5.6 06:32:17#---------------------- Complete New Transaction---------------------
2023.5.6 06:32:17#Get trans_id From Post Value:qvCzmSnHlbbU1RnfYcOyZCYPNdM=
2023.5.6 06:32:17#clientIp:114.130.156.210
2023.5.6 06:32:17#trans_id:qvCzmSnHlbbU1RnfYcOyZCYPNdM=
2023.5.6 06:32:19#result:RESULT>OK^RESULT_CODE>000^3DSECURE>SKIPPED^RRN>312606931899^APPROVAL_CODE>919920^CARD_NUMBER>999999*********6175^AMOUNT>502000^CARDNAME>mb account^DESCRIPTION>6BBM2005136^TRANS_DATE>2023-05-06 12:32:16 PM
2023.5.6 06:32:19#41428506063219
2023.5.6 06:32:19#41428506063219
2023.5.6 06:32:19#41428506063219
2023.5.6 06:32:19#41428506063219
2023.5.6 06:32:19#41428506063219
2023.5.6 06:32:19#41428506063219
2023.5.6 06:32:19#41428506063219
2023.5.6 06:32:19#41428506063219
2023.5.6 06:32:19#41428506063219
2023.5.6 06:32:20#41428506063219
2023.5.6 06:32:20#=================== Transaction Completed =======================
2023.5.6 06:39:48#=================== Start New Transaction ===================
2023.5.6 06:39:48#txnrefnum:BBM2004067
2023.5.6 06:39:48#clientIp:118.179.3.85
2023.5.6 06:39:48#card type:6
2023.5.6 06:39:48#totalamount:202000
2023.5.6 06:39:51#result:TRANSACTION_ID:op0b1PZ3S5kGigJt78scLVSLm74=
2023.5.6 06:39:51#Forward to DBBL Payment Gateway Page: https://ecom1.dutchbanglabank.com/ecomm2/ClientHandler?card_type=6&trans_id=op0b1PZ3S5kGigJt78scLVSLm74%3D
2023.5.6 06:40:14#---------------------- Complete New Transaction---------------------
2023.5.6 06:40:14#Get trans_id From Post Value:op0b1PZ3S5kGigJt78scLVSLm74=
2023.5.6 06:40:14#clientIp:118.179.3.85
2023.5.6 06:40:14#trans_id:op0b1PZ3S5kGigJt78scLVSLm74=
2023.5.6 06:40:15#result:RESULT>OK^RESULT_CODE>000^3DSECURE>SKIPPED^RRN>312606932677^APPROVAL_CODE>986188^CARD_NUMBER>999999*********8025^AMOUNT>202000^CARDNAME>mb account^DESCRIPTION>6BBM2004067^TRANS_DATE>2023-05-06 12:40:13 PM
2023.5.6 06:40:16#43072506064015
2023.5.6 06:40:16#43072506064015
2023.5.6 06:40:16#43072506064015
2023.5.6 06:40:16#43072506064015
2023.5.6 06:40:16#=================== Transaction Completed =======================
2023.5.6 06:41:47#=================== Start New Transaction ===================
2023.5.6 06:41:47#txnrefnum:BBM2003043
2023.5.6 06:41:47#clientIp:118.179.3.85
2023.5.6 06:41:47#card type:6
2023.5.6 06:41:47#totalamount:202000
2023.5.6 06:41:50#result:TRANSACTION_ID:gT84OsGDSAtgOktYR54LkUNWVgA=
2023.5.6 06:41:50#Forward to DBBL Payment Gateway Page: https://ecom1.dutchbanglabank.com/ecomm2/ClientHandler?card_type=6&trans_id=gT84OsGDSAtgOktYR54LkUNWVgA%3D
2023.5.6 06:42:15#---------------------- Complete New Transaction---------------------
2023.5.6 06:42:15#Get trans_id From Post Value:gT84OsGDSAtgOktYR54LkUNWVgA=
2023.5.6 06:42:15#clientIp:118.179.3.85
2023.5.6 06:42:15#trans_id:gT84OsGDSAtgOktYR54LkUNWVgA=
2023.5.6 06:42:17#result:RESULT>OK^RESULT_CODE>000^3DSECURE>SKIPPED^RRN>312606932873^APPROVAL_CODE>939112^CARD_NUMBER>999999*********8025^AMOUNT>202000^CARDNAME>mb account^DESCRIPTION>6BBM2003043^TRANS_DATE>2023-05-06 12:42:14 PM
2023.5.6 06:42:17#44549706064217
2023.5.6 06:42:17#44549706064217
2023.5.6 06:42:17#44549706064217
2023.5.6 06:42:17#44549706064217
2023.5.6 06:42:17#=================== Transaction Completed =======================
2023.5.6 06:45:09#=================== Start New Transaction ===================
2023.5.6 06:45:09#txnrefnum:MSC23111027
2023.5.6 06:45:09#clientIp:202.134.8.137
2023.5.6 06:45:09#card type:6
2023.5.6 06:45:09#totalamount:366000
2023.5.6 06:45:12#result:TRANSACTION_ID:7b5ILnVWLShooSVY5imkPELraT4=
2023.5.6 06:45:12#Forward to DBBL Payment Gateway Page: https://ecom1.dutchbanglabank.com/ecomm2/ClientHandler?card_type=6&trans_id=7b5ILnVWLShooSVY5imkPELraT4%3D
2023.5.6 06:45:36#---------------------- Complete New Transaction---------------------
2023.5.6 06:45:36#Get trans_id From Post Value:7b5ILnVWLShooSVY5imkPELraT4=
2023.5.6 06:45:36#clientIp:202.134.8.137
2023.5.6 06:45:36#trans_id:7b5ILnVWLShooSVY5imkPELraT4=
2023.5.6 06:45:38#result:RESULT>OK^RESULT_CODE>000^3DSECURE>SKIPPED^RRN>312606933197^APPROVAL_CODE>997739^CARD_NUMBER>999999*********7532^AMOUNT>366000^CARDNAME>mb account^DESCRIPTION>6MSC23111027^TRANS_DATE>2023-05-06 12:45:35 PM
2023.5.6 06:45:38#52007206064538
2023.5.6 06:45:38#52007206064538
2023.5.6 06:45:38#52007206064538
2023.5.6 06:45:39#52007206064538
2023.5.6 06:45:39#52007206064538
2023.5.6 06:45:39#52007206064538
2023.5.6 06:45:39#=================== Transaction Completed =======================
2023.5.6 06:56:13#=================== Start New Transaction ===================
2023.5.6 06:56:13#txnrefnum:MBM2309120
2023.5.6 06:56:13#clientIp:202.134.8.137
2023.5.6 06:56:13#card type:6
2023.5.6 06:56:13#totalamount:202000
2023.5.6 06:56:16#result:TRANSACTION_ID:Y0X58SAPCk5uyulkIEaKcmAeiqY=
2023.5.6 06:56:16#Forward to DBBL Payment Gateway Page: https://ecom1.dutchbanglabank.com/ecomm2/ClientHandler?card_type=6&trans_id=Y0X58SAPCk5uyulkIEaKcmAeiqY%3D
2023.5.6 06:56:43#---------------------- Complete New Transaction---------------------
2023.5.6 06:56:43#Get trans_id From Post Value:Y0X58SAPCk5uyulkIEaKcmAeiqY=
2023.5.6 06:56:43#clientIp:202.134.8.137
2023.5.6 06:56:43#trans_id:Y0X58SAPCk5uyulkIEaKcmAeiqY=
2023.5.6 06:56:45#result:RESULT>OK^RESULT_CODE>000^3DSECURE>SKIPPED^RRN>312606934085^APPROVAL_CODE>069052^CARD_NUMBER>999999*********7532^AMOUNT>202000^CARDNAME>mb account^DESCRIPTION>6MBM2309120^TRANS_DATE>2023-05-06 12:56:42 PM
2023.5.6 06:56:45#40695606065645
2023.5.6 06:56:45#40695606065645
2023.5.6 06:56:45#40695606065645
2023.5.6 06:56:45#40695606065645
2023.5.6 06:56:45#=================== Transaction Completed =======================
2023.5.6 08:57:16#=================== Start New Transaction ===================
2023.5.6 08:57:16#txnrefnum:BBD2007087
2023.5.6 08:57:16#clientIp:103.138.120.154
2023.5.6 08:57:16#card type:6
2023.5.6 08:57:16#totalamount:102000
2023.5.6 08:57:24#result:TRANSACTION_ID:S1sT6hvKm3oOJcisg4Jr8ae1658=
2023.5.6 08:57:24#Forward to DBBL Payment Gateway Page: https://ecom1.dutchbanglabank.com/ecomm2/ClientHandler?card_type=6&trans_id=S1sT6hvKm3oOJcisg4Jr8ae1658%3D
2023.5.6 08:57:59#---------------------- Complete New Transaction---------------------
2023.5.6 08:57:59#Get trans_id From Post Value:S1sT6hvKm3oOJcisg4Jr8ae1658=
2023.5.6 08:57:59#clientIp:103.138.120.154
2023.5.6 08:57:59#trans_id:S1sT6hvKm3oOJcisg4Jr8ae1658=
2023.5.6 08:58:01#result:RESULT>OK^RESULT_CODE>000^3DSECURE>SKIPPED^RRN>312608942310^APPROVAL_CODE>463403^CARD_NUMBER>999999*********3297^AMOUNT>102000^CARDNAME>mb account^DESCRIPTION>6BBD2007087^TRANS_DATE>2023-05-06 02:57:58 PM
2023.5.6 08:58:01#37414906085801
2023.5.6 08:58:01#37414906085801
2023.5.6 08:58:01#=================== Transaction Completed =======================
2023.5.6 11:21:31#=================== Start New Transaction ===================
2023.5.6 11:21:31#txnrefnum:BBD2005055
2023.5.6 11:21:31#clientIp:103.143.138.45
2023.5.6 11:21:31#card type:6
2023.5.6 11:21:31#totalamount:102000
2023.5.6 11:21:34#result:TRANSACTION_ID:J3morVKQGVrPXIIuVs1lM4SMKNM=
2023.5.6 11:21:34#Forward to DBBL Payment Gateway Page: https://ecom1.dutchbanglabank.com/ecomm2/ClientHandler?card_type=6&trans_id=J3morVKQGVrPXIIuVs1lM4SMKNM%3D
2023.5.6 11:23:38#=================== Start New Transaction ===================
2023.5.6 11:23:38#txnrefnum:BBD2005055
2023.5.6 11:23:38#clientIp:103.143.138.45
2023.5.6 11:23:38#card type:6
2023.5.6 11:23:38#totalamount:102000
2023.5.6 11:23:41#result:TRANSACTION_ID:6JtIIFts1uA0wg3UpqJFRU410dI=
2023.5.6 11:23:41#Forward to DBBL Payment Gateway Page: https://ecom1.dutchbanglabank.com/ecomm2/ClientHandler?card_type=6&trans_id=6JtIIFts1uA0wg3UpqJFRU410dI%3D
2023.5.6 11:24:09#---------------------- Complete New Transaction---------------------
2023.5.6 11:24:09#Get trans_id From Post Value:6JtIIFts1uA0wg3UpqJFRU410dI=
2023.5.6 11:24:09#clientIp:103.143.138.45
2023.5.6 11:24:09#trans_id:6JtIIFts1uA0wg3UpqJFRU410dI=
2023.5.6 11:24:11#result:RESULT>OK^RESULT_CODE>000^3DSECURE>SKIPPED^RRN>312611951226^APPROVAL_CODE>838591^CARD_NUMBER>999999*********5481^AMOUNT>102000^CARDNAME>mb account^DESCRIPTION>6BBD2005055^TRANS_DATE>2023-05-06 05:24:09 PM
2023.5.6 11:24:11#41044906112411
2023.5.6 11:24:11#41044906112411
2023.5.6 11:24:11#=================== Transaction Completed =======================
2023.5.6 11:24:52#=================== Start New Transaction ===================
2023.5.6 11:24:52#txnrefnum:MBM2004123
2023.5.6 11:24:52#clientIp:103.168.207.85
2023.5.6 11:24:52#card type:6
2023.5.6 11:24:52#totalamount:202000
2023.5.6 11:24:55#result:TRANSACTION_ID:CIb8VDSh4XdSbxPKS2KLSSq2RcE=
2023.5.6 11:24:55#Forward to DBBL Payment Gateway Page: https://ecom1.dutchbanglabank.com/ecomm2/ClientHandler?card_type=6&trans_id=CIb8VDSh4XdSbxPKS2KLSSq2RcE%3D
2023.5.6 11:25:32#---------------------- Complete New Transaction---------------------
2023.5.6 11:25:32#Get trans_id From Post Value:CIb8VDSh4XdSbxPKS2KLSSq2RcE=
2023.5.6 11:25:32#clientIp:103.168.207.85
2023.5.6 11:25:32#trans_id:CIb8VDSh4XdSbxPKS2KLSSq2RcE=
2023.5.6 11:25:34#result:RESULT>OK^RESULT_CODE>000^3DSECURE>SKIPPED^RRN>312611951300^APPROVAL_CODE>877436^CARD_NUMBER>999999*********0436^AMOUNT>202000^CARDNAME>mb account^DESCRIPTION>6MBM2004123^TRANS_DATE>2023-05-06 05:25:31 PM
2023.5.6 11:25:34#43561206112534
2023.5.6 11:25:34#43561206112534
2023.5.6 11:25:34#43561206112534
2023.5.6 11:25:34#43561206112534
2023.5.6 11:25:34#=================== Transaction Completed =======================
2023.5.6 11:34:51#=================== Start New Transaction ===================
2023.5.6 11:34:51#txnrefnum:BBM2301151
2023.5.6 11:34:51#clientIp:163.47.158.30
2023.5.6 11:34:51#card type:6
2023.5.6 11:34:51#totalamount:202000
2023.5.6 11:34:54#result:TRANSACTION_ID:ttaSyvBPnMlrfVxvYThoryQ7lUo=
2023.5.6 11:34:54#Forward to DBBL Payment Gateway Page: https://ecom1.dutchbanglabank.com/ecomm2/ClientHandler?card_type=6&trans_id=ttaSyvBPnMlrfVxvYThoryQ7lUo%3D
2023.5.6 11:35:40#---------------------- Complete New Transaction---------------------
2023.5.6 11:35:40#Get trans_id From Post Value:ttaSyvBPnMlrfVxvYThoryQ7lUo=
2023.5.6 11:35:40#clientIp:163.47.158.30
2023.5.6 11:35:40#trans_id:ttaSyvBPnMlrfVxvYThoryQ7lUo=
2023.5.6 11:35:42#result:RESULT>OK^RESULT_CODE>000^3DSECURE>SKIPPED^RRN>312611952110^APPROVAL_CODE>910954^CARD_NUMBER>999999*********9585^AMOUNT>202000^CARDNAME>mb account^DESCRIPTION>6BBM2301151^TRANS_DATE>2023-05-06 05:35:39 PM
2023.5.6 11:35:42#49208406113542
2023.5.6 11:35:42#49208406113542
2023.5.6 11:35:42#49208406113542
2023.5.6 11:35:42#49208406113542
2023.5.6 11:35:42#=================== Transaction Completed =======================
2023.5.6 11:55:02#=================== Start New Transaction ===================
2023.5.6 11:55:02#txnrefnum:MBM2005116
2023.5.6 11:55:02#clientIp:103.138.120.78
2023.5.6 11:55:02#card type:6
2023.5.6 11:55:02#totalamount:2000
2023.5.6 11:55:05#result:TRANSACTION_ID:c5TDf4qkHTz70poXpvQRyYmPAdc=
2023.5.6 11:55:05#Forward to DBBL Payment Gateway Page: https://ecom1.dutchbanglabank.com/ecomm2/ClientHandler?card_type=6&trans_id=c5TDf4qkHTz70poXpvQRyYmPAdc%3D
2023.5.6 12:21:10#=================== Start New Transaction ===================
2023.5.6 12:21:10#txnrefnum:MBM2209247
2023.5.6 12:21:10#clientIp:103.58.75.8
2023.5.6 12:21:10#card type:6
2023.5.6 12:21:10#totalamount:102000
2023.5.6 12:21:13#result:TRANSACTION_ID:n2ey8zlrLSfOaoVYx7jBUXjqf38=
2023.5.6 12:21:13#Forward to DBBL Payment Gateway Page: https://ecom1.dutchbanglabank.com/ecomm2/ClientHandler?card_type=6&trans_id=n2ey8zlrLSfOaoVYx7jBUXjqf38%3D
2023.5.6 12:22:29#---------------------- Complete New Transaction---------------------
2023.5.6 12:22:29#Get trans_id From Post Value:n2ey8zlrLSfOaoVYx7jBUXjqf38=
2023.5.6 12:22:29#clientIp:103.58.75.8
2023.5.6 12:22:29#trans_id:n2ey8zlrLSfOaoVYx7jBUXjqf38=
2023.5.6 12:22:30#result:RESULT>OK^RESULT_CODE>000^3DSECURE>SKIPPED^RRN>312612955976^APPROVAL_CODE>151712^CARD_NUMBER>999999*********1830^AMOUNT>102000^CARDNAME>mb account^DESCRIPTION>6MBM2209247^TRANS_DATE>2023-05-06 06:22:26 PM
2023.5.6 12:22:31#38773306122230
2023.5.6 12:22:31#38773306122230
2023.5.6 12:22:31#=================== Transaction Completed =======================
2023.5.6 12:42:27#=================== Start New Transaction ===================
2023.5.6 12:42:27#txnrefnum:MSC22110504
2023.5.6 12:42:27#clientIp:163.47.158.30
2023.5.6 12:42:27#card type:6
2023.5.6 12:42:27#totalamount:162000
2023.5.6 12:42:30#result:TRANSACTION_ID:s8OXXJU8D6ZWSybhTQKvUgoc6ZE=
2023.5.6 12:42:30#Forward to DBBL Payment Gateway Page: https://ecom1.dutchbanglabank.com/ecomm2/ClientHandler?card_type=6&trans_id=s8OXXJU8D6ZWSybhTQKvUgoc6ZE%3D
2023.5.6 12:42:58#---------------------- Complete New Transaction---------------------
2023.5.6 12:42:58#Get trans_id From Post Value:s8OXXJU8D6ZWSybhTQKvUgoc6ZE=
2023.5.6 12:42:58#clientIp:163.47.158.30
2023.5.6 12:42:58#trans_id:s8OXXJU8D6ZWSybhTQKvUgoc6ZE=
2023.5.6 12:43:00#result:RESULT>OK^RESULT_CODE>000^3DSECURE>SKIPPED^RRN>312612957731^APPROVAL_CODE>198995^CARD_NUMBER>999999*********9585^AMOUNT>162000^CARDNAME>mb account^DESCRIPTION>6MSC22110504^TRANS_DATE>2023-05-06 06:42:57 PM
2023.5.6 12:43:00#33599106124300
2023.5.6 12:43:00#33599106124300
2023.5.6 12:43:00#=================== Transaction Completed =======================
2023.5.6 13:14:23#=================== Start New Transaction ===================
2023.5.6 13:14:23#txnrefnum:MSC23110557
2023.5.6 13:14:23#clientIp:103.178.95.140
2023.5.6 13:14:23#card type:6
2023.5.6 13:14:23#totalamount:182000
2023.5.6 13:14:26#result:TRANSACTION_ID:pELB125rKPqlGIi4udfnWViF8TY=
2023.5.6 13:14:26#Forward to DBBL Payment Gateway Page: https://ecom1.dutchbanglabank.com/ecomm2/ClientHandler?card_type=6&trans_id=pELB125rKPqlGIi4udfnWViF8TY%3D
2023.5.6 13:14:41#---------------------- Complete New Transaction---------------------
2023.5.6 13:14:41#Get trans_id From Post Value:pELB125rKPqlGIi4udfnWViF8TY=
2023.5.6 13:14:41#clientIp:103.178.95.140
2023.5.6 13:14:41#trans_id:pELB125rKPqlGIi4udfnWViF8TY=
2023.5.6 13:14:42#result:RESULT>OK^RESULT_CODE>000^3DSECURE>SKIPPED^RRN>312613960030^APPROVAL_CODE>371376^CARD_NUMBER>999999*********1233^AMOUNT>182000^CARDNAME>mb account^DESCRIPTION>6MSC23110557^TRANS_DATE>2023-05-06 07:14:40 PM
2023.5.6 13:14:43#52445706011442
2023.5.6 13:14:43#52445706011442
2023.5.6 13:14:43#=================== Transaction Completed =======================
2023.5.6 13:17:21#=================== Start New Transaction ===================
2023.5.6 13:17:21#txnrefnum:BBM2304007
2023.5.6 13:17:21#clientIp:59.152.100.190
2023.5.6 13:17:21#card type:6
2023.5.6 13:17:21#totalamount:202000
2023.5.6 13:17:23#result:TRANSACTION_ID:XFSFxXTteMz992qyg8LN7fZc93I=
2023.5.6 13:17:24#Forward to DBBL Payment Gateway Page: https://ecom1.dutchbanglabank.com/ecomm2/ClientHandler?card_type=6&trans_id=XFSFxXTteMz992qyg8LN7fZc93I%3D
2023.5.6 13:18:35#=================== Start New Transaction ===================
2023.5.6 13:18:35#txnrefnum:BBM2304007
2023.5.6 13:18:35#clientIp:59.152.100.190
2023.5.6 13:18:35#card type:6
2023.5.6 13:18:35#totalamount:202000
2023.5.6 13:18:38#result:TRANSACTION_ID:tTmd0TPWpjhYZsxyJWw42NH4NxM=
2023.5.6 13:18:38#Forward to DBBL Payment Gateway Page: https://ecom1.dutchbanglabank.com/ecomm2/ClientHandler?card_type=6&trans_id=tTmd0TPWpjhYZsxyJWw42NH4NxM%3D
2023.5.6 13:19:30#---------------------- Complete New Transaction---------------------
2023.5.6 13:19:30#Get trans_id From Post Value:tTmd0TPWpjhYZsxyJWw42NH4NxM=
2023.5.6 13:19:31#clientIp:59.152.100.190
2023.5.6 13:19:31#trans_id:tTmd0TPWpjhYZsxyJWw42NH4NxM=
2023.5.6 13:19:33#result:RESULT>OK^RESULT_CODE>000^3DSECURE>SKIPPED^RRN>312613960415^APPROVAL_CODE>384743^CARD_NUMBER>999999*********6967^AMOUNT>202000^CARDNAME>mb account^DESCRIPTION>6BBM2304007^TRANS_DATE>2023-05-06 07:19:28 PM
2023.5.6 13:19:33#53099006011933
2023.5.6 13:19:33#53099006011933
2023.5.6 13:19:33#53099006011933
2023.5.6 13:19:33#53099006011933
2023.5.6 13:19:33#=================== Transaction Completed =======================
2023.5.6 13:36:44#=================== Start New Transaction ===================
2023.5.6 13:36:44#txnrefnum:MEM2301094
2023.5.6 13:36:44#clientIp:37.111.214.55
2023.5.6 13:36:44#card type:6
2023.5.6 13:36:44#totalamount:132000
2023.5.6 13:36:46#result:TRANSACTION_ID:i3N5fxuVy3VtDSnCbsFQscdT5yQ=
2023.5.6 13:36:47#Forward to DBBL Payment Gateway Page: https://ecom1.dutchbanglabank.com/ecomm2/ClientHandler?card_type=6&trans_id=i3N5fxuVy3VtDSnCbsFQscdT5yQ%3D
2023.5.6 13:38:09#---------------------- Complete New Transaction---------------------
2023.5.6 13:38:09#Get trans_id From Post Value:i3N5fxuVy3VtDSnCbsFQscdT5yQ=
2023.5.6 13:38:09#clientIp:37.111.214.55
2023.5.6 13:38:09#trans_id:i3N5fxuVy3VtDSnCbsFQscdT5yQ=
2023.5.6 13:38:11#result:RESULT>OK^RESULT_CODE>000^3DSECURE>SKIPPED^RRN>312613961910^APPROVAL_CODE>489493^CARD_NUMBER>999999*********6277^AMOUNT>132000^CARDNAME>mb account^DESCRIPTION>6MEM2301094^TRANS_DATE>2023-05-06 07:38:08 PM
2023.5.6 13:38:11#48393706013811
2023.5.6 13:38:11#48393706013811
2023.5.6 13:38:11#=================== Transaction Completed =======================
2023.5.6 13:40:52#=================== Start New Transaction ===================
2023.5.6 13:40:52#txnrefnum:BBM2201305
2023.5.6 13:40:52#clientIp:103.134.38.18
2023.5.6 13:40:52#card type:6
2023.5.6 13:40:52#totalamount:202000
2023.5.6 13:40:55#result:TRANSACTION_ID:51iAvxTzhOTRMOZvS4rOFVw9wfs=
2023.5.6 13:40:55#Forward to DBBL Payment Gateway Page: https://ecom1.dutchbanglabank.com/ecomm2/ClientHandler?card_type=6&trans_id=51iAvxTzhOTRMOZvS4rOFVw9wfs%3D
2023.5.6 13:41:47#---------------------- Complete New Transaction---------------------
2023.5.6 13:41:47#Get trans_id From Post Value:51iAvxTzhOTRMOZvS4rOFVw9wfs=
2023.5.6 13:41:47#clientIp:103.134.38.18
2023.5.6 13:41:47#trans_id:51iAvxTzhOTRMOZvS4rOFVw9wfs=
2023.5.6 13:41:48#result:RESULT>OK^RESULT_CODE>000^3DSECURE>SKIPPED^RRN>312613962201^APPROVAL_CODE>550093^CARD_NUMBER>999999*********8027^AMOUNT>202000^CARDNAME>mb account^DESCRIPTION>6BBM2201305^TRANS_DATE>2023-05-06 07:41:45 PM
2023.5.6 13:41:48#49519206014148
2023.5.6 13:41:49#49519206014148
2023.5.6 13:41:49#49519206014148
2023.5.6 13:41:49#49519206014148
2023.5.6 13:41:49#=================== Transaction Completed =======================
2023.5.6 13:55:45#=================== Start New Transaction ===================
2023.5.6 13:55:45#txnrefnum:BBD2004041
2023.5.6 13:55:45#clientIp:103.58.75.8
2023.5.6 13:55:45#card type:6
2023.5.6 13:55:45#totalamount:722000
2023.5.6 13:55:48#result:TRANSACTION_ID:JPIjgXPn6VOZIV0Ralldyj3ce50=
2023.5.6 13:55:48#Forward to DBBL Payment Gateway Page: https://ecom1.dutchbanglabank.com/ecomm2/ClientHandler?card_type=6&trans_id=JPIjgXPn6VOZIV0Ralldyj3ce50%3D
2023.5.6 13:56:20#---------------------- Complete New Transaction---------------------
2023.5.6 13:56:20#Get trans_id From Post Value:JPIjgXPn6VOZIV0Ralldyj3ce50=
2023.5.6 13:56:20#clientIp:103.58.75.8
2023.5.6 13:56:20#trans_id:JPIjgXPn6VOZIV0Ralldyj3ce50=
2023.5.6 13:56:22#result:RESULT>OK^RESULT_CODE>000^3DSECURE>SKIPPED^RRN>312613963281^APPROVAL_CODE>593185^CARD_NUMBER>999999*********1830^AMOUNT>722000^CARDNAME>mb account^DESCRIPTION>6BBD2004041^TRANS_DATE>2023-05-06 07:56:17 PM
2023.5.6 13:56:22#51618106015622
2023.5.6 13:56:22#51618106015622
2023.5.6 13:56:22#51618106015622
2023.5.6 13:56:22#51618106015622
2023.5.6 13:56:22#=================== Transaction Completed =======================
2023.5.6 14:02:33#=================== Start New Transaction ===================
2023.5.6 14:02:33#txnrefnum:MSC22111334
2023.5.6 14:02:33#clientIp:103.176.237.30
2023.5.6 14:02:33#card type:6
2023.5.6 14:02:33#totalamount:422000
2023.5.6 14:02:35#=================== Start New Transaction ===================
2023.5.6 14:02:35#txnrefnum:MSC22111334
2023.5.6 14:02:35#clientIp:103.176.237.30
2023.5.6 14:02:35#card type:6
2023.5.6 14:02:35#totalamount:422000
2023.5.6 14:02:35#result:TRANSACTION_ID:I91UMUELUMRRXBZqlEvy2hkyl7c=
2023.5.6 14:02:35#Forward to DBBL Payment Gateway Page: https://ecom1.dutchbanglabank.com/ecomm2/ClientHandler?card_type=6&trans_id=I91UMUELUMRRXBZqlEvy2hkyl7c%3D
2023.5.6 14:02:38#result:TRANSACTION_ID:FVz7ISAN2UWFwOb1sLprVRtSwLY=
2023.5.6 14:02:38#Forward to DBBL Payment Gateway Page: https://ecom1.dutchbanglabank.com/ecomm2/ClientHandler?card_type=6&trans_id=FVz7ISAN2UWFwOb1sLprVRtSwLY%3D
2023.5.6 14:03:10#=================== Start New Transaction ===================
2023.5.6 14:03:10#txnrefnum:MBM2306231
2023.5.6 14:03:10#clientIp:103.144.201.55
2023.5.6 14:03:10#card type:6
2023.5.6 14:03:10#totalamount:302000
2023.5.6 14:03:13#result:TRANSACTION_ID:Ilz2aPMIh5zS5qFP9bD5QJNtDhg=
2023.5.6 14:03:13#Forward to DBBL Payment Gateway Page: https://ecom1.dutchbanglabank.com/ecomm2/ClientHandler?card_type=6&trans_id=Ilz2aPMIh5zS5qFP9bD5QJNtDhg%3D
2023.5.6 14:03:35#=================== Start New Transaction ===================
2023.5.6 14:03:35#txnrefnum:MSC22111334
2023.5.6 14:03:35#clientIp:103.176.237.30
2023.5.6 14:03:35#card type:6
2023.5.6 14:03:35#totalamount:422000
2023.5.6 14:03:38#result:TRANSACTION_ID:08owHwAZ8KwFzNEHGIYP7BQYafo=
2023.5.6 14:03:38#Forward to DBBL Payment Gateway Page: https://ecom1.dutchbanglabank.com/ecomm2/ClientHandler?card_type=6&trans_id=08owHwAZ8KwFzNEHGIYP7BQYafo%3D
2023.5.6 14:04:12#---------------------- Complete New Transaction---------------------
2023.5.6 14:04:12#Get trans_id From Post Value:08owHwAZ8KwFzNEHGIYP7BQYafo=
2023.5.6 14:04:12#clientIp:103.176.237.30
2023.5.6 14:04:12#trans_id:08owHwAZ8KwFzNEHGIYP7BQYafo=
2023.5.6 14:04:14#result:RESULT>OK^RESULT_CODE>000^3DSECURE>SKIPPED^RRN>312614963889^APPROVAL_CODE>661133^CARD_NUMBER>999999*********8996^AMOUNT>422000^CARDNAME>mb account^DESCRIPTION>6MSC22111334^TRANS_DATE>2023-05-06 08:04:11 PM
2023.5.6 14:04:14#33965906020414
2023.5.6 14:04:14#33965906020414
2023.5.6 14:04:14#33965906020414
2023.5.6 14:04:14#33965906020414
2023.5.6 14:04:14#33965906020414
2023.5.6 14:04:14#33965906020414
2023.5.6 14:04:14#=================== Transaction Completed =======================
2023.5.6 14:09:11#=================== Start New Transaction ===================
2023.5.6 14:09:11#txnrefnum:MBM2306231
2023.5.6 14:09:11#clientIp:103.144.201.55
2023.5.6 14:09:11#card type:6
2023.5.6 14:09:11#totalamount:302000
2023.5.6 14:09:14#result:TRANSACTION_ID:XQlBFIoR83GefopVEhqKUqPochY=
2023.5.6 14:09:14#Forward to DBBL Payment Gateway Page: https://ecom1.dutchbanglabank.com/ecomm2/ClientHandler?card_type=6&trans_id=XQlBFIoR83GefopVEhqKUqPochY%3D
2023.5.6 14:09:58#---------------------- Complete New Transaction---------------------
2023.5.6 14:09:58#Get trans_id From Post Value:XQlBFIoR83GefopVEhqKUqPochY=
2023.5.6 14:09:58#clientIp:103.144.201.55
2023.5.6 14:09:58#trans_id:XQlBFIoR83GefopVEhqKUqPochY=
2023.5.6 14:10:00#result:RESULT>OK^RESULT_CODE>000^3DSECURE>SKIPPED^RRN>312614964320^APPROVAL_CODE>676212^CARD_NUMBER>999999*********7126^AMOUNT>302000^CARDNAME>mb account^DESCRIPTION>6MBM2306231^TRANS_DATE>2023-05-06 08:09:57 PM
2023.5.6 14:10:00#46080906021000
2023.5.6 14:10:00#46080906021000
2023.5.6 14:10:00#46080906021000
2023.5.6 14:10:00#46080906021000
2023.5.6 14:10:00#46080906021000
2023.5.6 14:10:00#46080906021000
2023.5.6 14:10:00#=================== Transaction Completed =======================
2023.5.6 14:23:22#=================== Start New Transaction ===================
2023.5.6 14:23:22#txnrefnum:BBM2305020
2023.5.6 14:23:22#clientIp:37.111.206.176
2023.5.6 14:23:22#card type:6
2023.5.6 14:23:22#totalamount:202000
2023.5.6 14:23:25#result:TRANSACTION_ID:UeMtdpZebK2h89lErCPccN3hryY=
2023.5.6 14:23:25#Forward to DBBL Payment Gateway Page: https://ecom1.dutchbanglabank.com/ecomm2/ClientHandler?card_type=6&trans_id=UeMtdpZebK2h89lErCPccN3hryY%3D
2023.5.6 14:24:23#---------------------- Complete New Transaction---------------------
2023.5.6 14:24:23#Get trans_id From Post Value:UeMtdpZebK2h89lErCPccN3hryY=
2023.5.6 14:24:23#clientIp:37.111.206.176
2023.5.6 14:24:23#trans_id:UeMtdpZebK2h89lErCPccN3hryY=
2023.5.6 14:24:25#result:RESULT>OK^RESULT_CODE>000^3DSECURE>SKIPPED^RRN>312614965301^APPROVAL_CODE>726654^CARD_NUMBER>999999*********3251^AMOUNT>202000^CARDNAME>mb account^DESCRIPTION>6BBM2305020^TRANS_DATE>2023-05-06 08:24:22 PM
2023.5.6 14:24:25#48198006022425
2023.5.6 14:24:25#48198006022425
2023.5.6 14:24:25#48198006022425
2023.5.6 14:24:25#48198006022425
2023.5.6 14:24:25#=================== Transaction Completed =======================
2023.5.6 14:33:14#=================== Start New Transaction ===================
2023.5.6 14:33:14#txnrefnum:MBM2306223
2023.5.6 14:33:14#clientIp:103.177.242.7
2023.5.6 14:33:14#card type:6
2023.5.6 14:33:14#totalamount:102000
2023.5.6 14:33:17#result:TRANSACTION_ID:SyJHSAUxNUEKr2Y5KNSzmlwD8RI=
2023.5.6 14:33:17#Forward to DBBL Payment Gateway Page: https://ecom1.dutchbanglabank.com/ecomm2/ClientHandler?card_type=6&trans_id=SyJHSAUxNUEKr2Y5KNSzmlwD8RI%3D
2023.5.6 14:33:59#=================== Start New Transaction ===================
2023.5.6 14:33:59#txnrefnum:MBM2306223
2023.5.6 14:33:59#clientIp:103.177.242.7
2023.5.6 14:33:59#card type:6
2023.5.6 14:33:59#totalamount:302000
2023.5.6 14:34:02#result:TRANSACTION_ID:2lU4SCNIIEyS7cE8PpY606apVx0=
2023.5.6 14:34:02#Forward to DBBL Payment Gateway Page: https://ecom1.dutchbanglabank.com/ecomm2/ClientHandler?card_type=6&trans_id=2lU4SCNIIEyS7cE8PpY606apVx0%3D
2023.5.6 14:38:53#---------------------- Complete New Transaction---------------------
2023.5.6 14:38:53#Get trans_id From Post Value:2lU4SCNIIEyS7cE8PpY606apVx0=
2023.5.6 14:38:53#clientIp:103.177.242.7
2023.5.6 14:38:53#trans_id:2lU4SCNIIEyS7cE8PpY606apVx0=
2023.5.6 14:38:55#result:RESULT>OK^RESULT_CODE>000^3DSECURE>SKIPPED^RRN>312614966304^APPROVAL_CODE>816323^CARD_NUMBER>999999*********2243^AMOUNT>302000^CARDNAME>mb account^DESCRIPTION>6MBM2306223^TRANS_DATE>2023-05-06 08:38:52 PM
2023.5.6 14:38:55#45888906023855
2023.5.6 14:38:55#45888906023855
2023.5.6 14:38:55#45888906023855
2023.5.6 14:38:55#45888906023855
2023.5.6 14:38:55#45888906023855
2023.5.6 14:38:55#45888906023855
2023.5.6 14:38:55#=================== Transaction Completed =======================
2023.5.6 15:29:01#=================== Start New Transaction ===================
2023.5.6 15:29:01#txnrefnum:BBD2004153
2023.5.6 15:29:01#clientIp:103.165.186.242
2023.5.6 15:29:01#card type:6
2023.5.6 15:29:01#totalamount:722000
2023.5.6 15:29:08#result:TRANSACTION_ID:DGoH4ObkYKqOrScvoRtczvuTMC8=
2023.5.6 15:29:09#Forward to DBBL Payment Gateway Page: https://ecom1.dutchbanglabank.com/ecomm2/ClientHandler?card_type=6&trans_id=DGoH4ObkYKqOrScvoRtczvuTMC8%3D
2023.5.6 15:32:34#=================== Start New Transaction ===================
2023.5.6 15:32:34#txnrefnum:BBD2004153
2023.5.6 15:32:34#clientIp:103.165.186.245
2023.5.6 15:32:34#card type:6
2023.5.6 15:32:34#totalamount:722000
2023.5.6 15:32:37#result:TRANSACTION_ID:3wJ6TF47HWX7keYBa9xap9mY0ZE=
2023.5.6 15:32:37#Forward to DBBL Payment Gateway Page: https://ecom1.dutchbanglabank.com/ecomm2/ClientHandler?card_type=6&trans_id=3wJ6TF47HWX7keYBa9xap9mY0ZE%3D
2023.5.6 15:33:36#---------------------- Complete New Transaction---------------------
2023.5.6 15:33:36#Get trans_id From Post Value:3wJ6TF47HWX7keYBa9xap9mY0ZE=
2023.5.6 15:33:36#clientIp:103.165.186.247
2023.5.6 15:33:36#trans_id:3wJ6TF47HWX7keYBa9xap9mY0ZE=
2023.5.6 15:33:38#result:RESULT>FAILED^RESULT_CODE>116^3DSECURE>SKIPPED^RRN>312615969920^APPROVAL_CODE>0^CARD_NUMBER>999999*********2931^AMOUNT>722000^CARDNAME>mb account^DESCRIPTION>6BBD2004153^TRANS_DATE>2023-05-06 09:33:35 PM
2023.5.6 15:33:38#Not Sufficient Amount
2023.5.6 15:43:32#=================== Start New Transaction ===================
2023.5.6 15:43:32#txnrefnum:MBM2306217
2023.5.6 15:43:32#clientIp:103.7.248.18
2023.5.6 15:43:32#card type:6
2023.5.6 15:43:32#totalamount:202000
2023.5.6 15:43:35#result:TRANSACTION_ID:oVE21KbxR0s7DxHPrIiLUX1cg7A=
2023.5.6 15:43:35#Forward to DBBL Payment Gateway Page: https://ecom1.dutchbanglabank.com/ecomm2/ClientHandler?card_type=6&trans_id=oVE21KbxR0s7DxHPrIiLUX1cg7A%3D
2023.5.6 15:50:10#---------------------- Complete New Transaction---------------------
2023.5.6 15:50:10#Get trans_id From Post Value:oVE21KbxR0s7DxHPrIiLUX1cg7A=
2023.5.6 15:50:10#clientIp:103.7.248.18
2023.5.6 15:50:10#trans_id:oVE21KbxR0s7DxHPrIiLUX1cg7A=
2023.5.6 15:50:11#result:RESULT>TIMEOUT^RESULT_CODE>999^3DSECURE>0^RRN>0^APPROVAL_CODE>0^CARD_NUMBER>0^AMOUNT>202000^CARDNAME>0^DESCRIPTION>6MBM2306217^TRANS_DATE>2023-05-06 09:50:09 PM
2023.5.6 15:50:11#Failed
2023.5.6 15:50:48#=================== Start New Transaction ===================
2023.5.6 15:50:48#txnrefnum:MBM2306217
2023.5.6 15:50:48#clientIp:103.7.248.18
2023.5.6 15:50:48#card type:6
2023.5.6 15:50:48#totalamount:202000
2023.5.6 15:50:51#result:TRANSACTION_ID:zm4FMjmloFTaPajxB1vStFIyPtA=
2023.5.6 15:50:51#Forward to DBBL Payment Gateway Page: https://ecom1.dutchbanglabank.com/ecomm2/ClientHandler?card_type=6&trans_id=zm4FMjmloFTaPajxB1vStFIyPtA%3D
2023.5.6 15:51:43#---------------------- Complete New Transaction---------------------
2023.5.6 15:51:43#Get trans_id From Post Value:zm4FMjmloFTaPajxB1vStFIyPtA=
2023.5.6 15:51:43#clientIp:103.7.248.18
2023.5.6 15:51:43#trans_id:zm4FMjmloFTaPajxB1vStFIyPtA=
2023.5.6 15:51:45#result:RESULT>OK^RESULT_CODE>000^3DSECURE>SKIPPED^RRN>312615970885^APPROVAL_CODE>200577^CARD_NUMBER>999999*********2132^AMOUNT>202000^CARDNAME>mb account^DESCRIPTION>6MBM2306217^TRANS_DATE>2023-05-06 09:51:41 PM
2023.5.6 15:51:45#45768906035145
2023.5.6 15:51:45#45768906035145
2023.5.6 15:51:45#45768906035145
2023.5.6 15:51:45#45768906035145
2023.5.6 15:51:45#=================== Transaction Completed =======================
2023.5.6 16:26:36#=================== Start New Transaction ===================
2023.5.6 16:26:36#txnrefnum:MSC23111231
2023.5.6 16:26:36#clientIp:114.130.157.205
2023.5.6 16:26:36#card type:6
2023.5.6 16:26:36#totalamount:742000
2023.5.6 16:26:39#result:TRANSACTION_ID:6M8T3PLjdhjfQwZjNkqoRR9T4ug=
2023.5.6 16:26:39#Forward to DBBL Payment Gateway Page: https://ecom1.dutchbanglabank.com/ecomm2/ClientHandler?card_type=6&trans_id=6M8T3PLjdhjfQwZjNkqoRR9T4ug%3D
2023.5.6 16:29:07#---------------------- Complete New Transaction---------------------
2023.5.6 16:29:07#Get trans_id From Post Value:6M8T3PLjdhjfQwZjNkqoRR9T4ug=
2023.5.6 16:29:07#clientIp:114.130.157.205
2023.5.6 16:29:07#trans_id:6M8T3PLjdhjfQwZjNkqoRR9T4ug=
2023.5.6 16:29:09#result:RESULT>OK^RESULT_CODE>000^3DSECURE>SKIPPED^RRN>312616972826^APPROVAL_CODE>328123^CARD_NUMBER>999999*********5298^AMOUNT>742000^CARDNAME>mb account^DESCRIPTION>6MSC23111231^TRANS_DATE>2023-05-06 10:29:06 PM
2023.5.6 16:29:09#52406006042909
2023.5.6 16:29:09#52406006042909
2023.5.6 16:29:09#52406006042909
2023.5.6 16:29:09#52406006042909
2023.5.6 16:29:09#52406006042909
2023.5.6 16:29:10#52406006042909
2023.5.6 16:29:10#52406006042909
2023.5.6 16:29:10#52406006042909
2023.5.6 16:29:10#=================== Transaction Completed =======================
2023.5.6 17:48:26#=================== Start New Transaction ===================
2023.5.6 17:48:26#txnrefnum:MBM2007271
2023.5.6 17:48:26#clientIp:103.25.122.6
2023.5.6 17:48:26#card type:6
2023.5.6 17:48:26#totalamount:402000
2023.5.6 17:48:29#result:TRANSACTION_ID:8hHZHHJB1HoS3uf0UOPdHDPffBQ=
2023.5.6 17:48:29#Forward to DBBL Payment Gateway Page: https://ecom1.dutchbanglabank.com/ecomm2/ClientHandler?card_type=6&trans_id=8hHZHHJB1HoS3uf0UOPdHDPffBQ%3D
2023.5.6 17:48:57#=================== Start New Transaction ===================
2023.5.6 17:48:57#txnrefnum:MBM2007271
2023.5.6 17:48:57#clientIp:103.25.122.6
2023.5.6 17:48:57#card type:6
2023.5.6 17:48:57#totalamount:2000
2023.5.6 17:48:59#result:TRANSACTION_ID:UfEtgOq729FUXrWwdBletfPNPCM=
2023.5.6 17:49:00#Forward to DBBL Payment Gateway Page: https://ecom1.dutchbanglabank.com/ecomm2/ClientHandler?card_type=6&trans_id=UfEtgOq729FUXrWwdBletfPNPCM%3D
2023.5.6 19:27:19#=================== Start New Transaction ===================
2023.5.6 19:27:19#txnrefnum:MBD2004188
2023.5.6 19:27:19#clientIp:103.132.223.21
2023.5.6 19:27:19#card type:6
2023.5.6 19:27:19#totalamount:2000
2023.5.6 19:27:22#result:TRANSACTION_ID:tLYZbHaNDhyMA3byEfQ9FxQ5N5Y=
2023.5.6 19:27:22#Forward to DBBL Payment Gateway Page: https://ecom1.dutchbanglabank.com/ecomm2/ClientHandler?card_type=6&trans_id=tLYZbHaNDhyMA3byEfQ9FxQ5N5Y%3D
2023.5.6 19:29:26#=================== Start New Transaction ===================
2023.5.6 19:29:26#txnrefnum:MBD2004188
2023.5.6 19:29:26#clientIp:103.132.223.21
2023.5.6 19:29:26#card type:6
2023.5.6 19:29:26#totalamount:402000
2023.5.6 19:29:28#result:TRANSACTION_ID:CPLtrXbRefaATQcAS735UsR6xY0=
2023.5.6 19:29:29#Forward to DBBL Payment Gateway Page: https://ecom1.dutchbanglabank.com/ecomm2/ClientHandler?card_type=6&trans_id=CPLtrXbRefaATQcAS735UsR6xY0%3D
2023.5.6 20:08:14#=================== Start New Transaction ===================
2023.5.6 20:08:14#txnrefnum:MSC21111291
2023.5.6 20:08:14#clientIp:103.138.190.109
2023.5.6 20:08:14#card type:6
2023.5.6 20:08:14#totalamount:2000
2023.5.6 20:08:16#result:TRANSACTION_ID:rfWR55o8JfeTsD8pSYVBdTiMA4A=
2023.5.6 20:08:17#Forward to DBBL Payment Gateway Page: https://ecom1.dutchbanglabank.com/ecomm2/ClientHandler?card_type=6&trans_id=rfWR55o8JfeTsD8pSYVBdTiMA4A%3D