
2023.7.2 04:04:14#=================== Start New Transaction ===================
2023.7.2 04:04:14#txnrefnum:MSC23111304
2023.7.2 04:04:14#clientIp:103.12.174.232
2023.7.2 04:04:14#card type:6
2023.7.2 04:04:14#totalamount:182000
2023.7.2 04:04:18#result:TRANSACTION_ID:mHRt25g6IoCIQdXcMtAqyNe1ri4=
2023.7.2 04:04:18#Forward to DBBL Payment Gateway Page: https://ecom1.dutchbanglabank.com/ecomm2/ClientHandler?card_type=6&trans_id=mHRt25g6IoCIQdXcMtAqyNe1ri4%3D
2023.7.2 04:05:08#---------------------- Complete New Transaction---------------------
2023.7.2 04:05:08#Get trans_id From Post Value:mHRt25g6IoCIQdXcMtAqyNe1ri4=
2023.7.2 04:05:10#clientIp:103.12.174.232
2023.7.2 04:05:10#trans_id:mHRt25g6IoCIQdXcMtAqyNe1ri4=
2023.7.2 04:05:11#result:RESULT>FAILED^RESULT_CODE>100^3DSECURE>SKIPPED^RRN>318304119097^APPROVAL_CODE>0^CARD_NUMBER>999999*********1670^AMOUNT>182000^CARDNAME>mb account^DESCRIPTION>6MSC23111304^TRANS_DATE>2023-07-02 10:05:07 AM
2023.7.2 04:05:11#Failed
2023.7.2 04:05:47#=================== Start New Transaction ===================
2023.7.2 04:05:47#txnrefnum:MSC23111304
2023.7.2 04:05:47#clientIp:103.12.174.232
2023.7.2 04:05:47#card type:6
2023.7.2 04:05:47#totalamount:182000
2023.7.2 04:05:49#result:TRANSACTION_ID:M8L4eSKgDAfiJLfQGGjzRfa618A=
2023.7.2 04:05:50#Forward to DBBL Payment Gateway Page: https://ecom1.dutchbanglabank.com/ecomm2/ClientHandler?card_type=6&trans_id=M8L4eSKgDAfiJLfQGGjzRfa618A%3D
2023.7.2 04:06:46#---------------------- Complete New Transaction---------------------
2023.7.2 04:06:46#Get trans_id From Post Value:M8L4eSKgDAfiJLfQGGjzRfa618A=
2023.7.2 04:06:46#clientIp:103.12.174.232
2023.7.2 04:06:46#trans_id:M8L4eSKgDAfiJLfQGGjzRfa618A=
2023.7.2 04:06:48#result:RESULT>FAILED^RESULT_CODE>100^3DSECURE>SKIPPED^RRN>318304119191^APPROVAL_CODE>0^CARD_NUMBER>999999*********1670^AMOUNT>182000^CARDNAME>mb account^DESCRIPTION>6MSC23111304^TRANS_DATE>2023-07-02 10:06:45 AM
2023.7.2 04:06:48#Failed
2023.7.2 08:13:14#=================== Start New Transaction ===================
2023.7.2 08:13:14#txnrefnum:MBD2306495
2023.7.2 08:13:14#clientIp:116.58.203.14
2023.7.2 08:13:14#card type:6
2023.7.2 08:13:14#totalamount:502000
2023.7.2 08:13:17#result:TRANSACTION_ID:h5dC6WyR2rT3l5oni6nUK3uCKUQ=
2023.7.2 08:13:17#Forward to DBBL Payment Gateway Page: https://ecom1.dutchbanglabank.com/ecomm2/ClientHandler?card_type=6&trans_id=h5dC6WyR2rT3l5oni6nUK3uCKUQ%3D
2023.7.2 08:14:11#---------------------- Complete New Transaction---------------------
2023.7.2 08:14:11#Get trans_id From Post Value:h5dC6WyR2rT3l5oni6nUK3uCKUQ=
2023.7.2 08:14:11#clientIp:116.58.203.14
2023.7.2 08:14:11#trans_id:h5dC6WyR2rT3l5oni6nUK3uCKUQ=
2023.7.2 08:14:13#result:RESULT>OK^RESULT_CODE>000^3DSECURE>SKIPPED^RRN>318308135672^APPROVAL_CODE>421379^CARD_NUMBER>999999*********1830^AMOUNT>502000^CARDNAME>mb account^DESCRIPTION>6MBD2306495^TRANS_DATE>2023-07-02 02:14:10 PM
2023.7.2 08:14:13#45977702081413
2023.7.2 08:14:13#45977702081413
2023.7.2 08:14:13#45977702081413
2023.7.2 08:14:13#45977702081413
2023.7.2 08:14:13#45977702081413
2023.7.2 08:14:14#45977702081413
2023.7.2 08:14:14#45977702081413
2023.7.2 08:14:14#45977702081413
2023.7.2 08:14:14#45977702081413
2023.7.2 08:14:14#45977702081413
2023.7.2 08:14:14#=================== Transaction Completed =======================
2023.7.2 08:37:29#=================== Start New Transaction ===================
2023.7.2 08:37:29#txnrefnum:MSC23111304
2023.7.2 08:37:29#clientIp:157.119.237.7
2023.7.2 08:37:29#card type:6
2023.7.2 08:37:29#totalamount:182000
2023.7.2 08:37:32#result:TRANSACTION_ID:pTmqnTkYwvaG1ewWcMJUkW0Mlxg=
2023.7.2 08:37:32#Forward to DBBL Payment Gateway Page: https://ecom1.dutchbanglabank.com/ecomm2/ClientHandler?card_type=6&trans_id=pTmqnTkYwvaG1ewWcMJUkW0Mlxg%3D
2023.7.2 08:38:15#---------------------- Complete New Transaction---------------------
2023.7.2 08:38:15#Get trans_id From Post Value:pTmqnTkYwvaG1ewWcMJUkW0Mlxg=
2023.7.2 08:38:15#clientIp:157.119.237.3
2023.7.2 08:38:15#trans_id:pTmqnTkYwvaG1ewWcMJUkW0Mlxg=
2023.7.2 08:38:16#result:RESULT>FAILED^RESULT_CODE>100^3DSECURE>SKIPPED^RRN>318308137334^APPROVAL_CODE>0^CARD_NUMBER>999999*********1670^AMOUNT>182000^CARDNAME>mb account^DESCRIPTION>6MSC23111304^TRANS_DATE>2023-07-02 02:38:10 PM
2023.7.2 08:38:16#Failed
2023.7.2 08:50:17#=================== Start New Transaction ===================
2023.7.2 08:50:17#txnrefnum:MSC23111020
2023.7.2 08:50:17#clientIp:157.119.238.3
2023.7.2 08:50:17#card type:6
2023.7.2 08:50:17#totalamount:832000
2023.7.2 08:50:20#result:TRANSACTION_ID:agfUSxhqk1Wl9SOW0NUGnSJ3OTw=
2023.7.2 08:50:20#Forward to DBBL Payment Gateway Page: https://ecom1.dutchbanglabank.com/ecomm2/ClientHandler?card_type=6&trans_id=agfUSxhqk1Wl9SOW0NUGnSJ3OTw%3D
2023.7.2 08:51:34#=================== Start New Transaction ===================
2023.7.2 08:51:34#txnrefnum:MSC23111020
2023.7.2 08:51:34#clientIp:157.119.238.4
2023.7.2 08:51:34#card type:6
2023.7.2 08:51:34#totalamount:1012000
2023.7.2 08:51:37#result:TRANSACTION_ID:Prh6dK7gYiMaMQu0TBXdZEabshk=
2023.7.2 08:51:37#Forward to DBBL Payment Gateway Page: https://ecom1.dutchbanglabank.com/ecomm2/ClientHandler?card_type=6&trans_id=Prh6dK7gYiMaMQu0TBXdZEabshk%3D
2023.7.2 08:52:34#=================== Start New Transaction ===================
2023.7.2 08:52:34#txnrefnum:MSC23111020
2023.7.2 08:52:34#clientIp:157.119.238.4
2023.7.2 08:52:34#card type:6
2023.7.2 08:52:34#totalamount:832000
2023.7.2 08:52:37#result:TRANSACTION_ID:9ZMiNGItZBddbROm2CYpIjPiZdc=
2023.7.2 08:52:37#Forward to DBBL Payment Gateway Page: https://ecom1.dutchbanglabank.com/ecomm2/ClientHandler?card_type=6&trans_id=9ZMiNGItZBddbROm2CYpIjPiZdc%3D
2023.7.2 08:57:09#=================== Start New Transaction ===================
2023.7.2 08:57:09#txnrefnum:MBD2004053
2023.7.2 08:57:09#clientIp:27.147.128.46
2023.7.2 08:57:09#card type:6
2023.7.2 08:57:09#totalamount:102000
2023.7.2 08:57:11#result:TRANSACTION_ID:3kTmDSpcu7vfToxHDJY2bUDD5G4=
2023.7.2 08:57:12#Forward to DBBL Payment Gateway Page: https://ecom1.dutchbanglabank.com/ecomm2/ClientHandler?card_type=6&trans_id=3kTmDSpcu7vfToxHDJY2bUDD5G4%3D
2023.7.2 08:58:18#---------------------- Complete New Transaction---------------------
2023.7.2 08:58:18#Get trans_id From Post Value:3kTmDSpcu7vfToxHDJY2bUDD5G4=
2023.7.2 08:58:18#clientIp:27.147.128.46
2023.7.2 08:58:18#trans_id:3kTmDSpcu7vfToxHDJY2bUDD5G4=
2023.7.2 08:58:20#result:RESULT>OK^RESULT_CODE>000^3DSECURE>SKIPPED^RRN>318308138608^APPROVAL_CODE>615279^CARD_NUMBER>999999*********1113^AMOUNT>102000^CARDNAME>mb account^DESCRIPTION>6MBD2004053^TRANS_DATE>2023-07-02 02:58:17 PM
2023.7.2 08:58:20#43153202085820
2023.7.2 08:58:20#43153202085820
2023.7.2 08:58:20#=================== Transaction Completed =======================
2023.7.2 09:05:59#=================== Start New Transaction ===================
2023.7.2 09:05:59#txnrefnum:BBM2305046
2023.7.2 09:05:59#clientIp:202.134.14.137
2023.7.2 09:05:59#card type:6
2023.7.2 09:05:59#totalamount:2000
2023.7.2 09:06:02#result:TRANSACTION_ID:VfxH9QP1gcUq6A85ncqZ12Gawyg=
2023.7.2 09:06:02#Forward to DBBL Payment Gateway Page: https://ecom1.dutchbanglabank.com/ecomm2/ClientHandler?card_type=6&trans_id=VfxH9QP1gcUq6A85ncqZ12Gawyg%3D
2023.7.2 09:06:41#=================== Start New Transaction ===================
2023.7.2 09:06:41#txnrefnum:BBM2305046
2023.7.2 09:06:41#clientIp:202.134.14.137
2023.7.2 09:06:41#card type:6
2023.7.2 09:06:41#totalamount:102000
2023.7.2 09:06:44#result:TRANSACTION_ID:pt7qclkPeaeGIfuRjq7tn0xwDFg=
2023.7.2 09:06:44#Forward to DBBL Payment Gateway Page: https://ecom1.dutchbanglabank.com/ecomm2/ClientHandler?card_type=6&trans_id=pt7qclkPeaeGIfuRjq7tn0xwDFg%3D
2023.7.2 09:07:46#---------------------- Complete New Transaction---------------------
2023.7.2 09:07:46#Get trans_id From Post Value:pt7qclkPeaeGIfuRjq7tn0xwDFg=
2023.7.2 09:07:46#clientIp:202.134.14.137
2023.7.2 09:07:46#trans_id:pt7qclkPeaeGIfuRjq7tn0xwDFg=
2023.7.2 09:07:47#result:RESULT>OK^RESULT_CODE>000^3DSECURE>SKIPPED^RRN>318309139214^APPROVAL_CODE>548240^CARD_NUMBER>999999*********0431^AMOUNT>102000^CARDNAME>mb account^DESCRIPTION>6BBM2305046^TRANS_DATE>2023-07-02 03:07:43 PM
2023.7.2 09:07:47#52815402090747
2023.7.2 09:07:48#52815402090747
2023.7.2 09:07:48#=================== Transaction Completed =======================
2023.7.2 10:34:19#=================== Start New Transaction ===================
2023.7.2 10:34:19#txnrefnum:BBD2305046
2023.7.2 10:34:19#clientIp:103.67.157.227
2023.7.2 10:34:19#card type:6
2023.7.2 10:34:19#totalamount:102000
2023.7.2 10:34:25#result:TRANSACTION_ID:ExmvnZVPTgvy7rMwbpaXyqjX4nA=
2023.7.2 10:34:25#Forward to DBBL Payment Gateway Page: https://ecom1.dutchbanglabank.com/ecomm2/ClientHandler?card_type=6&trans_id=ExmvnZVPTgvy7rMwbpaXyqjX4nA%3D
2023.7.2 10:35:16#---------------------- Complete New Transaction---------------------
2023.7.2 10:35:16#Get trans_id From Post Value:ExmvnZVPTgvy7rMwbpaXyqjX4nA=
2023.7.2 10:35:16#clientIp:103.67.157.227
2023.7.2 10:35:16#trans_id:ExmvnZVPTgvy7rMwbpaXyqjX4nA=
2023.7.2 10:35:18#result:RESULT>OK^RESULT_CODE>000^3DSECURE>SKIPPED^RRN>318310144467^APPROVAL_CODE>859334^CARD_NUMBER>999999*********9539^AMOUNT>102000^CARDNAME>mb account^DESCRIPTION>6BBD2305046^TRANS_DATE>2023-07-02 04:35:14 PM
2023.7.2 10:35:18#52859302103518
2023.7.2 10:35:18#52859302103518
2023.7.2 10:35:18#=================== Transaction Completed =======================
2023.7.2 10:37:26#=================== Start New Transaction ===================
2023.7.2 10:37:26#txnrefnum:BBD2305046
2023.7.2 10:37:26#clientIp:103.67.157.227
2023.7.2 10:37:26#card type:6
2023.7.2 10:37:26#totalamount:102000
2023.7.2 10:37:29#result:TRANSACTION_ID:XPS6q9NVWt0yqG2c4KT2rjMPQyk=
2023.7.2 10:37:29#Forward to DBBL Payment Gateway Page: https://ecom1.dutchbanglabank.com/ecomm2/ClientHandler?card_type=6&trans_id=XPS6q9NVWt0yqG2c4KT2rjMPQyk%3D
2023.7.2 10:39:11#=================== Start New Transaction ===================
2023.7.2 10:39:11#txnrefnum:BBD2305046
2023.7.2 10:39:11#clientIp:103.67.157.227
2023.7.2 10:39:11#card type:6
2023.7.2 10:39:11#totalamount:102000
2023.7.2 10:39:14#result:TRANSACTION_ID:NXxCn47fTu1FS2e7ZTLm14V0jxk=
2023.7.2 10:39:14#Forward to DBBL Payment Gateway Page: https://ecom1.dutchbanglabank.com/ecomm2/ClientHandler?card_type=6&trans_id=NXxCn47fTu1FS2e7ZTLm14V0jxk%3D
2023.7.2 10:39:53#---------------------- Complete New Transaction---------------------
2023.7.2 10:39:53#Get trans_id From Post Value:NXxCn47fTu1FS2e7ZTLm14V0jxk=
2023.7.2 10:39:53#clientIp:103.67.157.227
2023.7.2 10:39:53#trans_id:NXxCn47fTu1FS2e7ZTLm14V0jxk=
2023.7.2 10:39:54#result:RESULT>OK^RESULT_CODE>000^3DSECURE>SKIPPED^RRN>318310144679^APPROVAL_CODE>965091^CARD_NUMBER>999999*********9539^AMOUNT>102000^CARDNAME>mb account^DESCRIPTION>6BBD2305046^TRANS_DATE>2023-07-02 04:39:51 PM
2023.7.2 10:39:54#52859402103954
2023.7.2 10:39:55#52859402103954
2023.7.2 10:39:55#=================== Transaction Completed =======================
2023.7.2 12:48:43#=================== Start New Transaction ===================
2023.7.2 12:48:43#txnrefnum:BBM2007156
2023.7.2 12:48:43#clientIp:157.119.236.7
2023.7.2 12:48:43#card type:6
2023.7.2 12:48:43#totalamount:1442000
2023.7.2 12:48:45#result:TRANSACTION_ID:jIV3NDI1Rw87FJyRvW9FVwgSWbI=
2023.7.2 12:48:46#Forward to DBBL Payment Gateway Page: https://ecom1.dutchbanglabank.com/ecomm2/ClientHandler?card_type=6&trans_id=jIV3NDI1Rw87FJyRvW9FVwgSWbI%3D
2023.7.2 12:49:17#---------------------- Complete New Transaction---------------------
2023.7.2 12:49:17#Get trans_id From Post Value:jIV3NDI1Rw87FJyRvW9FVwgSWbI=
2023.7.2 12:49:17#clientIp:157.119.236.7
2023.7.2 12:49:17#trans_id:jIV3NDI1Rw87FJyRvW9FVwgSWbI=
2023.7.2 12:49:19#result:RESULT>OK^RESULT_CODE>000^3DSECURE>SKIPPED^RRN>318312152618^APPROVAL_CODE>525727^CARD_NUMBER>999999*********1356^AMOUNT>1442000^CARDNAME>mb account^DESCRIPTION>6BBM2007156^TRANS_DATE>2023-07-02 06:49:16 PM
2023.7.2 12:49:19#26474802124919
2023.7.2 12:49:19#26474802124919
2023.7.2 12:49:19#26474802124919
2023.7.2 12:49:19#26474802124919
2023.7.2 12:49:19#26474802124919
2023.7.2 12:49:20#26474802124919
2023.7.2 12:49:20#26474802124919
2023.7.2 12:49:20#26474802124919
2023.7.2 12:49:20#26474802124919
2023.7.2 12:49:20#26474802124919
2023.7.2 12:49:20#26474802124919
2023.7.2 12:49:20#26474802124919
2023.7.2 12:49:20#26474802124919
2023.7.2 12:49:20#26474802124919
2023.7.2 12:49:20#26474802124919
2023.7.2 12:49:20#26474802124919
2023.7.2 12:49:20#26474802124919
2023.7.2 12:49:20#26474802124919
2023.7.2 12:49:20#26474802124919
2023.7.2 12:49:20#26474802124919
2023.7.2 12:49:20#26474802124919
2023.7.2 12:49:21#26474802124919
2023.7.2 12:49:21#=================== Transaction Completed =======================