
2023.5.16 01:24:24#=================== Start New Transaction ===================
2023.5.16 01:24:24#txnrefnum:BBD2206027
2023.5.16 01:24:24#clientIp:103.144.48.134
2023.5.16 01:24:24#card type:6
2023.5.16 01:24:24#totalamount:202000
2023.5.16 01:24:27#result:TRANSACTION_ID:jK6RlewEIw8pPMcsbrfT2aDVGVY=
2023.5.16 01:24:28#Forward to DBBL Payment Gateway Page: https://ecom1.dutchbanglabank.com/ecomm2/ClientHandler?card_type=6&trans_id=jK6RlewEIw8pPMcsbrfT2aDVGVY%3D
2023.5.16 01:25:10#---------------------- Complete New Transaction---------------------
2023.5.16 01:25:10#Get trans_id From Post Value:jK6RlewEIw8pPMcsbrfT2aDVGVY=
2023.5.16 01:25:10#clientIp:103.144.48.134
2023.5.16 01:25:10#trans_id:jK6RlewEIw8pPMcsbrfT2aDVGVY=
2023.5.16 01:25:12#result:RESULT>OK^RESULT_CODE>000^3DSECURE>SKIPPED^RRN>313601717834^APPROVAL_CODE>899927^CARD_NUMBER>999999*********3481^AMOUNT>202000^CARDNAME>mb account^DESCRIPTION>6BBD2206027^TRANS_DATE>2023-05-16 07:25:09 AM
2023.5.16 01:25:12#42831616012512
2023.5.16 01:25:12#42831616012512
2023.5.16 01:25:12#42831616012512
2023.5.16 01:25:12#42831616012512
2023.5.16 01:25:12#=================== Transaction Completed =======================
2023.5.16 02:16:22#=================== Start New Transaction ===================
2023.5.16 02:16:22#txnrefnum:MBG2101307
2023.5.16 02:16:22#clientIp:103.225.94.234
2023.5.16 02:16:22#card type:6
2023.5.16 02:16:22#totalamount:62000
2023.5.16 02:16:27#result:TRANSACTION_ID:Wvq8ya0NAIvaZ86vym5KOz2aXVE=
2023.5.16 02:16:27#Forward to DBBL Payment Gateway Page: https://ecom1.dutchbanglabank.com/ecomm2/ClientHandler?card_type=6&trans_id=Wvq8ya0NAIvaZ86vym5KOz2aXVE%3D
2023.5.16 03:21:31#=================== Start New Transaction ===================
2023.5.16 03:21:31#txnrefnum:BBD2308013
2023.5.16 03:21:31#clientIp:203.202.241.249
2023.5.16 03:21:31#card type:6
2023.5.16 03:21:31#totalamount:102000
2023.5.16 03:21:34#result:TRANSACTION_ID:aSVp47W8THypRe5wuQSBVAKYFdU=
2023.5.16 03:21:34#Forward to DBBL Payment Gateway Page: https://ecom1.dutchbanglabank.com/ecomm2/ClientHandler?card_type=6&trans_id=aSVp47W8THypRe5wuQSBVAKYFdU%3D
2023.5.16 04:09:20#=================== Start New Transaction ===================
2023.5.16 04:09:20#txnrefnum:BBM2206240
2023.5.16 04:09:20#clientIp:103.162.230.253
2023.5.16 04:09:20#card type:6
2023.5.16 04:09:20#totalamount:302000
2023.5.16 04:09:23#result:TRANSACTION_ID:SS8lQhfsgyHPuOon6OqWjpEvsUo=
2023.5.16 04:09:23#Forward to DBBL Payment Gateway Page: https://ecom1.dutchbanglabank.com/ecomm2/ClientHandler?card_type=6&trans_id=SS8lQhfsgyHPuOon6OqWjpEvsUo%3D
2023.5.16 04:11:54#=================== Start New Transaction ===================
2023.5.16 04:11:54#txnrefnum:BBM2206240
2023.5.16 04:11:54#clientIp:103.162.230.253
2023.5.16 04:11:54#card type:6
2023.5.16 04:11:54#totalamount:302000
2023.5.16 04:11:57#=================== Start New Transaction ===================
2023.5.16 04:11:57#txnrefnum:BBM2206240
2023.5.16 04:11:57#clientIp:103.162.230.253
2023.5.16 04:11:57#card type:6
2023.5.16 04:11:57#totalamount:302000
2023.5.16 04:11:57#result:TRANSACTION_ID:NlDoXSCdElJgmMfuVuDC0Kcp9do=
2023.5.16 04:11:57#Forward to DBBL Payment Gateway Page: https://ecom1.dutchbanglabank.com/ecomm2/ClientHandler?card_type=6&trans_id=NlDoXSCdElJgmMfuVuDC0Kcp9do%3D
2023.5.16 04:11:59#result:TRANSACTION_ID:JMbEQl82u6MTtmzBgS5bnrjil3E=
2023.5.16 04:12:00#Forward to DBBL Payment Gateway Page: https://ecom1.dutchbanglabank.com/ecomm2/ClientHandler?card_type=6&trans_id=JMbEQl82u6MTtmzBgS5bnrjil3E%3D
2023.5.16 04:12:28#---------------------- Complete New Transaction---------------------
2023.5.16 04:12:28#Get trans_id From Post Value:JMbEQl82u6MTtmzBgS5bnrjil3E=
2023.5.16 04:12:29#clientIp:103.162.230.253
2023.5.16 04:12:29#trans_id:JMbEQl82u6MTtmzBgS5bnrjil3E=
2023.5.16 04:12:31#result:RESULT>OK^RESULT_CODE>000^3DSECURE>SKIPPED^RRN>313604724888^APPROVAL_CODE>361666^CARD_NUMBER>999999*********7441^AMOUNT>302000^CARDNAME>mb account^DESCRIPTION>6BBM2206240^TRANS_DATE>2023-05-16 10:12:26 AM
2023.5.16 04:12:31#52570716041231
2023.5.16 04:12:31#52570716041231
2023.5.16 04:12:31#52570716041231
2023.5.16 04:12:31#52570716041231
2023.5.16 04:12:31#52570716041231
2023.5.16 04:12:31#52570716041231
2023.5.16 04:12:31#=================== Transaction Completed =======================
2023.5.16 04:29:55#=================== Start New Transaction ===================
2023.5.16 04:29:55#txnrefnum:BBD2309029
2023.5.16 04:29:55#clientIp:103.162.230.253
2023.5.16 04:29:55#card type:6
2023.5.16 04:29:55#totalamount:162000
2023.5.16 04:29:58#result:TRANSACTION_ID:oLPiDNj3Zv9CclOMTgvrRkd7ok8=
2023.5.16 04:29:58#Forward to DBBL Payment Gateway Page: https://ecom1.dutchbanglabank.com/ecomm2/ClientHandler?card_type=6&trans_id=oLPiDNj3Zv9CclOMTgvrRkd7ok8%3D
2023.5.16 04:33:54#=================== Start New Transaction ===================
2023.5.16 04:33:54#txnrefnum:MBB2104076
2023.5.16 04:33:54#clientIp:182.48.79.56
2023.5.16 04:33:54#card type:6
2023.5.16 04:33:54#totalamount:102000
2023.5.16 04:33:57#result:TRANSACTION_ID:5OSE8sqkiOEcQWooHtls5jzH2as=
2023.5.16 04:33:57#Forward to DBBL Payment Gateway Page: https://ecom1.dutchbanglabank.com/ecomm2/ClientHandler?card_type=6&trans_id=5OSE8sqkiOEcQWooHtls5jzH2as%3D
2023.5.16 04:34:45#---------------------- Complete New Transaction---------------------
2023.5.16 04:34:45#Get trans_id From Post Value:5OSE8sqkiOEcQWooHtls5jzH2as=
2023.5.16 04:34:45#clientIp:182.48.79.56
2023.5.16 04:34:45#trans_id:5OSE8sqkiOEcQWooHtls5jzH2as=
2023.5.16 04:34:47#result:RESULT>OK^RESULT_CODE>000^3DSECURE>SKIPPED^RRN>313604726343^APPROVAL_CODE>468149^CARD_NUMBER>999999*********5072^AMOUNT>102000^CARDNAME>mb account^DESCRIPTION>6MBB2104076^TRANS_DATE>2023-05-16 10:34:45 AM
2023.5.16 04:34:47#44920916043447
2023.5.16 04:34:47#44920916043447
2023.5.16 04:34:47#=================== Transaction Completed =======================
2023.5.16 04:35:56#=================== Start New Transaction ===================
2023.5.16 04:35:56#txnrefnum:BBM2306030
2023.5.16 04:35:56#clientIp:103.162.230.253
2023.5.16 04:35:56#card type:6
2023.5.16 04:35:56#totalamount:102000
2023.5.16 04:35:59#result:TRANSACTION_ID:8XMXis861zhnR8wuLPe8Y9uflxc=
2023.5.16 04:35:59#Forward to DBBL Payment Gateway Page: https://ecom1.dutchbanglabank.com/ecomm2/ClientHandler?card_type=6&trans_id=8XMXis861zhnR8wuLPe8Y9uflxc%3D
2023.5.16 04:36:51#---------------------- Complete New Transaction---------------------
2023.5.16 04:36:51#Get trans_id From Post Value:8XMXis861zhnR8wuLPe8Y9uflxc=
2023.5.16 04:36:51#clientIp:103.162.230.253
2023.5.16 04:36:51#trans_id:8XMXis861zhnR8wuLPe8Y9uflxc=
2023.5.16 04:36:52#result:RESULT>OK^RESULT_CODE>000^3DSECURE>SKIPPED^RRN>313604726474^APPROVAL_CODE>474452^CARD_NUMBER>999999*********7441^AMOUNT>102000^CARDNAME>mb account^DESCRIPTION>6BBM2306030^TRANS_DATE>2023-05-16 10:36:49 AM
2023.5.16 04:36:52#53105716043652
2023.5.16 04:36:52#53105716043652
2023.5.16 04:36:52#=================== Transaction Completed =======================
2023.5.16 04:51:01#=================== Start New Transaction ===================
2023.5.16 04:51:01#txnrefnum:BBM2309049
2023.5.16 04:51:01#clientIp:202.134.14.157
2023.5.16 04:51:01#card type:6
2023.5.16 04:51:01#totalamount:382000
2023.5.16 04:51:04#result:TRANSACTION_ID:yPbE7b9Ke3AHRLHH6pZMEeimylU=
2023.5.16 04:51:04#Forward to DBBL Payment Gateway Page: https://ecom1.dutchbanglabank.com/ecomm2/ClientHandler?card_type=6&trans_id=yPbE7b9Ke3AHRLHH6pZMEeimylU%3D
2023.5.16 04:51:36#---------------------- Complete New Transaction---------------------
2023.5.16 04:51:36#Get trans_id From Post Value:yPbE7b9Ke3AHRLHH6pZMEeimylU=
2023.5.16 04:51:36#clientIp:202.134.14.157
2023.5.16 04:51:36#trans_id:yPbE7b9Ke3AHRLHH6pZMEeimylU=
2023.5.16 04:51:37#result:RESULT>OK^RESULT_CODE>000^3DSECURE>SKIPPED^RRN>313604727452^APPROVAL_CODE>519674^CARD_NUMBER>999999*********1332^AMOUNT>382000^CARDNAME>mb account^DESCRIPTION>6BBM2309049^TRANS_DATE>2023-05-16 10:51:34 AM
2023.5.16 04:51:37#40952116045137
2023.5.16 04:51:37#40952116045137
2023.5.16 04:51:37#40952116045137
2023.5.16 04:51:38#40952116045137
2023.5.16 04:51:38#40952116045137
2023.5.16 04:51:38#40952116045137
2023.5.16 04:51:38#40952116045137
2023.5.16 04:51:38#40952116045137
2023.5.16 04:51:38#=================== Transaction Completed =======================
2023.5.16 05:20:12#=================== Start New Transaction ===================
2023.5.16 05:20:12#txnrefnum:MBD2007118
2023.5.16 05:20:12#clientIp:103.25.122.8
2023.5.16 05:20:12#card type:6
2023.5.16 05:20:12#totalamount:494000
2023.5.16 05:20:15#result:TRANSACTION_ID:wWXJPFHoy6y7vQYyAGS8lvx7SQI=
2023.5.16 05:20:15#Forward to DBBL Payment Gateway Page: https://ecom1.dutchbanglabank.com/ecomm2/ClientHandler?card_type=6&trans_id=wWXJPFHoy6y7vQYyAGS8lvx7SQI%3D
2023.5.16 05:32:58#=================== Start New Transaction ===================
2023.5.16 05:32:58#txnrefnum:MBM2003165
2023.5.16 05:32:58#clientIp:116.206.253.164
2023.5.16 05:32:58#card type:6
2023.5.16 05:32:58#totalamount:202000
2023.5.16 05:33:01#result:TRANSACTION_ID:ZPiWYL6fSMxeGvbaryz1IKWwVZg=
2023.5.16 05:33:01#Forward to DBBL Payment Gateway Page: https://ecom1.dutchbanglabank.com/ecomm2/ClientHandler?card_type=6&trans_id=ZPiWYL6fSMxeGvbaryz1IKWwVZg%3D
2023.5.16 05:33:35#---------------------- Complete New Transaction---------------------
2023.5.16 05:33:35#Get trans_id From Post Value:ZPiWYL6fSMxeGvbaryz1IKWwVZg=
2023.5.16 05:33:35#clientIp:116.206.253.164
2023.5.16 05:33:35#trans_id:ZPiWYL6fSMxeGvbaryz1IKWwVZg=
2023.5.16 05:33:37#result:RESULT>OK^RESULT_CODE>000^3DSECURE>SKIPPED^RRN>313605730847^APPROVAL_CODE>741137^CARD_NUMBER>999999*********7386^AMOUNT>202000^CARDNAME>mb account^DESCRIPTION>6MBM2003165^TRANS_DATE>2023-05-16 11:33:34 AM
2023.5.16 05:33:37#28745116053337
2023.5.16 05:33:37#28745116053337
2023.5.16 05:33:37#28745116053337
2023.5.16 05:33:37#28745116053337
2023.5.16 05:33:37#=================== Transaction Completed =======================
2023.5.16 05:50:17#=================== Start New Transaction ===================
2023.5.16 05:50:17#txnrefnum:MSC23111098
2023.5.16 05:50:17#clientIp:43.224.109.198
2023.5.16 05:50:17#card type:6
2023.5.16 05:50:17#totalamount:368000
2023.5.16 05:50:19#result:TRANSACTION_ID:ASGu1cPti6qkAVbVKMfZS1dFHbg=
2023.5.16 05:50:20#Forward to DBBL Payment Gateway Page: https://ecom1.dutchbanglabank.com/ecomm2/ClientHandler?card_type=6&trans_id=ASGu1cPti6qkAVbVKMfZS1dFHbg%3D
2023.5.16 05:51:08#=================== Start New Transaction ===================
2023.5.16 05:51:08#txnrefnum:MBD2308062
2023.5.16 05:51:08#clientIp:103.153.66.210
2023.5.16 05:51:08#card type:6
2023.5.16 05:51:08#totalamount:82000
2023.5.16 05:51:11#result:TRANSACTION_ID:e7MqF6XL5SFwUX9DOraK1JZDzVk=
2023.5.16 05:51:11#Forward to DBBL Payment Gateway Page: https://ecom1.dutchbanglabank.com/ecomm2/ClientHandler?card_type=6&trans_id=e7MqF6XL5SFwUX9DOraK1JZDzVk%3D
2023.5.16 05:52:01#=================== Start New Transaction ===================
2023.5.16 05:52:01#txnrefnum:MBD2308062
2023.5.16 05:52:01#clientIp:103.153.66.210
2023.5.16 05:52:01#card type:6
2023.5.16 05:52:01#totalamount:2000
2023.5.16 05:52:04#result:TRANSACTION_ID:OA6MFKyAux9TzthbCjKV8s6SgtA=
2023.5.16 05:52:04#Forward to DBBL Payment Gateway Page: https://ecom1.dutchbanglabank.com/ecomm2/ClientHandler?card_type=6&trans_id=OA6MFKyAux9TzthbCjKV8s6SgtA%3D
2023.5.16 05:53:10#=================== Start New Transaction ===================
2023.5.16 05:53:10#txnrefnum:MBD2308062
2023.5.16 05:53:10#clientIp:103.153.66.210
2023.5.16 05:53:10#card type:6
2023.5.16 05:53:10#totalamount:2000
2023.5.16 05:53:12#result:TRANSACTION_ID:ONvLFQaSgpUCNxNw56pFPnehry4=
2023.5.16 05:53:12#Forward to DBBL Payment Gateway Page: https://ecom1.dutchbanglabank.com/ecomm2/ClientHandler?card_type=6&trans_id=ONvLFQaSgpUCNxNw56pFPnehry4%3D
2023.5.16 05:55:03#=================== Start New Transaction ===================
2023.5.16 05:55:03#txnrefnum:MBD2308062
2023.5.16 05:55:03#clientIp:103.153.66.210
2023.5.16 05:55:03#card type:6
2023.5.16 05:55:03#totalamount:2000
2023.5.16 05:55:06#result:TRANSACTION_ID:m0c3jQtUkt5nZ6klcLqG4A0fSLE=
2023.5.16 05:55:06#Forward to DBBL Payment Gateway Page: https://ecom1.dutchbanglabank.com/ecomm2/ClientHandler?card_type=6&trans_id=m0c3jQtUkt5nZ6klcLqG4A0fSLE%3D
2023.5.16 05:55:25#=================== Start New Transaction ===================
2023.5.16 05:55:25#txnrefnum:MSC23111098
2023.5.16 05:55:25#clientIp:43.224.109.198
2023.5.16 05:55:25#card type:6
2023.5.16 05:55:25#totalamount:368000
2023.5.16 05:55:27#result:TRANSACTION_ID:bSceLQ1ORUp2gNUP8DUqXM4xOPk=
2023.5.16 05:55:28#Forward to DBBL Payment Gateway Page: https://ecom1.dutchbanglabank.com/ecomm2/ClientHandler?card_type=6&trans_id=bSceLQ1ORUp2gNUP8DUqXM4xOPk%3D
2023.5.16 05:57:57#=================== Start New Transaction ===================
2023.5.16 05:57:57#txnrefnum:MBD2308062
2023.5.16 05:57:57#clientIp:103.153.66.210
2023.5.16 05:57:57#card type:6
2023.5.16 05:57:57#totalamount:2000
2023.5.16 05:58:00#result:TRANSACTION_ID:rJrhPRGCcuh3DFZXE3jLgQLd1qI=
2023.5.16 05:58:00#Forward to DBBL Payment Gateway Page: https://ecom1.dutchbanglabank.com/ecomm2/ClientHandler?card_type=6&trans_id=rJrhPRGCcuh3DFZXE3jLgQLd1qI%3D
2023.5.16 05:58:36#=================== Start New Transaction ===================
2023.5.16 05:58:36#txnrefnum:MSC23111098
2023.5.16 05:58:36#clientIp:43.224.109.198
2023.5.16 05:58:36#card type:6
2023.5.16 05:58:36#totalamount:368000
2023.5.16 05:58:39#result:TRANSACTION_ID:hYn7P79JUBayjpXoXIjoWPUWHsE=
2023.5.16 05:58:39#Forward to DBBL Payment Gateway Page: https://ecom1.dutchbanglabank.com/ecomm2/ClientHandler?card_type=6&trans_id=hYn7P79JUBayjpXoXIjoWPUWHsE%3D
2023.5.16 05:59:07#---------------------- Complete New Transaction---------------------
2023.5.16 05:59:07#Get trans_id From Post Value:hYn7P79JUBayjpXoXIjoWPUWHsE=
2023.5.16 05:59:07#clientIp:43.224.109.198
2023.5.16 05:59:07#trans_id:hYn7P79JUBayjpXoXIjoWPUWHsE=
2023.5.16 05:59:08#result:RESULT>OK^RESULT_CODE>000^3DSECURE>SKIPPED^RRN>313605733111^APPROVAL_CODE>909552^CARD_NUMBER>999999*********7713^AMOUNT>368000^CARDNAME>mb account^DESCRIPTION>6MSC23111098^TRANS_DATE>2023-05-16 11:59:06 AM
2023.5.16 05:59:08#52129816055908
2023.5.16 05:59:08#52129816055908
2023.5.16 05:59:08#52129816055908
2023.5.16 05:59:09#52129816055908
2023.5.16 05:59:09#52129816055908
2023.5.16 05:59:09#52129816055908
2023.5.16 05:59:09#=================== Transaction Completed =======================
2023.5.16 06:00:31#=================== Start New Transaction ===================
2023.5.16 06:00:31#txnrefnum:MBD2308062
2023.5.16 06:00:31#clientIp:103.153.66.210
2023.5.16 06:00:31#card type:6
2023.5.16 06:00:31#totalamount:2000
2023.5.16 06:00:34#result:TRANSACTION_ID:JpYBuxRmNdvW4Odlkvm4SZArcpk=
2023.5.16 06:00:34#Forward to DBBL Payment Gateway Page: https://ecom1.dutchbanglabank.com/ecomm2/ClientHandler?card_type=6&trans_id=JpYBuxRmNdvW4Odlkvm4SZArcpk%3D
2023.5.16 06:50:43#=================== Start New Transaction ===================
2023.5.16 06:50:43#txnrefnum:MBD2309200
2023.5.16 06:50:43#clientIp:202.134.14.159
2023.5.16 06:50:43#card type:6
2023.5.16 06:50:43#totalamount:182000
2023.5.16 06:50:46#result:TRANSACTION_ID:RkdaIeoLvHQGHAKo3PMr5hzJUe4=
2023.5.16 06:50:46#Forward to DBBL Payment Gateway Page: https://ecom1.dutchbanglabank.com/ecomm2/ClientHandler?card_type=6&trans_id=RkdaIeoLvHQGHAKo3PMr5hzJUe4%3D
2023.5.16 06:51:01#---------------------- Complete New Transaction---------------------
2023.5.16 06:51:01#Get trans_id From Post Value:RkdaIeoLvHQGHAKo3PMr5hzJUe4=
2023.5.16 06:51:01#clientIp:202.134.14.159
2023.5.16 06:51:01#trans_id:RkdaIeoLvHQGHAKo3PMr5hzJUe4=
2023.5.16 06:51:03#result:RESULT>OK^RESULT_CODE>000^3DSECURE>SKIPPED^RRN>313606737461^APPROVAL_CODE>258272^CARD_NUMBER>999999*********1168^AMOUNT>182000^CARDNAME>mb account^DESCRIPTION>6MBD2309200^TRANS_DATE>2023-05-16 12:51:00 PM
2023.5.16 06:51:03#41028016065103
2023.5.16 06:51:03#41028016065103
2023.5.16 06:51:03#41028016065103
2023.5.16 06:51:03#41028016065103
2023.5.16 06:51:03#=================== Transaction Completed =======================
2023.5.16 06:53:36#=================== Start New Transaction ===================
2023.5.16 06:53:36#txnrefnum:MBD2001082
2023.5.16 06:53:36#clientIp:202.134.14.159
2023.5.16 06:53:36#card type:6
2023.5.16 06:53:36#totalamount:262000
2023.5.16 06:53:39#result:TRANSACTION_ID:qjvJSMCxORBGNYfPb3AP9mBTy6c=
2023.5.16 06:53:39#Forward to DBBL Payment Gateway Page: https://ecom1.dutchbanglabank.com/ecomm2/ClientHandler?card_type=6&trans_id=qjvJSMCxORBGNYfPb3AP9mBTy6c%3D
2023.5.16 06:54:08#---------------------- Complete New Transaction---------------------
2023.5.16 06:54:08#Get trans_id From Post Value:qjvJSMCxORBGNYfPb3AP9mBTy6c=
2023.5.16 06:54:08#clientIp:202.134.14.159
2023.5.16 06:54:08#trans_id:qjvJSMCxORBGNYfPb3AP9mBTy6c=
2023.5.16 06:54:10#result:RESULT>OK^RESULT_CODE>000^3DSECURE>SKIPPED^RRN>313606737745^APPROVAL_CODE>178811^CARD_NUMBER>999999*********1168^AMOUNT>262000^CARDNAME>mb account^DESCRIPTION>6MBD2001082^TRANS_DATE>2023-05-16 12:54:07 PM
2023.5.16 06:54:10#46457716065410
2023.5.16 06:54:10#46457716065410
2023.5.16 06:54:10#46457716065410
2023.5.16 06:54:10#46457716065410
2023.5.16 06:54:10#46457716065410
2023.5.16 06:54:10#46457716065410
2023.5.16 06:54:10#=================== Transaction Completed =======================
2023.5.16 06:56:16#=================== Start New Transaction ===================
2023.5.16 06:56:16#txnrefnum:MSC23111243
2023.5.16 06:56:16#clientIp:202.134.14.159
2023.5.16 06:56:16#card type:6
2023.5.16 06:56:16#totalamount:378000
2023.5.16 06:56:19#result:TRANSACTION_ID:VLeEGgmUIOVXTeXTEADA8DGA1s4=
2023.5.16 06:56:19#Forward to DBBL Payment Gateway Page: https://ecom1.dutchbanglabank.com/ecomm2/ClientHandler?card_type=6&trans_id=VLeEGgmUIOVXTeXTEADA8DGA1s4%3D
2023.5.16 06:56:54#---------------------- Complete New Transaction---------------------
2023.5.16 06:56:54#Get trans_id From Post Value:VLeEGgmUIOVXTeXTEADA8DGA1s4=
2023.5.16 06:56:54#clientIp:202.134.14.159
2023.5.16 06:56:54#trans_id:VLeEGgmUIOVXTeXTEADA8DGA1s4=
2023.5.16 06:56:56#result:RESULT>OK^RESULT_CODE>000^3DSECURE>SKIPPED^RRN>313606738023^APPROVAL_CODE>188251^CARD_NUMBER>999999*********1168^AMOUNT>378000^CARDNAME>mb account^DESCRIPTION>6MSC23111243^TRANS_DATE>2023-05-16 12:56:53 PM
2023.5.16 06:56:56#52424616065656
2023.5.16 06:56:56#52424616065656
2023.5.16 06:56:56#52424616065656
2023.5.16 06:56:56#52424616065656
2023.5.16 06:56:56#52424616065656
2023.5.16 06:56:56#52424616065656
2023.5.16 06:56:56#=================== Transaction Completed =======================
2023.5.16 07:03:21#=================== Start New Transaction ===================
2023.5.16 07:03:21#txnrefnum:MSC22111228
2023.5.16 07:03:21#clientIp:202.134.14.159
2023.5.16 07:03:21#card type:6
2023.5.16 07:03:21#totalamount:620000
2023.5.16 07:03:24#result:TRANSACTION_ID:5N8vBxvZPFgI2FWP0LkaWZfCUMA=
2023.5.16 07:03:24#Forward to DBBL Payment Gateway Page: https://ecom1.dutchbanglabank.com/ecomm2/ClientHandler?card_type=6&trans_id=5N8vBxvZPFgI2FWP0LkaWZfCUMA%3D
2023.5.16 07:03:37#---------------------- Complete New Transaction---------------------
2023.5.16 07:03:37#Get trans_id From Post Value:5N8vBxvZPFgI2FWP0LkaWZfCUMA=
2023.5.16 07:03:37#clientIp:202.134.14.159
2023.5.16 07:03:37#trans_id:5N8vBxvZPFgI2FWP0LkaWZfCUMA=
2023.5.16 07:03:39#result:RESULT>OK^RESULT_CODE>000^3DSECURE>SKIPPED^RRN>313607738613^APPROVAL_CODE>307800^CARD_NUMBER>999999*********1168^AMOUNT>620000^CARDNAME>mb account^DESCRIPTION>6MSC22111228^TRANS_DATE>2023-05-16 01:03:36 PM
2023.5.16 07:03:39#33864416070339
2023.5.16 07:03:39#33864416070339
2023.5.16 07:03:39#33864416070339
2023.5.16 07:03:39#33864416070339
2023.5.16 07:03:39#33864416070339
2023.5.16 07:03:39#33864416070339
2023.5.16 07:03:39#33864416070339
2023.5.16 07:03:39#33864416070339
2023.5.16 07:03:39#33864416070339
2023.5.16 07:03:40#33864416070339
2023.5.16 07:03:40#=================== Transaction Completed =======================
2023.5.16 07:16:08#=================== Start New Transaction ===================
2023.5.16 07:16:08#txnrefnum:BBM2308007
2023.5.16 07:16:08#clientIp:103.25.122.8
2023.5.16 07:16:08#card type:6
2023.5.16 07:16:08#totalamount:182000
2023.5.16 07:16:11#result:TRANSACTION_ID:Xvr5eQQS4ridQ4TZn8RaaxeSFt8=
2023.5.16 07:16:11#Forward to DBBL Payment Gateway Page: https://ecom1.dutchbanglabank.com/ecomm2/ClientHandler?card_type=6&trans_id=Xvr5eQQS4ridQ4TZn8RaaxeSFt8%3D
2023.5.16 07:18:24#---------------------- Complete New Transaction---------------------
2023.5.16 07:18:24#Get trans_id From Post Value:Xvr5eQQS4ridQ4TZn8RaaxeSFt8=
2023.5.16 07:18:24#clientIp:103.25.122.8
2023.5.16 07:18:24#trans_id:Xvr5eQQS4ridQ4TZn8RaaxeSFt8=
2023.5.16 07:18:26#result:RESULT>OK^RESULT_CODE>000^3DSECURE>SKIPPED^RRN>313607739907^APPROVAL_CODE>352474^CARD_NUMBER>999999*********3668^AMOUNT>182000^CARDNAME>mb account^DESCRIPTION>6BBM2308007^TRANS_DATE>2023-05-16 01:18:23 PM
2023.5.16 07:18:26#42458516071826
2023.5.16 07:18:26#42458516071826
2023.5.16 07:18:26#42458516071826
2023.5.16 07:18:26#42458516071826
2023.5.16 07:18:26#=================== Transaction Completed =======================
2023.5.16 07:20:37#=================== Start New Transaction ===================
2023.5.16 07:20:37#txnrefnum:MEM2206539
2023.5.16 07:20:37#clientIp:202.134.10.135
2023.5.16 07:20:37#card type:6
2023.5.16 07:20:37#totalamount:522000
2023.5.16 07:20:40#result:TRANSACTION_ID:pOmSQhnuoAX4uOV6bS4srVP2tRQ=
2023.5.16 07:20:40#Forward to DBBL Payment Gateway Page: https://ecom1.dutchbanglabank.com/ecomm2/ClientHandler?card_type=6&trans_id=pOmSQhnuoAX4uOV6bS4srVP2tRQ%3D
2023.5.16 07:21:33#---------------------- Complete New Transaction---------------------
2023.5.16 07:21:33#Get trans_id From Cookie Value:pOmSQhnuoAX4uOV6bS4srVP2tRQ=
2023.5.16 07:21:33#clientIp:202.134.10.135
2023.5.16 07:21:33#trans_id:pOmSQhnuoAX4uOV6bS4srVP2tRQ=
2023.5.16 07:21:35#result:RESULT>OK^RESULT_CODE>000^3DSECURE>SKIPPED^RRN>313607740100^APPROVAL_CODE>361267^CARD_NUMBER>999999*********7532^AMOUNT>522000^CARDNAME>mb account^DESCRIPTION>6MEM2206539^TRANS_DATE>2023-05-16 01:20:58 PM
2023.5.16 07:21:35#43853716072135
2023.5.16 07:21:35#43853716072135
2023.5.16 07:21:35#43853716072135
2023.5.16 07:21:35#43853716072135
2023.5.16 07:21:35#43853716072135
2023.5.16 07:21:35#43853716072135
2023.5.16 07:21:35#43853716072135
2023.5.16 07:21:36#43853716072135
2023.5.16 07:21:36#=================== Transaction Completed =======================
2023.5.16 07:35:25#=================== Start New Transaction ===================
2023.5.16 07:35:25#txnrefnum:BBM2207034
2023.5.16 07:35:25#clientIp:103.144.48.128
2023.5.16 07:35:25#card type:6
2023.5.16 07:35:25#totalamount:182000
2023.5.16 07:35:28#result:TRANSACTION_ID:x6yCNAy3DHU3LccsxVpCb1pmibs=
2023.5.16 07:35:28#Forward to DBBL Payment Gateway Page: https://ecom1.dutchbanglabank.com/ecomm2/ClientHandler?card_type=6&trans_id=x6yCNAy3DHU3LccsxVpCb1pmibs%3D
2023.5.16 07:36:36#---------------------- Complete New Transaction---------------------
2023.5.16 07:36:36#Get trans_id From Post Value:x6yCNAy3DHU3LccsxVpCb1pmibs=
2023.5.16 07:36:36#clientIp:103.144.48.128
2023.5.16 07:36:36#trans_id:x6yCNAy3DHU3LccsxVpCb1pmibs=
2023.5.16 07:36:38#result:RESULT>OK^RESULT_CODE>000^3DSECURE>SKIPPED^RRN>313607741479^APPROVAL_CODE>397798^CARD_NUMBER>999999*********1332^AMOUNT>182000^CARDNAME>mb account^DESCRIPTION>6BBM2207034^TRANS_DATE>2023-05-16 01:36:35 PM
2023.5.16 07:36:38#41270216073638
2023.5.16 07:36:38#41270216073638
2023.5.16 07:36:38#41270216073638
2023.5.16 07:36:38#41270216073638
2023.5.16 07:36:38#=================== Transaction Completed =======================
2023.5.16 07:46:27#=================== Start New Transaction ===================
2023.5.16 07:46:27#txnrefnum:MBM2203195
2023.5.16 07:46:27#clientIp:202.134.14.159
2023.5.16 07:46:27#card type:6
2023.5.16 07:46:27#totalamount:162000
2023.5.16 07:46:30#result:TRANSACTION_ID:S41OvhdcOAazQGj9a5TanKPugro=
2023.5.16 07:46:30#Forward to DBBL Payment Gateway Page: https://ecom1.dutchbanglabank.com/ecomm2/ClientHandler?card_type=6&trans_id=S41OvhdcOAazQGj9a5TanKPugro%3D
2023.5.16 07:46:52#---------------------- Complete New Transaction---------------------
2023.5.16 07:46:52#Get trans_id From Post Value:S41OvhdcOAazQGj9a5TanKPugro=
2023.5.16 07:46:52#clientIp:202.134.14.159
2023.5.16 07:46:52#trans_id:S41OvhdcOAazQGj9a5TanKPugro=
2023.5.16 07:46:54#result:RESULT>OK^RESULT_CODE>000^3DSECURE>SKIPPED^RRN>313607742316^APPROVAL_CODE>478581^CARD_NUMBER>999999*********1168^AMOUNT>162000^CARDNAME>mb account^DESCRIPTION>6MBM2203195^TRANS_DATE>2023-05-16 01:46:51 PM
2023.5.16 07:46:54#46758016074654
2023.5.16 07:46:54#46758016074654
2023.5.16 07:46:54#46758016074654
2023.5.16 07:46:54#46758016074654
2023.5.16 07:46:54#=================== Transaction Completed =======================
2023.5.16 07:54:10#=================== Start New Transaction ===================
2023.5.16 07:54:10#txnrefnum:MBB2106007
2023.5.16 07:54:10#clientIp:202.134.10.135
2023.5.16 07:54:10#card type:6
2023.5.16 07:54:10#totalamount:482000
2023.5.16 07:54:12#result:TRANSACTION_ID:8GfuHSxQpUHWk2WZW5Ecvw72vU8=
2023.5.16 07:54:13#Forward to DBBL Payment Gateway Page: https://ecom1.dutchbanglabank.com/ecomm2/ClientHandler?card_type=6&trans_id=8GfuHSxQpUHWk2WZW5Ecvw72vU8%3D
2023.5.16 07:55:48#---------------------- Complete New Transaction---------------------
2023.5.16 07:55:48#Get trans_id From Post Value:8GfuHSxQpUHWk2WZW5Ecvw72vU8=
2023.5.16 07:55:48#clientIp:202.134.10.135
2023.5.16 07:55:48#trans_id:8GfuHSxQpUHWk2WZW5Ecvw72vU8=
2023.5.16 07:55:50#result:RESULT>OK^RESULT_CODE>000^3DSECURE>SKIPPED^RRN>313607743017^APPROVAL_CODE>551205^CARD_NUMBER>999999*********7532^AMOUNT>482000^CARDNAME>mb account^DESCRIPTION>6MBB2106007^TRANS_DATE>2023-05-16 01:55:47 PM
2023.5.16 07:55:50#41818516075550
2023.5.16 07:55:50#41818516075550
2023.5.16 07:55:50#41818516075550
2023.5.16 07:55:50#41818516075550
2023.5.16 07:55:50#41818516075550
2023.5.16 07:55:50#41818516075550
2023.5.16 07:55:50#41818516075550
2023.5.16 07:55:50#41818516075550
2023.5.16 07:55:50#41818516075550
2023.5.16 07:55:50#41818516075550
2023.5.16 07:55:50#=================== Transaction Completed =======================
2023.5.16 07:56:30#=================== Start New Transaction ===================
2023.5.16 07:56:30#txnrefnum:MSC22111002
2023.5.16 07:56:30#clientIp:202.134.14.159
2023.5.16 07:56:30#card type:6
2023.5.16 07:56:30#totalamount:458000
2023.5.16 07:56:33#result:TRANSACTION_ID:ziMsWmj6yMMw1RYGui3WQ3RQuYM=
2023.5.16 07:56:33#Forward to DBBL Payment Gateway Page: https://ecom1.dutchbanglabank.com/ecomm2/ClientHandler?card_type=6&trans_id=ziMsWmj6yMMw1RYGui3WQ3RQuYM%3D
2023.5.16 07:56:54#---------------------- Complete New Transaction---------------------
2023.5.16 07:56:54#Get trans_id From Post Value:ziMsWmj6yMMw1RYGui3WQ3RQuYM=
2023.5.16 07:56:54#clientIp:202.134.14.159
2023.5.16 07:56:54#trans_id:ziMsWmj6yMMw1RYGui3WQ3RQuYM=
2023.5.16 07:56:55#result:RESULT>OK^RESULT_CODE>000^3DSECURE>SKIPPED^RRN>313607743112^APPROVAL_CODE>553145^CARD_NUMBER>999999*********1168^AMOUNT>458000^CARDNAME>mb account^DESCRIPTION>6MSC22111002^TRANS_DATE>2023-05-16 01:56:52 PM
2023.5.16 07:56:55#33993316075655
2023.5.16 07:56:55#33993316075655
2023.5.16 07:56:55#33993316075655
2023.5.16 07:56:56#33993316075655
2023.5.16 07:56:56#33993316075655
2023.5.16 07:56:56#33993316075655
2023.5.16 07:56:56#33993316075655
2023.5.16 07:56:56#33993316075655
2023.5.16 07:56:56#33993316075655
2023.5.16 07:56:56#33993316075655
2023.5.16 07:56:56#=================== Transaction Completed =======================
2023.5.16 07:57:31#=================== Start New Transaction ===================
2023.5.16 07:57:31#txnrefnum:MBM2309042
2023.5.16 07:57:31#clientIp:202.134.10.135
2023.5.16 07:57:31#card type:6
2023.5.16 07:57:31#totalamount:182000
2023.5.16 07:57:34#result:TRANSACTION_ID:mQWWqVMzkqJuPYoO9bSLLGCPTwE=
2023.5.16 07:57:34#Forward to DBBL Payment Gateway Page: https://ecom1.dutchbanglabank.com/ecomm2/ClientHandler?card_type=6&trans_id=mQWWqVMzkqJuPYoO9bSLLGCPTwE%3D
2023.5.16 07:58:29#---------------------- Complete New Transaction---------------------
2023.5.16 07:58:29#Get trans_id From Post Value:mQWWqVMzkqJuPYoO9bSLLGCPTwE=
2023.5.16 07:58:29#clientIp:202.134.10.135
2023.5.16 07:58:29#trans_id:mQWWqVMzkqJuPYoO9bSLLGCPTwE=
2023.5.16 07:58:31#result:RESULT>OK^RESULT_CODE>000^3DSECURE>SKIPPED^RRN>313607743220^APPROVAL_CODE>555459^CARD_NUMBER>999999*********7532^AMOUNT>182000^CARDNAME>mb account^DESCRIPTION>6MBM2309042^TRANS_DATE>2023-05-16 01:58:28 PM
2023.5.16 07:58:31#40614016075831
2023.5.16 07:58:31#40614016075831
2023.5.16 07:58:31#40614016075831
2023.5.16 07:58:31#40614016075831
2023.5.16 07:58:31#=================== Transaction Completed =======================
2023.5.16 07:59:23#---------------------- Complete New Transaction---------------------
2023.5.16 07:59:23#Get trans_id From Post Value:JpYBuxRmNdvW4Odlkvm4SZArcpk=
2023.5.16 07:59:23#clientIp:103.153.66.210
2023.5.16 07:59:23#trans_id:JpYBuxRmNdvW4Odlkvm4SZArcpk=
2023.5.16 07:59:25#result:RESULT>TIMEOUT^RESULT_CODE>999^3DSECURE>0^RRN>0^APPROVAL_CODE>0^CARD_NUMBER>0^AMOUNT>2000^CARDNAME>0^DESCRIPTION>6MBD2308062^TRANS_DATE>2023-05-16 01:59:22 PM
2023.5.16 07:59:25#Failed
2023.5.16 08:00:57#=================== Start New Transaction ===================
2023.5.16 08:00:57#txnrefnum:MBG2106015
2023.5.16 08:00:57#clientIp:103.183.69.54
2023.5.16 08:00:57#card type:6
2023.5.16 08:00:57#totalamount:282000
2023.5.16 08:00:59#result:TRANSACTION_ID:rUfWdQNN2btR1TzK3Fpk8cgEb94=
2023.5.16 08:00:59#Forward to DBBL Payment Gateway Page: https://ecom1.dutchbanglabank.com/ecomm2/ClientHandler?card_type=6&trans_id=rUfWdQNN2btR1TzK3Fpk8cgEb94%3D
2023.5.16 08:06:56#=================== Start New Transaction ===================
2023.5.16 08:06:56#txnrefnum:MEM2007004
2023.5.16 08:06:56#clientIp:119.148.52.162
2023.5.16 08:06:56#card type:6
2023.5.16 08:06:56#totalamount:212000
2023.5.16 08:06:59#result:TRANSACTION_ID:3EDbp6IJFLll0PjFnQ2kRbXTN8U=
2023.5.16 08:06:59#Forward to DBBL Payment Gateway Page: https://ecom1.dutchbanglabank.com/ecomm2/ClientHandler?card_type=6&trans_id=3EDbp6IJFLll0PjFnQ2kRbXTN8U%3D
2023.5.16 08:10:48#=================== Start New Transaction ===================
2023.5.16 08:10:48#txnrefnum:MEM2007004
2023.5.16 08:10:48#clientIp:119.148.52.162
2023.5.16 08:10:48#card type:6
2023.5.16 08:10:48#totalamount:212000
2023.5.16 08:10:52#result:TRANSACTION_ID:RMWFoJyLuWaOV4eyUXexvL5wcTM=
2023.5.16 08:10:52#Forward to DBBL Payment Gateway Page: https://ecom1.dutchbanglabank.com/ecomm2/ClientHandler?card_type=6&trans_id=RMWFoJyLuWaOV4eyUXexvL5wcTM%3D
2023.5.16 08:15:18#=================== Start New Transaction ===================
2023.5.16 08:15:18#txnrefnum:MEM2007004
2023.5.16 08:15:18#clientIp:116.58.202.228
2023.5.16 08:15:18#card type:6
2023.5.16 08:15:18#totalamount:212000
2023.5.16 08:15:20#result:TRANSACTION_ID:SlHkfx0oEqwzFvRr7xoIn28xzwU=
2023.5.16 08:15:21#Forward to DBBL Payment Gateway Page: https://ecom1.dutchbanglabank.com/ecomm2/ClientHandler?card_type=6&trans_id=SlHkfx0oEqwzFvRr7xoIn28xzwU%3D
2023.5.16 08:16:04#=================== Start New Transaction ===================
2023.5.16 08:16:04#txnrefnum:MEM2007004
2023.5.16 08:16:04#clientIp:116.58.202.228
2023.5.16 08:16:04#card type:6
2023.5.16 08:16:04#totalamount:212000
2023.5.16 08:16:06#result:TRANSACTION_ID:4BxO6wS7e6BQ8T68S5Y9UrSqhvA=
2023.5.16 08:16:07#Forward to DBBL Payment Gateway Page: https://ecom1.dutchbanglabank.com/ecomm2/ClientHandler?card_type=6&trans_id=4BxO6wS7e6BQ8T68S5Y9UrSqhvA%3D
2023.5.16 08:17:01#=================== Start New Transaction ===================
2023.5.16 08:17:01#txnrefnum:MEM2007004
2023.5.16 08:17:01#clientIp:119.148.52.162
2023.5.16 08:17:01#card type:6
2023.5.16 08:17:01#totalamount:212000
2023.5.16 08:17:04#result:TRANSACTION_ID:XeP94rtDSW6lJKBXRXKUysYCCJ0=
2023.5.16 08:17:04#Forward to DBBL Payment Gateway Page: https://ecom1.dutchbanglabank.com/ecomm2/ClientHandler?card_type=6&trans_id=XeP94rtDSW6lJKBXRXKUysYCCJ0%3D
2023.5.16 08:17:54#=================== Start New Transaction ===================
2023.5.16 08:17:54#txnrefnum:MBD2002118
2023.5.16 08:17:54#clientIp:202.134.10.135
2023.5.16 08:17:54#card type:6
2023.5.16 08:17:54#totalamount:302000
2023.5.16 08:17:59#result:TRANSACTION_ID:es5CwM7U2Sw8spShdzQa4hz3Lv0=
2023.5.16 08:17:59#Forward to DBBL Payment Gateway Page: https://ecom1.dutchbanglabank.com/ecomm2/ClientHandler?card_type=6&trans_id=es5CwM7U2Sw8spShdzQa4hz3Lv0%3D
2023.5.16 08:18:16#---------------------- Complete New Transaction---------------------
2023.5.16 08:18:16#Get trans_id From Post Value:es5CwM7U2Sw8spShdzQa4hz3Lv0=
2023.5.16 08:18:16#clientIp:202.134.10.135
2023.5.16 08:18:16#trans_id:es5CwM7U2Sw8spShdzQa4hz3Lv0=
2023.5.16 08:18:18#result:RESULT>OK^RESULT_CODE>000^3DSECURE>SKIPPED^RRN>313608744917^APPROVAL_CODE>513215^CARD_NUMBER>999999*********7532^AMOUNT>302000^CARDNAME>mb account^DESCRIPTION>6MBD2002118^TRANS_DATE>2023-05-16 02:18:15 PM
2023.5.16 08:18:18#47665216081818
2023.5.16 08:18:18#47665216081818
2023.5.16 08:18:18#47665216081818
2023.5.16 08:18:18#47665216081818
2023.5.16 08:18:18#47665216081818
2023.5.16 08:18:18#47665216081818
2023.5.16 08:18:18#=================== Transaction Completed =======================
2023.5.16 08:18:43#=================== Start New Transaction ===================
2023.5.16 08:18:43#txnrefnum:BBM2206094
2023.5.16 08:18:43#clientIp:119.30.41.84
2023.5.16 08:18:43#card type:6
2023.5.16 08:18:43#totalamount:722000
2023.5.16 08:18:45#result:TRANSACTION_ID:FqAo6Hs2PLFsHVmRDO7gGofNfGM=
2023.5.16 08:18:46#Forward to DBBL Payment Gateway Page: https://ecom1.dutchbanglabank.com/ecomm2/ClientHandler?card_type=6&trans_id=FqAo6Hs2PLFsHVmRDO7gGofNfGM%3D
2023.5.16 08:19:36#=================== Start New Transaction ===================
2023.5.16 08:19:36#txnrefnum:MEM2003057
2023.5.16 08:19:36#clientIp:119.148.52.162
2023.5.16 08:19:36#card type:6
2023.5.16 08:19:36#totalamount:102000
2023.5.16 08:19:39#result:TRANSACTION_ID:xMvf7cdIZPYoPp2co6STW5qtFs8=
2023.5.16 08:19:39#Forward to DBBL Payment Gateway Page: https://ecom1.dutchbanglabank.com/ecomm2/ClientHandler?card_type=6&trans_id=xMvf7cdIZPYoPp2co6STW5qtFs8%3D
2023.5.16 08:23:13#=================== Start New Transaction ===================
2023.5.16 08:23:13#txnrefnum:BBM2206094
2023.5.16 08:23:13#clientIp:119.30.41.84
2023.5.16 08:23:13#card type:6
2023.5.16 08:23:13#totalamount:722000
2023.5.16 08:23:16#result:TRANSACTION_ID:ts4bb4CtRxTpw6TdrqN9nZuDBmI=
2023.5.16 08:23:16#Forward to DBBL Payment Gateway Page: https://ecom1.dutchbanglabank.com/ecomm2/ClientHandler?card_type=6&trans_id=ts4bb4CtRxTpw6TdrqN9nZuDBmI%3D
2023.5.16 08:23:17#=================== Start New Transaction ===================
2023.5.16 08:23:17#txnrefnum:MEM2007004
2023.5.16 08:23:17#clientIp:119.148.52.162
2023.5.16 08:23:17#card type:6
2023.5.16 08:23:17#totalamount:212000
2023.5.16 08:23:19#result:TRANSACTION_ID:UQ13mI4P32nD4dGaofDLJA8szGA=
2023.5.16 08:23:20#Forward to DBBL Payment Gateway Page: https://ecom1.dutchbanglabank.com/ecomm2/ClientHandler?card_type=6&trans_id=UQ13mI4P32nD4dGaofDLJA8szGA%3D
2023.5.16 08:24:34#---------------------- Complete New Transaction---------------------
2023.5.16 08:24:34#Get trans_id From Post Value:ts4bb4CtRxTpw6TdrqN9nZuDBmI=
2023.5.16 08:24:34#clientIp:119.30.41.84
2023.5.16 08:24:34#trans_id:ts4bb4CtRxTpw6TdrqN9nZuDBmI=
2023.5.16 08:24:36#result:RESULT>OK^RESULT_CODE>000^3DSECURE>SKIPPED^RRN>313608745336^APPROVAL_CODE>657392^CARD_NUMBER>999999*********6896^AMOUNT>722000^CARDNAME>mb account^DESCRIPTION>6BBM2206094^TRANS_DATE>2023-05-16 02:24:33 PM
2023.5.16 08:24:36#51548616082436
2023.5.16 08:24:36#51548616082436
2023.5.16 08:24:36#51548616082436
2023.5.16 08:24:36#51548616082436
2023.5.16 08:24:36#=================== Transaction Completed =======================
2023.5.16 08:29:39#=================== Start New Transaction ===================
2023.5.16 08:29:39#txnrefnum:BBM2005159
2023.5.16 08:29:39#clientIp:119.30.41.84
2023.5.16 08:29:39#card type:6
2023.5.16 08:29:39#totalamount:382000
2023.5.16 08:29:42#result:TRANSACTION_ID:qc8uSMePvoiDnuCjcm0mOqKriFw=
2023.5.16 08:29:42#Forward to DBBL Payment Gateway Page: https://ecom1.dutchbanglabank.com/ecomm2/ClientHandler?card_type=6&trans_id=qc8uSMePvoiDnuCjcm0mOqKriFw%3D
2023.5.16 08:30:49#---------------------- Complete New Transaction---------------------
2023.5.16 08:30:49#Get trans_id From Post Value:qc8uSMePvoiDnuCjcm0mOqKriFw=
2023.5.16 08:30:49#clientIp:119.30.41.84
2023.5.16 08:30:49#trans_id:qc8uSMePvoiDnuCjcm0mOqKriFw=
2023.5.16 08:30:50#result:RESULT>OK^RESULT_CODE>000^3DSECURE>SKIPPED^RRN>313608745725^APPROVAL_CODE>666374^CARD_NUMBER>999999*********6896^AMOUNT>382000^CARDNAME>mb account^DESCRIPTION>6BBM2005159^TRANS_DATE>2023-05-16 02:30:47 PM
2023.5.16 08:30:50#41310916083050
2023.5.16 08:30:51#41310916083050
2023.5.16 08:30:51#41310916083050
2023.5.16 08:30:51#41310916083050
2023.5.16 08:30:51#41310916083050
2023.5.16 08:30:51#41310916083050
2023.5.16 08:30:51#41310916083050
2023.5.16 08:30:51#41310916083050
2023.5.16 08:30:51#=================== Transaction Completed =======================
2023.5.16 08:34:24#=================== Start New Transaction ===================
2023.5.16 08:34:24#txnrefnum:MEM2007004
2023.5.16 08:34:24#clientIp:119.148.52.162
2023.5.16 08:34:24#card type:6
2023.5.16 08:34:24#totalamount:212000
2023.5.16 08:34:27#result:TRANSACTION_ID:UR9PN2g0efOjgOdfOifRSVA4wNQ=
2023.5.16 08:34:27#Forward to DBBL Payment Gateway Page: https://ecom1.dutchbanglabank.com/ecomm2/ClientHandler?card_type=6&trans_id=UR9PN2g0efOjgOdfOifRSVA4wNQ%3D
2023.5.16 08:40:51#=================== Start New Transaction ===================
2023.5.16 08:40:51#txnrefnum:MEM2007004
2023.5.16 08:40:51#clientIp:119.148.52.162
2023.5.16 08:40:51#card type:6
2023.5.16 08:40:51#totalamount:212000
2023.5.16 08:40:54#result:TRANSACTION_ID:1VAfuaWJDPKB6RBMLARrJYyah2k=
2023.5.16 08:40:54#Forward to DBBL Payment Gateway Page: https://ecom1.dutchbanglabank.com/ecomm2/ClientHandler?card_type=6&trans_id=1VAfuaWJDPKB6RBMLARrJYyah2k%3D
2023.5.16 08:42:50#=================== Start New Transaction ===================
2023.5.16 08:42:50#txnrefnum:MBD2004039
2023.5.16 08:42:50#clientIp:202.134.14.159
2023.5.16 08:42:50#card type:6
2023.5.16 08:42:50#totalamount:302000
2023.5.16 08:42:53#result:TRANSACTION_ID:KRocHOSDG7nGN2o6JPXdAPkDZ0c=
2023.5.16 08:42:53#Forward to DBBL Payment Gateway Page: https://ecom1.dutchbanglabank.com/ecomm2/ClientHandler?card_type=6&trans_id=KRocHOSDG7nGN2o6JPXdAPkDZ0c%3D
2023.5.16 08:43:13#---------------------- Complete New Transaction---------------------
2023.5.16 08:43:13#Get trans_id From Post Value:KRocHOSDG7nGN2o6JPXdAPkDZ0c=
2023.5.16 08:43:13#clientIp:202.134.14.159
2023.5.16 08:43:13#trans_id:KRocHOSDG7nGN2o6JPXdAPkDZ0c=
2023.5.16 08:43:15#result:RESULT>OK^RESULT_CODE>000^3DSECURE>SKIPPED^RRN>313608746790^APPROVAL_CODE>693698^CARD_NUMBER>999999*********1168^AMOUNT>302000^CARDNAME>mb account^DESCRIPTION>6MBD2004039^TRANS_DATE>2023-05-16 02:43:12 PM
2023.5.16 08:43:15#43142116084315
2023.5.16 08:43:15#43142116084315
2023.5.16 08:43:15#43142116084315
2023.5.16 08:43:15#43142116084315
2023.5.16 08:43:15#43142116084315
2023.5.16 08:43:15#43142116084315
2023.5.16 08:43:15#=================== Transaction Completed =======================
2023.5.16 08:45:13#=================== Start New Transaction ===================
2023.5.16 08:45:13#txnrefnum:MSC22111199
2023.5.16 08:45:13#clientIp:202.134.14.159
2023.5.16 08:45:13#card type:6
2023.5.16 08:45:13#totalamount:604000
2023.5.16 08:45:16#result:TRANSACTION_ID:4qiZOGWgXX8vRBP4GXnppuUAoYo=
2023.5.16 08:45:16#Forward to DBBL Payment Gateway Page: https://ecom1.dutchbanglabank.com/ecomm2/ClientHandler?card_type=6&trans_id=4qiZOGWgXX8vRBP4GXnppuUAoYo%3D
2023.5.16 08:45:32#---------------------- Complete New Transaction---------------------
2023.5.16 08:45:32#Get trans_id From Post Value:4qiZOGWgXX8vRBP4GXnppuUAoYo=
2023.5.16 08:45:32#clientIp:202.134.14.159
2023.5.16 08:45:32#trans_id:4qiZOGWgXX8vRBP4GXnppuUAoYo=
2023.5.16 08:45:34#result:RESULT>OK^RESULT_CODE>000^3DSECURE>SKIPPED^RRN>313608746937^APPROVAL_CODE>524889^CARD_NUMBER>999999*********1168^AMOUNT>604000^CARDNAME>mb account^DESCRIPTION>6MSC22111199^TRANS_DATE>2023-05-16 02:45:31 PM
2023.5.16 08:45:34#33892616084534
2023.5.16 08:45:34#33892616084534
2023.5.16 08:45:34#33892616084534
2023.5.16 08:45:34#33892616084534
2023.5.16 08:45:34#33892616084534
2023.5.16 08:45:34#33892616084534
2023.5.16 08:45:34#33892616084534
2023.5.16 08:45:34#33892616084534
2023.5.16 08:45:34#33892616084534
2023.5.16 08:45:34#33892616084534
2023.5.16 08:45:34#=================== Transaction Completed =======================
2023.5.16 08:49:25#=================== Start New Transaction ===================
2023.5.16 08:49:25#txnrefnum:BBM2004123
2023.5.16 08:49:25#clientIp:119.30.41.87
2023.5.16 08:49:25#card type:6
2023.5.16 08:49:25#totalamount:1122000
2023.5.16 08:49:28#result:TRANSACTION_ID:487Po3xQd6DmLXS0hsxACmpPcEE=
2023.5.16 08:49:28#Forward to DBBL Payment Gateway Page: https://ecom1.dutchbanglabank.com/ecomm2/ClientHandler?card_type=6&trans_id=487Po3xQd6DmLXS0hsxACmpPcEE%3D
2023.5.16 08:50:23#---------------------- Complete New Transaction---------------------
2023.5.16 08:50:23#Get trans_id From Post Value:487Po3xQd6DmLXS0hsxACmpPcEE=
2023.5.16 08:50:23#clientIp:119.30.41.84
2023.5.16 08:50:23#trans_id:487Po3xQd6DmLXS0hsxACmpPcEE=
2023.5.16 08:50:25#result:RESULT>FAILED^RESULT_CODE>116^3DSECURE>SKIPPED^RRN>313608747243^APPROVAL_CODE>0^CARD_NUMBER>999999*********6896^AMOUNT>1122000^CARDNAME>mb account^DESCRIPTION>6BBM2004123^TRANS_DATE>2023-05-16 02:50:21 PM
2023.5.16 08:50:25#Not Sufficient Amount
2023.5.16 08:52:12#=================== Start New Transaction ===================
2023.5.16 08:52:12#txnrefnum:MBM2007040
2023.5.16 08:52:12#clientIp:202.134.10.135
2023.5.16 08:52:12#card type:6
2023.5.16 08:52:12#totalamount:482000
2023.5.16 08:52:15#result:TRANSACTION_ID:paMeoyi1u7VHlk3nfPPnyyr6O6I=
2023.5.16 08:52:15#Forward to DBBL Payment Gateway Page: https://ecom1.dutchbanglabank.com/ecomm2/ClientHandler?card_type=6&trans_id=paMeoyi1u7VHlk3nfPPnyyr6O6I%3D
2023.5.16 08:52:19#=================== Start New Transaction ===================
2023.5.16 08:52:19#txnrefnum:MBD2309075
2023.5.16 08:52:19#clientIp:202.134.14.159
2023.5.16 08:52:19#card type:6
2023.5.16 08:52:19#totalamount:282000
2023.5.16 08:52:22#result:TRANSACTION_ID:BSqnpkKvIQlNnOiBya5vcYmrGyM=
2023.5.16 08:52:22#Forward to DBBL Payment Gateway Page: https://ecom1.dutchbanglabank.com/ecomm2/ClientHandler?card_type=6&trans_id=BSqnpkKvIQlNnOiBya5vcYmrGyM%3D
2023.5.16 08:52:39#---------------------- Complete New Transaction---------------------
2023.5.16 08:52:39#Get trans_id From Post Value:paMeoyi1u7VHlk3nfPPnyyr6O6I=
2023.5.16 08:52:39#clientIp:202.134.10.135
2023.5.16 08:52:39#trans_id:paMeoyi1u7VHlk3nfPPnyyr6O6I=
2023.5.16 08:52:40#result:RESULT>OK^RESULT_CODE>000^3DSECURE>SKIPPED^RRN>313608747418^APPROVAL_CODE>765311^CARD_NUMBER>999999*********7532^AMOUNT>482000^CARDNAME>mb account^DESCRIPTION>6MBM2007040^TRANS_DATE>2023-05-16 02:52:37 PM
2023.5.16 08:52:40#38379316085240
2023.5.16 08:52:41#38379316085240
2023.5.16 08:52:41#38379316085240
2023.5.16 08:52:41#38379316085240
2023.5.16 08:52:41#38379316085240
2023.5.16 08:52:41#38379316085240
2023.5.16 08:52:41#38379316085240
2023.5.16 08:52:41#38379316085240
2023.5.16 08:52:41#38379316085240
2023.5.16 08:52:41#38379316085240
2023.5.16 08:52:41#=================== Transaction Completed =======================
2023.5.16 08:52:47#---------------------- Complete New Transaction---------------------
2023.5.16 08:52:47#Get trans_id From Post Value:BSqnpkKvIQlNnOiBya5vcYmrGyM=
2023.5.16 08:52:47#clientIp:202.134.14.159
2023.5.16 08:52:47#trans_id:BSqnpkKvIQlNnOiBya5vcYmrGyM=
2023.5.16 08:52:49#result:RESULT>OK^RESULT_CODE>000^3DSECURE>SKIPPED^RRN>313608747426^APPROVAL_CODE>765597^CARD_NUMBER>999999*********1168^AMOUNT>282000^CARDNAME>mb account^DESCRIPTION>6MBD2309075^TRANS_DATE>2023-05-16 02:52:46 PM
2023.5.16 08:52:49#40673716085249
2023.5.16 08:52:49#40673716085249
2023.5.16 08:52:49#40673716085249
2023.5.16 08:52:49#40673716085249
2023.5.16 08:52:49#40673716085249
2023.5.16 08:52:49#40673716085249
2023.5.16 08:52:49#=================== Transaction Completed =======================
2023.5.16 08:58:18#=================== Start New Transaction ===================
2023.5.16 08:58:18#txnrefnum:MBD2006076
2023.5.16 08:58:18#clientIp:202.134.14.159
2023.5.16 08:58:18#card type:6
2023.5.16 08:58:18#totalamount:382000
2023.5.16 08:58:20#result:TRANSACTION_ID:FSL04FOOYwVkBKpP9EZyWCPqPpg=
2023.5.16 08:58:21#Forward to DBBL Payment Gateway Page: https://ecom1.dutchbanglabank.com/ecomm2/ClientHandler?card_type=6&trans_id=FSL04FOOYwVkBKpP9EZyWCPqPpg%3D
2023.5.16 08:58:37#---------------------- Complete New Transaction---------------------
2023.5.16 08:58:37#Get trans_id From Post Value:FSL04FOOYwVkBKpP9EZyWCPqPpg=
2023.5.16 08:58:37#clientIp:202.134.14.159
2023.5.16 08:58:37#trans_id:FSL04FOOYwVkBKpP9EZyWCPqPpg=
2023.5.16 08:58:38#result:RESULT>OK^RESULT_CODE>000^3DSECURE>SKIPPED^RRN>313608747791^APPROVAL_CODE>532428^CARD_NUMBER>999999*********1168^AMOUNT>382000^CARDNAME>mb account^DESCRIPTION>6MBD2006076^TRANS_DATE>2023-05-16 02:58:36 PM
2023.5.16 08:58:38#39807316085838
2023.5.16 08:58:39#39807316085838
2023.5.16 08:58:39#39807316085838
2023.5.16 08:58:39#39807316085838
2023.5.16 08:58:39#39807316085838
2023.5.16 08:58:39#39807316085838
2023.5.16 08:58:39#39807316085838
2023.5.16 08:58:39#39807316085838
2023.5.16 08:58:39#=================== Transaction Completed =======================
2023.5.16 08:59:43#=================== Start New Transaction ===================
2023.5.16 08:59:43#txnrefnum:BBM2004123
2023.5.16 08:59:43#clientIp:119.30.41.84
2023.5.16 08:59:43#card type:6
2023.5.16 08:59:43#totalamount:1122000
2023.5.16 08:59:45#result:TRANSACTION_ID:8K6M3l9IB7B7jzAZlhrdIeYcgAE=
2023.5.16 08:59:45#Forward to DBBL Payment Gateway Page: https://ecom1.dutchbanglabank.com/ecomm2/ClientHandler?card_type=6&trans_id=8K6M3l9IB7B7jzAZlhrdIeYcgAE%3D
2023.5.16 08:59:47#=================== Start New Transaction ===================
2023.5.16 08:59:47#txnrefnum:MED2006022
2023.5.16 08:59:47#clientIp:202.134.10.135
2023.5.16 08:59:47#card type:6
2023.5.16 08:59:47#totalamount:602000
2023.5.16 08:59:50#result:TRANSACTION_ID:xRlGEXcTghxuckrfIXXG9WlmKP0=
2023.5.16 08:59:50#Forward to DBBL Payment Gateway Page: https://ecom1.dutchbanglabank.com/ecomm2/ClientHandler?card_type=6&trans_id=xRlGEXcTghxuckrfIXXG9WlmKP0%3D
2023.5.16 09:00:28#=================== Start New Transaction ===================
2023.5.16 09:00:28#txnrefnum:MBM2001004
2023.5.16 09:00:28#clientIp:202.134.14.159
2023.5.16 09:00:28#card type:6
2023.5.16 09:00:28#totalamount:162000
2023.5.16 09:00:31#result:TRANSACTION_ID:WrMPhYxVYGCosgseDQMqcSbns3g=
2023.5.16 09:00:31#Forward to DBBL Payment Gateway Page: https://ecom1.dutchbanglabank.com/ecomm2/ClientHandler?card_type=6&trans_id=WrMPhYxVYGCosgseDQMqcSbns3g%3D
2023.5.16 09:00:49#---------------------- Complete New Transaction---------------------
2023.5.16 09:00:49#Get trans_id From Post Value:WrMPhYxVYGCosgseDQMqcSbns3g=
2023.5.16 09:00:49#clientIp:202.134.14.159
2023.5.16 09:00:49#trans_id:WrMPhYxVYGCosgseDQMqcSbns3g=
2023.5.16 09:00:51#result:RESULT>OK^RESULT_CODE>000^3DSECURE>SKIPPED^RRN>313609747928^APPROVAL_CODE>776074^CARD_NUMBER>999999*********1168^AMOUNT>162000^CARDNAME>mb account^DESCRIPTION>6MBM2001004^TRANS_DATE>2023-05-16 03:00:48 PM
2023.5.16 09:00:51#46634216090051
2023.5.16 09:00:51#46634216090051
2023.5.16 09:00:51#46634216090051
2023.5.16 09:00:51#46634216090051
2023.5.16 09:00:51#=================== Transaction Completed =======================
2023.5.16 09:00:53#---------------------- Complete New Transaction---------------------
2023.5.16 09:00:53#Get trans_id From Post Value:xRlGEXcTghxuckrfIXXG9WlmKP0=
2023.5.16 09:00:53#clientIp:202.134.10.135
2023.5.16 09:00:53#trans_id:xRlGEXcTghxuckrfIXXG9WlmKP0=
2023.5.16 09:00:55#result:RESULT>OK^RESULT_CODE>000^3DSECURE>SKIPPED^RRN>313609747933^APPROVAL_CODE>776171^CARD_NUMBER>999999*********7532^AMOUNT>602000^CARDNAME>mb account^DESCRIPTION>6MED2006022^TRANS_DATE>2023-05-16 03:00:52 PM
2023.5.16 09:00:55#40150516090055
2023.5.16 09:00:55#40150516090055
2023.5.16 09:00:55#40150516090055
2023.5.16 09:00:55#40150516090055
2023.5.16 09:00:55#40150516090055
2023.5.16 09:00:55#40150516090055
2023.5.16 09:00:55#40150516090055
2023.5.16 09:00:56#40150516090055
2023.5.16 09:00:56#40150516090055
2023.5.16 09:00:56#40150516090055
2023.5.16 09:00:56#=================== Transaction Completed =======================
2023.5.16 09:01:14#---------------------- Complete New Transaction---------------------
2023.5.16 09:01:14#Get trans_id From Post Value:8K6M3l9IB7B7jzAZlhrdIeYcgAE=
2023.5.16 09:01:14#clientIp:119.30.41.84
2023.5.16 09:01:14#trans_id:8K6M3l9IB7B7jzAZlhrdIeYcgAE=
2023.5.16 09:01:16#result:RESULT>OK^RESULT_CODE>000^3DSECURE>SKIPPED^RRN>313609747952^APPROVAL_CODE>776535^CARD_NUMBER>999999*********6896^AMOUNT>1122000^CARDNAME>mb account^DESCRIPTION>6BBM2004123^TRANS_DATE>2023-05-16 03:01:13 PM
2023.5.16 09:01:16#51557416090116
2023.5.16 09:01:16#51557416090116
2023.5.16 09:01:16#51557416090116
2023.5.16 09:01:16#51557416090116
2023.5.16 09:01:16#51557416090116
2023.5.16 09:01:16#51557416090116
2023.5.16 09:01:16#51557416090116
2023.5.16 09:01:16#51557416090116
2023.5.16 09:01:16#51557416090116
2023.5.16 09:01:17#51557416090116
2023.5.16 09:01:17#51557416090116
2023.5.16 09:01:17#51557416090116
2023.5.16 09:01:17#=================== Transaction Completed =======================
2023.5.16 09:02:49#=================== Start New Transaction ===================
2023.5.16 09:02:49#txnrefnum:MEM2302143
2023.5.16 09:02:49#clientIp:202.134.10.135
2023.5.16 09:02:49#card type:6
2023.5.16 09:02:49#totalamount:582000
2023.5.16 09:02:52#result:TRANSACTION_ID:7x1gPPqTeQ5EKAbZhMw1HYAj0dk=
2023.5.16 09:02:52#Forward to DBBL Payment Gateway Page: https://ecom1.dutchbanglabank.com/ecomm2/ClientHandler?card_type=6&trans_id=7x1gPPqTeQ5EKAbZhMw1HYAj0dk%3D
2023.5.16 09:03:21#---------------------- Complete New Transaction---------------------
2023.5.16 09:03:21#Get trans_id From Post Value:7x1gPPqTeQ5EKAbZhMw1HYAj0dk=
2023.5.16 09:03:21#clientIp:202.134.10.135
2023.5.16 09:03:21#trans_id:7x1gPPqTeQ5EKAbZhMw1HYAj0dk=
2023.5.16 09:03:23#result:RESULT>OK^RESULT_CODE>000^3DSECURE>SKIPPED^RRN>313609748123^APPROVAL_CODE>779310^CARD_NUMBER>999999*********7532^AMOUNT>582000^CARDNAME>mb account^DESCRIPTION>6MEM2302143^TRANS_DATE>2023-05-16 03:03:20 PM
2023.5.16 09:03:23#50375716090323
2023.5.16 09:03:23#50375716090323
2023.5.16 09:03:23#50375716090323
2023.5.16 09:03:23#50375716090323
2023.5.16 09:03:23#50375716090323
2023.5.16 09:03:24#50375716090323
2023.5.16 09:03:24#50375716090323
2023.5.16 09:03:24#50375716090323
2023.5.16 09:03:24#50375716090323
2023.5.16 09:03:24#50375716090323
2023.5.16 09:03:24#=================== Transaction Completed =======================
2023.5.16 09:08:02#=================== Start New Transaction ===================
2023.5.16 09:08:02#txnrefnum:MEM2007004
2023.5.16 09:08:02#clientIp:116.58.202.228
2023.5.16 09:08:02#card type:6
2023.5.16 09:08:02#totalamount:212000
2023.5.16 09:08:04#result:TRANSACTION_ID:qPlWDKScu2G9Ee2T1Am9qfqT4hs=
2023.5.16 09:08:05#Forward to DBBL Payment Gateway Page: https://ecom1.dutchbanglabank.com/ecomm2/ClientHandler?card_type=6&trans_id=qPlWDKScu2G9Ee2T1Am9qfqT4hs%3D
2023.5.16 09:09:21#=================== Start New Transaction ===================
2023.5.16 09:09:21#txnrefnum:MBD2007143
2023.5.16 09:09:21#clientIp:202.134.14.159
2023.5.16 09:09:21#card type:6
2023.5.16 09:09:21#totalamount:282000
2023.5.16 09:09:24#result:TRANSACTION_ID:PVhKazA04YwSn8sNxgcr9OBeitA=
2023.5.16 09:09:24#Forward to DBBL Payment Gateway Page: https://ecom1.dutchbanglabank.com/ecomm2/ClientHandler?card_type=6&trans_id=PVhKazA04YwSn8sNxgcr9OBeitA%3D
2023.5.16 09:09:25#=================== Start New Transaction ===================
2023.5.16 09:09:25#txnrefnum:MBD2308062
2023.5.16 09:09:25#clientIp:202.134.14.235
2023.5.16 09:09:25#card type:6
2023.5.16 09:09:25#totalamount:482000
2023.5.16 09:09:28#result:TRANSACTION_ID:tEH9McBmghf8PpCbjMr9CCpZipQ=
2023.5.16 09:09:28#Forward to DBBL Payment Gateway Page: https://ecom1.dutchbanglabank.com/ecomm2/ClientHandler?card_type=6&trans_id=tEH9McBmghf8PpCbjMr9CCpZipQ%3D
2023.5.16 09:09:39#---------------------- Complete New Transaction---------------------
2023.5.16 09:09:39#Get trans_id From Post Value:PVhKazA04YwSn8sNxgcr9OBeitA=
2023.5.16 09:09:39#clientIp:202.134.14.159
2023.5.16 09:09:39#trans_id:PVhKazA04YwSn8sNxgcr9OBeitA=
2023.5.16 09:09:41#result:RESULT>OK^RESULT_CODE>000^3DSECURE>SKIPPED^RRN>313609748594^APPROVAL_CODE>790673^CARD_NUMBER>999999*********1168^AMOUNT>282000^CARDNAME>mb account^DESCRIPTION>6MBD2007143^TRANS_DATE>2023-05-16 03:09:38 PM
2023.5.16 09:09:41#38038516090941
2023.5.16 09:09:41#38038516090941
2023.5.16 09:09:41#38038516090941
2023.5.16 09:09:41#38038516090941
2023.5.16 09:09:41#38038516090941
2023.5.16 09:09:41#38038516090941
2023.5.16 09:09:41#=================== Transaction Completed =======================
2023.5.16 09:13:02#=================== Start New Transaction ===================
2023.5.16 09:13:02#txnrefnum:MSC23110545
2023.5.16 09:13:02#clientIp:202.134.10.135
2023.5.16 09:13:02#card type:6
2023.5.16 09:13:02#totalamount:364000
2023.5.16 09:13:05#result:TRANSACTION_ID:mOkduXfpPNde3kdUu9p0EGSjWyw=
2023.5.16 09:13:05#Forward to DBBL Payment Gateway Page: https://ecom1.dutchbanglabank.com/ecomm2/ClientHandler?card_type=6&trans_id=mOkduXfpPNde3kdUu9p0EGSjWyw%3D
2023.5.16 09:13:32#---------------------- Complete New Transaction---------------------
2023.5.16 09:13:32#Get trans_id From Post Value:mOkduXfpPNde3kdUu9p0EGSjWyw=
2023.5.16 09:13:32#clientIp:202.134.10.135
2023.5.16 09:13:32#trans_id:mOkduXfpPNde3kdUu9p0EGSjWyw=
2023.5.16 09:13:34#result:RESULT>OK^RESULT_CODE>000^3DSECURE>SKIPPED^RRN>313609748850^APPROVAL_CODE>536154^CARD_NUMBER>999999*********7532^AMOUNT>364000^CARDNAME>mb account^DESCRIPTION>6MSC23110545^TRANS_DATE>2023-05-16 03:13:31 PM
2023.5.16 09:13:34#52331016091334
2023.5.16 09:13:34#52331016091334
2023.5.16 09:13:34#52331016091334
2023.5.16 09:13:34#52331016091334
2023.5.16 09:13:34#=================== Transaction Completed =======================
2023.5.16 09:14:53#=================== Start New Transaction ===================
2023.5.16 09:14:53#txnrefnum:MSC23110516
2023.5.16 09:14:53#clientIp:202.134.10.135
2023.5.16 09:14:53#card type:6
2023.5.16 09:14:53#totalamount:182000
2023.5.16 09:14:55#result:TRANSACTION_ID:sNHJwLB7WcnsdzPPNdpFvmzS0gk=
2023.5.16 09:14:56#Forward to DBBL Payment Gateway Page: https://ecom1.dutchbanglabank.com/ecomm2/ClientHandler?card_type=6&trans_id=sNHJwLB7WcnsdzPPNdpFvmzS0gk%3D
2023.5.16 09:15:29#---------------------- Complete New Transaction---------------------
2023.5.16 09:15:29#Get trans_id From Post Value:sNHJwLB7WcnsdzPPNdpFvmzS0gk=
2023.5.16 09:15:29#clientIp:202.134.10.135
2023.5.16 09:15:29#trans_id:sNHJwLB7WcnsdzPPNdpFvmzS0gk=
2023.5.16 09:15:31#result:RESULT>OK^RESULT_CODE>000^3DSECURE>SKIPPED^RRN>313609749041^APPROVAL_CODE>802358^CARD_NUMBER>999999*********7532^AMOUNT>182000^CARDNAME>mb account^DESCRIPTION>6MSC23110516^TRANS_DATE>2023-05-16 03:15:28 PM
2023.5.16 09:15:31#52094016091531
2023.5.16 09:15:31#52094016091531
2023.5.16 09:15:31#=================== Transaction Completed =======================
2023.5.16 09:28:03#=================== Start New Transaction ===================
2023.5.16 09:28:03#txnrefnum:MEM2007004
2023.5.16 09:28:03#clientIp:116.58.202.228
2023.5.16 09:28:03#card type:6
2023.5.16 09:28:03#totalamount:212000
2023.5.16 09:28:06#result:TRANSACTION_ID:I3PsXBKYGpIrXQjXWpSGpSL86Pk=
2023.5.16 09:28:06#Forward to DBBL Payment Gateway Page: https://ecom1.dutchbanglabank.com/ecomm2/ClientHandler?card_type=6&trans_id=I3PsXBKYGpIrXQjXWpSGpSL86Pk%3D
2023.5.16 09:28:58#=================== Start New Transaction ===================
2023.5.16 09:28:58#txnrefnum:BBG2103026
2023.5.16 09:28:58#clientIp:181.214.150.8
2023.5.16 09:28:58#card type:6
2023.5.16 09:28:58#totalamount:2000
2023.5.16 09:29:01#result:TRANSACTION_ID:htzMq7ec7tbRAN7KXTtYXxQ5FDA=
2023.5.16 09:29:01#Forward to DBBL Payment Gateway Page: https://ecom1.dutchbanglabank.com/ecomm2/ClientHandler?card_type=6&trans_id=htzMq7ec7tbRAN7KXTtYXxQ5FDA%3D
2023.5.16 10:11:31#=================== Start New Transaction ===================
2023.5.16 10:11:31#txnrefnum:MBM2001048
2023.5.16 10:11:31#clientIp:202.134.14.138
2023.5.16 10:11:31#card type:6
2023.5.16 10:11:31#totalamount:262000
2023.5.16 10:11:34#result:TRANSACTION_ID:57YuAqiPba8rMzslQrHidMIEpWk=
2023.5.16 10:11:34#Forward to DBBL Payment Gateway Page: https://ecom1.dutchbanglabank.com/ecomm2/ClientHandler?card_type=6&trans_id=57YuAqiPba8rMzslQrHidMIEpWk%3D
2023.5.16 10:11:50#---------------------- Complete New Transaction---------------------
2023.5.16 10:11:50#Get trans_id From Post Value:57YuAqiPba8rMzslQrHidMIEpWk=
2023.5.16 10:11:50#clientIp:202.134.14.138
2023.5.16 10:11:50#trans_id:57YuAqiPba8rMzslQrHidMIEpWk=
2023.5.16 10:11:52#result:RESULT>OK^RESULT_CODE>000^3DSECURE>SKIPPED^RRN>313610752764^APPROVAL_CODE>944770^CARD_NUMBER>999999*********7532^AMOUNT>262000^CARDNAME>mb account^DESCRIPTION>6MBM2001048^TRANS_DATE>2023-05-16 04:11:49 PM
2023.5.16 10:11:52#46653616101152
2023.5.16 10:11:52#46653616101152
2023.5.16 10:11:52#46653616101152
2023.5.16 10:11:52#46653616101152
2023.5.16 10:11:52#46653616101152
2023.5.16 10:11:52#46653616101152
2023.5.16 10:11:52#=================== Transaction Completed =======================
2023.5.16 10:20:51#=================== Start New Transaction ===================
2023.5.16 10:20:51#txnrefnum:BBM2206124
2023.5.16 10:20:51#clientIp:114.130.156.215
2023.5.16 10:20:51#card type:6
2023.5.16 10:20:51#totalamount:502000
2023.5.16 10:20:54#result:TRANSACTION_ID:Ex0m4VsBdh2AyQnNuADSbPH2XTo=
2023.5.16 10:20:54#Forward to DBBL Payment Gateway Page: https://ecom1.dutchbanglabank.com/ecomm2/ClientHandler?card_type=6&trans_id=Ex0m4VsBdh2AyQnNuADSbPH2XTo%3D
2023.5.16 10:21:30#---------------------- Complete New Transaction---------------------
2023.5.16 10:21:30#Get trans_id From Post Value:Ex0m4VsBdh2AyQnNuADSbPH2XTo=
2023.5.16 10:21:30#clientIp:114.130.156.215
2023.5.16 10:21:30#trans_id:Ex0m4VsBdh2AyQnNuADSbPH2XTo=
2023.5.16 10:21:32#result:RESULT>OK^RESULT_CODE>000^3DSECURE>SKIPPED^RRN>313610753395^APPROVAL_CODE>046830^CARD_NUMBER>999999*********7410^AMOUNT>502000^CARDNAME>mb account^DESCRIPTION>6BBM2206124^TRANS_DATE>2023-05-16 04:21:29 PM
2023.5.16 10:21:32#42957316102132
2023.5.16 10:21:32#42957316102132
2023.5.16 10:21:32#42957316102132
2023.5.16 10:21:32#42957316102132
2023.5.16 10:21:32#42957316102132
2023.5.16 10:21:32#42957316102132
2023.5.16 10:21:32#42957316102132
2023.5.16 10:21:32#42957316102132
2023.5.16 10:21:32#42957316102132
2023.5.16 10:21:32#42957316102132
2023.5.16 10:21:32#=================== Transaction Completed =======================
2023.5.16 10:22:31#=================== Start New Transaction ===================
2023.5.16 10:22:31#txnrefnum:BBM2201150
2023.5.16 10:22:31#clientIp:114.130.156.215
2023.5.16 10:22:31#card type:6
2023.5.16 10:22:31#totalamount:462000
2023.5.16 10:22:34#result:TRANSACTION_ID:HJvIUpZMMvySCSwFzPzZGHuePTA=
2023.5.16 10:22:34#Forward to DBBL Payment Gateway Page: https://ecom1.dutchbanglabank.com/ecomm2/ClientHandler?card_type=6&trans_id=HJvIUpZMMvySCSwFzPzZGHuePTA%3D
2023.5.16 10:23:09#=================== Start New Transaction ===================
2023.5.16 10:23:09#txnrefnum:BBM2201150
2023.5.16 10:23:09#clientIp:114.130.156.215
2023.5.16 10:23:09#card type:6
2023.5.16 10:23:09#totalamount:462000
2023.5.16 10:23:09#=================== Start New Transaction ===================
2023.5.16 10:23:09#txnrefnum:BBM2201150
2023.5.16 10:23:09#clientIp:114.130.156.215
2023.5.16 10:23:09#card type:6
2023.5.16 10:23:09#totalamount:462000
2023.5.16 10:23:12#result:TRANSACTION_ID:XM57ocAG19tfZSoAUi6tPCZ9sus=
2023.5.16 10:23:12#result:TRANSACTION_ID:mLjUAmx5rxfDI2gNbzjHlISH8GA=
2023.5.16 10:23:12#Forward to DBBL Payment Gateway Page: https://ecom1.dutchbanglabank.com/ecomm2/ClientHandler?card_type=6&trans_id=XM57ocAG19tfZSoAUi6tPCZ9sus%3D
2023.5.16 10:23:12#Forward to DBBL Payment Gateway Page: https://ecom1.dutchbanglabank.com/ecomm2/ClientHandler?card_type=6&trans_id=mLjUAmx5rxfDI2gNbzjHlISH8GA%3D
2023.5.16 10:23:31#---------------------- Complete New Transaction---------------------
2023.5.16 10:23:31#Get trans_id From Post Value:mLjUAmx5rxfDI2gNbzjHlISH8GA=
2023.5.16 10:23:31#clientIp:114.130.156.215
2023.5.16 10:23:31#trans_id:mLjUAmx5rxfDI2gNbzjHlISH8GA=
2023.5.16 10:23:32#result:RESULT>OK^RESULT_CODE>000^3DSECURE>SKIPPED^RRN>313610753497^APPROVAL_CODE>964904^CARD_NUMBER>999999*********7410^AMOUNT>462000^CARDNAME>mb account^DESCRIPTION>6BBM2201150^TRANS_DATE>2023-05-16 04:23:30 PM
2023.5.16 10:23:32#49469716102332
2023.5.16 10:23:33#49469716102332
2023.5.16 10:23:33#49469716102332
2023.5.16 10:23:33#49469716102332
2023.5.16 10:23:33#49469716102332
2023.5.16 10:23:33#49469716102332
2023.5.16 10:23:33#49469716102332
2023.5.16 10:23:33#49469716102332
2023.5.16 10:23:33#49469716102332
2023.5.16 10:23:33#49469716102332
2023.5.16 10:23:33#=================== Transaction Completed =======================
2023.5.16 10:37:25#=================== Start New Transaction ===================
2023.5.16 10:37:25#txnrefnum:BBG2102017
2023.5.16 10:37:25#clientIp:114.130.156.215
2023.5.16 10:37:25#card type:6
2023.5.16 10:37:25#totalamount:262000
2023.5.16 10:37:28#result:TRANSACTION_ID:b1xHXqPZHPR8iPK1JXsLABbtfz0=
2023.5.16 10:37:28#Forward to DBBL Payment Gateway Page: https://ecom1.dutchbanglabank.com/ecomm2/ClientHandler?card_type=6&trans_id=b1xHXqPZHPR8iPK1JXsLABbtfz0%3D
2023.5.16 10:37:59#---------------------- Complete New Transaction---------------------
2023.5.16 10:37:59#Get trans_id From Post Value:b1xHXqPZHPR8iPK1JXsLABbtfz0=
2023.5.16 10:37:59#clientIp:114.130.156.215
2023.5.16 10:37:59#trans_id:b1xHXqPZHPR8iPK1JXsLABbtfz0=
2023.5.16 10:38:00#result:RESULT>OK^RESULT_CODE>000^3DSECURE>SKIPPED^RRN>313610754374^APPROVAL_CODE>971308^CARD_NUMBER>999999*********7410^AMOUNT>262000^CARDNAME>mb account^DESCRIPTION>6BBG2102017^TRANS_DATE>2023-05-16 04:37:57 PM
2023.5.16 10:38:00#46321316103800
2023.5.16 10:38:00#46321316103800
2023.5.16 10:38:00#46321316103800
2023.5.16 10:38:01#46321316103800
2023.5.16 10:38:01#46321316103800
2023.5.16 10:38:01#46321316103800
2023.5.16 10:38:01#=================== Transaction Completed =======================
2023.5.16 10:39:32#=================== Start New Transaction ===================
2023.5.16 10:39:32#txnrefnum:BBM2207076
2023.5.16 10:39:32#clientIp:114.130.156.215
2023.5.16 10:39:32#card type:6
2023.5.16 10:39:32#totalamount:382000
2023.5.16 10:39:35#result:TRANSACTION_ID:V6RlasragcOD5DcPSSS5DjPSeGk=
2023.5.16 10:39:35#Forward to DBBL Payment Gateway Page: https://ecom1.dutchbanglabank.com/ecomm2/ClientHandler?card_type=6&trans_id=V6RlasragcOD5DcPSSS5DjPSeGk%3D
2023.5.16 10:39:58#---------------------- Complete New Transaction---------------------
2023.5.16 10:39:58#Get trans_id From Post Value:V6RlasragcOD5DcPSSS5DjPSeGk=
2023.5.16 10:39:58#clientIp:114.130.156.215
2023.5.16 10:39:58#trans_id:V6RlasragcOD5DcPSSS5DjPSeGk=
2023.5.16 10:40:00#result:RESULT>OK^RESULT_CODE>000^3DSECURE>SKIPPED^RRN>313610754491^APPROVAL_CODE>973121^CARD_NUMBER>999999*********7410^AMOUNT>382000^CARDNAME>mb account^DESCRIPTION>6BBM2207076^TRANS_DATE>2023-05-16 04:39:57 PM
2023.5.16 10:40:00#41374516104000
2023.5.16 10:40:00#41374516104000
2023.5.16 10:40:00#41374516104000
2023.5.16 10:40:00#41374516104000
2023.5.16 10:40:00#41374516104000
2023.5.16 10:40:00#41374516104000
2023.5.16 10:40:00#41374516104000
2023.5.16 10:40:00#41374516104000
2023.5.16 10:40:00#=================== Transaction Completed =======================
2023.5.16 11:29:16#=================== Start New Transaction ===================
2023.5.16 11:29:16#txnrefnum:MBG2106015
2023.5.16 11:29:16#clientIp:103.183.69.53
2023.5.16 11:29:16#card type:6
2023.5.16 11:29:16#totalamount:282000
2023.5.16 11:29:21#result:TRANSACTION_ID:cvzPWS1S6dvwQbPv6ssxwNNFfaE=
2023.5.16 11:29:22#Forward to DBBL Payment Gateway Page: https://ecom1.dutchbanglabank.com/ecomm2/ClientHandler?card_type=6&trans_id=cvzPWS1S6dvwQbPv6ssxwNNFfaE%3D
2023.5.16 11:35:27#=================== Start New Transaction ===================
2023.5.16 11:35:27#txnrefnum:MBG2106015
2023.5.16 11:35:27#clientIp:103.183.69.53
2023.5.16 11:35:27#card type:6
2023.5.16 11:35:27#totalamount:282000
2023.5.16 11:35:30#result:TRANSACTION_ID:W57QSGaISRVbnvLcxetoSsISjgM=
2023.5.16 11:35:30#Forward to DBBL Payment Gateway Page: https://ecom1.dutchbanglabank.com/ecomm2/ClientHandler?card_type=6&trans_id=W57QSGaISRVbnvLcxetoSsISjgM%3D
2023.5.16 11:36:30#=================== Start New Transaction ===================
2023.5.16 11:36:30#txnrefnum:BBM2003130
2023.5.16 11:36:30#clientIp:114.130.156.215
2023.5.16 11:36:30#card type:6
2023.5.16 11:36:30#totalamount:402000
2023.5.16 11:36:33#result:TRANSACTION_ID:BSDXLmP8JYSA6liDtDACMlcjJrM=
2023.5.16 11:36:33#Forward to DBBL Payment Gateway Page: https://ecom1.dutchbanglabank.com/ecomm2/ClientHandler?card_type=6&trans_id=BSDXLmP8JYSA6liDtDACMlcjJrM%3D
2023.5.16 11:36:54#---------------------- Complete New Transaction---------------------
2023.5.16 11:36:54#Get trans_id From Post Value:BSDXLmP8JYSA6liDtDACMlcjJrM=
2023.5.16 11:36:54#clientIp:114.130.156.215
2023.5.16 11:36:54#trans_id:BSDXLmP8JYSA6liDtDACMlcjJrM=
2023.5.16 11:36:56#result:RESULT>OK^RESULT_CODE>000^3DSECURE>SKIPPED^RRN>313611758161^APPROVAL_CODE>235634^CARD_NUMBER>999999*********6175^AMOUNT>402000^CARDNAME>mb account^DESCRIPTION>6BBM2003130^TRANS_DATE>2023-05-16 05:36:53 PM
2023.5.16 11:36:56#44639716113656
2023.5.16 11:36:56#44639716113656
2023.5.16 11:36:56#44639716113656
2023.5.16 11:36:56#44639716113656
2023.5.16 11:36:56#44639716113656
2023.5.16 11:36:56#44639716113656
2023.5.16 11:36:56#44639716113656
2023.5.16 11:36:56#44639716113656
2023.5.16 11:36:56#=================== Transaction Completed =======================
2023.5.16 11:40:39#=================== Start New Transaction ===================
2023.5.16 11:40:39#txnrefnum:BBM2309032
2023.5.16 11:40:39#clientIp:114.130.156.215
2023.5.16 11:40:39#card type:6
2023.5.16 11:40:39#totalamount:282000
2023.5.16 11:40:42#result:TRANSACTION_ID:mJJVFXTneOr8RESXUPwFb5WlS9o=
2023.5.16 11:40:42#Forward to DBBL Payment Gateway Page: https://ecom1.dutchbanglabank.com/ecomm2/ClientHandler?card_type=6&trans_id=mJJVFXTneOr8RESXUPwFb5WlS9o%3D
2023.5.16 11:41:00#---------------------- Complete New Transaction---------------------
2023.5.16 11:41:00#Get trans_id From Post Value:mJJVFXTneOr8RESXUPwFb5WlS9o=
2023.5.16 11:41:00#clientIp:114.130.156.215
2023.5.16 11:41:00#trans_id:mJJVFXTneOr8RESXUPwFb5WlS9o=
2023.5.16 11:41:02#result:RESULT>OK^RESULT_CODE>000^3DSECURE>SKIPPED^RRN>313611758449^APPROVAL_CODE>391334^CARD_NUMBER>999999*********6175^AMOUNT>282000^CARDNAME>mb account^DESCRIPTION>6BBM2309032^TRANS_DATE>2023-05-16 05:40:59 PM
2023.5.16 11:41:02#40868116114102
2023.5.16 11:41:02#40868116114102
2023.5.16 11:41:02#40868116114102
2023.5.16 11:41:02#40868116114102
2023.5.16 11:41:02#40868116114102
2023.5.16 11:41:02#40868116114102
2023.5.16 11:41:02#=================== Transaction Completed =======================
2023.5.16 11:41:18#=================== Start New Transaction ===================
2023.5.16 11:41:18#txnrefnum:MBG2106015
2023.5.16 11:41:18#clientIp:103.183.69.53
2023.5.16 11:41:18#card type:6
2023.5.16 11:41:18#totalamount:282000
2023.5.16 11:41:20#result:TRANSACTION_ID:It525i8YWYSJTGiLgyRyElPTQvE=
2023.5.16 11:41:21#Forward to DBBL Payment Gateway Page: https://ecom1.dutchbanglabank.com/ecomm2/ClientHandler?card_type=6&trans_id=It525i8YWYSJTGiLgyRyElPTQvE%3D
2023.5.16 11:42:47#=================== Start New Transaction ===================
2023.5.16 11:42:47#txnrefnum:BBM2303036
2023.5.16 11:42:47#clientIp:114.130.156.215
2023.5.16 11:42:47#card type:6
2023.5.16 11:42:47#totalamount:262000
2023.5.16 11:42:50#result:TRANSACTION_ID:K6yiVCSmfgV1kkgZsPPgo4ML6aY=
2023.5.16 11:42:50#Forward to DBBL Payment Gateway Page: https://ecom1.dutchbanglabank.com/ecomm2/ClientHandler?card_type=6&trans_id=K6yiVCSmfgV1kkgZsPPgo4ML6aY%3D
2023.5.16 11:43:07#---------------------- Complete New Transaction---------------------
2023.5.16 11:43:07#Get trans_id From Post Value:K6yiVCSmfgV1kkgZsPPgo4ML6aY=
2023.5.16 11:43:07#clientIp:114.130.156.215
2023.5.16 11:43:07#trans_id:K6yiVCSmfgV1kkgZsPPgo4ML6aY=
2023.5.16 11:43:08#result:RESULT>OK^RESULT_CODE>000^3DSECURE>SKIPPED^RRN>313611758597^APPROVAL_CODE>398657^CARD_NUMBER>999999*********6175^AMOUNT>262000^CARDNAME>mb account^DESCRIPTION>6BBM2303036^TRANS_DATE>2023-05-16 05:43:06 PM
2023.5.16 11:43:09#51201616114308
2023.5.16 11:43:09#51201616114308
2023.5.16 11:43:09#51201616114308
2023.5.16 11:43:09#51201616114308
2023.5.16 11:43:09#51201616114308
2023.5.16 11:43:09#51201616114308
2023.5.16 11:43:09#=================== Transaction Completed =======================
2023.5.16 11:46:36#=================== Start New Transaction ===================
2023.5.16 11:46:36#txnrefnum:BBM2004066
2023.5.16 11:46:36#clientIp:114.130.156.215
2023.5.16 11:46:36#card type:6
2023.5.16 11:46:36#totalamount:1122000
2023.5.16 11:46:36#=================== Start New Transaction ===================
2023.5.16 11:46:36#txnrefnum:BBM2004066
2023.5.16 11:46:36#clientIp:114.130.156.215
2023.5.16 11:46:36#card type:6
2023.5.16 11:46:36#totalamount:1122000
2023.5.16 11:46:39#result:TRANSACTION_ID:NHn8FoiQTAlNwv0SlhyXv0iH99I=
2023.5.16 11:46:39#result:TRANSACTION_ID:GiFbjmKoYPnGB48s5yqACVsyLRc=
2023.5.16 11:46:39#Forward to DBBL Payment Gateway Page: https://ecom1.dutchbanglabank.com/ecomm2/ClientHandler?card_type=6&trans_id=NHn8FoiQTAlNwv0SlhyXv0iH99I%3D
2023.5.16 11:46:39#Forward to DBBL Payment Gateway Page: https://ecom1.dutchbanglabank.com/ecomm2/ClientHandler?card_type=6&trans_id=GiFbjmKoYPnGB48s5yqACVsyLRc%3D
2023.5.16 11:47:10#---------------------- Complete New Transaction---------------------
2023.5.16 11:47:10#Get trans_id From Post Value:GiFbjmKoYPnGB48s5yqACVsyLRc=
2023.5.16 11:47:10#clientIp:114.130.156.215
2023.5.16 11:47:10#trans_id:GiFbjmKoYPnGB48s5yqACVsyLRc=
2023.5.16 11:47:11#result:RESULT>OK^RESULT_CODE>000^3DSECURE>SKIPPED^RRN>313611758919^APPROVAL_CODE>335922^CARD_NUMBER>999999*********6175^AMOUNT>1122000^CARDNAME>mb account^DESCRIPTION>6BBM2004066^TRANS_DATE>2023-05-16 05:47:09 PM
2023.5.16 11:47:12#51561416114711
2023.5.16 11:47:12#51561416114711
2023.5.16 11:47:12#51561416114711
2023.5.16 11:47:12#51561416114711
2023.5.16 11:47:12#51561416114711
2023.5.16 11:47:12#51561416114711
2023.5.16 11:47:12#51561416114711
2023.5.16 11:47:12#51561416114711
2023.5.16 11:47:12#51561416114711
2023.5.16 11:47:12#51561416114711
2023.5.16 11:47:12#51561416114711
2023.5.16 11:47:12#51561416114711
2023.5.16 11:47:12#=================== Transaction Completed =======================
2023.5.16 11:51:26#=================== Start New Transaction ===================
2023.5.16 11:51:26#txnrefnum:MEM2301147
2023.5.16 11:51:26#clientIp:103.144.201.48
2023.5.16 11:51:26#card type:6
2023.5.16 11:51:26#totalamount:262000
2023.5.16 11:51:29#result:TRANSACTION_ID:HEejLjQYL7OlJ5EALVZLgPuOmHw=
2023.5.16 11:51:29#Forward to DBBL Payment Gateway Page: https://ecom1.dutchbanglabank.com/ecomm2/ClientHandler?card_type=6&trans_id=HEejLjQYL7OlJ5EALVZLgPuOmHw%3D
2023.5.16 11:51:56#---------------------- Complete New Transaction---------------------
2023.5.16 11:51:56#Get trans_id From Post Value:HEejLjQYL7OlJ5EALVZLgPuOmHw=
2023.5.16 11:51:56#clientIp:103.144.201.48
2023.5.16 11:51:56#trans_id:HEejLjQYL7OlJ5EALVZLgPuOmHw=
2023.5.16 11:51:58#result:RESULT>OK^RESULT_CODE>000^3DSECURE>SKIPPED^RRN>313611759273^APPROVAL_CODE>340251^CARD_NUMBER>999999*********8981^AMOUNT>262000^CARDNAME>mb account^DESCRIPTION>6MEM2301147^TRANS_DATE>2023-05-16 05:51:56 PM
2023.5.16 11:51:58#48765616115158
2023.5.16 11:51:58#48765616115158
2023.5.16 11:51:58#48765616115158
2023.5.16 11:51:58#48765616115158
2023.5.16 11:51:58#=================== Transaction Completed =======================
2023.5.16 12:11:56#=================== Start New Transaction ===================
2023.5.16 12:11:56#txnrefnum:MBM2006224
2023.5.16 12:11:56#clientIp:43.224.109.201
2023.5.16 12:11:56#card type:6
2023.5.16 12:11:56#totalamount:282000
2023.5.16 12:11:58#result:TRANSACTION_ID:a6ilri18SRZCP58pfEZFtAzTqUo=
2023.5.16 12:11:59#Forward to DBBL Payment Gateway Page: https://ecom1.dutchbanglabank.com/ecomm2/ClientHandler?card_type=6&trans_id=a6ilri18SRZCP58pfEZFtAzTqUo%3D
2023.5.16 12:13:16#---------------------- Complete New Transaction---------------------
2023.5.16 12:13:16#Get trans_id From Post Value:a6ilri18SRZCP58pfEZFtAzTqUo=
2023.5.16 12:13:16#clientIp:43.224.109.201
2023.5.16 12:13:16#trans_id:a6ilri18SRZCP58pfEZFtAzTqUo=
2023.5.16 12:13:18#result:RESULT>OK^RESULT_CODE>000^3DSECURE>SKIPPED^RRN>313612760764^APPROVAL_CODE>480057^CARD_NUMBER>999999*********2985^AMOUNT>282000^CARDNAME>mb account^DESCRIPTION>6MBM2006224^TRANS_DATE>2023-05-16 06:13:15 PM
2023.5.16 12:13:18#39680516121318
2023.5.16 12:13:18#39680516121318
2023.5.16 12:13:18#39680516121318
2023.5.16 12:13:18#39680516121318
2023.5.16 12:13:18#39680516121318
2023.5.16 12:13:18#39680516121318
2023.5.16 12:13:18#=================== Transaction Completed =======================
2023.5.16 12:21:39#=================== Start New Transaction ===================
2023.5.16 12:21:39#txnrefnum:MBM2007229
2023.5.16 12:21:39#clientIp:43.224.109.201
2023.5.16 12:21:39#card type:6
2023.5.16 12:21:39#totalamount:282000
2023.5.16 12:21:41#result:TRANSACTION_ID:n2MAlPoHzZi3xyzc9yiPmL9gkH0=
2023.5.16 12:21:42#Forward to DBBL Payment Gateway Page: https://ecom1.dutchbanglabank.com/ecomm2/ClientHandler?card_type=6&trans_id=n2MAlPoHzZi3xyzc9yiPmL9gkH0%3D
2023.5.16 12:22:26#---------------------- Complete New Transaction---------------------
2023.5.16 12:22:26#Get trans_id From Post Value:n2MAlPoHzZi3xyzc9yiPmL9gkH0=
2023.5.16 12:22:26#clientIp:43.224.109.201
2023.5.16 12:22:26#trans_id:n2MAlPoHzZi3xyzc9yiPmL9gkH0=
2023.5.16 12:22:28#result:RESULT>OK^RESULT_CODE>000^3DSECURE>SKIPPED^RRN>313612761392^APPROVAL_CODE>606751^CARD_NUMBER>999999*********2985^AMOUNT>282000^CARDNAME>mb account^DESCRIPTION>6MBM2007229^TRANS_DATE>2023-05-16 06:22:25 PM
2023.5.16 12:22:28#38546516122228
2023.5.16 12:22:28#38546516122228
2023.5.16 12:22:28#38546516122228
2023.5.16 12:22:28#38546516122228
2023.5.16 12:22:28#38546516122228
2023.5.16 12:22:28#38546516122228
2023.5.16 12:22:28#=================== Transaction Completed =======================
2023.5.16 12:24:59#=================== Start New Transaction ===================
2023.5.16 12:24:59#txnrefnum:MBD2005056
2023.5.16 12:24:59#clientIp:45.127.245.84
2023.5.16 12:24:59#card type:6
2023.5.16 12:24:59#totalamount:282000
2023.5.16 12:25:02#result:TRANSACTION_ID:lBOTPSKItKD070vX65QwPSvwDS8=
2023.5.16 12:25:02#Forward to DBBL Payment Gateway Page: https://ecom1.dutchbanglabank.com/ecomm2/ClientHandler?card_type=6&trans_id=lBOTPSKItKD070vX65QwPSvwDS8%3D
2023.5.16 12:26:10#---------------------- Complete New Transaction---------------------
2023.5.16 12:26:10#Get trans_id From Post Value:lBOTPSKItKD070vX65QwPSvwDS8=
2023.5.16 12:26:10#clientIp:45.127.245.84
2023.5.16 12:26:10#trans_id:lBOTPSKItKD070vX65QwPSvwDS8=
2023.5.16 12:26:12#result:RESULT>OK^RESULT_CODE>000^3DSECURE>SKIPPED^RRN>313612761632^APPROVAL_CODE>617702^CARD_NUMBER>999999*********4245^AMOUNT>282000^CARDNAME>mb account^DESCRIPTION>6MBD2005056^TRANS_DATE>2023-05-16 06:26:09 PM
2023.5.16 12:26:12#41588516122612
2023.5.16 12:26:12#41588516122612
2023.5.16 12:26:12#41588516122612
2023.5.16 12:26:12#41588516122612
2023.5.16 12:26:12#41588516122612
2023.5.16 12:26:12#41588516122612
2023.5.16 12:26:12#=================== Transaction Completed =======================
2023.5.16 12:48:26#=================== Start New Transaction ===================
2023.5.16 12:48:26#txnrefnum:MBM2201443
2023.5.16 12:48:26#clientIp:103.112.54.238
2023.5.16 12:48:26#card type:6
2023.5.16 12:48:26#totalamount:262000
2023.5.16 12:48:29#result:TRANSACTION_ID:PiKFmGVGWYZ3ZnA6hTobP1CoAVo=
2023.5.16 12:48:29#Forward to DBBL Payment Gateway Page: https://ecom1.dutchbanglabank.com/ecomm2/ClientHandler?card_type=6&trans_id=PiKFmGVGWYZ3ZnA6hTobP1CoAVo%3D
2023.5.16 12:49:27#---------------------- Complete New Transaction---------------------
2023.5.16 12:49:27#Get trans_id From Post Value:PiKFmGVGWYZ3ZnA6hTobP1CoAVo=
2023.5.16 12:49:27#clientIp:103.112.54.238
2023.5.16 12:49:27#trans_id:PiKFmGVGWYZ3ZnA6hTobP1CoAVo=
2023.5.16 12:49:28#result:RESULT>OK^RESULT_CODE>000^3DSECURE>SKIPPED^RRN>313612763221^APPROVAL_CODE>739297^CARD_NUMBER>999999*********1850^AMOUNT>262000^CARDNAME>mb account^DESCRIPTION>6MBM2201443^TRANS_DATE>2023-05-16 06:49:26 PM
2023.5.16 12:49:28#49596916124928
2023.5.16 12:49:29#49596916124928
2023.5.16 12:49:29#49596916124928
2023.5.16 12:49:29#49596916124928
2023.5.16 12:49:29#49596916124928
2023.5.16 12:49:29#49596916124928
2023.5.16 12:49:29#=================== Transaction Completed =======================
2023.5.16 13:13:44#=================== Start New Transaction ===================
2023.5.16 13:13:44#txnrefnum:MSC23111021
2023.5.16 13:13:44#clientIp:114.130.157.209
2023.5.16 13:13:44#card type:6
2023.5.16 13:13:44#totalamount:370000
2023.5.16 13:13:47#result:TRANSACTION_ID:B6Zb1JhX8BgSWWlccyck5Nkzvjc=
2023.5.16 13:13:47#Forward to DBBL Payment Gateway Page: https://ecom1.dutchbanglabank.com/ecomm2/ClientHandler?card_type=6&trans_id=B6Zb1JhX8BgSWWlccyck5Nkzvjc%3D
2023.5.16 13:14:11#---------------------- Complete New Transaction---------------------
2023.5.16 13:14:11#Get trans_id From Post Value:B6Zb1JhX8BgSWWlccyck5Nkzvjc=
2023.5.16 13:14:11#clientIp:114.130.157.209
2023.5.16 13:14:11#trans_id:B6Zb1JhX8BgSWWlccyck5Nkzvjc=
2023.5.16 13:14:12#result:RESULT>OK^RESULT_CODE>000^3DSECURE>SKIPPED^RRN>313613764663^APPROVAL_CODE>909402^CARD_NUMBER>999999*********7394^AMOUNT>370000^CARDNAME>mb account^DESCRIPTION>6MSC23111021^TRANS_DATE>2023-05-16 07:14:10 PM
2023.5.16 13:14:12#51996816011412
2023.5.16 13:14:13#51996816011412
2023.5.16 13:14:13#51996816011412
2023.5.16 13:14:13#51996816011412
2023.5.16 13:14:13#51996816011412
2023.5.16 13:14:13#51996816011412
2023.5.16 13:14:13#=================== Transaction Completed =======================
2023.5.16 13:38:09#=================== Start New Transaction ===================
2023.5.16 13:38:09#txnrefnum:MSC22110001
2023.5.16 13:38:09#clientIp:43.224.109.199
2023.5.16 13:38:09#card type:6
2023.5.16 13:38:09#totalamount:682000
2023.5.16 13:38:12#result:TRANSACTION_ID:4NBdx3WsAPPdqfygbyAnidCS08w=
2023.5.16 13:38:12#Forward to DBBL Payment Gateway Page: https://ecom1.dutchbanglabank.com/ecomm2/ClientHandler?card_type=6&trans_id=4NBdx3WsAPPdqfygbyAnidCS08w%3D
2023.5.16 13:40:01#---------------------- Complete New Transaction---------------------
2023.5.16 13:40:01#Get trans_id From Post Value:4NBdx3WsAPPdqfygbyAnidCS08w=
2023.5.16 13:40:01#clientIp:43.224.109.199
2023.5.16 13:40:01#trans_id:4NBdx3WsAPPdqfygbyAnidCS08w=
2023.5.16 13:40:02#result:RESULT>OK^RESULT_CODE>000^3DSECURE>SKIPPED^RRN>313613766585^APPROVAL_CODE>046770^CARD_NUMBER>999999*********0055^AMOUNT>682000^CARDNAME>mb account^DESCRIPTION>6MSC22110001^TRANS_DATE>2023-05-16 07:39:57 PM
2023.5.16 13:40:02#33665216014002
2023.5.16 13:40:03#33665216014002
2023.5.16 13:40:03#33665216014002
2023.5.16 13:40:03#33665216014002
2023.5.16 13:40:03#33665216014002
2023.5.16 13:40:03#33665216014002
2023.5.16 13:40:03#33665216014002
2023.5.16 13:40:03#33665216014002
2023.5.16 13:40:03#33665216014002
2023.5.16 13:40:03#33665216014002
2023.5.16 13:40:03#=================== Transaction Completed =======================
2023.5.16 13:40:42#=================== Start New Transaction ===================
2023.5.16 13:40:42#txnrefnum:MBM2006272
2023.5.16 13:40:42#clientIp:103.166.89.91
2023.5.16 13:40:42#card type:6
2023.5.16 13:40:42#totalamount:2000
2023.5.16 13:40:44#result:TRANSACTION_ID:LYT4lHRFle0OPOHeFpPlJBnvhFk=
2023.5.16 13:40:44#Forward to DBBL Payment Gateway Page: https://ecom1.dutchbanglabank.com/ecomm2/ClientHandler?card_type=6&trans_id=LYT4lHRFle0OPOHeFpPlJBnvhFk%3D
2023.5.16 13:57:36#=================== Start New Transaction ===================
2023.5.16 13:57:36#txnrefnum:MBM2004028
2023.5.16 13:57:36#clientIp:103.149.56.27
2023.5.16 13:57:36#card type:6
2023.5.16 13:57:36#totalamount:2000
2023.5.16 13:57:39#result:TRANSACTION_ID:PZ5SUDjxp7qexyYgp9VZl7kNgyk=
2023.5.16 13:57:39#Forward to DBBL Payment Gateway Page: https://ecom1.dutchbanglabank.com/ecomm2/ClientHandler?card_type=6&trans_id=PZ5SUDjxp7qexyYgp9VZl7kNgyk%3D
2023.5.16 13:57:52#=================== Start New Transaction ===================
2023.5.16 13:57:52#txnrefnum:MBM2004028
2023.5.16 13:57:52#clientIp:103.149.56.27
2023.5.16 13:57:52#card type:6
2023.5.16 13:57:52#totalamount:2000
2023.5.16 13:57:54#result:TRANSACTION_ID:LdCIu0JrpGeNbYX9m0L2Og7WDBM=
2023.5.16 13:57:55#Forward to DBBL Payment Gateway Page: https://ecom1.dutchbanglabank.com/ecomm2/ClientHandler?card_type=6&trans_id=LdCIu0JrpGeNbYX9m0L2Og7WDBM%3D
2023.5.16 14:10:44#=================== Start New Transaction ===================
2023.5.16 14:10:44#txnrefnum:MBM2007116
2023.5.16 14:10:44#clientIp:103.149.56.27
2023.5.16 14:10:44#card type:6
2023.5.16 14:10:44#totalamount:2000
2023.5.16 14:10:47#result:TRANSACTION_ID:bfrAuN4r1G6jOT05LsvMmX3Rsj8=
2023.5.16 14:10:47#Forward to DBBL Payment Gateway Page: https://ecom1.dutchbanglabank.com/ecomm2/ClientHandler?card_type=6&trans_id=bfrAuN4r1G6jOT05LsvMmX3Rsj8%3D
2023.5.16 14:35:11#=================== Start New Transaction ===================
2023.5.16 14:35:11#txnrefnum:MBD2002211
2023.5.16 14:35:11#clientIp:103.149.147.141
2023.5.16 14:35:11#card type:6
2023.5.16 14:35:11#totalamount:1222000
2023.5.16 14:35:16#result:TRANSACTION_ID:dtwLRuqyOMbnNNwiFR0134oaTYs=
2023.5.16 14:35:17#Forward to DBBL Payment Gateway Page: https://ecom1.dutchbanglabank.com/ecomm2/ClientHandler?card_type=6&trans_id=dtwLRuqyOMbnNNwiFR0134oaTYs%3D
2023.5.16 14:35:34#=================== Start New Transaction ===================
2023.5.16 14:35:34#txnrefnum:MBD2002211
2023.5.16 14:35:34#clientIp:103.149.147.141
2023.5.16 14:35:34#card type:6
2023.5.16 14:35:34#totalamount:2102000
2023.5.16 14:35:37#result:TRANSACTION_ID:9KIMaSeMBIKH0PFgbag8PybGRSM=
2023.5.16 14:35:37#Forward to DBBL Payment Gateway Page: https://ecom1.dutchbanglabank.com/ecomm2/ClientHandler?card_type=6&trans_id=9KIMaSeMBIKH0PFgbag8PybGRSM%3D
2023.5.16 14:50:52#=================== Start New Transaction ===================
2023.5.16 14:50:52#txnrefnum:MBD2005136
2023.5.16 14:50:52#clientIp:103.149.147.136
2023.5.16 14:50:52#card type:6
2023.5.16 14:50:52#totalamount:682000
2023.5.16 14:50:55#result:TRANSACTION_ID:WfzLvjSEA1FIhfgBjkmuH1OqrNA=
2023.5.16 14:50:55#Forward to DBBL Payment Gateway Page: https://ecom1.dutchbanglabank.com/ecomm2/ClientHandler?card_type=6&trans_id=WfzLvjSEA1FIhfgBjkmuH1OqrNA%3D
2023.5.16 14:55:57#---------------------- Complete New Transaction---------------------
2023.5.16 14:55:57#Get trans_id From Post Value:WfzLvjSEA1FIhfgBjkmuH1OqrNA=
2023.5.16 14:55:57#clientIp:103.149.147.136
2023.5.16 14:55:57#trans_id:WfzLvjSEA1FIhfgBjkmuH1OqrNA=
2023.5.16 14:55:59#result:RESULT>TIMEOUT^RESULT_CODE>999^3DSECURE>0^RRN>0^APPROVAL_CODE>0^CARD_NUMBER>0^AMOUNT>682000^CARDNAME>0^DESCRIPTION>6MBD2005136^TRANS_DATE>2023-05-16 08:55:56 PM
2023.5.16 14:55:59#Failed
2023.5.16 14:57:30#=================== Start New Transaction ===================
2023.5.16 14:57:30#txnrefnum:MBD2005136
2023.5.16 14:57:30#clientIp:103.149.147.136
2023.5.16 14:57:30#card type:6
2023.5.16 14:57:30#totalamount:682000
2023.5.16 14:57:32#result:TRANSACTION_ID:oH71phUNQFv4ghiKjpruP83sOVA=
2023.5.16 14:57:33#Forward to DBBL Payment Gateway Page: https://ecom1.dutchbanglabank.com/ecomm2/ClientHandler?card_type=6&trans_id=oH71phUNQFv4ghiKjpruP83sOVA%3D
2023.5.16 15:02:04#=================== Start New Transaction ===================
2023.5.16 15:02:04#txnrefnum:BBM2301174
2023.5.16 15:02:04#clientIp:103.237.37.212
2023.5.16 15:02:04#card type:6
2023.5.16 15:02:04#totalamount:2000
2023.5.16 15:02:07#result:TRANSACTION_ID:nJSgPNbI8NICGixNi7WlOTm1nIs=
2023.5.16 15:02:07#Forward to DBBL Payment Gateway Page: https://ecom1.dutchbanglabank.com/ecomm2/ClientHandler?card_type=6&trans_id=nJSgPNbI8NICGixNi7WlOTm1nIs%3D
2023.5.16 15:04:00#=================== Start New Transaction ===================
2023.5.16 15:04:00#txnrefnum:MBD2005136
2023.5.16 15:04:00#clientIp:103.149.147.136
2023.5.16 15:04:00#card type:6
2023.5.16 15:04:00#totalamount:682000
2023.5.16 15:04:03#result:TRANSACTION_ID:GOwHVtPDwtTUjvmRnpPBKcScRvA=
2023.5.16 15:04:03#Forward to DBBL Payment Gateway Page: https://ecom1.dutchbanglabank.com/ecomm2/ClientHandler?card_type=6&trans_id=GOwHVtPDwtTUjvmRnpPBKcScRvA%3D
2023.5.16 15:05:35#---------------------- Complete New Transaction---------------------
2023.5.16 15:05:35#Get trans_id From Post Value:GOwHVtPDwtTUjvmRnpPBKcScRvA=
2023.5.16 15:05:35#clientIp:103.149.147.136
2023.5.16 15:05:35#trans_id:GOwHVtPDwtTUjvmRnpPBKcScRvA=
2023.5.16 15:05:37#result:RESULT>OK^RESULT_CODE>000^3DSECURE>SKIPPED^RRN>313615772105^APPROVAL_CODE>563594^CARD_NUMBER>999999*********3028^AMOUNT>682000^CARDNAME>mb account^DESCRIPTION>6MBD2005136^TRANS_DATE>2023-05-16 09:05:34 PM
2023.5.16 15:05:37#41654116030537
2023.5.16 15:05:37#41654116030537
2023.5.16 15:05:37#41654116030537
2023.5.16 15:05:37#41654116030537
2023.5.16 15:05:37#41654116030537
2023.5.16 15:05:37#41654116030537
2023.5.16 15:05:37#41654116030537
2023.5.16 15:05:37#41654116030537
2023.5.16 15:05:37#41654116030537
2023.5.16 15:05:37#41654116030537
2023.5.16 15:05:37#41654116030537
2023.5.16 15:05:37#41654116030537
2023.5.16 15:05:37#41654116030537
2023.5.16 15:05:38#41654116030537
2023.5.16 15:05:38#=================== Transaction Completed =======================
2023.5.16 17:53:35#=================== Start New Transaction ===================
2023.5.16 17:53:35#txnrefnum:MEM2007004
2023.5.16 17:53:35#clientIp:116.58.202.228
2023.5.16 17:53:35#card type:6
2023.5.16 17:53:35#totalamount:212000
2023.5.16 17:53:38#result:TRANSACTION_ID:h51hie8FQViI0kK5v92UKNCLG70=
2023.5.16 17:53:38#Forward to DBBL Payment Gateway Page: https://ecom1.dutchbanglabank.com/ecomm2/ClientHandler?card_type=6&trans_id=h51hie8FQViI0kK5v92UKNCLG70%3D
2023.5.16 17:56:30#=================== Start New Transaction ===================
2023.5.16 17:56:30#txnrefnum:MEM2007004
2023.5.16 17:56:30#clientIp:116.58.202.228
2023.5.16 17:56:30#card type:6
2023.5.16 17:56:30#totalamount:212000
2023.5.16 17:56:33#result:TRANSACTION_ID:boIXS2ofiriTbAwAbTrylUhmdwE=
2023.5.16 17:56:33#Forward to DBBL Payment Gateway Page: https://ecom1.dutchbanglabank.com/ecomm2/ClientHandler?card_type=6&trans_id=boIXS2ofiriTbAwAbTrylUhmdwE%3D
2023.5.16 18:03:39#=================== Start New Transaction ===================
2023.5.16 18:03:39#txnrefnum:MBM2006306
2023.5.16 18:03:39#clientIp:37.111.203.170
2023.5.16 18:03:39#card type:6
2023.5.16 18:03:39#totalamount:2000
2023.5.16 18:03:42#result:TRANSACTION_ID:TPTiWaszdGqQkTZwY0ZQpU9A8V4=
2023.5.16 18:03:42#Forward to DBBL Payment Gateway Page: https://ecom1.dutchbanglabank.com/ecomm2/ClientHandler?card_type=6&trans_id=TPTiWaszdGqQkTZwY0ZQpU9A8V4%3D