
2023.4.15 06:18:40#=================== Start New Transaction ===================
2023.4.15 06:18:40#txnrefnum:BBG2106034
2023.4.15 06:18:40#clientIp:103.149.56.24
2023.4.15 06:18:40#card type:6
2023.4.15 06:18:40#totalamount:202000
2023.4.15 06:18:43#result:TRANSACTION_ID:mgsPXxQ2S1vuEWOJSxEha1zKGD8=
2023.4.15 06:18:43#Forward to DBBL Payment Gateway Page: https://ecom1.dutchbanglabank.com/ecomm2/ClientHandler?card_type=6&trans_id=mgsPXxQ2S1vuEWOJSxEha1zKGD8%3D
2023.4.15 06:21:02#---------------------- Complete New Transaction---------------------
2023.4.15 06:21:02#Get trans_id From Post Value:mgsPXxQ2S1vuEWOJSxEha1zKGD8=
2023.4.15 06:21:04#clientIp:103.149.56.24
2023.4.15 06:21:04#trans_id:mgsPXxQ2S1vuEWOJSxEha1zKGD8=
2023.4.15 06:21:06#result:RESULT>FAILED^RESULT_CODE>116^3DSECURE>SKIPPED^RRN>310506451713^APPROVAL_CODE>0^CARD_NUMBER>999999*********5913^AMOUNT>202000^CARDNAME>mb account^DESCRIPTION>6BBG2106034^TRANS_DATE>2023-04-15 12:21:01 PM
2023.4.15 06:21:06#Not Sufficient Amount
2023.4.15 06:21:23#=================== Start New Transaction ===================
2023.4.15 06:21:23#txnrefnum:BBG2106034
2023.4.15 06:21:23#clientIp:103.149.56.24
2023.4.15 06:21:23#card type:6
2023.4.15 06:21:23#totalamount:202000
2023.4.15 06:21:26#result:TRANSACTION_ID:NOgU8dH014wa67btkq0DZBN8XsM=
2023.4.15 06:21:26#Forward to DBBL Payment Gateway Page: https://ecom1.dutchbanglabank.com/ecomm2/ClientHandler?card_type=6&trans_id=NOgU8dH014wa67btkq0DZBN8XsM%3D
2023.4.15 06:22:08#---------------------- Complete New Transaction---------------------
2023.4.15 06:22:09#Get trans_id From Post Value:NOgU8dH014wa67btkq0DZBN8XsM=
2023.4.15 06:22:09#clientIp:103.149.56.24
2023.4.15 06:22:09#trans_id:NOgU8dH014wa67btkq0DZBN8XsM=
2023.4.15 06:22:10#result:RESULT>OK^RESULT_CODE>000^3DSECURE>SKIPPED^RRN>310506451814^APPROVAL_CODE>849007^CARD_NUMBER>999999*********5913^AMOUNT>202000^CARDNAME>mb account^DESCRIPTION>6BBG2106034^TRANS_DATE>2023-04-15 12:22:07 PM
2023.4.15 06:22:10#41410515062210
2023.4.15 06:22:10#41410515062210
2023.4.15 06:22:10#41410515062210
2023.4.15 06:22:11#41410515062210
2023.4.15 06:22:11#=================== Transaction Completed =======================
2023.4.15 06:25:07#=================== Start New Transaction ===================
2023.4.15 06:25:07#txnrefnum:BE2303297
2023.4.15 06:25:07#clientIp:103.120.202.119
2023.4.15 06:25:07#card type:6
2023.4.15 06:25:07#totalamount:0
2023.4.15 06:25:09#result:Sub Merchant Name can not be blank
2023.4.15 06:25:12#=================== Start New Transaction ===================
2023.4.15 06:25:12#txnrefnum:BE2303297
2023.4.15 06:25:12#clientIp:103.120.202.119
2023.4.15 06:25:12#card type:6
2023.4.15 06:25:12#totalamount:0
2023.4.15 06:25:14#result:Sub Merchant Name can not be blank
2023.4.15 06:33:56#=================== Start New Transaction ===================
2023.4.15 06:33:56#txnrefnum:MBD2007026
2023.4.15 06:33:56#clientIp:202.144.203.18
2023.4.15 06:33:56#card type:6
2023.4.15 06:33:56#totalamount:222000
2023.4.15 06:33:59#result:TRANSACTION_ID:Hjf9hQsT7NkufZXZLPFgrqrC5Jc=
2023.4.15 06:33:59#Forward to DBBL Payment Gateway Page: https://ecom1.dutchbanglabank.com/ecomm2/ClientHandler?card_type=6&trans_id=Hjf9hQsT7NkufZXZLPFgrqrC5Jc%3D
2023.4.15 06:35:26#---------------------- Complete New Transaction---------------------
2023.4.15 06:35:26#Get trans_id From Post Value:Hjf9hQsT7NkufZXZLPFgrqrC5Jc=
2023.4.15 06:35:26#clientIp:202.144.203.18
2023.4.15 06:35:26#trans_id:Hjf9hQsT7NkufZXZLPFgrqrC5Jc=
2023.4.15 06:35:28#result:RESULT>OK^RESULT_CODE>000^3DSECURE>SKIPPED^RRN>310506453136^APPROVAL_CODE>970063^CARD_NUMBER>999999*********7582^AMOUNT>222000^CARDNAME>mb account^DESCRIPTION>6MBD2007026^TRANS_DATE>2023-04-15 12:35:25 PM
2023.4.15 06:35:28#37209115063528
2023.4.15 06:35:28#37209115063528
2023.4.15 06:35:28#=================== Transaction Completed =======================
2023.4.15 06:41:48#=================== Start New Transaction ===================
2023.4.15 06:41:48#txnrefnum:MBD2306028
2023.4.15 06:41:48#clientIp:202.144.203.18
2023.4.15 06:41:48#card type:6
2023.4.15 06:41:48#totalamount:302000
2023.4.15 06:41:51#result:TRANSACTION_ID:TsbMSUhnMHcSzj7DcFYPfwDtPb0=
2023.4.15 06:41:51#Forward to DBBL Payment Gateway Page: https://ecom1.dutchbanglabank.com/ecomm2/ClientHandler?card_type=6&trans_id=TsbMSUhnMHcSzj7DcFYPfwDtPb0%3D
2023.4.15 06:42:45#---------------------- Complete New Transaction---------------------
2023.4.15 06:42:45#Get trans_id From Post Value:TsbMSUhnMHcSzj7DcFYPfwDtPb0=
2023.4.15 06:42:45#clientIp:202.144.203.18
2023.4.15 06:42:45#trans_id:TsbMSUhnMHcSzj7DcFYPfwDtPb0=
2023.4.15 06:42:46#result:RESULT>OK^RESULT_CODE>000^3DSECURE>SKIPPED^RRN>310506453880^APPROVAL_CODE>982339^CARD_NUMBER>999999*********7582^AMOUNT>302000^CARDNAME>mb account^DESCRIPTION>6MBD2306028^TRANS_DATE>2023-04-15 12:42:44 PM
2023.4.15 06:42:46#45345315064246
2023.4.15 06:42:47#45345315064246
2023.4.15 06:42:47#45345315064246
2023.4.15 06:42:47#45345315064246
2023.4.15 06:42:47#45345315064246
2023.4.15 06:42:47#45345315064246
2023.4.15 06:42:47#=================== Transaction Completed =======================
2023.4.15 07:59:47#=================== Start New Transaction ===================
2023.4.15 07:59:47#txnrefnum:MSC22111253
2023.4.15 07:59:47#clientIp:110.76.129.77
2023.4.15 07:59:47#card type:6
2023.4.15 07:59:47#totalamount:422000
2023.4.15 07:59:50#result:TRANSACTION_ID:vZskZtr64h3ZThCU1vWipGQ8Ka0=
2023.4.15 07:59:50#Forward to DBBL Payment Gateway Page: https://ecom1.dutchbanglabank.com/ecomm2/ClientHandler?card_type=6&trans_id=vZskZtr64h3ZThCU1vWipGQ8Ka0%3D
2023.4.15 08:01:23#=================== Start New Transaction ===================
2023.4.15 08:01:23#txnrefnum:MSC22111253
2023.4.15 08:01:23#clientIp:110.76.129.77
2023.4.15 08:01:23#card type:6
2023.4.15 08:01:23#totalamount:262000
2023.4.15 08:01:26#result:TRANSACTION_ID:gzbYS7YDRrH64aWi2iwfTUx2nYo=
2023.4.15 08:01:26#Forward to DBBL Payment Gateway Page: https://ecom1.dutchbanglabank.com/ecomm2/ClientHandler?card_type=6&trans_id=gzbYS7YDRrH64aWi2iwfTUx2nYo%3D
2023.4.15 08:04:52#---------------------- Complete New Transaction---------------------
2023.4.15 08:04:52#Get trans_id From Post Value:gzbYS7YDRrH64aWi2iwfTUx2nYo=
2023.4.15 08:04:52#clientIp:110.76.129.77
2023.4.15 08:04:52#trans_id:gzbYS7YDRrH64aWi2iwfTUx2nYo=
2023.4.15 08:04:53#result:RESULT>OK^RESULT_CODE>000^3DSECURE>SKIPPED^RRN>310508461469^APPROVAL_CODE>383372^CARD_NUMBER>999999*********0682^AMOUNT>262000^CARDNAME>mb account^DESCRIPTION>6MSC22111253^TRANS_DATE>2023-04-15 02:04:51 PM
2023.4.15 08:04:53#33794815080453
2023.4.15 08:04:53#33794815080453
2023.4.15 08:04:53#33794815080453
2023.4.15 08:04:54#33794815080453
2023.4.15 08:04:54#=================== Transaction Completed =======================
2023.4.15 08:16:30#=================== Start New Transaction ===================
2023.4.15 08:16:30#txnrefnum:MBD2006420
2023.4.15 08:16:30#clientIp:103.58.75.11
2023.4.15 08:16:30#card type:6
2023.4.15 08:16:30#totalamount:2000
2023.4.15 08:16:33#result:TRANSACTION_ID:aRFOFZ2AIO0pd3SKihVuDz5K1oo=
2023.4.15 08:16:33#Forward to DBBL Payment Gateway Page: https://ecom1.dutchbanglabank.com/ecomm2/ClientHandler?card_type=6&trans_id=aRFOFZ2AIO0pd3SKihVuDz5K1oo%3D
2023.4.15 10:06:51#=================== Start New Transaction ===================
2023.4.15 10:06:51#txnrefnum:BBD2005013
2023.4.15 10:06:51#clientIp:43.245.140.118
2023.4.15 10:06:51#card type:6
2023.4.15 10:06:51#totalamount:202000
2023.4.15 10:06:54#result:TRANSACTION_ID:K7vKd9EPBNoP2JX43PszcqqtqL4=
2023.4.15 10:06:54#Forward to DBBL Payment Gateway Page: https://ecom1.dutchbanglabank.com/ecomm2/ClientHandler?card_type=6&trans_id=K7vKd9EPBNoP2JX43PszcqqtqL4%3D
2023.4.15 10:08:22#---------------------- Complete New Transaction---------------------
2023.4.15 10:08:22#Get trans_id From Post Value:K7vKd9EPBNoP2JX43PszcqqtqL4=
2023.4.15 10:08:22#clientIp:43.245.140.118
2023.4.15 10:08:22#trans_id:K7vKd9EPBNoP2JX43PszcqqtqL4=
2023.4.15 10:08:24#result:RESULT>OK^RESULT_CODE>000^3DSECURE>SKIPPED^RRN>310510471609^APPROVAL_CODE>911209^CARD_NUMBER>999999*********5106^AMOUNT>202000^CARDNAME>mb account^DESCRIPTION>6BBD2005013^TRANS_DATE>2023-04-15 04:08:22 PM
2023.4.15 10:08:24#31011715100824
2023.4.15 10:08:24#31011715100824
2023.4.15 10:08:24#31011715100824
2023.4.15 10:08:24#31011715100824
2023.4.15 10:08:24#=================== Transaction Completed =======================
2023.4.15 10:49:43#=================== Start New Transaction ===================
2023.4.15 10:49:43#txnrefnum:MSC23110034
2023.4.15 10:49:43#clientIp:43.245.140.36
2023.4.15 10:49:43#card type:6
2023.4.15 10:49:43#totalamount:182000
2023.4.15 10:49:46#=================== Start New Transaction ===================
2023.4.15 10:49:46#txnrefnum:MSC23110034
2023.4.15 10:49:46#clientIp:43.245.140.36
2023.4.15 10:49:46#card type:6
2023.4.15 10:49:46#totalamount:182000
2023.4.15 10:49:46#result:TRANSACTION_ID:2CGv2SM1VKoUJ7Al0l7AhohkCTU=
2023.4.15 10:49:46#Forward to DBBL Payment Gateway Page: https://ecom1.dutchbanglabank.com/ecomm2/ClientHandler?card_type=6&trans_id=2CGv2SM1VKoUJ7Al0l7AhohkCTU%3D
2023.4.15 10:49:49#result:TRANSACTION_ID:BZBwo4kG6iE4D9n60EDoBEJjCIo=
2023.4.15 10:49:49#Forward to DBBL Payment Gateway Page: https://ecom1.dutchbanglabank.com/ecomm2/ClientHandler?card_type=6&trans_id=BZBwo4kG6iE4D9n60EDoBEJjCIo%3D
2023.4.15 10:50:27#---------------------- Complete New Transaction---------------------
2023.4.15 10:50:27#Get trans_id From Post Value:BZBwo4kG6iE4D9n60EDoBEJjCIo=
2023.4.15 10:50:27#clientIp:43.245.140.36
2023.4.15 10:50:27#trans_id:BZBwo4kG6iE4D9n60EDoBEJjCIo=
2023.4.15 10:50:29#result:RESULT>OK^RESULT_CODE>000^3DSECURE>SKIPPED^RRN>310510474897^APPROVAL_CODE>033455^CARD_NUMBER>999999*********7421^AMOUNT>182000^CARDNAME>mb account^DESCRIPTION>6MSC23110034^TRANS_DATE>2023-04-15 04:50:26 PM
2023.4.15 10:50:29#52419515105029
2023.4.15 10:50:29#52419515105029
2023.4.15 10:50:29#=================== Transaction Completed =======================
2023.4.15 13:33:22#=================== Start New Transaction ===================
2023.4.15 13:33:22#txnrefnum:BBD2003004
2023.4.15 13:33:22#clientIp:118.179.3.85
2023.4.15 13:33:22#card type:6
2023.4.15 13:33:22#totalamount:202000
2023.4.15 13:33:30#result:TRANSACTION_ID:vEd3zQyX9gj7hDur46McaxJVr7I=
2023.4.15 13:33:30#Forward to DBBL Payment Gateway Page: https://ecom1.dutchbanglabank.com/ecomm2/ClientHandler?card_type=6&trans_id=vEd3zQyX9gj7hDur46McaxJVr7I%3D
2023.4.15 13:34:14#---------------------- Complete New Transaction---------------------
2023.4.15 13:34:14#Get trans_id From Post Value:vEd3zQyX9gj7hDur46McaxJVr7I=
2023.4.15 13:34:14#clientIp:118.179.3.85
2023.4.15 13:34:14#trans_id:vEd3zQyX9gj7hDur46McaxJVr7I=
2023.4.15 13:34:16#result:RESULT>OK^RESULT_CODE>000^3DSECURE>SKIPPED^RRN>310513485290^APPROVAL_CODE>664356^CARD_NUMBER>999999*********8025^AMOUNT>202000^CARDNAME>mb account^DESCRIPTION>6BBD2003004^TRANS_DATE>2023-04-15 07:34:13 PM
2023.4.15 13:34:16#44466915013416
2023.4.15 13:34:16#44466915013416
2023.4.15 13:34:16#44466915013416
2023.4.15 13:34:16#44466915013416
2023.4.15 13:34:16#=================== Transaction Completed =======================
2023.4.15 14:05:23#=================== Start New Transaction ===================
2023.4.15 14:05:23#txnrefnum:MBG2109137
2023.4.15 14:05:23#clientIp:103.14.72.95
2023.4.15 14:05:23#card type:6
2023.4.15 14:05:23#totalamount:252000
2023.4.15 14:05:26#result:TRANSACTION_ID:tHWiiLCQtm4NiJjv9TUl8hDWm4o=
2023.4.15 14:05:26#Forward to DBBL Payment Gateway Page: https://ecom1.dutchbanglabank.com/ecomm2/ClientHandler?card_type=6&trans_id=tHWiiLCQtm4NiJjv9TUl8hDWm4o%3D
2023.4.15 14:06:00#---------------------- Complete New Transaction---------------------
2023.4.15 14:06:00#Get trans_id From Post Value:tHWiiLCQtm4NiJjv9TUl8hDWm4o=
2023.4.15 14:06:00#clientIp:103.14.72.95
2023.4.15 14:06:00#trans_id:tHWiiLCQtm4NiJjv9TUl8hDWm4o=
2023.4.15 14:06:02#result:RESULT>OK^RESULT_CODE>000^3DSECURE>SKIPPED^RRN>310514488151^APPROVAL_CODE>060256^CARD_NUMBER>999999*********9465^AMOUNT>252000^CARDNAME>mb account^DESCRIPTION>6MBG2109137^TRANS_DATE>2023-04-15 08:05:59 PM
2023.4.15 14:06:02#51752915020602
2023.4.15 14:06:02#51752915020602
2023.4.15 14:06:02#=================== Transaction Completed =======================
2023.4.15 14:18:47#=================== Start New Transaction ===================
2023.4.15 14:18:47#txnrefnum:MBD2008253
2023.4.15 14:18:47#clientIp:37.111.194.157
2023.4.15 14:18:47#card type:6
2023.4.15 14:18:47#totalamount:252000
2023.4.15 14:18:50#result:TRANSACTION_ID:ZPSAmnImtPVoQnyQCUWXqIhuPqw=
2023.4.15 14:18:50#Forward to DBBL Payment Gateway Page: https://ecom1.dutchbanglabank.com/ecomm2/ClientHandler?card_type=6&trans_id=ZPSAmnImtPVoQnyQCUWXqIhuPqw%3D
2023.4.15 15:12:00#=================== Start New Transaction ===================
2023.4.15 15:12:00#txnrefnum:MBM2007109
2023.4.15 15:12:00#clientIp:103.144.201.32
2023.4.15 15:12:00#card type:6
2023.4.15 15:12:00#totalamount:2000
2023.4.15 15:12:03#result:TRANSACTION_ID:Yd64TaekckNu7FSTisr4HzUS2ZA=
2023.4.15 15:12:03#Forward to DBBL Payment Gateway Page: https://ecom1.dutchbanglabank.com/ecomm2/ClientHandler?card_type=6&trans_id=Yd64TaekckNu7FSTisr4HzUS2ZA%3D
2023.4.15 16:28:06#=================== Start New Transaction ===================
2023.4.15 16:28:06#txnrefnum:MSC22110504
2023.4.15 16:28:06#clientIp:103.173.10.107
2023.4.15 16:28:06#card type:6
2023.4.15 16:28:06#totalamount:2000
2023.4.15 16:28:09#result:TRANSACTION_ID:o6IvTD0MuQF717mOEiVkFpU8JPE=
2023.4.15 16:28:16#=================== Start New Transaction ===================
2023.4.15 16:28:16#txnrefnum:MSC22110504
2023.4.15 16:28:16#clientIp:103.173.10.107
2023.4.15 16:28:16#card type:6
2023.4.15 16:28:16#totalamount:2000
2023.4.15 16:28:19#result:TRANSACTION_ID:XPez8O7dfzw3JJw1BsNBG3u0mtY=
2023.4.15 16:28:29#=================== Start New Transaction ===================
2023.4.15 16:28:29#txnrefnum:MSC22110504
2023.4.15 16:28:29#clientIp:103.173.10.107
2023.4.15 16:28:29#card type:6
2023.4.15 16:28:29#totalamount:2000
2023.4.15 16:28:32#result:TRANSACTION_ID:dp0puvnNUJljPLh6yi4siwQw5JA=
2023.4.15 16:29:13#=================== Start New Transaction ===================
2023.4.15 16:29:13#txnrefnum:MSC22110504
2023.4.15 16:29:13#clientIp:103.173.10.107
2023.4.15 16:29:13#card type:6
2023.4.15 16:29:13#totalamount:2000
2023.4.15 16:29:16#result:TRANSACTION_ID:ZpZUv4KiUyR7KmtTzMs9KcI9P9M=
2023.4.15 16:33:04#=================== Start New Transaction ===================
2023.4.15 16:33:04#txnrefnum:MBD2008253
2023.4.15 16:33:04#clientIp:37.111.194.157
2023.4.15 16:33:04#card type:6
2023.4.15 16:33:04#totalamount:252000
2023.4.15 16:33:07#result:TRANSACTION_ID:d0pQ8tFtHQYMOVF4ZuwRnJxB9rU=
2023.4.15 16:33:07#Forward to DBBL Payment Gateway Page: https://ecom1.dutchbanglabank.com/ecomm2/ClientHandler?card_type=6&trans_id=d0pQ8tFtHQYMOVF4ZuwRnJxB9rU%3D
2023.4.15 16:46:44#=================== Start New Transaction ===================
2023.4.15 16:46:44#txnrefnum:MBD2008253
2023.4.15 16:46:44#clientIp:37.111.194.157
2023.4.15 16:46:44#card type:6
2023.4.15 16:46:44#totalamount:252000
2023.4.15 16:46:47#result:TRANSACTION_ID:iTt3LBI9eH4rDmTPMBtJ4BbxtZM=
2023.4.15 16:46:48#Forward to DBBL Payment Gateway Page: https://ecom1.dutchbanglabank.com/ecomm2/ClientHandler?card_type=6&trans_id=iTt3LBI9eH4rDmTPMBtJ4BbxtZM%3D
2023.4.15 16:49:11#=================== Start New Transaction ===================
2023.4.15 16:49:11#txnrefnum:MBD2008253
2023.4.15 16:49:11#clientIp:37.111.194.157
2023.4.15 16:49:11#card type:6
2023.4.15 16:49:11#totalamount:252000
2023.4.15 16:49:14#result:TRANSACTION_ID:qyxawj8LjSx3Gh4j5jthUaQ4w5g=
2023.4.15 16:49:15#Forward to DBBL Payment Gateway Page: https://ecom1.dutchbanglabank.com/ecomm2/ClientHandler?card_type=6&trans_id=qyxawj8LjSx3Gh4j5jthUaQ4w5g%3D
2023.4.15 16:50:04#---------------------- Complete New Transaction---------------------
2023.4.15 16:50:04#Get trans_id From Post Value:qyxawj8LjSx3Gh4j5jthUaQ4w5g=
2023.4.15 16:50:04#clientIp:37.111.194.157
2023.4.15 16:50:04#trans_id:qyxawj8LjSx3Gh4j5jthUaQ4w5g=
2023.4.15 16:50:06#result:RESULT>OK^RESULT_CODE>000^3DSECURE>SKIPPED^RRN>310516500238^APPROVAL_CODE>774454^CARD_NUMBER>999999*********4153^AMOUNT>252000^CARDNAME>mb account^DESCRIPTION>6MBD2008253^TRANS_DATE>2023-04-15 10:50:03 PM
2023.4.15 16:50:06#51707015045006
2023.4.15 16:50:06#51707015045006
2023.4.15 16:50:06#=================== Transaction Completed =======================
2023.4.15 18:53:06#=================== Start New Transaction ===================
2023.4.15 18:53:06#txnrefnum:MBD2006261
2023.4.15 18:53:06#clientIp:202.83.125.145
2023.4.15 18:53:06#card type:6
2023.4.15 18:53:06#totalamount:202000
2023.4.15 18:53:09#result:TRANSACTION_ID:sFNKA0RR6G1h0L1TBSuFMTDKOaU=
2023.4.15 18:53:09#Forward to DBBL Payment Gateway Page: https://ecom1.dutchbanglabank.com/ecomm2/ClientHandler?card_type=6&trans_id=sFNKA0RR6G1h0L1TBSuFMTDKOaU%3D
2023.4.15 18:53:56#---------------------- Complete New Transaction---------------------
2023.4.15 18:53:56#Get trans_id From Post Value:sFNKA0RR6G1h0L1TBSuFMTDKOaU=
2023.4.15 18:53:56#clientIp:202.83.125.145
2023.4.15 18:53:56#trans_id:sFNKA0RR6G1h0L1TBSuFMTDKOaU=
2023.4.15 18:53:58#result:RESULT>OK^RESULT_CODE>000^3DSECURE>SKIPPED^RRN>310518505333^APPROVAL_CODE>024443^CARD_NUMBER>999999*********9973^AMOUNT>202000^CARDNAME>mb account^DESCRIPTION>6MBD2006261^TRANS_DATE>2023-04-16 12:53:54 AM
2023.4.15 18:53:58#39989715065358
2023.4.15 18:53:58#39989715065358
2023.4.15 18:53:58#39989715065358
2023.4.15 18:53:58#39989715065358
2023.4.15 18:53:58#=================== Transaction Completed =======================