
2023.3.3 05:49:48#=================== Start New Transaction ===================
2023.3.3 05:49:48#txnrefnum:MBM2005076
2023.3.3 05:49:48#clientIp:103.149.147.141
2023.3.3 05:49:48#card type:6
2023.3.3 05:49:48#totalamount:202000
2023.3.3 05:49:52#result:TRANSACTION_ID:bAOeKvIRHgKXy4dwd7954skDVt0=
2023.3.3 05:49:52#Forward to DBBL Payment Gateway Page: https://ecom1.dutchbanglabank.com/ecomm2/ClientHandler?card_type=6&trans_id=bAOeKvIRHgKXy4dwd7954skDVt0%3D
2023.3.3 05:50:17#---------------------- Complete New Transaction---------------------
2023.3.3 05:50:17#Get trans_id From Post Value:bAOeKvIRHgKXy4dwd7954skDVt0=
2023.3.3 05:50:17#clientIp:103.149.147.141
2023.3.3 05:50:17#trans_id:bAOeKvIRHgKXy4dwd7954skDVt0=
2023.3.3 05:50:18#result:RESULT>OK^RESULT_CODE>000^3DSECURE>SKIPPED^RRN>306205095484^APPROVAL_CODE>328592^CARD_NUMBER>999999*********9259^AMOUNT>202000^CARDNAME>mb account^DESCRIPTION>6MBM2005076^TRANS_DATE>2023-03-03 11:50:16 AM
2023.3.3 05:50:18#42009303055018
2023.3.3 05:50:18#42009303055018
2023.3.3 05:50:18#42009303055018
2023.3.3 05:50:19#42009303055018
2023.3.3 05:50:19#=================== Transaction Completed =======================
2023.3.3 05:51:06#=================== Start New Transaction ===================
2023.3.3 05:51:06#txnrefnum:MBD2201884
2023.3.3 05:51:06#clientIp:103.149.147.141
2023.3.3 05:51:06#card type:6
2023.3.3 05:51:06#totalamount:202000
2023.3.3 05:51:09#result:TRANSACTION_ID:vd3geTQwnwd3n99GpOgOlCxYqjg=
2023.3.3 05:51:09#Forward to DBBL Payment Gateway Page: https://ecom1.dutchbanglabank.com/ecomm2/ClientHandler?card_type=6&trans_id=vd3geTQwnwd3n99GpOgOlCxYqjg%3D
2023.3.3 05:51:32#---------------------- Complete New Transaction---------------------
2023.3.3 05:51:32#Get trans_id From Post Value:vd3geTQwnwd3n99GpOgOlCxYqjg=
2023.3.3 05:51:32#clientIp:103.149.147.141
2023.3.3 05:51:32#trans_id:vd3geTQwnwd3n99GpOgOlCxYqjg=
2023.3.3 05:51:34#result:RESULT>OK^RESULT_CODE>000^3DSECURE>SKIPPED^RRN>306205095542^APPROVAL_CODE>353119^CARD_NUMBER>999999*********9259^AMOUNT>202000^CARDNAME>mb account^DESCRIPTION>6MBD2201884^TRANS_DATE>2023-03-03 11:51:31 AM
2023.3.3 05:51:34#49871703055134
2023.3.3 05:51:34#49871703055134
2023.3.3 05:51:34#49871703055134
2023.3.3 05:51:34#49871703055134
2023.3.3 05:51:34#=================== Transaction Completed =======================
2023.3.3 09:42:04#=================== Start New Transaction ===================
2023.3.3 09:42:04#txnrefnum:MBD2201056
2023.3.3 09:42:04#clientIp:45.115.113.34
2023.3.3 09:42:04#card type:6
2023.3.3 09:42:04#totalamount:2000
2023.3.3 09:42:06#result:TRANSACTION_ID:6YQe1SMDC8RWPfipLKJ16WFLEZ8=
2023.3.3 09:42:07#Forward to DBBL Payment Gateway Page: https://ecom1.dutchbanglabank.com/ecomm2/ClientHandler?card_type=6&trans_id=6YQe1SMDC8RWPfipLKJ16WFLEZ8%3D
2023.3.3 09:51:54#=================== Start New Transaction ===================
2023.3.3 09:51:54#txnrefnum:MBD2201056
2023.3.3 09:51:54#clientIp:45.115.113.34
2023.3.3 09:51:54#card type:6
2023.3.3 09:51:54#totalamount:102000
2023.3.3 09:51:57#result:TRANSACTION_ID:tmY0B478lByB6eKBwlpNyKhuuYs=
2023.3.3 09:51:57#Forward to DBBL Payment Gateway Page: https://ecom1.dutchbanglabank.com/ecomm2/ClientHandler?card_type=6&trans_id=tmY0B478lByB6eKBwlpNyKhuuYs%3D
2023.3.3 10:02:59#=================== Start New Transaction ===================
2023.3.3 10:02:59#txnrefnum:MBD2201056
2023.3.3 10:02:59#clientIp:45.115.113.34
2023.3.3 10:02:59#card type:6
2023.3.3 10:02:59#totalamount:102000
2023.3.3 10:03:02#result:TRANSACTION_ID:HlvLUABC76SwKQpnoFIBBbObPEE=
2023.3.3 10:03:02#Forward to DBBL Payment Gateway Page: https://ecom1.dutchbanglabank.com/ecomm2/ClientHandler?card_type=6&trans_id=HlvLUABC76SwKQpnoFIBBbObPEE%3D
2023.3.3 13:00:42#=================== Start New Transaction ===================
2023.3.3 13:00:42#txnrefnum:BBM2004071
2023.3.3 13:00:42#clientIp:103.100.95.18
2023.3.3 13:00:42#card type:6
2023.3.3 13:00:42#totalamount:922000
2023.3.3 13:00:48#result:TRANSACTION_ID:OJXlSZ9qy8lqpuM25DJyUza63Rg=
2023.3.3 13:00:48#Forward to DBBL Payment Gateway Page: https://ecom1.dutchbanglabank.com/ecomm2/ClientHandler?card_type=6&trans_id=OJXlSZ9qy8lqpuM25DJyUza63Rg%3D
2023.3.3 13:01:50#---------------------- Complete New Transaction---------------------
2023.3.3 13:01:50#Get trans_id From Post Value:OJXlSZ9qy8lqpuM25DJyUza63Rg=
2023.3.3 13:01:51#clientIp:103.100.95.18
2023.3.3 13:01:51#trans_id:OJXlSZ9qy8lqpuM25DJyUza63Rg=
2023.3.3 13:01:53#result:RESULT>OK^RESULT_CODE>000^3DSECURE>SKIPPED^RRN>306213119179^APPROVAL_CODE>532448^CARD_NUMBER>999999*********3698^AMOUNT>922000^CARDNAME>mb account^DESCRIPTION>6BBM2004071^TRANS_DATE>2023-03-03 07:01:49 PM
2023.3.3 13:01:53#51561903010153
2023.3.3 13:01:53#51561903010153
2023.3.3 13:01:53#51561903010153
2023.3.3 13:01:53#51561903010153
2023.3.3 13:01:53#51561903010153
2023.3.3 13:01:53#51561903010153
2023.3.3 13:01:53#51561903010153
2023.3.3 13:01:53#51561903010153
2023.3.3 13:01:53#=================== Transaction Completed =======================
2023.3.3 13:35:58#=================== Start New Transaction ===================
2023.3.3 13:35:58#txnrefnum:MBD2207044
2023.3.3 13:35:58#clientIp:103.245.96.252
2023.3.3 13:35:58#card type:6
2023.3.3 13:35:58#totalamount:102000
2023.3.3 13:36:00#result:TRANSACTION_ID:WqPMIxrtmzPXP44MhsHUsYXDnaw=
2023.3.3 13:36:01#Forward to DBBL Payment Gateway Page: https://ecom1.dutchbanglabank.com/ecomm2/ClientHandler?card_type=6&trans_id=WqPMIxrtmzPXP44MhsHUsYXDnaw%3D
2023.3.3 14:19:55#=================== Start New Transaction ===================
2023.3.3 14:19:55#txnrefnum:MBM2006159
2023.3.3 14:19:55#clientIp:180.149.235.106
2023.3.3 14:19:55#card type:6
2023.3.3 14:19:55#totalamount:102000
2023.3.3 14:19:58#result:TRANSACTION_ID:sNOalbPpVB3uJdOEnPUgYRtaWw0=
2023.3.3 14:19:58#Forward to DBBL Payment Gateway Page: https://ecom1.dutchbanglabank.com/ecomm2/ClientHandler?card_type=6&trans_id=sNOalbPpVB3uJdOEnPUgYRtaWw0%3D
2023.3.3 14:20:01#=================== Start New Transaction ===================
2023.3.3 14:20:01#txnrefnum:MSC22111197
2023.3.3 14:20:01#clientIp:182.48.69.221
2023.3.3 14:20:01#card type:6
2023.3.3 14:20:01#totalamount:322000
2023.3.3 14:20:04#result:TRANSACTION_ID:gUc5MLFIQffrU4sIwfT5ttAUtPA=
2023.3.3 14:20:04#Forward to DBBL Payment Gateway Page: https://ecom1.dutchbanglabank.com/ecomm2/ClientHandler?card_type=6&trans_id=gUc5MLFIQffrU4sIwfT5ttAUtPA%3D
2023.3.3 14:20:41#---------------------- Complete New Transaction---------------------
2023.3.3 14:20:41#Get trans_id From Post Value:sNOalbPpVB3uJdOEnPUgYRtaWw0=
2023.3.3 14:20:41#clientIp:180.149.235.106
2023.3.3 14:20:41#trans_id:sNOalbPpVB3uJdOEnPUgYRtaWw0=
2023.3.3 14:20:42#result:RESULT>OK^RESULT_CODE>000^3DSECURE>SKIPPED^RRN>306214125344^APPROVAL_CODE>017917^CARD_NUMBER>999999*********0086^AMOUNT>102000^CARDNAME>mb account^DESCRIPTION>6MBM2006159^TRANS_DATE>2023-03-03 08:20:40 PM
2023.3.3 14:20:42#39615303022042
2023.3.3 14:20:43#39615303022042
2023.3.3 14:20:43#=================== Transaction Completed =======================
2023.3.3 14:21:00#=================== Start New Transaction ===================
2023.3.3 14:21:00#txnrefnum:MSC22111197
2023.3.3 14:21:00#clientIp:182.48.69.221
2023.3.3 14:21:00#card type:6
2023.3.3 14:21:00#totalamount:322000
2023.3.3 14:21:02#result:TRANSACTION_ID:3K9FQng1z7ombrIHm9ObFYuNYFQ=
2023.3.3 14:21:03#Forward to DBBL Payment Gateway Page: https://ecom1.dutchbanglabank.com/ecomm2/ClientHandler?card_type=6&trans_id=3K9FQng1z7ombrIHm9ObFYuNYFQ%3D
2023.3.3 14:21:54#---------------------- Complete New Transaction---------------------
2023.3.3 14:21:54#Get trans_id From Post Value:3K9FQng1z7ombrIHm9ObFYuNYFQ=
2023.3.3 14:21:54#clientIp:182.48.69.221
2023.3.3 14:21:54#trans_id:3K9FQng1z7ombrIHm9ObFYuNYFQ=
2023.3.3 14:21:56#result:RESULT>OK^RESULT_CODE>000^3DSECURE>SKIPPED^RRN>306214125447^APPROVAL_CODE>962329^CARD_NUMBER>999999*********9394^AMOUNT>322000^CARDNAME>mb account^DESCRIPTION>6MSC22111197^TRANS_DATE>2023-03-03 08:21:53 PM
2023.3.3 14:21:56#33949403022156
2023.3.3 14:21:56#33949403022156
2023.3.3 14:21:56#33949403022156
2023.3.3 14:21:56#33949403022156
2023.3.3 14:21:56#=================== Transaction Completed =======================
2023.3.3 15:22:52#=================== Start New Transaction ===================
2023.3.3 15:22:52#txnrefnum:BBM2007051
2023.3.3 15:22:52#clientIp:114.130.156.115
2023.3.3 15:22:52#card type:6
2023.3.3 15:22:52#totalamount:822000
2023.3.3 15:22:54#result:TRANSACTION_ID:ScuEs3CZOjuGwJjPS1eNyI66rR8=
2023.3.3 15:22:55#Forward to DBBL Payment Gateway Page: https://ecom1.dutchbanglabank.com/ecomm2/ClientHandler?card_type=6&trans_id=ScuEs3CZOjuGwJjPS1eNyI66rR8%3D
2023.3.3 15:23:19#---------------------- Complete New Transaction---------------------
2023.3.3 15:23:19#Get trans_id From Post Value:ScuEs3CZOjuGwJjPS1eNyI66rR8=
2023.3.3 15:23:19#clientIp:114.130.156.115
2023.3.3 15:23:19#trans_id:ScuEs3CZOjuGwJjPS1eNyI66rR8=
2023.3.3 15:23:21#result:RESULT>OK^RESULT_CODE>000^3DSECURE>SKIPPED^RRN>306215129979^APPROVAL_CODE>265135^CARD_NUMBER>999999*********3728^AMOUNT>822000^CARDNAME>mb account^DESCRIPTION>6BBM2007051^TRANS_DATE>2023-03-03 09:23:18 PM
2023.3.3 15:23:21#37185803032321
2023.3.3 15:23:21#37185803032321
2023.3.3 15:23:21#37185803032321
2023.3.3 15:23:21#37185803032321
2023.3.3 15:23:21#37185803032321
2023.3.3 15:23:21#37185803032321
2023.3.3 15:23:21#=================== Transaction Completed =======================
2023.3.3 16:10:32#=================== Start New Transaction ===================
2023.3.3 16:10:32#txnrefnum:BBD2303036
2023.3.3 16:10:32#clientIp:103.183.63.154
2023.3.3 16:10:32#card type:6
2023.3.3 16:10:32#totalamount:0
2023.3.3 16:10:34#result:Sub Merchant Name can not be blank
2023.3.3 16:11:18#=================== Start New Transaction ===================
2023.3.3 16:11:18#txnrefnum:BBD2303036
2023.3.3 16:11:18#clientIp:103.183.63.154
2023.3.3 16:11:18#card type:6
2023.3.3 16:11:18#totalamount:0
2023.3.3 16:11:20#result:Sub Merchant Name can not be blank
2023.3.3 16:19:34#=================== Start New Transaction ===================
2023.3.3 16:19:34#txnrefnum:BBD2303036
2023.3.3 16:19:34#clientIp:103.183.63.154
2023.3.3 16:19:34#card type:6
2023.3.3 16:19:34#totalamount:0
2023.3.3 16:19:37#result:Sub Merchant Name can not be blank
2023.3.3 18:58:47#=================== Start New Transaction ===================
2023.3.3 18:58:47#txnrefnum:MBD2201056
2023.3.3 18:58:47#clientIp:45.115.113.34
2023.3.3 18:58:47#card type:6
2023.3.3 18:58:47#totalamount:302000
2023.3.3 18:58:50#result:TRANSACTION_ID:qkrdZEIEI8SWP6cNVT8Ue7P83dI=
2023.3.3 18:58:50#Forward to DBBL Payment Gateway Page: https://ecom1.dutchbanglabank.com/ecomm2/ClientHandler?card_type=6&trans_id=qkrdZEIEI8SWP6cNVT8Ue7P83dI%3D