
2023.1.14 04:18:58#=================== Start New Transaction ===================
2023.1.14 04:18:58#txnrefnum:BBM2306123
2023.1.14 04:18:58#clientIp:103.162.230.252
2023.1.14 04:18:58#card type:6
2023.1.14 04:18:58#totalamount:802000
2023.1.14 04:19:03#result:TRANSACTION_ID:4KJFmzdzOoFrb8TmAvdlyKJfCYM=
2023.1.14 04:19:04#Forward to DBBL Payment Gateway Page: https://ecom1.dutchbanglabank.com/ecomm2/ClientHandler?card_type=6&trans_id=4KJFmzdzOoFrb8TmAvdlyKJfCYM%3D
2023.1.14 04:19:53#---------------------- Complete New Transaction---------------------
2023.1.14 04:19:53#Get trans_id From Post Value:4KJFmzdzOoFrb8TmAvdlyKJfCYM=
2023.1.14 04:19:53#clientIp:103.162.230.252
2023.1.14 04:19:53#trans_id:4KJFmzdzOoFrb8TmAvdlyKJfCYM=
2023.1.14 04:19:55#result:RESULT>OK^RESULT_CODE>000^3DSECURE>SKIPPED^RRN>301404654344^APPROVAL_CODE>561245^CARD_NUMBER>999999*********7441^AMOUNT>802000^CARDNAME>mb account^DESCRIPTION>6BBM2306123^TRANS_DATE>2023-01-14 10:19:52 AM
2023.1.14 04:19:55#51861014041955
2023.1.14 04:19:56#51861014041955
2023.1.14 04:19:56#51861014041955
2023.1.14 04:19:56#51861014041955
2023.1.14 04:19:56#=================== Transaction Completed =======================
2023.1.14 04:54:20#=================== Start New Transaction ===================
2023.1.14 04:54:20#txnrefnum:MBB2101265
2023.1.14 04:54:20#clientIp:202.134.14.155
2023.1.14 04:54:20#card type:6
2023.1.14 04:54:20#totalamount:722000
2023.1.14 04:54:23#result:TRANSACTION_ID:sEB1ObK3qncngaRvMuMMEpTZz2Q=
2023.1.14 04:54:23#Forward to DBBL Payment Gateway Page: https://ecom1.dutchbanglabank.com/ecomm2/ClientHandler?card_type=6&trans_id=sEB1ObK3qncngaRvMuMMEpTZz2Q%3D
2023.1.14 04:55:24#---------------------- Complete New Transaction---------------------
2023.1.14 04:55:24#Get trans_id From Post Value:sEB1ObK3qncngaRvMuMMEpTZz2Q=
2023.1.14 04:55:26#clientIp:202.134.14.155
2023.1.14 04:55:26#trans_id:sEB1ObK3qncngaRvMuMMEpTZz2Q=
2023.1.14 04:55:28#result:RESULT>OK^RESULT_CODE>000^3DSECURE>SKIPPED^RRN>301404656194^APPROVAL_CODE>657968^CARD_NUMBER>999999*********3024^AMOUNT>722000^CARDNAME>mb account^DESCRIPTION>6MBB2101265^TRANS_DATE>2023-01-14 10:55:23 AM
2023.1.14 04:55:28#36445614045528
2023.1.14 04:55:28#36445614045528
2023.1.14 04:55:28#36445614045528
2023.1.14 04:55:28#36445614045528
2023.1.14 04:55:28#=================== Transaction Completed =======================
2023.1.14 05:01:40#=================== Start New Transaction ===================
2023.1.14 05:01:40#txnrefnum:BBM2006001
2023.1.14 05:01:40#clientIp:157.119.238.10
2023.1.14 05:01:40#card type:6
2023.1.14 05:01:40#totalamount:962000
2023.1.14 05:01:43#result:TRANSACTION_ID:Loj3Ak7D2yjQkuQpJSXlm5YFsj0=
2023.1.14 05:01:43#Forward to DBBL Payment Gateway Page: https://ecom1.dutchbanglabank.com/ecomm2/ClientHandler?card_type=6&trans_id=Loj3Ak7D2yjQkuQpJSXlm5YFsj0%3D
2023.1.14 05:02:30#---------------------- Complete New Transaction---------------------
2023.1.14 05:02:30#Get trans_id From Post Value:Loj3Ak7D2yjQkuQpJSXlm5YFsj0=
2023.1.14 05:02:30#clientIp:157.119.238.10
2023.1.14 05:02:30#trans_id:Loj3Ak7D2yjQkuQpJSXlm5YFsj0=
2023.1.14 05:02:32#result:RESULT>OK^RESULT_CODE>000^3DSECURE>SKIPPED^RRN>301405656623^APPROVAL_CODE>668747^CARD_NUMBER>999999*********8505^AMOUNT>962000^CARDNAME>mb account^DESCRIPTION>6BBM2006001^TRANS_DATE>2023-01-14 11:02:29 AM
2023.1.14 05:02:32#25572914050232
2023.1.14 05:02:32#25572914050232
2023.1.14 05:02:32#25572914050232
2023.1.14 05:02:32#25572914050232
2023.1.14 05:02:32#25572914050232
2023.1.14 05:02:32#25572914050232
2023.1.14 05:02:32#25572914050232
2023.1.14 05:02:32#25572914050232
2023.1.14 05:02:32#25572914050232
2023.1.14 05:02:32#25572914050232
2023.1.14 05:02:32#=================== Transaction Completed =======================
2023.1.14 05:11:03#=================== Start New Transaction ===================
2023.1.14 05:11:03#txnrefnum:BBM2301175
2023.1.14 05:11:03#clientIp:103.162.230.252
2023.1.14 05:11:03#card type:6
2023.1.14 05:11:03#totalamount:802000
2023.1.14 05:11:05#result:TRANSACTION_ID:m1cIudCjdiuIrpckUIwPyZbw0m4=
2023.1.14 05:11:06#Forward to DBBL Payment Gateway Page: https://ecom1.dutchbanglabank.com/ecomm2/ClientHandler?card_type=6&trans_id=m1cIudCjdiuIrpckUIwPyZbw0m4%3D
2023.1.14 05:12:06#---------------------- Complete New Transaction---------------------
2023.1.14 05:12:06#Get trans_id From Post Value:m1cIudCjdiuIrpckUIwPyZbw0m4=
2023.1.14 05:12:06#clientIp:103.162.230.252
2023.1.14 05:12:06#trans_id:m1cIudCjdiuIrpckUIwPyZbw0m4=
2023.1.14 05:12:08#result:RESULT>OK^RESULT_CODE>000^3DSECURE>SKIPPED^RRN>301405657167^APPROVAL_CODE>768310^CARD_NUMBER>999999*********7441^AMOUNT>802000^CARDNAME>mb account^DESCRIPTION>6BBM2301175^TRANS_DATE>2023-01-14 11:12:04 AM
2023.1.14 05:12:08#51861214051208
2023.1.14 05:12:08#51861214051208
2023.1.14 05:12:08#51861214051208
2023.1.14 05:12:08#51861214051208
2023.1.14 05:12:08#=================== Transaction Completed =======================
2023.1.14 05:17:11#=================== Start New Transaction ===================
2023.1.14 05:17:11#txnrefnum:BBM2206117
2023.1.14 05:17:11#clientIp:157.119.238.10
2023.1.14 05:17:11#card type:6
2023.1.14 05:17:11#totalamount:722000
2023.1.14 05:17:14#result:TRANSACTION_ID:EZZEmkdbOqct5ir83QCePs5pr4o=
2023.1.14 05:17:14#Forward to DBBL Payment Gateway Page: https://ecom1.dutchbanglabank.com/ecomm2/ClientHandler?card_type=6&trans_id=EZZEmkdbOqct5ir83QCePs5pr4o%3D
2023.1.14 05:18:16#---------------------- Complete New Transaction---------------------
2023.1.14 05:18:16#Get trans_id From Post Value:EZZEmkdbOqct5ir83QCePs5pr4o=
2023.1.14 05:18:16#clientIp:157.119.238.10
2023.1.14 05:18:16#trans_id:EZZEmkdbOqct5ir83QCePs5pr4o=
2023.1.14 05:18:18#result:RESULT>OK^RESULT_CODE>000^3DSECURE>SKIPPED^RRN>301405657547^APPROVAL_CODE>693374^CARD_NUMBER>999999*********3511^AMOUNT>722000^CARDNAME>mb account^DESCRIPTION>6BBM2206117^TRANS_DATE>2023-01-14 11:18:15 AM
2023.1.14 05:18:18#51556714051818
2023.1.14 05:18:18#51556714051818
2023.1.14 05:18:18#51556714051818
2023.1.14 05:18:18#51556714051818
2023.1.14 05:18:18#=================== Transaction Completed =======================
2023.1.14 05:42:34#=================== Start New Transaction ===================
2023.1.14 05:42:34#txnrefnum:BBD2002025
2023.1.14 05:42:34#clientIp:157.119.238.10
2023.1.14 05:42:34#card type:6
2023.1.14 05:42:34#totalamount:722000
2023.1.14 05:42:37#result:TRANSACTION_ID:PSefDM4VmVSgRs5enYagBh5uO4M=
2023.1.14 05:42:37#Forward to DBBL Payment Gateway Page: https://ecom1.dutchbanglabank.com/ecomm2/ClientHandler?card_type=6&trans_id=PSefDM4VmVSgRs5enYagBh5uO4M%3D
2023.1.14 05:43:17#---------------------- Complete New Transaction---------------------
2023.1.14 05:43:17#Get trans_id From Post Value:PSefDM4VmVSgRs5enYagBh5uO4M=
2023.1.14 05:43:17#clientIp:157.119.238.10
2023.1.14 05:43:17#trans_id:PSefDM4VmVSgRs5enYagBh5uO4M=
2023.1.14 05:43:20#result:RESULT>OK^RESULT_CODE>000^3DSECURE>SKIPPED^RRN>301405659229^APPROVAL_CODE>955041^CARD_NUMBER>999999*********8505^AMOUNT>722000^CARDNAME>mb account^DESCRIPTION>6BBD2002025^TRANS_DATE>2023-01-14 11:43:16 AM
2023.1.14 05:43:20#36610614054320
2023.1.14 05:43:20#36610614054320
2023.1.14 05:43:20#36610614054320
2023.1.14 05:43:20#36610614054320
2023.1.14 05:43:20#=================== Transaction Completed =======================
2023.1.14 06:04:51#=================== Start New Transaction ===================
2023.1.14 06:04:51#txnrefnum:BBD2008192
2023.1.14 06:04:51#clientIp:157.119.238.10
2023.1.14 06:04:51#card type:6
2023.1.14 06:04:51#totalamount:252000
2023.1.14 06:04:54#result:TRANSACTION_ID:uVlQGPYkSx2OhxIKHo4jPKfsH4Y=
2023.1.14 06:04:54#Forward to DBBL Payment Gateway Page: https://ecom1.dutchbanglabank.com/ecomm2/ClientHandler?card_type=6&trans_id=uVlQGPYkSx2OhxIKHo4jPKfsH4Y%3D
2023.1.14 06:06:14#---------------------- Complete New Transaction---------------------
2023.1.14 06:06:14#Get trans_id From Post Value:uVlQGPYkSx2OhxIKHo4jPKfsH4Y=
2023.1.14 06:06:14#clientIp:157.119.238.10
2023.1.14 06:06:14#trans_id:uVlQGPYkSx2OhxIKHo4jPKfsH4Y=
2023.1.14 06:06:17#result:RESULT>OK^RESULT_CODE>000^3DSECURE>SKIPPED^RRN>301406660852^APPROVAL_CODE>053358^CARD_NUMBER>999999*********8505^AMOUNT>252000^CARDNAME>mb account^DESCRIPTION>6BBD2008192^TRANS_DATE>2023-01-14 12:06:13 PM
2023.1.14 06:06:17#51661714060617
2023.1.14 06:06:17#51661714060617
2023.1.14 06:06:17#=================== Transaction Completed =======================
2023.1.14 06:13:16#=================== Start New Transaction ===================
2023.1.14 06:13:16#txnrefnum:MBM2308030
2023.1.14 06:13:16#clientIp:202.134.14.135
2023.1.14 06:13:16#card type:6
2023.1.14 06:13:16#totalamount:802000
2023.1.14 06:13:19#result:TRANSACTION_ID:SZOhRXFOSwkTuxZVhOfZcULGOBU=
2023.1.14 06:13:20#Forward to DBBL Payment Gateway Page: https://ecom1.dutchbanglabank.com/ecomm2/ClientHandler?card_type=6&trans_id=SZOhRXFOSwkTuxZVhOfZcULGOBU%3D
2023.1.14 06:13:41#=================== Start New Transaction ===================
2023.1.14 06:13:41#txnrefnum:MBM2308030
2023.1.14 06:13:41#clientIp:202.134.14.135
2023.1.14 06:13:41#card type:6
2023.1.14 06:13:41#totalamount:802000
2023.1.14 06:13:44#result:TRANSACTION_ID:9tilrQBjk8GcC2DY0TVgq4POPe4=
2023.1.14 06:13:45#Forward to DBBL Payment Gateway Page: https://ecom1.dutchbanglabank.com/ecomm2/ClientHandler?card_type=6&trans_id=9tilrQBjk8GcC2DY0TVgq4POPe4%3D
2023.1.14 06:13:59#---------------------- Complete New Transaction---------------------
2023.1.14 06:13:59#Get trans_id From Post Value:9tilrQBjk8GcC2DY0TVgq4POPe4=
2023.1.14 06:13:59#clientIp:202.134.14.135
2023.1.14 06:13:59#trans_id:9tilrQBjk8GcC2DY0TVgq4POPe4=
2023.1.14 06:14:01#result:RESULT>OK^RESULT_CODE>000^3DSECURE>SKIPPED^RRN>301406661481^APPROVAL_CODE>931434^CARD_NUMBER>999999*********1168^AMOUNT>802000^CARDNAME>mb account^DESCRIPTION>6MBM2308030^TRANS_DATE>2023-01-14 12:13:58 PM
2023.1.14 06:14:01#51861714061401
2023.1.14 06:14:01#51861714061401
2023.1.14 06:14:01#51861714061401
2023.1.14 06:14:01#51861714061401
2023.1.14 06:14:01#=================== Transaction Completed =======================
2023.1.14 06:26:42#=================== Start New Transaction ===================
2023.1.14 06:26:42#txnrefnum:MBD2209148
2023.1.14 06:26:42#clientIp:202.134.14.132
2023.1.14 06:26:42#card type:6
2023.1.14 06:26:42#totalamount:722000
2023.1.14 06:26:45#result:TRANSACTION_ID:FtE94LyrNHdjZY1lqAWrECBhIPI=
2023.1.14 06:26:45#Forward to DBBL Payment Gateway Page: https://ecom1.dutchbanglabank.com/ecomm2/ClientHandler?card_type=6&trans_id=FtE94LyrNHdjZY1lqAWrECBhIPI%3D
2023.1.14 06:28:07#=================== Start New Transaction ===================
2023.1.14 06:28:07#txnrefnum:MBD2209148
2023.1.14 06:28:07#clientIp:202.134.14.132
2023.1.14 06:28:07#card type:6
2023.1.14 06:28:07#totalamount:722000
2023.1.14 06:28:10#result:TRANSACTION_ID:eSEJ9cU1flv0vbCyUILDsI3qZtQ=
2023.1.14 06:28:10#=================== Start New Transaction ===================
2023.1.14 06:28:10#txnrefnum:MBD2209148
2023.1.14 06:28:10#clientIp:202.134.14.132
2023.1.14 06:28:10#card type:6
2023.1.14 06:28:10#totalamount:722000
2023.1.14 06:28:10#Forward to DBBL Payment Gateway Page: https://ecom1.dutchbanglabank.com/ecomm2/ClientHandler?card_type=6&trans_id=eSEJ9cU1flv0vbCyUILDsI3qZtQ%3D
2023.1.14 06:28:13#result:TRANSACTION_ID:jdPAZq2mpyJtLkMbbSqcksTkxsk=
2023.1.14 06:28:13#Forward to DBBL Payment Gateway Page: https://ecom1.dutchbanglabank.com/ecomm2/ClientHandler?card_type=6&trans_id=jdPAZq2mpyJtLkMbbSqcksTkxsk%3D
2023.1.14 06:29:01#=================== Start New Transaction ===================
2023.1.14 06:29:01#txnrefnum:BBD2005042
2023.1.14 06:29:01#clientIp:114.130.184.211
2023.1.14 06:29:01#card type:6
2023.1.14 06:29:01#totalamount:802000
2023.1.14 06:29:04#result:TRANSACTION_ID:iXDQiOyaQxvffr6dcEu1at1BexQ=
2023.1.14 06:29:04#Forward to DBBL Payment Gateway Page: https://ecom1.dutchbanglabank.com/ecomm2/ClientHandler?card_type=6&trans_id=iXDQiOyaQxvffr6dcEu1at1BexQ%3D
2023.1.14 06:29:23#---------------------- Complete New Transaction---------------------
2023.1.14 06:29:23#Get trans_id From Post Value:jdPAZq2mpyJtLkMbbSqcksTkxsk=
2023.1.14 06:29:23#clientIp:202.134.14.132
2023.1.14 06:29:23#trans_id:jdPAZq2mpyJtLkMbbSqcksTkxsk=
2023.1.14 06:29:25#result:RESULT>OK^RESULT_CODE>000^3DSECURE>SKIPPED^RRN>301406662728^APPROVAL_CODE>155614^CARD_NUMBER>999999*********9648^AMOUNT>722000^CARDNAME>mb account^DESCRIPTION>6MBD2209148^TRANS_DATE>2023-01-14 12:29:22 PM
2023.1.14 06:29:25#37292014062925
2023.1.14 06:29:25#37292014062925
2023.1.14 06:29:25#37292014062925
2023.1.14 06:29:25#37292014062925
2023.1.14 06:29:25#=================== Transaction Completed =======================
2023.1.14 06:29:30#---------------------- Complete New Transaction---------------------
2023.1.14 06:29:30#Get trans_id From Post Value:iXDQiOyaQxvffr6dcEu1at1BexQ=
2023.1.14 06:29:30#clientIp:114.130.184.211
2023.1.14 06:29:30#trans_id:iXDQiOyaQxvffr6dcEu1at1BexQ=
2023.1.14 06:29:32#result:RESULT>OK^RESULT_CODE>000^3DSECURE>SKIPPED^RRN>301406662733^APPROVAL_CODE>125490^CARD_NUMBER>999999*********6896^AMOUNT>802000^CARDNAME>mb account^DESCRIPTION>6BBD2005042^TRANS_DATE>2023-01-14 12:29:29 PM
2023.1.14 06:29:32#24781614062932
2023.1.14 06:29:32#24781614062932
2023.1.14 06:29:32#24781614062932
2023.1.14 06:29:32#24781614062932
2023.1.14 06:29:32#24781614062932
2023.1.14 06:29:32#24781614062932
2023.1.14 06:29:32#=================== Transaction Completed =======================
2023.1.14 06:30:52#=================== Start New Transaction ===================
2023.1.14 06:30:52#txnrefnum:BBD2006052
2023.1.14 06:30:52#clientIp:114.130.184.211
2023.1.14 06:30:52#card type:6
2023.1.14 06:30:52#totalamount:722000
2023.1.14 06:30:55#result:TRANSACTION_ID:Q58KEDWmIfwj83copeJIlJP7zig=
2023.1.14 06:30:55#Forward to DBBL Payment Gateway Page: https://ecom1.dutchbanglabank.com/ecomm2/ClientHandler?card_type=6&trans_id=Q58KEDWmIfwj83copeJIlJP7zig%3D
2023.1.14 06:31:32#=================== Start New Transaction ===================
2023.1.14 06:31:32#txnrefnum:MBG2101432
2023.1.14 06:31:32#clientIp:180.149.235.106
2023.1.14 06:31:32#card type:6
2023.1.14 06:31:32#totalamount:722100
2023.1.14 06:31:35#result:TRANSACTION_ID:m4zdsFNpOGoroEVP1FWcNZYfZ6Y=
2023.1.14 06:31:35#Forward to DBBL Payment Gateway Page: https://ecom1.dutchbanglabank.com/ecomm2/ClientHandler?card_type=6&trans_id=m4zdsFNpOGoroEVP1FWcNZYfZ6Y%3D
2023.1.14 06:32:21#=================== Start New Transaction ===================
2023.1.14 06:32:21#txnrefnum:BBD2006052
2023.1.14 06:32:21#clientIp:114.130.184.211
2023.1.14 06:32:21#card type:6
2023.1.14 06:32:21#totalamount:722000
2023.1.14 06:32:24#result:TRANSACTION_ID:26rU41vmqoQdQ5ndCHwySz8Z96g=
2023.1.14 06:32:24#Forward to DBBL Payment Gateway Page: https://ecom1.dutchbanglabank.com/ecomm2/ClientHandler?card_type=6&trans_id=26rU41vmqoQdQ5ndCHwySz8Z96g%3D
2023.1.14 06:32:47#---------------------- Complete New Transaction---------------------
2023.1.14 06:32:47#Get trans_id From Post Value:m4zdsFNpOGoroEVP1FWcNZYfZ6Y=
2023.1.14 06:32:47#clientIp:180.149.235.106
2023.1.14 06:32:47#trans_id:m4zdsFNpOGoroEVP1FWcNZYfZ6Y=
2023.1.14 06:32:49#result:RESULT>OK^RESULT_CODE>000^3DSECURE>SKIPPED^RRN>301406662979^APPROVAL_CODE>205329^CARD_NUMBER>999999*********0086^AMOUNT>722100^CARDNAME>mb account^DESCRIPTION>6MBG2101432^TRANS_DATE>2023-01-14 12:32:46 PM
2023.1.14 06:32:49#27770714063249
2023.1.14 06:32:49#27770714063249
2023.1.14 06:32:49#27770714063249
2023.1.14 06:32:49#27770714063249
2023.1.14 06:32:49#27770714063249
2023.1.14 06:32:49#27770714063249
2023.1.14 06:32:49#=================== Transaction Completed =======================
2023.1.14 06:32:51#---------------------- Complete New Transaction---------------------
2023.1.14 06:32:51#Get trans_id From Post Value:26rU41vmqoQdQ5ndCHwySz8Z96g=
2023.1.14 06:32:51#clientIp:114.130.184.211
2023.1.14 06:32:51#trans_id:26rU41vmqoQdQ5ndCHwySz8Z96g=
2023.1.14 06:32:53#result:RESULT>OK^RESULT_CODE>000^3DSECURE>SKIPPED^RRN>301406662984^APPROVAL_CODE>131702^CARD_NUMBER>999999*********6896^AMOUNT>722000^CARDNAME>mb account^DESCRIPTION>6BBD2006052^TRANS_DATE>2023-01-14 12:32:50 PM
2023.1.14 06:32:53#37002114063253
2023.1.14 06:32:53#37002114063253
2023.1.14 06:32:53#37002114063253
2023.1.14 06:32:53#37002114063253
2023.1.14 06:32:53#=================== Transaction Completed =======================
2023.1.14 06:45:11#=================== Start New Transaction ===================
2023.1.14 06:45:11#txnrefnum:MBD2005304
2023.1.14 06:45:11#clientIp:202.134.14.135
2023.1.14 06:45:11#card type:6
2023.1.14 06:45:11#totalamount:722000
2023.1.14 06:45:13#result:TRANSACTION_ID:DrODR14T8dVQ0gVZu5sYHjosmiE=
2023.1.14 06:45:13#Forward to DBBL Payment Gateway Page: https://ecom1.dutchbanglabank.com/ecomm2/ClientHandler?card_type=6&trans_id=DrODR14T8dVQ0gVZu5sYHjosmiE%3D
2023.1.14 06:45:27#---------------------- Complete New Transaction---------------------
2023.1.14 06:45:27#Get trans_id From Post Value:DrODR14T8dVQ0gVZu5sYHjosmiE=
2023.1.14 06:45:27#clientIp:202.134.14.135
2023.1.14 06:45:27#trans_id:DrODR14T8dVQ0gVZu5sYHjosmiE=
2023.1.14 06:45:29#result:RESULT>OK^RESULT_CODE>000^3DSECURE>SKIPPED^RRN>301406663935^APPROVAL_CODE>228027^CARD_NUMBER>999999*********1168^AMOUNT>722000^CARDNAME>mb account^DESCRIPTION>6MBD2005304^TRANS_DATE>2023-01-14 12:45:26 PM
2023.1.14 06:45:29#36909514064529
2023.1.14 06:45:29#36909514064529
2023.1.14 06:45:29#36909514064529
2023.1.14 06:45:29#36909514064529
2023.1.14 06:45:29#=================== Transaction Completed =======================
2023.1.14 06:47:14#=================== Start New Transaction ===================
2023.1.14 06:47:14#txnrefnum:MSC22111079
2023.1.14 06:47:14#clientIp:202.134.14.135
2023.1.14 06:47:14#card type:6
2023.1.14 06:47:14#totalamount:482000
2023.1.14 06:47:16#result:TRANSACTION_ID:Z6aSgnuXP4L5XrHFO4NlikYCqPI=
2023.1.14 06:47:17#Forward to DBBL Payment Gateway Page: https://ecom1.dutchbanglabank.com/ecomm2/ClientHandler?card_type=6&trans_id=Z6aSgnuXP4L5XrHFO4NlikYCqPI%3D
2023.1.14 06:47:33#---------------------- Complete New Transaction---------------------
2023.1.14 06:47:33#Get trans_id From Post Value:Z6aSgnuXP4L5XrHFO4NlikYCqPI=
2023.1.14 06:47:33#clientIp:202.134.14.135
2023.1.14 06:47:33#trans_id:Z6aSgnuXP4L5XrHFO4NlikYCqPI=
2023.1.14 06:47:34#result:RESULT>OK^RESULT_CODE>000^3DSECURE>SKIPPED^RRN>301406664102^APPROVAL_CODE>258329^CARD_NUMBER>999999*********1168^AMOUNT>482000^CARDNAME>mb account^DESCRIPTION>6MSC22111079^TRANS_DATE>2023-01-14 12:47:31 PM
2023.1.14 06:47:35#33984214064734
2023.1.14 06:47:35#33984214064734
2023.1.14 06:47:35#33984214064734
2023.1.14 06:47:35#33984214064734
2023.1.14 06:47:35#33984214064734
2023.1.14 06:47:35#33984214064734
2023.1.14 06:47:35#=================== Transaction Completed =======================
2023.1.14 06:51:26#=================== Start New Transaction ===================
2023.1.14 06:51:26#txnrefnum:MBB2101095
2023.1.14 06:51:26#clientIp:202.134.14.135
2023.1.14 06:51:26#card type:6
2023.1.14 06:51:26#totalamount:722000
2023.1.14 06:51:29#result:TRANSACTION_ID:XoaWlQAKabPZegDk83nPIclavGg=
2023.1.14 06:51:29#Forward to DBBL Payment Gateway Page: https://ecom1.dutchbanglabank.com/ecomm2/ClientHandler?card_type=6&trans_id=XoaWlQAKabPZegDk83nPIclavGg%3D
2023.1.14 06:51:30#=================== Start New Transaction ===================
2023.1.14 06:51:30#txnrefnum:BBD2004021
2023.1.14 06:51:30#clientIp:114.130.184.211
2023.1.14 06:51:30#card type:6
2023.1.14 06:51:30#totalamount:722000
2023.1.14 06:51:33#result:TRANSACTION_ID:OywJivtGRGjGedwmwRQZ8RFPeb8=
2023.1.14 06:51:33#Forward to DBBL Payment Gateway Page: https://ecom1.dutchbanglabank.com/ecomm2/ClientHandler?card_type=6&trans_id=OywJivtGRGjGedwmwRQZ8RFPeb8%3D
2023.1.14 06:51:53#---------------------- Complete New Transaction---------------------
2023.1.14 06:51:53#Get trans_id From Post Value:OywJivtGRGjGedwmwRQZ8RFPeb8=
2023.1.14 06:51:53#clientIp:114.130.184.211
2023.1.14 06:51:53#trans_id:OywJivtGRGjGedwmwRQZ8RFPeb8=
2023.1.14 06:51:55#result:RESULT>OK^RESULT_CODE>000^3DSECURE>SKIPPED^RRN>301406664488^APPROVAL_CODE>264439^CARD_NUMBER>999999*********6896^AMOUNT>722000^CARDNAME>mb account^DESCRIPTION>6BBD2004021^TRANS_DATE>2023-01-14 12:51:52 PM
2023.1.14 06:51:55#51545014065155
2023.1.14 06:51:56#51545014065155
2023.1.14 06:51:56#51545014065155
2023.1.14 06:51:56#51545014065155
2023.1.14 06:51:56#=================== Transaction Completed =======================
2023.1.14 06:52:04#---------------------- Complete New Transaction---------------------
2023.1.14 06:52:04#Get trans_id From Post Value:XoaWlQAKabPZegDk83nPIclavGg=
2023.1.14 06:52:04#clientIp:202.134.14.135
2023.1.14 06:52:04#trans_id:XoaWlQAKabPZegDk83nPIclavGg=
2023.1.14 06:52:06#result:RESULT>OK^RESULT_CODE>000^3DSECURE>SKIPPED^RRN>301406664503^APPROVAL_CODE>241448^CARD_NUMBER>999999*********1168^AMOUNT>722000^CARDNAME>mb account^DESCRIPTION>6MBB2101095^TRANS_DATE>2023-01-14 12:52:03 PM
2023.1.14 06:52:06#36440414065206
2023.1.14 06:52:06#36440414065206
2023.1.14 06:52:06#36440414065206
2023.1.14 06:52:06#36440414065206
2023.1.14 06:52:06#=================== Transaction Completed =======================
2023.1.14 06:53:25#=================== Start New Transaction ===================
2023.1.14 06:53:25#txnrefnum:BBM2004025
2023.1.14 06:53:25#clientIp:157.119.238.10
2023.1.14 06:53:25#card type:6
2023.1.14 06:53:25#totalamount:722000
2023.1.14 06:53:28#result:TRANSACTION_ID:b4d4pNjR4QSaQbTlozRYHvO1Yzg=
2023.1.14 06:53:28#Forward to DBBL Payment Gateway Page: https://ecom1.dutchbanglabank.com/ecomm2/ClientHandler?card_type=6&trans_id=b4d4pNjR4QSaQbTlozRYHvO1Yzg%3D
2023.1.14 06:54:05#---------------------- Complete New Transaction---------------------
2023.1.14 06:54:05#Get trans_id From Post Value:b4d4pNjR4QSaQbTlozRYHvO1Yzg=
2023.1.14 06:54:05#clientIp:157.119.238.10
2023.1.14 06:54:05#trans_id:b4d4pNjR4QSaQbTlozRYHvO1Yzg=
2023.1.14 06:54:07#result:RESULT>OK^RESULT_CODE>000^3DSECURE>SKIPPED^RRN>301406664674^APPROVAL_CODE>187074^CARD_NUMBER>999999*********8505^AMOUNT>722000^CARDNAME>mb account^DESCRIPTION>6BBM2004025^TRANS_DATE>2023-01-14 12:54:04 PM
2023.1.14 06:54:07#51555314065407
2023.1.14 06:54:07#51555314065407
2023.1.14 06:54:07#51555314065407
2023.1.14 06:54:07#51555314065407
2023.1.14 06:54:07#=================== Transaction Completed =======================
2023.1.14 07:07:59#=================== Start New Transaction ===================
2023.1.14 07:07:59#txnrefnum:MEG2108002
2023.1.14 07:07:59#clientIp:103.16.248.27
2023.1.14 07:07:59#card type:6
2023.1.14 07:07:59#totalamount:922000
2023.1.14 07:08:02#result:TRANSACTION_ID:upAEm3c4EaHVcmVLjCAXnE0XdS8=
2023.1.14 07:08:03#Forward to DBBL Payment Gateway Page: https://ecom1.dutchbanglabank.com/ecomm2/ClientHandler?card_type=6&trans_id=upAEm3c4EaHVcmVLjCAXnE0XdS8%3D
2023.1.14 07:09:49#---------------------- Complete New Transaction---------------------
2023.1.14 07:09:49#Get trans_id From Post Value:upAEm3c4EaHVcmVLjCAXnE0XdS8=
2023.1.14 07:09:49#clientIp:103.16.248.27
2023.1.14 07:09:49#trans_id:upAEm3c4EaHVcmVLjCAXnE0XdS8=
2023.1.14 07:09:51#result:RESULT>OK^RESULT_CODE>000^3DSECURE>SKIPPED^RRN>301407665931^APPROVAL_CODE>292643^CARD_NUMBER>999999*********1860^AMOUNT>922000^CARDNAME>mb account^DESCRIPTION>6MEG2108002^TRANS_DATE>2023-01-14 01:09:48 PM
2023.1.14 07:09:51#37268814070951
2023.1.14 07:09:51#37268814070951
2023.1.14 07:09:51#37268814070951
2023.1.14 07:09:52#37268814070951
2023.1.14 07:09:52#=================== Transaction Completed =======================
2023.1.14 07:27:26#=================== Start New Transaction ===================
2023.1.14 07:27:26#txnrefnum:BBB2109010
2023.1.14 07:27:26#clientIp:43.245.140.130
2023.1.14 07:27:26#card type:6
2023.1.14 07:27:26#totalamount:252000
2023.1.14 07:27:29#result:TRANSACTION_ID:M9pDxLuSArWOglRBUT5aeH3FLGQ=
2023.1.14 07:27:29#Forward to DBBL Payment Gateway Page: https://ecom1.dutchbanglabank.com/ecomm2/ClientHandler?card_type=6&trans_id=M9pDxLuSArWOglRBUT5aeH3FLGQ%3D
2023.1.14 07:28:15#---------------------- Complete New Transaction---------------------
2023.1.14 07:28:15#Get trans_id From Post Value:M9pDxLuSArWOglRBUT5aeH3FLGQ=
2023.1.14 07:28:15#clientIp:43.245.140.130
2023.1.14 07:28:15#trans_id:M9pDxLuSArWOglRBUT5aeH3FLGQ=
2023.1.14 07:28:17#result:RESULT>OK^RESULT_CODE>000^3DSECURE>SKIPPED^RRN>301407667361^APPROVAL_CODE>380056^CARD_NUMBER>999999*********0482^AMOUNT>252000^CARDNAME>mb account^DESCRIPTION>6BBB2109010^TRANS_DATE>2023-01-14 01:28:14 PM
2023.1.14 07:28:17#51648214072817
2023.1.14 07:28:17#51648214072817
2023.1.14 07:28:17#=================== Transaction Completed =======================
2023.1.14 07:28:32#=================== Start New Transaction ===================
2023.1.14 07:28:32#txnrefnum:MBD2007234
2023.1.14 07:28:32#clientIp:202.134.14.135
2023.1.14 07:28:32#card type:6
2023.1.14 07:28:32#totalamount:722000
2023.1.14 07:28:35#result:TRANSACTION_ID:t5XJLCMeIxQOakA35ZmH1E6exOU=
2023.1.14 07:28:35#Forward to DBBL Payment Gateway Page: https://ecom1.dutchbanglabank.com/ecomm2/ClientHandler?card_type=6&trans_id=t5XJLCMeIxQOakA35ZmH1E6exOU%3D
2023.1.14 07:28:53#---------------------- Complete New Transaction---------------------
2023.1.14 07:28:53#Get trans_id From Post Value:t5XJLCMeIxQOakA35ZmH1E6exOU=
2023.1.14 07:28:53#clientIp:202.134.14.135
2023.1.14 07:28:53#trans_id:t5XJLCMeIxQOakA35ZmH1E6exOU=
2023.1.14 07:28:55#result:RESULT>OK^RESULT_CODE>000^3DSECURE>SKIPPED^RRN>301407667406^APPROVAL_CODE>452848^CARD_NUMBER>999999*********1168^AMOUNT>722000^CARDNAME>mb account^DESCRIPTION>6MBD2007234^TRANS_DATE>2023-01-14 01:28:52 PM
2023.1.14 07:28:55#29961614072855
2023.1.14 07:28:55#29961614072855
2023.1.14 07:28:55#29961614072855
2023.1.14 07:28:56#29961614072855
2023.1.14 07:28:56#=================== Transaction Completed =======================
2023.1.14 07:43:48#=================== Start New Transaction ===================
2023.1.14 07:43:48#txnrefnum:MBB2101517
2023.1.14 07:43:48#clientIp:202.134.14.135
2023.1.14 07:43:48#card type:6
2023.1.14 07:43:48#totalamount:722000
2023.1.14 07:43:51#result:TRANSACTION_ID:bamrU2ceo7JacxPU4h5MNqzswL0=
2023.1.14 07:43:51#Forward to DBBL Payment Gateway Page: https://ecom1.dutchbanglabank.com/ecomm2/ClientHandler?card_type=6&trans_id=bamrU2ceo7JacxPU4h5MNqzswL0%3D
2023.1.14 07:44:12#---------------------- Complete New Transaction---------------------
2023.1.14 07:44:12#Get trans_id From Post Value:bamrU2ceo7JacxPU4h5MNqzswL0=
2023.1.14 07:44:12#clientIp:202.134.14.135
2023.1.14 07:44:12#trans_id:bamrU2ceo7JacxPU4h5MNqzswL0=
2023.1.14 07:44:14#result:RESULT>OK^RESULT_CODE>000^3DSECURE>SKIPPED^RRN>301407668464^APPROVAL_CODE>447922^CARD_NUMBER>999999*********1168^AMOUNT>722000^CARDNAME>mb account^DESCRIPTION>6MBB2101517^TRANS_DATE>2023-01-14 01:44:10 PM
2023.1.14 07:44:14#36452914074414
2023.1.14 07:44:14#36452914074414
2023.1.14 07:44:14#36452914074414
2023.1.14 07:44:14#36452914074414
2023.1.14 07:44:14#=================== Transaction Completed =======================
2023.1.14 07:47:31#=================== Start New Transaction ===================
2023.1.14 07:47:31#txnrefnum:MBD2303286
2023.1.14 07:47:31#clientIp:202.134.14.135
2023.1.14 07:47:31#card type:6
2023.1.14 07:47:31#totalamount:802000
2023.1.14 07:47:34#result:TRANSACTION_ID:nC9Q5SkbBSpP4lFQERqki9504qc=
2023.1.14 07:47:34#Forward to DBBL Payment Gateway Page: https://ecom1.dutchbanglabank.com/ecomm2/ClientHandler?card_type=6&trans_id=nC9Q5SkbBSpP4lFQERqki9504qc%3D
2023.1.14 07:47:52#---------------------- Complete New Transaction---------------------
2023.1.14 07:47:52#Get trans_id From Post Value:nC9Q5SkbBSpP4lFQERqki9504qc=
2023.1.14 07:47:52#clientIp:202.134.14.135
2023.1.14 07:47:52#trans_id:nC9Q5SkbBSpP4lFQERqki9504qc=
2023.1.14 07:47:54#result:RESULT>OK^RESULT_CODE>000^3DSECURE>SKIPPED^RRN>301407668748^APPROVAL_CODE>399564^CARD_NUMBER>999999*********1168^AMOUNT>802000^CARDNAME>mb account^DESCRIPTION>6MBD2303286^TRANS_DATE>2023-01-14 01:47:50 PM
2023.1.14 07:47:54#51861814074754
2023.1.14 07:47:54#51861814074754
2023.1.14 07:47:54#51861814074754
2023.1.14 07:47:54#51861814074754
2023.1.14 07:47:54#=================== Transaction Completed =======================
2023.1.14 08:04:32#=================== Start New Transaction ===================
2023.1.14 08:04:32#txnrefnum:BBM2007044
2023.1.14 08:04:32#clientIp:103.138.120.252
2023.1.14 08:04:32#card type:6
2023.1.14 08:04:32#totalamount:482000
2023.1.14 08:04:34#result:TRANSACTION_ID:lQztwUwBX1kjwoj6Pq29KBJdNLc=
2023.1.14 08:04:35#Forward to DBBL Payment Gateway Page: https://ecom1.dutchbanglabank.com/ecomm2/ClientHandler?card_type=6&trans_id=lQztwUwBX1kjwoj6Pq29KBJdNLc%3D
2023.1.14 08:05:01#=================== Start New Transaction ===================
2023.1.14 08:05:01#txnrefnum:MBB2102016
2023.1.14 08:05:01#clientIp:103.160.8.55
2023.1.14 08:05:01#card type:6
2023.1.14 08:05:01#totalamount:722000
2023.1.14 08:05:04#result:TRANSACTION_ID:Hl2mCgYZBIAa4LVjKuoFcRcagO8=
2023.1.14 08:05:04#Forward to DBBL Payment Gateway Page: https://ecom1.dutchbanglabank.com/ecomm2/ClientHandler?card_type=6&trans_id=Hl2mCgYZBIAa4LVjKuoFcRcagO8%3D
2023.1.14 08:05:05#=================== Start New Transaction ===================
2023.1.14 08:05:05#txnrefnum:MBB2102016
2023.1.14 08:05:05#clientIp:103.160.8.55
2023.1.14 08:05:05#card type:6
2023.1.14 08:05:05#totalamount:722000
2023.1.14 08:05:08#=================== Start New Transaction ===================
2023.1.14 08:05:08#txnrefnum:MBB2102016
2023.1.14 08:05:08#clientIp:103.160.8.55
2023.1.14 08:05:08#card type:6
2023.1.14 08:05:08#totalamount:722000
2023.1.14 08:05:08#result:TRANSACTION_ID:qFn5ff1VKquwoUQZTXfkfxnFRQE=
2023.1.14 08:05:08#Forward to DBBL Payment Gateway Page: https://ecom1.dutchbanglabank.com/ecomm2/ClientHandler?card_type=6&trans_id=qFn5ff1VKquwoUQZTXfkfxnFRQE%3D
2023.1.14 08:05:08#=================== Start New Transaction ===================
2023.1.14 08:05:08#txnrefnum:MBB2102016
2023.1.14 08:05:08#clientIp:103.160.8.55
2023.1.14 08:05:08#card type:6
2023.1.14 08:05:08#totalamount:722000
2023.1.14 08:05:11#result:TRANSACTION_ID:hsC6zdaLQSAPU55yASe75sSXAzw=
2023.1.14 08:05:11#Forward to DBBL Payment Gateway Page: https://ecom1.dutchbanglabank.com/ecomm2/ClientHandler?card_type=6&trans_id=hsC6zdaLQSAPU55yASe75sSXAzw%3D
2023.1.14 08:05:11#=================== Start New Transaction ===================
2023.1.14 08:05:11#txnrefnum:MBB2102016
2023.1.14 08:05:11#clientIp:103.160.8.55
2023.1.14 08:05:11#card type:6
2023.1.14 08:05:11#totalamount:722000
2023.1.14 08:05:11#result:TRANSACTION_ID:gUC5SmLTSH6LQ9nmcPYTao2nqJA=
2023.1.14 08:05:11#Forward to DBBL Payment Gateway Page: https://ecom1.dutchbanglabank.com/ecomm2/ClientHandler?card_type=6&trans_id=gUC5SmLTSH6LQ9nmcPYTao2nqJA%3D
2023.1.14 08:05:11#=================== Start New Transaction ===================
2023.1.14 08:05:11#txnrefnum:MBB2102016
2023.1.14 08:05:11#clientIp:103.160.8.55
2023.1.14 08:05:11#card type:6
2023.1.14 08:05:11#totalamount:722000
2023.1.14 08:05:14#result:TRANSACTION_ID:1y8Zq2gTNfx2ruh4nppOpmMy65Q=
2023.1.14 08:05:14#Forward to DBBL Payment Gateway Page: https://ecom1.dutchbanglabank.com/ecomm2/ClientHandler?card_type=6&trans_id=1y8Zq2gTNfx2ruh4nppOpmMy65Q%3D
2023.1.14 08:05:14#result:TRANSACTION_ID:D5cSaFj9sYgj0Cqg8SxZ2qy7lvs=
2023.1.14 08:05:14#Forward to DBBL Payment Gateway Page: https://ecom1.dutchbanglabank.com/ecomm2/ClientHandler?card_type=6&trans_id=D5cSaFj9sYgj0Cqg8SxZ2qy7lvs%3D
2023.1.14 08:05:15#=================== Start New Transaction ===================
2023.1.14 08:05:15#txnrefnum:MBB2102016
2023.1.14 08:05:15#clientIp:103.160.8.55
2023.1.14 08:05:15#card type:6
2023.1.14 08:05:15#totalamount:722000
2023.1.14 08:05:17#result:TRANSACTION_ID:EGt2pefHG1XF2uUeDE3SZHS6zN0=
2023.1.14 08:05:18#Forward to DBBL Payment Gateway Page: https://ecom1.dutchbanglabank.com/ecomm2/ClientHandler?card_type=6&trans_id=EGt2pefHG1XF2uUeDE3SZHS6zN0%3D
2023.1.14 08:08:45#=================== Start New Transaction ===================
2023.1.14 08:08:45#txnrefnum:MSC22111086
2023.1.14 08:08:45#clientIp:202.134.14.135
2023.1.14 08:08:45#card type:6
2023.1.14 08:08:45#totalamount:2000
2023.1.14 08:08:48#result:TRANSACTION_ID:37H7j81SPp0BdrajQRaDCIsP4TM=
2023.1.14 08:08:48#Forward to DBBL Payment Gateway Page: https://ecom1.dutchbanglabank.com/ecomm2/ClientHandler?card_type=6&trans_id=37H7j81SPp0BdrajQRaDCIsP4TM%3D
2023.1.14 08:22:45#=================== Start New Transaction ===================
2023.1.14 08:22:45#txnrefnum:BBM2209046
2023.1.14 08:22:45#clientIp:103.166.89.85
2023.1.14 08:22:45#card type:6
2023.1.14 08:22:45#totalamount:722000
2023.1.14 08:22:48#result:TRANSACTION_ID:A2Zz3h9u7fTrAWr7MEUaKeC6g0M=
2023.1.14 08:22:48#Forward to DBBL Payment Gateway Page: https://ecom1.dutchbanglabank.com/ecomm2/ClientHandler?card_type=6&trans_id=A2Zz3h9u7fTrAWr7MEUaKeC6g0M%3D
2023.1.14 08:24:18#---------------------- Complete New Transaction---------------------
2023.1.14 08:24:18#Get trans_id From Post Value:A2Zz3h9u7fTrAWr7MEUaKeC6g0M=
2023.1.14 08:24:18#clientIp:103.166.89.85
2023.1.14 08:24:18#trans_id:A2Zz3h9u7fTrAWr7MEUaKeC6g0M=
2023.1.14 08:24:20#result:RESULT>OK^RESULT_CODE>000^3DSECURE>SKIPPED^RRN>301408671327^APPROVAL_CODE>578288^CARD_NUMBER>999999*********2301^AMOUNT>722000^CARDNAME>mb account^DESCRIPTION>6BBM2209046^TRANS_DATE>2023-01-14 02:24:17 PM
2023.1.14 08:24:20#37192014082420
2023.1.14 08:24:20#37192014082420
2023.1.14 08:24:20#37192014082420
2023.1.14 08:24:20#37192014082420
2023.1.14 08:24:20#=================== Transaction Completed =======================
2023.1.14 08:46:06#=================== Start New Transaction ===================
2023.1.14 08:46:06#txnrefnum:BBD2007046
2023.1.14 08:46:06#clientIp:103.138.120.245
2023.1.14 08:46:06#card type:6
2023.1.14 08:46:06#totalamount:722000
2023.1.14 08:46:09#result:TRANSACTION_ID:RaYe9P8C8LrPMkefJu56CiGUaBc=
2023.1.14 08:46:09#Forward to DBBL Payment Gateway Page: https://ecom1.dutchbanglabank.com/ecomm2/ClientHandler?card_type=6&trans_id=RaYe9P8C8LrPMkefJu56CiGUaBc%3D
2023.1.14 08:48:37#---------------------- Complete New Transaction---------------------
2023.1.14 08:48:37#Get trans_id From Post Value:RaYe9P8C8LrPMkefJu56CiGUaBc=
2023.1.14 08:48:37#clientIp:103.138.120.245
2023.1.14 08:48:37#trans_id:RaYe9P8C8LrPMkefJu56CiGUaBc=
2023.1.14 08:48:39#result:RESULT>OK^RESULT_CODE>000^3DSECURE>SKIPPED^RRN>301408672952^APPROVAL_CODE>678866^CARD_NUMBER>999999*********8889^AMOUNT>722000^CARDNAME>mb account^DESCRIPTION>6BBD2007046^TRANS_DATE>2023-01-14 02:48:36 PM
2023.1.14 08:48:39#37177814084839
2023.1.14 08:48:39#37177814084839
2023.1.14 08:48:39#37177814084839
2023.1.14 08:48:39#37177814084839
2023.1.14 08:48:39#=================== Transaction Completed =======================
2023.1.14 09:03:23#=================== Start New Transaction ===================
2023.1.14 09:03:23#txnrefnum:MBG2101307
2023.1.14 09:03:23#clientIp:103.225.93.254
2023.1.14 09:03:23#card type:6
2023.1.14 09:03:23#totalamount:2000
2023.1.14 09:03:26#=================== Start New Transaction ===================
2023.1.14 09:03:26#txnrefnum:MBG2101307
2023.1.14 09:03:26#clientIp:103.225.93.254
2023.1.14 09:03:26#card type:6
2023.1.14 09:03:26#totalamount:2000
2023.1.14 09:03:26#result:TRANSACTION_ID:2hWA7WVvEJbm2yT4d6mGdoflk1k=
2023.1.14 09:03:26#Forward to DBBL Payment Gateway Page: https://ecom1.dutchbanglabank.com/ecomm2/ClientHandler?card_type=6&trans_id=2hWA7WVvEJbm2yT4d6mGdoflk1k%3D
2023.1.14 09:03:27#=================== Start New Transaction ===================
2023.1.14 09:03:27#txnrefnum:MBG2101307
2023.1.14 09:03:27#clientIp:103.225.93.254
2023.1.14 09:03:27#card type:6
2023.1.14 09:03:27#totalamount:2000
2023.1.14 09:03:29#result:TRANSACTION_ID:587P2mPS977lZPygv83pMkAlqxw=
2023.1.14 09:03:29#Forward to DBBL Payment Gateway Page: https://ecom1.dutchbanglabank.com/ecomm2/ClientHandler?card_type=6&trans_id=587P2mPS977lZPygv83pMkAlqxw%3D
2023.1.14 09:03:29#=================== Start New Transaction ===================
2023.1.14 09:03:29#txnrefnum:MBG2101307
2023.1.14 09:03:29#clientIp:103.225.93.254
2023.1.14 09:03:29#card type:6
2023.1.14 09:03:29#totalamount:2000
2023.1.14 09:03:30#result:TRANSACTION_ID:VqTLDVvSCgdVyWC1pQfYbztw4Pk=
2023.1.14 09:03:30#Forward to DBBL Payment Gateway Page: https://ecom1.dutchbanglabank.com/ecomm2/ClientHandler?card_type=6&trans_id=VqTLDVvSCgdVyWC1pQfYbztw4Pk%3D
2023.1.14 09:03:32#result:TRANSACTION_ID:bQNJ6OYB9FjikMZPeF0XYQspbxg=
2023.1.14 09:03:32#Forward to DBBL Payment Gateway Page: https://ecom1.dutchbanglabank.com/ecomm2/ClientHandler?card_type=6&trans_id=bQNJ6OYB9FjikMZPeF0XYQspbxg%3D
2023.1.14 09:06:21#---------------------- Complete New Transaction---------------------
2023.1.14 09:06:21#Get trans_id From Post Value:bQNJ6OYB9FjikMZPeF0XYQspbxg=
2023.1.14 09:06:21#clientIp:103.225.93.254
2023.1.14 09:06:21#trans_id:bQNJ6OYB9FjikMZPeF0XYQspbxg=
2023.1.14 09:06:22#result:RESULT>OK^RESULT_CODE>000^3DSECURE>SKIPPED^RRN>301409674137^APPROVAL_CODE>800260^CARD_NUMBER>999999*********1091^AMOUNT>2000^CARDNAME>mb account^DESCRIPTION>6MBG2101307^TRANS_DATE>2023-01-14 03:06:18 PM
2023.1.14 09:06:23#=================== Transaction Completed =======================
2023.1.14 10:35:44#=================== Start New Transaction ===================
2023.1.14 10:35:44#txnrefnum:MBM2209214
2023.1.14 10:35:44#clientIp:103.12.174.234
2023.1.14 10:35:44#card type:6
2023.1.14 10:35:44#totalamount:722000
2023.1.14 10:35:47#result:TRANSACTION_ID:CoLb2sOoPXcWGN484cmG8EFGCXE=
2023.1.14 10:35:47#Forward to DBBL Payment Gateway Page: https://ecom1.dutchbanglabank.com/ecomm2/ClientHandler?card_type=6&trans_id=CoLb2sOoPXcWGN484cmG8EFGCXE%3D
2023.1.14 10:37:15#---------------------- Complete New Transaction---------------------
2023.1.14 10:37:15#Get trans_id From Post Value:CoLb2sOoPXcWGN484cmG8EFGCXE=
2023.1.14 10:37:15#clientIp:103.12.174.234
2023.1.14 10:37:15#trans_id:CoLb2sOoPXcWGN484cmG8EFGCXE=
2023.1.14 10:37:17#result:RESULT>OK^RESULT_CODE>000^3DSECURE>SKIPPED^RRN>301410679963^APPROVAL_CODE>071647^CARD_NUMBER>999999*********1035^AMOUNT>722000^CARDNAME>mb account^DESCRIPTION>6MBM2209214^TRANS_DATE>2023-01-14 04:37:14 PM
2023.1.14 10:37:17#37279114103717
2023.1.14 10:37:17#37279114103717
2023.1.14 10:37:17#37279114103717
2023.1.14 10:37:17#37279114103717
2023.1.14 10:37:17#=================== Transaction Completed =======================
2023.1.14 11:09:58#=================== Start New Transaction ===================
2023.1.14 11:09:58#txnrefnum:BBD2209055
2023.1.14 11:09:58#clientIp:114.130.184.211
2023.1.14 11:09:58#card type:6
2023.1.14 11:09:58#totalamount:722000
2023.1.14 11:10:01#result:TRANSACTION_ID:YX8PxwBbxqvLXkfx2FBS6nboPa8=
2023.1.14 11:10:01#Forward to DBBL Payment Gateway Page: https://ecom1.dutchbanglabank.com/ecomm2/ClientHandler?card_type=6&trans_id=YX8PxwBbxqvLXkfx2FBS6nboPa8%3D
2023.1.14 11:10:23#---------------------- Complete New Transaction---------------------
2023.1.14 11:10:23#Get trans_id From Post Value:YX8PxwBbxqvLXkfx2FBS6nboPa8=
2023.1.14 11:10:23#clientIp:114.130.184.211
2023.1.14 11:10:23#trans_id:YX8PxwBbxqvLXkfx2FBS6nboPa8=
2023.1.14 11:10:26#result:RESULT>OK^RESULT_CODE>000^3DSECURE>SKIPPED^RRN>301411682074^APPROVAL_CODE>182276^CARD_NUMBER>999999*********6896^AMOUNT>722000^CARDNAME>mb account^DESCRIPTION>6BBD2209055^TRANS_DATE>2023-01-14 05:10:22 PM
2023.1.14 11:10:26#37167714111026
2023.1.14 11:10:26#37167714111026
2023.1.14 11:10:26#37167714111026
2023.1.14 11:10:26#37167714111026
2023.1.14 11:10:26#=================== Transaction Completed =======================
2023.1.14 12:38:45#=================== Start New Transaction ===================
2023.1.14 12:38:45#txnrefnum:BBD2008089
2023.1.14 12:38:45#clientIp:114.130.185.101
2023.1.14 12:38:45#card type:6
2023.1.14 12:38:45#totalamount:454000
2023.1.14 12:38:49#result:TRANSACTION_ID:GT2x5rZbN7jqYRm1yLBIKYPUiTs=
2023.1.14 12:38:49#Forward to DBBL Payment Gateway Page: https://ecom1.dutchbanglabank.com/ecomm2/ClientHandler?card_type=6&trans_id=GT2x5rZbN7jqYRm1yLBIKYPUiTs%3D
2023.1.14 12:39:13#---------------------- Complete New Transaction---------------------
2023.1.14 12:39:13#Get trans_id From Post Value:GT2x5rZbN7jqYRm1yLBIKYPUiTs=
2023.1.14 12:39:13#clientIp:114.130.185.101
2023.1.14 12:39:13#trans_id:GT2x5rZbN7jqYRm1yLBIKYPUiTs=
2023.1.14 12:39:15#result:RESULT>OK^RESULT_CODE>000^3DSECURE>SKIPPED^RRN>301412688293^APPROVAL_CODE>641473^CARD_NUMBER>999999*********6896^AMOUNT>454000^CARDNAME>mb account^DESCRIPTION>6BBD2008089^TRANS_DATE>2023-01-14 06:39:13 PM
2023.1.14 12:39:15#35701214123915
2023.1.14 12:39:15#35701214123915
2023.1.14 12:39:15#35701214123915
2023.1.14 12:39:15#35701214123915
2023.1.14 12:39:15#=================== Transaction Completed =======================
2023.1.14 12:54:44#=================== Start New Transaction ===================
2023.1.14 12:54:44#txnrefnum:BBM2204085
2023.1.14 12:54:44#clientIp:157.119.238.10
2023.1.14 12:54:44#card type:6
2023.1.14 12:54:44#totalamount:802000
2023.1.14 12:54:47#result:TRANSACTION_ID:S5iPmOEcu5SF5KoipU4TD7Si3wY=
2023.1.14 12:54:47#Forward to DBBL Payment Gateway Page: https://ecom1.dutchbanglabank.com/ecomm2/ClientHandler?card_type=6&trans_id=S5iPmOEcu5SF5KoipU4TD7Si3wY%3D
2023.1.14 12:55:42#=================== Start New Transaction ===================
2023.1.14 12:55:42#txnrefnum:BBM2204085
2023.1.14 12:55:42#clientIp:157.119.238.10
2023.1.14 12:55:42#card type:6
2023.1.14 12:55:42#totalamount:802000
2023.1.14 12:55:45#result:TRANSACTION_ID:YcRoS9ntGT7K9tG6NIvfgGYu4Pw=
2023.1.14 12:55:45#Forward to DBBL Payment Gateway Page: https://ecom1.dutchbanglabank.com/ecomm2/ClientHandler?card_type=6&trans_id=YcRoS9ntGT7K9tG6NIvfgGYu4Pw%3D
2023.1.14 12:56:12#---------------------- Complete New Transaction---------------------
2023.1.14 12:56:12#Get trans_id From Post Value:YcRoS9ntGT7K9tG6NIvfgGYu4Pw=
2023.1.14 12:56:12#clientIp:157.119.238.10
2023.1.14 12:56:12#trans_id:YcRoS9ntGT7K9tG6NIvfgGYu4Pw=
2023.1.14 12:56:14#result:RESULT>OK^RESULT_CODE>000^3DSECURE>SKIPPED^RRN>301412689433^APPROVAL_CODE>681092^CARD_NUMBER>999999*********3511^AMOUNT>802000^CARDNAME>mb account^DESCRIPTION>6BBM2204085^TRANS_DATE>2023-01-14 06:56:11 PM
2023.1.14 12:56:14#23541514125614
2023.1.14 12:56:14#23541514125614
2023.1.14 12:56:14#23541514125614
2023.1.14 12:56:14#23541514125614
2023.1.14 12:56:14#23541514125614
2023.1.14 12:56:14#23541514125614
2023.1.14 12:56:14#=================== Transaction Completed =======================
2023.1.14 13:14:57#=================== Start New Transaction ===================
2023.1.14 13:14:57#txnrefnum:BBG2109002
2023.1.14 13:14:57#clientIp:103.58.74.154
2023.1.14 13:14:57#card type:6
2023.1.14 13:14:57#totalamount:252000
2023.1.14 13:15:00#result:TRANSACTION_ID:scMVl5OSpaZ19HIX5xq48hCiy2Y=
2023.1.14 13:15:00#Forward to DBBL Payment Gateway Page: https://ecom1.dutchbanglabank.com/ecomm2/ClientHandler?card_type=6&trans_id=scMVl5OSpaZ19HIX5xq48hCiy2Y%3D
2023.1.14 13:39:40#=================== Start New Transaction ===================
2023.1.14 13:39:40#txnrefnum:BBM2006200
2023.1.14 13:39:40#clientIp:103.100.95.18
2023.1.14 13:39:40#card type:6
2023.1.14 13:39:40#totalamount:722000
2023.1.14 13:39:43#result:TRANSACTION_ID:XU2Q2emhPHzj0yqKOajbgJxFkyQ=
2023.1.14 13:39:43#Forward to DBBL Payment Gateway Page: https://ecom1.dutchbanglabank.com/ecomm2/ClientHandler?card_type=6&trans_id=XU2Q2emhPHzj0yqKOajbgJxFkyQ%3D
2023.1.14 13:40:39#=================== Start New Transaction ===================
2023.1.14 13:40:39#txnrefnum:BBM2006200
2023.1.14 13:40:39#clientIp:103.100.95.18
2023.1.14 13:40:39#card type:6
2023.1.14 13:40:39#totalamount:722000
2023.1.14 13:40:42#result:TRANSACTION_ID:ATS40EcsJUGa9jkX2UJRhGKHILY=
2023.1.14 13:40:42#Forward to DBBL Payment Gateway Page: https://ecom1.dutchbanglabank.com/ecomm2/ClientHandler?card_type=6&trans_id=ATS40EcsJUGa9jkX2UJRhGKHILY%3D
2023.1.14 13:41:11#---------------------- Complete New Transaction---------------------
2023.1.14 13:41:11#Get trans_id From Post Value:ATS40EcsJUGa9jkX2UJRhGKHILY=
2023.1.14 13:41:11#clientIp:103.100.95.18
2023.1.14 13:41:11#trans_id:ATS40EcsJUGa9jkX2UJRhGKHILY=
2023.1.14 13:41:12#result:RESULT>OK^RESULT_CODE>000^3DSECURE>SKIPPED^RRN>301413692560^APPROVAL_CODE>997321^CARD_NUMBER>999999*********8025^AMOUNT>722000^CARDNAME>mb account^DESCRIPTION>6BBM2006200^TRANS_DATE>2023-01-14 07:41:09 PM
2023.1.14 13:41:12#37008214014112
2023.1.14 13:41:13#37008214014112
2023.1.14 13:41:13#37008214014112
2023.1.14 13:41:13#37008214014112
2023.1.14 13:41:13#=================== Transaction Completed =======================
2023.1.14 13:55:19#=================== Start New Transaction ===================
2023.1.14 13:55:19#txnrefnum:MBG2103122
2023.1.14 13:55:19#clientIp:103.133.202.242
2023.1.14 13:55:19#card type:6
2023.1.14 13:55:19#totalamount:722000
2023.1.14 13:55:22#result:TRANSACTION_ID:JzDWynBEKWuWx8eqbFYk6p3aYrg=
2023.1.14 13:55:22#Forward to DBBL Payment Gateway Page: https://ecom1.dutchbanglabank.com/ecomm2/ClientHandler?card_type=6&trans_id=JzDWynBEKWuWx8eqbFYk6p3aYrg%3D
2023.1.14 13:55:48#---------------------- Complete New Transaction---------------------
2023.1.14 13:55:48#Get trans_id From Post Value:JzDWynBEKWuWx8eqbFYk6p3aYrg=
2023.1.14 13:55:48#clientIp:103.133.202.242
2023.1.14 13:55:48#trans_id:JzDWynBEKWuWx8eqbFYk6p3aYrg=
2023.1.14 13:55:50#result:RESULT>OK^RESULT_CODE>000^3DSECURE>SKIPPED^RRN>301413693607^APPROVAL_CODE>118968^CARD_NUMBER>999999*********2497^AMOUNT>722000^CARDNAME>mb account^DESCRIPTION>6MBG2103122^TRANS_DATE>2023-01-14 07:55:47 PM
2023.1.14 13:55:50#36632114015550
2023.1.14 13:55:50#36632114015550
2023.1.14 13:55:50#36632114015550
2023.1.14 13:55:51#36632114015550
2023.1.14 13:55:51#=================== Transaction Completed =======================
2023.1.14 13:57:37#=================== Start New Transaction ===================
2023.1.14 13:57:37#txnrefnum:MBG2103122
2023.1.14 13:57:37#clientIp:103.133.202.242
2023.1.14 13:57:37#card type:6
2023.1.14 13:57:37#totalamount:2000
2023.1.14 13:57:40#result:TRANSACTION_ID:upuPlJGqbPjVb1PxP1kLX9wYoaE=
2023.1.14 13:57:40#Forward to DBBL Payment Gateway Page: https://ecom1.dutchbanglabank.com/ecomm2/ClientHandler?card_type=6&trans_id=upuPlJGqbPjVb1PxP1kLX9wYoaE%3D
2023.1.14 13:58:16#---------------------- Complete New Transaction---------------------
2023.1.14 13:58:16#Get trans_id From Post Value:upuPlJGqbPjVb1PxP1kLX9wYoaE=
2023.1.14 13:58:16#clientIp:103.133.202.242
2023.1.14 13:58:16#trans_id:upuPlJGqbPjVb1PxP1kLX9wYoaE=
2023.1.14 13:58:18#result:RESULT>OK^RESULT_CODE>000^3DSECURE>SKIPPED^RRN>301413693764^APPROVAL_CODE>123769^CARD_NUMBER>999999*********2497^AMOUNT>2000^CARDNAME>mb account^DESCRIPTION>6MBG2103122^TRANS_DATE>2023-01-14 07:58:10 PM
2023.1.14 13:58:18#=================== Transaction Completed =======================
2023.1.14 14:09:01#=================== Start New Transaction ===================
2023.1.14 14:09:01#txnrefnum:BBD2006116
2023.1.14 14:09:01#clientIp:103.89.24.38
2023.1.14 14:09:01#card type:6
2023.1.14 14:09:01#totalamount:722000
2023.1.14 14:09:04#result:TRANSACTION_ID:RuoitjcdP5p8A2nvbEDejxkIOVM=
2023.1.14 14:09:04#Forward to DBBL Payment Gateway Page: https://ecom1.dutchbanglabank.com/ecomm2/ClientHandler?card_type=6&trans_id=RuoitjcdP5p8A2nvbEDejxkIOVM%3D
2023.1.14 14:09:45#---------------------- Complete New Transaction---------------------
2023.1.14 14:09:45#Get trans_id From Post Value:RuoitjcdP5p8A2nvbEDejxkIOVM=
2023.1.14 14:09:45#clientIp:103.89.24.38
2023.1.14 14:09:45#trans_id:RuoitjcdP5p8A2nvbEDejxkIOVM=
2023.1.14 14:09:47#result:RESULT>OK^RESULT_CODE>000^3DSECURE>SKIPPED^RRN>301414694508^APPROVAL_CODE>201807^CARD_NUMBER>999999*********6465^AMOUNT>722000^CARDNAME>mb account^DESCRIPTION>6BBD2006116^TRANS_DATE>2023-01-14 08:09:44 PM
2023.1.14 14:09:47#37006014020947
2023.1.14 14:09:47#37006014020947
2023.1.14 14:09:47#37006014020947
2023.1.14 14:09:47#37006014020947
2023.1.14 14:09:47#=================== Transaction Completed =======================
2023.1.14 14:17:59#=================== Start New Transaction ===================
2023.1.14 14:17:59#txnrefnum:BBG2108034
2023.1.14 14:17:59#clientIp:103.166.89.85
2023.1.14 14:17:59#card type:6
2023.1.14 14:17:59#totalamount:722000
2023.1.14 14:18:02#result:TRANSACTION_ID:5vPDoPzxbryLOgiDBiumcdsQFNM=
2023.1.14 14:18:02#Forward to DBBL Payment Gateway Page: https://ecom1.dutchbanglabank.com/ecomm2/ClientHandler?card_type=6&trans_id=5vPDoPzxbryLOgiDBiumcdsQFNM%3D
2023.1.14 14:19:40#---------------------- Complete New Transaction---------------------
2023.1.14 14:19:40#Get trans_id From Post Value:5vPDoPzxbryLOgiDBiumcdsQFNM=
2023.1.14 14:19:40#clientIp:103.166.89.85
2023.1.14 14:19:40#trans_id:5vPDoPzxbryLOgiDBiumcdsQFNM=
2023.1.14 14:19:41#result:RESULT>OK^RESULT_CODE>000^3DSECURE>SKIPPED^RRN>301414695060^APPROVAL_CODE>188367^CARD_NUMBER>999999*********2301^AMOUNT>722000^CARDNAME>mb account^DESCRIPTION>6BBG2108034^TRANS_DATE>2023-01-14 08:19:36 PM
2023.1.14 14:19:41#37198914021941
2023.1.14 14:19:42#37198914021941
2023.1.14 14:19:42#37198914021941
2023.1.14 14:19:42#37198914021941
2023.1.14 14:19:42#=================== Transaction Completed =======================
2023.1.14 14:21:56#=================== Start New Transaction ===================
2023.1.14 14:21:56#txnrefnum:BBD2008112
2023.1.14 14:21:56#clientIp:157.119.238.10
2023.1.14 14:21:56#card type:6
2023.1.14 14:21:56#totalamount:252000
2023.1.14 14:21:59#result:TRANSACTION_ID:lbqJzUnGStqa63PkcOh8yzTJV9Q=
2023.1.14 14:22:00#Forward to DBBL Payment Gateway Page: https://ecom1.dutchbanglabank.com/ecomm2/ClientHandler?card_type=6&trans_id=lbqJzUnGStqa63PkcOh8yzTJV9Q%3D
2023.1.14 14:22:45#---------------------- Complete New Transaction---------------------
2023.1.14 14:22:45#Get trans_id From Post Value:lbqJzUnGStqa63PkcOh8yzTJV9Q=
2023.1.14 14:22:45#clientIp:157.119.238.10
2023.1.14 14:22:45#trans_id:lbqJzUnGStqa63PkcOh8yzTJV9Q=
2023.1.14 14:22:47#result:RESULT>OK^RESULT_CODE>000^3DSECURE>SKIPPED^RRN>301414695216^APPROVAL_CODE>228770^CARD_NUMBER>999999*********8505^AMOUNT>252000^CARDNAME>mb account^DESCRIPTION>6BBD2008112^TRANS_DATE>2023-01-14 08:22:44 PM
2023.1.14 14:22:47#51645414022247
2023.1.14 14:22:47#51645414022247
2023.1.14 14:22:47#=================== Transaction Completed =======================
2023.1.14 14:44:25#=================== Start New Transaction ===================
2023.1.14 14:44:25#txnrefnum:BBD2001075
2023.1.14 14:44:25#clientIp:103.138.120.66
2023.1.14 14:44:25#card type:6
2023.1.14 14:44:25#totalamount:722000
2023.1.14 14:44:28#result:TRANSACTION_ID:Ft5P6GZ2KykZUBE1jeQk0MFaUcU=
2023.1.14 14:44:28#Forward to DBBL Payment Gateway Page: https://ecom1.dutchbanglabank.com/ecomm2/ClientHandler?card_type=6&trans_id=Ft5P6GZ2KykZUBE1jeQk0MFaUcU%3D
2023.1.14 14:44:59#---------------------- Complete New Transaction---------------------
2023.1.14 14:44:59#Get trans_id From Post Value:Ft5P6GZ2KykZUBE1jeQk0MFaUcU=
2023.1.14 14:44:59#clientIp:103.138.120.66
2023.1.14 14:44:59#trans_id:Ft5P6GZ2KykZUBE1jeQk0MFaUcU=
2023.1.14 14:45:01#result:RESULT>FAILED^RESULT_CODE>116^3DSECURE>SKIPPED^RRN>301414696537^APPROVAL_CODE>0^CARD_NUMBER>999999*********1112^AMOUNT>722000^CARDNAME>mb account^DESCRIPTION>6BBD2001075^TRANS_DATE>2023-01-14 08:44:57 PM
2023.1.14 14:45:01#Not Sufficient Amount
2023.1.14 14:48:38#=================== Start New Transaction ===================
2023.1.14 14:48:38#txnrefnum:BBD2001075
2023.1.14 14:48:38#clientIp:103.138.120.66
2023.1.14 14:48:38#card type:6
2023.1.14 14:48:38#totalamount:722000
2023.1.14 14:48:40#result:TRANSACTION_ID:6DTsyUMUdnfQl9L3A6Ppr7QsvJQ=
2023.1.14 14:48:41#Forward to DBBL Payment Gateway Page: https://ecom1.dutchbanglabank.com/ecomm2/ClientHandler?card_type=6&trans_id=6DTsyUMUdnfQl9L3A6Ppr7QsvJQ%3D
2023.1.14 14:49:06#---------------------- Complete New Transaction---------------------
2023.1.14 14:49:06#Get trans_id From Post Value:6DTsyUMUdnfQl9L3A6Ppr7QsvJQ=
2023.1.14 14:49:06#clientIp:103.138.120.66
2023.1.14 14:49:06#trans_id:6DTsyUMUdnfQl9L3A6Ppr7QsvJQ=
2023.1.14 14:49:08#result:RESULT>OK^RESULT_CODE>000^3DSECURE>SKIPPED^RRN>301414696774^APPROVAL_CODE>427549^CARD_NUMBER>999999*********1112^AMOUNT>722000^CARDNAME>mb account^DESCRIPTION>6BBD2001075^TRANS_DATE>2023-01-14 08:49:04 PM
2023.1.14 14:49:08#36516114024908
2023.1.14 14:49:08#36516114024908
2023.1.14 14:49:08#36516114024908
2023.1.14 14:49:08#36516114024908
2023.1.14 14:49:08#=================== Transaction Completed =======================
2023.1.14 14:49:45#=================== Start New Transaction ===================
2023.1.14 14:49:45#txnrefnum:BBM2004041
2023.1.14 14:49:45#clientIp:43.245.140.118
2023.1.14 14:49:45#card type:6
2023.1.14 14:49:45#totalamount:722000
2023.1.14 14:49:48#result:TRANSACTION_ID:7laTiVIFam0e2nuyiWrptRS4g6g=
2023.1.14 14:49:48#Forward to DBBL Payment Gateway Page: https://ecom1.dutchbanglabank.com/ecomm2/ClientHandler?card_type=6&trans_id=7laTiVIFam0e2nuyiWrptRS4g6g%3D
2023.1.14 14:49:58#=================== Start New Transaction ===================
2023.1.14 14:49:58#txnrefnum:BBM2008092
2023.1.14 14:49:58#clientIp:103.25.120.231
2023.1.14 14:49:58#card type:6
2023.1.14 14:49:58#totalamount:252000
2023.1.14 14:50:01#result:TRANSACTION_ID:Vp0kO2fdXcMERnAgRO9ayznIleY=
2023.1.14 14:50:01#Forward to DBBL Payment Gateway Page: https://ecom1.dutchbanglabank.com/ecomm2/ClientHandler?card_type=6&trans_id=Vp0kO2fdXcMERnAgRO9ayznIleY%3D
2023.1.14 14:50:08#---------------------- Complete New Transaction---------------------
2023.1.14 14:50:08#Get trans_id From Post Value:7laTiVIFam0e2nuyiWrptRS4g6g=
2023.1.14 14:50:08#clientIp:43.245.140.118
2023.1.14 14:50:08#trans_id:7laTiVIFam0e2nuyiWrptRS4g6g=
2023.1.14 14:50:10#result:RESULT>OK^RESULT_CODE>000^3DSECURE>SKIPPED^RRN>301414696834^APPROVAL_CODE>388853^CARD_NUMBER>999999*********5106^AMOUNT>722000^CARDNAME>mb account^DESCRIPTION>6BBM2004041^TRANS_DATE>2023-01-14 08:50:07 PM
2023.1.14 14:50:10#51560114025010
2023.1.14 14:50:10#51560114025010
2023.1.14 14:50:10#51560114025010
2023.1.14 14:50:10#51560114025010
2023.1.14 14:50:10#=================== Transaction Completed =======================
2023.1.14 14:51:34#---------------------- Complete New Transaction---------------------
2023.1.14 14:51:34#Get trans_id From Post Value:Vp0kO2fdXcMERnAgRO9ayznIleY=
2023.1.14 14:51:34#clientIp:103.25.120.231
2023.1.14 14:51:34#trans_id:Vp0kO2fdXcMERnAgRO9ayznIleY=
2023.1.14 14:51:36#result:RESULT>OK^RESULT_CODE>000^3DSECURE>SKIPPED^RRN>301414696949^APPROVAL_CODE>391604^CARD_NUMBER>999999*********6719^AMOUNT>252000^CARDNAME>mb account^DESCRIPTION>6BBM2008092^TRANS_DATE>2023-01-14 08:51:33 PM
2023.1.14 14:51:36#51681214025136
2023.1.14 14:51:36#51681214025136
2023.1.14 14:51:36#=================== Transaction Completed =======================
2023.1.14 15:03:57#=================== Start New Transaction ===================
2023.1.14 15:03:57#txnrefnum:BBD2008077
2023.1.14 15:03:57#clientIp:103.89.24.38
2023.1.14 15:03:57#card type:6
2023.1.14 15:03:57#totalamount:252000
2023.1.14 15:03:58#=================== Start New Transaction ===================
2023.1.14 15:03:58#txnrefnum:BBM2008021
2023.1.14 15:03:58#clientIp:157.119.238.10
2023.1.14 15:03:58#card type:6
2023.1.14 15:03:58#totalamount:252000
2023.1.14 15:04:00#result:TRANSACTION_ID:YHCH5jCkalEl0eGG60fakQ75aOU=
2023.1.14 15:04:00#Forward to DBBL Payment Gateway Page: https://ecom1.dutchbanglabank.com/ecomm2/ClientHandler?card_type=6&trans_id=YHCH5jCkalEl0eGG60fakQ75aOU%3D
2023.1.14 15:04:01#result:TRANSACTION_ID:JLZESSucLqcKTsEhfkpTafbD0UM=
2023.1.14 15:04:01#Forward to DBBL Payment Gateway Page: https://ecom1.dutchbanglabank.com/ecomm2/ClientHandler?card_type=6&trans_id=JLZESSucLqcKTsEhfkpTafbD0UM%3D
2023.1.14 15:04:48#=================== Start New Transaction ===================
2023.1.14 15:04:48#txnrefnum:BBD2008077
2023.1.14 15:04:48#clientIp:103.204.246.70
2023.1.14 15:04:48#card type:6
2023.1.14 15:04:48#totalamount:252000
2023.1.14 15:04:51#result:TRANSACTION_ID:BFZZIpyVirS9NbWkNB5MrYDYWyk=
2023.1.14 15:04:51#Forward to DBBL Payment Gateway Page: https://ecom1.dutchbanglabank.com/ecomm2/ClientHandler?card_type=6&trans_id=BFZZIpyVirS9NbWkNB5MrYDYWyk%3D
2023.1.14 15:05:15#---------------------- Complete New Transaction---------------------
2023.1.14 15:05:15#Get trans_id From Post Value:JLZESSucLqcKTsEhfkpTafbD0UM=
2023.1.14 15:05:15#clientIp:157.119.238.10
2023.1.14 15:05:15#trans_id:JLZESSucLqcKTsEhfkpTafbD0UM=
2023.1.14 15:05:17#result:RESULT>OK^RESULT_CODE>000^3DSECURE>SKIPPED^RRN>301415697790^APPROVAL_CODE>340296^CARD_NUMBER>999999*********2290^AMOUNT>252000^CARDNAME>mb account^DESCRIPTION>6BBM2008021^TRANS_DATE>2023-01-14 09:05:14 PM
2023.1.14 15:05:17#51672214030517
2023.1.14 15:05:17#51672214030517
2023.1.14 15:05:17#=================== Transaction Completed =======================
2023.1.14 15:06:46#=================== Start New Transaction ===================
2023.1.14 15:06:46#txnrefnum:BBD2002085
2023.1.14 15:06:46#clientIp:157.119.238.10
2023.1.14 15:06:46#card type:6
2023.1.14 15:06:46#totalamount:722000
2023.1.14 15:06:49#result:TRANSACTION_ID:M8aHODUv9RD1hV6vkYkkq1PLuxA=
2023.1.14 15:06:49#Forward to DBBL Payment Gateway Page: https://ecom1.dutchbanglabank.com/ecomm2/ClientHandler?card_type=6&trans_id=M8aHODUv9RD1hV6vkYkkq1PLuxA%3D
2023.1.14 15:07:07#---------------------- Complete New Transaction---------------------
2023.1.14 15:07:07#Get trans_id From Post Value:BFZZIpyVirS9NbWkNB5MrYDYWyk=
2023.1.14 15:07:07#clientIp:103.204.246.70
2023.1.14 15:07:07#trans_id:BFZZIpyVirS9NbWkNB5MrYDYWyk=
2023.1.14 15:07:09#result:RESULT>OK^RESULT_CODE>000^3DSECURE>SKIPPED^RRN>301415697891^APPROVAL_CODE>508694^CARD_NUMBER>999999*********1121^AMOUNT>252000^CARDNAME>mb account^DESCRIPTION>6BBD2008077^TRANS_DATE>2023-01-14 09:07:06 PM
2023.1.14 15:07:09#51658314030709
2023.1.14 15:07:09#51658314030709
2023.1.14 15:07:09#=================== Transaction Completed =======================
2023.1.14 15:07:23#---------------------- Complete New Transaction---------------------
2023.1.14 15:07:23#Get trans_id From Post Value:M8aHODUv9RD1hV6vkYkkq1PLuxA=
2023.1.14 15:07:23#clientIp:157.119.238.10
2023.1.14 15:07:23#trans_id:M8aHODUv9RD1hV6vkYkkq1PLuxA=
2023.1.14 15:07:25#result:RESULT>OK^RESULT_CODE>000^3DSECURE>SKIPPED^RRN>301415697911^APPROVAL_CODE>342268^CARD_NUMBER>999999*********2290^AMOUNT>722000^CARDNAME>mb account^DESCRIPTION>6BBD2002085^TRANS_DATE>2023-01-14 09:07:22 PM
2023.1.14 15:07:25#36611314030725
2023.1.14 15:07:25#36611314030725
2023.1.14 15:07:25#36611314030725
2023.1.14 15:07:25#36611314030725
2023.1.14 15:07:25#=================== Transaction Completed =======================
2023.1.14 15:08:21#=================== Start New Transaction ===================
2023.1.14 15:08:21#txnrefnum:BBM2007107
2023.1.14 15:08:21#clientIp:157.119.238.10
2023.1.14 15:08:21#card type:6
2023.1.14 15:08:21#totalamount:722000
2023.1.14 15:08:24#result:TRANSACTION_ID:opLhNDT9p3xwvsALCACgHFbzPeM=
2023.1.14 15:08:24#Forward to DBBL Payment Gateway Page: https://ecom1.dutchbanglabank.com/ecomm2/ClientHandler?card_type=6&trans_id=opLhNDT9p3xwvsALCACgHFbzPeM%3D
2023.1.14 15:09:14#=================== Start New Transaction ===================
2023.1.14 15:09:14#txnrefnum:BBM2007107
2023.1.14 15:09:14#clientIp:157.119.238.10
2023.1.14 15:09:14#card type:6
2023.1.14 15:09:14#totalamount:722000
2023.1.14 15:09:16#result:TRANSACTION_ID:P7zUL1I0DPHJkyYWFImudKj0iGY=
2023.1.14 15:09:17#Forward to DBBL Payment Gateway Page: https://ecom1.dutchbanglabank.com/ecomm2/ClientHandler?card_type=6&trans_id=P7zUL1I0DPHJkyYWFImudKj0iGY%3D
2023.1.14 15:09:51#---------------------- Complete New Transaction---------------------
2023.1.14 15:09:51#Get trans_id From Post Value:P7zUL1I0DPHJkyYWFImudKj0iGY=
2023.1.14 15:09:51#clientIp:157.119.238.10
2023.1.14 15:09:51#trans_id:P7zUL1I0DPHJkyYWFImudKj0iGY=
2023.1.14 15:09:53#result:RESULT>OK^RESULT_CODE>000^3DSECURE>SKIPPED^RRN>301415698042^APPROVAL_CODE>478861^CARD_NUMBER>999999*********2290^AMOUNT>722000^CARDNAME>mb account^DESCRIPTION>6BBM2007107^TRANS_DATE>2023-01-14 09:09:50 PM
2023.1.14 15:09:53#31352514030953
2023.1.14 15:09:53#31352514030953
2023.1.14 15:09:53#31352514030953
2023.1.14 15:09:53#31352514030953
2023.1.14 15:09:53#=================== Transaction Completed =======================
2023.1.14 15:15:31#=================== Start New Transaction ===================
2023.1.14 15:15:31#txnrefnum:BBD2001053
2023.1.14 15:15:31#clientIp:103.25.120.231
2023.1.14 15:15:31#card type:6
2023.1.14 15:15:31#totalamount:722000
2023.1.14 15:15:34#result:TRANSACTION_ID:HWhWbMbbbEcQJXPJiKgLQumphVY=
2023.1.14 15:15:34#Forward to DBBL Payment Gateway Page: https://ecom1.dutchbanglabank.com/ecomm2/ClientHandler?card_type=6&trans_id=HWhWbMbbbEcQJXPJiKgLQumphVY%3D
2023.1.14 15:15:35#=================== Start New Transaction ===================
2023.1.14 15:15:35#txnrefnum:BBD2001053
2023.1.14 15:15:35#clientIp:103.25.120.231
2023.1.14 15:15:35#card type:6
2023.1.14 15:15:35#totalamount:722000
2023.1.14 15:15:38#result:TRANSACTION_ID:FACelldXX6oVKUpWzRUFSAsmtu8=
2023.1.14 15:15:38#Forward to DBBL Payment Gateway Page: https://ecom1.dutchbanglabank.com/ecomm2/ClientHandler?card_type=6&trans_id=FACelldXX6oVKUpWzRUFSAsmtu8%3D
2023.1.14 15:16:32#---------------------- Complete New Transaction---------------------
2023.1.14 15:16:32#Get trans_id From Post Value:FACelldXX6oVKUpWzRUFSAsmtu8=
2023.1.14 15:16:32#clientIp:103.25.120.231
2023.1.14 15:16:32#trans_id:FACelldXX6oVKUpWzRUFSAsmtu8=
2023.1.14 15:16:34#result:RESULT>OK^RESULT_CODE>000^3DSECURE>SKIPPED^RRN>301415698465^APPROVAL_CODE>552233^CARD_NUMBER>999999*********6719^AMOUNT>722000^CARDNAME>mb account^DESCRIPTION>6BBD2001053^TRANS_DATE>2023-01-14 09:16:32 PM
2023.1.14 15:16:34#36522314031634
2023.1.14 15:16:34#36522314031634
2023.1.14 15:16:34#36522314031634
2023.1.14 15:16:35#36522314031634
2023.1.14 15:16:35#=================== Transaction Completed =======================
2023.1.14 15:25:10#=================== Start New Transaction ===================
2023.1.14 15:25:10#txnrefnum:MBG2101307
2023.1.14 15:25:10#clientIp:103.225.93.254
2023.1.14 15:25:10#card type:6
2023.1.14 15:25:10#totalamount:2000
2023.1.14 15:25:12#=================== Start New Transaction ===================
2023.1.14 15:25:12#txnrefnum:MBG2101307
2023.1.14 15:25:12#clientIp:103.225.93.254
2023.1.14 15:25:12#card type:6
2023.1.14 15:25:12#totalamount:2000
2023.1.14 15:25:13#result:TRANSACTION_ID:4AVW95la1o2N12O4VvAPTmqXTeo=
2023.1.14 15:25:13#Forward to DBBL Payment Gateway Page: https://ecom1.dutchbanglabank.com/ecomm2/ClientHandler?card_type=6&trans_id=4AVW95la1o2N12O4VvAPTmqXTeo%3D
2023.1.14 15:25:15#=================== Start New Transaction ===================
2023.1.14 15:25:15#txnrefnum:MBG2101307
2023.1.14 15:25:15#clientIp:103.225.93.254
2023.1.14 15:25:15#card type:6
2023.1.14 15:25:15#totalamount:2000
2023.1.14 15:25:15#result:TRANSACTION_ID:FhpX2Z5S0GUgaIdWeTt3bl4ky8s=
2023.1.14 15:25:15#Forward to DBBL Payment Gateway Page: https://ecom1.dutchbanglabank.com/ecomm2/ClientHandler?card_type=6&trans_id=FhpX2Z5S0GUgaIdWeTt3bl4ky8s%3D
2023.1.14 15:25:15#=================== Start New Transaction ===================
2023.1.14 15:25:15#txnrefnum:MBG2101307
2023.1.14 15:25:15#clientIp:103.225.93.254
2023.1.14 15:25:15#card type:6
2023.1.14 15:25:15#totalamount:2000
2023.1.14 15:25:18#result:TRANSACTION_ID:upyfVmGJZiMUPWC6e8PZC7QFhsk=
2023.1.14 15:25:18#Forward to DBBL Payment Gateway Page: https://ecom1.dutchbanglabank.com/ecomm2/ClientHandler?card_type=6&trans_id=upyfVmGJZiMUPWC6e8PZC7QFhsk%3D
2023.1.14 15:25:18#result:TRANSACTION_ID:hR9GnwRGlzvuvjHwePjerjiTJdQ=
2023.1.14 15:25:18#Forward to DBBL Payment Gateway Page: https://ecom1.dutchbanglabank.com/ecomm2/ClientHandler?card_type=6&trans_id=hR9GnwRGlzvuvjHwePjerjiTJdQ%3D
2023.1.14 15:39:15#=================== Start New Transaction ===================
2023.1.14 15:39:15#txnrefnum:BBM2001057
2023.1.14 15:39:15#clientIp:114.129.14.4
2023.1.14 15:39:15#card type:6
2023.1.14 15:39:15#totalamount:722000
2023.1.14 15:39:18#result:TRANSACTION_ID:wqXs37XbV2tPLf7L0wquv9Y8zSc=
2023.1.14 15:39:18#Forward to DBBL Payment Gateway Page: https://ecom1.dutchbanglabank.com/ecomm2/ClientHandler?card_type=6&trans_id=wqXs37XbV2tPLf7L0wquv9Y8zSc%3D
2023.1.14 15:40:38#=================== Start New Transaction ===================
2023.1.14 15:40:38#txnrefnum:BBM2001057
2023.1.14 15:40:38#clientIp:114.129.14.4
2023.1.14 15:40:38#card type:6
2023.1.14 15:40:38#totalamount:722000
2023.1.14 15:40:41#result:TRANSACTION_ID:NhLBkBSPsruPNUdhXmI42Z8kzgo=
2023.1.14 15:40:41#Forward to DBBL Payment Gateway Page: https://ecom1.dutchbanglabank.com/ecomm2/ClientHandler?card_type=6&trans_id=NhLBkBSPsruPNUdhXmI42Z8kzgo%3D
2023.1.14 15:41:33#---------------------- Complete New Transaction---------------------
2023.1.14 15:41:33#Get trans_id From Post Value:NhLBkBSPsruPNUdhXmI42Z8kzgo=
2023.1.14 15:41:33#clientIp:114.129.14.4
2023.1.14 15:41:33#trans_id:NhLBkBSPsruPNUdhXmI42Z8kzgo=
2023.1.14 15:41:35#result:RESULT>OK^RESULT_CODE>000^3DSECURE>SKIPPED^RRN>301415699791^APPROVAL_CODE>581719^CARD_NUMBER>999999*********3647^AMOUNT>722000^CARDNAME>mb account^DESCRIPTION>6BBM2001057^TRANS_DATE>2023-01-14 09:41:30 PM
2023.1.14 15:41:35#36530514034135
2023.1.14 15:41:35#36530514034135
2023.1.14 15:41:35#36530514034135
2023.1.14 15:41:35#36530514034135
2023.1.14 15:41:35#=================== Transaction Completed =======================
2023.1.14 15:42:40#=================== Start New Transaction ===================
2023.1.14 15:42:40#txnrefnum:MBD2002208
2023.1.14 15:42:40#clientIp:103.175.131.48
2023.1.14 15:42:40#card type:6
2023.1.14 15:42:40#totalamount:722000
2023.1.14 15:42:43#result:TRANSACTION_ID:p9x80lvo6OVHyONdjPdR9Idy0Do=
2023.1.14 15:42:43#Forward to DBBL Payment Gateway Page: https://ecom1.dutchbanglabank.com/ecomm2/ClientHandler?card_type=6&trans_id=p9x80lvo6OVHyONdjPdR9Idy0Do%3D
2023.1.14 15:47:38#=================== Start New Transaction ===================
2023.1.14 15:47:38#txnrefnum:BBG2101103
2023.1.14 15:47:38#clientIp:103.86.111.38
2023.1.14 15:47:38#card type:6
2023.1.14 15:47:38#totalamount:1102000
2023.1.14 15:47:40#result:TRANSACTION_ID:HaspyvjahSOB7n9SPdMAKCZv6iY=
2023.1.14 15:47:41#Forward to DBBL Payment Gateway Page: https://ecom1.dutchbanglabank.com/ecomm2/ClientHandler?card_type=6&trans_id=HaspyvjahSOB7n9SPdMAKCZv6iY%3D
2023.1.14 15:47:41#=================== Start New Transaction ===================
2023.1.14 15:47:41#txnrefnum:BBG2101103
2023.1.14 15:47:41#clientIp:103.86.111.38
2023.1.14 15:47:41#card type:6
2023.1.14 15:47:41#totalamount:1102000
2023.1.14 15:47:43#result:TRANSACTION_ID:73OsxiYDSa8tBSxMPrEEo2CGxXA=
2023.1.14 15:47:44#Forward to DBBL Payment Gateway Page: https://ecom1.dutchbanglabank.com/ecomm2/ClientHandler?card_type=6&trans_id=73OsxiYDSa8tBSxMPrEEo2CGxXA%3D
2023.1.14 15:50:58#=================== Start New Transaction ===================
2023.1.14 15:50:58#txnrefnum:MBD2006031
2023.1.14 15:50:58#clientIp:103.133.201.93
2023.1.14 15:50:58#card type:6
2023.1.14 15:50:58#totalamount:802000
2023.1.14 15:51:01#result:TRANSACTION_ID:ZblP4ouED7sC0St1SOjK3C2x4y4=
2023.1.14 15:51:01#Forward to DBBL Payment Gateway Page: https://ecom1.dutchbanglabank.com/ecomm2/ClientHandler?card_type=6&trans_id=ZblP4ouED7sC0St1SOjK3C2x4y4%3D
2023.1.14 15:52:02#=================== Start New Transaction ===================
2023.1.14 15:52:02#txnrefnum:MBM2301500
2023.1.14 15:52:02#clientIp:103.177.118.2
2023.1.14 15:52:02#card type:6
2023.1.14 15:52:02#totalamount:802000
2023.1.14 15:52:05#result:TRANSACTION_ID:u2mYCdVJvvHP76DXK9W0msrHOVA=
2023.1.14 15:52:05#Forward to DBBL Payment Gateway Page: https://ecom1.dutchbanglabank.com/ecomm2/ClientHandler?card_type=6&trans_id=u2mYCdVJvvHP76DXK9W0msrHOVA%3D
2023.1.14 15:52:12#---------------------- Complete New Transaction---------------------
2023.1.14 15:52:12#Get trans_id From Post Value:ZblP4ouED7sC0St1SOjK3C2x4y4=
2023.1.14 15:52:12#clientIp:103.133.201.93
2023.1.14 15:52:12#trans_id:ZblP4ouED7sC0St1SOjK3C2x4y4=
2023.1.14 15:52:14#result:RESULT>OK^RESULT_CODE>000^3DSECURE>SKIPPED^RRN>301415700419^APPROVAL_CODE>702751^CARD_NUMBER>999999*********8870^AMOUNT>802000^CARDNAME>mb account^DESCRIPTION>6MBD2006031^TRANS_DATE>2023-01-14 09:52:10 PM
2023.1.14 15:52:14#18497214035214
2023.1.14 15:52:15#18497214035214
2023.1.14 15:52:15#18497214035214
2023.1.14 15:52:15#18497214035214
2023.1.14 15:52:15#18497214035214
2023.1.14 15:52:15#18497214035214
2023.1.14 15:52:15#=================== Transaction Completed =======================
2023.1.14 15:52:56#---------------------- Complete New Transaction---------------------
2023.1.14 15:52:56#Get trans_id From Post Value:u2mYCdVJvvHP76DXK9W0msrHOVA=
2023.1.14 15:52:56#clientIp:103.177.118.2
2023.1.14 15:52:56#trans_id:u2mYCdVJvvHP76DXK9W0msrHOVA=
2023.1.14 15:52:58#result:RESULT>OK^RESULT_CODE>000^3DSECURE>SKIPPED^RRN>301415700471^APPROVAL_CODE>703798^CARD_NUMBER>999999*********5909^AMOUNT>802000^CARDNAME>mb account^DESCRIPTION>6MBM2301500^TRANS_DATE>2023-01-14 09:52:55 PM
2023.1.14 15:52:58#51862014035258
2023.1.14 15:52:58#51862014035258
2023.1.14 15:52:58#51862014035258
2023.1.14 15:52:58#51862014035258
2023.1.14 15:52:58#=================== Transaction Completed =======================
2023.1.14 15:57:48#=================== Start New Transaction ===================
2023.1.14 15:57:48#txnrefnum:MBB2101381
2023.1.14 15:57:48#clientIp:103.133.201.93
2023.1.14 15:57:48#card type:6
2023.1.14 15:57:48#totalamount:962000
2023.1.14 15:57:51#result:TRANSACTION_ID:wVSdxN7wGig5nMaS7QD1PyY3XcM=
2023.1.14 15:57:51#Forward to DBBL Payment Gateway Page: https://ecom1.dutchbanglabank.com/ecomm2/ClientHandler?card_type=6&trans_id=wVSdxN7wGig5nMaS7QD1PyY3XcM%3D
2023.1.14 16:00:24#---------------------- Complete New Transaction---------------------
2023.1.14 16:00:24#Get trans_id From Post Value:wVSdxN7wGig5nMaS7QD1PyY3XcM=
2023.1.14 16:00:24#clientIp:103.133.201.93
2023.1.14 16:00:24#trans_id:wVSdxN7wGig5nMaS7QD1PyY3XcM=
2023.1.14 16:00:26#result:RESULT>OK^RESULT_CODE>000^3DSECURE>SKIPPED^RRN>301416700810^APPROVAL_CODE>715190^CARD_NUMBER>999999*********8870^AMOUNT>962000^CARDNAME>mb account^DESCRIPTION>6MBB2101381^TRANS_DATE>2023-01-14 10:00:23 PM
2023.1.14 16:00:26#8086214040026
2023.1.14 16:00:26#8086214040026
2023.1.14 16:00:26#8086214040026
2023.1.14 16:00:26#8086214040026
2023.1.14 16:00:26#8086214040026
2023.1.14 16:00:26#8086214040026
2023.1.14 16:00:26#8086214040026
2023.1.14 16:00:26#8086214040026
2023.1.14 16:00:26#8086214040026
2023.1.14 16:00:26#8086214040026
2023.1.14 16:00:26#=================== Transaction Completed =======================
2023.1.14 16:11:37#=================== Start New Transaction ===================
2023.1.14 16:11:37#txnrefnum:MBM2209213
2023.1.14 16:11:37#clientIp:202.134.10.132
2023.1.14 16:11:37#card type:6
2023.1.14 16:11:37#totalamount:722000
2023.1.14 16:11:40#result:TRANSACTION_ID:FMe6NGjHEsbiR781vECPWAQelJQ=
2023.1.14 16:11:40#Forward to DBBL Payment Gateway Page: https://ecom1.dutchbanglabank.com/ecomm2/ClientHandler?card_type=6&trans_id=FMe6NGjHEsbiR781vECPWAQelJQ%3D
2023.1.14 16:13:59#---------------------- Complete New Transaction---------------------
2023.1.14 16:13:59#Get trans_id From Post Value:FMe6NGjHEsbiR781vECPWAQelJQ=
2023.1.14 16:13:59#clientIp:202.134.10.132
2023.1.14 16:13:59#trans_id:FMe6NGjHEsbiR781vECPWAQelJQ=
2023.1.14 16:14:01#result:RESULT>OK^RESULT_CODE>000^3DSECURE>SKIPPED^RRN>301416701371^APPROVAL_CODE>802386^CARD_NUMBER>999999*********9648^AMOUNT>722000^CARDNAME>mb account^DESCRIPTION>6MBM2209213^TRANS_DATE>2023-01-14 10:13:58 PM
2023.1.14 16:14:01#37279014041401
2023.1.14 16:14:02#37279014041401
2023.1.14 16:14:02#37279014041401
2023.1.14 16:14:02#37279014041401
2023.1.14 16:14:02#=================== Transaction Completed =======================
2023.1.14 16:45:34#=================== Start New Transaction ===================
2023.1.14 16:45:34#txnrefnum:BBG2102064
2023.1.14 16:45:34#clientIp:103.138.120.245
2023.1.14 16:45:34#card type:6
2023.1.14 16:45:34#totalamount:722000
2023.1.14 16:45:38#result:TRANSACTION_ID:fOTwUyHldlGMEVxyrSV1jlj5PiA=
2023.1.14 16:45:38#Forward to DBBL Payment Gateway Page: https://ecom1.dutchbanglabank.com/ecomm2/ClientHandler?card_type=6&trans_id=fOTwUyHldlGMEVxyrSV1jlj5PiA%3D
2023.1.14 16:46:20#---------------------- Complete New Transaction---------------------
2023.1.14 16:46:20#Get trans_id From Post Value:fOTwUyHldlGMEVxyrSV1jlj5PiA=
2023.1.14 16:46:20#clientIp:103.138.120.245
2023.1.14 16:46:20#trans_id:fOTwUyHldlGMEVxyrSV1jlj5PiA=
2023.1.14 16:46:22#result:RESULT>OK^RESULT_CODE>000^3DSECURE>SKIPPED^RRN>301416702871^APPROVAL_CODE>880162^CARD_NUMBER>999999*********8889^AMOUNT>722000^CARDNAME>mb account^DESCRIPTION>6BBG2102064^TRANS_DATE>2023-01-14 10:46:19 PM
2023.1.14 16:46:22#36533414044622
2023.1.14 16:46:22#36533414044622
2023.1.14 16:46:22#36533414044622
2023.1.14 16:46:22#36533414044622
2023.1.14 16:46:22#=================== Transaction Completed =======================
2023.1.14 17:01:27#=================== Start New Transaction ===================
2023.1.14 17:01:27#txnrefnum:MSC22110520
2023.1.14 17:01:27#clientIp:103.173.31.88
2023.1.14 17:01:27#card type:6
2023.1.14 17:01:27#totalamount:2000
2023.1.14 17:01:30#result:TRANSACTION_ID:Y1kiZqKZa4O54dpyZOCe7X9L59U=
2023.1.14 17:01:30#Forward to DBBL Payment Gateway Page: https://ecom1.dutchbanglabank.com/ecomm2/ClientHandler?card_type=6&trans_id=Y1kiZqKZa4O54dpyZOCe7X9L59U%3D
2023.1.14 17:27:39#=================== Start New Transaction ===================
2023.1.14 17:27:39#txnrefnum:MBD2002088
2023.1.14 17:27:39#clientIp:37.111.210.188
2023.1.14 17:27:39#card type:6
2023.1.14 17:27:39#totalamount:722000
2023.1.14 17:27:41#result:TRANSACTION_ID:c4lyFOaYuPXFhV9AAu0NvYwZcFw=
2023.1.14 17:27:42#Forward to DBBL Payment Gateway Page: https://ecom1.dutchbanglabank.com/ecomm2/ClientHandler?card_type=6&trans_id=c4lyFOaYuPXFhV9AAu0NvYwZcFw%3D
2023.1.14 17:28:53#---------------------- Complete New Transaction---------------------
2023.1.14 17:28:53#Get trans_id From Post Value:c4lyFOaYuPXFhV9AAu0NvYwZcFw=
2023.1.14 17:28:53#clientIp:37.111.210.188
2023.1.14 17:28:53#trans_id:c4lyFOaYuPXFhV9AAu0NvYwZcFw=
2023.1.14 17:28:55#result:RESULT>OK^RESULT_CODE>000^3DSECURE>SKIPPED^RRN>301417704407^APPROVAL_CODE>798319^CARD_NUMBER>999999*********8135^AMOUNT>722000^CARDNAME>mb account^DESCRIPTION>6MBD2002088^TRANS_DATE>2023-01-14 11:28:51 PM
2023.1.14 17:28:55#36639514052855
2023.1.14 17:28:55#36639514052855
2023.1.14 17:28:55#36639514052855
2023.1.14 17:28:55#36639514052855
2023.1.14 17:28:55#=================== Transaction Completed =======================
2023.1.14 17:54:06#=================== Start New Transaction ===================
2023.1.14 17:54:06#txnrefnum:MBD2004188
2023.1.14 17:54:06#clientIp:103.132.223.21
2023.1.14 17:54:06#card type:6
2023.1.14 17:54:06#totalamount:722000
2023.1.14 17:54:09#result:TRANSACTION_ID:NPaY2BHqN15frkplbzjT4jsDGxs=
2023.1.14 17:54:09#Forward to DBBL Payment Gateway Page: https://ecom1.dutchbanglabank.com/ecomm2/ClientHandler?card_type=6&trans_id=NPaY2BHqN15frkplbzjT4jsDGxs%3D
2023.1.14 17:56:30#---------------------- Complete New Transaction---------------------
2023.1.14 17:56:30#Get trans_id From Post Value:NPaY2BHqN15frkplbzjT4jsDGxs=
2023.1.14 17:56:30#clientIp:103.132.223.21
2023.1.14 17:56:30#trans_id:NPaY2BHqN15frkplbzjT4jsDGxs=
2023.1.14 17:56:32#result:RESULT>OK^RESULT_CODE>000^3DSECURE>SKIPPED^RRN>301417705271^APPROVAL_CODE>986183^CARD_NUMBER>999999*********2004^AMOUNT>722000^CARDNAME>mb account^DESCRIPTION>6MBD2004188^TRANS_DATE>2023-01-14 11:56:27 PM
2023.1.14 17:56:32#51573814055632
2023.1.14 17:56:32#51573814055632
2023.1.14 17:56:32#51573814055632
2023.1.14 17:56:32#51573814055632
2023.1.14 17:56:32#=================== Transaction Completed =======================
2023.1.14 18:01:57#=================== Start New Transaction ===================
2023.1.14 18:01:57#txnrefnum:MBD2207094
2023.1.14 18:01:57#clientIp:118.179.22.65
2023.1.14 18:01:57#card type:6
2023.1.14 18:01:57#totalamount:2000
2023.1.14 18:02:00#result:TRANSACTION_ID:SjpDP76rJSb22mDWReXzGdnpvaU=
2023.1.14 18:02:00#Forward to DBBL Payment Gateway Page: https://ecom1.dutchbanglabank.com/ecomm2/ClientHandler?card_type=6&trans_id=SjpDP76rJSb22mDWReXzGdnpvaU%3D
2023.1.14 18:07:11#=================== Start New Transaction ===================
2023.1.14 18:07:11#txnrefnum:MBM2202179
2023.1.14 18:07:11#clientIp:116.206.253.175
2023.1.14 18:07:11#card type:6
2023.1.14 18:07:11#totalamount:722000
2023.1.14 18:07:14#result:TRANSACTION_ID:FyANHv2SnPcZHNZf0UZUlazkGEk=
2023.1.14 18:07:14#Forward to DBBL Payment Gateway Page: https://ecom1.dutchbanglabank.com/ecomm2/ClientHandler?card_type=6&trans_id=FyANHv2SnPcZHNZf0UZUlazkGEk%3D
2023.1.14 18:07:53#---------------------- Complete New Transaction---------------------
2023.1.14 18:07:53#Get trans_id From Post Value:FyANHv2SnPcZHNZf0UZUlazkGEk=
2023.1.14 18:07:53#clientIp:116.206.253.175
2023.1.14 18:07:53#trans_id:FyANHv2SnPcZHNZf0UZUlazkGEk=
2023.1.14 18:07:54#result:RESULT>OK^RESULT_CODE>000^3DSECURE>SKIPPED^RRN>301418705560^APPROVAL_CODE>991675^CARD_NUMBER>999999*********7336^AMOUNT>722000^CARDNAME>mb account^DESCRIPTION>6MBM2202179^TRANS_DATE>2023-01-15 12:07:52 AM
2023.1.14 18:07:54#36469914060754
2023.1.14 18:07:54#36469914060754
2023.1.14 18:07:54#36469914060754
2023.1.14 18:07:55#36469914060754
2023.1.14 18:07:55#=================== Transaction Completed =======================