
2023.3.8 03:55:21#=================== Start New Transaction ===================
2023.3.8 03:55:21#txnrefnum:MSC22110522
2023.3.8 03:55:21#clientIp:116.206.253.174
2023.3.8 03:55:21#card type:6
2023.3.8 03:55:21#totalamount:354000
2023.3.8 03:55:25#result:TRANSACTION_ID:hQYafcMuR7DODG6zVTFB8oml3wY=
2023.3.8 03:55:25#Forward to DBBL Payment Gateway Page: https://ecom1.dutchbanglabank.com/ecomm2/ClientHandler?card_type=6&trans_id=hQYafcMuR7DODG6zVTFB8oml3wY%3D
2023.3.8 03:56:42#---------------------- Complete New Transaction---------------------
2023.3.8 03:56:42#Get trans_id From Post Value:hQYafcMuR7DODG6zVTFB8oml3wY=
2023.3.8 03:56:44#clientIp:116.206.253.174
2023.3.8 03:56:44#trans_id:hQYafcMuR7DODG6zVTFB8oml3wY=
2023.3.8 03:56:46#result:RESULT>OK^RESULT_CODE>000^3DSECURE>SKIPPED^RRN>306703500073^APPROVAL_CODE>211315^CARD_NUMBER>999999*********2274^AMOUNT>354000^CARDNAME>mb account^DESCRIPTION>6MSC22110522^TRANS_DATE>2023-03-08 09:56:41 AM
2023.3.8 03:56:46#33574008035646
2023.3.8 03:56:46#33574008035646
2023.3.8 03:56:46#33574008035646
2023.3.8 03:56:46#33574008035646
2023.3.8 03:56:46#33574008035646
2023.3.8 03:56:46#33574008035646
2023.3.8 03:56:46#=================== Transaction Completed =======================
2023.3.8 05:09:08#=================== Start New Transaction ===================
2023.3.8 05:09:08#txnrefnum:MBD2201269
2023.3.8 05:09:08#clientIp:114.130.156.235
2023.3.8 05:09:08#card type:6
2023.3.8 05:09:08#totalamount:202000
2023.3.8 05:09:11#result:TRANSACTION_ID:7hAQcnC0PNELxWND6n1whPjLURI=
2023.3.8 05:09:11#Forward to DBBL Payment Gateway Page: https://ecom1.dutchbanglabank.com/ecomm2/ClientHandler?card_type=6&trans_id=7hAQcnC0PNELxWND6n1whPjLURI%3D
2023.3.8 05:27:20#=================== Start New Transaction ===================
2023.3.8 05:27:20#txnrefnum:BBD2201093
2023.3.8 05:27:20#clientIp:114.130.157.174
2023.3.8 05:27:20#card type:6
2023.3.8 05:27:20#totalamount:102000
2023.3.8 05:27:23#result:TRANSACTION_ID:orh08trZbRgcNmBNkX0WNtFBLOs=
2023.3.8 05:27:23#Forward to DBBL Payment Gateway Page: https://ecom1.dutchbanglabank.com/ecomm2/ClientHandler?card_type=6&trans_id=orh08trZbRgcNmBNkX0WNtFBLOs%3D
2023.3.8 05:27:56#---------------------- Complete New Transaction---------------------
2023.3.8 05:27:56#Get trans_id From Post Value:orh08trZbRgcNmBNkX0WNtFBLOs=
2023.3.8 05:27:56#clientIp:114.130.157.174
2023.3.8 05:27:56#trans_id:orh08trZbRgcNmBNkX0WNtFBLOs=
2023.3.8 05:27:58#result:RESULT>OK^RESULT_CODE>000^3DSECURE>SKIPPED^RRN>306705507148^APPROVAL_CODE>822062^CARD_NUMBER>999999*********3728^AMOUNT>102000^CARDNAME>mb account^DESCRIPTION>6BBD2201093^TRANS_DATE>2023-03-08 11:27:55 AM
2023.3.8 05:27:58#49391708052758
2023.3.8 05:27:58#49391708052758
2023.3.8 05:27:58#=================== Transaction Completed =======================
2023.3.8 06:21:53#=================== Start New Transaction ===================
2023.3.8 06:21:53#txnrefnum:MBD2201269
2023.3.8 06:21:53#clientIp:114.130.156.93
2023.3.8 06:21:53#card type:6
2023.3.8 06:21:53#totalamount:202000
2023.3.8 06:21:55#result:TRANSACTION_ID:wUoMO1stW0gLxlwE8fpxSgYYqiE=
2023.3.8 06:21:56#Forward to DBBL Payment Gateway Page: https://ecom1.dutchbanglabank.com/ecomm2/ClientHandler?card_type=6&trans_id=wUoMO1stW0gLxlwE8fpxSgYYqiE%3D
2023.3.8 06:23:08#---------------------- Complete New Transaction---------------------
2023.3.8 06:23:08#Get trans_id From Post Value:wUoMO1stW0gLxlwE8fpxSgYYqiE=
2023.3.8 06:23:08#clientIp:114.130.156.93
2023.3.8 06:23:08#trans_id:wUoMO1stW0gLxlwE8fpxSgYYqiE=
2023.3.8 06:23:10#result:RESULT>OK^RESULT_CODE>000^3DSECURE>SKIPPED^RRN>306706511821^APPROVAL_CODE>240308^CARD_NUMBER>999999*********1178^AMOUNT>202000^CARDNAME>mb account^DESCRIPTION>6MBD2201269^TRANS_DATE>2023-03-08 12:23:07 PM
2023.3.8 06:23:10#49740908062310
2023.3.8 06:23:10#49740908062310
2023.3.8 06:23:10#49740908062310
2023.3.8 06:23:11#49740908062310
2023.3.8 06:23:11#=================== Transaction Completed =======================
2023.3.8 06:23:13#---------------------- Complete New Transaction---------------------
2023.3.8 06:23:13#transaction id missing
2023.3.8 06:33:06#=================== Start New Transaction ===================
2023.3.8 06:33:06#txnrefnum:MSC22111275
2023.3.8 06:33:06#clientIp:37.111.199.68
2023.3.8 06:33:06#card type:6
2023.3.8 06:33:06#totalamount:596000
2023.3.8 06:33:08#result:TRANSACTION_ID:ZsGP8Gh3yaCOIKS7OrB1fPXAMBs=
2023.3.8 06:33:09#Forward to DBBL Payment Gateway Page: https://ecom1.dutchbanglabank.com/ecomm2/ClientHandler?card_type=6&trans_id=ZsGP8Gh3yaCOIKS7OrB1fPXAMBs%3D
2023.3.8 06:34:05#---------------------- Complete New Transaction---------------------
2023.3.8 06:34:05#Get trans_id From Post Value:ZsGP8Gh3yaCOIKS7OrB1fPXAMBs=
2023.3.8 06:34:05#clientIp:37.111.199.68
2023.3.8 06:34:05#trans_id:ZsGP8Gh3yaCOIKS7OrB1fPXAMBs=
2023.3.8 06:34:07#result:RESULT>OK^RESULT_CODE>000^3DSECURE>SKIPPED^RRN>306706512683^APPROVAL_CODE>323159^CARD_NUMBER>999999*********8424^AMOUNT>596000^CARDNAME>mb account^DESCRIPTION>6MSC22111275^TRANS_DATE>2023-03-08 12:34:04 PM
2023.3.8 06:34:07#33866708063407
2023.3.8 06:34:07#33866708063407
2023.3.8 06:34:07#33866708063407
2023.3.8 06:34:07#33866708063407
2023.3.8 06:34:07#33866708063407
2023.3.8 06:34:07#33866708063407
2023.3.8 06:34:07#33866708063407
2023.3.8 06:34:07#33866708063407
2023.3.8 06:34:07#=================== Transaction Completed =======================
2023.3.8 06:55:01#=================== Start New Transaction ===================
2023.3.8 06:55:01#txnrefnum:BBM2305014
2023.3.8 06:55:01#clientIp:203.76.222.93
2023.3.8 06:55:01#card type:6
2023.3.8 06:55:01#totalamount:102000
2023.3.8 06:55:04#result:TRANSACTION_ID:UQ5T8SYiEcFMcPPUdmAS7v5ToMc=
2023.3.8 06:55:04#Forward to DBBL Payment Gateway Page: https://ecom1.dutchbanglabank.com/ecomm2/ClientHandler?card_type=6&trans_id=UQ5T8SYiEcFMcPPUdmAS7v5ToMc%3D
2023.3.8 06:56:51#---------------------- Complete New Transaction---------------------
2023.3.8 06:56:51#Get trans_id From Post Value:UQ5T8SYiEcFMcPPUdmAS7v5ToMc=
2023.3.8 06:56:51#clientIp:203.76.222.93
2023.3.8 06:56:51#trans_id:UQ5T8SYiEcFMcPPUdmAS7v5ToMc=
2023.3.8 06:56:53#result:RESULT>OK^RESULT_CODE>000^3DSECURE>SKIPPED^RRN>306706514620^APPROVAL_CODE>440264^CARD_NUMBER>999999*********1096^AMOUNT>102000^CARDNAME>mb account^DESCRIPTION>6BBM2305014^TRANS_DATE>2023-03-08 12:56:50 PM
2023.3.8 06:56:53#48264908065653
2023.3.8 06:56:53#48264908065653
2023.3.8 06:56:53#=================== Transaction Completed =======================
2023.3.8 06:58:14#=================== Start New Transaction ===================
2023.3.8 06:58:14#txnrefnum:BBD2309030
2023.3.8 06:58:14#clientIp:203.76.222.93
2023.3.8 06:58:14#card type:6
2023.3.8 06:58:14#totalamount:102000
2023.3.8 06:58:16#result:TRANSACTION_ID:u5mFV0yMsi4aPPS60J2SedNxrA0=
2023.3.8 06:58:17#Forward to DBBL Payment Gateway Page: https://ecom1.dutchbanglabank.com/ecomm2/ClientHandler?card_type=6&trans_id=u5mFV0yMsi4aPPS60J2SedNxrA0%3D
2023.3.8 06:59:20#---------------------- Complete New Transaction---------------------
2023.3.8 06:59:20#Get trans_id From Post Value:u5mFV0yMsi4aPPS60J2SedNxrA0=
2023.3.8 06:59:20#clientIp:203.76.222.93
2023.3.8 06:59:20#trans_id:u5mFV0yMsi4aPPS60J2SedNxrA0=
2023.3.8 06:59:22#result:RESULT>OK^RESULT_CODE>000^3DSECURE>SKIPPED^RRN>306706514845^APPROVAL_CODE>396699^CARD_NUMBER>999999*********1096^AMOUNT>102000^CARDNAME>mb account^DESCRIPTION>6BBD2309030^TRANS_DATE>2023-03-08 12:59:19 PM
2023.3.8 06:59:22#40983308065922
2023.3.8 06:59:22#40983308065922
2023.3.8 06:59:22#=================== Transaction Completed =======================
2023.3.8 07:09:33#=================== Start New Transaction ===================
2023.3.8 07:09:33#txnrefnum:MEM2004066
2023.3.8 07:09:33#clientIp:103.91.128.158
2023.3.8 07:09:33#card type:6
2023.3.8 07:09:33#totalamount:102000
2023.3.8 07:09:36#result:TRANSACTION_ID:afr9vwwS7b28PgDagwahYezCvno=
2023.3.8 07:09:36#Forward to DBBL Payment Gateway Page: https://ecom1.dutchbanglabank.com/ecomm2/ClientHandler?card_type=6&trans_id=afr9vwwS7b28PgDagwahYezCvno%3D
2023.3.8 07:58:08#=================== Start New Transaction ===================
2023.3.8 07:58:08#txnrefnum:MBB2106164
2023.3.8 07:58:08#clientIp:103.177.118.0
2023.3.8 07:58:08#card type:6
2023.3.8 07:58:08#totalamount:822000
2023.3.8 07:58:11#result:TRANSACTION_ID:gXfRdkhuWKcP79XdInmUPt736N8=
2023.3.8 07:58:11#Forward to DBBL Payment Gateway Page: https://ecom1.dutchbanglabank.com/ecomm2/ClientHandler?card_type=6&trans_id=gXfRdkhuWKcP79XdInmUPt736N8%3D
2023.3.8 07:59:33#=================== Start New Transaction ===================
2023.3.8 07:59:33#txnrefnum:MBB2106164
2023.3.8 07:59:33#clientIp:103.177.118.0
2023.3.8 07:59:33#card type:6
2023.3.8 07:59:33#totalamount:822000
2023.3.8 07:59:36#result:TRANSACTION_ID:oEU0oGZbGY48e8qWogiCm5z3eak=
2023.3.8 07:59:36#Forward to DBBL Payment Gateway Page: https://ecom1.dutchbanglabank.com/ecomm2/ClientHandler?card_type=6&trans_id=oEU0oGZbGY48e8qWogiCm5z3eak%3D
2023.3.8 08:21:49#=================== Start New Transaction ===================
2023.3.8 08:21:49#txnrefnum:MBB2106164
2023.3.8 08:21:49#clientIp:103.177.118.0
2023.3.8 08:21:49#card type:6
2023.3.8 08:21:49#totalamount:822000
2023.3.8 08:21:51#result:TRANSACTION_ID:LKapVfgAKtu1Q0d1f0s9LsnBm6A=
2023.3.8 08:21:52#Forward to DBBL Payment Gateway Page: https://ecom1.dutchbanglabank.com/ecomm2/ClientHandler?card_type=6&trans_id=LKapVfgAKtu1Q0d1f0s9LsnBm6A%3D
2023.3.8 08:22:29#---------------------- Complete New Transaction---------------------
2023.3.8 08:22:29#Get trans_id From Post Value:LKapVfgAKtu1Q0d1f0s9LsnBm6A=
2023.3.8 08:22:29#clientIp:103.177.118.0
2023.3.8 08:22:29#trans_id:LKapVfgAKtu1Q0d1f0s9LsnBm6A=
2023.3.8 08:22:31#result:RESULT>OK^RESULT_CODE>000^3DSECURE>SKIPPED^RRN>306708520941^APPROVAL_CODE>799867^CARD_NUMBER>999999*********7232^AMOUNT>822000^CARDNAME>mb account^DESCRIPTION>6MBB2106164^TRANS_DATE>2023-03-08 02:22:29 PM
2023.3.8 08:22:31#36917808082231
2023.3.8 08:22:31#36917808082231
2023.3.8 08:22:31#36917808082231
2023.3.8 08:22:31#36917808082231
2023.3.8 08:22:31#36917808082231
2023.3.8 08:22:32#36917808082231
2023.3.8 08:22:32#=================== Transaction Completed =======================
2023.3.8 08:22:58#=================== Start New Transaction ===================
2023.3.8 08:22:58#txnrefnum:MSC22111124
2023.3.8 08:22:58#clientIp:103.218.25.255
2023.3.8 08:22:58#card type:6
2023.3.8 08:22:58#totalamount:178000
2023.3.8 08:23:01#result:TRANSACTION_ID:OFi973qdqABznRG3kMI0EYhpWtM=
2023.3.8 08:23:01#Forward to DBBL Payment Gateway Page: https://ecom1.dutchbanglabank.com/ecomm2/ClientHandler?card_type=6&trans_id=OFi973qdqABznRG3kMI0EYhpWtM%3D
2023.3.8 08:23:41#---------------------- Complete New Transaction---------------------
2023.3.8 08:23:41#Get trans_id From Post Value:OFi973qdqABznRG3kMI0EYhpWtM=
2023.3.8 08:23:41#clientIp:103.218.25.255
2023.3.8 08:23:41#trans_id:OFi973qdqABznRG3kMI0EYhpWtM=
2023.3.8 08:23:42#result:RESULT>OK^RESULT_CODE>000^3DSECURE>SKIPPED^RRN>306708521036^APPROVAL_CODE>915687^CARD_NUMBER>999999*********7633^AMOUNT>178000^CARDNAME>mb account^DESCRIPTION>6MSC22111124^TRANS_DATE>2023-03-08 02:23:39 PM
2023.3.8 08:23:43#33716508082342
2023.3.8 08:23:43#33716508082342
2023.3.8 08:23:43#33716508082342
2023.3.8 08:23:43#33716508082342
2023.3.8 08:23:43#=================== Transaction Completed =======================
2023.3.8 08:29:30#=================== Start New Transaction ===================
2023.3.8 08:29:30#txnrefnum:MBD2309307
2023.3.8 08:29:30#clientIp:202.134.10.138
2023.3.8 08:29:30#card type:6
2023.3.8 08:29:30#totalamount:102000
2023.3.8 08:29:32#result:TRANSACTION_ID:NSqI6Ijz89v8AcPjk0bti9bqsoI=
2023.3.8 08:29:33#Forward to DBBL Payment Gateway Page: https://ecom1.dutchbanglabank.com/ecomm2/ClientHandler?card_type=6&trans_id=NSqI6Ijz89v8AcPjk0bti9bqsoI%3D
2023.3.8 08:30:29#---------------------- Complete New Transaction---------------------
2023.3.8 08:30:29#Get trans_id From Post Value:NSqI6Ijz89v8AcPjk0bti9bqsoI=
2023.3.8 08:30:29#clientIp:202.134.10.138
2023.3.8 08:30:29#trans_id:NSqI6Ijz89v8AcPjk0bti9bqsoI=
2023.3.8 08:30:31#result:RESULT>OK^RESULT_CODE>000^3DSECURE>SKIPPED^RRN>306708521544^APPROVAL_CODE>005844^CARD_NUMBER>999999*********1210^AMOUNT>102000^CARDNAME>mb account^DESCRIPTION>6MBD2309307^TRANS_DATE>2023-03-08 02:30:27 PM
2023.3.8 08:30:31#53053608083031
2023.3.8 08:30:31#53053608083031
2023.3.8 08:30:31#=================== Transaction Completed =======================
2023.3.8 10:13:38#=================== Start New Transaction ===================
2023.3.8 10:13:38#txnrefnum:MSC22111341
2023.3.8 10:13:38#clientIp:202.134.14.155
2023.3.8 10:13:38#card type:6
2023.3.8 10:13:38#totalamount:324000
2023.3.8 10:13:42#result:TRANSACTION_ID:5UZsoSdkcppc8lifBuyXbSNz5sc=
2023.3.8 10:13:42#Forward to DBBL Payment Gateway Page: https://ecom1.dutchbanglabank.com/ecomm2/ClientHandler?card_type=6&trans_id=5UZsoSdkcppc8lifBuyXbSNz5sc%3D
2023.3.8 10:14:27#---------------------- Complete New Transaction---------------------
2023.3.8 10:14:27#Get trans_id From Post Value:5UZsoSdkcppc8lifBuyXbSNz5sc=
2023.3.8 10:14:27#clientIp:202.134.14.155
2023.3.8 10:14:27#trans_id:5UZsoSdkcppc8lifBuyXbSNz5sc=
2023.3.8 10:14:29#result:RESULT>OK^RESULT_CODE>000^3DSECURE>SKIPPED^RRN>306710528939^APPROVAL_CODE>473239^CARD_NUMBER>999999*********6502^AMOUNT>324000^CARDNAME>mb account^DESCRIPTION>6MSC22111341^TRANS_DATE>2023-03-08 04:14:26 PM
2023.3.8 10:14:29#33824408101429
2023.3.8 10:14:29#33824408101429
2023.3.8 10:14:29#33824408101429
2023.3.8 10:14:29#33824408101429
2023.3.8 10:14:29#=================== Transaction Completed =======================
2023.3.8 10:37:53#=================== Start New Transaction ===================
2023.3.8 10:37:53#txnrefnum:MBM2201280
2023.3.8 10:37:53#clientIp:202.144.203.19
2023.3.8 10:37:53#card type:6
2023.3.8 10:37:53#totalamount:722000
2023.3.8 10:37:56#result:TRANSACTION_ID:69Soa5ot4CR7Gp7DfdnFDi69A8Q=
2023.3.8 10:37:56#Forward to DBBL Payment Gateway Page: https://ecom1.dutchbanglabank.com/ecomm2/ClientHandler?card_type=6&trans_id=69Soa5ot4CR7Gp7DfdnFDi69A8Q%3D
2023.3.8 10:39:36#---------------------- Complete New Transaction---------------------
2023.3.8 10:39:36#Get trans_id From Post Value:69Soa5ot4CR7Gp7DfdnFDi69A8Q=
2023.3.8 10:39:36#clientIp:202.144.203.19
2023.3.8 10:39:36#trans_id:69Soa5ot4CR7Gp7DfdnFDi69A8Q=
2023.3.8 10:39:37#result:RESULT>OK^RESULT_CODE>000^3DSECURE>SKIPPED^RRN>306710530606^APPROVAL_CODE>606399^CARD_NUMBER>999999*********8330^AMOUNT>722000^CARDNAME>mb account^DESCRIPTION>6MBM2201280^TRANS_DATE>2023-03-08 04:39:34 PM
2023.3.8 10:39:37#36349708103937
2023.3.8 10:39:38#36349708103937
2023.3.8 10:39:38#36349708103937
2023.3.8 10:39:38#36349708103937
2023.3.8 10:39:38#=================== Transaction Completed =======================
2023.3.8 10:54:47#=================== Start New Transaction ===================
2023.3.8 10:54:47#txnrefnum:BBD2006129
2023.3.8 10:54:47#clientIp:202.53.162.0
2023.3.8 10:54:47#card type:6
2023.3.8 10:54:47#totalamount:722000
2023.3.8 10:54:50#result:TRANSACTION_ID:eG1STPXl4pe2OoL0uSRVMKPQpSg=
2023.3.8 10:54:50#Forward to DBBL Payment Gateway Page: https://ecom1.dutchbanglabank.com/ecomm2/ClientHandler?card_type=6&trans_id=eG1STPXl4pe2OoL0uSRVMKPQpSg%3D
2023.3.8 10:55:20#---------------------- Complete New Transaction---------------------
2023.3.8 10:55:20#Get trans_id From Post Value:eG1STPXl4pe2OoL0uSRVMKPQpSg=
2023.3.8 10:55:20#clientIp:202.53.162.0
2023.3.8 10:55:20#trans_id:eG1STPXl4pe2OoL0uSRVMKPQpSg=
2023.3.8 10:55:22#result:RESULT>OK^RESULT_CODE>000^3DSECURE>SKIPPED^RRN>306710531626^APPROVAL_CODE>724150^CARD_NUMBER>999999*********2298^AMOUNT>722000^CARDNAME>mb account^DESCRIPTION>6BBD2006129^TRANS_DATE>2023-03-08 04:55:19 PM
2023.3.8 10:55:22#37005408105522
2023.3.8 10:55:22#37005408105522
2023.3.8 10:55:22#37005408105522
2023.3.8 10:55:22#37005408105522
2023.3.8 10:55:22#=================== Transaction Completed =======================
2023.3.8 11:29:23#=================== Start New Transaction ===================
2023.3.8 11:29:23#txnrefnum:BBM2306110
2023.3.8 11:29:23#clientIp:202.53.162.0
2023.3.8 11:29:23#card type:6
2023.3.8 11:29:23#totalamount:102000
2023.3.8 11:29:26#result:TRANSACTION_ID:5w9cgZb7XPoBtXLsmha2XcHfIx4=
2023.3.8 11:29:26#Forward to DBBL Payment Gateway Page: https://ecom1.dutchbanglabank.com/ecomm2/ClientHandler?card_type=6&trans_id=5w9cgZb7XPoBtXLsmha2XcHfIx4%3D
2023.3.8 11:30:05#---------------------- Complete New Transaction---------------------
2023.3.8 11:30:05#Get trans_id From Post Value:5w9cgZb7XPoBtXLsmha2XcHfIx4=
2023.3.8 11:30:05#clientIp:202.53.162.0
2023.3.8 11:30:05#trans_id:5w9cgZb7XPoBtXLsmha2XcHfIx4=
2023.3.8 11:30:06#result:RESULT>OK^RESULT_CODE>000^3DSECURE>SKIPPED^RRN>306711533990^APPROVAL_CODE>957411^CARD_NUMBER>999999*********2298^AMOUNT>102000^CARDNAME>mb account^DESCRIPTION>6BBM2306110^TRANS_DATE>2023-03-08 05:30:04 PM
2023.3.8 11:30:06#45994508113006
2023.3.8 11:30:06#45994508113006
2023.3.8 11:30:06#=================== Transaction Completed =======================
2023.3.8 11:49:58#=================== Start New Transaction ===================
2023.3.8 11:49:58#txnrefnum:BBM2007159
2023.3.8 11:49:58#clientIp:202.53.162.3
2023.3.8 11:49:58#card type:6
2023.3.8 11:49:58#totalamount:202000
2023.3.8 11:50:01#result:TRANSACTION_ID:eoAoiAu3yCWYayGe0nsSiOjQBOs=
2023.3.8 11:50:01#Forward to DBBL Payment Gateway Page: https://ecom1.dutchbanglabank.com/ecomm2/ClientHandler?card_type=6&trans_id=eoAoiAu3yCWYayGe0nsSiOjQBOs%3D
2023.3.8 11:50:29#---------------------- Complete New Transaction---------------------
2023.3.8 11:50:29#Get trans_id From Post Value:eoAoiAu3yCWYayGe0nsSiOjQBOs=
2023.3.8 11:50:29#clientIp:202.53.162.0
2023.3.8 11:50:29#trans_id:eoAoiAu3yCWYayGe0nsSiOjQBOs=
2023.3.8 11:50:31#result:RESULT>OK^RESULT_CODE>000^3DSECURE>SKIPPED^RRN>306711535556^APPROVAL_CODE>151684^CARD_NUMBER>999999*********2298^AMOUNT>202000^CARDNAME>mb account^DESCRIPTION>6BBM2007159^TRANS_DATE>2023-03-08 05:50:28 PM
2023.3.8 11:50:31#37607708115031
2023.3.8 11:50:31#37607708115031
2023.3.8 11:50:31#37607708115031
2023.3.8 11:50:31#37607708115031
2023.3.8 11:50:31#=================== Transaction Completed =======================
2023.3.8 12:03:08#=================== Start New Transaction ===================
2023.3.8 12:03:08#txnrefnum:MSC23111049
2023.3.8 12:03:08#clientIp:103.172.216.14
2023.3.8 12:03:08#card type:6
2023.3.8 12:03:08#totalamount:186000
2023.3.8 12:03:11#result:TRANSACTION_ID:T9rtmiJ7Z6mPBgwRTtT1PsmxEjM=
2023.3.8 12:03:11#Forward to DBBL Payment Gateway Page: https://ecom1.dutchbanglabank.com/ecomm2/ClientHandler?card_type=6&trans_id=T9rtmiJ7Z6mPBgwRTtT1PsmxEjM%3D
2023.3.8 12:04:18#---------------------- Complete New Transaction---------------------
2023.3.8 12:04:18#Get trans_id From Post Value:T9rtmiJ7Z6mPBgwRTtT1PsmxEjM=
2023.3.8 12:04:18#clientIp:103.172.216.14
2023.3.8 12:04:18#trans_id:T9rtmiJ7Z6mPBgwRTtT1PsmxEjM=
2023.3.8 12:04:20#result:RESULT>OK^RESULT_CODE>000^3DSECURE>SKIPPED^RRN>306712536659^APPROVAL_CODE>191634^CARD_NUMBER>999999*********4840^AMOUNT>186000^CARDNAME>mb account^DESCRIPTION>6MSC23111049^TRANS_DATE>2023-03-08 06:04:17 PM
2023.3.8 12:04:20#52047408120420
2023.3.8 12:04:20#52047408120420
2023.3.8 12:04:20#52047408120420
2023.3.8 12:04:20#52047408120420
2023.3.8 12:04:20#=================== Transaction Completed =======================
2023.3.8 12:49:59#=================== Start New Transaction ===================
2023.3.8 12:49:59#txnrefnum:MSC23111093
2023.3.8 12:49:59#clientIp:202.86.223.40
2023.3.8 12:49:59#card type:6
2023.3.8 12:49:59#totalamount:182000
2023.3.8 12:50:02#result:TRANSACTION_ID:MjsZNZUIDQq49oVQYry6C5uSldg=
2023.3.8 12:50:02#Forward to DBBL Payment Gateway Page: https://ecom1.dutchbanglabank.com/ecomm2/ClientHandler?card_type=6&trans_id=MjsZNZUIDQq49oVQYry6C5uSldg%3D
2023.3.8 12:51:16#---------------------- Complete New Transaction---------------------
2023.3.8 12:51:16#Get trans_id From Post Value:MjsZNZUIDQq49oVQYry6C5uSldg=
2023.3.8 12:51:16#clientIp:202.86.223.40
2023.3.8 12:51:16#trans_id:MjsZNZUIDQq49oVQYry6C5uSldg=
2023.3.8 12:51:18#result:RESULT>OK^RESULT_CODE>000^3DSECURE>SKIPPED^RRN>306712540253^APPROVAL_CODE>566364^CARD_NUMBER>999999*********9980^AMOUNT>182000^CARDNAME>mb account^DESCRIPTION>6MSC23111093^TRANS_DATE>2023-03-08 06:51:14 PM
2023.3.8 12:51:18#52123308125118
2023.3.8 12:51:18#52123308125118
2023.3.8 12:51:18#=================== Transaction Completed =======================
2023.3.8 13:09:11#=================== Start New Transaction ===================
2023.3.8 13:09:11#txnrefnum:MSC23111015
2023.3.8 13:09:11#clientIp:103.150.255.122
2023.3.8 13:09:11#card type:6
2023.3.8 13:09:11#totalamount:562000
2023.3.8 13:09:13#result:TRANSACTION_ID:vESqZMnHxf7bUyEzKBdxRNuzMlM=
2023.3.8 13:09:14#Forward to DBBL Payment Gateway Page: https://ecom1.dutchbanglabank.com/ecomm2/ClientHandler?card_type=6&trans_id=vESqZMnHxf7bUyEzKBdxRNuzMlM%3D
2023.3.8 13:14:39#---------------------- Complete New Transaction---------------------
2023.3.8 13:14:39#Get trans_id From Post Value:vESqZMnHxf7bUyEzKBdxRNuzMlM=
2023.3.8 13:14:39#clientIp:103.150.255.122
2023.3.8 13:14:39#trans_id:vESqZMnHxf7bUyEzKBdxRNuzMlM=
2023.3.8 13:14:41#result:RESULT>TIMEOUT^RESULT_CODE>999^3DSECURE>0^RRN>0^APPROVAL_CODE>0^CARD_NUMBER>0^AMOUNT>562000^CARDNAME>0^DESCRIPTION>6MSC23111015^TRANS_DATE>2023-03-08 07:14:38 PM
2023.3.8 13:14:41#Failed
2023.3.8 13:15:18#=================== Start New Transaction ===================
2023.3.8 13:15:18#txnrefnum:MSC23111015
2023.3.8 13:15:18#clientIp:103.150.255.122
2023.3.8 13:15:18#card type:6
2023.3.8 13:15:18#totalamount:562000
2023.3.8 13:15:21#result:TRANSACTION_ID:gjYDnV081MUg2OG4bjKrLYN9AyI=
2023.3.8 13:15:21#Forward to DBBL Payment Gateway Page: https://ecom1.dutchbanglabank.com/ecomm2/ClientHandler?card_type=6&trans_id=gjYDnV081MUg2OG4bjKrLYN9AyI%3D
2023.3.8 13:15:46#---------------------- Complete New Transaction---------------------
2023.3.8 13:15:46#Get trans_id From Post Value:gjYDnV081MUg2OG4bjKrLYN9AyI=
2023.3.8 13:15:46#clientIp:103.150.255.122
2023.3.8 13:15:46#trans_id:gjYDnV081MUg2OG4bjKrLYN9AyI=
2023.3.8 13:15:48#result:RESULT>OK^RESULT_CODE>000^3DSECURE>SKIPPED^RRN>306713542460^APPROVAL_CODE>774872^CARD_NUMBER>999999*********6729^AMOUNT>562000^CARDNAME>mb account^DESCRIPTION>6MSC23111015^TRANS_DATE>2023-03-08 07:15:45 PM
2023.3.8 13:15:48#51988608011548
2023.3.8 13:15:48#51988608011548
2023.3.8 13:15:48#51988608011548
2023.3.8 13:15:48#51988608011548
2023.3.8 13:15:48#51988608011548
2023.3.8 13:15:48#51988608011548
2023.3.8 13:15:48#=================== Transaction Completed =======================
2023.3.8 13:23:35#=================== Start New Transaction ===================
2023.3.8 13:23:35#txnrefnum:MBD2008095
2023.3.8 13:23:35#clientIp:116.58.205.161
2023.3.8 13:23:35#card type:6
2023.3.8 13:23:35#totalamount:252000
2023.3.8 13:23:38#result:TRANSACTION_ID:hK1R8jRObuwVQGnS1PhcoJH6P24=
2023.3.8 13:23:38#Forward to DBBL Payment Gateway Page: https://ecom1.dutchbanglabank.com/ecomm2/ClientHandler?card_type=6&trans_id=hK1R8jRObuwVQGnS1PhcoJH6P24%3D
2023.3.8 13:24:29#---------------------- Complete New Transaction---------------------
2023.3.8 13:24:29#Get trans_id From Post Value:hK1R8jRObuwVQGnS1PhcoJH6P24=
2023.3.8 13:24:29#clientIp:116.58.205.161
2023.3.8 13:24:29#trans_id:hK1R8jRObuwVQGnS1PhcoJH6P24=
2023.3.8 13:24:30#result:RESULT>OK^RESULT_CODE>000^3DSECURE>SKIPPED^RRN>306713543261^APPROVAL_CODE>872819^CARD_NUMBER>999999*********8321^AMOUNT>252000^CARDNAME>mb account^DESCRIPTION>6MBD2008095^TRANS_DATE>2023-03-08 07:24:27 PM
2023.3.8 13:24:30#51698908012430
2023.3.8 13:24:30#51698908012430
2023.3.8 13:24:30#=================== Transaction Completed =======================
2023.3.8 13:53:09#=================== Start New Transaction ===================
2023.3.8 13:53:09#txnrefnum:BBM2304037
2023.3.8 13:53:09#clientIp:103.138.120.247
2023.3.8 13:53:09#card type:6
2023.3.8 13:53:09#totalamount:102000
2023.3.8 13:53:12#result:TRANSACTION_ID:frEZNGcfPCSvcxLIud9weZYZgWE=
2023.3.8 13:53:12#Forward to DBBL Payment Gateway Page: https://ecom1.dutchbanglabank.com/ecomm2/ClientHandler?card_type=6&trans_id=frEZNGcfPCSvcxLIud9weZYZgWE%3D
2023.3.8 13:53:41#---------------------- Complete New Transaction---------------------
2023.3.8 13:53:41#Get trans_id From Post Value:frEZNGcfPCSvcxLIud9weZYZgWE=
2023.3.8 13:53:41#clientIp:103.138.120.247
2023.3.8 13:53:41#trans_id:frEZNGcfPCSvcxLIud9weZYZgWE=
2023.3.8 13:53:43#result:RESULT>FAILED^RESULT_CODE>116^3DSECURE>SKIPPED^RRN>306713545939^APPROVAL_CODE>0^CARD_NUMBER>999999*********1026^AMOUNT>102000^CARDNAME>mb account^DESCRIPTION>6BBM2304037^TRANS_DATE>2023-03-08 07:53:40 PM
2023.3.8 13:53:43#Not Sufficient Amount
2023.3.8 13:53:51#=================== Start New Transaction ===================
2023.3.8 13:53:51#txnrefnum:MSC22110059
2023.3.8 13:53:51#clientIp:103.177.123.243
2023.3.8 13:53:51#card type:6
2023.3.8 13:53:51#totalamount:370000
2023.3.8 13:53:54#result:TRANSACTION_ID:EUpItfPkSyBnXRSdhZBfmSASXiA=
2023.3.8 13:53:54#Forward to DBBL Payment Gateway Page: https://ecom1.dutchbanglabank.com/ecomm2/ClientHandler?card_type=6&trans_id=EUpItfPkSyBnXRSdhZBfmSASXiA%3D
2023.3.8 13:54:38#---------------------- Complete New Transaction---------------------
2023.3.8 13:54:38#Get trans_id From Post Value:EUpItfPkSyBnXRSdhZBfmSASXiA=
2023.3.8 13:54:38#clientIp:103.177.123.243
2023.3.8 13:54:38#trans_id:EUpItfPkSyBnXRSdhZBfmSASXiA=
2023.3.8 13:54:39#result:RESULT>OK^RESULT_CODE>000^3DSECURE>SKIPPED^RRN>306713546012^APPROVAL_CODE>127997^CARD_NUMBER>999999*********1264^AMOUNT>370000^CARDNAME>mb account^DESCRIPTION>6MSC22110059^TRANS_DATE>2023-03-08 07:54:37 PM
2023.3.8 13:54:39#33656408015439
2023.3.8 13:54:40#33656408015439
2023.3.8 13:54:40#33656408015439
2023.3.8 13:54:40#33656408015439
2023.3.8 13:54:40#33656408015439
2023.3.8 13:54:40#33656408015439
2023.3.8 13:54:40#=================== Transaction Completed =======================
2023.3.8 13:56:35#=================== Start New Transaction ===================
2023.3.8 13:56:35#txnrefnum:BBM2304037
2023.3.8 13:56:35#clientIp:103.138.120.247
2023.3.8 13:56:35#card type:6
2023.3.8 13:56:35#totalamount:102000
2023.3.8 13:56:38#result:TRANSACTION_ID:sSQBZ7DcVg9MtyGpDXf8BcOjXlY=
2023.3.8 13:56:38#Forward to DBBL Payment Gateway Page: https://ecom1.dutchbanglabank.com/ecomm2/ClientHandler?card_type=6&trans_id=sSQBZ7DcVg9MtyGpDXf8BcOjXlY%3D
2023.3.8 13:57:10#---------------------- Complete New Transaction---------------------
2023.3.8 13:57:10#Get trans_id From Post Value:sSQBZ7DcVg9MtyGpDXf8BcOjXlY=
2023.3.8 13:57:10#clientIp:103.138.120.247
2023.3.8 13:57:10#trans_id:sSQBZ7DcVg9MtyGpDXf8BcOjXlY=
2023.3.8 13:57:12#result:RESULT>OK^RESULT_CODE>000^3DSECURE>SKIPPED^RRN>306713546273^APPROVAL_CODE>135650^CARD_NUMBER>999999*********1026^AMOUNT>102000^CARDNAME>mb account^DESCRIPTION>6BBM2304037^TRANS_DATE>2023-03-08 07:57:09 PM
2023.3.8 13:57:12#47038508015712
2023.3.8 13:57:12#47038508015712
2023.3.8 13:57:12#=================== Transaction Completed =======================
2023.3.8 13:58:09#=================== Start New Transaction ===================
2023.3.8 13:58:09#txnrefnum:BBD2302064
2023.3.8 13:58:09#clientIp:202.53.162.0
2023.3.8 13:58:09#card type:6
2023.3.8 13:58:09#totalamount:202000
2023.3.8 13:58:12#result:TRANSACTION_ID:0lNzyMISOUtWqEUPTmei2PZfji4=
2023.3.8 13:58:12#Forward to DBBL Payment Gateway Page: https://ecom1.dutchbanglabank.com/ecomm2/ClientHandler?card_type=6&trans_id=0lNzyMISOUtWqEUPTmei2PZfji4%3D
2023.3.8 13:58:58#---------------------- Complete New Transaction---------------------
2023.3.8 13:58:58#Get trans_id From Post Value:0lNzyMISOUtWqEUPTmei2PZfji4=
2023.3.8 13:58:58#clientIp:202.53.162.0
2023.3.8 13:58:58#trans_id:0lNzyMISOUtWqEUPTmei2PZfji4=
2023.3.8 13:59:00#result:RESULT>OK^RESULT_CODE>000^3DSECURE>SKIPPED^RRN>306713546421^APPROVAL_CODE>142157^CARD_NUMBER>999999*********2298^AMOUNT>202000^CARDNAME>mb account^DESCRIPTION>6BBD2302064^TRANS_DATE>2023-03-08 07:58:57 PM
2023.3.8 13:59:00#50094908015900
2023.3.8 13:59:00#50094908015900
2023.3.8 13:59:00#50094908015900
2023.3.8 13:59:00#50094908015900
2023.3.8 13:59:00#=================== Transaction Completed =======================
2023.3.8 14:02:13#=================== Start New Transaction ===================
2023.3.8 14:02:13#txnrefnum:BBD2004052
2023.3.8 14:02:13#clientIp:103.25.123.12
2023.3.8 14:02:13#card type:6
2023.3.8 14:02:13#totalamount:102000
2023.3.8 14:02:15#result:TRANSACTION_ID:EGRxGLpN7qSVBUSAzqZlQUKSiBs=
2023.3.8 14:02:16#Forward to DBBL Payment Gateway Page: https://ecom1.dutchbanglabank.com/ecomm2/ClientHandler?card_type=6&trans_id=EGRxGLpN7qSVBUSAzqZlQUKSiBs%3D
2023.3.8 14:02:48#---------------------- Complete New Transaction---------------------
2023.3.8 14:02:48#Get trans_id From Post Value:EGRxGLpN7qSVBUSAzqZlQUKSiBs=
2023.3.8 14:02:48#clientIp:103.25.123.12
2023.3.8 14:02:48#trans_id:EGRxGLpN7qSVBUSAzqZlQUKSiBs=
2023.3.8 14:02:50#result:RESULT>OK^RESULT_CODE>000^3DSECURE>SKIPPED^RRN>306714546707^APPROVAL_CODE>096158^CARD_NUMBER>999999*********3668^AMOUNT>102000^CARDNAME>mb account^DESCRIPTION>6BBD2004052^TRANS_DATE>2023-03-08 08:02:45 PM
2023.3.8 14:02:50#42873308020250
2023.3.8 14:02:50#42873308020250
2023.3.8 14:02:50#=================== Transaction Completed =======================
2023.3.8 14:03:37#=================== Start New Transaction ===================
2023.3.8 14:03:37#txnrefnum:BBD2201263
2023.3.8 14:03:37#clientIp:103.25.123.12
2023.3.8 14:03:37#card type:6
2023.3.8 14:03:37#totalamount:102000
2023.3.8 14:03:40#result:TRANSACTION_ID:SScCp9yhBK2Ad4X8XT4RL4PN0BM=
2023.3.8 14:03:40#Forward to DBBL Payment Gateway Page: https://ecom1.dutchbanglabank.com/ecomm2/ClientHandler?card_type=6&trans_id=SScCp9yhBK2Ad4X8XT4RL4PN0BM%3D
2023.3.8 14:04:11#---------------------- Complete New Transaction---------------------
2023.3.8 14:04:11#Get trans_id From Post Value:SScCp9yhBK2Ad4X8XT4RL4PN0BM=
2023.3.8 14:04:11#clientIp:103.25.123.12
2023.3.8 14:04:11#trans_id:SScCp9yhBK2Ad4X8XT4RL4PN0BM=
2023.3.8 14:04:13#result:RESULT>OK^RESULT_CODE>000^3DSECURE>SKIPPED^RRN>306714546830^APPROVAL_CODE>172956^CARD_NUMBER>999999*********3668^AMOUNT>102000^CARDNAME>mb account^DESCRIPTION>6BBD2201263^TRANS_DATE>2023-03-08 08:04:10 PM
2023.3.8 14:04:13#49403708020413
2023.3.8 14:04:13#49403708020413
2023.3.8 14:04:13#=================== Transaction Completed =======================
2023.3.8 14:32:23#=================== Start New Transaction ===================
2023.3.8 14:32:23#txnrefnum:MBD2003287
2023.3.8 14:32:23#clientIp:103.253.46.50
2023.3.8 14:32:23#card type:6
2023.3.8 14:32:23#totalamount:102000
2023.3.8 14:32:26#result:TRANSACTION_ID:ANwASFo1ExfOSPboUO8UxeNSRNM=
2023.3.8 14:32:26#Forward to DBBL Payment Gateway Page: https://ecom1.dutchbanglabank.com/ecomm2/ClientHandler?card_type=6&trans_id=ANwASFo1ExfOSPboUO8UxeNSRNM%3D
2023.3.8 14:32:41#=================== Start New Transaction ===================
2023.3.8 14:32:41#txnrefnum:MBD2003287
2023.3.8 14:32:41#clientIp:103.253.46.50
2023.3.8 14:32:41#card type:6
2023.3.8 14:32:41#totalamount:102000
2023.3.8 14:32:44#result:TRANSACTION_ID:74znqNGPTlh1tiYZEIjQRQSEBmU=
2023.3.8 14:32:44#Forward to DBBL Payment Gateway Page: https://ecom1.dutchbanglabank.com/ecomm2/ClientHandler?card_type=6&trans_id=74znqNGPTlh1tiYZEIjQRQSEBmU%3D
2023.3.8 14:33:14#---------------------- Complete New Transaction---------------------
2023.3.8 14:33:14#Get trans_id From Post Value:74znqNGPTlh1tiYZEIjQRQSEBmU=
2023.3.8 14:33:14#clientIp:103.253.46.50
2023.3.8 14:33:14#trans_id:74znqNGPTlh1tiYZEIjQRQSEBmU=
2023.3.8 14:33:16#result:RESULT>OK^RESULT_CODE>000^3DSECURE>SKIPPED^RRN>306714549198^APPROVAL_CODE>421914^CARD_NUMBER>999999*********7415^AMOUNT>102000^CARDNAME>mb account^DESCRIPTION>6MBD2003287^TRANS_DATE>2023-03-08 08:33:12 PM
2023.3.8 14:33:16#44974508023316
2023.3.8 14:33:16#44974508023316
2023.3.8 14:33:16#=================== Transaction Completed =======================
2023.3.8 15:06:23#=================== Start New Transaction ===================
2023.3.8 15:06:23#txnrefnum:BBM2301015
2023.3.8 15:06:23#clientIp:103.138.120.247
2023.3.8 15:06:23#card type:6
2023.3.8 15:06:23#totalamount:202000
2023.3.8 15:06:26#result:TRANSACTION_ID:96K4ImtLlmFpSNdtyKWvOWIlNsY=
2023.3.8 15:06:26#Forward to DBBL Payment Gateway Page: https://ecom1.dutchbanglabank.com/ecomm2/ClientHandler?card_type=6&trans_id=96K4ImtLlmFpSNdtyKWvOWIlNsY%3D
2023.3.8 15:06:55#---------------------- Complete New Transaction---------------------
2023.3.8 15:06:55#Get trans_id From Post Value:96K4ImtLlmFpSNdtyKWvOWIlNsY=
2023.3.8 15:06:55#clientIp:103.138.120.247
2023.3.8 15:06:55#trans_id:96K4ImtLlmFpSNdtyKWvOWIlNsY=
2023.3.8 15:06:57#result:RESULT>OK^RESULT_CODE>000^3DSECURE>SKIPPED^RRN>306715551969^APPROVAL_CODE>660796^CARD_NUMBER>999999*********1026^AMOUNT>202000^CARDNAME>mb account^DESCRIPTION>6BBM2301015^TRANS_DATE>2023-03-08 09:06:54 PM
2023.3.8 15:06:57#48695708030657
2023.3.8 15:06:57#48695708030657
2023.3.8 15:06:57#48695708030657
2023.3.8 15:06:57#48695708030657
2023.3.8 15:06:57#=================== Transaction Completed =======================
2023.3.8 15:08:38#=================== Start New Transaction ===================
2023.3.8 15:08:38#txnrefnum:MBD2006108
2023.3.8 15:08:38#clientIp:103.165.50.24
2023.3.8 15:08:38#card type:6
2023.3.8 15:08:38#totalamount:302000
2023.3.8 15:08:41#result:TRANSACTION_ID:gTIcUv51SDJVIxVrx6WiMUVDbbw=
2023.3.8 15:08:41#Forward to DBBL Payment Gateway Page: https://ecom1.dutchbanglabank.com/ecomm2/ClientHandler?card_type=6&trans_id=gTIcUv51SDJVIxVrx6WiMUVDbbw%3D
2023.3.8 15:11:17#---------------------- Complete New Transaction---------------------
2023.3.8 15:11:17#Get trans_id From Post Value:gTIcUv51SDJVIxVrx6WiMUVDbbw=
2023.3.8 15:11:17#clientIp:103.165.50.24
2023.3.8 15:11:17#trans_id:gTIcUv51SDJVIxVrx6WiMUVDbbw=
2023.3.8 15:11:19#result:RESULT>OK^RESULT_CODE>000^3DSECURE>SKIPPED^RRN>306715552275^APPROVAL_CODE>724806^CARD_NUMBER>999999*********3131^AMOUNT>302000^CARDNAME>mb account^DESCRIPTION>6MBD2006108^TRANS_DATE>2023-03-08 09:11:17 PM
2023.3.8 15:11:19#39836108031119
2023.3.8 15:11:19#39836108031119
2023.3.8 15:11:19#39836108031119
2023.3.8 15:11:20#39836108031119
2023.3.8 15:11:20#39836108031119
2023.3.8 15:11:20#39836108031119
2023.3.8 15:11:20#=================== Transaction Completed =======================
2023.3.8 15:11:23#=================== Start New Transaction ===================
2023.3.8 15:11:23#txnrefnum:BBM2007174
2023.3.8 15:11:23#clientIp:114.130.157.174
2023.3.8 15:11:23#card type:6
2023.3.8 15:11:23#totalamount:202000
2023.3.8 15:11:26#result:TRANSACTION_ID:NrtduuoyLSZQ83AGt3Cxt5h9xF8=
2023.3.8 15:11:26#Forward to DBBL Payment Gateway Page: https://ecom1.dutchbanglabank.com/ecomm2/ClientHandler?card_type=6&trans_id=NrtduuoyLSZQ83AGt3Cxt5h9xF8%3D
2023.3.8 15:11:26#=================== Start New Transaction ===================
2023.3.8 15:11:26#txnrefnum:MBD2007011
2023.3.8 15:11:26#clientIp:103.29.124.125
2023.3.8 15:11:26#card type:6
2023.3.8 15:11:26#totalamount:202000
2023.3.8 15:11:29#result:TRANSACTION_ID:0jWu0vXHeOB6OZue1aFWsszBkf0=
2023.3.8 15:11:29#Forward to DBBL Payment Gateway Page: https://ecom1.dutchbanglabank.com/ecomm2/ClientHandler?card_type=6&trans_id=0jWu0vXHeOB6OZue1aFWsszBkf0%3D
2023.3.8 15:11:47#---------------------- Complete New Transaction---------------------
2023.3.8 15:11:47#Get trans_id From Post Value:0jWu0vXHeOB6OZue1aFWsszBkf0=
2023.3.8 15:11:47#clientIp:103.29.124.125
2023.3.8 15:11:47#trans_id:0jWu0vXHeOB6OZue1aFWsszBkf0=
2023.3.8 15:11:49#result:RESULT>OK^RESULT_CODE>000^3DSECURE>SKIPPED^RRN>306715552308^APPROVAL_CODE>726548^CARD_NUMBER>999999*********6631^AMOUNT>202000^CARDNAME>mb account^DESCRIPTION>6MBD2007011^TRANS_DATE>2023-03-08 09:11:46 PM
2023.3.8 15:11:49#37893308031149
2023.3.8 15:11:49#37893308031149
2023.3.8 15:11:49#37893308031149
2023.3.8 15:11:49#37893308031149
2023.3.8 15:11:49#=================== Transaction Completed =======================
2023.3.8 15:11:53#---------------------- Complete New Transaction---------------------
2023.3.8 15:11:53#Get trans_id From Post Value:NrtduuoyLSZQ83AGt3Cxt5h9xF8=
2023.3.8 15:11:53#clientIp:114.130.157.174
2023.3.8 15:11:53#trans_id:NrtduuoyLSZQ83AGt3Cxt5h9xF8=
2023.3.8 15:11:55#result:RESULT>OK^RESULT_CODE>000^3DSECURE>SKIPPED^RRN>306715552317^APPROVAL_CODE>726786^CARD_NUMBER>999999*********3728^AMOUNT>202000^CARDNAME>mb account^DESCRIPTION>6BBM2007174^TRANS_DATE>2023-03-08 09:11:52 PM
2023.3.8 15:11:55#37655708031155
2023.3.8 15:11:55#37655708031155
2023.3.8 15:11:55#37655708031155
2023.3.8 15:11:55#37655708031155
2023.3.8 15:11:55#=================== Transaction Completed =======================
2023.3.8 15:12:32#=================== Start New Transaction ===================
2023.3.8 15:12:32#txnrefnum:MBD2303055
2023.3.8 15:12:32#clientIp:103.29.124.125
2023.3.8 15:12:32#card type:6
2023.3.8 15:12:32#totalamount:202000
2023.3.8 15:12:34#result:TRANSACTION_ID:r5aopt8aiZTqvX7CnH5Ni2QvcZ4=
2023.3.8 15:12:35#Forward to DBBL Payment Gateway Page: https://ecom1.dutchbanglabank.com/ecomm2/ClientHandler?card_type=6&trans_id=r5aopt8aiZTqvX7CnH5Ni2QvcZ4%3D
2023.3.8 15:12:48#---------------------- Complete New Transaction---------------------
2023.3.8 15:12:48#Get trans_id From Post Value:r5aopt8aiZTqvX7CnH5Ni2QvcZ4=
2023.3.8 15:12:48#clientIp:103.29.124.125
2023.3.8 15:12:48#trans_id:r5aopt8aiZTqvX7CnH5Ni2QvcZ4=
2023.3.8 15:12:50#result:RESULT>OK^RESULT_CODE>000^3DSECURE>SKIPPED^RRN>306715552393^APPROVAL_CODE>729557^CARD_NUMBER>999999*********6631^AMOUNT>202000^CARDNAME>mb account^DESCRIPTION>6MBD2303055^TRANS_DATE>2023-03-08 09:12:47 PM
2023.3.8 15:12:50#51263708031250
2023.3.8 15:12:50#51263708031250
2023.3.8 15:12:50#51263708031250
2023.3.8 15:12:50#51263708031250
2023.3.8 15:12:50#=================== Transaction Completed =======================
2023.3.8 15:14:31#=================== Start New Transaction ===================
2023.3.8 15:14:31#txnrefnum:MBD2303006
2023.3.8 15:14:31#clientIp:103.29.124.125
2023.3.8 15:14:31#card type:6
2023.3.8 15:14:31#totalamount:202000
2023.3.8 15:14:34#result:TRANSACTION_ID:P9PJDQxjHVDe6LkxaYBcStu6nZs=
2023.3.8 15:14:34#Forward to DBBL Payment Gateway Page: https://ecom1.dutchbanglabank.com/ecomm2/ClientHandler?card_type=6&trans_id=P9PJDQxjHVDe6LkxaYBcStu6nZs%3D
2023.3.8 15:15:45#---------------------- Complete New Transaction---------------------
2023.3.8 15:15:45#Get trans_id From Post Value:P9PJDQxjHVDe6LkxaYBcStu6nZs=
2023.3.8 15:15:45#clientIp:103.29.124.125
2023.3.8 15:15:45#trans_id:P9PJDQxjHVDe6LkxaYBcStu6nZs=
2023.3.8 15:15:47#result:RESULT>OK^RESULT_CODE>000^3DSECURE>SKIPPED^RRN>306715552623^APPROVAL_CODE>740042^CARD_NUMBER>999999*********6631^AMOUNT>202000^CARDNAME>mb account^DESCRIPTION>6MBD2303006^TRANS_DATE>2023-03-08 09:15:44 PM
2023.3.8 15:15:47#51261308031547
2023.3.8 15:15:47#51261308031547
2023.3.8 15:15:47#51261308031547
2023.3.8 15:15:47#51261308031547
2023.3.8 15:15:47#=================== Transaction Completed =======================
2023.3.8 15:29:55#=================== Start New Transaction ===================
2023.3.8 15:29:55#txnrefnum:BBM2002118
2023.3.8 15:29:55#clientIp:103.143.139.146
2023.3.8 15:29:55#card type:6
2023.3.8 15:29:55#totalamount:202000
2023.3.8 15:29:58#result:TRANSACTION_ID:z5ovVElkXS1I19vuJr63UQ75ba0=
2023.3.8 15:29:58#Forward to DBBL Payment Gateway Page: https://ecom1.dutchbanglabank.com/ecomm2/ClientHandler?card_type=6&trans_id=z5ovVElkXS1I19vuJr63UQ75ba0%3D
2023.3.8 15:30:33#---------------------- Complete New Transaction---------------------
2023.3.8 15:30:33#Get trans_id From Post Value:z5ovVElkXS1I19vuJr63UQ75ba0=
2023.3.8 15:30:33#clientIp:103.143.139.146
2023.3.8 15:30:33#trans_id:z5ovVElkXS1I19vuJr63UQ75ba0=
2023.3.8 15:30:35#result:RESULT>OK^RESULT_CODE>000^3DSECURE>SKIPPED^RRN>306715553818^APPROVAL_CODE>818201^CARD_NUMBER>999999*********7817^AMOUNT>202000^CARDNAME>mb account^DESCRIPTION>6BBM2002118^TRANS_DATE>2023-03-08 09:30:32 PM
2023.3.8 15:30:35#47483708033035
2023.3.8 15:30:35#47483708033035
2023.3.8 15:30:35#47483708033035
2023.3.8 15:30:35#47483708033035
2023.3.8 15:30:35#=================== Transaction Completed =======================
2023.3.8 15:42:37#=================== Start New Transaction ===================
2023.3.8 15:42:37#txnrefnum:MSC22110003
2023.3.8 15:42:37#clientIp:118.179.20.39
2023.3.8 15:42:37#card type:6
2023.3.8 15:42:37#totalamount:166000
2023.3.8 15:42:40#result:TRANSACTION_ID:f6a3yQQqkrVIguPkDHFdzkTRVlI=
2023.3.8 15:42:40#Forward to DBBL Payment Gateway Page: https://ecom1.dutchbanglabank.com/ecomm2/ClientHandler?card_type=6&trans_id=f6a3yQQqkrVIguPkDHFdzkTRVlI%3D
2023.3.8 15:43:33#---------------------- Complete New Transaction---------------------
2023.3.8 15:43:33#Get trans_id From Post Value:f6a3yQQqkrVIguPkDHFdzkTRVlI=
2023.3.8 15:43:33#clientIp:118.179.20.39
2023.3.8 15:43:33#trans_id:f6a3yQQqkrVIguPkDHFdzkTRVlI=
2023.3.8 15:43:35#result:RESULT>OK^RESULT_CODE>000^3DSECURE>SKIPPED^RRN>306715554770^APPROVAL_CODE>845516^CARD_NUMBER>999999*********2189^AMOUNT>166000^CARDNAME>mb account^DESCRIPTION>6MSC22110003^TRANS_DATE>2023-03-08 09:43:32 PM
2023.3.8 15:43:35#33664508034335
2023.3.8 15:43:35#33664508034335
2023.3.8 15:43:35#33664508034335
2023.3.8 15:43:35#33664508034335
2023.3.8 15:43:35#=================== Transaction Completed =======================
2023.3.8 16:22:32#=================== Start New Transaction ===================
2023.3.8 16:22:32#txnrefnum:BBM2304007
2023.3.8 16:22:32#clientIp:103.168.207.86
2023.3.8 16:22:32#card type:6
2023.3.8 16:22:32#totalamount:202000
2023.3.8 16:22:38#result:TRANSACTION_ID:h5wVVy2QoQQBTi6bU9zKjTa5N30=
2023.3.8 16:22:38#Forward to DBBL Payment Gateway Page: https://ecom1.dutchbanglabank.com/ecomm2/ClientHandler?card_type=6&trans_id=h5wVVy2QoQQBTi6bU9zKjTa5N30%3D
2023.3.8 16:22:38#=================== Start New Transaction ===================
2023.3.8 16:22:38#txnrefnum:BBM2304007
2023.3.8 16:22:38#clientIp:103.168.207.86
2023.3.8 16:22:38#card type:6
2023.3.8 16:22:38#totalamount:202000
2023.3.8 16:22:41#result:TRANSACTION_ID:CksUY7UUBfaWnDCFwRbnW9ie4vg=
2023.3.8 16:22:41#Forward to DBBL Payment Gateway Page: https://ecom1.dutchbanglabank.com/ecomm2/ClientHandler?card_type=6&trans_id=CksUY7UUBfaWnDCFwRbnW9ie4vg%3D
2023.3.8 16:25:26#=================== Start New Transaction ===================
2023.3.8 16:25:26#txnrefnum:BBM2304007
2023.3.8 16:25:26#clientIp:103.168.207.86
2023.3.8 16:25:26#card type:6
2023.3.8 16:25:26#totalamount:202000
2023.3.8 16:25:29#result:TRANSACTION_ID:hHRINfdoMxqQjC9FdFBpxTVivxM=
2023.3.8 16:25:29#Forward to DBBL Payment Gateway Page: https://ecom1.dutchbanglabank.com/ecomm2/ClientHandler?card_type=6&trans_id=hHRINfdoMxqQjC9FdFBpxTVivxM%3D
2023.3.8 16:26:16#=================== Start New Transaction ===================
2023.3.8 16:26:16#txnrefnum:BBM2002091
2023.3.8 16:26:16#clientIp:103.126.51.198
2023.3.8 16:26:16#card type:6
2023.3.8 16:26:16#totalamount:822000
2023.3.8 16:26:19#result:TRANSACTION_ID:zWQ0hmS3PFbnUBlnylDEdX7lPJs=
2023.3.8 16:26:19#Forward to DBBL Payment Gateway Page: https://ecom1.dutchbanglabank.com/ecomm2/ClientHandler?card_type=6&trans_id=zWQ0hmS3PFbnUBlnylDEdX7lPJs%3D
2023.3.8 16:27:17#=================== Start New Transaction ===================
2023.3.8 16:27:17#txnrefnum:BBM2002091
2023.3.8 16:27:17#clientIp:103.126.51.198
2023.3.8 16:27:17#card type:6
2023.3.8 16:27:17#totalamount:822000
2023.3.8 16:27:20#result:TRANSACTION_ID:IFcOiMHEgwQieF9DWXYhxhbIbv4=
2023.3.8 16:27:20#Forward to DBBL Payment Gateway Page: https://ecom1.dutchbanglabank.com/ecomm2/ClientHandler?card_type=6&trans_id=IFcOiMHEgwQieF9DWXYhxhbIbv4%3D
2023.3.8 16:27:44#---------------------- Complete New Transaction---------------------
2023.3.8 16:27:44#Get trans_id From Post Value:IFcOiMHEgwQieF9DWXYhxhbIbv4=
2023.3.8 16:27:44#clientIp:103.126.51.198
2023.3.8 16:27:44#trans_id:IFcOiMHEgwQieF9DWXYhxhbIbv4=
2023.3.8 16:27:46#result:RESULT>OK^RESULT_CODE>000^3DSECURE>SKIPPED^RRN>306716557786^APPROVAL_CODE>152368^CARD_NUMBER>999999*********9585^AMOUNT>822000^CARDNAME>mb account^DESCRIPTION>6BBM2002091^TRANS_DATE>2023-03-08 10:27:43 PM
2023.3.8 16:27:46#36619108042746
2023.3.8 16:27:46#36619108042746
2023.3.8 16:27:46#36619108042746
2023.3.8 16:27:46#36619108042746
2023.3.8 16:27:46#36619108042746
2023.3.8 16:27:46#36619108042746
2023.3.8 16:27:46#=================== Transaction Completed =======================
2023.3.8 16:34:33#=================== Start New Transaction ===================
2023.3.8 16:34:33#txnrefnum:BBM2007056
2023.3.8 16:34:33#clientIp:103.237.37.212
2023.3.8 16:34:33#card type:6
2023.3.8 16:34:33#totalamount:202000
2023.3.8 16:34:36#result:TRANSACTION_ID:bPab08ObBKY2MIZhnSudMo3p4u4=
2023.3.8 16:34:36#Forward to DBBL Payment Gateway Page: https://ecom1.dutchbanglabank.com/ecomm2/ClientHandler?card_type=6&trans_id=bPab08ObBKY2MIZhnSudMo3p4u4%3D
2023.3.8 16:35:11#---------------------- Complete New Transaction---------------------
2023.3.8 16:35:11#Get trans_id From Post Value:bPab08ObBKY2MIZhnSudMo3p4u4=
2023.3.8 16:35:11#clientIp:103.237.37.212
2023.3.8 16:35:11#trans_id:bPab08ObBKY2MIZhnSudMo3p4u4=
2023.3.8 16:35:13#result:RESULT>OK^RESULT_CODE>000^3DSECURE>SKIPPED^RRN>306716558207^APPROVAL_CODE>130224^CARD_NUMBER>999999*********1263^AMOUNT>202000^CARDNAME>mb account^DESCRIPTION>6BBM2007056^TRANS_DATE>2023-03-08 10:35:10 PM
2023.3.8 16:35:13#37816508043513
2023.3.8 16:35:13#37816508043513
2023.3.8 16:35:13#37816508043513
2023.3.8 16:35:13#37816508043513
2023.3.8 16:35:13#=================== Transaction Completed =======================
2023.3.8 16:36:55#=================== Start New Transaction ===================
2023.3.8 16:36:55#txnrefnum:BBG2101095
2023.3.8 16:36:55#clientIp:103.237.37.212
2023.3.8 16:36:55#card type:6
2023.3.8 16:36:55#totalamount:202000
2023.3.8 16:36:58#result:TRANSACTION_ID:mCk0RPSIHP1vfDTISlA5m7lmSmI=
2023.3.8 16:36:58#Forward to DBBL Payment Gateway Page: https://ecom1.dutchbanglabank.com/ecomm2/ClientHandler?card_type=6&trans_id=mCk0RPSIHP1vfDTISlA5m7lmSmI%3D
2023.3.8 16:37:33#---------------------- Complete New Transaction---------------------
2023.3.8 16:37:33#Get trans_id From Post Value:mCk0RPSIHP1vfDTISlA5m7lmSmI=
2023.3.8 16:37:33#clientIp:103.237.37.212
2023.3.8 16:37:33#trans_id:mCk0RPSIHP1vfDTISlA5m7lmSmI=
2023.3.8 16:37:35#result:RESULT>OK^RESULT_CODE>000^3DSECURE>SKIPPED^RRN>306716558368^APPROVAL_CODE>133283^CARD_NUMBER>999999*********1263^AMOUNT>202000^CARDNAME>mb account^DESCRIPTION>6BBG2101095^TRANS_DATE>2023-03-08 10:37:32 PM
2023.3.8 16:37:35#50536508043735
2023.3.8 16:37:35#50536508043735
2023.3.8 16:37:35#50536508043735
2023.3.8 16:37:35#50536508043735
2023.3.8 16:37:35#=================== Transaction Completed =======================
2023.3.8 16:42:39#=================== Start New Transaction ===================
2023.3.8 16:42:39#txnrefnum:MBD2302176
2023.3.8 16:42:39#clientIp:119.148.47.246
2023.3.8 16:42:39#card type:6
2023.3.8 16:42:39#totalamount:2000
2023.3.8 16:42:42#result:TRANSACTION_ID:jLntCiLz2LAUDbPSfKIXmSlK0aY=
2023.3.8 16:42:42#Forward to DBBL Payment Gateway Page: https://ecom1.dutchbanglabank.com/ecomm2/ClientHandler?card_type=6&trans_id=jLntCiLz2LAUDbPSfKIXmSlK0aY%3D
2023.3.8 16:44:20#=================== Start New Transaction ===================
2023.3.8 16:44:20#txnrefnum:MBD2302176
2023.3.8 16:44:20#clientIp:119.148.47.246
2023.3.8 16:44:20#card type:6
2023.3.8 16:44:20#totalamount:102000
2023.3.8 16:44:23#result:TRANSACTION_ID:S8ZKe60OjmafNYqM468UhCJNEBo=
2023.3.8 16:44:23#Forward to DBBL Payment Gateway Page: https://ecom1.dutchbanglabank.com/ecomm2/ClientHandler?card_type=6&trans_id=S8ZKe60OjmafNYqM468UhCJNEBo%3D
2023.3.8 16:57:00#=================== Start New Transaction ===================
2023.3.8 16:57:00#txnrefnum:MBD2302176
2023.3.8 16:57:00#clientIp:119.148.47.246
2023.3.8 16:57:00#card type:6
2023.3.8 16:57:00#totalamount:102000
2023.3.8 16:57:03#result:TRANSACTION_ID:KVGPEpPwbmm7xMBYPJipXOGyYYY=
2023.3.8 16:57:03#Forward to DBBL Payment Gateway Page: https://ecom1.dutchbanglabank.com/ecomm2/ClientHandler?card_type=6&trans_id=KVGPEpPwbmm7xMBYPJipXOGyYYY%3D
2023.3.8 17:00:45#=================== Start New Transaction ===================
2023.3.8 17:00:45#txnrefnum:MBD2302176
2023.3.8 17:00:45#clientIp:119.148.47.246
2023.3.8 17:00:45#card type:6
2023.3.8 17:00:45#totalamount:102000
2023.3.8 17:00:48#result:TRANSACTION_ID:H2aTI0POtXk6cnr1d2D2LOiN3sw=
2023.3.8 17:00:48#Forward to DBBL Payment Gateway Page: https://ecom1.dutchbanglabank.com/ecomm2/ClientHandler?card_type=6&trans_id=H2aTI0POtXk6cnr1d2D2LOiN3sw%3D
2023.3.8 17:20:57#=================== Start New Transaction ===================
2023.3.8 17:20:57#txnrefnum:MBD2302148
2023.3.8 17:20:57#clientIp:37.111.206.220
2023.3.8 17:20:57#card type:6
2023.3.8 17:20:57#totalamount:202000
2023.3.8 17:20:59#result:TRANSACTION_ID:ZTQg3KCxO8zZtQDwhpSTbWRavGs=
2023.3.8 17:21:00#Forward to DBBL Payment Gateway Page: https://ecom1.dutchbanglabank.com/ecomm2/ClientHandler?card_type=6&trans_id=ZTQg3KCxO8zZtQDwhpSTbWRavGs%3D
2023.3.8 17:49:25#=================== Start New Transaction ===================
2023.3.8 17:49:25#txnrefnum:MBD2301057
2023.3.8 17:49:25#clientIp:103.200.38.12
2023.3.8 17:49:25#card type:6
2023.3.8 17:49:25#totalamount:132000
2023.3.8 17:49:28#result:TRANSACTION_ID:9JAMKwkAMWQSck1Fh1mUPzbAbNU=
2023.3.8 17:49:28#Forward to DBBL Payment Gateway Page: https://ecom1.dutchbanglabank.com/ecomm2/ClientHandler?card_type=6&trans_id=9JAMKwkAMWQSck1Fh1mUPzbAbNU%3D
2023.3.8 17:49:49#=================== Start New Transaction ===================
2023.3.8 17:49:49#txnrefnum:MBD2302148
2023.3.8 17:49:49#clientIp:37.111.206.220
2023.3.8 17:49:49#card type:6
2023.3.8 17:49:49#totalamount:202000
2023.3.8 17:49:52#result:TRANSACTION_ID:L3Iyoe3LXuZDS4ZaAELfKLHOC60=
2023.3.8 17:49:52#Forward to DBBL Payment Gateway Page: https://ecom1.dutchbanglabank.com/ecomm2/ClientHandler?card_type=6&trans_id=L3Iyoe3LXuZDS4ZaAELfKLHOC60%3D
2023.3.8 17:50:56#---------------------- Complete New Transaction---------------------
2023.3.8 17:50:56#Get trans_id From Post Value:9JAMKwkAMWQSck1Fh1mUPzbAbNU=
2023.3.8 17:50:56#clientIp:103.200.38.12
2023.3.8 17:50:56#trans_id:9JAMKwkAMWQSck1Fh1mUPzbAbNU=
2023.3.8 17:50:59#result:RESULT>OK^RESULT_CODE>000^3DSECURE>SKIPPED^RRN>306717561947^APPROVAL_CODE>237558^CARD_NUMBER>999999*********6330^AMOUNT>132000^CARDNAME>mb account^DESCRIPTION>6MBD2301057^TRANS_DATE>2023-03-08 11:50:55 PM
2023.3.8 17:50:59#48362108055059
2023.3.8 17:50:59#48362108055059
2023.3.8 17:50:59#=================== Transaction Completed =======================
2023.3.8 17:53:07#---------------------- Complete New Transaction---------------------
2023.3.8 17:53:07#Get trans_id From Post Value:L3Iyoe3LXuZDS4ZaAELfKLHOC60=
2023.3.8 17:53:07#clientIp:37.111.206.220
2023.3.8 17:53:07#trans_id:L3Iyoe3LXuZDS4ZaAELfKLHOC60=
2023.3.8 17:53:09#result:RESULT>OK^RESULT_CODE>000^3DSECURE>SKIPPED^RRN>306717562016^APPROVAL_CODE>370501^CARD_NUMBER>999999*********1696^AMOUNT>202000^CARDNAME>mb account^DESCRIPTION>6MBD2302148^TRANS_DATE>2023-03-08 11:53:07 PM
2023.3.8 17:53:09#50217308055309
2023.3.8 17:53:09#50217308055309
2023.3.8 17:53:09#50217308055309
2023.3.8 17:53:09#50217308055309
2023.3.8 17:53:09#=================== Transaction Completed =======================