
2023.7.7 02:47:10#=================== Start New Transaction ===================
2023.7.7 02:47:10#txnrefnum:MBM2306128
2023.7.7 02:47:10#clientIp:202.134.10.129
2023.7.7 02:47:10#card type:6
2023.7.7 02:47:10#totalamount:2000
2023.7.7 02:47:13#result:TRANSACTION_ID:DOS4XYqc7dSZRawvdWR5MSMq204=
2023.7.7 02:47:13#Forward to DBBL Payment Gateway Page: https://ecom1.dutchbanglabank.com/ecomm2/ClientHandler?card_type=6&trans_id=DOS4XYqc7dSZRawvdWR5MSMq204%3D
2023.7.7 09:42:27#=================== Start New Transaction ===================
2023.7.7 09:42:27#txnrefnum:MSC23111135
2023.7.7 09:42:27#clientIp:45.115.113.34
2023.7.7 09:42:27#card type:6
2023.7.7 09:42:27#totalamount:826000
2023.7.7 09:42:30#result:TRANSACTION_ID:wCLqsvtPw6WwDNx0G4iDD8p1AFM=
2023.7.7 09:42:30#Forward to DBBL Payment Gateway Page: https://ecom1.dutchbanglabank.com/ecomm2/ClientHandler?card_type=6&trans_id=wCLqsvtPw6WwDNx0G4iDD8p1AFM%3D
2023.7.7 09:44:18#=================== Start New Transaction ===================
2023.7.7 09:44:18#txnrefnum:MSC23111135
2023.7.7 09:44:18#clientIp:45.115.113.34
2023.7.7 09:44:18#card type:6
2023.7.7 09:44:18#totalamount:102000
2023.7.7 09:44:21#result:TRANSACTION_ID:4gQVj4mF81ZfrPzXB9CWKcbSmt8=
2023.7.7 09:44:22#Forward to DBBL Payment Gateway Page: https://ecom1.dutchbanglabank.com/ecomm2/ClientHandler?card_type=6&trans_id=4gQVj4mF81ZfrPzXB9CWKcbSmt8%3D
2023.7.7 10:08:43#=================== Start New Transaction ===================
2023.7.7 10:08:43#txnrefnum:MBM2007003
2023.7.7 10:08:43#clientIp:103.184.95.240
2023.7.7 10:08:43#card type:6
2023.7.7 10:08:43#totalamount:202000
2023.7.7 10:08:43#=================== Start New Transaction ===================
2023.7.7 10:08:43#txnrefnum:MBM2007003
2023.7.7 10:08:43#clientIp:103.184.95.240
2023.7.7 10:08:43#card type:6
2023.7.7 10:08:43#totalamount:202000
2023.7.7 10:08:46#result:TRANSACTION_ID:f714btog3PBGAEHgs8tdnSKpG8U=
2023.7.7 10:08:46#result:TRANSACTION_ID:5J7tZlnA4Al5cz3rUEQZP6Oj74s=
2023.7.7 10:08:46#Forward to DBBL Payment Gateway Page: https://ecom1.dutchbanglabank.com/ecomm2/ClientHandler?card_type=6&trans_id=f714btog3PBGAEHgs8tdnSKpG8U%3D
2023.7.7 10:08:46#Forward to DBBL Payment Gateway Page: https://ecom1.dutchbanglabank.com/ecomm2/ClientHandler?card_type=6&trans_id=5J7tZlnA4Al5cz3rUEQZP6Oj74s%3D
2023.7.7 12:11:51#=================== Start New Transaction ===================
2023.7.7 12:11:51#txnrefnum:MSC22110524
2023.7.7 12:11:51#clientIp:202.134.13.140
2023.7.7 12:11:51#card type:6
2023.7.7 12:11:51#totalamount:1124000
2023.7.7 12:11:54#result:TRANSACTION_ID:pEPVLB8HGD03JLyPwb6cEKmoU2s=
2023.7.7 12:11:55#Forward to DBBL Payment Gateway Page: https://ecom1.dutchbanglabank.com/ecomm2/ClientHandler?card_type=6&trans_id=pEPVLB8HGD03JLyPwb6cEKmoU2s%3D
2023.7.7 12:12:32#---------------------- Complete New Transaction---------------------
2023.7.7 12:12:32#Get trans_id From Post Value:pEPVLB8HGD03JLyPwb6cEKmoU2s=
2023.7.7 12:12:32#clientIp:202.134.13.140
2023.7.7 12:12:32#trans_id:pEPVLB8HGD03JLyPwb6cEKmoU2s=
2023.7.7 12:12:34#result:RESULT>OK^RESULT_CODE>000^3DSECURE>SKIPPED^RRN>318812541901^APPROVAL_CODE>342702^CARD_NUMBER>999999*********8527^AMOUNT>1124000^CARDNAME>mb account^DESCRIPTION>6MSC22110524^TRANS_DATE>2023-07-07 06:12:31 PM
2023.7.7 12:12:34#33558807121234
2023.7.7 12:12:34#33558807121234
2023.7.7 12:12:34#33558807121234
2023.7.7 12:12:35#33558807121234
2023.7.7 12:12:35#33558807121234
2023.7.7 12:12:35#33558807121234
2023.7.7 12:12:35#33558807121234
2023.7.7 12:12:35#33558807121234
2023.7.7 12:12:35#33558807121234
2023.7.7 12:12:35#33558807121234
2023.7.7 12:12:35#33558807121234
2023.7.7 12:12:35#33558807121234
2023.7.7 12:12:35#33558807121234
2023.7.7 12:12:35#33558807121234
2023.7.7 12:12:35#=================== Transaction Completed =======================
2023.7.7 12:34:09#=================== Start New Transaction ===================
2023.7.7 12:34:09#txnrefnum:MBD2307046
2023.7.7 12:34:09#clientIp:103.237.37.212
2023.7.7 12:34:09#card type:6
2023.7.7 12:34:09#totalamount:102000
2023.7.7 12:34:13#result:TRANSACTION_ID:Q7YmIp4TQeAo1RYMSrr0vKZ8wXw=
2023.7.7 12:34:13#Forward to DBBL Payment Gateway Page: https://ecom1.dutchbanglabank.com/ecomm2/ClientHandler?card_type=6&trans_id=Q7YmIp4TQeAo1RYMSrr0vKZ8wXw%3D
2023.7.7 12:34:46#---------------------- Complete New Transaction---------------------
2023.7.7 12:34:46#Get trans_id From Post Value:Q7YmIp4TQeAo1RYMSrr0vKZ8wXw=
2023.7.7 12:34:46#clientIp:103.237.37.212
2023.7.7 12:34:46#trans_id:Q7YmIp4TQeAo1RYMSrr0vKZ8wXw=
2023.7.7 12:34:48#result:RESULT>OK^RESULT_CODE>000^3DSECURE>SKIPPED^RRN>318812543672^APPROVAL_CODE>380763^CARD_NUMBER>999999*********5687^AMOUNT>102000^CARDNAME>mb account^DESCRIPTION>6MBD2307046^TRANS_DATE>2023-07-07 06:34:44 PM
2023.7.7 12:34:48#44171107123448
2023.7.7 12:34:48#44171107123448
2023.7.7 12:34:48#=================== Transaction Completed =======================
2023.7.7 13:31:33#=================== Start New Transaction ===================
2023.7.7 13:31:33#txnrefnum:MSC23111024
2023.7.7 13:31:33#clientIp:103.25.121.34
2023.7.7 13:31:33#card type:6
2023.7.7 13:31:33#totalamount:182000
2023.7.7 13:31:36#result:TRANSACTION_ID:csUx4WQvwOZvQg0bDsSSdfEz9BU=
2023.7.7 13:31:36#Forward to DBBL Payment Gateway Page: https://ecom1.dutchbanglabank.com/ecomm2/ClientHandler?card_type=6&trans_id=csUx4WQvwOZvQg0bDsSSdfEz9BU%3D
2023.7.7 13:32:51#=================== Start New Transaction ===================
2023.7.7 13:32:51#txnrefnum:MSC23111024
2023.7.7 13:32:51#clientIp:103.25.121.34
2023.7.7 13:32:51#card type:6
2023.7.7 13:32:51#totalamount:182000
2023.7.7 13:32:54#result:TRANSACTION_ID:ltBdxhvNGbBDFRedwRKpOXiOLPY=
2023.7.7 13:32:54#Forward to DBBL Payment Gateway Page: https://ecom1.dutchbanglabank.com/ecomm2/ClientHandler?card_type=6&trans_id=ltBdxhvNGbBDFRedwRKpOXiOLPY%3D
2023.7.7 13:33:45#---------------------- Complete New Transaction---------------------
2023.7.7 13:33:45#Get trans_id From Post Value:ltBdxhvNGbBDFRedwRKpOXiOLPY=
2023.7.7 13:33:47#clientIp:103.25.121.34
2023.7.7 13:33:47#trans_id:ltBdxhvNGbBDFRedwRKpOXiOLPY=
2023.7.7 13:33:49#result:RESULT>OK^RESULT_CODE>000^3DSECURE>SKIPPED^RRN>318813547904^APPROVAL_CODE>715015^CARD_NUMBER>999999*********7234^AMOUNT>182000^CARDNAME>mb account^DESCRIPTION>6MSC23111024^TRANS_DATE>2023-07-07 07:33:44 PM
2023.7.7 13:33:49#52001107013349
2023.7.7 13:33:49#52001107013349
2023.7.7 13:33:49#=================== Transaction Completed =======================
2023.7.7 13:39:25#=================== Start New Transaction ===================
2023.7.7 13:39:25#txnrefnum:BBD2301028
2023.7.7 13:39:25#clientIp:118.179.3.82
2023.7.7 13:39:25#card type:6
2023.7.7 13:39:25#totalamount:302000
2023.7.7 13:39:28#result:TRANSACTION_ID:34aC1jcBfZPX5mPmMTtAKYqtmH4=
2023.7.7 13:39:28#Forward to DBBL Payment Gateway Page: https://ecom1.dutchbanglabank.com/ecomm2/ClientHandler?card_type=6&trans_id=34aC1jcBfZPX5mPmMTtAKYqtmH4%3D
2023.7.7 13:40:21#---------------------- Complete New Transaction---------------------
2023.7.7 13:40:21#Get trans_id From Post Value:34aC1jcBfZPX5mPmMTtAKYqtmH4=
2023.7.7 13:40:21#clientIp:118.179.3.82
2023.7.7 13:40:21#trans_id:34aC1jcBfZPX5mPmMTtAKYqtmH4=
2023.7.7 13:40:23#result:RESULT>OK^RESULT_CODE>000^3DSECURE>SKIPPED^RRN>318813548451^APPROVAL_CODE>659286^CARD_NUMBER>999999*********3698^AMOUNT>302000^CARDNAME>mb account^DESCRIPTION>6BBD2301028^TRANS_DATE>2023-07-07 07:40:20 PM
2023.7.7 13:40:23#48513707014023
2023.7.7 13:40:23#48513707014023
2023.7.7 13:40:23#48513707014023
2023.7.7 13:40:23#48513707014023
2023.7.7 13:40:23#48513707014023
2023.7.7 13:40:23#48513707014023
2023.7.7 13:40:23#=================== Transaction Completed =======================
2023.7.7 14:37:16#=================== Start New Transaction ===================
2023.7.7 14:37:16#txnrefnum:MSC23111199
2023.7.7 14:37:16#clientIp:103.144.49.91
2023.7.7 14:37:16#card type:6
2023.7.7 14:37:16#totalamount:102000
2023.7.7 14:37:19#result:TRANSACTION_ID:I2fFa9EIiAfBC0DruimxkPQsFVc=
2023.7.7 14:37:20#Forward to DBBL Payment Gateway Page: https://ecom1.dutchbanglabank.com/ecomm2/ClientHandler?card_type=6&trans_id=I2fFa9EIiAfBC0DruimxkPQsFVc%3D
2023.7.7 14:38:05#=================== Start New Transaction ===================
2023.7.7 14:38:05#txnrefnum:MSC23111199
2023.7.7 14:38:05#clientIp:103.144.49.91
2023.7.7 14:38:05#card type:6
2023.7.7 14:38:05#totalamount:102000
2023.7.7 14:38:08#result:TRANSACTION_ID:XgkmTkNMIYrdXh1UclOVICyg7Sw=
2023.7.7 14:38:08#Forward to DBBL Payment Gateway Page: https://ecom1.dutchbanglabank.com/ecomm2/ClientHandler?card_type=6&trans_id=XgkmTkNMIYrdXh1UclOVICyg7Sw%3D
2023.7.7 14:39:04#=================== Start New Transaction ===================
2023.7.7 14:39:04#txnrefnum:MSC23111199
2023.7.7 14:39:04#clientIp:103.144.49.91
2023.7.7 14:39:04#card type:6
2023.7.7 14:39:04#totalamount:102000
2023.7.7 14:39:08#result:TRANSACTION_ID:ToMuTPQnfcxmyyaymLPRSBi66UQ=
2023.7.7 14:39:08#Forward to DBBL Payment Gateway Page: https://ecom1.dutchbanglabank.com/ecomm2/ClientHandler?card_type=6&trans_id=ToMuTPQnfcxmyyaymLPRSBi66UQ%3D
2023.7.7 14:41:10#=================== Start New Transaction ===================
2023.7.7 14:41:10#txnrefnum:MSC23111199
2023.7.7 14:41:10#clientIp:103.144.49.91
2023.7.7 14:41:10#card type:6
2023.7.7 14:41:10#totalamount:102000
2023.7.7 14:41:13#result:TRANSACTION_ID:qoKmk1Yu4jl4TnPC44sSwqu7soM=
2023.7.7 14:41:13#Forward to DBBL Payment Gateway Page: https://ecom1.dutchbanglabank.com/ecomm2/ClientHandler?card_type=6&trans_id=qoKmk1Yu4jl4TnPC44sSwqu7soM%3D
2023.7.7 14:42:15#=================== Start New Transaction ===================
2023.7.7 14:42:15#txnrefnum:MSC23111153
2023.7.7 14:42:15#clientIp:43.245.140.37
2023.7.7 14:42:15#card type:6
2023.7.7 14:42:15#totalamount:102000
2023.7.7 14:42:18#result:TRANSACTION_ID:nEeUKze0GBIOeS9yZxDupzs1XCI=
2023.7.7 14:42:18#Forward to DBBL Payment Gateway Page: https://ecom1.dutchbanglabank.com/ecomm2/ClientHandler?card_type=6&trans_id=nEeUKze0GBIOeS9yZxDupzs1XCI%3D
2023.7.7 14:43:00#---------------------- Complete New Transaction---------------------
2023.7.7 14:43:00#Get trans_id From Post Value:nEeUKze0GBIOeS9yZxDupzs1XCI=
2023.7.7 14:43:00#clientIp:43.245.140.37
2023.7.7 14:43:00#trans_id:nEeUKze0GBIOeS9yZxDupzs1XCI=
2023.7.7 14:43:02#result:RESULT>OK^RESULT_CODE>000^3DSECURE>SKIPPED^RRN>318814554335^APPROVAL_CODE>023829^CARD_NUMBER>999999*********0482^AMOUNT>102000^CARDNAME>mb account^DESCRIPTION>6MSC23111153^TRANS_DATE>2023-07-07 08:42:59 PM
2023.7.7 14:43:02#54647707024302
2023.7.7 14:43:02#54647707024302
2023.7.7 14:43:02#=================== Transaction Completed =======================
2023.7.7 14:53:08#=================== Start New Transaction ===================
2023.7.7 14:53:08#txnrefnum:MSC23110565
2023.7.7 14:53:08#clientIp:114.130.156.193
2023.7.7 14:53:08#card type:6
2023.7.7 14:53:08#totalamount:648000
2023.7.7 14:53:12#result:TRANSACTION_ID:u0PTjdQiUmLcrmeUHqx4kKAlRtg=
2023.7.7 14:53:12#Forward to DBBL Payment Gateway Page: https://ecom1.dutchbanglabank.com/ecomm2/ClientHandler?card_type=6&trans_id=u0PTjdQiUmLcrmeUHqx4kKAlRtg%3D
2023.7.7 14:53:47#---------------------- Complete New Transaction---------------------
2023.7.7 14:53:47#Get trans_id From Post Value:u0PTjdQiUmLcrmeUHqx4kKAlRtg=
2023.7.7 14:53:47#clientIp:114.130.156.193
2023.7.7 14:53:47#trans_id:u0PTjdQiUmLcrmeUHqx4kKAlRtg=
2023.7.7 14:53:49#result:RESULT>OK^RESULT_CODE>000^3DSECURE>SKIPPED^RRN>318814555167^APPROVAL_CODE>097085^CARD_NUMBER>999999*********6656^AMOUNT>648000^CARDNAME>mb account^DESCRIPTION>6MSC23110565^TRANS_DATE>2023-07-07 08:53:46 PM
2023.7.7 14:53:49#52577507025349
2023.7.7 14:53:50#52577507025349
2023.7.7 14:53:50#52577507025349
2023.7.7 14:53:50#52577507025349
2023.7.7 14:53:50#52577507025349
2023.7.7 14:53:50#52577507025349
2023.7.7 14:53:50#52577507025349
2023.7.7 14:53:50#52577507025349
2023.7.7 14:53:50#=================== Transaction Completed =======================
2023.7.7 14:54:09#=================== Start New Transaction ===================
2023.7.7 14:54:09#txnrefnum:MSC23111199
2023.7.7 14:54:09#clientIp:103.144.49.91
2023.7.7 14:54:09#card type:6
2023.7.7 14:54:09#totalamount:102000
2023.7.7 14:54:12#result:TRANSACTION_ID:1vSwdH53SgazmevPz6P0cZMHSlQ=
2023.7.7 14:54:12#Forward to DBBL Payment Gateway Page: https://ecom1.dutchbanglabank.com/ecomm2/ClientHandler?card_type=6&trans_id=1vSwdH53SgazmevPz6P0cZMHSlQ%3D
2023.7.7 15:54:45#=================== Start New Transaction ===================
2023.7.7 15:54:45#txnrefnum:BBD2003083
2023.7.7 15:54:45#clientIp:103.178.73.25
2023.7.7 15:54:45#card type:6
2023.7.7 15:54:45#totalamount:602000
2023.7.7 15:54:49#result:TRANSACTION_ID:ZTPhDKyv7q4Yot9mKKEzDkNdccc=
2023.7.7 15:54:49#Forward to DBBL Payment Gateway Page: https://ecom1.dutchbanglabank.com/ecomm2/ClientHandler?card_type=6&trans_id=ZTPhDKyv7q4Yot9mKKEzDkNdccc%3D
2023.7.7 15:55:48#---------------------- Complete New Transaction---------------------
2023.7.7 15:55:48#Get trans_id From Post Value:ZTPhDKyv7q4Yot9mKKEzDkNdccc=
2023.7.7 15:55:48#clientIp:103.178.73.25
2023.7.7 15:55:48#trans_id:ZTPhDKyv7q4Yot9mKKEzDkNdccc=
2023.7.7 15:55:50#result:RESULT>OK^RESULT_CODE>000^3DSECURE>SKIPPED^RRN>318815560014^APPROVAL_CODE>342512^CARD_NUMBER>999999*********0272^AMOUNT>602000^CARDNAME>mb account^DESCRIPTION>6BBD2003083^TRANS_DATE>2023-07-07 09:55:47 PM
2023.7.7 15:55:50#44428507035550
2023.7.7 15:55:50#44428507035550
2023.7.7 15:55:50#44428507035550
2023.7.7 15:55:50#44428507035550
2023.7.7 15:55:50#44428507035550
2023.7.7 15:55:50#44428507035550
2023.7.7 15:55:50#44428507035550
2023.7.7 15:55:50#44428507035550
2023.7.7 15:55:50#44428507035550
2023.7.7 15:55:50#44428507035550
2023.7.7 15:55:50#44428507035550
2023.7.7 15:55:50#44428507035550
2023.7.7 15:55:50#=================== Transaction Completed =======================
2023.7.7 16:00:05#=================== Start New Transaction ===================
2023.7.7 16:00:05#txnrefnum:BBD2006076
2023.7.7 16:00:05#clientIp:103.237.37.212
2023.7.7 16:00:05#card type:6
2023.7.7 16:00:05#totalamount:701500
2023.7.7 16:00:09#result:TRANSACTION_ID:VkRxrqgpa2OlnzjJ5ScZJVpPHSw=
2023.7.7 16:00:09#Forward to DBBL Payment Gateway Page: https://ecom1.dutchbanglabank.com/ecomm2/ClientHandler?card_type=6&trans_id=VkRxrqgpa2OlnzjJ5ScZJVpPHSw%3D
2023.7.7 16:00:39#---------------------- Complete New Transaction---------------------
2023.7.7 16:00:39#Get trans_id From Post Value:VkRxrqgpa2OlnzjJ5ScZJVpPHSw=
2023.7.7 16:00:39#clientIp:103.237.37.212
2023.7.7 16:00:39#trans_id:VkRxrqgpa2OlnzjJ5ScZJVpPHSw=
2023.7.7 16:00:41#result:RESULT>OK^RESULT_CODE>000^3DSECURE>SKIPPED^RRN>318816560322^APPROVAL_CODE>382481^CARD_NUMBER>999999*********3809^AMOUNT>701500^CARDNAME>mb account^DESCRIPTION>6BBD2006076^TRANS_DATE>2023-07-07 10:00:38 PM
2023.7.7 16:00:41#39024907040041
2023.7.7 16:00:41#39024907040041
2023.7.7 16:00:41#39024907040041
2023.7.7 16:00:41#39024907040041
2023.7.7 16:00:41#39024907040041
2023.7.7 16:00:41#39024907040041
2023.7.7 16:00:41#39024907040041
2023.7.7 16:00:41#39024907040041
2023.7.7 16:00:41#39024907040041
2023.7.7 16:00:41#39024907040041
2023.7.7 16:00:41#39024907040041
2023.7.7 16:00:41#39024907040041
2023.7.7 16:00:41#39024907040041
2023.7.7 16:00:42#39024907040041
2023.7.7 16:00:42#39024907040041
2023.7.7 16:00:42#39024907040041
2023.7.7 16:00:42#=================== Transaction Completed =======================
2023.7.7 16:02:29#=================== Start New Transaction ===================
2023.7.7 16:02:29#txnrefnum:MSC23110541
2023.7.7 16:02:29#clientIp:43.224.109.197
2023.7.7 16:02:29#card type:6
2023.7.7 16:02:29#totalamount:642000
2023.7.7 16:02:32#result:TRANSACTION_ID:1cWnscepsmlw3HKWIGpQOqpFUtM=
2023.7.7 16:02:33#Forward to DBBL Payment Gateway Page: https://ecom1.dutchbanglabank.com/ecomm2/ClientHandler?card_type=6&trans_id=1cWnscepsmlw3HKWIGpQOqpFUtM%3D
2023.7.7 16:03:30#---------------------- Complete New Transaction---------------------
2023.7.7 16:03:30#Get trans_id From Post Value:1cWnscepsmlw3HKWIGpQOqpFUtM=
2023.7.7 16:03:30#clientIp:43.224.109.197
2023.7.7 16:03:30#trans_id:1cWnscepsmlw3HKWIGpQOqpFUtM=
2023.7.7 16:03:32#result:RESULT>OK^RESULT_CODE>000^3DSECURE>SKIPPED^RRN>318816560525^APPROVAL_CODE>387189^CARD_NUMBER>999999*********9385^AMOUNT>642000^CARDNAME>mb account^DESCRIPTION>6MSC23110541^TRANS_DATE>2023-07-07 10:03:29 PM
2023.7.7 16:03:32#52306407040332
2023.7.7 16:03:32#52306407040332
2023.7.7 16:03:32#52306407040332
2023.7.7 16:03:32#52306407040332
2023.7.7 16:03:32#52306407040332
2023.7.7 16:03:33#52306407040332
2023.7.7 16:03:33#52306407040332
2023.7.7 16:03:33#52306407040332
2023.7.7 16:03:33#=================== Transaction Completed =======================
2023.7.7 17:38:32#=================== Start New Transaction ===================
2023.7.7 17:38:32#txnrefnum:MSC22111368
2023.7.7 17:38:32#clientIp:103.58.74.236
2023.7.7 17:38:32#card type:6
2023.7.7 17:38:32#totalamount:642000
2023.7.7 17:38:35#result:TRANSACTION_ID:wIPZTI4hHx3VLUHreM9zPlZOYVQ=
2023.7.7 17:38:36#Forward to DBBL Payment Gateway Page: https://ecom1.dutchbanglabank.com/ecomm2/ClientHandler?card_type=6&trans_id=wIPZTI4hHx3VLUHreM9zPlZOYVQ%3D
2023.7.7 17:42:10#---------------------- Complete New Transaction---------------------
2023.7.7 17:42:10#Get trans_id From Post Value:wIPZTI4hHx3VLUHreM9zPlZOYVQ=
2023.7.7 17:42:10#clientIp:103.58.74.236
2023.7.7 17:42:10#trans_id:wIPZTI4hHx3VLUHreM9zPlZOYVQ=
2023.7.7 17:42:12#result:RESULT>OK^RESULT_CODE>000^3DSECURE>SKIPPED^RRN>318817566090^APPROVAL_CODE>645308^CARD_NUMBER>999999*********1974^AMOUNT>642000^CARDNAME>mb account^DESCRIPTION>6MSC22111368^TRANS_DATE>2023-07-07 11:42:09 PM
2023.7.7 17:42:12#34011307054212
2023.7.7 17:42:12#34011307054212
2023.7.7 17:42:12#34011307054212
2023.7.7 17:42:12#34011307054212
2023.7.7 17:42:12#34011307054212
2023.7.7 17:42:12#34011307054212
2023.7.7 17:42:12#34011307054212
2023.7.7 17:42:13#34011307054212
2023.7.7 17:42:13#=================== Transaction Completed =======================
2023.7.7 18:16:58#=================== Start New Transaction ===================
2023.7.7 18:16:58#txnrefnum:BBD2308013
2023.7.7 18:16:58#clientIp:103.4.67.91
2023.7.7 18:16:58#card type:6
2023.7.7 18:16:58#totalamount:2000
2023.7.7 18:17:01#result:TRANSACTION_ID:tGSlbFSrMnUWePZIc9DTDgeogVI=
2023.7.7 18:17:02#Forward to DBBL Payment Gateway Page: https://ecom1.dutchbanglabank.com/ecomm2/ClientHandler?card_type=6&trans_id=tGSlbFSrMnUWePZIc9DTDgeogVI%3D
2023.7.7 18:18:17#=================== Start New Transaction ===================
2023.7.7 18:18:17#txnrefnum:BBD2308013
2023.7.7 18:18:17#clientIp:103.4.67.91
2023.7.7 18:18:17#card type:6
2023.7.7 18:18:17#totalamount:2000
2023.7.7 18:18:20#result:TRANSACTION_ID:PDtd21lElS2HdTDM8pun9PZOMG0=
2023.7.7 18:18:20#Forward to DBBL Payment Gateway Page: https://ecom1.dutchbanglabank.com/ecomm2/ClientHandler?card_type=6&trans_id=PDtd21lElS2HdTDM8pun9PZOMG0%3D
2023.7.7 18:18:56#---------------------- Complete New Transaction---------------------
2023.7.7 18:18:56#Get trans_id From Post Value:PDtd21lElS2HdTDM8pun9PZOMG0=
2023.7.7 18:18:56#clientIp:103.4.67.91
2023.7.7 18:18:56#trans_id:PDtd21lElS2HdTDM8pun9PZOMG0=
2023.7.7 18:18:58#result:RESULT>OK^RESULT_CODE>000^3DSECURE>SKIPPED^RRN>318818567497^APPROVAL_CODE>608758^CARD_NUMBER>999999*********0408^AMOUNT>2000^CARDNAME>mb account^DESCRIPTION>6BBD2308013^TRANS_DATE>2023-07-08 12:18:55 AM
2023.7.7 18:18:58#=================== Transaction Completed =======================
2023.7.7 18:22:28#=================== Start New Transaction ===================
2023.7.7 18:22:28#txnrefnum:BBD2308013
2023.7.7 18:22:28#clientIp:103.4.67.91
2023.7.7 18:22:28#card type:6
2023.7.7 18:22:28#totalamount:102000
2023.7.7 18:22:31#result:TRANSACTION_ID:rUXWgOcyXb6PeRBJXlkhMHQqP9Q=
2023.7.7 18:22:31#Forward to DBBL Payment Gateway Page: https://ecom1.dutchbanglabank.com/ecomm2/ClientHandler?card_type=6&trans_id=rUXWgOcyXb6PeRBJXlkhMHQqP9Q%3D
2023.7.7 18:23:06#---------------------- Complete New Transaction---------------------
2023.7.7 18:23:06#Get trans_id From Post Value:rUXWgOcyXb6PeRBJXlkhMHQqP9Q=
2023.7.7 18:23:06#clientIp:103.4.67.91
2023.7.7 18:23:06#trans_id:rUXWgOcyXb6PeRBJXlkhMHQqP9Q=
2023.7.7 18:23:08#result:RESULT>OK^RESULT_CODE>000^3DSECURE>SKIPPED^RRN>318818567649^APPROVAL_CODE>663754^CARD_NUMBER>999999*********0408^AMOUNT>102000^CARDNAME>mb account^DESCRIPTION>6BBD2308013^TRANS_DATE>2023-07-08 12:23:05 AM
2023.7.7 18:23:08#42573907062308
2023.7.7 18:23:08#42573907062308
2023.7.7 18:23:08#=================== Transaction Completed =======================