
2022.9.22 05:50:40#=================== Start New Transaction ===================
2022.9.22 05:50:40#txnrefnum:MBM2002087
2022.9.22 05:50:40#clientIp:103.126.217.230
2022.9.22 05:50:40#card type:6
2022.9.22 05:50:40#totalamount:802000
2022.9.22 05:50:43#=================== Start New Transaction ===================
2022.9.22 05:50:43#txnrefnum:MBM2002087
2022.9.22 05:50:43#clientIp:103.126.217.230
2022.9.22 05:50:43#card type:6
2022.9.22 05:50:43#totalamount:802000
2022.9.22 05:50:44#result:TRANSACTION_ID:JP6PZyzGSigolyShzGvRvQ3Z4ts=
2022.9.22 05:50:44#Forward to DBBL Payment Gateway Page: https://ecom1.dutchbanglabank.com/ecomm2/ClientHandler?card_type=6&trans_id=JP6PZyzGSigolyShzGvRvQ3Z4ts%3D
2022.9.22 05:50:47#result:TRANSACTION_ID:fcNg7BaGJCEVARUWEi3dPNUSqcM=
2022.9.22 05:50:47#Forward to DBBL Payment Gateway Page: https://ecom1.dutchbanglabank.com/ecomm2/ClientHandler?card_type=6&trans_id=fcNg7BaGJCEVARUWEi3dPNUSqcM%3D
2022.9.22 05:51:26#---------------------- Complete New Transaction---------------------
2022.9.22 05:51:26#Get trans_id From Post Value:fcNg7BaGJCEVARUWEi3dPNUSqcM=
2022.9.22 05:51:26#clientIp:103.126.217.230
2022.9.22 05:51:26#trans_id:fcNg7BaGJCEVARUWEi3dPNUSqcM=
2022.9.22 05:51:28#result:RESULT>OK^RESULT_CODE>000^3DSECURE>SKIPPED^RRN>226505513307^APPROVAL_CODE>550154^CARD_NUMBER>999999*********7285^AMOUNT>802000^CARDNAME>mb account^DESCRIPTION>6MBM2002087^TRANS_DATE>2022-09-22 11:51:26 AM
2022.9.22 05:51:28#11742722055128
2022.9.22 05:51:28#11742722055128
2022.9.22 05:51:28#11742722055128
2022.9.22 05:51:28#11742722055128
2022.9.22 05:51:28#=================== Transaction Completed =======================
2022.9.22 06:23:19#=================== Start New Transaction ===================
2022.9.22 06:23:19#txnrefnum:MSC22111142
2022.9.22 06:23:19#clientIp:103.85.233.19
2022.9.22 06:23:19#card type:6
2022.9.22 06:23:19#totalamount:482000
2022.9.22 06:25:03#=================== Start New Transaction ===================
2022.9.22 06:25:03#txnrefnum:MSC22111142
2022.9.22 06:25:03#clientIp:103.85.233.19
2022.9.22 06:25:03#card type:6
2022.9.22 06:25:03#totalamount:482000
2022.9.22 06:26:25#=================== Start New Transaction ===================
2022.9.22 06:26:25#txnrefnum:MSC22111142
2022.9.22 06:26:25#clientIp:103.85.233.19
2022.9.22 06:26:25#card type:6
2022.9.22 06:26:25#totalamount:482000
2022.9.22 06:27:55#=================== Start New Transaction ===================
2022.9.22 06:27:55#txnrefnum:MSC22111142
2022.9.22 06:27:55#clientIp:103.85.233.19
2022.9.22 06:27:55#card type:6
2022.9.22 06:27:55#totalamount:482000
2022.9.22 06:28:00#=================== Start New Transaction ===================
2022.9.22 06:28:00#txnrefnum:MSC22111142
2022.9.22 06:28:00#clientIp:103.85.233.19
2022.9.22 06:28:00#card type:6
2022.9.22 06:28:00#totalamount:482000
2022.9.22 06:31:03#=================== Start New Transaction ===================
2022.9.22 06:31:03#txnrefnum:MSC22111142
2022.9.22 06:31:03#clientIp:103.85.233.19
2022.9.22 06:31:03#card type:6
2022.9.22 06:31:03#totalamount:482000
2022.9.22 06:31:39#=================== Start New Transaction ===================
2022.9.22 06:31:39#txnrefnum:MSC22111142
2022.9.22 06:31:39#clientIp:103.85.233.19
2022.9.22 06:31:39#card type:6
2022.9.22 06:31:39#totalamount:482000
2022.9.22 06:40:47#=================== Start New Transaction ===================
2022.9.22 06:40:47#txnrefnum:MSC22111142
2022.9.22 06:40:47#clientIp:103.85.233.19
2022.9.22 06:40:47#card type:6
2022.9.22 06:40:47#totalamount:482000
2022.9.22 06:47:51#=================== Start New Transaction ===================
2022.9.22 06:47:51#txnrefnum:MSC22111142
2022.9.22 06:47:51#clientIp:103.147.106.23
2022.9.22 06:47:51#card type:6
2022.9.22 06:47:51#totalamount:482000
2022.9.22 06:49:45#=================== Start New Transaction ===================
2022.9.22 06:49:45#txnrefnum:MSC22111142
2022.9.22 06:49:45#clientIp:103.147.106.23
2022.9.22 06:49:45#card type:6
2022.9.22 06:49:45#totalamount:482000
2022.9.22 06:50:02#=================== Start New Transaction ===================
2022.9.22 06:50:02#txnrefnum:MSC22111142
2022.9.22 06:50:02#clientIp:103.147.106.23
2022.9.22 06:50:02#card type:6
2022.9.22 06:50:02#totalamount:482000
2022.9.22 06:55:56#=================== Start New Transaction ===================
2022.9.22 06:55:56#txnrefnum:MSC22111142
2022.9.22 06:55:56#clientIp:103.85.233.19
2022.9.22 06:55:56#card type:6
2022.9.22 06:55:56#totalamount:482000
2022.9.22 07:16:40#=================== Start New Transaction ===================
2022.9.22 07:16:40#txnrefnum:MSC22111142
2022.9.22 07:16:40#clientIp:103.85.233.19
2022.9.22 07:16:40#card type:6
2022.9.22 07:16:40#totalamount:482000
2022.9.22 07:16:44#result:TRANSACTION_ID:53ZVmPQL9gf4tvVN6hBWBqciB7I=
2022.9.22 07:16:44#Forward to DBBL Payment Gateway Page: https://ecom1.dutchbanglabank.com/ecomm2/ClientHandler?card_type=6&trans_id=53ZVmPQL9gf4tvVN6hBWBqciB7I%3D
2022.9.22 07:17:39#---------------------- Complete New Transaction---------------------
2022.9.22 07:17:39#Get trans_id From Post Value:53ZVmPQL9gf4tvVN6hBWBqciB7I=
2022.9.22 07:17:39#clientIp:103.85.233.19
2022.9.22 07:17:39#trans_id:53ZVmPQL9gf4tvVN6hBWBqciB7I=
2022.9.22 07:17:41#result:RESULT>OK^RESULT_CODE>000^3DSECURE>SKIPPED^RRN>226507520291^APPROVAL_CODE>021326^CARD_NUMBER>999999*********5499^AMOUNT>482000^CARDNAME>mb account^DESCRIPTION>6MSC22111142^TRANS_DATE>2022-09-22 01:17:38 PM
2022.9.22 07:17:41#1740622071741
2022.9.22 07:17:41#1740622071741
2022.9.22 07:17:41#1740622071741
2022.9.22 07:17:41#1740622071741
2022.9.22 07:17:41#1740622071741
2022.9.22 07:17:41#1740622071741
2022.9.22 07:17:41#=================== Transaction Completed =======================
2022.9.22 08:04:58#=================== Start New Transaction ===================
2022.9.22 08:04:58#txnrefnum:MSC22111142
2022.9.22 08:04:58#clientIp:43.243.133.201
2022.9.22 08:04:58#card type:6
2022.9.22 08:04:58#totalamount:2000
2022.9.22 08:05:00#=================== Start New Transaction ===================
2022.9.22 08:05:00#txnrefnum:MSC22111142
2022.9.22 08:05:00#clientIp:43.243.133.201
2022.9.22 08:05:00#card type:6
2022.9.22 08:05:00#totalamount:2000
2022.9.22 08:05:02#result:TRANSACTION_ID:qeqoL0Efsz0Za29amc3ru4ANZPY=
2022.9.22 08:05:02#Forward to DBBL Payment Gateway Page: https://ecom1.dutchbanglabank.com/ecomm2/ClientHandler?card_type=6&trans_id=qeqoL0Efsz0Za29amc3ru4ANZPY%3D
2022.9.22 08:05:04#result:TRANSACTION_ID:cZyyDwrVqtxdT1UwM3pQZYB82ig=
2022.9.22 08:05:04#Forward to DBBL Payment Gateway Page: https://ecom1.dutchbanglabank.com/ecomm2/ClientHandler?card_type=6&trans_id=cZyyDwrVqtxdT1UwM3pQZYB82ig%3D
2022.9.22 09:42:18#=================== Start New Transaction ===================
2022.9.22 09:42:18#txnrefnum:MBM2005071
2022.9.22 09:42:18#clientIp:43.224.109.201
2022.9.22 09:42:18#card type:6
2022.9.22 09:42:18#totalamount:242000
2022.9.22 09:42:22#result:TRANSACTION_ID:BLb9zdbtNzyiUVtBSPMsHJpnkYI=
2022.9.22 09:42:22#Forward to DBBL Payment Gateway Page: https://ecom1.dutchbanglabank.com/ecomm2/ClientHandler?card_type=6&trans_id=BLb9zdbtNzyiUVtBSPMsHJpnkYI%3D
2022.9.22 09:45:50#---------------------- Complete New Transaction---------------------
2022.9.22 09:45:50#Get trans_id From Post Value:BLb9zdbtNzyiUVtBSPMsHJpnkYI=
2022.9.22 09:45:50#clientIp:43.224.109.201
2022.9.22 09:45:50#trans_id:BLb9zdbtNzyiUVtBSPMsHJpnkYI=
2022.9.22 09:45:52#result:RESULT>OK^RESULT_CODE>000^3DSECURE>SKIPPED^RRN>226509530521^APPROVAL_CODE>524984^CARD_NUMBER>999999*********5004^AMOUNT>242000^CARDNAME>mb account^DESCRIPTION>6MBM2005071^TRANS_DATE>2022-09-22 03:45:49 PM
2022.9.22 09:45:52#16682622094552
2022.9.22 09:45:52#16682622094552
2022.9.22 09:45:52#16682622094552
2022.9.22 09:45:52#16682622094552
2022.9.22 09:45:52#16682622094552
2022.9.22 09:45:52#16682622094552
2022.9.22 09:45:52#=================== Transaction Completed =======================
2022.9.22 13:05:55#=================== Start New Transaction ===================
2022.9.22 13:05:55#txnrefnum:MBB2106079
2022.9.22 13:05:55#clientIp:103.168.207.86
2022.9.22 13:05:55#card type:6
2022.9.22 13:05:55#totalamount:242000
2022.9.22 13:06:00#result:TRANSACTION_ID:3gMM3yXeZW80WwFaFQElwWlWKDQ=
2022.9.22 13:06:00#Forward to DBBL Payment Gateway Page: https://ecom1.dutchbanglabank.com/ecomm2/ClientHandler?card_type=6&trans_id=3gMM3yXeZW80WwFaFQElwWlWKDQ%3D
2022.9.22 13:06:40#---------------------- Complete New Transaction---------------------
2022.9.22 13:06:40#Get trans_id From Post Value:3gMM3yXeZW80WwFaFQElwWlWKDQ=
2022.9.22 13:06:42#clientIp:103.168.207.86
2022.9.22 13:06:42#trans_id:3gMM3yXeZW80WwFaFQElwWlWKDQ=
2022.9.22 13:06:44#result:RESULT>OK^RESULT_CODE>000^3DSECURE>SKIPPED^RRN>226513544802^APPROVAL_CODE>430755^CARD_NUMBER>999999*********0436^AMOUNT>242000^CARDNAME>mb account^DESCRIPTION>6MBB2106079^TRANS_DATE>2022-09-22 07:06:39 PM
2022.9.22 13:06:44#16475022010644
2022.9.22 13:06:44#16475022010644
2022.9.22 13:06:44#16475022010644
2022.9.22 13:06:44#16475022010644
2022.9.22 13:06:44#16475022010644
2022.9.22 13:06:44#16475022010644
2022.9.22 13:06:44#=================== Transaction Completed =======================
2022.9.22 13:09:25#=================== Start New Transaction ===================
2022.9.22 13:09:25#txnrefnum:MBD2008039
2022.9.22 13:09:25#clientIp:103.168.207.86
2022.9.22 13:09:25#card type:6
2022.9.22 13:09:25#totalamount:242000
2022.9.22 13:09:28#result:TRANSACTION_ID:evxndqP3ehwTxMhVx75wz79hJDI=
2022.9.22 13:09:28#Forward to DBBL Payment Gateway Page: https://ecom1.dutchbanglabank.com/ecomm2/ClientHandler?card_type=6&trans_id=evxndqP3ehwTxMhVx75wz79hJDI%3D
2022.9.22 13:11:48#---------------------- Complete New Transaction---------------------
2022.9.22 13:11:48#Get trans_id From Post Value:evxndqP3ehwTxMhVx75wz79hJDI=
2022.9.22 13:11:48#clientIp:103.168.207.86
2022.9.22 13:11:48#trans_id:evxndqP3ehwTxMhVx75wz79hJDI=
2022.9.22 13:11:50#result:RESULT>OK^RESULT_CODE>000^3DSECURE>SKIPPED^RRN>226513545206^APPROVAL_CODE>405579^CARD_NUMBER>999999*********0436^AMOUNT>242000^CARDNAME>mb account^DESCRIPTION>6MBD2008039^TRANS_DATE>2022-09-22 07:11:47 PM
2022.9.22 13:11:50#21057422011150
2022.9.22 13:11:50#21057422011150
2022.9.22 13:11:50#21057422011150
2022.9.22 13:11:50#21057422011150
2022.9.22 13:11:50#21057422011150
2022.9.22 13:11:50#21057422011150
2022.9.22 13:11:50#=================== Transaction Completed =======================
2022.9.22 14:08:48#=================== Start New Transaction ===================
2022.9.22 14:08:48#txnrefnum:MBM2006065
2022.9.22 14:08:48#clientIp:103.177.242.1
2022.9.22 14:08:48#card type:6
2022.9.22 14:08:48#totalamount:242000
2022.9.22 14:08:52#result:TRANSACTION_ID:iUUeLRphtelm9nY0hCLOpbvQCnU=
2022.9.22 14:08:52#Forward to DBBL Payment Gateway Page: https://ecom1.dutchbanglabank.com/ecomm2/ClientHandler?card_type=6&trans_id=iUUeLRphtelm9nY0hCLOpbvQCnU%3D
2022.9.22 14:09:58#---------------------- Complete New Transaction---------------------
2022.9.22 14:09:58#Get trans_id From Post Value:iUUeLRphtelm9nY0hCLOpbvQCnU=
2022.9.22 14:09:58#clientIp:103.177.242.1
2022.9.22 14:09:58#trans_id:iUUeLRphtelm9nY0hCLOpbvQCnU=
2022.9.22 14:10:01#result:RESULT>FAILED^RESULT_CODE>116^3DSECURE>SKIPPED^RRN>226514549231^APPROVAL_CODE>0^CARD_NUMBER>999999*********1324^AMOUNT>242000^CARDNAME>mb account^DESCRIPTION>6MBM2006065^TRANS_DATE>2022-09-22 08:09:57 PM
2022.9.22 14:10:01#Not Sufficient Amount
2022.9.22 14:16:06#=================== Start New Transaction ===================
2022.9.22 14:16:06#txnrefnum:MBM2006065
2022.9.22 14:16:06#clientIp:103.177.242.1
2022.9.22 14:16:06#card type:6
2022.9.22 14:16:06#totalamount:242000
2022.9.22 14:16:10#result:TRANSACTION_ID:GUobl2r5lRpNgskqqLDCBmh63iI=
2022.9.22 14:16:10#Forward to DBBL Payment Gateway Page: https://ecom1.dutchbanglabank.com/ecomm2/ClientHandler?card_type=6&trans_id=GUobl2r5lRpNgskqqLDCBmh63iI%3D
2022.9.22 14:16:41#---------------------- Complete New Transaction---------------------
2022.9.22 14:16:41#Get trans_id From Post Value:GUobl2r5lRpNgskqqLDCBmh63iI=
2022.9.22 14:16:41#clientIp:103.177.242.1
2022.9.22 14:16:41#trans_id:GUobl2r5lRpNgskqqLDCBmh63iI=
2022.9.22 14:16:43#result:RESULT>OK^RESULT_CODE>000^3DSECURE>SKIPPED^RRN>226514549682^APPROVAL_CODE>883563^CARD_NUMBER>999999*********1324^AMOUNT>242000^CARDNAME>mb account^DESCRIPTION>6MBM2006065^TRANS_DATE>2022-09-22 08:16:40 PM
2022.9.22 14:16:43#17595522021643
2022.9.22 14:16:43#17595522021643
2022.9.22 14:16:43#17595522021643
2022.9.22 14:16:43#17595522021643
2022.9.22 14:16:43#17595522021643
2022.9.22 14:16:43#17595522021643
2022.9.22 14:16:43#=================== Transaction Completed =======================
2022.9.22 14:52:30#=================== Start New Transaction ===================
2022.9.22 14:52:30#txnrefnum:MBD2008233
2022.9.22 14:52:30#clientIp:103.138.120.189
2022.9.22 14:52:30#card type:6
2022.9.22 14:52:30#totalamount:562000
2022.9.22 14:52:34#result:TRANSACTION_ID:rhyXsK8JqBHjaoBwO9nD2jERYYY=
2022.9.22 14:52:34#Forward to DBBL Payment Gateway Page: https://ecom1.dutchbanglabank.com/ecomm2/ClientHandler?card_type=6&trans_id=rhyXsK8JqBHjaoBwO9nD2jERYYY%3D
2022.9.22 14:54:12#---------------------- Complete New Transaction---------------------
2022.9.22 14:54:12#Get trans_id From Post Value:rhyXsK8JqBHjaoBwO9nD2jERYYY=
2022.9.22 14:54:12#clientIp:103.138.120.189
2022.9.22 14:54:12#trans_id:rhyXsK8JqBHjaoBwO9nD2jERYYY=
2022.9.22 14:54:14#result:RESULT>OK^RESULT_CODE>000^3DSECURE>SKIPPED^RRN>226514552163^APPROVAL_CODE>134611^CARD_NUMBER>999999*********5676^AMOUNT>562000^CARDNAME>mb account^DESCRIPTION>6MBD2008233^TRANS_DATE>2022-09-22 08:54:11 PM
2022.9.22 14:54:14#21567322025414
2022.9.22 14:54:14#21567322025414
2022.9.22 14:54:14#21567322025414
2022.9.22 14:54:14#21567322025414
2022.9.22 14:54:14#21567322025414
2022.9.22 14:54:14#21567322025414
2022.9.22 14:54:14#21567322025414
2022.9.22 14:54:14#21567322025414
2022.9.22 14:54:14#21567322025414
2022.9.22 14:54:14#21567322025414
2022.9.22 14:54:14#21567322025414
2022.9.22 14:54:14#21567322025414
2022.9.22 14:54:14#21567322025414
2022.9.22 14:54:14#21567322025414
2022.9.22 14:54:14#=================== Transaction Completed =======================
2022.9.22 15:48:19#=================== Start New Transaction ===================
2022.9.22 15:48:19#txnrefnum:BEB2101004
2022.9.22 15:48:19#clientIp:103.166.89.211
2022.9.22 15:48:19#card type:6
2022.9.22 15:48:19#totalamount:442000
2022.9.22 15:48:23#result:TRANSACTION_ID:JPxEheRGylp33jknZ5NaLOtspVg=
2022.9.22 15:48:23#Forward to DBBL Payment Gateway Page: https://ecom1.dutchbanglabank.com/ecomm2/ClientHandler?card_type=6&trans_id=JPxEheRGylp33jknZ5NaLOtspVg%3D
2022.9.22 15:49:14#---------------------- Complete New Transaction---------------------
2022.9.22 15:49:14#Get trans_id From Post Value:JPxEheRGylp33jknZ5NaLOtspVg=
2022.9.22 15:49:14#clientIp:103.166.89.211
2022.9.22 15:49:14#trans_id:JPxEheRGylp33jknZ5NaLOtspVg=
2022.9.22 15:49:16#result:RESULT>OK^RESULT_CODE>000^3DSECURE>SKIPPED^RRN>226515555127^APPROVAL_CODE>417490^CARD_NUMBER>999999*********3505^AMOUNT>442000^CARDNAME>mb account^DESCRIPTION>6BEB2101004^TRANS_DATE>2022-09-22 09:49:13 PM
2022.9.22 15:49:16#22666222034916
2022.9.22 15:49:16#22666222034916
2022.9.22 15:49:16#22666222034916
2022.9.22 15:49:16#22666222034916
2022.9.22 15:49:16#22666222034916
2022.9.22 15:49:16#22666222034916
2022.9.22 15:49:16#22666222034916
2022.9.22 15:49:16#22666222034916
2022.9.22 15:49:16#=================== Transaction Completed =======================