
2022.9.2 04:10:31#=================== Start New Transaction ===================
2022.9.2 04:10:31#txnrefnum:BBM2202109
2022.9.2 04:10:31#clientIp:103.100.95.18
2022.9.2 04:10:31#card type:6
2022.9.2 04:10:31#totalamount:82000
2022.9.2 04:10:35#result:TRANSACTION_ID:DnV7YbEJAGaG6xAmVhRT55ERvXM=
2022.9.2 04:10:35#Forward to DBBL Payment Gateway Page: https://ecom1.dutchbanglabank.com/ecomm2/ClientHandler?card_type=6&trans_id=DnV7YbEJAGaG6xAmVhRT55ERvXM%3D
2022.9.2 04:11:31#---------------------- Complete New Transaction---------------------
2022.9.2 04:11:31#Get trans_id From Post Value:DnV7YbEJAGaG6xAmVhRT55ERvXM=
2022.9.2 04:11:33#clientIp:103.100.95.18
2022.9.2 04:11:33#trans_id:DnV7YbEJAGaG6xAmVhRT55ERvXM=
2022.9.2 04:11:35#result:RESULT>OK^RESULT_CODE>000^3DSECURE>SKIPPED^RRN>224504969075^APPROVAL_CODE>058170^CARD_NUMBER>999999*********8025^AMOUNT>82000^CARDNAME>mb account^DESCRIPTION>6BBM2202109^TRANS_DATE>2022-09-02 10:11:30 AM
2022.9.2 04:11:35#22787602041135
2022.9.2 04:11:35#22787602041135
2022.9.2 04:11:35#=================== Transaction Completed =======================
2022.9.2 04:41:47#=================== Start New Transaction ===================
2022.9.2 04:41:47#txnrefnum:MSC22110071
2022.9.2 04:41:47#clientIp:37.111.200.243
2022.9.2 04:41:47#card type:6
2022.9.2 04:41:47#totalamount:162000
2022.9.2 04:41:50#result:TRANSACTION_ID:dmCWKdwX7kSdzWnRjjP7pPbC9jQ=
2022.9.2 04:41:51#Forward to DBBL Payment Gateway Page: https://ecom1.dutchbanglabank.com/ecomm2/ClientHandler?card_type=6&trans_id=dmCWKdwX7kSdzWnRjjP7pPbC9jQ%3D
2022.9.2 04:42:41#---------------------- Complete New Transaction---------------------
2022.9.2 04:42:41#Get trans_id From Post Value:dmCWKdwX7kSdzWnRjjP7pPbC9jQ=
2022.9.2 04:42:41#clientIp:37.111.200.243
2022.9.2 04:42:41#trans_id:dmCWKdwX7kSdzWnRjjP7pPbC9jQ=
2022.9.2 04:42:43#result:RESULT>OK^RESULT_CODE>000^3DSECURE>SKIPPED^RRN>224504970857^APPROVAL_CODE>198206^CARD_NUMBER>999999*********8685^AMOUNT>162000^CARDNAME>mb account^DESCRIPTION>6MSC22110071^TRANS_DATE>2022-09-02 10:42:40 AM
2022.9.2 04:42:43#1384502044243
2022.9.2 04:42:43#1384502044243
2022.9.2 04:42:43#=================== Transaction Completed =======================
2022.9.2 04:44:13#=================== Start New Transaction ===================
2022.9.2 04:44:13#txnrefnum:MSC22110091
2022.9.2 04:44:13#clientIp:37.111.200.243
2022.9.2 04:44:13#card type:6
2022.9.2 04:44:13#totalamount:262000
2022.9.2 04:44:17#result:TRANSACTION_ID:6bA7AzQWmOB3IISpF5YfBjSixiA=
2022.9.2 04:44:17#Forward to DBBL Payment Gateway Page: https://ecom1.dutchbanglabank.com/ecomm2/ClientHandler?card_type=6&trans_id=6bA7AzQWmOB3IISpF5YfBjSixiA%3D
2022.9.2 04:45:01#---------------------- Complete New Transaction---------------------
2022.9.2 04:45:01#Get trans_id From Post Value:6bA7AzQWmOB3IISpF5YfBjSixiA=
2022.9.2 04:45:01#clientIp:37.111.200.243
2022.9.2 04:45:01#trans_id:6bA7AzQWmOB3IISpF5YfBjSixiA=
2022.9.2 04:45:03#result:RESULT>OK^RESULT_CODE>000^3DSECURE>SKIPPED^RRN>224504970987^APPROVAL_CODE>200755^CARD_NUMBER>999999*********8685^AMOUNT>262000^CARDNAME>mb account^DESCRIPTION>6MSC22110091^TRANS_DATE>2022-09-02 10:45:00 AM
2022.9.2 04:45:03#1368802044503
2022.9.2 04:45:03#1368802044503
2022.9.2 04:45:03#1368802044503
2022.9.2 04:45:03#1368802044503
2022.9.2 04:45:03#=================== Transaction Completed =======================
2022.9.2 04:46:09#=================== Start New Transaction ===================
2022.9.2 04:46:09#txnrefnum:MSC22110089
2022.9.2 04:46:09#clientIp:37.111.200.243
2022.9.2 04:46:09#card type:6
2022.9.2 04:46:09#totalamount:322000
2022.9.2 04:46:12#result:TRANSACTION_ID:AFwB7pBmSRmhJdXrSl77Fa3n4lA=
2022.9.2 04:46:13#Forward to DBBL Payment Gateway Page: https://ecom1.dutchbanglabank.com/ecomm2/ClientHandler?card_type=6&trans_id=AFwB7pBmSRmhJdXrSl77Fa3n4lA%3D
2022.9.2 04:46:53#---------------------- Complete New Transaction---------------------
2022.9.2 04:46:53#Get trans_id From Post Value:AFwB7pBmSRmhJdXrSl77Fa3n4lA=
2022.9.2 04:46:53#clientIp:37.111.200.243
2022.9.2 04:46:53#trans_id:AFwB7pBmSRmhJdXrSl77Fa3n4lA=
2022.9.2 04:46:55#result:RESULT>OK^RESULT_CODE>000^3DSECURE>SKIPPED^RRN>224504971069^APPROVAL_CODE>151832^CARD_NUMBER>999999*********8685^AMOUNT>322000^CARDNAME>mb account^DESCRIPTION>6MSC22110089^TRANS_DATE>2022-09-02 10:46:51 AM
2022.9.2 04:46:55#1426602044655
2022.9.2 04:46:55#1426602044655
2022.9.2 04:46:55#1426602044655
2022.9.2 04:46:55#1426602044655
2022.9.2 04:46:55#=================== Transaction Completed =======================
2022.9.2 05:38:57#=================== Start New Transaction ===================
2022.9.2 05:38:57#txnrefnum:BBM2007166
2022.9.2 05:38:57#clientIp:103.100.95.18
2022.9.2 05:38:57#card type:6
2022.9.2 05:38:57#totalamount:242000
2022.9.2 05:39:01#result:TRANSACTION_ID:gmf8JQEbTZlB5lzyvduec65Ni3U=
2022.9.2 05:39:01#Forward to DBBL Payment Gateway Page: https://ecom1.dutchbanglabank.com/ecomm2/ClientHandler?card_type=6&trans_id=gmf8JQEbTZlB5lzyvduec65Ni3U%3D
2022.9.2 05:40:01#---------------------- Complete New Transaction---------------------
2022.9.2 05:40:01#Get trans_id From Post Value:gmf8JQEbTZlB5lzyvduec65Ni3U=
2022.9.2 05:40:01#clientIp:103.100.95.18
2022.9.2 05:40:01#trans_id:gmf8JQEbTZlB5lzyvduec65Ni3U=
2022.9.2 05:40:03#result:RESULT>OK^RESULT_CODE>000^3DSECURE>SKIPPED^RRN>224505974308^APPROVAL_CODE>317013^CARD_NUMBER>999999*********8025^AMOUNT>242000^CARDNAME>mb account^DESCRIPTION>6BBM2007166^TRANS_DATE>2022-09-02 11:40:00 AM
2022.9.2 05:40:04#26470102054003
2022.9.2 05:40:04#26470102054003
2022.9.2 05:40:04#26470102054003
2022.9.2 05:40:04#26470102054003
2022.9.2 05:40:04#26470102054003
2022.9.2 05:40:04#26470102054003
2022.9.2 05:40:04#=================== Transaction Completed =======================
2022.9.2 06:04:18#=================== Start New Transaction ===================
2022.9.2 06:04:18#txnrefnum:MEM2005015
2022.9.2 06:04:18#clientIp:203.76.221.1
2022.9.2 06:04:18#card type:6
2022.9.2 06:04:18#totalamount:112000
2022.9.2 06:04:21#result:TRANSACTION_ID:TPpCpiRbabK6JSUuNSpW2zzJZFk=
2022.9.2 06:04:21#Forward to DBBL Payment Gateway Page: https://ecom1.dutchbanglabank.com/ecomm2/ClientHandler?card_type=6&trans_id=TPpCpiRbabK6JSUuNSpW2zzJZFk%3D
2022.9.2 06:06:31#---------------------- Complete New Transaction---------------------
2022.9.2 06:06:31#Get trans_id From Post Value:TPpCpiRbabK6JSUuNSpW2zzJZFk=
2022.9.2 06:06:31#clientIp:203.76.221.1
2022.9.2 06:06:31#trans_id:TPpCpiRbabK6JSUuNSpW2zzJZFk=
2022.9.2 06:06:33#result:RESULT>OK^RESULT_CODE>000^3DSECURE>SKIPPED^RRN>224506975931^APPROVAL_CODE>440355^CARD_NUMBER>999999*********4155^AMOUNT>112000^CARDNAME>mb account^DESCRIPTION>6MEM2005015^TRANS_DATE>2022-09-02 12:06:30 PM
2022.9.2 06:06:33#16508702060633
2022.9.2 06:06:33#16508702060633
2022.9.2 06:06:33#=================== Transaction Completed =======================
2022.9.2 13:26:15#=================== Start New Transaction ===================
2022.9.2 13:26:15#txnrefnum:MEM2005015
2022.9.2 13:26:15#clientIp:203.76.221.1
2022.9.2 13:26:15#card type:6
2022.9.2 13:26:15#totalamount:112000
2022.9.2 13:26:18#=================== Start New Transaction ===================
2022.9.2 13:26:18#txnrefnum:MEM2005015
2022.9.2 13:26:18#clientIp:203.76.221.1
2022.9.2 13:26:18#card type:6
2022.9.2 13:26:18#totalamount:112000
2022.9.2 13:26:19#result:TRANSACTION_ID:HPfadGJA8PK6St5MwYm4b8F1lj8=
2022.9.2 13:26:19#Forward to DBBL Payment Gateway Page: https://ecom1.dutchbanglabank.com/ecomm2/ClientHandler?card_type=6&trans_id=HPfadGJA8PK6St5MwYm4b8F1lj8%3D
2022.9.2 13:26:21#result:TRANSACTION_ID:qVJBCn3z9WhHvsD78JlVINVdPAg=
2022.9.2 13:26:22#Forward to DBBL Payment Gateway Page: https://ecom1.dutchbanglabank.com/ecomm2/ClientHandler?card_type=6&trans_id=qVJBCn3z9WhHvsD78JlVINVdPAg%3D
2022.9.2 13:26:22#=================== Start New Transaction ===================
2022.9.2 13:26:22#txnrefnum:MEM2005015
2022.9.2 13:26:22#clientIp:203.76.221.1
2022.9.2 13:26:22#card type:6
2022.9.2 13:26:22#totalamount:112000
2022.9.2 13:26:25#result:TRANSACTION_ID:7FvV25RLrD5GhPqQJcHdUmi48Hw=
2022.9.2 13:26:25#Forward to DBBL Payment Gateway Page: https://ecom1.dutchbanglabank.com/ecomm2/ClientHandler?card_type=6&trans_id=7FvV25RLrD5GhPqQJcHdUmi48Hw%3D
2022.9.2 15:06:52#=================== Start New Transaction ===================
2022.9.2 15:06:52#txnrefnum:MBM2008223
2022.9.2 15:06:52#clientIp:103.184.94.6
2022.9.2 15:06:52#card type:6
2022.9.2 15:06:52#totalamount:562000
2022.9.2 15:06:55#result:TRANSACTION_ID:37cq8eXsNjmtJQZAuHWASeDSvy4=
2022.9.2 15:06:55#Forward to DBBL Payment Gateway Page: https://ecom1.dutchbanglabank.com/ecomm2/ClientHandler?card_type=6&trans_id=37cq8eXsNjmtJQZAuHWASeDSvy4%3D
2022.9.2 15:08:07#---------------------- Complete New Transaction---------------------
2022.9.2 15:08:07#Get trans_id From Post Value:37cq8eXsNjmtJQZAuHWASeDSvy4=
2022.9.2 15:08:07#clientIp:103.184.94.6
2022.9.2 15:08:07#trans_id:37cq8eXsNjmtJQZAuHWASeDSvy4=
2022.9.2 15:08:08#result:RESULT>OK^RESULT_CODE>000^3DSECURE>SKIPPED^RRN>224515006521^APPROVAL_CODE>051633^CARD_NUMBER>999999*********6591^AMOUNT>562000^CARDNAME>mb account^DESCRIPTION>6MBM2008223^TRANS_DATE>2022-09-02 09:08:05 PM
2022.9.2 15:08:09#21681302030808
2022.9.2 15:08:09#21681302030808
2022.9.2 15:08:09#21681302030808
2022.9.2 15:08:09#21681302030808
2022.9.2 15:08:09#21681302030808
2022.9.2 15:08:09#21681302030808
2022.9.2 15:08:09#21681302030808
2022.9.2 15:08:09#21681302030808
2022.9.2 15:08:09#21681302030808
2022.9.2 15:08:09#21681302030808
2022.9.2 15:08:09#21681302030808
2022.9.2 15:08:09#21681302030808
2022.9.2 15:08:09#21681302030808
2022.9.2 15:08:09#21681302030808
2022.9.2 15:08:09#=================== Transaction Completed =======================
2022.9.2 15:12:55#=================== Start New Transaction ===================
2022.9.2 15:12:55#txnrefnum:MBD2006275
2022.9.2 15:12:55#clientIp:103.184.94.6
2022.9.2 15:12:55#card type:6
2022.9.2 15:12:55#totalamount:562000
2022.9.2 15:12:58#result:TRANSACTION_ID:grDAMLnvq3Y2QhMI6s15ebklix0=
2022.9.2 15:12:58#Forward to DBBL Payment Gateway Page: https://ecom1.dutchbanglabank.com/ecomm2/ClientHandler?card_type=6&trans_id=grDAMLnvq3Y2QhMI6s15ebklix0%3D
2022.9.2 15:17:04#=================== Start New Transaction ===================
2022.9.2 15:17:04#txnrefnum:MBD2006275
2022.9.2 15:17:04#clientIp:103.184.94.6
2022.9.2 15:17:04#card type:6
2022.9.2 15:17:04#totalamount:562000
2022.9.2 15:17:08#result:TRANSACTION_ID:9ZXtYtFaPsfAZ7bXhcZ1Ldfpzxs=
2022.9.2 15:17:08#Forward to DBBL Payment Gateway Page: https://ecom1.dutchbanglabank.com/ecomm2/ClientHandler?card_type=6&trans_id=9ZXtYtFaPsfAZ7bXhcZ1Ldfpzxs%3D
2022.9.2 15:19:10#=================== Start New Transaction ===================
2022.9.2 15:19:10#txnrefnum:MBD2006275
2022.9.2 15:19:10#clientIp:103.184.94.6
2022.9.2 15:19:10#card type:6
2022.9.2 15:19:10#totalamount:562000
2022.9.2 15:19:14#result:TRANSACTION_ID:2D2au6mOZPLFPdEpzxlbQwz9FOk=
2022.9.2 15:19:14#Forward to DBBL Payment Gateway Page: https://ecom1.dutchbanglabank.com/ecomm2/ClientHandler?card_type=6&trans_id=2D2au6mOZPLFPdEpzxlbQwz9FOk%3D
2022.9.2 16:06:51#=================== Start New Transaction ===================
2022.9.2 16:06:51#txnrefnum:BBD2007055
2022.9.2 16:06:51#clientIp:103.204.246.46
2022.9.2 16:06:51#card type:6
2022.9.2 16:06:51#totalamount:112000
2022.9.2 16:06:55#result:TRANSACTION_ID:Te1EJ70B8XtgHIeQeDdNkuRt0KQ=
2022.9.2 16:06:55#Forward to DBBL Payment Gateway Page: https://ecom1.dutchbanglabank.com/ecomm2/ClientHandler?card_type=6&trans_id=Te1EJ70B8XtgHIeQeDdNkuRt0KQ%3D
2022.9.2 16:46:13#=================== Start New Transaction ===================
2022.9.2 16:46:13#txnrefnum:MBD2006275
2022.9.2 16:46:13#clientIp:103.184.94.6
2022.9.2 16:46:13#card type:6
2022.9.2 16:46:13#totalamount:562000
2022.9.2 16:46:16#result:TRANSACTION_ID:Qom4Htwf8aKXVbRAcRXUZJxPDOs=
2022.9.2 16:46:17#Forward to DBBL Payment Gateway Page: https://ecom1.dutchbanglabank.com/ecomm2/ClientHandler?card_type=6&trans_id=Qom4Htwf8aKXVbRAcRXUZJxPDOs%3D
2022.9.2 16:47:44#---------------------- Complete New Transaction---------------------
2022.9.2 16:47:44#Get trans_id From Post Value:Qom4Htwf8aKXVbRAcRXUZJxPDOs=
2022.9.2 16:47:44#clientIp:103.184.94.6
2022.9.2 16:47:44#trans_id:Qom4Htwf8aKXVbRAcRXUZJxPDOs=
2022.9.2 16:47:46#result:RESULT>OK^RESULT_CODE>000^3DSECURE>SKIPPED^RRN>224516011158^APPROVAL_CODE>325186^CARD_NUMBER>999999*********6591^AMOUNT>562000^CARDNAME>mb account^DESCRIPTION>6MBD2006275^TRANS_DATE>2022-09-02 10:47:43 PM
2022.9.2 16:47:46#18241002044746
2022.9.2 16:47:46#18241002044746
2022.9.2 16:47:46#18241002044746
2022.9.2 16:47:46#18241002044746
2022.9.2 16:47:46#18241002044746
2022.9.2 16:47:46#18241002044746
2022.9.2 16:47:46#18241002044746
2022.9.2 16:47:46#18241002044746
2022.9.2 16:47:46#18241002044746
2022.9.2 16:47:46#18241002044746
2022.9.2 16:47:46#18241002044746
2022.9.2 16:47:46#18241002044746
2022.9.2 16:47:46#18241002044746
2022.9.2 16:47:46#18241002044746
2022.9.2 16:47:46#=================== Transaction Completed =======================
2022.9.2 17:14:07#=================== Start New Transaction ===================
2022.9.2 17:14:07#txnrefnum:BEM2201211
2022.9.2 17:14:07#clientIp:103.237.36.216
2022.9.2 17:14:07#card type:6
2022.9.2 17:14:07#totalamount:112000
2022.9.2 17:14:10#result:TRANSACTION_ID:8EaznvYdPVEVFwipK29tPGfO0jo=
2022.9.2 17:14:11#Forward to DBBL Payment Gateway Page: https://ecom1.dutchbanglabank.com/ecomm2/ClientHandler?card_type=6&trans_id=8EaznvYdPVEVFwipK29tPGfO0jo%3D
2022.9.2 17:15:25#---------------------- Complete New Transaction---------------------
2022.9.2 17:15:25#Get trans_id From Post Value:8EaznvYdPVEVFwipK29tPGfO0jo=
2022.9.2 17:15:25#clientIp:103.237.36.216
2022.9.2 17:15:25#trans_id:8EaznvYdPVEVFwipK29tPGfO0jo=
2022.9.2 17:15:27#result:RESULT>OK^RESULT_CODE>000^3DSECURE>SKIPPED^RRN>224517012305^APPROVAL_CODE>390386^CARD_NUMBER>999999*********4117^AMOUNT>112000^CARDNAME>mb account^DESCRIPTION>6BEM2201211^TRANS_DATE>2022-09-02 11:15:24 PM
2022.9.2 17:15:27#22368702051527
2022.9.2 17:15:27#22368702051527
2022.9.2 17:15:27#=================== Transaction Completed =======================