
2022.7.13 07:42:56#=================== Start New Transaction ===================
2022.7.13 07:42:56#txnrefnum:MBD2008119
2022.7.13 07:42:56#clientIp:103.237.36.216
2022.7.13 07:42:56#card type:6
2022.7.13 07:42:56#totalamount:82000
2022.7.13 07:43:06#=================== Start New Transaction ===================
2022.7.13 07:43:06#txnrefnum:MBD2008119
2022.7.13 07:43:06#clientIp:103.237.36.216
2022.7.13 07:43:06#card type:6
2022.7.13 07:43:06#totalamount:82000
2022.7.13 07:43:11#=================== Start New Transaction ===================
2022.7.13 07:43:11#txnrefnum:MBD2008119
2022.7.13 07:43:11#clientIp:103.237.36.216
2022.7.13 07:43:11#card type:6
2022.7.13 07:43:11#totalamount:82000
2022.7.13 08:58:55#=================== Start New Transaction ===================
2022.7.13 08:58:55#txnrefnum:MSC22111281
2022.7.13 08:58:55#clientIp:103.73.225.159
2022.7.13 08:58:55#card type:6
2022.7.13 08:58:55#totalamount:422000
2022.7.13 08:58:59#result:TRANSACTION_ID:Wehno1l3KGG5TaPimt8jcDtDgwA=
2022.7.13 08:58:59#Forward to DBBL Payment Gateway Page: https://ecom1.dutchbanglabank.com/ecomm2/ClientHandler?card_type=6&trans_id=Wehno1l3KGG5TaPimt8jcDtDgwA%3D
2022.7.13 09:11:44#=================== Start New Transaction ===================
2022.7.13 09:11:44#txnrefnum:MSC22111281
2022.7.13 09:11:44#clientIp:103.73.225.159
2022.7.13 09:11:44#card type:6
2022.7.13 09:11:44#totalamount:422000
2022.7.13 09:28:15#=================== Start New Transaction ===================
2022.7.13 09:28:15#txnrefnum:MSC22111281
2022.7.13 09:28:15#clientIp:103.73.225.159
2022.7.13 09:28:15#card type:6
2022.7.13 09:28:15#totalamount:422000
2022.7.13 09:28:19#=================== Start New Transaction ===================
2022.7.13 09:28:19#txnrefnum:MSC22111281
2022.7.13 09:28:19#clientIp:103.73.225.159
2022.7.13 09:28:19#card type:6
2022.7.13 09:28:19#totalamount:422000
2022.7.13 09:28:36#=================== Start New Transaction ===================
2022.7.13 09:28:36#txnrefnum:MSC22111281
2022.7.13 09:28:36#clientIp:103.73.225.159
2022.7.13 09:28:36#card type:6
2022.7.13 09:28:36#totalamount:422000
2022.7.13 09:28:45#result:TRANSACTION_ID:ltLbQLEKOUVAnLuxewZX7nCLkDc=
2022.7.13 09:28:45#Forward to DBBL Payment Gateway Page: https://ecom1.dutchbanglabank.com/ecomm2/ClientHandler?card_type=6&trans_id=ltLbQLEKOUVAnLuxewZX7nCLkDc%3D
2022.7.13 10:29:26#---------------------- Complete New Transaction---------------------
2022.7.13 10:29:26#Get trans_id From Post Value:ltLbQLEKOUVAnLuxewZX7nCLkDc=
2022.7.13 10:29:29#clientIp:103.73.225.159
2022.7.13 10:29:29#trans_id:ltLbQLEKOUVAnLuxewZX7nCLkDc=
2022.7.13 10:29:31#result:RESULT>TIMEOUT^RESULT_CODE>999^3DSECURE>0^RRN>0^APPROVAL_CODE>0^CARD_NUMBER>0^AMOUNT>422000^CARDNAME>0^DESCRIPTION>6MSC22111281^TRANS_DATE>2022-07-13 04:29:23 PM
2022.7.13 10:29:31#Failed
2022.7.13 10:30:58#=================== Start New Transaction ===================
2022.7.13 10:30:58#txnrefnum:MSC22111281
2022.7.13 10:30:58#clientIp:103.73.225.159
2022.7.13 10:30:58#card type:6
2022.7.13 10:30:58#totalamount:422000
2022.7.13 10:31:03#result:TRANSACTION_ID:G8uLW3ILgRUr3vWZe7opflhG6yE=
2022.7.13 10:31:03#Forward to DBBL Payment Gateway Page: https://ecom1.dutchbanglabank.com/ecomm2/ClientHandler?card_type=6&trans_id=G8uLW3ILgRUr3vWZe7opflhG6yE%3D
2022.7.13 10:32:22#=================== Start New Transaction ===================
2022.7.13 10:32:22#txnrefnum:MSC22111281
2022.7.13 10:32:22#clientIp:103.73.225.159
2022.7.13 10:32:22#card type:6
2022.7.13 10:32:22#totalamount:422000
2022.7.13 10:32:32#result:TRANSACTION_ID:fIETvPySZ1cLC1mFIrTXHNGhxQ8=
2022.7.13 10:32:32#Forward to DBBL Payment Gateway Page: https://ecom1.dutchbanglabank.com/ecomm2/ClientHandler?card_type=6&trans_id=fIETvPySZ1cLC1mFIrTXHNGhxQ8%3D
2022.7.13 10:34:02#=================== Start New Transaction ===================
2022.7.13 10:34:02#txnrefnum:MSC22111281
2022.7.13 10:34:02#clientIp:103.73.225.159
2022.7.13 10:34:02#card type:6
2022.7.13 10:34:02#totalamount:422000
2022.7.13 10:34:06#result:TRANSACTION_ID:btCSS0M6D9o2JkhtQjAYzxzZBFw=
2022.7.13 10:34:06#Forward to DBBL Payment Gateway Page: https://ecom1.dutchbanglabank.com/ecomm2/ClientHandler?card_type=6&trans_id=btCSS0M6D9o2JkhtQjAYzxzZBFw%3D
2022.7.13 10:34:14#=================== Start New Transaction ===================
2022.7.13 10:34:14#txnrefnum:MSC22111281
2022.7.13 10:34:14#clientIp:103.73.225.159
2022.7.13 10:34:14#card type:6
2022.7.13 10:34:14#totalamount:422000
2022.7.13 10:34:19#result:TRANSACTION_ID:vMKv2xvA9d2tzrQ2mKtwhBZpIPs=
2022.7.13 10:34:19#Forward to DBBL Payment Gateway Page: https://ecom1.dutchbanglabank.com/ecomm2/ClientHandler?card_type=6&trans_id=vMKv2xvA9d2tzrQ2mKtwhBZpIPs%3D
2022.7.13 10:36:22#=================== Start New Transaction ===================
2022.7.13 10:36:22#txnrefnum:MSC22111281
2022.7.13 10:36:22#clientIp:103.73.225.159
2022.7.13 10:36:22#card type:6
2022.7.13 10:36:22#totalamount:422000
2022.7.13 10:36:25#=================== Start New Transaction ===================
2022.7.13 10:36:25#txnrefnum:MSC22111281
2022.7.13 10:36:25#clientIp:103.73.225.159
2022.7.13 10:36:25#card type:6
2022.7.13 10:36:25#totalamount:422000
2022.7.13 10:36:29#result:TRANSACTION_ID:iJsG2qn7wTxRPJoA2bEsiwWafek=
2022.7.13 10:36:29#Forward to DBBL Payment Gateway Page: https://ecom1.dutchbanglabank.com/ecomm2/ClientHandler?card_type=6&trans_id=iJsG2qn7wTxRPJoA2bEsiwWafek%3D
2022.7.13 10:36:31#result:TRANSACTION_ID:mbNC8S6z5GPAAcKHf67vIBm1WmI=
2022.7.13 10:36:31#Forward to DBBL Payment Gateway Page: https://ecom1.dutchbanglabank.com/ecomm2/ClientHandler?card_type=6&trans_id=mbNC8S6z5GPAAcKHf67vIBm1WmI%3D
2022.7.13 10:36:45#=================== Start New Transaction ===================
2022.7.13 10:36:45#txnrefnum:MSC22111281
2022.7.13 10:36:45#clientIp:103.73.225.159
2022.7.13 10:36:45#card type:6
2022.7.13 10:36:45#totalamount:422000
2022.7.13 10:36:49#result:TRANSACTION_ID:PM5OoUYgkhFYJSUg6ywjulh87jw=
2022.7.13 10:36:49#Forward to DBBL Payment Gateway Page: https://ecom1.dutchbanglabank.com/ecomm2/ClientHandler?card_type=6&trans_id=PM5OoUYgkhFYJSUg6ywjulh87jw%3D
2022.7.13 10:39:09#---------------------- Complete New Transaction---------------------
2022.7.13 10:39:09#Get trans_id From Post Value:PM5OoUYgkhFYJSUg6ywjulh87jw=
2022.7.13 10:39:09#clientIp:103.73.225.159
2022.7.13 10:39:09#trans_id:PM5OoUYgkhFYJSUg6ywjulh87jw=
2022.7.13 10:39:12#result:RESULT>OK^RESULT_CODE>000^3DSECURE>SKIPPED^RRN>219410427880^APPROVAL_CODE>001993^CARD_NUMBER>999999*********0919^AMOUNT>422000^CARDNAME>mb account^DESCRIPTION>6MSC22111281^TRANS_DATE>2022-07-13 04:39:08 PM
2022.7.13 10:39:12#1704813103912
2022.7.13 10:39:12#1704813103912
2022.7.13 10:39:12#1704813103912
2022.7.13 10:39:12#=================== Transaction Completed =======================
2022.7.13 13:08:51#=================== Start New Transaction ===================
2022.7.13 14:04:55#=================== Start New Transaction ===================
2022.7.13 14:04:55#txnrefnum:BBD2008031
2022.7.13 14:04:55#clientIp:37.111.212.39
2022.7.13 14:04:55#card type:6
2022.7.13 14:04:55#totalamount:242000
2022.7.13 14:05:26#result:TRANSACTION_ID:17gy06NL791wN4FQJTQdGCwwD98=
2022.7.13 14:05:26#Forward to DBBL Payment Gateway Page: https://ecom1.dutchbanglabank.com/ecomm2/ClientHandler?card_type=6&trans_id=17gy06NL791wN4FQJTQdGCwwD98%3D
2022.7.13 14:39:59#=================== Start New Transaction ===================
2022.7.13 14:39:59#txnrefnum:MSC22110037
2022.7.13 14:39:59#clientIp:103.196.233.112
2022.7.13 14:39:59#card type:6
2022.7.13 14:39:59#totalamount:262000
2022.7.13 14:40:50#=================== Start New Transaction ===================
2022.7.13 14:40:50#txnrefnum:MSC22110037
2022.7.13 14:40:50#clientIp:103.196.233.112
2022.7.13 14:40:50#card type:6
2022.7.13 14:40:50#totalamount:262000
2022.7.13 14:41:22#=================== Start New Transaction ===================
2022.7.13 14:41:22#txnrefnum:MSC22110037
2022.7.13 14:41:22#clientIp:103.196.233.112
2022.7.13 14:41:22#card type:6
2022.7.13 14:41:22#totalamount:262000
2022.7.13 14:42:04#=================== Start New Transaction ===================
2022.7.13 14:42:04#txnrefnum:MSC22110037
2022.7.13 14:42:04#clientIp:103.196.233.112
2022.7.13 14:42:04#card type:6
2022.7.13 14:42:04#totalamount:262000
2022.7.13 14:42:07#=================== Start New Transaction ===================
2022.7.13 14:42:07#txnrefnum:MSC22110037
2022.7.13 14:42:07#clientIp:103.196.233.112
2022.7.13 14:42:07#card type:6
2022.7.13 14:42:07#totalamount:262000
2022.7.13 14:43:32#=================== Start New Transaction ===================
2022.7.13 14:43:32#txnrefnum:MSC22110037
2022.7.13 14:43:32#clientIp:103.196.233.112
2022.7.13 14:43:32#card type:6
2022.7.13 14:43:32#totalamount:262000
2022.7.13 14:44:04#result:TRANSACTION_ID:srjL5S0pD6XSPoSOCnTQV0KIdQI=
2022.7.13 14:44:04#Forward to DBBL Payment Gateway Page: https://ecom1.dutchbanglabank.com/ecomm2/ClientHandler?card_type=6&trans_id=srjL5S0pD6XSPoSOCnTQV0KIdQI%3D
2022.7.13 14:44:06#=================== Start New Transaction ===================
2022.7.13 14:44:06#txnrefnum:MSC22110037
2022.7.13 14:44:06#clientIp:103.196.233.112
2022.7.13 14:44:06#card type:6
2022.7.13 14:44:06#totalamount:262000
2022.7.13 14:44:14#=================== Start New Transaction ===================
2022.7.13 14:44:14#txnrefnum:MSC22110037
2022.7.13 14:44:14#clientIp:103.196.233.112
2022.7.13 14:44:14#card type:6
2022.7.13 14:44:14#totalamount:262000
2022.7.13 14:44:21#result:TRANSACTION_ID:SkzoRhrIp2uHqnI2LKQt3kQg1Z0=
2022.7.13 14:44:21#Forward to DBBL Payment Gateway Page: https://ecom1.dutchbanglabank.com/ecomm2/ClientHandler?card_type=6&trans_id=SkzoRhrIp2uHqnI2LKQt3kQg1Z0%3D
2022.7.13 14:44:38#result:TRANSACTION_ID:l6mmJLbE5iamCUIK9S2kJ4AttUI=
2022.7.13 14:44:38#Forward to DBBL Payment Gateway Page: https://ecom1.dutchbanglabank.com/ecomm2/ClientHandler?card_type=6&trans_id=l6mmJLbE5iamCUIK9S2kJ4AttUI%3D
2022.7.13 14:45:10#=================== Start New Transaction ===================
2022.7.13 14:45:10#txnrefnum:MSC22110037
2022.7.13 14:45:10#clientIp:103.196.233.112
2022.7.13 14:45:10#card type:6
2022.7.13 14:45:10#totalamount:262000
2022.7.13 14:45:12#=================== Start New Transaction ===================
2022.7.13 14:45:12#txnrefnum:MSC22110037
2022.7.13 14:45:12#clientIp:103.196.233.112
2022.7.13 14:45:12#card type:6
2022.7.13 14:45:12#totalamount:262000
2022.7.13 14:45:16#=================== Start New Transaction ===================
2022.7.13 14:45:16#txnrefnum:MSC22110037
2022.7.13 14:45:16#clientIp:103.196.233.112
2022.7.13 14:45:16#card type:6
2022.7.13 14:45:16#totalamount:262000
2022.7.13 14:45:34#result:TRANSACTION_ID:lM0RjKdur6zDHqKrVtTIgPFFbvk=
2022.7.13 14:45:34#Forward to DBBL Payment Gateway Page: https://ecom1.dutchbanglabank.com/ecomm2/ClientHandler?card_type=6&trans_id=lM0RjKdur6zDHqKrVtTIgPFFbvk%3D
2022.7.13 14:45:44#result:TRANSACTION_ID:4T9h6YPRvEAS3xPYcz7vsJQKYJM=
2022.7.13 14:45:44#Forward to DBBL Payment Gateway Page: https://ecom1.dutchbanglabank.com/ecomm2/ClientHandler?card_type=6&trans_id=4T9h6YPRvEAS3xPYcz7vsJQKYJM%3D
2022.7.13 14:45:44#=================== Start New Transaction ===================
2022.7.13 14:45:44#txnrefnum:MSC22110037
2022.7.13 14:45:44#clientIp:103.196.233.112
2022.7.13 14:45:44#card type:6
2022.7.13 14:45:44#totalamount:262000
2022.7.13 14:45:45#result:TRANSACTION_ID:klIRcj3KJTd11vaKQjwjWSPwwl4=
2022.7.13 14:45:45#Forward to DBBL Payment Gateway Page: https://ecom1.dutchbanglabank.com/ecomm2/ClientHandler?card_type=6&trans_id=klIRcj3KJTd11vaKQjwjWSPwwl4%3D
2022.7.13 14:46:09#result:TRANSACTION_ID:sINifOpyRtjC1PSAYn4PV02NvZw=
2022.7.13 14:46:09#Forward to DBBL Payment Gateway Page: https://ecom1.dutchbanglabank.com/ecomm2/ClientHandler?card_type=6&trans_id=sINifOpyRtjC1PSAYn4PV02NvZw%3D
2022.7.13 14:47:16#---------------------- Complete New Transaction---------------------
2022.7.13 14:47:16#Get trans_id From Post Value:sINifOpyRtjC1PSAYn4PV02NvZw=
2022.7.13 14:47:16#clientIp:103.196.233.112
2022.7.13 14:47:16#trans_id:sINifOpyRtjC1PSAYn4PV02NvZw=
2022.7.13 14:47:22#result:RESULT>FAILED^RESULT_CODE>116^3DSECURE>SKIPPED^RRN>219414441054^APPROVAL_CODE>0^CARD_NUMBER>999999*********9788^AMOUNT>262000^CARDNAME>mb account^DESCRIPTION>6MSC22110037^TRANS_DATE>2022-07-13 08:47:14 PM
2022.7.13 14:47:22#Not Sufficient Amount