
2022.6.30 00:57:59#=================== Start New Transaction ===================
2022.6.30 00:57:59#txnrefnum:MBM2205105
2022.6.30 00:57:59#clientIp:37.111.207.229
2022.6.30 00:57:59#card type:6
2022.6.30 00:57:59#totalamount:142000
2022.6.30 00:58:04#result:TRANSACTION_ID:Ktumacfx1G6rNQgDCSDCDxHI4TE=
2022.6.30 00:58:04#Forward to DBBL Payment Gateway Page: https://ecom1.dutchbanglabank.com/ecomm2/ClientHandler?card_type=6&trans_id=Ktumacfx1G6rNQgDCSDCDxHI4TE%3D
2022.6.30 00:58:21#---------------------- Complete New Transaction---------------------
2022.6.30 00:58:21#Get trans_id From Post Value:Ktumacfx1G6rNQgDCSDCDxHI4TE=
2022.6.30 00:58:21#clientIp:37.111.207.229
2022.6.30 00:58:21#trans_id:Ktumacfx1G6rNQgDCSDCDxHI4TE=
2022.6.30 00:58:23#result:RESULT>OK^RESULT_CODE>000^3DSECURE>SKIPPED^RRN>218100420604^APPROVAL_CODE>705001^CARD_NUMBER>999999*********1168^AMOUNT>142000^CARDNAME>mb account^DESCRIPTION>6MBM2205105^TRANS_DATE>2022-06-30 06:58:20 AM
2022.6.30 00:58:23#13364230125823
2022.6.30 00:58:23#13364230125823
2022.6.30 00:58:23#=================== Transaction Completed =======================
2022.6.30 01:09:37#=================== Start New Transaction ===================
2022.6.30 01:09:37#txnrefnum:MSC22111081
2022.6.30 01:09:37#clientIp:37.111.207.229
2022.6.30 01:09:37#card type:6
2022.6.30 01:09:37#totalamount:262000
2022.6.30 01:09:41#result:TRANSACTION_ID:4Wdya0kyw4Mi1EGFGaXqRA6mjTc=
2022.6.30 01:09:41#Forward to DBBL Payment Gateway Page: https://ecom1.dutchbanglabank.com/ecomm2/ClientHandler?card_type=6&trans_id=4Wdya0kyw4Mi1EGFGaXqRA6mjTc%3D
2022.6.30 01:10:12#---------------------- Complete New Transaction---------------------
2022.6.30 01:10:12#Get trans_id From Post Value:4Wdya0kyw4Mi1EGFGaXqRA6mjTc=
2022.6.30 01:10:12#clientIp:37.111.207.229
2022.6.30 01:10:12#trans_id:4Wdya0kyw4Mi1EGFGaXqRA6mjTc=
2022.6.30 01:10:14#result:RESULT>OK^RESULT_CODE>000^3DSECURE>SKIPPED^RRN>218101420852^APPROVAL_CODE>624951^CARD_NUMBER>999999*********1168^AMOUNT>262000^CARDNAME>mb account^DESCRIPTION>6MSC22111081^TRANS_DATE>2022-06-30 07:10:11 AM
2022.6.30 01:10:14#262530011014
2022.6.30 01:10:14#262530011014
2022.6.30 01:10:14#=================== Transaction Completed =======================
2022.6.30 01:12:33#=================== Start New Transaction ===================
2022.6.30 01:12:33#txnrefnum:MBM2008122
2022.6.30 01:12:33#clientIp:37.111.207.229
2022.6.30 01:12:33#card type:6
2022.6.30 01:12:33#totalamount:82000
2022.6.30 01:12:37#result:TRANSACTION_ID:UaKeMlYOP8QpGlqEwVJsjbsDMGk=
2022.6.30 01:12:37#Forward to DBBL Payment Gateway Page: https://ecom1.dutchbanglabank.com/ecomm2/ClientHandler?card_type=6&trans_id=UaKeMlYOP8QpGlqEwVJsjbsDMGk%3D
2022.6.30 01:12:54#---------------------- Complete New Transaction---------------------
2022.6.30 01:12:54#Get trans_id From Post Value:UaKeMlYOP8QpGlqEwVJsjbsDMGk=
2022.6.30 01:12:54#clientIp:37.111.207.229
2022.6.30 01:12:54#trans_id:UaKeMlYOP8QpGlqEwVJsjbsDMGk=
2022.6.30 01:12:56#result:RESULT>OK^RESULT_CODE>000^3DSECURE>SKIPPED^RRN>218101420906^APPROVAL_CODE>716576^CARD_NUMBER>999999*********1168^AMOUNT>82000^CARDNAME>mb account^DESCRIPTION>6MBM2008122^TRANS_DATE>2022-06-30 07:12:53 AM
2022.6.30 01:12:56#30460430011256
2022.6.30 01:12:56#=================== Transaction Completed =======================
2022.6.30 01:20:06#=================== Start New Transaction ===================
2022.6.30 01:20:06#txnrefnum:MSC22111097
2022.6.30 01:20:06#clientIp:37.111.207.229
2022.6.30 01:20:06#card type:6
2022.6.30 01:20:06#totalamount:262000
2022.6.30 01:20:10#result:TRANSACTION_ID:RrgatvKbNLXflKYXWCXkONzM4e0=
2022.6.30 01:20:10#Forward to DBBL Payment Gateway Page: https://ecom1.dutchbanglabank.com/ecomm2/ClientHandler?card_type=6&trans_id=RrgatvKbNLXflKYXWCXkONzM4e0%3D
2022.6.30 01:20:27#---------------------- Complete New Transaction---------------------
2022.6.30 01:20:27#Get trans_id From Post Value:RrgatvKbNLXflKYXWCXkONzM4e0=
2022.6.30 01:20:30#clientIp:37.111.207.229
2022.6.30 01:20:30#trans_id:RrgatvKbNLXflKYXWCXkONzM4e0=
2022.6.30 01:20:32#result:RESULT>OK^RESULT_CODE>000^3DSECURE>SKIPPED^RRN>218101421073^APPROVAL_CODE>723231^CARD_NUMBER>999999*********1168^AMOUNT>262000^CARDNAME>mb account^DESCRIPTION>6MSC22111097^TRANS_DATE>2022-06-30 07:20:25 AM
2022.6.30 01:20:32#267230012032
2022.6.30 01:20:32#267230012032
2022.6.30 01:20:32#=================== Transaction Completed =======================
2022.6.30 01:32:28#=================== Start New Transaction ===================
2022.6.30 01:32:28#txnrefnum:MSC22111035
2022.6.30 01:32:28#clientIp:37.111.207.229
2022.6.30 01:32:28#card type:6
2022.6.30 01:32:28#totalamount:262000
2022.6.30 01:32:32#result:TRANSACTION_ID:NtAbYJ8j6UaQruw8CaEWpGkP8KE=
2022.6.30 01:32:32#Forward to DBBL Payment Gateway Page: https://ecom1.dutchbanglabank.com/ecomm2/ClientHandler?card_type=6&trans_id=NtAbYJ8j6UaQruw8CaEWpGkP8KE%3D
2022.6.30 01:33:18#---------------------- Complete New Transaction---------------------
2022.6.30 01:33:18#Get trans_id From Post Value:NtAbYJ8j6UaQruw8CaEWpGkP8KE=
2022.6.30 01:33:18#clientIp:37.111.207.229
2022.6.30 01:33:18#trans_id:NtAbYJ8j6UaQruw8CaEWpGkP8KE=
2022.6.30 01:33:20#result:RESULT>OK^RESULT_CODE>000^3DSECURE>SKIPPED^RRN>218101421369^APPROVAL_CODE>736250^CARD_NUMBER>999999*********1168^AMOUNT>262000^CARDNAME>mb account^DESCRIPTION>6MSC22111035^TRANS_DATE>2022-06-30 07:33:18 AM
2022.6.30 01:33:21#202430013321
2022.6.30 01:33:21#202430013321
2022.6.30 01:33:21#=================== Transaction Completed =======================
2022.6.30 01:34:46#=================== Start New Transaction ===================
2022.6.30 01:34:46#txnrefnum:MEM2004063
2022.6.30 01:34:46#clientIp:37.111.207.229
2022.6.30 01:34:46#card type:6
2022.6.30 01:34:46#totalamount:102000
2022.6.30 01:34:50#result:TRANSACTION_ID:PM40Z8YIjMrc4gSfMm30oO6kaTs=
2022.6.30 01:34:50#Forward to DBBL Payment Gateway Page: https://ecom1.dutchbanglabank.com/ecomm2/ClientHandler?card_type=6&trans_id=PM40Z8YIjMrc4gSfMm30oO6kaTs%3D
2022.6.30 01:35:10#---------------------- Complete New Transaction---------------------
2022.6.30 01:35:10#Get trans_id From Post Value:PM40Z8YIjMrc4gSfMm30oO6kaTs=
2022.6.30 01:35:10#clientIp:37.111.207.229
2022.6.30 01:35:10#trans_id:PM40Z8YIjMrc4gSfMm30oO6kaTs=
2022.6.30 01:35:12#result:RESULT>OK^RESULT_CODE>000^3DSECURE>SKIPPED^RRN>218101421429^APPROVAL_CODE>738324^CARD_NUMBER>999999*********1168^AMOUNT>102000^CARDNAME>mb account^DESCRIPTION>6MEM2004063^TRANS_DATE>2022-06-30 07:35:09 AM
2022.6.30 01:35:12#29028330013512
2022.6.30 01:35:12#=================== Transaction Completed =======================
2022.6.30 01:38:08#=================== Start New Transaction ===================
2022.6.30 01:38:08#txnrefnum:MSC22110074
2022.6.30 01:38:08#clientIp:37.111.207.229
2022.6.30 01:38:08#card type:6
2022.6.30 01:38:08#totalamount:422000
2022.6.30 01:38:12#result:TRANSACTION_ID:q8heYaJG5HkSDBiXDKaff9BoX9Q=
2022.6.30 01:38:12#Forward to DBBL Payment Gateway Page: https://ecom1.dutchbanglabank.com/ecomm2/ClientHandler?card_type=6&trans_id=q8heYaJG5HkSDBiXDKaff9BoX9Q%3D
2022.6.30 01:38:39#---------------------- Complete New Transaction---------------------
2022.6.30 01:38:39#Get trans_id From Post Value:q8heYaJG5HkSDBiXDKaff9BoX9Q=
2022.6.30 01:38:39#clientIp:37.111.207.229
2022.6.30 01:38:39#trans_id:q8heYaJG5HkSDBiXDKaff9BoX9Q=
2022.6.30 01:38:41#result:RESULT>OK^RESULT_CODE>000^3DSECURE>SKIPPED^RRN>218101421540^APPROVAL_CODE>742288^CARD_NUMBER>999999*********1168^AMOUNT>422000^CARDNAME>mb account^DESCRIPTION>6MSC22110074^TRANS_DATE>2022-06-30 07:38:37 AM
2022.6.30 01:38:41#1436030013841
2022.6.30 01:38:41#1436030013841
2022.6.30 01:38:41#1436030013841
2022.6.30 01:38:41#=================== Transaction Completed =======================
2022.6.30 02:09:23#=================== Start New Transaction ===================
2022.6.30 02:09:23#txnrefnum:MBM2008089
2022.6.30 02:09:23#clientIp:37.111.207.229
2022.6.30 02:09:23#card type:6
2022.6.30 02:09:23#totalamount:162000
2022.6.30 02:09:29#result:TRANSACTION_ID:nXSHnmTVeSUoRGIDtwkp8mOEsok=
2022.6.30 02:09:29#Forward to DBBL Payment Gateway Page: https://ecom1.dutchbanglabank.com/ecomm2/ClientHandler?card_type=6&trans_id=nXSHnmTVeSUoRGIDtwkp8mOEsok%3D
2022.6.30 02:09:49#---------------------- Complete New Transaction---------------------
2022.6.30 02:09:49#Get trans_id From Post Value:nXSHnmTVeSUoRGIDtwkp8mOEsok=
2022.6.30 02:09:49#clientIp:37.111.207.229
2022.6.30 02:09:49#trans_id:nXSHnmTVeSUoRGIDtwkp8mOEsok=
2022.6.30 02:09:52#result:RESULT>OK^RESULT_CODE>000^3DSECURE>SKIPPED^RRN>218102422508^APPROVAL_CODE>778410^CARD_NUMBER>999999*********1168^AMOUNT>162000^CARDNAME>mb account^DESCRIPTION>6MBM2008089^TRANS_DATE>2022-06-30 08:09:47 AM
2022.6.30 02:09:52#21737830020952
2022.6.30 02:09:52#21737830020952
2022.6.30 02:09:52#=================== Transaction Completed =======================
2022.6.30 02:29:34#=================== Start New Transaction ===================
2022.6.30 02:29:34#txnrefnum:BBM2206106
2022.6.30 02:29:34#clientIp:202.134.9.144
2022.6.30 02:29:34#card type:6
2022.6.30 02:29:34#totalamount:482000
2022.6.30 02:29:39#result:TRANSACTION_ID:1XbneFBtSLcvBUhZQqYyLlelIJs=
2022.6.30 02:29:39#Forward to DBBL Payment Gateway Page: https://ecom1.dutchbanglabank.com/ecomm2/ClientHandler?card_type=6&trans_id=1XbneFBtSLcvBUhZQqYyLlelIJs%3D
2022.6.30 02:46:23#=================== Start New Transaction ===================
2022.6.30 02:46:23#txnrefnum:MBD2005028
2022.6.30 02:46:23#clientIp:37.111.207.229
2022.6.30 02:46:23#card type:6
2022.6.30 02:46:23#totalamount:82000
2022.6.30 02:46:27#result:TRANSACTION_ID:m4QUoRHhNkDvt2KgDmAdmN4aekA=
2022.6.30 02:46:27#Forward to DBBL Payment Gateway Page: https://ecom1.dutchbanglabank.com/ecomm2/ClientHandler?card_type=6&trans_id=m4QUoRHhNkDvt2KgDmAdmN4aekA%3D
2022.6.30 02:46:42#---------------------- Complete New Transaction---------------------
2022.6.30 02:46:42#Get trans_id From Post Value:m4QUoRHhNkDvt2KgDmAdmN4aekA=
2022.6.30 02:46:42#clientIp:37.111.207.229
2022.6.30 02:46:42#trans_id:m4QUoRHhNkDvt2KgDmAdmN4aekA=
2022.6.30 02:46:44#result:RESULT>OK^RESULT_CODE>000^3DSECURE>SKIPPED^RRN>218102423871^APPROVAL_CODE>928664^CARD_NUMBER>999999*********1168^AMOUNT>82000^CARDNAME>mb account^DESCRIPTION>6MBD2005028^TRANS_DATE>2022-06-30 08:46:41 AM
2022.6.30 02:46:44#16131730024644
2022.6.30 02:46:44#=================== Transaction Completed =======================
2022.6.30 02:59:48#=================== Start New Transaction ===================
2022.6.30 02:59:48#txnrefnum:BBM2006066
2022.6.30 02:59:48#clientIp:103.204.247.18
2022.6.30 02:59:48#card type:6
2022.6.30 02:59:48#totalamount:162000
2022.6.30 02:59:53#result:TRANSACTION_ID:yifXCjt3J5Dfvyek2ZTibKyFbZg=
2022.6.30 02:59:53#Forward to DBBL Payment Gateway Page: https://ecom1.dutchbanglabank.com/ecomm2/ClientHandler?card_type=6&trans_id=yifXCjt3J5Dfvyek2ZTibKyFbZg%3D
2022.6.30 03:00:21#---------------------- Complete New Transaction---------------------
2022.6.30 03:00:21#Get trans_id From Post Value:yifXCjt3J5Dfvyek2ZTibKyFbZg=
2022.6.30 03:00:21#clientIp:103.204.247.18
2022.6.30 03:00:21#trans_id:yifXCjt3J5Dfvyek2ZTibKyFbZg=
2022.6.30 03:00:24#result:RESULT>OK^RESULT_CODE>000^3DSECURE>SKIPPED^RRN>218103424531^APPROVAL_CODE>818904^CARD_NUMBER>999999*********2298^AMOUNT>162000^CARDNAME>mb account^DESCRIPTION>6BBM2006066^TRANS_DATE>2022-06-30 09:00:21 AM
2022.6.30 03:00:24#25537730030024
2022.6.30 03:00:24#25537730030024
2022.6.30 03:00:24#=================== Transaction Completed =======================
2022.6.30 03:10:46#=================== Start New Transaction ===================
2022.6.30 03:10:46#txnrefnum:MBM2201297
2022.6.30 03:10:46#clientIp:37.111.212.121
2022.6.30 03:10:46#card type:6
2022.6.30 03:10:46#totalamount:462000
2022.6.30 03:10:46#=================== Start New Transaction ===================
2022.6.30 03:10:46#txnrefnum:MBM2201297
2022.6.30 03:10:46#clientIp:37.111.212.121
2022.6.30 03:10:46#card type:6
2022.6.30 03:10:46#totalamount:462000
2022.6.30 03:10:50#result:TRANSACTION_ID:AVtBAHsuljYSNoxYEyPMF3G9ayg=
2022.6.30 03:10:50#result:TRANSACTION_ID:25wOejWKUgZPE8SBpKaIVHd2D74=
2022.6.30 03:10:50#Forward to DBBL Payment Gateway Page: https://ecom1.dutchbanglabank.com/ecomm2/ClientHandler?card_type=6&trans_id=AVtBAHsuljYSNoxYEyPMF3G9ayg%3D
2022.6.30 03:10:50#Forward to DBBL Payment Gateway Page: https://ecom1.dutchbanglabank.com/ecomm2/ClientHandler?card_type=6&trans_id=25wOejWKUgZPE8SBpKaIVHd2D74%3D
2022.6.30 03:11:14#---------------------- Complete New Transaction---------------------
2022.6.30 03:11:14#Get trans_id From Post Value:AVtBAHsuljYSNoxYEyPMF3G9ayg=
2022.6.30 03:11:14#clientIp:37.111.212.121
2022.6.30 03:11:14#trans_id:AVtBAHsuljYSNoxYEyPMF3G9ayg=
2022.6.30 03:11:16#result:RESULT>OK^RESULT_CODE>000^3DSECURE>SKIPPED^RRN>218103425148^APPROVAL_CODE>825369^CARD_NUMBER>999999*********7532^AMOUNT>462000^CARDNAME>mb account^DESCRIPTION>6MBM2201297^TRANS_DATE>2022-06-30 09:11:13 AM
2022.6.30 03:11:16#5969030031116
2022.6.30 03:11:16#5969030031116
2022.6.30 03:11:16#5969030031116
2022.6.30 03:11:16#5969030031116
2022.6.30 03:11:16#5969030031116
2022.6.30 03:11:16#5969030031116
2022.6.30 03:11:16#=================== Transaction Completed =======================
2022.6.30 03:48:52#=================== Start New Transaction ===================
2022.6.30 03:48:52#txnrefnum:MBM2004182
2022.6.30 03:48:52#clientIp:103.144.201.32
2022.6.30 03:48:52#card type:6
2022.6.30 03:48:52#totalamount:82000
2022.6.30 03:48:57#result:TRANSACTION_ID:6PYL7hs6dD80hSVQ3ZExDnbawrI=
2022.6.30 03:48:57#Forward to DBBL Payment Gateway Page: https://ecom1.dutchbanglabank.com/ecomm2/ClientHandler?card_type=6&trans_id=6PYL7hs6dD80hSVQ3ZExDnbawrI%3D
2022.6.30 03:49:32#=================== Start New Transaction ===================
2022.6.30 03:49:32#txnrefnum:MSC22110090
2022.6.30 03:49:32#clientIp:37.111.207.229
2022.6.30 03:49:32#card type:6
2022.6.30 03:49:32#totalamount:262000
2022.6.30 03:49:39#result:TRANSACTION_ID:ekr9W7G0j9UKDOkHSbqrFaypuj8=
2022.6.30 03:49:39#Forward to DBBL Payment Gateway Page: https://ecom1.dutchbanglabank.com/ecomm2/ClientHandler?card_type=6&trans_id=ekr9W7G0j9UKDOkHSbqrFaypuj8%3D
2022.6.30 03:50:01#---------------------- Complete New Transaction---------------------
2022.6.30 03:50:01#Get trans_id From Post Value:ekr9W7G0j9UKDOkHSbqrFaypuj8=
2022.6.30 03:50:01#clientIp:37.111.207.229
2022.6.30 03:50:01#trans_id:ekr9W7G0j9UKDOkHSbqrFaypuj8=
2022.6.30 03:50:03#result:RESULT>OK^RESULT_CODE>000^3DSECURE>SKIPPED^RRN>218103427319^APPROVAL_CODE>104547^CARD_NUMBER>999999*********1168^AMOUNT>262000^CARDNAME>mb account^DESCRIPTION>6MSC22110090^TRANS_DATE>2022-06-30 09:49:59 AM
2022.6.30 03:50:03#1471930035003
2022.6.30 03:50:03#1471930035003
2022.6.30 03:50:03#=================== Transaction Completed =======================
2022.6.30 03:50:05#=================== Start New Transaction ===================
2022.6.30 03:50:05#txnrefnum:MBM2004182
2022.6.30 03:50:05#clientIp:103.144.201.32
2022.6.30 03:50:05#card type:6
2022.6.30 03:50:05#totalamount:82000
2022.6.30 03:50:08#result:TRANSACTION_ID:yjQbceHZeCxVnipVQtIt2yNYPFE=
2022.6.30 03:50:09#Forward to DBBL Payment Gateway Page: https://ecom1.dutchbanglabank.com/ecomm2/ClientHandler?card_type=6&trans_id=yjQbceHZeCxVnipVQtIt2yNYPFE%3D
2022.6.30 04:07:50#=================== Start New Transaction ===================
2022.6.30 04:07:50#txnrefnum:MBM2004182
2022.6.30 04:07:50#clientIp:103.144.201.32
2022.6.30 04:07:50#card type:6
2022.6.30 04:07:50#totalamount:82000
2022.6.30 04:08:00#result:TRANSACTION_ID:jfwKpyn0maOZg2lsntZp75lKkoE=
2022.6.30 04:08:00#Forward to DBBL Payment Gateway Page: https://ecom1.dutchbanglabank.com/ecomm2/ClientHandler?card_type=6&trans_id=jfwKpyn0maOZg2lsntZp75lKkoE%3D
2022.6.30 04:41:50#=================== Start New Transaction ===================
2022.6.30 04:41:50#txnrefnum:MEM2006017
2022.6.30 04:41:50#clientIp:103.29.124.20
2022.6.30 04:41:50#card type:6
2022.6.30 04:41:50#totalamount:82000
2022.6.30 04:41:56#result:TRANSACTION_ID:yapEG24PZ57cb63M6r8R62OtY5Y=
2022.6.30 04:41:56#Forward to DBBL Payment Gateway Page: https://ecom1.dutchbanglabank.com/ecomm2/ClientHandler?card_type=6&trans_id=yapEG24PZ57cb63M6r8R62OtY5Y%3D
2022.6.30 04:42:33#=================== Start New Transaction ===================
2022.6.30 04:42:33#txnrefnum:MEM2006017
2022.6.30 04:42:33#clientIp:103.29.124.20
2022.6.30 04:42:33#card type:6
2022.6.30 04:42:33#totalamount:82000
2022.6.30 04:42:37#result:TRANSACTION_ID:9FvQqdvDI3kGgd6RMirpRSxzp2s=
2022.6.30 04:42:37#Forward to DBBL Payment Gateway Page: https://ecom1.dutchbanglabank.com/ecomm2/ClientHandler?card_type=6&trans_id=9FvQqdvDI3kGgd6RMirpRSxzp2s%3D
2022.6.30 04:43:11#---------------------- Complete New Transaction---------------------
2022.6.30 04:43:11#Get trans_id From Post Value:9FvQqdvDI3kGgd6RMirpRSxzp2s=
2022.6.30 04:43:11#clientIp:103.29.124.20
2022.6.30 04:43:11#trans_id:9FvQqdvDI3kGgd6RMirpRSxzp2s=
2022.6.30 04:43:13#result:RESULT>OK^RESULT_CODE>000^3DSECURE>SKIPPED^RRN>218104430888^APPROVAL_CODE>312927^CARD_NUMBER>999999*********7541^AMOUNT>82000^CARDNAME>mb account^DESCRIPTION>6MEM2006017^TRANS_DATE>2022-06-30 10:43:10 AM
2022.6.30 04:43:13#29660330044313
2022.6.30 04:43:13#=================== Transaction Completed =======================
2022.6.30 05:00:55#=================== Start New Transaction ===================
2022.6.30 05:00:55#txnrefnum:BBM2209074
2022.6.30 05:00:55#clientIp:103.204.246.90
2022.6.30 05:00:55#card type:6
2022.6.30 05:00:55#totalamount:82000
2022.6.30 05:01:00#result:TRANSACTION_ID:Ev22ntS5zwSsy94WEUbwtnrGy5E=
2022.6.30 05:01:00#Forward to DBBL Payment Gateway Page: https://ecom1.dutchbanglabank.com/ecomm2/ClientHandler?card_type=6&trans_id=Ev22ntS5zwSsy94WEUbwtnrGy5E%3D
2022.6.30 05:01:00#=================== Start New Transaction ===================
2022.6.30 05:01:00#txnrefnum:BBM2209074
2022.6.30 05:01:00#clientIp:103.204.246.90
2022.6.30 05:01:00#card type:6
2022.6.30 05:01:00#totalamount:82000
2022.6.30 05:01:02#=================== Start New Transaction ===================
2022.6.30 05:01:02#txnrefnum:BBM2209074
2022.6.30 05:01:02#clientIp:103.204.246.90
2022.6.30 05:01:02#card type:6
2022.6.30 05:01:02#totalamount:82000
2022.6.30 05:01:06#result:TRANSACTION_ID:IM09F1vP8wyEtwFZY4py70Kh67E=
2022.6.30 05:01:06#Forward to DBBL Payment Gateway Page: https://ecom1.dutchbanglabank.com/ecomm2/ClientHandler?card_type=6&trans_id=IM09F1vP8wyEtwFZY4py70Kh67E%3D
2022.6.30 05:01:07#result:TRANSACTION_ID:We8LtZmxkITCvuYfVJLm59PpOU0=
2022.6.30 05:01:07#Forward to DBBL Payment Gateway Page: https://ecom1.dutchbanglabank.com/ecomm2/ClientHandler?card_type=6&trans_id=We8LtZmxkITCvuYfVJLm59PpOU0%3D
2022.6.30 05:01:42#---------------------- Complete New Transaction---------------------
2022.6.30 05:01:43#Get trans_id From Post Value:IM09F1vP8wyEtwFZY4py70Kh67E=
2022.6.30 05:01:43#clientIp:103.204.246.90
2022.6.30 05:01:43#trans_id:IM09F1vP8wyEtwFZY4py70Kh67E=
2022.6.30 05:01:45#result:RESULT>OK^RESULT_CODE>000^3DSECURE>SKIPPED^RRN>218105432463^APPROVAL_CODE>451052^CARD_NUMBER>999999*********2234^AMOUNT>82000^CARDNAME>mb account^DESCRIPTION>6BBM2209074^TRANS_DATE>2022-06-30 11:01:42 AM
2022.6.30 05:01:45#31359830050145
2022.6.30 05:01:45#=================== Transaction Completed =======================
2022.6.30 05:04:53#=================== Start New Transaction ===================
2022.6.30 05:04:53#txnrefnum:BBM2206213
2022.6.30 05:04:53#clientIp:103.204.246.90
2022.6.30 05:04:53#card type:6
2022.6.30 05:04:53#totalamount:82000
2022.6.30 05:04:57#=================== Start New Transaction ===================
2022.6.30 05:04:57#txnrefnum:BBM2206213
2022.6.30 05:04:57#clientIp:103.204.246.90
2022.6.30 05:04:57#card type:6
2022.6.30 05:04:57#totalamount:82000
2022.6.30 05:04:59#result:TRANSACTION_ID:9vazzB1vCSTZaZXDW2FSQAUICgE=
2022.6.30 05:04:59#Forward to DBBL Payment Gateway Page: https://ecom1.dutchbanglabank.com/ecomm2/ClientHandler?card_type=6&trans_id=9vazzB1vCSTZaZXDW2FSQAUICgE%3D
2022.6.30 05:05:01#=================== Start New Transaction ===================
2022.6.30 05:05:01#txnrefnum:BBM2206213
2022.6.30 05:05:01#clientIp:103.204.246.90
2022.6.30 05:05:01#card type:6
2022.6.30 05:05:01#totalamount:82000
2022.6.30 05:05:04#result:TRANSACTION_ID:a5AN6W9mQ1GMFkButgBvuR1sBeA=
2022.6.30 05:05:04#Forward to DBBL Payment Gateway Page: https://ecom1.dutchbanglabank.com/ecomm2/ClientHandler?card_type=6&trans_id=a5AN6W9mQ1GMFkButgBvuR1sBeA%3D
2022.6.30 05:05:07#=================== Start New Transaction ===================
2022.6.30 05:05:07#txnrefnum:BBM2206213
2022.6.30 05:05:07#clientIp:103.204.246.90
2022.6.30 05:05:07#card type:6
2022.6.30 05:05:07#totalamount:82000
2022.6.30 05:05:11#result:TRANSACTION_ID:i9yZLdTGOwxGDmJ94HtG9w0HMH8=
2022.6.30 05:05:11#Forward to DBBL Payment Gateway Page: https://ecom1.dutchbanglabank.com/ecomm2/ClientHandler?card_type=6&trans_id=i9yZLdTGOwxGDmJ94HtG9w0HMH8%3D
2022.6.30 05:05:13#result:TRANSACTION_ID:nnbXVXkbz4NjVoT5bQEcHSJleBA=
2022.6.30 05:05:13#Forward to DBBL Payment Gateway Page: https://ecom1.dutchbanglabank.com/ecomm2/ClientHandler?card_type=6&trans_id=nnbXVXkbz4NjVoT5bQEcHSJleBA%3D
2022.6.30 05:07:13#=================== Start New Transaction ===================
2022.6.30 05:07:13#txnrefnum:BBM2206213
2022.6.30 05:07:13#clientIp:103.204.246.90
2022.6.30 05:07:13#card type:6
2022.6.30 05:07:13#totalamount:82000
2022.6.30 05:07:17#result:TRANSACTION_ID:7PJYvxOZzAxrolm2EKP00PsZu5o=
2022.6.30 05:07:17#Forward to DBBL Payment Gateway Page: https://ecom1.dutchbanglabank.com/ecomm2/ClientHandler?card_type=6&trans_id=7PJYvxOZzAxrolm2EKP00PsZu5o%3D
2022.6.30 05:08:01#---------------------- Complete New Transaction---------------------
2022.6.30 05:08:01#Get trans_id From Post Value:7PJYvxOZzAxrolm2EKP00PsZu5o=
2022.6.30 05:08:01#clientIp:103.204.246.90
2022.6.30 05:08:01#trans_id:7PJYvxOZzAxrolm2EKP00PsZu5o=
2022.6.30 05:08:05#result:RESULT>OK^RESULT_CODE>000^3DSECURE>SKIPPED^RRN>218105432999^APPROVAL_CODE>470313^CARD_NUMBER>999999*********2234^AMOUNT>82000^CARDNAME>mb account^DESCRIPTION>6BBM2206213^TRANS_DATE>2022-06-30 11:08:00 AM
2022.6.30 05:08:05#30977930050805
2022.6.30 05:08:05#=================== Transaction Completed =======================
2022.6.30 05:22:39#=================== Start New Transaction ===================
2022.6.30 05:22:39#txnrefnum:BBD2007094
2022.6.30 05:22:39#clientIp:37.111.215.45
2022.6.30 05:22:39#card type:6
2022.6.30 05:22:39#totalamount:242000
2022.6.30 05:22:43#result:TRANSACTION_ID:1b73WXxeP30tJBaVCmGwQ01Ia6g=
2022.6.30 05:22:43#Forward to DBBL Payment Gateway Page: https://ecom1.dutchbanglabank.com/ecomm2/ClientHandler?card_type=6&trans_id=1b73WXxeP30tJBaVCmGwQ01Ia6g%3D
2022.6.30 05:23:35#---------------------- Complete New Transaction---------------------
2022.6.30 05:23:35#Get trans_id From Post Value:1b73WXxeP30tJBaVCmGwQ01Ia6g=
2022.6.30 05:23:35#clientIp:37.111.215.45
2022.6.30 05:23:35#trans_id:1b73WXxeP30tJBaVCmGwQ01Ia6g=
2022.6.30 05:23:38#result:RESULT>OK^RESULT_CODE>000^3DSECURE>SKIPPED^RRN>218105434349^APPROVAL_CODE>570888^CARD_NUMBER>999999*********6246^AMOUNT>242000^CARDNAME>mb account^DESCRIPTION>6BBD2007094^TRANS_DATE>2022-06-30 11:23:34 AM
2022.6.30 05:23:38#25933330052338
2022.6.30 05:23:38#25933330052338
2022.6.30 05:23:38#25933330052338
2022.6.30 05:23:38#=================== Transaction Completed =======================
2022.6.30 05:26:32#=================== Start New Transaction ===================
2022.6.30 05:26:32#txnrefnum:MBD2006392
2022.6.30 05:26:32#clientIp:37.111.207.229
2022.6.30 05:26:32#card type:6
2022.6.30 05:26:32#totalamount:1082000
2022.6.30 05:26:38#result:TRANSACTION_ID:WsFSfCDjiPgRMwcJufGDdESJAZc=
2022.6.30 05:26:38#Forward to DBBL Payment Gateway Page: https://ecom1.dutchbanglabank.com/ecomm2/ClientHandler?card_type=6&trans_id=WsFSfCDjiPgRMwcJufGDdESJAZc%3D
2022.6.30 05:26:57#---------------------- Complete New Transaction---------------------
2022.6.30 05:26:57#Get trans_id From Post Value:WsFSfCDjiPgRMwcJufGDdESJAZc=
2022.6.30 05:26:57#clientIp:37.111.207.229
2022.6.30 05:26:57#trans_id:WsFSfCDjiPgRMwcJufGDdESJAZc=
2022.6.30 05:26:59#result:RESULT>OK^RESULT_CODE>000^3DSECURE>SKIPPED^RRN>218105434658^APPROVAL_CODE>423114^CARD_NUMBER>999999*********1168^AMOUNT>1082000^CARDNAME>mb account^DESCRIPTION>6MBD2006392^TRANS_DATE>2022-06-30 11:26:54 AM
2022.6.30 05:26:59#18419330052659
2022.6.30 05:26:59#18419330052659
2022.6.30 05:26:59#18419330052659
2022.6.30 05:26:59#18419330052659
2022.6.30 05:26:59#18419330052659
2022.6.30 05:26:59#18419330052659
2022.6.30 05:26:59#18419330052659
2022.6.30 05:26:59#18419330052659
2022.6.30 05:26:59#18419330052659
2022.6.30 05:26:59#=================== Transaction Completed =======================
2022.6.30 05:29:33#=================== Start New Transaction ===================
2022.6.30 05:29:33#txnrefnum:MBM2003215
2022.6.30 05:29:33#clientIp:37.111.207.229
2022.6.30 05:29:33#card type:6
2022.6.30 05:29:33#totalamount:462000
2022.6.30 05:29:41#result:TRANSACTION_ID:hSNiWO0LQ9UeVtqVzGKdBvanzKI=
2022.6.30 05:29:41#Forward to DBBL Payment Gateway Page: https://ecom1.dutchbanglabank.com/ecomm2/ClientHandler?card_type=6&trans_id=hSNiWO0LQ9UeVtqVzGKdBvanzKI%3D
2022.6.30 05:30:42#---------------------- Complete New Transaction---------------------
2022.6.30 05:30:42#Get trans_id From Post Value:hSNiWO0LQ9UeVtqVzGKdBvanzKI=
2022.6.30 05:30:42#clientIp:37.111.207.229
2022.6.30 05:30:42#trans_id:hSNiWO0LQ9UeVtqVzGKdBvanzKI=
2022.6.30 05:30:46#result:RESULT>OK^RESULT_CODE>000^3DSECURE>SKIPPED^RRN>218105435047^APPROVAL_CODE>523665^CARD_NUMBER>999999*********1168^AMOUNT>462000^CARDNAME>mb account^DESCRIPTION>6MBM2003215^TRANS_DATE>2022-06-30 11:30:40 AM
2022.6.30 05:30:46#13272530053046
2022.6.30 05:30:46#13272530053046
2022.6.30 05:30:46#13272530053046
2022.6.30 05:30:46#13272530053046
2022.6.30 05:30:46#13272530053046
2022.6.30 05:30:46#13272530053046
2022.6.30 05:30:46#=================== Transaction Completed =======================
2022.6.30 05:33:51#=================== Start New Transaction ===================
2022.6.30 05:33:51#txnrefnum:MSC22111005
2022.6.30 05:33:51#clientIp:37.111.207.229
2022.6.30 05:33:51#card type:6
2022.6.30 05:33:51#totalamount:422000
2022.6.30 05:33:58#result:TRANSACTION_ID:W4dW1bzExANOqP4hPTZ6SQ8MtSY=
2022.6.30 05:33:58#Forward to DBBL Payment Gateway Page: https://ecom1.dutchbanglabank.com/ecomm2/ClientHandler?card_type=6&trans_id=W4dW1bzExANOqP4hPTZ6SQ8MtSY%3D
2022.6.30 05:34:23#---------------------- Complete New Transaction---------------------
2022.6.30 05:34:23#Get trans_id From Post Value:W4dW1bzExANOqP4hPTZ6SQ8MtSY=
2022.6.30 05:34:23#clientIp:37.111.207.229
2022.6.30 05:34:23#trans_id:W4dW1bzExANOqP4hPTZ6SQ8MtSY=
2022.6.30 05:34:25#result:RESULT>OK^RESULT_CODE>000^3DSECURE>SKIPPED^RRN>218105435367^APPROVAL_CODE>530014^CARD_NUMBER>999999*********1168^AMOUNT>422000^CARDNAME>mb account^DESCRIPTION>6MSC22111005^TRANS_DATE>2022-06-30 11:34:22 AM
2022.6.30 05:34:25#264830053425
2022.6.30 05:34:25#264830053425
2022.6.30 05:34:25#264830053425
2022.6.30 05:34:25#=================== Transaction Completed =======================
2022.6.30 05:38:41#=================== Start New Transaction ===================
2022.6.30 05:38:41#txnrefnum:MBG2101449
2022.6.30 05:38:41#clientIp:202.134.14.153
2022.6.30 05:38:41#card type:6
2022.6.30 05:38:41#totalamount:302000
2022.6.30 05:38:55#result:TRANSACTION_ID:RWGfD9OP1Xw2vnHp0c9V0DPY2ss=
2022.6.30 05:38:55#Forward to DBBL Payment Gateway Page: https://ecom1.dutchbanglabank.com/ecomm2/ClientHandler?card_type=6&trans_id=RWGfD9OP1Xw2vnHp0c9V0DPY2ss%3D
2022.6.30 05:39:41#=================== Start New Transaction ===================
2022.6.30 05:39:41#txnrefnum:MBG2101449
2022.6.30 05:39:41#clientIp:202.134.14.153
2022.6.30 05:39:41#card type:6
2022.6.30 05:39:41#totalamount:382000
2022.6.30 05:39:50#result:TRANSACTION_ID:L726O4n8FcYSpQZSi1A4qyr1L4o=
2022.6.30 05:39:50#Forward to DBBL Payment Gateway Page: https://ecom1.dutchbanglabank.com/ecomm2/ClientHandler?card_type=6&trans_id=L726O4n8FcYSpQZSi1A4qyr1L4o%3D
2022.6.30 05:40:15#---------------------- Complete New Transaction---------------------
2022.6.30 05:40:15#Get trans_id From Post Value:L726O4n8FcYSpQZSi1A4qyr1L4o=
2022.6.30 05:40:15#clientIp:202.134.14.153
2022.6.30 05:40:15#trans_id:L726O4n8FcYSpQZSi1A4qyr1L4o=
2022.6.30 05:40:19#result:RESULT>OK^RESULT_CODE>000^3DSECURE>SKIPPED^RRN>218105435881^APPROVAL_CODE>620015^CARD_NUMBER>999999*********7532^AMOUNT>382000^CARDNAME>mb account^DESCRIPTION>6MBG2101449^TRANS_DATE>2022-06-30 11:40:14 AM
2022.6.30 05:40:19#8434930054019
2022.6.30 05:40:19#8434930054019
2022.6.30 05:40:19#8434930054019
2022.6.30 05:40:19#8434930054019
2022.6.30 05:40:19#8434930054019
2022.6.30 05:40:19#=================== Transaction Completed =======================
2022.6.30 05:43:26#=================== Start New Transaction ===================
2022.6.30 05:43:26#txnrefnum:BBB2103065
2022.6.30 05:43:26#clientIp:114.130.157.245
2022.6.30 05:43:26#card type:6
2022.6.30 05:43:26#totalamount:382000
2022.6.30 05:43:34#result:TRANSACTION_ID:VMcWd3pTM3wyuiNZS9V2FGoVh64=
2022.6.30 05:43:34#Forward to DBBL Payment Gateway Page: https://ecom1.dutchbanglabank.com/ecomm2/ClientHandler?card_type=6&trans_id=VMcWd3pTM3wyuiNZS9V2FGoVh64%3D
2022.6.30 05:44:24#=================== Start New Transaction ===================
2022.6.30 05:44:24#txnrefnum:MBD2008084
2022.6.30 05:44:24#clientIp:202.134.14.153
2022.6.30 05:44:24#card type:6
2022.6.30 05:44:24#totalamount:482000
2022.6.30 05:44:32#result:TRANSACTION_ID:S3xUFlGaiQTCOezUrU5GY2dpqJo=
2022.6.30 05:44:32#Forward to DBBL Payment Gateway Page: https://ecom1.dutchbanglabank.com/ecomm2/ClientHandler?card_type=6&trans_id=S3xUFlGaiQTCOezUrU5GY2dpqJo%3D
2022.6.30 05:44:54#---------------------- Complete New Transaction---------------------
2022.6.30 05:44:54#Get trans_id From Post Value:S3xUFlGaiQTCOezUrU5GY2dpqJo=
2022.6.30 05:44:54#clientIp:202.134.14.153
2022.6.30 05:44:54#trans_id:S3xUFlGaiQTCOezUrU5GY2dpqJo=
2022.6.30 05:44:57#result:RESULT>OK^RESULT_CODE>000^3DSECURE>SKIPPED^RRN>218105436219^APPROVAL_CODE>646889^CARD_NUMBER>999999*********7532^AMOUNT>482000^CARDNAME>mb account^DESCRIPTION>6MBD2008084^TRANS_DATE>2022-06-30 11:44:53 AM
2022.6.30 05:44:57#21112130054457
2022.6.30 05:44:57#21112130054457
2022.6.30 05:44:57#21112130054457
2022.6.30 05:44:57#21112130054457
2022.6.30 05:44:57#21112130054457
2022.6.30 05:44:57#21112130054457
2022.6.30 05:44:57#=================== Transaction Completed =======================
2022.6.30 05:45:09#---------------------- Complete New Transaction---------------------
2022.6.30 05:45:09#Get trans_id From Post Value:VMcWd3pTM3wyuiNZS9V2FGoVh64=
2022.6.30 05:45:09#clientIp:114.130.157.245
2022.6.30 05:45:09#trans_id:VMcWd3pTM3wyuiNZS9V2FGoVh64=
2022.6.30 05:45:11#result:RESULT>OK^RESULT_CODE>000^3DSECURE>SKIPPED^RRN>218105436234^APPROVAL_CODE>691211^CARD_NUMBER>999999*********8580^AMOUNT>382000^CARDNAME>mb account^DESCRIPTION>6BBB2103065^TRANS_DATE>2022-06-30 11:45:08 AM
2022.6.30 05:45:11#23335330054511
2022.6.30 05:45:11#23335330054511
2022.6.30 05:45:11#23335330054511
2022.6.30 05:45:11#23335330054511
2022.6.30 05:45:11#23335330054511
2022.6.30 05:45:11#=================== Transaction Completed =======================
2022.6.30 05:45:58#=================== Start New Transaction ===================
2022.6.30 05:45:58#txnrefnum:MSC22111382
2022.6.30 05:45:58#clientIp:37.111.207.229
2022.6.30 05:45:58#card type:6
2022.6.30 05:45:58#totalamount:162000
2022.6.30 05:46:02#result:TRANSACTION_ID:sS4yNmhhPsXSYvxUurslYloR52c=
2022.6.30 05:46:02#Forward to DBBL Payment Gateway Page: https://ecom1.dutchbanglabank.com/ecomm2/ClientHandler?card_type=6&trans_id=sS4yNmhhPsXSYvxUurslYloR52c%3D
2022.6.30 05:46:22#---------------------- Complete New Transaction---------------------
2022.6.30 05:46:22#Get trans_id From Post Value:sS4yNmhhPsXSYvxUurslYloR52c=
2022.6.30 05:46:22#clientIp:37.111.207.229
2022.6.30 05:46:22#trans_id:sS4yNmhhPsXSYvxUurslYloR52c=
2022.6.30 05:46:25#result:RESULT>OK^RESULT_CODE>000^3DSECURE>SKIPPED^RRN>218105436326^APPROVAL_CODE>649055^CARD_NUMBER>999999*********1168^AMOUNT>162000^CARDNAME>mb account^DESCRIPTION>6MSC22111382^TRANS_DATE>2022-06-30 11:46:20 AM
2022.6.30 05:46:25#32115230054625
2022.6.30 05:46:25#=================== Transaction Completed =======================
2022.6.30 05:49:56#=================== Start New Transaction ===================
2022.6.30 05:49:56#txnrefnum:MBD2005015
2022.6.30 05:49:56#clientIp:202.134.14.153
2022.6.30 05:49:56#card type:6
2022.6.30 05:49:56#totalamount:162000
2022.6.30 05:50:07#result:TRANSACTION_ID:p5iZxRFLTMHfUQTFaLGWtWBYpqs=
2022.6.30 05:50:07#Forward to DBBL Payment Gateway Page: https://ecom1.dutchbanglabank.com/ecomm2/ClientHandler?card_type=6&trans_id=p5iZxRFLTMHfUQTFaLGWtWBYpqs%3D
2022.6.30 05:50:37#---------------------- Complete New Transaction---------------------
2022.6.30 05:50:37#Get trans_id From Post Value:p5iZxRFLTMHfUQTFaLGWtWBYpqs=
2022.6.30 05:50:37#clientIp:202.134.14.153
2022.6.30 05:50:37#trans_id:p5iZxRFLTMHfUQTFaLGWtWBYpqs=
2022.6.30 05:50:42#result:RESULT>OK^RESULT_CODE>000^3DSECURE>SKIPPED^RRN>218105436689^APPROVAL_CODE>753506^CARD_NUMBER>999999*********7532^AMOUNT>162000^CARDNAME>mb account^DESCRIPTION>6MBD2005015^TRANS_DATE>2022-06-30 11:50:36 AM
2022.6.30 05:50:42#16116130055042
2022.6.30 05:50:42#16116130055042
2022.6.30 05:50:42#=================== Transaction Completed =======================
2022.6.30 05:58:16#=================== Start New Transaction ===================
2022.6.30 05:58:16#txnrefnum:BBM2006169
2022.6.30 05:58:16#clientIp:37.111.215.45
2022.6.30 05:58:16#card type:6
2022.6.30 05:58:16#totalamount:482000
2022.6.30 05:58:29#result:TRANSACTION_ID:KkvATkyqusZJnOLgbCGG9X7oJoY=
2022.6.30 05:58:29#Forward to DBBL Payment Gateway Page: https://ecom1.dutchbanglabank.com/ecomm2/ClientHandler?card_type=6&trans_id=KkvATkyqusZJnOLgbCGG9X7oJoY%3D
2022.6.30 05:59:20#---------------------- Complete New Transaction---------------------
2022.6.30 05:59:20#Get trans_id From Post Value:KkvATkyqusZJnOLgbCGG9X7oJoY=
2022.6.30 05:59:20#clientIp:37.111.215.45
2022.6.30 05:59:20#trans_id:KkvATkyqusZJnOLgbCGG9X7oJoY=
2022.6.30 05:59:23#result:RESULT>OK^RESULT_CODE>000^3DSECURE>SKIPPED^RRN>218105437341^APPROVAL_CODE>780826^CARD_NUMBER>999999*********6246^AMOUNT>482000^CARDNAME>mb account^DESCRIPTION>6BBM2006169^TRANS_DATE>2022-06-30 11:59:19 AM
2022.6.30 05:59:23#25525330055923
2022.6.30 05:59:23#25525330055923
2022.6.30 05:59:23#25525330055923
2022.6.30 05:59:23#25525330055923
2022.6.30 05:59:23#25525330055923
2022.6.30 05:59:23#25525330055923
2022.6.30 05:59:23#=================== Transaction Completed =======================
2022.6.30 06:00:24#=================== Start New Transaction ===================
2022.6.30 06:00:24#txnrefnum:BBM2006034
2022.6.30 06:00:24#clientIp:37.111.215.45
2022.6.30 06:00:24#card type:6
2022.6.30 06:00:24#totalamount:82000
2022.6.30 06:00:31#result:TRANSACTION_ID:FhP4MENTpYSbSpSkHAEjy3qorBc=
2022.6.30 06:00:32#Forward to DBBL Payment Gateway Page: https://ecom1.dutchbanglabank.com/ecomm2/ClientHandler?card_type=6&trans_id=FhP4MENTpYSbSpSkHAEjy3qorBc%3D
2022.6.30 06:00:48#---------------------- Complete New Transaction---------------------
2022.6.30 06:00:48#Get trans_id From Post Value:FhP4MENTpYSbSpSkHAEjy3qorBc=
2022.6.30 06:00:48#clientIp:37.111.215.45
2022.6.30 06:00:48#trans_id:FhP4MENTpYSbSpSkHAEjy3qorBc=
2022.6.30 06:00:51#result:RESULT>OK^RESULT_CODE>000^3DSECURE>SKIPPED^RRN>218106437465^APPROVAL_CODE>671479^CARD_NUMBER>999999*********6246^AMOUNT>82000^CARDNAME>mb account^DESCRIPTION>6BBM2006034^TRANS_DATE>2022-06-30 12:00:47 PM
2022.6.30 06:00:51#31241530060051
2022.6.30 06:00:51#=================== Transaction Completed =======================
2022.6.30 06:01:41#=================== Start New Transaction ===================
2022.6.30 06:01:41#txnrefnum:BBD2004106
2022.6.30 06:01:41#clientIp:37.111.215.45
2022.6.30 06:01:41#card type:6
2022.6.30 06:01:41#totalamount:82000
2022.6.30 06:01:48#result:TRANSACTION_ID:sQam23nzH9qSAgq8ioGkIu9njNw=
2022.6.30 06:01:48#Forward to DBBL Payment Gateway Page: https://ecom1.dutchbanglabank.com/ecomm2/ClientHandler?card_type=6&trans_id=sQam23nzH9qSAgq8ioGkIu9njNw%3D
2022.6.30 06:04:10#=================== Start New Transaction ===================
2022.6.30 06:04:10#txnrefnum:MBB2106083
2022.6.30 06:04:10#clientIp:37.111.207.229
2022.6.30 06:04:10#card type:6
2022.6.30 06:04:10#totalamount:112000
2022.6.30 06:04:14#result:TRANSACTION_ID:v6AAEpbjjRNWtSs6ArwzxfX2TtU=
2022.6.30 06:04:14#Forward to DBBL Payment Gateway Page: https://ecom1.dutchbanglabank.com/ecomm2/ClientHandler?card_type=6&trans_id=v6AAEpbjjRNWtSs6ArwzxfX2TtU%3D
2022.6.30 06:04:19#=================== Start New Transaction ===================
2022.6.30 06:04:19#txnrefnum:BBD2004106
2022.6.30 06:04:19#clientIp:37.111.215.45
2022.6.30 06:04:19#card type:6
2022.6.30 06:04:19#totalamount:82000
2022.6.30 06:04:25#result:TRANSACTION_ID:FfK4siIGst9UB7ZKSq8xOS4dMvY=
2022.6.30 06:04:25#Forward to DBBL Payment Gateway Page: https://ecom1.dutchbanglabank.com/ecomm2/ClientHandler?card_type=6&trans_id=FfK4siIGst9UB7ZKSq8xOS4dMvY%3D
2022.6.30 06:04:37#---------------------- Complete New Transaction---------------------
2022.6.30 06:04:37#Get trans_id From Post Value:v6AAEpbjjRNWtSs6ArwzxfX2TtU=
2022.6.30 06:04:37#clientIp:37.111.207.229
2022.6.30 06:04:37#trans_id:v6AAEpbjjRNWtSs6ArwzxfX2TtU=
2022.6.30 06:04:41#result:RESULT>OK^RESULT_CODE>000^3DSECURE>SKIPPED^RRN>218106437803^APPROVAL_CODE>712198^CARD_NUMBER>999999*********1168^AMOUNT>112000^CARDNAME>mb account^DESCRIPTION>6MBB2106083^TRANS_DATE>2022-06-30 12:04:35 PM
2022.6.30 06:04:41#29380530060441
2022.6.30 06:04:41#29380530060441
2022.6.30 06:04:41#=================== Transaction Completed =======================
2022.6.30 06:04:44#---------------------- Complete New Transaction---------------------
2022.6.30 06:04:44#Get trans_id From Post Value:FfK4siIGst9UB7ZKSq8xOS4dMvY=
2022.6.30 06:04:44#clientIp:37.111.215.45
2022.6.30 06:04:44#trans_id:FfK4siIGst9UB7ZKSq8xOS4dMvY=
2022.6.30 06:04:47#result:RESULT>OK^RESULT_CODE>000^3DSECURE>SKIPPED^RRN>218106437811^APPROVAL_CODE>676713^CARD_NUMBER>999999*********6246^AMOUNT>82000^CARDNAME>mb account^DESCRIPTION>6BBD2004106^TRANS_DATE>2022-06-30 12:04:42 PM
2022.6.30 06:04:47#30915630060447
2022.6.30 06:04:47#=================== Transaction Completed =======================
2022.6.30 06:16:56#=================== Start New Transaction ===================
2022.6.30 06:16:56#txnrefnum:BBM2007179
2022.6.30 06:16:56#clientIp:37.111.215.45
2022.6.30 06:16:56#card type:6
2022.6.30 06:16:56#totalamount:162000
2022.6.30 06:17:04#result:TRANSACTION_ID:wGSa0S7I7Mp4m2Avi5uENWZThO0=
2022.6.30 06:17:04#Forward to DBBL Payment Gateway Page: https://ecom1.dutchbanglabank.com/ecomm2/ClientHandler?card_type=6&trans_id=wGSa0S7I7Mp4m2Avi5uENWZThO0%3D
2022.6.30 06:17:42#---------------------- Complete New Transaction---------------------
2022.6.30 06:17:42#Get trans_id From Post Value:wGSa0S7I7Mp4m2Avi5uENWZThO0=
2022.6.30 06:17:42#clientIp:37.111.215.45
2022.6.30 06:17:42#trans_id:wGSa0S7I7Mp4m2Avi5uENWZThO0=
2022.6.30 06:17:45#result:RESULT>OK^RESULT_CODE>000^3DSECURE>SKIPPED^RRN>218106438985^APPROVAL_CODE>844831^CARD_NUMBER>999999*********6246^AMOUNT>162000^CARDNAME>mb account^DESCRIPTION>6BBM2007179^TRANS_DATE>2022-06-30 12:17:41 PM
2022.6.30 06:17:45#26293430061745
2022.6.30 06:17:45#26293430061745
2022.6.30 06:17:45#=================== Transaction Completed =======================
2022.6.30 06:19:06#=================== Start New Transaction ===================
2022.6.30 06:19:06#txnrefnum:BBD2208004
2022.6.30 06:19:06#clientIp:103.204.247.18
2022.6.30 06:19:06#card type:6
2022.6.30 06:19:06#totalamount:242000
2022.6.30 06:19:12#result:TRANSACTION_ID:82sYIZkP0v8JH0XPtE9Bo4j73C4=
2022.6.30 06:19:12#Forward to DBBL Payment Gateway Page: https://ecom1.dutchbanglabank.com/ecomm2/ClientHandler?card_type=6&trans_id=82sYIZkP0v8JH0XPtE9Bo4j73C4%3D
2022.6.30 06:19:39#---------------------- Complete New Transaction---------------------
2022.6.30 06:19:39#Get trans_id From Post Value:82sYIZkP0v8JH0XPtE9Bo4j73C4=
2022.6.30 06:19:39#clientIp:103.204.247.18
2022.6.30 06:19:39#trans_id:82sYIZkP0v8JH0XPtE9Bo4j73C4=
2022.6.30 06:19:43#result:RESULT>OK^RESULT_CODE>000^3DSECURE>SKIPPED^RRN>218106439170^APPROVAL_CODE>847708^CARD_NUMBER>999999*********2298^AMOUNT>242000^CARDNAME>mb account^DESCRIPTION>6BBD2208004^TRANS_DATE>2022-06-30 12:19:38 PM
2022.6.30 06:19:43#25448930061943
2022.6.30 06:19:43#25448930061943
2022.6.30 06:19:43#25448930061943
2022.6.30 06:19:43#=================== Transaction Completed =======================
2022.6.30 06:20:31#=================== Start New Transaction ===================
2022.6.30 06:20:31#txnrefnum:MBD2004111
2022.6.30 06:20:31#clientIp:37.111.207.229
2022.6.30 06:20:31#card type:6
2022.6.30 06:20:31#totalamount:162000
2022.6.30 06:20:40#result:TRANSACTION_ID:sFp7SSVPPxFKbVgoFFApumwmLok=
2022.6.30 06:20:40#Forward to DBBL Payment Gateway Page: https://ecom1.dutchbanglabank.com/ecomm2/ClientHandler?card_type=6&trans_id=sFp7SSVPPxFKbVgoFFApumwmLok%3D
2022.6.30 06:20:58#---------------------- Complete New Transaction---------------------
2022.6.30 06:20:58#Get trans_id From Post Value:sFp7SSVPPxFKbVgoFFApumwmLok=
2022.6.30 06:20:58#clientIp:37.111.207.229
2022.6.30 06:20:58#trans_id:sFp7SSVPPxFKbVgoFFApumwmLok=
2022.6.30 06:21:01#result:RESULT>OK^RESULT_CODE>000^3DSECURE>SKIPPED^RRN>218106439282^APPROVAL_CODE>900536^CARD_NUMBER>999999*********1168^AMOUNT>162000^CARDNAME>mb account^DESCRIPTION>6MBD2004111^TRANS_DATE>2022-06-30 12:20:55 PM
2022.6.30 06:21:01#28862430062101
2022.6.30 06:21:01#=================== Transaction Completed =======================
2022.6.30 06:21:20#=================== Start New Transaction ===================
2022.6.30 06:21:20#txnrefnum:BBD2008131
2022.6.30 06:21:20#clientIp:37.111.215.45
2022.6.30 06:21:20#card type:6
2022.6.30 06:21:20#totalamount:242000
2022.6.30 06:21:31#result:TRANSACTION_ID:7juGlj7tZSjbnh1PrY3XDcBxqqM=
2022.6.30 06:21:31#Forward to DBBL Payment Gateway Page: https://ecom1.dutchbanglabank.com/ecomm2/ClientHandler?card_type=6&trans_id=7juGlj7tZSjbnh1PrY3XDcBxqqM%3D
2022.6.30 06:21:55#=================== Start New Transaction ===================
2022.6.30 06:21:55#txnrefnum:MBB2102087
2022.6.30 06:21:55#clientIp:202.134.14.153
2022.6.30 06:21:55#card type:6
2022.6.30 06:21:55#totalamount:162000
2022.6.30 06:21:56#---------------------- Complete New Transaction---------------------
2022.6.30 06:21:56#Get trans_id From Post Value:7juGlj7tZSjbnh1PrY3XDcBxqqM=
2022.6.30 06:21:56#clientIp:37.111.215.45
2022.6.30 06:21:56#trans_id:7juGlj7tZSjbnh1PrY3XDcBxqqM=
2022.6.30 06:22:03#result:RESULT>OK^RESULT_CODE>000^3DSECURE>SKIPPED^RRN>218106439351^APPROVAL_CODE>730363^CARD_NUMBER>999999*********0266^AMOUNT>242000^CARDNAME>mb account^DESCRIPTION>6BBD2008131^TRANS_DATE>2022-06-30 12:21:54 PM
2022.6.30 06:22:03#26861130062203
2022.6.30 06:22:03#26861130062203
2022.6.30 06:22:03#26861130062203
2022.6.30 06:22:03#=================== Transaction Completed =======================
2022.6.30 06:22:06#result:TRANSACTION_ID:uLSkQ32ErYashbTbfaWWO136ibo=
2022.6.30 06:22:06#Forward to DBBL Payment Gateway Page: https://ecom1.dutchbanglabank.com/ecomm2/ClientHandler?card_type=6&trans_id=uLSkQ32ErYashbTbfaWWO136ibo%3D
2022.6.30 06:22:31#---------------------- Complete New Transaction---------------------
2022.6.30 06:22:31#Get trans_id From Post Value:uLSkQ32ErYashbTbfaWWO136ibo=
2022.6.30 06:22:31#clientIp:202.134.14.153
2022.6.30 06:22:31#trans_id:uLSkQ32ErYashbTbfaWWO136ibo=
2022.6.30 06:22:35#result:RESULT>OK^RESULT_CODE>000^3DSECURE>SKIPPED^RRN>218106439399^APPROVAL_CODE>906491^CARD_NUMBER>999999*********7532^AMOUNT>162000^CARDNAME>mb account^DESCRIPTION>6MBB2102087^TRANS_DATE>2022-06-30 12:22:30 PM
2022.6.30 06:22:35#9778430062235
2022.6.30 06:22:35#9778430062235
2022.6.30 06:22:35#=================== Transaction Completed =======================
2022.6.30 06:23:11#=================== Start New Transaction ===================
2022.6.30 06:23:11#txnrefnum:BBD2008098
2022.6.30 06:23:11#clientIp:37.111.215.45
2022.6.30 06:23:11#card type:6
2022.6.30 06:23:11#totalamount:242000
2022.6.30 06:23:15#result:TRANSACTION_ID:ALBmtI4jtlnZa4oV3jvHvesMNOw=
2022.6.30 06:23:15#Forward to DBBL Payment Gateway Page: https://ecom1.dutchbanglabank.com/ecomm2/ClientHandler?card_type=6&trans_id=ALBmtI4jtlnZa4oV3jvHvesMNOw%3D
2022.6.30 06:23:36#---------------------- Complete New Transaction---------------------
2022.6.30 06:23:36#Get trans_id From Post Value:ALBmtI4jtlnZa4oV3jvHvesMNOw=
2022.6.30 06:23:36#clientIp:37.111.215.45
2022.6.30 06:23:36#trans_id:ALBmtI4jtlnZa4oV3jvHvesMNOw=
2022.6.30 06:23:40#result:RESULT>OK^RESULT_CODE>000^3DSECURE>SKIPPED^RRN>218106439488^APPROVAL_CODE>910598^CARD_NUMBER>999999*********0266^AMOUNT>242000^CARDNAME>mb account^DESCRIPTION>6BBD2008098^TRANS_DATE>2022-06-30 12:23:35 PM
2022.6.30 06:23:40#31562630062340
2022.6.30 06:23:40#31562630062340
2022.6.30 06:23:40#31562630062340
2022.6.30 06:23:40#=================== Transaction Completed =======================
2022.6.30 06:28:28#=================== Start New Transaction ===================
2022.6.30 06:28:28#txnrefnum:MBD2006393
2022.6.30 06:28:28#clientIp:37.111.207.229
2022.6.30 06:28:28#card type:6
2022.6.30 06:28:28#totalamount:402000
2022.6.30 06:28:39#result:TRANSACTION_ID:rSETY52SwVTvtuHxaojRrn9jTbQ=
2022.6.30 06:28:39#Forward to DBBL Payment Gateway Page: https://ecom1.dutchbanglabank.com/ecomm2/ClientHandler?card_type=6&trans_id=rSETY52SwVTvtuHxaojRrn9jTbQ%3D
2022.6.30 06:31:19#---------------------- Complete New Transaction---------------------
2022.6.30 06:31:19#Get trans_id From Post Value:rSETY52SwVTvtuHxaojRrn9jTbQ=
2022.6.30 06:31:19#clientIp:37.111.207.229
2022.6.30 06:31:19#trans_id:rSETY52SwVTvtuHxaojRrn9jTbQ=
2022.6.30 06:31:22#result:RESULT>OK^RESULT_CODE>000^3DSECURE>SKIPPED^RRN>218106440210^APPROVAL_CODE>941663^CARD_NUMBER>999999*********1168^AMOUNT>402000^CARDNAME>mb account^DESCRIPTION>6MBD2006393^TRANS_DATE>2022-06-30 12:31:17 PM
2022.6.30 06:31:22#18420630063122
2022.6.30 06:31:22#18420630063122
2022.6.30 06:31:22#18420630063122
2022.6.30 06:31:22#18420630063122
2022.6.30 06:31:22#18420630063122
2022.6.30 06:31:22#=================== Transaction Completed =======================
2022.6.30 06:32:42#=================== Start New Transaction ===================
2022.6.30 06:32:42#txnrefnum:MBD2006243
2022.6.30 06:32:42#clientIp:37.111.207.229
2022.6.30 06:32:42#card type:6
2022.6.30 06:32:42#totalamount:402000
2022.6.30 06:32:51#result:TRANSACTION_ID:spaPySQom0fWSgaNXN5I2FPlXLA=
2022.6.30 06:32:51#Forward to DBBL Payment Gateway Page: https://ecom1.dutchbanglabank.com/ecomm2/ClientHandler?card_type=6&trans_id=spaPySQom0fWSgaNXN5I2FPlXLA%3D
2022.6.30 06:33:14#---------------------- Complete New Transaction---------------------
2022.6.30 06:33:14#Get trans_id From Post Value:spaPySQom0fWSgaNXN5I2FPlXLA=
2022.6.30 06:33:14#clientIp:37.111.207.229
2022.6.30 06:33:14#trans_id:spaPySQom0fWSgaNXN5I2FPlXLA=
2022.6.30 06:33:17#result:RESULT>FAILED^RESULT_CODE>116^3DSECURE>SKIPPED^RRN>218106440368^APPROVAL_CODE>0^CARD_NUMBER>999999*********1168^AMOUNT>402000^CARDNAME>mb account^DESCRIPTION>6MBD2006243^TRANS_DATE>2022-06-30 12:33:12 PM
2022.6.30 06:33:17#Not Sufficient Amount
2022.6.30 06:34:30#=================== Start New Transaction ===================
2022.6.30 06:34:30#txnrefnum:MBD2006243
2022.6.30 06:34:30#clientIp:37.111.207.229
2022.6.30 06:34:30#card type:6
2022.6.30 06:34:30#totalamount:402000
2022.6.30 06:34:48#result:TRANSACTION_ID:701QB3pSluVIc3eB6omzRswAkPU=
2022.6.30 06:34:49#Forward to DBBL Payment Gateway Page: https://ecom1.dutchbanglabank.com/ecomm2/ClientHandler?card_type=6&trans_id=701QB3pSluVIc3eB6omzRswAkPU%3D
2022.6.30 06:35:29#---------------------- Complete New Transaction---------------------
2022.6.30 06:35:29#Get trans_id From Post Value:701QB3pSluVIc3eB6omzRswAkPU=
2022.6.30 06:35:29#clientIp:37.111.207.229
2022.6.30 06:35:29#trans_id:701QB3pSluVIc3eB6omzRswAkPU=
2022.6.30 06:35:35#result:RESULT>OK^RESULT_CODE>000^3DSECURE>SKIPPED^RRN>218106440556^APPROVAL_CODE>996870^CARD_NUMBER>999999*********1167^AMOUNT>402000^CARDNAME>mb account^DESCRIPTION>6MBD2006243^TRANS_DATE>2022-06-30 12:35:28 PM
2022.6.30 06:35:35#18195030063535
2022.6.30 06:35:35#18195030063535
2022.6.30 06:35:35#18195030063535
2022.6.30 06:35:35#18195030063535
2022.6.30 06:35:35#18195030063535
2022.6.30 06:35:35#=================== Transaction Completed =======================
2022.6.30 06:43:08#=================== Start New Transaction ===================
2022.6.30 06:43:08#txnrefnum:MBD2201661
2022.6.30 06:43:08#clientIp:37.111.207.229
2022.6.30 06:43:08#card type:6
2022.6.30 06:43:08#totalamount:82000
2022.6.30 06:43:21#result:TRANSACTION_ID:7OYSni4PJ3g4SBcJDjqs7aROfLc=
2022.6.30 06:43:21#Forward to DBBL Payment Gateway Page: https://ecom1.dutchbanglabank.com/ecomm2/ClientHandler?card_type=6&trans_id=7OYSni4PJ3g4SBcJDjqs7aROfLc%3D
2022.6.30 06:43:57#---------------------- Complete New Transaction---------------------
2022.6.30 06:43:57#Get trans_id From Post Value:7OYSni4PJ3g4SBcJDjqs7aROfLc=
2022.6.30 06:43:57#clientIp:37.111.207.229
2022.6.30 06:43:57#trans_id:7OYSni4PJ3g4SBcJDjqs7aROfLc=
2022.6.30 06:44:02#result:RESULT>OK^RESULT_CODE>000^3DSECURE>SKIPPED^RRN>218106441232^APPROVAL_CODE>878344^CARD_NUMBER>999999*********1167^AMOUNT>82000^CARDNAME>mb account^DESCRIPTION>6MBD2201661^TRANS_DATE>2022-06-30 12:43:54 PM
2022.6.30 06:44:02#6729830064402
2022.6.30 06:44:02#=================== Transaction Completed =======================
2022.6.30 07:56:09#=================== Start New Transaction ===================
2022.6.30 07:56:09#txnrefnum:MBB2101217
2022.6.30 07:56:09#clientIp:37.111.207.229
2022.6.30 07:56:09#card type:6
2022.6.30 07:56:09#totalamount:942000
2022.6.30 07:56:16#result:TRANSACTION_ID:1lT9xWV7BNR8rUuBQc4OsHyDfZI=
2022.6.30 07:56:16#Forward to DBBL Payment Gateway Page: https://ecom1.dutchbanglabank.com/ecomm2/ClientHandler?card_type=6&trans_id=1lT9xWV7BNR8rUuBQc4OsHyDfZI%3D
2022.6.30 07:57:31#---------------------- Complete New Transaction---------------------
2022.6.30 07:57:31#Get trans_id From Post Value:1lT9xWV7BNR8rUuBQc4OsHyDfZI=
2022.6.30 07:57:31#clientIp:37.111.207.229
2022.6.30 07:57:31#trans_id:1lT9xWV7BNR8rUuBQc4OsHyDfZI=
2022.6.30 07:57:34#result:RESULT>OK^RESULT_CODE>000^3DSECURE>SKIPPED^RRN>218107447503^APPROVAL_CODE>395714^CARD_NUMBER>999999*********1167^AMOUNT>942000^CARDNAME>mb account^DESCRIPTION>6MBB2101217^TRANS_DATE>2022-06-30 01:57:30 PM
2022.6.30 07:57:34#8018430075734
2022.6.30 07:57:34#8018430075734
2022.6.30 07:57:34#8018430075734
2022.6.30 07:57:34#8018430075734
2022.6.30 07:57:34#8018430075734
2022.6.30 07:57:34#8018430075734
2022.6.30 07:57:34#8018430075734
2022.6.30 07:57:34#=================== Transaction Completed =======================
2022.6.30 08:22:58#=================== Start New Transaction ===================
2022.6.30 08:22:58#txnrefnum:MSC22111129
2022.6.30 08:22:58#clientIp:202.134.14.153
2022.6.30 08:22:58#card type:6
2022.6.30 08:22:58#totalamount:742000
2022.6.30 08:23:04#result:TRANSACTION_ID:enJy6Vnj4yhysAkPkmCeYshQRLo=
2022.6.30 08:23:04#Forward to DBBL Payment Gateway Page: https://ecom1.dutchbanglabank.com/ecomm2/ClientHandler?card_type=6&trans_id=enJy6Vnj4yhysAkPkmCeYshQRLo%3D
2022.6.30 08:23:33#---------------------- Complete New Transaction---------------------
2022.6.30 08:23:33#Get trans_id From Post Value:enJy6Vnj4yhysAkPkmCeYshQRLo=
2022.6.30 08:23:33#clientIp:202.134.14.153
2022.6.30 08:23:33#trans_id:enJy6Vnj4yhysAkPkmCeYshQRLo=
2022.6.30 08:23:37#result:RESULT>OK^RESULT_CODE>000^3DSECURE>SKIPPED^RRN>218108449759^APPROVAL_CODE>568317^CARD_NUMBER>999999*********7532^AMOUNT>742000^CARDNAME>mb account^DESCRIPTION>6MSC22111129^TRANS_DATE>2022-06-30 02:23:32 PM
2022.6.30 08:23:37#274130082337
2022.6.30 08:23:37#274130082337
2022.6.30 08:23:37#274130082337
2022.6.30 08:23:37#274130082337
2022.6.30 08:23:37#274130082337
2022.6.30 08:23:37#=================== Transaction Completed =======================
2022.6.30 12:33:48#=================== Start New Transaction ===================
2022.6.30 12:33:48#txnrefnum:MSC22111203
2022.6.30 12:33:48#clientIp:103.109.237.177
2022.6.30 12:33:48#card type:6
2022.6.30 12:33:48#totalamount:262000
2022.6.30 12:34:10#result:TRANSACTION_ID:HrltxchlllqOPUNGugUe95z36zM=
2022.6.30 12:34:10#Forward to DBBL Payment Gateway Page: https://ecom1.dutchbanglabank.com/ecomm2/ClientHandler?card_type=6&trans_id=HrltxchlllqOPUNGugUe95z36zM%3D
2022.6.30 12:35:59#---------------------- Complete New Transaction---------------------
2022.6.30 12:35:59#Get trans_id From Post Value:HrltxchlllqOPUNGugUe95z36zM=
2022.6.30 12:35:59#clientIp:103.109.237.177
2022.6.30 12:35:59#trans_id:HrltxchlllqOPUNGugUe95z36zM=
2022.6.30 12:36:08#result:RESULT>OK^RESULT_CODE>000^3DSECURE>SKIPPED^RRN>218112469526^APPROVAL_CODE>761901^CARD_NUMBER>999999*********5634^AMOUNT>262000^CARDNAME>mb account^DESCRIPTION>6MSC22111203^TRANS_DATE>2022-06-30 06:35:58 PM
2022.6.30 12:36:08#1734830123608
2022.6.30 12:36:08#1734830123608
2022.6.30 12:36:08#=================== Transaction Completed =======================
2022.6.30 14:06:43#=================== Start New Transaction ===================
2022.6.30 14:06:43#txnrefnum:MSC22110073
2022.6.30 14:06:43#clientIp:103.216.57.46
2022.6.30 14:06:43#card type:6
2022.6.30 14:06:43#totalamount:2000
2022.6.30 14:06:43#=================== Start New Transaction ===================
2022.6.30 14:06:43#txnrefnum:MSC22110073
2022.6.30 14:06:43#clientIp:103.216.57.46
2022.6.30 14:06:43#card type:6
2022.6.30 14:06:43#totalamount:2000
2022.6.30 14:06:45#=================== Start New Transaction ===================
2022.6.30 14:06:45#txnrefnum:MSC22110073
2022.6.30 14:06:45#clientIp:103.216.57.46
2022.6.30 14:06:45#card type:6
2022.6.30 14:06:45#totalamount:2000
2022.6.30 14:06:59#result:TRANSACTION_ID:WijLKDzaSJu9rjLqZTihlm65XoM=
2022.6.30 14:06:59#Forward to DBBL Payment Gateway Page: https://ecom1.dutchbanglabank.com/ecomm2/ClientHandler?card_type=6&trans_id=WijLKDzaSJu9rjLqZTihlm65XoM%3D
2022.6.30 14:07:09#result:TRANSACTION_ID:Yh9CAa52HzZAaTHjSCJwfHQQD9M=
2022.6.30 14:07:09#Forward to DBBL Payment Gateway Page: https://ecom1.dutchbanglabank.com/ecomm2/ClientHandler?card_type=6&trans_id=Yh9CAa52HzZAaTHjSCJwfHQQD9M%3D
2022.6.30 14:07:09#result:TRANSACTION_ID:HVaGxa8bX7iLWSdcV4Uwj7t4i28=
2022.6.30 14:07:09#Forward to DBBL Payment Gateway Page: https://ecom1.dutchbanglabank.com/ecomm2/ClientHandler?card_type=6&trans_id=HVaGxa8bX7iLWSdcV4Uwj7t4i28%3D
2022.6.30 14:31:00#=================== Start New Transaction ===================
2022.6.30 14:31:00#txnrefnum:MBM2207183
2022.6.30 14:31:00#clientIp:37.111.212.163
2022.6.30 14:31:00#card type:6
2022.6.30 14:31:00#totalamount:162000
2022.6.30 14:31:05#=================== Start New Transaction ===================
2022.6.30 14:31:05#txnrefnum:MBM2207183
2022.6.30 14:31:05#clientIp:37.111.212.163
2022.6.30 14:31:05#card type:6
2022.6.30 14:31:05#totalamount:162000
2022.6.30 14:31:21#result:TRANSACTION_ID:q9mWK3SxeCUF9YYmC4z45S9uNa4=
2022.6.30 14:31:21#Forward to DBBL Payment Gateway Page: https://ecom1.dutchbanglabank.com/ecomm2/ClientHandler?card_type=6&trans_id=q9mWK3SxeCUF9YYmC4z45S9uNa4%3D
2022.6.30 14:31:21#=================== Start New Transaction ===================
2022.6.30 14:31:21#txnrefnum:MBM2207183
2022.6.30 14:31:21#clientIp:37.111.212.163
2022.6.30 14:31:21#card type:6
2022.6.30 14:31:21#totalamount:162000
2022.6.30 14:31:26#result:TRANSACTION_ID:7wVniGQ2uxYGtvc3oADGERddSv4=
2022.6.30 14:31:26#Forward to DBBL Payment Gateway Page: https://ecom1.dutchbanglabank.com/ecomm2/ClientHandler?card_type=6&trans_id=7wVniGQ2uxYGtvc3oADGERddSv4%3D
2022.6.30 14:31:26#=================== Start New Transaction ===================
2022.6.30 14:31:26#txnrefnum:MBM2207183
2022.6.30 14:31:26#clientIp:37.111.212.163
2022.6.30 14:31:26#card type:6
2022.6.30 14:31:26#totalamount:162000
2022.6.30 14:31:43#result:TRANSACTION_ID:EBRdPOqyjeZ9mWABTPh8d67oWhg=
2022.6.30 14:31:43#Forward to DBBL Payment Gateway Page: https://ecom1.dutchbanglabank.com/ecomm2/ClientHandler?card_type=6&trans_id=EBRdPOqyjeZ9mWABTPh8d67oWhg%3D
2022.6.30 14:31:47#=================== Start New Transaction ===================
2022.6.30 14:31:47#txnrefnum:MBM2207183
2022.6.30 14:31:47#clientIp:37.111.212.163
2022.6.30 14:31:47#card type:6
2022.6.30 14:31:47#totalamount:82000
2022.6.30 14:31:50#result:TRANSACTION_ID:kGSI2v01MfazGQXlVARtjPm2JJE=
2022.6.30 14:31:50#Forward to DBBL Payment Gateway Page: https://ecom1.dutchbanglabank.com/ecomm2/ClientHandler?card_type=6&trans_id=kGSI2v01MfazGQXlVARtjPm2JJE%3D
2022.6.30 14:31:52#=================== Start New Transaction ===================
2022.6.30 14:31:52#txnrefnum:MBM2207183
2022.6.30 14:31:52#clientIp:37.111.212.163
2022.6.30 14:31:52#card type:6
2022.6.30 14:31:52#totalamount:82000
2022.6.30 14:32:11#result:TRANSACTION_ID:IvQMxep8EOKio3Ec0BKY5VnLswM=
2022.6.30 14:32:11#Forward to DBBL Payment Gateway Page: https://ecom1.dutchbanglabank.com/ecomm2/ClientHandler?card_type=6&trans_id=IvQMxep8EOKio3Ec0BKY5VnLswM%3D
2022.6.30 14:32:11#=================== Start New Transaction ===================
2022.6.30 14:32:11#txnrefnum:MBM2207183
2022.6.30 14:32:11#clientIp:37.111.212.163
2022.6.30 14:32:11#card type:6
2022.6.30 14:32:11#totalamount:82000
2022.6.30 14:32:27#result:TRANSACTION_ID:zFm9ZEJKABBITP6c486ffL1fZ9Q=
2022.6.30 14:32:27#Forward to DBBL Payment Gateway Page: https://ecom1.dutchbanglabank.com/ecomm2/ClientHandler?card_type=6&trans_id=zFm9ZEJKABBITP6c486ffL1fZ9Q%3D
2022.6.30 14:32:28#=================== Start New Transaction ===================
2022.6.30 14:32:28#txnrefnum:MBM2207183
2022.6.30 14:32:28#clientIp:37.111.212.163
2022.6.30 14:32:28#card type:6
2022.6.30 14:32:28#totalamount:82000
2022.6.30 14:32:28#result:TRANSACTION_ID:EaFOmuH8cmKVTqeTx0QxtkFleyc=
2022.6.30 14:32:28#Forward to DBBL Payment Gateway Page: https://ecom1.dutchbanglabank.com/ecomm2/ClientHandler?card_type=6&trans_id=EaFOmuH8cmKVTqeTx0QxtkFleyc%3D
2022.6.30 14:32:54#=================== Start New Transaction ===================
2022.6.30 14:32:54#txnrefnum:MBM2207183
2022.6.30 14:32:54#clientIp:37.111.212.163
2022.6.30 14:32:54#card type:6
2022.6.30 14:32:54#totalamount:82000
2022.6.30 14:32:55#result:TRANSACTION_ID:2tf3tI1CXbShLDBAvJpMpM1QS8w=
2022.6.30 14:32:55#Forward to DBBL Payment Gateway Page: https://ecom1.dutchbanglabank.com/ecomm2/ClientHandler?card_type=6&trans_id=2tf3tI1CXbShLDBAvJpMpM1QS8w%3D
2022.6.30 14:33:11#result:TRANSACTION_ID:SUMvmmNUWrHTMcRr2uh7bDhpNck=
2022.6.30 14:33:11#Forward to DBBL Payment Gateway Page: https://ecom1.dutchbanglabank.com/ecomm2/ClientHandler?card_type=6&trans_id=SUMvmmNUWrHTMcRr2uh7bDhpNck%3D
2022.6.30 14:35:54#---------------------- Complete New Transaction---------------------
2022.6.30 14:35:54#Get trans_id From Post Value:SUMvmmNUWrHTMcRr2uh7bDhpNck=
2022.6.30 14:35:54#clientIp:37.111.212.163
2022.6.30 14:35:54#trans_id:SUMvmmNUWrHTMcRr2uh7bDhpNck=
2022.6.30 14:36:07#result:RESULT>OK^RESULT_CODE>000^3DSECURE>SKIPPED^RRN>218114479506^APPROVAL_CODE>724599^CARD_NUMBER>999999*********3101^AMOUNT>82000^CARDNAME>mb account^DESCRIPTION>6MBM2207183^TRANS_DATE>2022-06-30 08:35:51 PM
2022.6.30 14:36:07#16999330023607
2022.6.30 14:36:07#=================== Transaction Completed =======================
2022.6.30 15:41:24#=================== Start New Transaction ===================
2022.6.30 15:41:24#txnrefnum:MBD2006444
2022.6.30 15:41:24#clientIp:202.134.8.143
2022.6.30 15:41:24#card type:6
2022.6.30 15:41:24#totalamount:82000
2022.6.30 15:41:33#result:TRANSACTION_ID:AnXUqOF2w9K8iDRktAz39pmgF4I=
2022.6.30 15:41:33#Forward to DBBL Payment Gateway Page: https://ecom1.dutchbanglabank.com/ecomm2/ClientHandler?card_type=6&trans_id=AnXUqOF2w9K8iDRktAz39pmgF4I%3D
2022.6.30 15:47:50#=================== Start New Transaction ===================
2022.6.30 15:47:50#txnrefnum:MBD2006444
2022.6.30 15:47:50#clientIp:103.200.37.212
2022.6.30 15:47:50#card type:6
2022.6.30 15:47:50#totalamount:82000
2022.6.30 15:47:55#=================== Start New Transaction ===================
2022.6.30 15:47:55#txnrefnum:MBD2006444
2022.6.30 15:47:55#clientIp:103.200.37.212
2022.6.30 15:47:55#card type:6
2022.6.30 15:47:55#totalamount:82000
2022.6.30 15:48:07#result:TRANSACTION_ID:t19CcGBJiJ0jaUdSv1dSDpSPhls=
2022.6.30 15:48:07#Forward to DBBL Payment Gateway Page: https://ecom1.dutchbanglabank.com/ecomm2/ClientHandler?card_type=6&trans_id=t19CcGBJiJ0jaUdSv1dSDpSPhls%3D
2022.6.30 15:48:11#result:TRANSACTION_ID:qy6tdPJAQA2ftPoUahIkumvp3a0=
2022.6.30 15:48:11#Forward to DBBL Payment Gateway Page: https://ecom1.dutchbanglabank.com/ecomm2/ClientHandler?card_type=6&trans_id=qy6tdPJAQA2ftPoUahIkumvp3a0%3D
2022.6.30 15:48:55#=================== Start New Transaction ===================
2022.6.30 15:48:55#txnrefnum:MBD2006444
2022.6.30 15:48:55#clientIp:103.200.37.212
2022.6.30 15:48:55#card type:6
2022.6.30 15:48:55#totalamount:82000
2022.6.30 15:49:05#result:TRANSACTION_ID:OTdZZGst1OPtoFdvFjwyjdW6Bvg=
2022.6.30 15:49:05#Forward to DBBL Payment Gateway Page: https://ecom1.dutchbanglabank.com/ecomm2/ClientHandler?card_type=6&trans_id=OTdZZGst1OPtoFdvFjwyjdW6Bvg%3D
2022.6.30 15:51:27#---------------------- Complete New Transaction---------------------
2022.6.30 15:51:27#Get trans_id From Post Value:OTdZZGst1OPtoFdvFjwyjdW6Bvg=
2022.6.30 15:51:27#clientIp:103.200.37.212
2022.6.30 15:51:27#trans_id:OTdZZGst1OPtoFdvFjwyjdW6Bvg=
2022.6.30 15:51:34#result:RESULT>OK^RESULT_CODE>000^3DSECURE>SKIPPED^RRN>218115485404^APPROVAL_CODE>350227^CARD_NUMBER>999999*********2755^AMOUNT>82000^CARDNAME>mb account^DESCRIPTION>6MBD2006444^TRANS_DATE>2022-06-30 09:51:26 PM
2022.6.30 15:51:34#29803730035134
2022.6.30 15:51:34#=================== Transaction Completed =======================