
2023.5.4 04:43:36#=================== Start New Transaction ===================
2023.5.4 04:43:36#txnrefnum:MBD2202032
2023.5.4 04:43:36#clientIp:119.30.46.194
2023.5.4 04:43:36#card type:6
2023.5.4 04:43:36#totalamount:302000
2023.5.4 04:43:39#result:TRANSACTION_ID:szsE9kCI2udjusV6WHTJmLwY4iQ=
2023.5.4 04:43:39#Forward to DBBL Payment Gateway Page: https://ecom1.dutchbanglabank.com/ecomm2/ClientHandler?card_type=6&trans_id=szsE9kCI2udjusV6WHTJmLwY4iQ%3D
2023.5.4 05:00:45#=================== Start New Transaction ===================
2023.5.4 05:00:45#txnrefnum:MBD2202032
2023.5.4 05:00:45#clientIp:119.30.46.194
2023.5.4 05:00:45#card type:6
2023.5.4 05:00:45#totalamount:302000
2023.5.4 05:00:47#result:TRANSACTION_ID:n73dXBySBxWHUqUb4na7sGND93E=
2023.5.4 05:00:48#Forward to DBBL Payment Gateway Page: https://ecom1.dutchbanglabank.com/ecomm2/ClientHandler?card_type=6&trans_id=n73dXBySBxWHUqUb4na7sGND93E%3D
2023.5.4 05:01:47#=================== Start New Transaction ===================
2023.5.4 05:01:47#txnrefnum:MBD2202032
2023.5.4 05:01:47#clientIp:119.30.46.194
2023.5.4 05:01:47#card type:6
2023.5.4 05:01:47#totalamount:302000
2023.5.4 05:01:50#result:TRANSACTION_ID:J2fLSDggw3hAynU0YwG00fDsYZk=
2023.5.4 05:01:50#Forward to DBBL Payment Gateway Page: https://ecom1.dutchbanglabank.com/ecomm2/ClientHandler?card_type=6&trans_id=J2fLSDggw3hAynU0YwG00fDsYZk%3D
2023.5.4 05:02:41#---------------------- Complete New Transaction---------------------
2023.5.4 05:02:41#Get trans_id From Post Value:J2fLSDggw3hAynU0YwG00fDsYZk=
2023.5.4 05:02:42#clientIp:119.30.46.194
2023.5.4 05:02:42#trans_id:J2fLSDggw3hAynU0YwG00fDsYZk=
2023.5.4 05:02:44#result:RESULT>OK^RESULT_CODE>000^3DSECURE>SKIPPED^RRN>312405800449^APPROVAL_CODE>575452^CARD_NUMBER>999999*********0791^AMOUNT>302000^CARDNAME>mb account^DESCRIPTION>6MBD2202032^TRANS_DATE>2023-05-04 11:02:40 AM
2023.5.4 05:02:44#51016504050244
2023.5.4 05:02:44#51016504050244
2023.5.4 05:02:44#51016504050244
2023.5.4 05:02:44#51016504050244
2023.5.4 05:02:44#51016504050244
2023.5.4 05:02:44#51016504050244
2023.5.4 05:02:44#=================== Transaction Completed =======================
2023.5.4 05:04:34#=================== Start New Transaction ===================
2023.5.4 05:04:34#txnrefnum:MBD2002148
2023.5.4 05:04:34#clientIp:119.30.46.194
2023.5.4 05:04:34#card type:6
2023.5.4 05:04:34#totalamount:302000
2023.5.4 05:04:37#result:TRANSACTION_ID:ESuvV1kJch526jLzcdQtmCaPuH8=
2023.5.4 05:04:37#Forward to DBBL Payment Gateway Page: https://ecom1.dutchbanglabank.com/ecomm2/ClientHandler?card_type=6&trans_id=ESuvV1kJch526jLzcdQtmCaPuH8%3D
2023.5.4 05:05:06#---------------------- Complete New Transaction---------------------
2023.5.4 05:05:06#Get trans_id From Post Value:ESuvV1kJch526jLzcdQtmCaPuH8=
2023.5.4 05:05:06#clientIp:119.30.46.194
2023.5.4 05:05:06#trans_id:ESuvV1kJch526jLzcdQtmCaPuH8=
2023.5.4 05:05:08#result:RESULT>OK^RESULT_CODE>000^3DSECURE>SKIPPED^RRN>312405800610^APPROVAL_CODE>581621^CARD_NUMBER>999999*********0791^AMOUNT>302000^CARDNAME>mb account^DESCRIPTION>6MBD2002148^TRANS_DATE>2023-05-04 11:05:04 AM
2023.5.4 05:05:08#47687704050508
2023.5.4 05:05:08#47687704050508
2023.5.4 05:05:08#47687704050508
2023.5.4 05:05:08#47687704050508
2023.5.4 05:05:08#47687704050508
2023.5.4 05:05:08#47687704050508
2023.5.4 05:05:08#=================== Transaction Completed =======================
2023.5.4 05:18:55#=================== Start New Transaction ===================
2023.5.4 05:18:55#txnrefnum:BBM2004056
2023.5.4 05:18:55#clientIp:114.130.156.82
2023.5.4 05:18:55#card type:6
2023.5.4 05:18:55#totalamount:402000
2023.5.4 05:18:58#result:TRANSACTION_ID:r7lRZzYPvKZbCtSJQIPnl2bU53c=
2023.5.4 05:18:58#Forward to DBBL Payment Gateway Page: https://ecom1.dutchbanglabank.com/ecomm2/ClientHandler?card_type=6&trans_id=r7lRZzYPvKZbCtSJQIPnl2bU53c%3D
2023.5.4 05:19:17#---------------------- Complete New Transaction---------------------
2023.5.4 05:19:17#Get trans_id From Post Value:r7lRZzYPvKZbCtSJQIPnl2bU53c=
2023.5.4 05:19:17#clientIp:114.130.156.82
2023.5.4 05:19:17#trans_id:r7lRZzYPvKZbCtSJQIPnl2bU53c=
2023.5.4 05:19:19#result:RESULT>OK^RESULT_CODE>000^3DSECURE>SKIPPED^RRN>312405801651^APPROVAL_CODE>668746^CARD_NUMBER>999999*********6175^AMOUNT>402000^CARDNAME>mb account^DESCRIPTION>6BBM2004056^TRANS_DATE>2023-05-04 11:19:16 AM
2023.5.4 05:19:19#42986104051919
2023.5.4 05:19:19#42986104051919
2023.5.4 05:19:19#42986104051919
2023.5.4 05:19:19#42986104051919
2023.5.4 05:19:19#42986104051919
2023.5.4 05:19:19#42986104051919
2023.5.4 05:19:19#42986104051919
2023.5.4 05:19:19#42986104051919
2023.5.4 05:19:19#=================== Transaction Completed =======================
2023.5.4 05:27:02#=================== Start New Transaction ===================
2023.5.4 05:27:02#txnrefnum:MBD2002161
2023.5.4 05:27:02#clientIp:202.134.14.144
2023.5.4 05:27:02#card type:6
2023.5.4 05:27:02#totalamount:302000
2023.5.4 05:27:05#result:TRANSACTION_ID:JO5xlAwFDQ93AYCyjlzEd5OjsUk=
2023.5.4 05:27:05#Forward to DBBL Payment Gateway Page: https://ecom1.dutchbanglabank.com/ecomm2/ClientHandler?card_type=6&trans_id=JO5xlAwFDQ93AYCyjlzEd5OjsUk%3D
2023.5.4 05:27:27#---------------------- Complete New Transaction---------------------
2023.5.4 05:27:27#Get trans_id From Post Value:JO5xlAwFDQ93AYCyjlzEd5OjsUk=
2023.5.4 05:27:27#clientIp:202.134.14.144
2023.5.4 05:27:27#trans_id:JO5xlAwFDQ93AYCyjlzEd5OjsUk=
2023.5.4 05:27:29#result:RESULT>OK^RESULT_CODE>000^3DSECURE>SKIPPED^RRN>312405802278^APPROVAL_CODE>690339^CARD_NUMBER>999999*********7532^AMOUNT>302000^CARDNAME>mb account^DESCRIPTION>6MBD2002161^TRANS_DATE>2023-05-04 11:27:26 AM
2023.5.4 05:27:29#47710504052729
2023.5.4 05:27:29#47710504052729
2023.5.4 05:27:29#47710504052729
2023.5.4 05:27:29#47710504052729
2023.5.4 05:27:29#47710504052729
2023.5.4 05:27:30#47710504052729
2023.5.4 05:27:30#=================== Transaction Completed =======================
2023.5.4 05:55:45#=================== Start New Transaction ===================
2023.5.4 05:55:45#txnrefnum:MBD2209030
2023.5.4 05:55:45#clientIp:103.168.207.85
2023.5.4 05:55:45#card type:6
2023.5.4 05:55:45#totalamount:302000
2023.5.4 05:55:48#result:TRANSACTION_ID:VfR16eGfDeuTqkjKKvhhmugmfFU=
2023.5.4 05:55:48#Forward to DBBL Payment Gateway Page: https://ecom1.dutchbanglabank.com/ecomm2/ClientHandler?card_type=6&trans_id=VfR16eGfDeuTqkjKKvhhmugmfFU%3D
2023.5.4 05:56:47#---------------------- Complete New Transaction---------------------
2023.5.4 05:56:47#Get trans_id From Post Value:VfR16eGfDeuTqkjKKvhhmugmfFU=
2023.5.4 05:56:47#clientIp:103.168.207.85
2023.5.4 05:56:47#trans_id:VfR16eGfDeuTqkjKKvhhmugmfFU=
2023.5.4 05:56:49#result:RESULT>OK^RESULT_CODE>000^3DSECURE>SKIPPED^RRN>312405804657^APPROVAL_CODE>865233^CARD_NUMBER>999999*********0436^AMOUNT>302000^CARDNAME>mb account^DESCRIPTION>6MBD2209030^TRANS_DATE>2023-05-04 11:56:46 AM
2023.5.4 05:56:49#38847304055649
2023.5.4 05:56:49#38847304055649
2023.5.4 05:56:49#38847304055649
2023.5.4 05:56:49#38847304055649
2023.5.4 05:56:49#38847304055649
2023.5.4 05:56:49#38847304055649
2023.5.4 05:56:49#=================== Transaction Completed =======================
2023.5.4 06:06:28#=================== Start New Transaction ===================
2023.5.4 06:06:28#txnrefnum:MBM2007251
2023.5.4 06:06:28#clientIp:202.134.14.144
2023.5.4 06:06:28#card type:6
2023.5.4 06:06:28#totalamount:402000
2023.5.4 06:06:30#result:TRANSACTION_ID:nOLrIUmMiwsWDhbppgnZNYNklOY=
2023.5.4 06:06:31#Forward to DBBL Payment Gateway Page: https://ecom1.dutchbanglabank.com/ecomm2/ClientHandler?card_type=6&trans_id=nOLrIUmMiwsWDhbppgnZNYNklOY%3D
2023.5.4 06:07:08#---------------------- Complete New Transaction---------------------
2023.5.4 06:07:08#Get trans_id From Post Value:nOLrIUmMiwsWDhbppgnZNYNklOY=
2023.5.4 06:07:08#clientIp:202.134.14.144
2023.5.4 06:07:08#trans_id:nOLrIUmMiwsWDhbppgnZNYNklOY=
2023.5.4 06:07:09#result:RESULT>OK^RESULT_CODE>000^3DSECURE>SKIPPED^RRN>312406805489^APPROVAL_CODE>908647^CARD_NUMBER>999999*********7532^AMOUNT>402000^CARDNAME>mb account^DESCRIPTION>6MBM2007251^TRANS_DATE>2023-05-04 12:07:06 PM
2023.5.4 06:07:09#30101404060709
2023.5.4 06:07:10#30101404060709
2023.5.4 06:07:10#30101404060709
2023.5.4 06:07:10#30101404060709
2023.5.4 06:07:10#30101404060709
2023.5.4 06:07:10#30101404060709
2023.5.4 06:07:10#30101404060709
2023.5.4 06:07:10#30101404060709
2023.5.4 06:07:10#=================== Transaction Completed =======================
2023.5.4 06:37:15#=================== Start New Transaction ===================
2023.5.4 06:37:15#txnrefnum:MBM2002050
2023.5.4 06:37:15#clientIp:103.67.156.152
2023.5.4 06:37:15#card type:6
2023.5.4 06:37:15#totalamount:202000
2023.5.4 06:37:18#result:TRANSACTION_ID:tW6yoHVDJaCl3kpYLy8T11vPBwc=
2023.5.4 06:37:18#Forward to DBBL Payment Gateway Page: https://ecom1.dutchbanglabank.com/ecomm2/ClientHandler?card_type=6&trans_id=tW6yoHVDJaCl3kpYLy8T11vPBwc%3D
2023.5.4 06:38:35#---------------------- Complete New Transaction---------------------
2023.5.4 06:38:35#Get trans_id From Post Value:tW6yoHVDJaCl3kpYLy8T11vPBwc=
2023.5.4 06:38:35#clientIp:103.67.156.152
2023.5.4 06:38:35#trans_id:tW6yoHVDJaCl3kpYLy8T11vPBwc=
2023.5.4 06:38:37#result:RESULT>OK^RESULT_CODE>000^3DSECURE>SKIPPED^RRN>312406808412^APPROVAL_CODE>068477^CARD_NUMBER>999999*********0716^AMOUNT>202000^CARDNAME>mb account^DESCRIPTION>6MBM2002050^TRANS_DATE>2023-05-04 12:38:34 PM
2023.5.4 06:38:37#47862004063837
2023.5.4 06:38:37#47862004063837
2023.5.4 06:38:37#47862004063837
2023.5.4 06:38:37#47862004063837
2023.5.4 06:38:37#=================== Transaction Completed =======================
2023.5.4 06:41:19#=================== Start New Transaction ===================
2023.5.4 06:41:19#txnrefnum:MBM2201638
2023.5.4 06:41:19#clientIp:103.67.156.152
2023.5.4 06:41:19#card type:6
2023.5.4 06:41:19#totalamount:202000
2023.5.4 06:41:22#result:TRANSACTION_ID:WLFT3NWa9AF4JV0UKkPg9mQL2Js=
2023.5.4 06:41:22#Forward to DBBL Payment Gateway Page: https://ecom1.dutchbanglabank.com/ecomm2/ClientHandler?card_type=6&trans_id=WLFT3NWa9AF4JV0UKkPg9mQL2Js%3D
2023.5.4 06:42:20#---------------------- Complete New Transaction---------------------
2023.5.4 06:42:20#Get trans_id From Post Value:WLFT3NWa9AF4JV0UKkPg9mQL2Js=
2023.5.4 06:42:20#clientIp:103.67.156.152
2023.5.4 06:42:20#trans_id:WLFT3NWa9AF4JV0UKkPg9mQL2Js=
2023.5.4 06:42:21#result:RESULT>OK^RESULT_CODE>000^3DSECURE>SKIPPED^RRN>312406808813^APPROVAL_CODE>044079^CARD_NUMBER>999999*********0716^AMOUNT>202000^CARDNAME>mb account^DESCRIPTION>6MBM2201638^TRANS_DATE>2023-05-04 12:42:19 PM
2023.5.4 06:42:21#49880404064221
2023.5.4 06:42:21#49880404064221
2023.5.4 06:42:21#49880404064221
2023.5.4 06:42:22#49880404064221
2023.5.4 06:42:22#=================== Transaction Completed =======================
2023.5.4 06:58:21#=================== Start New Transaction ===================
2023.5.4 06:58:21#txnrefnum:MBB2101290
2023.5.4 06:58:21#clientIp:103.183.69.53
2023.5.4 06:58:21#card type:6
2023.5.4 06:58:21#totalamount:402000
2023.5.4 06:58:23#result:TRANSACTION_ID:ERcvyacy46YSzYvPzNQW42iaf08=
2023.5.4 06:58:23#Forward to DBBL Payment Gateway Page: https://ecom1.dutchbanglabank.com/ecomm2/ClientHandler?card_type=6&trans_id=ERcvyacy46YSzYvPzNQW42iaf08%3D
2023.5.4 06:58:56#---------------------- Complete New Transaction---------------------
2023.5.4 06:58:56#Get trans_id From Post Value:ERcvyacy46YSzYvPzNQW42iaf08=
2023.5.4 06:58:56#clientIp:103.183.69.53
2023.5.4 06:58:56#trans_id:ERcvyacy46YSzYvPzNQW42iaf08=
2023.5.4 06:58:58#result:RESULT>OK^RESULT_CODE>000^3DSECURE>SKIPPED^RRN>312406810387^APPROVAL_CODE>130926^CARD_NUMBER>999999*********2874^AMOUNT>402000^CARDNAME>mb account^DESCRIPTION>6MBB2101290^TRANS_DATE>2023-05-04 12:58:55 PM
2023.5.4 06:58:58#50703304065858
2023.5.4 06:58:58#50703304065858
2023.5.4 06:58:58#50703304065858
2023.5.4 06:58:58#50703304065858
2023.5.4 06:58:58#50703304065858
2023.5.4 06:58:58#50703304065858
2023.5.4 06:58:58#50703304065858
2023.5.4 06:58:58#50703304065858
2023.5.4 06:58:58#=================== Transaction Completed =======================
2023.5.4 07:00:56#=================== Start New Transaction ===================
2023.5.4 07:00:56#txnrefnum:MBM2004051
2023.5.4 07:00:56#clientIp:103.183.69.53
2023.5.4 07:00:56#card type:6
2023.5.4 07:00:56#totalamount:402000
2023.5.4 07:00:59#result:TRANSACTION_ID:m9CawpZCrGRrH9O2o1smVEQseQg=
2023.5.4 07:00:59#Forward to DBBL Payment Gateway Page: https://ecom1.dutchbanglabank.com/ecomm2/ClientHandler?card_type=6&trans_id=m9CawpZCrGRrH9O2o1smVEQseQg%3D
2023.5.4 07:01:27#---------------------- Complete New Transaction---------------------
2023.5.4 07:01:27#Get trans_id From Post Value:m9CawpZCrGRrH9O2o1smVEQseQg=
2023.5.4 07:01:27#clientIp:103.183.69.53
2023.5.4 07:01:27#trans_id:m9CawpZCrGRrH9O2o1smVEQseQg=
2023.5.4 07:01:29#result:RESULT>OK^RESULT_CODE>000^3DSECURE>SKIPPED^RRN>312407810624^APPROVAL_CODE>136725^CARD_NUMBER>999999*********2874^AMOUNT>402000^CARDNAME>mb account^DESCRIPTION>6MBM2004051^TRANS_DATE>2023-05-04 01:01:24 PM
2023.5.4 07:01:29#43498504070129
2023.5.4 07:01:29#43498504070129
2023.5.4 07:01:29#43498504070129
2023.5.4 07:01:29#43498504070129
2023.5.4 07:01:29#43498504070129
2023.5.4 07:01:29#43498504070129
2023.5.4 07:01:29#43498504070129
2023.5.4 07:01:30#43498504070129
2023.5.4 07:01:30#=================== Transaction Completed =======================
2023.5.4 07:30:21#=================== Start New Transaction ===================
2023.5.4 07:30:21#txnrefnum:MBD2309124
2023.5.4 07:30:21#clientIp:202.134.14.157
2023.5.4 07:30:21#card type:6
2023.5.4 07:30:21#totalamount:202000
2023.5.4 07:30:24#result:TRANSACTION_ID:1HRvCU9oF9zM9vP5ZcuLQPCKLi4=
2023.5.4 07:30:24#Forward to DBBL Payment Gateway Page: https://ecom1.dutchbanglabank.com/ecomm2/ClientHandler?card_type=6&trans_id=1HRvCU9oF9zM9vP5ZcuLQPCKLi4%3D
2023.5.4 07:30:48#---------------------- Complete New Transaction---------------------
2023.5.4 07:30:48#Get trans_id From Post Value:1HRvCU9oF9zM9vP5ZcuLQPCKLi4=
2023.5.4 07:30:48#clientIp:202.134.14.157
2023.5.4 07:30:48#trans_id:1HRvCU9oF9zM9vP5ZcuLQPCKLi4=
2023.5.4 07:30:50#result:RESULT>OK^RESULT_CODE>000^3DSECURE>SKIPPED^RRN>312407813234^APPROVAL_CODE>301390^CARD_NUMBER>999999*********7532^AMOUNT>202000^CARDNAME>mb account^DESCRIPTION>6MBD2309124^TRANS_DATE>2023-05-04 01:30:47 PM
2023.5.4 07:30:50#40546504073050
2023.5.4 07:30:50#40546504073050
2023.5.4 07:30:50#40546504073050
2023.5.4 07:30:50#40546504073050
2023.5.4 07:30:50#=================== Transaction Completed =======================
2023.5.4 08:02:00#=================== Start New Transaction ===================
2023.5.4 08:02:00#txnrefnum:MSC23111263
2023.5.4 08:02:00#clientIp:202.134.9.145
2023.5.4 08:02:00#card type:6
2023.5.4 08:02:00#totalamount:784000
2023.5.4 08:02:03#result:TRANSACTION_ID:AxPoOqSCGCdOspLOrGsSzEGrT2k=
2023.5.4 08:02:03#Forward to DBBL Payment Gateway Page: https://ecom1.dutchbanglabank.com/ecomm2/ClientHandler?card_type=6&trans_id=AxPoOqSCGCdOspLOrGsSzEGrT2k%3D
2023.5.4 08:02:33#---------------------- Complete New Transaction---------------------
2023.5.4 08:02:33#Get trans_id From Post Value:AxPoOqSCGCdOspLOrGsSzEGrT2k=
2023.5.4 08:02:33#clientIp:202.134.9.145
2023.5.4 08:02:33#trans_id:AxPoOqSCGCdOspLOrGsSzEGrT2k=
2023.5.4 08:02:35#result:RESULT>OK^RESULT_CODE>000^3DSECURE>SKIPPED^RRN>312408815799^APPROVAL_CODE>395916^CARD_NUMBER>999999*********7532^AMOUNT>784000^CARDNAME>mb account^DESCRIPTION>6MSC23111263^TRANS_DATE>2023-05-04 02:02:28 PM
2023.5.4 08:02:35#52489604080235
2023.5.4 08:02:35#52489604080235
2023.5.4 08:02:35#52489604080235
2023.5.4 08:02:35#52489604080235
2023.5.4 08:02:35#52489604080235
2023.5.4 08:02:36#52489604080235
2023.5.4 08:02:36#52489604080235
2023.5.4 08:02:36#52489604080235
2023.5.4 08:02:36#=================== Transaction Completed =======================
2023.5.4 09:30:05#=================== Start New Transaction ===================
2023.5.4 09:30:05#txnrefnum:MBD2202114
2023.5.4 09:30:05#clientIp:103.136.107.131
2023.5.4 09:30:05#card type:6
2023.5.4 09:30:05#totalamount:902000
2023.5.4 09:30:08#result:TRANSACTION_ID:kFpeI0SPW0qec5lrYP0NujQVMN0=
2023.5.4 09:30:08#Forward to DBBL Payment Gateway Page: https://ecom1.dutchbanglabank.com/ecomm2/ClientHandler?card_type=6&trans_id=kFpeI0SPW0qec5lrYP0NujQVMN0%3D
2023.5.4 09:30:59#=================== Start New Transaction ===================
2023.5.4 09:30:59#txnrefnum:MBD2202114
2023.5.4 09:30:59#clientIp:103.136.107.128
2023.5.4 09:30:59#card type:6
2023.5.4 09:30:59#totalamount:902000
2023.5.4 09:31:06#result:TRANSACTION_ID:eYoJAi0iB2USjf5PoQWMdS1w6TE=
2023.5.4 09:31:06#Forward to DBBL Payment Gateway Page: https://ecom1.dutchbanglabank.com/ecomm2/ClientHandler?card_type=6&trans_id=eYoJAi0iB2USjf5PoQWMdS1w6TE%3D
2023.5.4 09:31:55#=================== Start New Transaction ===================
2023.5.4 09:31:55#txnrefnum:MBD2202114
2023.5.4 09:31:55#clientIp:103.136.107.128
2023.5.4 09:31:55#card type:6
2023.5.4 09:31:55#totalamount:102000
2023.5.4 09:31:58#result:TRANSACTION_ID:ZZFfSwltjaAMz6PYBPrSuwrVSFs=
2023.5.4 09:31:58#Forward to DBBL Payment Gateway Page: https://ecom1.dutchbanglabank.com/ecomm2/ClientHandler?card_type=6&trans_id=ZZFfSwltjaAMz6PYBPrSuwrVSFs%3D
2023.5.4 09:32:45#---------------------- Complete New Transaction---------------------
2023.5.4 09:32:45#Get trans_id From Post Value:ZZFfSwltjaAMz6PYBPrSuwrVSFs=
2023.5.4 09:32:45#clientIp:103.136.107.128
2023.5.4 09:32:45#trans_id:ZZFfSwltjaAMz6PYBPrSuwrVSFs=
2023.5.4 09:32:47#result:RESULT>OK^RESULT_CODE>000^3DSECURE>SKIPPED^RRN>312409822374^APPROVAL_CODE>682571^CARD_NUMBER>999999*********3085^AMOUNT>102000^CARDNAME>mb account^DESCRIPTION>6MBD2202114^TRANS_DATE>2023-05-04 03:32:44 PM
2023.5.4 09:32:47#51037204093247
2023.5.4 09:32:47#51037204093247
2023.5.4 09:32:47#=================== Transaction Completed =======================
2023.5.4 12:46:15#=================== Start New Transaction ===================
2023.5.4 12:46:15#txnrefnum:BBM2301048
2023.5.4 12:46:15#clientIp:103.138.182.142
2023.5.4 12:46:15#card type:6
2023.5.4 12:46:15#totalamount:302000
2023.5.4 12:46:18#result:TRANSACTION_ID:dj2HrLIoanPFzZ8a4fTQmMx5SPk=
2023.5.4 12:46:19#Forward to DBBL Payment Gateway Page: https://ecom1.dutchbanglabank.com/ecomm2/ClientHandler?card_type=6&trans_id=dj2HrLIoanPFzZ8a4fTQmMx5SPk%3D
2023.5.4 12:46:19#=================== Start New Transaction ===================
2023.5.4 12:46:19#txnrefnum:BBM2301048
2023.5.4 12:46:19#clientIp:103.138.182.142
2023.5.4 12:46:19#card type:6
2023.5.4 12:46:19#totalamount:302000
2023.5.4 12:46:21#result:TRANSACTION_ID:jbPWi2IR8LbUkxm6pRTDa1z4GR8=
2023.5.4 12:46:22#Forward to DBBL Payment Gateway Page: https://ecom1.dutchbanglabank.com/ecomm2/ClientHandler?card_type=6&trans_id=jbPWi2IR8LbUkxm6pRTDa1z4GR8%3D
2023.5.4 12:47:27#---------------------- Complete New Transaction---------------------
2023.5.4 12:47:27#Get trans_id From Post Value:jbPWi2IR8LbUkxm6pRTDa1z4GR8=
2023.5.4 12:47:27#clientIp:103.138.182.142
2023.5.4 12:47:27#trans_id:jbPWi2IR8LbUkxm6pRTDa1z4GR8=
2023.5.4 12:47:28#result:RESULT>OK^RESULT_CODE>000^3DSECURE>SKIPPED^RRN>312412836132^APPROVAL_CODE>439808^CARD_NUMBER>999999*********4250^AMOUNT>302000^CARDNAME>mb account^DESCRIPTION>6BBM2301048^TRANS_DATE>2023-05-04 06:47:25 PM
2023.5.4 12:47:29#48358504124728
2023.5.4 12:47:29#48358504124728
2023.5.4 12:47:29#48358504124728
2023.5.4 12:47:29#48358504124728
2023.5.4 12:47:29#48358504124728
2023.5.4 12:47:29#48358504124728
2023.5.4 12:47:29#=================== Transaction Completed =======================
2023.5.4 13:08:26#=================== Start New Transaction ===================
2023.5.4 13:08:26#txnrefnum:BBD2007020
2023.5.4 13:08:26#clientIp:114.130.157.160
2023.5.4 13:08:26#card type:6
2023.5.4 13:08:26#totalamount:302000
2023.5.4 13:08:29#result:TRANSACTION_ID:yGXMcS6eQWk540DnhUxXrhidCms=
2023.5.4 13:08:29#Forward to DBBL Payment Gateway Page: https://ecom1.dutchbanglabank.com/ecomm2/ClientHandler?card_type=6&trans_id=yGXMcS6eQWk540DnhUxXrhidCms%3D
2023.5.4 13:08:59#---------------------- Complete New Transaction---------------------
2023.5.4 13:08:59#Get trans_id From Post Value:yGXMcS6eQWk540DnhUxXrhidCms=
2023.5.4 13:08:59#clientIp:114.130.157.160
2023.5.4 13:08:59#trans_id:yGXMcS6eQWk540DnhUxXrhidCms=
2023.5.4 13:09:00#result:RESULT>OK^RESULT_CODE>000^3DSECURE>SKIPPED^RRN>312413837668^APPROVAL_CODE>561973^CARD_NUMBER>999999*********6175^AMOUNT>302000^CARDNAME>mb account^DESCRIPTION>6BBD2007020^TRANS_DATE>2023-05-04 07:08:58 PM
2023.5.4 13:09:01#31297004010900
2023.5.4 13:09:01#31297004010900
2023.5.4 13:09:01#31297004010900
2023.5.4 13:09:01#31297004010900
2023.5.4 13:09:01#31297004010900
2023.5.4 13:09:01#31297004010900
2023.5.4 13:09:01#=================== Transaction Completed =======================
2023.5.4 13:30:22#=================== Start New Transaction ===================
2023.5.4 13:30:22#txnrefnum:MSC22110529
2023.5.4 13:30:22#clientIp:103.58.75.201
2023.5.4 13:30:22#card type:6
2023.5.4 13:30:22#totalamount:458000
2023.5.4 13:30:25#=================== Start New Transaction ===================
2023.5.4 13:30:25#txnrefnum:MSC22110529
2023.5.4 13:30:25#clientIp:103.58.75.201
2023.5.4 13:30:25#card type:6
2023.5.4 13:30:25#totalamount:458000
2023.5.4 13:30:25#result:TRANSACTION_ID:8opU1fXu6SMNRJNqVr3xpnv9r4Q=
2023.5.4 13:30:25#Forward to DBBL Payment Gateway Page: https://ecom1.dutchbanglabank.com/ecomm2/ClientHandler?card_type=6&trans_id=8opU1fXu6SMNRJNqVr3xpnv9r4Q%3D
2023.5.4 13:30:28#result:TRANSACTION_ID:UQqn6PXAPtcfHvGKvzkfJFxMpGE=
2023.5.4 13:30:28#Forward to DBBL Payment Gateway Page: https://ecom1.dutchbanglabank.com/ecomm2/ClientHandler?card_type=6&trans_id=UQqn6PXAPtcfHvGKvzkfJFxMpGE%3D
2023.5.4 13:31:13#---------------------- Complete New Transaction---------------------
2023.5.4 13:31:13#Get trans_id From Post Value:UQqn6PXAPtcfHvGKvzkfJFxMpGE=
2023.5.4 13:31:13#clientIp:103.58.75.201
2023.5.4 13:31:13#trans_id:UQqn6PXAPtcfHvGKvzkfJFxMpGE=
2023.5.4 13:31:15#result:RESULT>OK^RESULT_CODE>000^3DSECURE>SKIPPED^RRN>312413839478^APPROVAL_CODE>672892^CARD_NUMBER>999999*********9640^AMOUNT>458000^CARDNAME>mb account^DESCRIPTION>6MSC22110529^TRANS_DATE>2023-05-04 07:31:12 PM
2023.5.4 13:31:15#33601304013115
2023.5.4 13:31:15#33601304013115
2023.5.4 13:31:15#33601304013115
2023.5.4 13:31:15#33601304013115
2023.5.4 13:31:15#33601304013115
2023.5.4 13:31:15#33601304013115
2023.5.4 13:31:15#=================== Transaction Completed =======================
2023.5.4 14:37:11#=================== Start New Transaction ===================
2023.5.4 14:37:11#txnrefnum:BBB2106022
2023.5.4 14:37:11#clientIp:103.166.89.183
2023.5.4 14:37:11#card type:6
2023.5.4 14:37:11#totalamount:202000
2023.5.4 14:37:14#result:TRANSACTION_ID:1MzzQvOEvbYhySoQMPqUaE87PSk=
2023.5.4 14:37:14#Forward to DBBL Payment Gateway Page: https://ecom1.dutchbanglabank.com/ecomm2/ClientHandler?card_type=6&trans_id=1MzzQvOEvbYhySoQMPqUaE87PSk%3D
2023.5.4 14:37:46#---------------------- Complete New Transaction---------------------
2023.5.4 14:37:46#Get trans_id From Post Value:1MzzQvOEvbYhySoQMPqUaE87PSk=
2023.5.4 14:37:46#clientIp:103.166.89.183
2023.5.4 14:37:46#trans_id:1MzzQvOEvbYhySoQMPqUaE87PSk=
2023.5.4 14:37:48#result:RESULT>OK^RESULT_CODE>000^3DSECURE>SKIPPED^RRN>312414844444^APPROVAL_CODE>057791^CARD_NUMBER>999999*********1332^AMOUNT>202000^CARDNAME>mb account^DESCRIPTION>6BBB2106022^TRANS_DATE>2023-05-04 08:37:45 PM
2023.5.4 14:37:48#41096404023748
2023.5.4 14:37:48#41096404023748
2023.5.4 14:37:48#41096404023748
2023.5.4 14:37:48#41096404023748
2023.5.4 14:37:48#=================== Transaction Completed =======================
2023.5.4 15:01:56#=================== Start New Transaction ===================
2023.5.4 15:01:56#txnrefnum:BBM2301051
2023.5.4 15:01:56#clientIp:103.25.123.30
2023.5.4 15:01:56#card type:6
2023.5.4 15:01:56#totalamount:102000
2023.5.4 15:01:59#result:TRANSACTION_ID:pxAKOsVyG87RWGqbcxoppwpwTBY=
2023.5.4 15:01:59#Forward to DBBL Payment Gateway Page: https://ecom1.dutchbanglabank.com/ecomm2/ClientHandler?card_type=6&trans_id=pxAKOsVyG87RWGqbcxoppwpwTBY%3D
2023.5.4 15:02:22#---------------------- Complete New Transaction---------------------
2023.5.4 15:02:22#Get trans_id From Post Value:pxAKOsVyG87RWGqbcxoppwpwTBY=
2023.5.4 15:02:22#clientIp:103.25.123.30
2023.5.4 15:02:22#trans_id:pxAKOsVyG87RWGqbcxoppwpwTBY=
2023.5.4 15:02:24#result:RESULT>OK^RESULT_CODE>000^3DSECURE>SKIPPED^RRN>312415846044^APPROVAL_CODE>167992^CARD_NUMBER>999999*********3671^AMOUNT>102000^CARDNAME>mb account^DESCRIPTION>6BBM2301051^TRANS_DATE>2023-05-04 09:02:21 PM
2023.5.4 15:02:24#48595004030224
2023.5.4 15:02:24#48595004030224
2023.5.4 15:02:24#=================== Transaction Completed =======================
2023.5.4 15:04:08#=================== Start New Transaction ===================
2023.5.4 15:04:08#txnrefnum:BBM2301027
2023.5.4 15:04:08#clientIp:103.25.123.30
2023.5.4 15:04:08#card type:6
2023.5.4 15:04:08#totalamount:102000
2023.5.4 15:04:11#result:TRANSACTION_ID:BALfWfJSAkjVkfYQSOjE0MFgASM=
2023.5.4 15:04:11#Forward to DBBL Payment Gateway Page: https://ecom1.dutchbanglabank.com/ecomm2/ClientHandler?card_type=6&trans_id=BALfWfJSAkjVkfYQSOjE0MFgASM%3D
2023.5.4 15:04:32#---------------------- Complete New Transaction---------------------
2023.5.4 15:04:32#Get trans_id From Post Value:BALfWfJSAkjVkfYQSOjE0MFgASM=
2023.5.4 15:04:32#clientIp:103.25.123.30
2023.5.4 15:04:32#trans_id:BALfWfJSAkjVkfYQSOjE0MFgASM=
2023.5.4 15:04:34#result:RESULT>OK^RESULT_CODE>000^3DSECURE>SKIPPED^RRN>312415846182^APPROVAL_CODE>220539^CARD_NUMBER>999999*********3671^AMOUNT>102000^CARDNAME>mb account^DESCRIPTION>6BBM2301027^TRANS_DATE>2023-05-04 09:04:31 PM
2023.5.4 15:04:34#48597404030434
2023.5.4 15:04:34#48597404030434
2023.5.4 15:04:34#=================== Transaction Completed =======================
2023.5.4 15:29:53#=================== Start New Transaction ===================
2023.5.4 15:29:53#txnrefnum:MEB2101058
2023.5.4 15:29:53#clientIp:103.72.212.28
2023.5.4 15:29:53#card type:6
2023.5.4 15:29:53#totalamount:262000
2023.5.4 15:29:56#result:TRANSACTION_ID:Sr4iYt5siIYfq5ueoYo4vr9mqD0=
2023.5.4 15:29:56#Forward to DBBL Payment Gateway Page: https://ecom1.dutchbanglabank.com/ecomm2/ClientHandler?card_type=6&trans_id=Sr4iYt5siIYfq5ueoYo4vr9mqD0%3D
2023.5.4 15:31:27#---------------------- Complete New Transaction---------------------
2023.5.4 15:31:27#Get trans_id From Post Value:Sr4iYt5siIYfq5ueoYo4vr9mqD0=
2023.5.4 15:31:27#clientIp:103.72.212.28
2023.5.4 15:31:27#trans_id:Sr4iYt5siIYfq5ueoYo4vr9mqD0=
2023.5.4 15:31:29#result:RESULT>OK^RESULT_CODE>000^3DSECURE>SKIPPED^RRN>312415847866^APPROVAL_CODE>334417^CARD_NUMBER>999999*********7258^AMOUNT>262000^CARDNAME>mb account^DESCRIPTION>6MEB2101058^TRANS_DATE>2023-05-04 09:31:26 PM
2023.5.4 15:31:29#50814004033129
2023.5.4 15:31:29#50814004033129
2023.5.4 15:31:29#50814004033129
2023.5.4 15:31:29#50814004033129
2023.5.4 15:31:29#=================== Transaction Completed =======================
2023.5.4 15:50:58#=================== Start New Transaction ===================
2023.5.4 15:50:58#txnrefnum:MSC22111338
2023.5.4 15:50:58#clientIp:123.136.26.147
2023.5.4 15:50:58#card type:6
2023.5.4 15:50:58#totalamount:162000
2023.5.4 15:51:01#result:TRANSACTION_ID:BmJchqjxBHoMbgZzIaPRPmmfdOE=
2023.5.4 15:51:01#Forward to DBBL Payment Gateway Page: https://ecom1.dutchbanglabank.com/ecomm2/ClientHandler?card_type=6&trans_id=BmJchqjxBHoMbgZzIaPRPmmfdOE%3D
2023.5.4 15:51:33#---------------------- Complete New Transaction---------------------
2023.5.4 15:51:33#Get trans_id From Post Value:BmJchqjxBHoMbgZzIaPRPmmfdOE=
2023.5.4 15:51:33#clientIp:123.136.26.147
2023.5.4 15:51:33#trans_id:BmJchqjxBHoMbgZzIaPRPmmfdOE=
2023.5.4 15:51:35#result:RESULT>OK^RESULT_CODE>000^3DSECURE>SKIPPED^RRN>312415848976^APPROVAL_CODE>386431^CARD_NUMBER>999999*********8560^AMOUNT>162000^CARDNAME>mb account^DESCRIPTION>6MSC22111338^TRANS_DATE>2023-05-04 09:51:33 PM
2023.5.4 15:51:35#33840004035135
2023.5.4 15:51:35#33840004035135
2023.5.4 15:51:35#=================== Transaction Completed =======================
2023.5.4 15:55:44#=================== Start New Transaction ===================
2023.5.4 15:55:44#txnrefnum:MSC22110520
2023.5.4 15:55:44#clientIp:202.134.14.144
2023.5.4 15:55:44#card type:6
2023.5.4 15:55:44#totalamount:268000
2023.5.4 15:55:46#result:TRANSACTION_ID:TXroeeEPeyhTBHvZVENEyMSKaPY=
2023.5.4 15:55:47#Forward to DBBL Payment Gateway Page: https://ecom1.dutchbanglabank.com/ecomm2/ClientHandler?card_type=6&trans_id=TXroeeEPeyhTBHvZVENEyMSKaPY%3D
2023.5.4 15:56:28#---------------------- Complete New Transaction---------------------
2023.5.4 15:56:28#Get trans_id From Post Value:TXroeeEPeyhTBHvZVENEyMSKaPY=
2023.5.4 15:56:28#clientIp:202.134.14.144
2023.5.4 15:56:28#trans_id:TXroeeEPeyhTBHvZVENEyMSKaPY=
2023.5.4 15:56:30#result:RESULT>OK^RESULT_CODE>000^3DSECURE>SKIPPED^RRN>312415849262^APPROVAL_CODE>435000^CARD_NUMBER>999999*********9376^AMOUNT>268000^CARDNAME>mb account^DESCRIPTION>6MSC22110520^TRANS_DATE>2023-05-04 09:56:27 PM
2023.5.4 15:56:30#33629404035630
2023.5.4 15:56:30#33629404035630
2023.5.4 15:56:30#33629404035630
2023.5.4 15:56:30#33629404035630
2023.5.4 15:56:30#=================== Transaction Completed =======================
2023.5.4 16:18:56#=================== Start New Transaction ===================
2023.5.4 16:18:56#txnrefnum:BBM2003071
2023.5.4 16:18:56#clientIp:103.138.120.146
2023.5.4 16:18:56#card type:6
2023.5.4 16:18:56#totalamount:102000
2023.5.4 16:18:59#result:TRANSACTION_ID:hvBqu2VcaK7WHDzQryhKwZVg9hI=
2023.5.4 16:18:59#Forward to DBBL Payment Gateway Page: https://ecom1.dutchbanglabank.com/ecomm2/ClientHandler?card_type=6&trans_id=hvBqu2VcaK7WHDzQryhKwZVg9hI%3D
2023.5.4 16:19:40#---------------------- Complete New Transaction---------------------
2023.5.4 16:19:40#Get trans_id From Post Value:hvBqu2VcaK7WHDzQryhKwZVg9hI=
2023.5.4 16:19:40#clientIp:103.138.120.146
2023.5.4 16:19:40#trans_id:hvBqu2VcaK7WHDzQryhKwZVg9hI=
2023.5.4 16:19:41#result:RESULT>OK^RESULT_CODE>000^3DSECURE>SKIPPED^RRN>312416850412^APPROVAL_CODE>525197^CARD_NUMBER>999999*********3297^AMOUNT>102000^CARDNAME>mb account^DESCRIPTION>6BBM2003071^TRANS_DATE>2023-05-04 10:19:38 PM
2023.5.4 16:19:41#44547704041941
2023.5.4 16:19:42#44547704041941
2023.5.4 16:19:42#=================== Transaction Completed =======================
2023.5.4 16:20:14#=================== Start New Transaction ===================
2023.5.4 16:20:14#txnrefnum:BBD2007087
2023.5.4 16:20:14#clientIp:103.138.120.146
2023.5.4 16:20:14#card type:6
2023.5.4 16:20:14#totalamount:102000
2023.5.4 16:20:16#result:TRANSACTION_ID:hmvrY1qbNxbNPrmE2eS3zucBd7k=
2023.5.4 16:20:17#Forward to DBBL Payment Gateway Page: https://ecom1.dutchbanglabank.com/ecomm2/ClientHandler?card_type=6&trans_id=hmvrY1qbNxbNPrmE2eS3zucBd7k%3D
2023.5.4 16:20:47#---------------------- Complete New Transaction---------------------
2023.5.4 16:20:47#Get trans_id From Post Value:hmvrY1qbNxbNPrmE2eS3zucBd7k=
2023.5.4 16:20:47#clientIp:103.138.120.146
2023.5.4 16:20:47#trans_id:hmvrY1qbNxbNPrmE2eS3zucBd7k=
2023.5.4 16:20:49#result:RESULT>FAILED^RESULT_CODE>116^3DSECURE>SKIPPED^RRN>312416850474^APPROVAL_CODE>0^CARD_NUMBER>999999*********3297^AMOUNT>102000^CARDNAME>mb account^DESCRIPTION>6BBD2007087^TRANS_DATE>2023-05-04 10:20:46 PM
2023.5.4 16:20:49#Not Sufficient Amount