
2022.12.23 03:36:03#=================== Start New Transaction ===================
2022.12.23 03:36:03#txnrefnum:BBD2008022
2022.12.23 03:36:03#clientIp:103.162.230.252
2022.12.23 03:36:03#card type:6
2022.12.23 03:36:03#totalamount:216000
2022.12.23 03:36:06#result:TRANSACTION_ID:udH8UinIzOAlNbDUECHYwsrjWGk=
2022.12.23 03:36:06#Forward to DBBL Payment Gateway Page: https://ecom1.dutchbanglabank.com/ecomm2/ClientHandler?card_type=6&trans_id=udH8UinIzOAlNbDUECHYwsrjWGk%3D
2022.12.23 03:36:30#---------------------- Complete New Transaction---------------------
2022.12.23 03:36:30#Get trans_id From Post Value:udH8UinIzOAlNbDUECHYwsrjWGk=
2022.12.23 03:36:30#clientIp:103.162.230.252
2022.12.23 03:36:30#trans_id:udH8UinIzOAlNbDUECHYwsrjWGk=
2022.12.23 03:36:32#result:RESULT>OK^RESULT_CODE>000^3DSECURE>SKIPPED^RRN>235703092197^APPROVAL_CODE>409226^CARD_NUMBER>999999*********9200^AMOUNT>216000^CARDNAME>mb account^DESCRIPTION>6BBD2008022^TRANS_DATE>2022-12-23 09:36:28 AM
2022.12.23 03:36:32#35699223033632
2022.12.23 03:36:32#35699223033632
2022.12.23 03:36:32#=================== Transaction Completed =======================
2022.12.23 04:29:05#=================== Start New Transaction ===================
2022.12.23 04:29:05#txnrefnum:BBD2006050
2022.12.23 04:29:05#clientIp:103.138.120.255
2022.12.23 04:29:05#card type:6
2022.12.23 04:29:05#totalamount:482000
2022.12.23 04:29:08#result:TRANSACTION_ID:vP3WXCioorB9WimK60rRkm13fZQ=
2022.12.23 04:29:08#Forward to DBBL Payment Gateway Page: https://ecom1.dutchbanglabank.com/ecomm2/ClientHandler?card_type=6&trans_id=vP3WXCioorB9WimK60rRkm13fZQ%3D
2022.12.23 04:29:55#---------------------- Complete New Transaction---------------------
2022.12.23 04:29:55#Get trans_id From Post Value:vP3WXCioorB9WimK60rRkm13fZQ=
2022.12.23 04:29:55#clientIp:103.138.120.255
2022.12.23 04:29:55#trans_id:vP3WXCioorB9WimK60rRkm13fZQ=
2022.12.23 04:29:57#result:RESULT>OK^RESULT_CODE>000^3DSECURE>SKIPPED^RRN>235704094193^APPROVAL_CODE>245705^CARD_NUMBER>999999*********0605^AMOUNT>482000^CARDNAME>mb account^DESCRIPTION>6BBD2006050^TRANS_DATE>2022-12-23 10:29:54 AM
2022.12.23 04:29:57#25447823042957
2022.12.23 04:29:57#25447823042957
2022.12.23 04:29:57#25447823042957
2022.12.23 04:29:57#25447823042957
2022.12.23 04:29:57#25447823042957
2022.12.23 04:29:57#25447823042957
2022.12.23 04:29:57#25447823042957
2022.12.23 04:29:57#25447823042957
2022.12.23 04:29:57#25447823042957
2022.12.23 04:29:57#25447823042957
2022.12.23 04:29:57#25447823042957
2022.12.23 04:29:57#25447823042957
2022.12.23 04:29:57#=================== Transaction Completed =======================
2022.12.23 05:18:25#=================== Start New Transaction ===================
2022.12.23 05:18:25#txnrefnum:BBD2008094
2022.12.23 05:18:25#clientIp:157.119.238.50
2022.12.23 05:18:25#card type:6
2022.12.23 05:18:25#totalamount:425500
2022.12.23 05:18:28#result:TRANSACTION_ID:SSGHdsLvGMb7xmPzrcHPnfl5wK0=
2022.12.23 05:18:28#Forward to DBBL Payment Gateway Page: https://ecom1.dutchbanglabank.com/ecomm2/ClientHandler?card_type=6&trans_id=SSGHdsLvGMb7xmPzrcHPnfl5wK0%3D
2022.12.23 05:19:34#=================== Start New Transaction ===================
2022.12.23 05:19:34#txnrefnum:BBM2008203
2022.12.23 05:19:34#clientIp:103.204.246.70
2022.12.23 05:19:34#card type:6
2022.12.23 05:19:34#totalamount:204000
2022.12.23 05:19:37#result:TRANSACTION_ID:Xajwm4i6kXSx1xgwVy7JlvPwsK8=
2022.12.23 05:19:37#Forward to DBBL Payment Gateway Page: https://ecom1.dutchbanglabank.com/ecomm2/ClientHandler?card_type=6&trans_id=Xajwm4i6kXSx1xgwVy7JlvPwsK8%3D
2022.12.23 05:23:01#=================== Start New Transaction ===================
2022.12.23 05:23:01#txnrefnum:MBD2309165
2022.12.23 05:23:01#clientIp:116.206.255.14
2022.12.23 05:23:01#card type:6
2022.12.23 05:23:01#totalamount:802000
2022.12.23 05:23:04#result:TRANSACTION_ID:pd6HHwRBtM6SOl2InPnDt5BlJf0=
2022.12.23 05:23:04#Forward to DBBL Payment Gateway Page: https://ecom1.dutchbanglabank.com/ecomm2/ClientHandler?card_type=6&trans_id=pd6HHwRBtM6SOl2InPnDt5BlJf0%3D
2022.12.23 05:27:37#=================== Start New Transaction ===================
2022.12.23 05:27:37#txnrefnum:MBD2309165
2022.12.23 05:27:37#clientIp:116.206.255.14
2022.12.23 05:27:37#card type:6
2022.12.23 05:27:37#totalamount:802000
2022.12.23 05:27:40#result:TRANSACTION_ID:E590oPom1OmayhQ58dPJRPlVc70=
2022.12.23 05:27:40#Forward to DBBL Payment Gateway Page: https://ecom1.dutchbanglabank.com/ecomm2/ClientHandler?card_type=6&trans_id=E590oPom1OmayhQ58dPJRPlVc70%3D
2022.12.23 05:28:33#---------------------- Complete New Transaction---------------------
2022.12.23 05:28:33#Get trans_id From Post Value:E590oPom1OmayhQ58dPJRPlVc70=
2022.12.23 05:28:33#clientIp:116.206.255.14
2022.12.23 05:28:33#trans_id:E590oPom1OmayhQ58dPJRPlVc70=
2022.12.23 05:28:36#result:RESULT>OK^RESULT_CODE>000^3DSECURE>SKIPPED^RRN>235705097135^APPROVAL_CODE>790003^CARD_NUMBER>999999*********8309^AMOUNT>802000^CARDNAME>mb account^DESCRIPTION>6MBD2309165^TRANS_DATE>2022-12-23 11:28:31 AM
2022.12.23 05:28:36#36149723052836
2022.12.23 05:28:36#36149723052836
2022.12.23 05:28:36#36149723052836
2022.12.23 05:28:36#36149723052836
2022.12.23 05:28:36#=================== Transaction Completed =======================
2022.12.23 05:48:32#=================== Start New Transaction ===================
2022.12.23 05:48:32#txnrefnum:MBM2008282
2022.12.23 05:48:32#clientIp:103.62.140.119
2022.12.23 05:48:32#card type:6
2022.12.23 05:48:32#totalamount:216000
2022.12.23 05:48:32#=================== Start New Transaction ===================
2022.12.23 05:48:32#txnrefnum:MBM2008282
2022.12.23 05:48:32#clientIp:103.62.140.119
2022.12.23 05:48:32#card type:6
2022.12.23 05:48:32#totalamount:216000
2022.12.23 05:48:32#=================== Start New Transaction ===================
2022.12.23 05:48:32#txnrefnum:MBM2008282
2022.12.23 05:48:32#clientIp:103.62.140.119
2022.12.23 05:48:32#card type:6
2022.12.23 05:48:32#totalamount:216000
2022.12.23 05:48:35#result:TRANSACTION_ID:gqPGme2S0QuD37sfdEMLREsSjFw=
2022.12.23 05:48:35#result:TRANSACTION_ID:NUVEeEv3m1mxiIR3OHTsK1qdtsQ=
2022.12.23 05:48:35#Forward to DBBL Payment Gateway Page: https://ecom1.dutchbanglabank.com/ecomm2/ClientHandler?card_type=6&trans_id=gqPGme2S0QuD37sfdEMLREsSjFw%3D
2022.12.23 05:48:35#Forward to DBBL Payment Gateway Page: https://ecom1.dutchbanglabank.com/ecomm2/ClientHandler?card_type=6&trans_id=NUVEeEv3m1mxiIR3OHTsK1qdtsQ%3D
2022.12.23 05:48:35#result:TRANSACTION_ID:fho04RCleQlGqdOfnfdSZ18PXJo=
2022.12.23 05:48:35#Forward to DBBL Payment Gateway Page: https://ecom1.dutchbanglabank.com/ecomm2/ClientHandler?card_type=6&trans_id=fho04RCleQlGqdOfnfdSZ18PXJo%3D
2022.12.23 05:49:16#=================== Start New Transaction ===================
2022.12.23 05:49:16#txnrefnum:MBM2008282
2022.12.23 05:49:16#clientIp:103.62.140.119
2022.12.23 05:49:16#card type:6
2022.12.23 05:49:16#totalamount:216000
2022.12.23 05:49:19#result:TRANSACTION_ID:40EZlRMUhWrJR1nlYUvPcfd3yhY=
2022.12.23 05:49:19#Forward to DBBL Payment Gateway Page: https://ecom1.dutchbanglabank.com/ecomm2/ClientHandler?card_type=6&trans_id=40EZlRMUhWrJR1nlYUvPcfd3yhY%3D
2022.12.23 05:51:11#---------------------- Complete New Transaction---------------------
2022.12.23 05:51:11#Get trans_id From Post Value:40EZlRMUhWrJR1nlYUvPcfd3yhY=
2022.12.23 05:51:11#clientIp:103.62.140.119
2022.12.23 05:51:11#trans_id:40EZlRMUhWrJR1nlYUvPcfd3yhY=
2022.12.23 05:51:13#result:RESULT>OK^RESULT_CODE>000^3DSECURE>SKIPPED^RRN>235705098354^APPROVAL_CODE>832736^CARD_NUMBER>999999*********3664^AMOUNT>216000^CARDNAME>mb account^DESCRIPTION>6MBM2008282^TRANS_DATE>2022-12-23 11:51:09 AM
2022.12.23 05:51:13#35668323055113
2022.12.23 05:51:13#35668323055113
2022.12.23 05:51:13#=================== Transaction Completed =======================
2022.12.23 05:51:27#=================== Start New Transaction ===================
2022.12.23 05:51:27#txnrefnum:BBM2008203
2022.12.23 05:51:27#clientIp:103.204.246.70
2022.12.23 05:51:27#card type:6
2022.12.23 05:51:27#totalamount:204000
2022.12.23 05:51:30#result:TRANSACTION_ID:lsOB2cRSMaRVUNi8BRaxP8wcTP4=
2022.12.23 05:51:30#Forward to DBBL Payment Gateway Page: https://ecom1.dutchbanglabank.com/ecomm2/ClientHandler?card_type=6&trans_id=lsOB2cRSMaRVUNi8BRaxP8wcTP4%3D
2022.12.23 05:52:02#---------------------- Complete New Transaction---------------------
2022.12.23 05:52:02#Get trans_id From Post Value:lsOB2cRSMaRVUNi8BRaxP8wcTP4=
2022.12.23 05:52:02#clientIp:103.204.246.70
2022.12.23 05:52:02#trans_id:lsOB2cRSMaRVUNi8BRaxP8wcTP4=
2022.12.23 05:52:05#result:RESULT>OK^RESULT_CODE>000^3DSECURE>SKIPPED^RRN>235705098408^APPROVAL_CODE>876290^CARD_NUMBER>999999*********1121^AMOUNT>204000^CARDNAME>mb account^DESCRIPTION>6BBM2008203^TRANS_DATE>2022-12-23 11:52:01 AM
2022.12.23 05:52:05#35727323055205
2022.12.23 05:52:05#35727323055205
2022.12.23 05:52:05#=================== Transaction Completed =======================
2022.12.23 05:58:10#=================== Start New Transaction ===================
2022.12.23 05:58:23#=================== Start New Transaction ===================
2022.12.23 05:58:23#txnrefnum:MBD2304083
2022.12.23 05:58:23#clientIp:103.230.106.53
2022.12.23 05:58:23#card type:6
2022.12.23 05:58:23#totalamount:802000
2022.12.23 05:58:26#result:TRANSACTION_ID:SgSqF4MA635v2MNNOgNMOlborbo=
2022.12.23 05:58:26#Forward to DBBL Payment Gateway Page: https://ecom1.dutchbanglabank.com/ecomm2/ClientHandler?card_type=6&trans_id=SgSqF4MA635v2MNNOgNMOlborbo%3D
2022.12.23 06:00:15#=================== Start New Transaction ===================
2022.12.23 06:00:15#txnrefnum:MBD2304083
2022.12.23 06:00:15#clientIp:103.230.106.53
2022.12.23 06:00:15#card type:6
2022.12.23 06:00:15#totalamount:802000
2022.12.23 06:00:18#result:TRANSACTION_ID:NMEon4mhfeI8SgDTdrZYXq8Wxz0=
2022.12.23 06:00:18#Forward to DBBL Payment Gateway Page: https://ecom1.dutchbanglabank.com/ecomm2/ClientHandler?card_type=6&trans_id=NMEon4mhfeI8SgDTdrZYXq8Wxz0%3D
2022.12.23 06:20:28#=================== Start New Transaction ===================
2022.12.23 06:20:28#txnrefnum:MBD2304083
2022.12.23 06:20:28#clientIp:103.230.106.53
2022.12.23 06:20:28#card type:6
2022.12.23 06:20:28#totalamount:802000
2022.12.23 06:20:31#result:TRANSACTION_ID:jAoiISZrf41dg5oP2jyUVOkbPCw=
2022.12.23 06:20:31#Forward to DBBL Payment Gateway Page: https://ecom1.dutchbanglabank.com/ecomm2/ClientHandler?card_type=6&trans_id=jAoiISZrf41dg5oP2jyUVOkbPCw%3D
2022.12.23 06:32:35#=================== Start New Transaction ===================
2022.12.23 06:32:35#txnrefnum:MBD2304083
2022.12.23 06:32:35#clientIp:103.138.120.240
2022.12.23 06:32:35#card type:6
2022.12.23 06:32:35#totalamount:802000
2022.12.23 06:32:37#result:TRANSACTION_ID:Jh0yP6C2DXxPIjK3RpKGB9Eqo44=
2022.12.23 06:32:38#Forward to DBBL Payment Gateway Page: https://ecom1.dutchbanglabank.com/ecomm2/ClientHandler?card_type=6&trans_id=Jh0yP6C2DXxPIjK3RpKGB9Eqo44%3D
2022.12.23 06:33:46#---------------------- Complete New Transaction---------------------
2022.12.23 06:33:46#Get trans_id From Post Value:Jh0yP6C2DXxPIjK3RpKGB9Eqo44=
2022.12.23 06:33:46#clientIp:103.138.120.240
2022.12.23 06:33:46#trans_id:Jh0yP6C2DXxPIjK3RpKGB9Eqo44=
2022.12.23 06:33:48#result:RESULT>OK^RESULT_CODE>000^3DSECURE>SKIPPED^RRN>235706100475^APPROVAL_CODE>709311^CARD_NUMBER>999999*********2208^AMOUNT>802000^CARDNAME>mb account^DESCRIPTION>6MBD2304083^TRANS_DATE>2022-12-23 12:33:45 PM
2022.12.23 06:33:48#36150523063348
2022.12.23 06:33:48#36150523063348
2022.12.23 06:33:48#36150523063348
2022.12.23 06:33:48#36150523063348
2022.12.23 06:33:48#=================== Transaction Completed =======================
2022.12.23 06:56:41#=================== Start New Transaction ===================
2022.12.23 06:56:41#txnrefnum:BBD2301069
2022.12.23 06:56:41#clientIp:103.58.73.253
2022.12.23 06:56:41#card type:6
2022.12.23 06:56:41#totalamount:802000
2022.12.23 06:56:44#result:TRANSACTION_ID:n2jGqzTHiA74sqsRpGxxPRcKii4=
2022.12.23 06:56:44#Forward to DBBL Payment Gateway Page: https://ecom1.dutchbanglabank.com/ecomm2/ClientHandler?card_type=6&trans_id=n2jGqzTHiA74sqsRpGxxPRcKii4%3D
2022.12.23 06:57:34#---------------------- Complete New Transaction---------------------
2022.12.23 06:57:34#Get trans_id From Post Value:n2jGqzTHiA74sqsRpGxxPRcKii4=
2022.12.23 06:57:34#clientIp:103.58.73.253
2022.12.23 06:57:34#trans_id:n2jGqzTHiA74sqsRpGxxPRcKii4=
2022.12.23 06:57:36#result:RESULT>OK^RESULT_CODE>000^3DSECURE>SKIPPED^RRN>235706101544^APPROVAL_CODE>023336^CARD_NUMBER>999999*********6521^AMOUNT>802000^CARDNAME>mb account^DESCRIPTION>6BBD2301069^TRANS_DATE>2022-12-23 12:57:33 PM
2022.12.23 06:57:36#36150723065736
2022.12.23 06:57:36#36150723065736
2022.12.23 06:57:36#36150723065736
2022.12.23 06:57:36#36150723065736
2022.12.23 06:57:36#=================== Transaction Completed =======================
2022.12.23 08:29:09#=================== Start New Transaction ===================
2022.12.23 08:29:09#txnrefnum:MBD2008378
2022.12.23 08:29:09#clientIp:144.48.161.157
2022.12.23 08:29:09#card type:6
2022.12.23 08:29:09#totalamount:216000
2022.12.23 08:29:12#result:TRANSACTION_ID:I4FpO7kGPS8oJkgmOiEWdkNtohU=
2022.12.23 08:29:12#Forward to DBBL Payment Gateway Page: https://ecom1.dutchbanglabank.com/ecomm2/ClientHandler?card_type=6&trans_id=I4FpO7kGPS8oJkgmOiEWdkNtohU%3D
2022.12.23 11:22:21#=================== Start New Transaction ===================
2022.12.23 11:22:21#txnrefnum:BBM2008128
2022.12.23 11:22:21#clientIp:103.58.73.239
2022.12.23 11:22:21#card type:6
2022.12.23 11:22:21#totalamount:2265500
2022.12.23 11:22:24#result:TRANSACTION_ID:gbaoxHDsoPGSZFKTBrnluCQwIPQ=
2022.12.23 11:22:24#Forward to DBBL Payment Gateway Page: https://ecom1.dutchbanglabank.com/ecomm2/ClientHandler?card_type=6&trans_id=gbaoxHDsoPGSZFKTBrnluCQwIPQ%3D
2022.12.23 11:23:35#---------------------- Complete New Transaction---------------------
2022.12.23 11:23:35#Get trans_id From Post Value:gbaoxHDsoPGSZFKTBrnluCQwIPQ=
2022.12.23 11:23:36#clientIp:103.58.73.225
2022.12.23 11:23:36#trans_id:gbaoxHDsoPGSZFKTBrnluCQwIPQ=
2022.12.23 11:23:38#result:RESULT>FAILED^RESULT_CODE>116^3DSECURE>SKIPPED^RRN>235711111863^APPROVAL_CODE>0^CARD_NUMBER>999999*********4813^AMOUNT>2265500^CARDNAME>mb account^DESCRIPTION>6BBM2008128^TRANS_DATE>2022-12-23 05:23:34 PM
2022.12.23 11:23:38#Not Sufficient Amount
2022.12.23 11:24:33#=================== Start New Transaction ===================
2022.12.23 11:24:33#txnrefnum:BBM2008128
2022.12.23 11:24:33#clientIp:103.58.73.239
2022.12.23 11:24:33#card type:6
2022.12.23 11:24:33#totalamount:2265500
2022.12.23 11:24:36#result:TRANSACTION_ID:j2roKOyUuN4hwaemnyCAiVEpjXw=
2022.12.23 11:24:36#Forward to DBBL Payment Gateway Page: https://ecom1.dutchbanglabank.com/ecomm2/ClientHandler?card_type=6&trans_id=j2roKOyUuN4hwaemnyCAiVEpjXw%3D
2022.12.23 11:26:43#=================== Start New Transaction ===================
2022.12.23 11:26:43#txnrefnum:MBM2301313
2022.12.23 11:26:43#clientIp:37.111.210.236
2022.12.23 11:26:43#card type:6
2022.12.23 11:26:43#totalamount:802000
2022.12.23 11:26:46#result:TRANSACTION_ID:oYFNqIrkgAQljqAZSjQapJQwC5I=
2022.12.23 11:26:46#Forward to DBBL Payment Gateway Page: https://ecom1.dutchbanglabank.com/ecomm2/ClientHandler?card_type=6&trans_id=oYFNqIrkgAQljqAZSjQapJQwC5I%3D
2022.12.23 11:39:07#=================== Start New Transaction ===================
2022.12.23 11:39:07#txnrefnum:BBM2009017
2022.12.23 11:39:07#clientIp:103.166.89.129
2022.12.23 11:39:07#card type:6
2022.12.23 11:39:07#totalamount:2000
2022.12.23 11:39:10#result:TRANSACTION_ID:ROB6RqESURmGGSY1rPbQJRjHTno=
2022.12.23 11:39:10#Forward to DBBL Payment Gateway Page: https://ecom1.dutchbanglabank.com/ecomm2/ClientHandler?card_type=6&trans_id=ROB6RqESURmGGSY1rPbQJRjHTno%3D
2022.12.23 12:38:34#=================== Start New Transaction ===================
2022.12.23 12:38:34#txnrefnum:MBD2008148
2022.12.23 12:38:34#clientIp:202.134.14.129
2022.12.23 12:38:34#card type:6
2022.12.23 12:38:34#totalamount:616000
2022.12.23 12:38:37#result:TRANSACTION_ID:KRNOjMFeCsZMgO8OCNRmLYIj4Gk=
2022.12.23 12:38:37#Forward to DBBL Payment Gateway Page: https://ecom1.dutchbanglabank.com/ecomm2/ClientHandler?card_type=6&trans_id=KRNOjMFeCsZMgO8OCNRmLYIj4Gk%3D
2022.12.23 12:39:31#---------------------- Complete New Transaction---------------------
2022.12.23 12:39:31#Get trans_id From Post Value:KRNOjMFeCsZMgO8OCNRmLYIj4Gk=
2022.12.23 12:39:31#clientIp:202.134.14.129
2022.12.23 12:39:31#trans_id:KRNOjMFeCsZMgO8OCNRmLYIj4Gk=
2022.12.23 12:39:33#result:RESULT>FAILED^RESULT_CODE>116^3DSECURE>SKIPPED^RRN>235712116279^APPROVAL_CODE>0^CARD_NUMBER>999999*********4013^AMOUNT>616000^CARDNAME>mb account^DESCRIPTION>6MBD2008148^TRANS_DATE>2022-12-23 06:39:30 PM
2022.12.23 12:39:33#Not Sufficient Amount
2022.12.23 12:40:16#=================== Start New Transaction ===================
2022.12.23 12:40:16#txnrefnum:MBD2008148
2022.12.23 12:40:16#clientIp:202.134.14.129
2022.12.23 12:40:16#card type:6
2022.12.23 12:40:16#totalamount:616000
2022.12.23 12:40:19#result:TRANSACTION_ID:PsyRFDoPt1ALgKYdrJeenLd2GGY=
2022.12.23 12:40:19#Forward to DBBL Payment Gateway Page: https://ecom1.dutchbanglabank.com/ecomm2/ClientHandler?card_type=6&trans_id=PsyRFDoPt1ALgKYdrJeenLd2GGY%3D
2022.12.23 12:41:21#---------------------- Complete New Transaction---------------------
2022.12.23 12:41:21#Get trans_id From Post Value:PsyRFDoPt1ALgKYdrJeenLd2GGY=
2022.12.23 12:41:21#clientIp:202.134.14.129
2022.12.23 12:41:21#trans_id:PsyRFDoPt1ALgKYdrJeenLd2GGY=
2022.12.23 12:41:23#result:RESULT>OK^RESULT_CODE>000^3DSECURE>SKIPPED^RRN>235712116399^APPROVAL_CODE>072673^CARD_NUMBER>999999*********4013^AMOUNT>616000^CARDNAME>mb account^DESCRIPTION>6MBD2008148^TRANS_DATE>2022-12-23 06:41:20 PM
2022.12.23 12:41:23#21185923124123
2022.12.23 12:41:23#21185923124123
2022.12.23 12:41:23#21185923124123
2022.12.23 12:41:23#21185923124123
2022.12.23 12:41:23#21185923124123
2022.12.23 12:41:23#21185923124123
2022.12.23 12:41:23#21185923124123
2022.12.23 12:41:23#21185923124123
2022.12.23 12:41:23#21185923124123
2022.12.23 12:41:23#21185923124123
2022.12.23 12:41:23#21185923124123
2022.12.23 12:41:24#21185923124123
2022.12.23 12:41:24#=================== Transaction Completed =======================
2022.12.23 14:19:02#=================== Start New Transaction ===================
2022.12.23 14:19:02#txnrefnum:MBB2109063
2022.12.23 14:19:02#clientIp:103.151.170.197
2022.12.23 14:19:02#card type:6
2022.12.23 14:19:02#totalamount:376000
2022.12.23 14:19:05#result:TRANSACTION_ID:bhVk7HI05V1aeQnCQBpn0slfJbI=
2022.12.23 14:19:05#Forward to DBBL Payment Gateway Page: https://ecom1.dutchbanglabank.com/ecomm2/ClientHandler?card_type=6&trans_id=bhVk7HI05V1aeQnCQBpn0slfJbI%3D
2022.12.23 14:20:37#---------------------- Complete New Transaction---------------------
2022.12.23 14:20:37#Get trans_id From Post Value:bhVk7HI05V1aeQnCQBpn0slfJbI=
2022.12.23 14:20:37#clientIp:103.151.170.197
2022.12.23 14:20:37#trans_id:bhVk7HI05V1aeQnCQBpn0slfJbI=
2022.12.23 14:20:38#result:RESULT>OK^RESULT_CODE>000^3DSECURE>SKIPPED^RRN>235714122337^APPROVAL_CODE>446896^CARD_NUMBER>999999*********8298^AMOUNT>376000^CARDNAME>mb account^DESCRIPTION>6MBB2109063^TRANS_DATE>2022-12-23 08:20:35 PM
2022.12.23 14:20:38#21381923022038
2022.12.23 14:20:38#21381923022038
2022.12.23 14:20:38#21381923022038
2022.12.23 14:20:39#21381923022038
2022.12.23 14:20:39#21381923022038
2022.12.23 14:20:39#21381923022038
2022.12.23 14:20:39#=================== Transaction Completed =======================
2022.12.23 15:07:41#=================== Start New Transaction ===================
2022.12.23 15:07:41#txnrefnum:MBD2306010
2022.12.23 15:07:41#clientIp:114.130.184.177
2022.12.23 15:07:41#card type:6
2022.12.23 15:07:41#totalamount:802000
2022.12.23 15:07:44#result:TRANSACTION_ID:UZJYDy6sJGUHe44GqfWtWqAsk7o=
2022.12.23 15:07:45#Forward to DBBL Payment Gateway Page: https://ecom1.dutchbanglabank.com/ecomm2/ClientHandler?card_type=6&trans_id=UZJYDy6sJGUHe44GqfWtWqAsk7o%3D
2022.12.23 15:08:06#---------------------- Complete New Transaction---------------------
2022.12.23 15:08:06#Get trans_id From Post Value:UZJYDy6sJGUHe44GqfWtWqAsk7o=
2022.12.23 15:08:06#clientIp:114.130.184.177
2022.12.23 15:08:06#trans_id:UZJYDy6sJGUHe44GqfWtWqAsk7o=
2022.12.23 15:08:08#result:RESULT>OK^RESULT_CODE>000^3DSECURE>SKIPPED^RRN>235715124776^APPROVAL_CODE>688816^CARD_NUMBER>999999*********7394^AMOUNT>802000^CARDNAME>mb account^DESCRIPTION>6MBD2306010^TRANS_DATE>2022-12-23 09:08:05 PM
2022.12.23 15:08:08#36151023030808
2022.12.23 15:08:08#36151023030808
2022.12.23 15:08:08#36151023030808
2022.12.23 15:08:08#36151023030808
2022.12.23 15:08:08#=================== Transaction Completed =======================
2022.12.23 16:21:54#=================== Start New Transaction ===================
2022.12.23 16:21:54#txnrefnum:MBB2109145
2022.12.23 16:21:54#clientIp:103.153.66.219
2022.12.23 16:21:54#card type:6
2022.12.23 16:21:54#totalamount:1746000
2022.12.23 16:21:57#result:TRANSACTION_ID:xR8Mt4gFuCfvwDSEEvGZjthbNhA=
2022.12.23 16:21:57#Forward to DBBL Payment Gateway Page: https://ecom1.dutchbanglabank.com/ecomm2/ClientHandler?card_type=6&trans_id=xR8Mt4gFuCfvwDSEEvGZjthbNhA%3D
2022.12.23 16:43:40#=================== Start New Transaction ===================
2022.12.23 16:43:40#txnrefnum:MBM2006120
2022.12.23 16:43:40#clientIp:103.142.192.79
2022.12.23 16:43:40#card type:6
2022.12.23 16:43:40#totalamount:2000
2022.12.23 16:43:40#=================== Start New Transaction ===================
2022.12.23 16:43:40#txnrefnum:MBM2006120
2022.12.23 16:43:40#clientIp:103.142.192.79
2022.12.23 16:43:40#card type:6
2022.12.23 16:43:40#totalamount:2000
2022.12.23 16:43:43#result:TRANSACTION_ID:zkLXrbtwDsSoYn6GbMzzZEwJCPE=
2022.12.23 16:43:43#Forward to DBBL Payment Gateway Page: https://ecom1.dutchbanglabank.com/ecomm2/ClientHandler?card_type=6&trans_id=zkLXrbtwDsSoYn6GbMzzZEwJCPE%3D
2022.12.23 16:43:43#=================== Start New Transaction ===================
2022.12.23 16:43:43#txnrefnum:MBM2006120
2022.12.23 16:43:43#clientIp:103.142.192.79
2022.12.23 16:43:43#card type:6
2022.12.23 16:43:43#totalamount:2000
2022.12.23 16:43:43#result:TRANSACTION_ID:xPc6UUyHd47pPPSa390HMv2Pi2Y=
2022.12.23 16:43:43#Forward to DBBL Payment Gateway Page: https://ecom1.dutchbanglabank.com/ecomm2/ClientHandler?card_type=6&trans_id=xPc6UUyHd47pPPSa390HMv2Pi2Y%3D
2022.12.23 16:43:46#result:TRANSACTION_ID:MmqD2Tm1Xb9VTgKVLvll4SlI46c=
2022.12.23 16:43:46#Forward to DBBL Payment Gateway Page: https://ecom1.dutchbanglabank.com/ecomm2/ClientHandler?card_type=6&trans_id=MmqD2Tm1Xb9VTgKVLvll4SlI46c%3D