
2022.6.26 01:05:46#=================== Start New Transaction ===================
2022.6.26 01:05:46#txnrefnum:MSC22110599
2022.6.26 01:05:46#clientIp:37.111.203.208
2022.6.26 01:05:46#card type:6
2022.6.26 01:05:46#totalamount:162000
2022.6.26 01:05:54#result:TRANSACTION_ID:XPm3cZGTIBPTCWCq89fM0fywqBo=
2022.6.26 01:05:54#Forward to DBBL Payment Gateway Page: https://ecom1.dutchbanglabank.com/ecomm2/ClientHandler?card_type=6&trans_id=XPm3cZGTIBPTCWCq89fM0fywqBo%3D
2022.6.26 01:06:15#---------------------- Complete New Transaction---------------------
2022.6.26 01:06:15#Get trans_id From Post Value:XPm3cZGTIBPTCWCq89fM0fywqBo=
2022.6.26 01:06:15#clientIp:37.111.203.208
2022.6.26 01:06:15#trans_id:XPm3cZGTIBPTCWCq89fM0fywqBo=
2022.6.26 01:06:17#result:RESULT>OK^RESULT_CODE>000^3DSECURE>SKIPPED^RRN>217701097030^APPROVAL_CODE>861300^CARD_NUMBER>999999*********1168^AMOUNT>162000^CARDNAME>mb account^DESCRIPTION>6MSC22110599^TRANS_DATE>2022-06-26 07:06:13 AM
2022.6.26 01:06:17#1283626010617
2022.6.26 01:06:17#=================== Transaction Completed =======================
2022.6.26 01:13:05#=================== Start New Transaction ===================
2022.6.26 01:13:05#txnrefnum:MBM2008196
2022.6.26 01:13:05#clientIp:37.111.203.208
2022.6.26 01:13:05#card type:6
2022.6.26 01:13:05#totalamount:482000
2022.6.26 01:13:09#result:TRANSACTION_ID:DZySsXZKYatRyC2T5HRMBRRgbtI=
2022.6.26 01:13:09#Forward to DBBL Payment Gateway Page: https://ecom1.dutchbanglabank.com/ecomm2/ClientHandler?card_type=6&trans_id=DZySsXZKYatRyC2T5HRMBRRgbtI%3D
2022.6.26 01:13:28#---------------------- Complete New Transaction---------------------
2022.6.26 01:13:28#Get trans_id From Post Value:DZySsXZKYatRyC2T5HRMBRRgbtI=
2022.6.26 01:13:28#clientIp:37.111.203.208
2022.6.26 01:13:28#trans_id:DZySsXZKYatRyC2T5HRMBRRgbtI=
2022.6.26 01:13:30#result:RESULT>OK^RESULT_CODE>000^3DSECURE>SKIPPED^RRN>217701097181^APPROVAL_CODE>789592^CARD_NUMBER>999999*********1168^AMOUNT>482000^CARDNAME>mb account^DESCRIPTION>6MBM2008196^TRANS_DATE>2022-06-26 07:13:26 AM
2022.6.26 01:13:30#21877726011330
2022.6.26 01:13:30#21877726011330
2022.6.26 01:13:30#21877726011330
2022.6.26 01:13:30#21877726011330
2022.6.26 01:13:30#21877726011330
2022.6.26 01:13:30#21877726011330
2022.6.26 01:13:30#=================== Transaction Completed =======================
2022.6.26 01:22:41#=================== Start New Transaction ===================
2022.6.26 01:22:41#txnrefnum:MSC22111208
2022.6.26 01:22:41#clientIp:37.111.203.208
2022.6.26 01:22:41#card type:6
2022.6.26 01:22:41#totalamount:262000
2022.6.26 01:22:45#result:TRANSACTION_ID:ywgRdN0MQ8pYJRG00SRm7blxUwk=
2022.6.26 01:22:45#Forward to DBBL Payment Gateway Page: https://ecom1.dutchbanglabank.com/ecomm2/ClientHandler?card_type=6&trans_id=ywgRdN0MQ8pYJRG00SRm7blxUwk%3D
2022.6.26 01:23:08#---------------------- Complete New Transaction---------------------
2022.6.26 01:23:08#Get trans_id From Post Value:ywgRdN0MQ8pYJRG00SRm7blxUwk=
2022.6.26 01:23:08#clientIp:37.111.203.208
2022.6.26 01:23:08#trans_id:ywgRdN0MQ8pYJRG00SRm7blxUwk=
2022.6.26 01:23:10#result:RESULT>OK^RESULT_CODE>000^3DSECURE>SKIPPED^RRN>217701097388^APPROVAL_CODE>892944^CARD_NUMBER>999999*********1168^AMOUNT>262000^CARDNAME>mb account^DESCRIPTION>6MSC22111208^TRANS_DATE>2022-06-26 07:23:07 AM
2022.6.26 01:23:11#1758826012310
2022.6.26 01:23:11#1758826012310
2022.6.26 01:23:11#=================== Transaction Completed =======================
2022.6.26 01:25:20#=================== Start New Transaction ===================
2022.6.26 01:25:20#txnrefnum:MBM2002103
2022.6.26 01:25:20#clientIp:37.111.203.208
2022.6.26 01:25:20#card type:6
2022.6.26 01:25:20#totalamount:62000
2022.6.26 01:25:24#result:TRANSACTION_ID:dqBRP9dOCb0Wa9rj3fL4csAZpaE=
2022.6.26 01:25:24#Forward to DBBL Payment Gateway Page: https://ecom1.dutchbanglabank.com/ecomm2/ClientHandler?card_type=6&trans_id=dqBRP9dOCb0Wa9rj3fL4csAZpaE%3D
2022.6.26 01:25:39#---------------------- Complete New Transaction---------------------
2022.6.26 01:25:39#Get trans_id From Post Value:dqBRP9dOCb0Wa9rj3fL4csAZpaE=
2022.6.26 01:25:39#clientIp:37.111.203.208
2022.6.26 01:25:39#trans_id:dqBRP9dOCb0Wa9rj3fL4csAZpaE=
2022.6.26 01:25:41#result:RESULT>OK^RESULT_CODE>000^3DSECURE>SKIPPED^RRN>217701097453^APPROVAL_CODE>827234^CARD_NUMBER>999999*********1168^AMOUNT>62000^CARDNAME>mb account^DESCRIPTION>6MBM2002103^TRANS_DATE>2022-06-26 07:25:38 AM
2022.6.26 01:25:41#28443326012541
2022.6.26 01:25:41#=================== Transaction Completed =======================
2022.6.26 01:28:11#=================== Start New Transaction ===================
2022.6.26 01:28:11#txnrefnum:MBG2101121
2022.6.26 01:28:11#clientIp:37.111.203.208
2022.6.26 01:28:11#card type:6
2022.6.26 01:28:11#totalamount:162000
2022.6.26 01:28:15#result:TRANSACTION_ID:2cymQkKbWyUPVYxENMFi6YZoj6g=
2022.6.26 01:28:15#Forward to DBBL Payment Gateway Page: https://ecom1.dutchbanglabank.com/ecomm2/ClientHandler?card_type=6&trans_id=2cymQkKbWyUPVYxENMFi6YZoj6g%3D
2022.6.26 01:28:28#---------------------- Complete New Transaction---------------------
2022.6.26 01:28:28#Get trans_id From Post Value:2cymQkKbWyUPVYxENMFi6YZoj6g=
2022.6.26 01:28:28#clientIp:37.111.203.208
2022.6.26 01:28:28#trans_id:2cymQkKbWyUPVYxENMFi6YZoj6g=
2022.6.26 01:28:30#result:RESULT>OK^RESULT_CODE>000^3DSECURE>SKIPPED^RRN>217701097518^APPROVAL_CODE>895009^CARD_NUMBER>999999*********1168^AMOUNT>162000^CARDNAME>mb account^DESCRIPTION>6MBG2101121^TRANS_DATE>2022-06-26 07:28:28 AM
2022.6.26 01:28:30#8307726012830
2022.6.26 01:28:30#8307726012830
2022.6.26 01:28:30#=================== Transaction Completed =======================
2022.6.26 01:29:19#=================== Start New Transaction ===================
2022.6.26 01:29:19#txnrefnum:MEM2001033
2022.6.26 01:29:19#clientIp:37.111.203.208
2022.6.26 01:29:19#card type:6
2022.6.26 01:29:19#totalamount:222000
2022.6.26 01:29:23#result:TRANSACTION_ID:0vjpamKT5jzFhBqSsPdqoyKhleI=
2022.6.26 01:29:23#Forward to DBBL Payment Gateway Page: https://ecom1.dutchbanglabank.com/ecomm2/ClientHandler?card_type=6&trans_id=0vjpamKT5jzFhBqSsPdqoyKhleI%3D
2022.6.26 01:29:41#---------------------- Complete New Transaction---------------------
2022.6.26 01:29:41#Get trans_id From Post Value:0vjpamKT5jzFhBqSsPdqoyKhleI=
2022.6.26 01:29:41#clientIp:37.111.203.208
2022.6.26 01:29:41#trans_id:0vjpamKT5jzFhBqSsPdqoyKhleI=
2022.6.26 01:29:43#result:RESULT>OK^RESULT_CODE>000^3DSECURE>SKIPPED^RRN>217701097544^APPROVAL_CODE>828792^CARD_NUMBER>999999*********1168^AMOUNT>222000^CARDNAME>mb account^DESCRIPTION>6MEM2001033^TRANS_DATE>2022-06-26 07:29:40 AM
2022.6.26 01:29:43#9884026012943
2022.6.26 01:29:43#9884026012943
2022.6.26 01:29:43#=================== Transaction Completed =======================
2022.6.26 01:31:14#=================== Start New Transaction ===================
2022.6.26 01:31:14#txnrefnum:MBM2007220
2022.6.26 01:31:14#clientIp:37.111.203.208
2022.6.26 01:31:14#card type:6
2022.6.26 01:31:14#totalamount:162000
2022.6.26 01:31:18#result:TRANSACTION_ID:mwLjkSwhOSZzUY2bMjbOSu0zDNQ=
2022.6.26 01:31:18#Forward to DBBL Payment Gateway Page: https://ecom1.dutchbanglabank.com/ecomm2/ClientHandler?card_type=6&trans_id=mwLjkSwhOSZzUY2bMjbOSu0zDNQ%3D
2022.6.26 01:31:33#---------------------- Complete New Transaction---------------------
2022.6.26 01:31:33#Get trans_id From Post Value:mwLjkSwhOSZzUY2bMjbOSu0zDNQ=
2022.6.26 01:31:33#clientIp:37.111.203.208
2022.6.26 01:31:33#trans_id:mwLjkSwhOSZzUY2bMjbOSu0zDNQ=
2022.6.26 01:31:35#result:RESULT>OK^RESULT_CODE>000^3DSECURE>SKIPPED^RRN>217701097582^APPROVAL_CODE>896161^CARD_NUMBER>999999*********1168^AMOUNT>162000^CARDNAME>mb account^DESCRIPTION>6MBM2007220^TRANS_DATE>2022-06-26 07:31:32 AM
2022.6.26 01:31:35#19954926013135
2022.6.26 01:31:35#19954926013135
2022.6.26 01:31:35#=================== Transaction Completed =======================
2022.6.26 03:27:33#=================== Start New Transaction ===================
2022.6.26 03:27:33#txnrefnum:MBM2201307
2022.6.26 03:27:33#clientIp:37.111.203.208
2022.6.26 03:27:33#card type:6
2022.6.26 03:27:33#totalamount:82000
2022.6.26 03:27:38#result:TRANSACTION_ID:klZsW9MbEZ5GRtO12ynl7brD2W8=
2022.6.26 03:27:38#Forward to DBBL Payment Gateway Page: https://ecom1.dutchbanglabank.com/ecomm2/ClientHandler?card_type=6&trans_id=klZsW9MbEZ5GRtO12ynl7brD2W8%3D
2022.6.26 03:27:54#---------------------- Complete New Transaction---------------------
2022.6.26 03:27:54#Get trans_id From Post Value:klZsW9MbEZ5GRtO12ynl7brD2W8=
2022.6.26 03:27:54#clientIp:37.111.203.208
2022.6.26 03:27:54#trans_id:klZsW9MbEZ5GRtO12ynl7brD2W8=
2022.6.26 03:27:57#result:RESULT>OK^RESULT_CODE>000^3DSECURE>SKIPPED^RRN>217703101398^APPROVAL_CODE>115356^CARD_NUMBER>999999*********1168^AMOUNT>82000^CARDNAME>mb account^DESCRIPTION>6MBM2201307^TRANS_DATE>2022-06-26 09:27:54 AM
2022.6.26 03:27:57#5981026032757
2022.6.26 03:27:57#=================== Transaction Completed =======================
2022.6.26 03:49:40#=================== Start New Transaction ===================
2022.6.26 03:49:40#txnrefnum:MEM2001055
2022.6.26 03:49:40#clientIp:27.54.148.174
2022.6.26 03:49:40#card type:6
2022.6.26 03:49:40#totalamount:442000
2022.6.26 03:49:44#result:TRANSACTION_ID:wXwiFC1BWQP52Zh5DBfdLqfJZqE=
2022.6.26 03:49:44#Forward to DBBL Payment Gateway Page: https://ecom1.dutchbanglabank.com/ecomm2/ClientHandler?card_type=6&trans_id=wXwiFC1BWQP52Zh5DBfdLqfJZqE%3D
2022.6.26 03:58:40#=================== Start New Transaction ===================
2022.6.26 03:58:40#txnrefnum:BBM2006067
2022.6.26 03:58:40#clientIp:119.30.45.132
2022.6.26 03:58:40#card type:6
2022.6.26 03:58:40#totalamount:482000
2022.6.26 03:58:44#result:TRANSACTION_ID:6ZSPWiHySuKtoW1wLBi6zIiWx9o=
2022.6.26 03:58:44#Forward to DBBL Payment Gateway Page: https://ecom1.dutchbanglabank.com/ecomm2/ClientHandler?card_type=6&trans_id=6ZSPWiHySuKtoW1wLBi6zIiWx9o%3D
2022.6.26 03:59:06#---------------------- Complete New Transaction---------------------
2022.6.26 03:59:06#Get trans_id From Post Value:6ZSPWiHySuKtoW1wLBi6zIiWx9o=
2022.6.26 03:59:06#clientIp:119.30.45.132
2022.6.26 03:59:06#trans_id:6ZSPWiHySuKtoW1wLBi6zIiWx9o=
2022.6.26 03:59:08#result:RESULT>OK^RESULT_CODE>000^3DSECURE>SKIPPED^RRN>217703103045^APPROVAL_CODE>310441^CARD_NUMBER>999999*********0266^AMOUNT>482000^CARDNAME>mb account^DESCRIPTION>6BBM2006067^TRANS_DATE>2022-06-26 09:59:04 AM
2022.6.26 03:59:08#25705326035908
2022.6.26 03:59:08#25705326035908
2022.6.26 03:59:08#25705326035908
2022.6.26 03:59:08#25705326035908
2022.6.26 03:59:08#25705326035908
2022.6.26 03:59:08#25705326035908
2022.6.26 03:59:08#=================== Transaction Completed =======================
2022.6.26 04:14:27#=================== Start New Transaction ===================
2022.6.26 04:14:27#txnrefnum:MBD2206002
2022.6.26 04:14:27#clientIp:202.134.8.135
2022.6.26 04:14:27#card type:6
2022.6.26 04:14:27#totalamount:162000
2022.6.26 04:14:35#result:TRANSACTION_ID:FHzcoQEFNZOHwWDD1u1SqKPJn50=
2022.6.26 04:14:35#Forward to DBBL Payment Gateway Page: https://ecom1.dutchbanglabank.com/ecomm2/ClientHandler?card_type=6&trans_id=FHzcoQEFNZOHwWDD1u1SqKPJn50%3D
2022.6.26 04:15:20#---------------------- Complete New Transaction---------------------
2022.6.26 04:15:20#Get trans_id From Post Value:FHzcoQEFNZOHwWDD1u1SqKPJn50=
2022.6.26 04:15:20#clientIp:202.134.8.135
2022.6.26 04:15:20#trans_id:FHzcoQEFNZOHwWDD1u1SqKPJn50=
2022.6.26 04:15:24#result:RESULT>OK^RESULT_CODE>000^3DSECURE>SKIPPED^RRN>217704104143^APPROVAL_CODE>390575^CARD_NUMBER>999999*********7532^AMOUNT>162000^CARDNAME>mb account^DESCRIPTION>6MBD2206002^TRANS_DATE>2022-06-26 10:15:19 AM
2022.6.26 04:15:24#15076926041524
2022.6.26 04:15:24#15076926041524
2022.6.26 04:15:24#=================== Transaction Completed =======================
2022.6.26 04:26:35#=================== Start New Transaction ===================
2022.6.26 04:26:35#txnrefnum:BBM2008119
2022.6.26 04:26:35#clientIp:114.130.156.54
2022.6.26 04:26:35#card type:6
2022.6.26 04:26:35#totalamount:322000
2022.6.26 04:26:41#result:TRANSACTION_ID:5a47lr0T11FPTYEQYqlfNSHCICE=
2022.6.26 04:26:41#Forward to DBBL Payment Gateway Page: https://ecom1.dutchbanglabank.com/ecomm2/ClientHandler?card_type=6&trans_id=5a47lr0T11FPTYEQYqlfNSHCICE%3D
2022.6.26 04:27:52#=================== Start New Transaction ===================
2022.6.26 04:27:52#txnrefnum:MBG2101449
2022.6.26 04:27:52#clientIp:27.54.148.174
2022.6.26 04:27:52#card type:6
2022.6.26 04:27:52#totalamount:2062000
2022.6.26 04:27:56#result:TRANSACTION_ID:mjAOUpQTnU4tf4sSwcrnwC9ag3s=
2022.6.26 04:27:56#Forward to DBBL Payment Gateway Page: https://ecom1.dutchbanglabank.com/ecomm2/ClientHandler?card_type=6&trans_id=mjAOUpQTnU4tf4sSwcrnwC9ag3s%3D
2022.6.26 04:31:18#=================== Start New Transaction ===================
2022.6.26 04:31:18#txnrefnum:BBM2008119
2022.6.26 04:31:18#clientIp:114.130.156.54
2022.6.26 04:31:18#card type:6
2022.6.26 04:31:18#totalamount:322000
2022.6.26 04:31:23#result:TRANSACTION_ID:zZF8Kpvgx2I0p3hhHOuSbxawrD0=
2022.6.26 04:31:23#Forward to DBBL Payment Gateway Page: https://ecom1.dutchbanglabank.com/ecomm2/ClientHandler?card_type=6&trans_id=zZF8Kpvgx2I0p3hhHOuSbxawrD0%3D
2022.6.26 04:32:07#---------------------- Complete New Transaction---------------------
2022.6.26 04:32:07#Get trans_id From Post Value:zZF8Kpvgx2I0p3hhHOuSbxawrD0=
2022.6.26 04:32:07#clientIp:114.130.156.54
2022.6.26 04:32:07#trans_id:zZF8Kpvgx2I0p3hhHOuSbxawrD0=
2022.6.26 04:32:11#result:RESULT>OK^RESULT_CODE>000^3DSECURE>SKIPPED^RRN>217704105410^APPROVAL_CODE>429127^CARD_NUMBER>999999*********8580^AMOUNT>322000^CARDNAME>mb account^DESCRIPTION>6BBM2008119^TRANS_DATE>2022-06-26 10:32:06 AM
2022.6.26 04:32:11#27042126043211
2022.6.26 04:32:11#27042126043211
2022.6.26 04:32:11#27042126043211
2022.6.26 04:32:11#27042126043211
2022.6.26 04:32:11#=================== Transaction Completed =======================
2022.6.26 04:41:52#=================== Start New Transaction ===================
2022.6.26 04:41:52#txnrefnum:BBM2008152
2022.6.26 04:41:52#clientIp:119.30.45.132
2022.6.26 04:41:52#card type:6
2022.6.26 04:41:52#totalamount:82000
2022.6.26 04:42:03#result:TRANSACTION_ID:srUcbPoSlmHbfkMdngP8HPyB3Sg=
2022.6.26 04:42:03#Forward to DBBL Payment Gateway Page: https://ecom1.dutchbanglabank.com/ecomm2/ClientHandler?card_type=6&trans_id=srUcbPoSlmHbfkMdngP8HPyB3Sg%3D
2022.6.26 04:42:22#---------------------- Complete New Transaction---------------------
2022.6.26 04:42:22#Get trans_id From Post Value:srUcbPoSlmHbfkMdngP8HPyB3Sg=
2022.6.26 04:42:22#clientIp:119.30.45.132
2022.6.26 04:42:22#trans_id:srUcbPoSlmHbfkMdngP8HPyB3Sg=
2022.6.26 04:42:26#result:RESULT>OK^RESULT_CODE>000^3DSECURE>SKIPPED^RRN>217704106128^APPROVAL_CODE>549071^CARD_NUMBER>999999*********0266^AMOUNT>82000^CARDNAME>mb account^DESCRIPTION>6BBM2008152^TRANS_DATE>2022-06-26 10:42:21 AM
2022.6.26 04:42:26#31529826044226
2022.6.26 04:42:26#=================== Transaction Completed =======================
2022.6.26 04:50:22#=================== Start New Transaction ===================
2022.6.26 04:50:22#txnrefnum:BBD2008112
2022.6.26 04:50:22#clientIp:114.130.156.54
2022.6.26 04:50:22#card type:6
2022.6.26 04:50:22#totalamount:162000
2022.6.26 04:50:30#result:TRANSACTION_ID:Q7QPq4UPLlpdCz9S6VQVmB9bZtc=
2022.6.26 04:50:30#Forward to DBBL Payment Gateway Page: https://ecom1.dutchbanglabank.com/ecomm2/ClientHandler?card_type=6&trans_id=Q7QPq4UPLlpdCz9S6VQVmB9bZtc%3D
2022.6.26 04:51:01#=================== Start New Transaction ===================
2022.6.26 04:51:01#txnrefnum:BBM2004108
2022.6.26 04:51:01#clientIp:119.30.45.132
2022.6.26 04:51:01#card type:6
2022.6.26 04:51:01#totalamount:782000
2022.6.26 04:51:06#result:TRANSACTION_ID:CNNGtHQuCx7hYapg3lZSnkAYPVY=
2022.6.26 04:51:06#Forward to DBBL Payment Gateway Page: https://ecom1.dutchbanglabank.com/ecomm2/ClientHandler?card_type=6&trans_id=CNNGtHQuCx7hYapg3lZSnkAYPVY%3D
2022.6.26 04:51:06#---------------------- Complete New Transaction---------------------
2022.6.26 04:51:06#Get trans_id From Post Value:Q7QPq4UPLlpdCz9S6VQVmB9bZtc=
2022.6.26 04:51:06#clientIp:114.130.156.54
2022.6.26 04:51:06#trans_id:Q7QPq4UPLlpdCz9S6VQVmB9bZtc=
2022.6.26 04:51:08#result:RESULT>OK^RESULT_CODE>000^3DSECURE>SKIPPED^RRN>217704106878^APPROVAL_CODE>528012^CARD_NUMBER>999999*********8580^AMOUNT>162000^CARDNAME>mb account^DESCRIPTION>6BBD2008112^TRANS_DATE>2022-06-26 10:51:05 AM
2022.6.26 04:51:08#26776126045108
2022.6.26 04:51:08#26776126045108
2022.6.26 04:51:08#=================== Transaction Completed =======================
2022.6.26 04:51:30#---------------------- Complete New Transaction---------------------
2022.6.26 04:51:30#Get trans_id From Post Value:CNNGtHQuCx7hYapg3lZSnkAYPVY=
2022.6.26 04:51:30#clientIp:119.30.45.132
2022.6.26 04:51:30#trans_id:CNNGtHQuCx7hYapg3lZSnkAYPVY=
2022.6.26 04:51:33#result:RESULT>OK^RESULT_CODE>000^3DSECURE>SKIPPED^RRN>217704106912^APPROVAL_CODE>567080^CARD_NUMBER>999999*********0266^AMOUNT>782000^CARDNAME>mb account^DESCRIPTION>6BBM2004108^TRANS_DATE>2022-06-26 10:51:29 AM
2022.6.26 04:51:33#24344726045133
2022.6.26 04:51:33#24344726045133
2022.6.26 04:51:33#24344726045133
2022.6.26 04:51:33#=================== Transaction Completed =======================
2022.6.26 04:59:01#=================== Start New Transaction ===================
2022.6.26 04:59:01#txnrefnum:MSC22110064
2022.6.26 04:59:01#clientIp:27.54.148.174
2022.6.26 04:59:01#card type:6
2022.6.26 04:59:01#totalamount:262000
2022.6.26 04:59:10#result:TRANSACTION_ID:03MZ5FxU3W2LinQqQsRcnbOlqgQ=
2022.6.26 04:59:10#Forward to DBBL Payment Gateway Page: https://ecom1.dutchbanglabank.com/ecomm2/ClientHandler?card_type=6&trans_id=03MZ5FxU3W2LinQqQsRcnbOlqgQ%3D
2022.6.26 05:00:42#---------------------- Complete New Transaction---------------------
2022.6.26 05:00:42#Get trans_id From Post Value:03MZ5FxU3W2LinQqQsRcnbOlqgQ=
2022.6.26 05:00:42#clientIp:27.54.148.174
2022.6.26 05:00:42#trans_id:03MZ5FxU3W2LinQqQsRcnbOlqgQ=
2022.6.26 05:00:47#result:RESULT>OK^RESULT_CODE>000^3DSECURE>SKIPPED^RRN>217705107830^APPROVAL_CODE>612949^CARD_NUMBER>999999*********9376^AMOUNT>262000^CARDNAME>mb account^DESCRIPTION>6MSC22110064^TRANS_DATE>2022-06-26 11:00:41 AM
2022.6.26 05:00:47#1479226050047
2022.6.26 05:00:47#1479226050047
2022.6.26 05:00:47#=================== Transaction Completed =======================
2022.6.26 05:18:35#=================== Start New Transaction ===================
2022.6.26 05:18:35#txnrefnum:BBM2206094
2022.6.26 05:18:35#clientIp:119.30.45.132
2022.6.26 05:18:35#card type:6
2022.6.26 05:18:35#totalamount:242000
2022.6.26 05:18:40#result:TRANSACTION_ID:w10xRPmJipKUS1odzNqWKO5Qyxc=
2022.6.26 05:18:40#Forward to DBBL Payment Gateway Page: https://ecom1.dutchbanglabank.com/ecomm2/ClientHandler?card_type=6&trans_id=w10xRPmJipKUS1odzNqWKO5Qyxc%3D
2022.6.26 05:19:09#---------------------- Complete New Transaction---------------------
2022.6.26 05:19:09#Get trans_id From Post Value:w10xRPmJipKUS1odzNqWKO5Qyxc=
2022.6.26 05:19:09#clientIp:119.30.45.132
2022.6.26 05:19:09#trans_id:w10xRPmJipKUS1odzNqWKO5Qyxc=
2022.6.26 05:19:12#result:RESULT>OK^RESULT_CODE>000^3DSECURE>SKIPPED^RRN>217705109597^APPROVAL_CODE>726409^CARD_NUMBER>999999*********0266^AMOUNT>242000^CARDNAME>mb account^DESCRIPTION>6BBM2206094^TRANS_DATE>2022-06-26 11:19:05 AM
2022.6.26 05:19:12#24321026051912
2022.6.26 05:19:12#24321026051912
2022.6.26 05:19:12#24321026051912
2022.6.26 05:19:12#=================== Transaction Completed =======================
2022.6.26 05:38:48#=================== Start New Transaction ===================
2022.6.26 05:38:48#txnrefnum:MBM2003085
2022.6.26 05:38:48#clientIp:202.134.8.135
2022.6.26 05:38:48#card type:6
2022.6.26 05:38:48#totalamount:162000
2022.6.26 05:39:02#result:TRANSACTION_ID:nvAjuaKQFAKOSaw5YdGWYhc7WMw=
2022.6.26 05:39:02#Forward to DBBL Payment Gateway Page: https://ecom1.dutchbanglabank.com/ecomm2/ClientHandler?card_type=6&trans_id=nvAjuaKQFAKOSaw5YdGWYhc7WMw%3D
2022.6.26 05:39:43#---------------------- Complete New Transaction---------------------
2022.6.26 05:39:43#Get trans_id From Post Value:nvAjuaKQFAKOSaw5YdGWYhc7WMw=
2022.6.26 05:39:43#clientIp:202.134.8.135
2022.6.26 05:39:43#trans_id:nvAjuaKQFAKOSaw5YdGWYhc7WMw=
2022.6.26 05:39:47#result:RESULT>OK^RESULT_CODE>000^3DSECURE>SKIPPED^RRN>217705111623^APPROVAL_CODE>904720^CARD_NUMBER>999999*********7532^AMOUNT>162000^CARDNAME>mb account^DESCRIPTION>6MBM2003085^TRANS_DATE>2022-06-26 11:39:42 AM
2022.6.26 05:39:47#13156526053947
2022.6.26 05:39:47#13156526053947
2022.6.26 05:39:47#=================== Transaction Completed =======================
2022.6.26 05:42:50#=================== Start New Transaction ===================
2022.6.26 05:42:50#txnrefnum:BBD2202022
2022.6.26 05:42:50#clientIp:119.30.45.132
2022.6.26 05:42:50#card type:6
2022.6.26 05:42:50#totalamount:462000
2022.6.26 05:43:01#result:TRANSACTION_ID:d6EDRi4LaYFGRHYipHDtYeGkPVQ=
2022.6.26 05:43:01#Forward to DBBL Payment Gateway Page: https://ecom1.dutchbanglabank.com/ecomm2/ClientHandler?card_type=6&trans_id=d6EDRi4LaYFGRHYipHDtYeGkPVQ%3D
2022.6.26 05:43:22#---------------------- Complete New Transaction---------------------
2022.6.26 05:43:22#Get trans_id From Post Value:d6EDRi4LaYFGRHYipHDtYeGkPVQ=
2022.6.26 05:43:22#clientIp:119.30.45.132
2022.6.26 05:43:22#trans_id:d6EDRi4LaYFGRHYipHDtYeGkPVQ=
2022.6.26 05:43:25#result:RESULT>OK^RESULT_CODE>000^3DSECURE>SKIPPED^RRN>217705111988^APPROVAL_CODE>913479^CARD_NUMBER>999999*********0266^AMOUNT>462000^CARDNAME>mb account^DESCRIPTION>6BBD2202022^TRANS_DATE>2022-06-26 11:43:20 AM
2022.6.26 05:43:25#22591426054325
2022.6.26 05:43:25#22591426054325
2022.6.26 05:43:25#22591426054325
2022.6.26 05:43:25#22591426054325
2022.6.26 05:43:25#22591426054325
2022.6.26 05:43:25#22591426054325
2022.6.26 05:43:25#=================== Transaction Completed =======================
2022.6.26 05:49:10#=================== Start New Transaction ===================
2022.6.26 05:49:10#txnrefnum:MBD2003281
2022.6.26 05:49:10#clientIp:37.111.203.208
2022.6.26 05:49:10#card type:6
2022.6.26 05:49:10#totalamount:82000
2022.6.26 05:49:20#result:TRANSACTION_ID:gJW2dtGoyXYsdTUAOTJgZiY5c24=
2022.6.26 05:49:20#Forward to DBBL Payment Gateway Page: https://ecom1.dutchbanglabank.com/ecomm2/ClientHandler?card_type=6&trans_id=gJW2dtGoyXYsdTUAOTJgZiY5c24%3D
2022.6.26 05:49:38#---------------------- Complete New Transaction---------------------
2022.6.26 05:49:38#Get trans_id From Post Value:gJW2dtGoyXYsdTUAOTJgZiY5c24=
2022.6.26 05:49:38#clientIp:37.111.203.208
2022.6.26 05:49:38#trans_id:gJW2dtGoyXYsdTUAOTJgZiY5c24=
2022.6.26 05:49:40#result:RESULT>OK^RESULT_CODE>000^3DSECURE>SKIPPED^RRN>217705112726^APPROVAL_CODE>948368^CARD_NUMBER>999999*********1168^AMOUNT>82000^CARDNAME>mb account^DESCRIPTION>6MBD2003281^TRANS_DATE>2022-06-26 11:49:37 AM
2022.6.26 05:49:40#12988526054940
2022.6.26 05:49:40#=================== Transaction Completed =======================
2022.6.26 06:00:25#=================== Start New Transaction ===================
2022.6.26 06:00:25#txnrefnum:BBG2109029
2022.6.26 06:00:25#clientIp:119.30.45.132
2022.6.26 06:00:25#card type:6
2022.6.26 06:00:25#totalamount:82000
2022.6.26 06:00:30#result:TRANSACTION_ID:YG6auVNXkwpMowAwSQlJqrG2BiQ=
2022.6.26 06:00:31#Forward to DBBL Payment Gateway Page: https://ecom1.dutchbanglabank.com/ecomm2/ClientHandler?card_type=6&trans_id=YG6auVNXkwpMowAwSQlJqrG2BiQ%3D
2022.6.26 06:01:05#---------------------- Complete New Transaction---------------------
2022.6.26 06:01:05#Get trans_id From Post Value:YG6auVNXkwpMowAwSQlJqrG2BiQ=
2022.6.26 06:01:05#clientIp:119.30.45.132
2022.6.26 06:01:05#trans_id:YG6auVNXkwpMowAwSQlJqrG2BiQ=
2022.6.26 06:01:07#result:RESULT>OK^RESULT_CODE>000^3DSECURE>SKIPPED^RRN>217706113984^APPROVAL_CODE>022552^CARD_NUMBER>999999*********0266^AMOUNT>82000^CARDNAME>mb account^DESCRIPTION>6BBG2109029^TRANS_DATE>2022-06-26 12:01:03 PM
2022.6.26 06:01:07#31493926060107
2022.6.26 06:01:07#=================== Transaction Completed =======================
2022.6.26 06:02:48#=================== Start New Transaction ===================
2022.6.26 06:02:48#txnrefnum:BBM2006208
2022.6.26 06:02:48#clientIp:119.30.45.132
2022.6.26 06:02:48#card type:6
2022.6.26 06:02:48#totalamount:242000
2022.6.26 06:02:53#result:TRANSACTION_ID:hSgJwi6msatJyiFPHaHAzm3pydI=
2022.6.26 06:02:53#Forward to DBBL Payment Gateway Page: https://ecom1.dutchbanglabank.com/ecomm2/ClientHandler?card_type=6&trans_id=hSgJwi6msatJyiFPHaHAzm3pydI%3D
2022.6.26 06:03:16#---------------------- Complete New Transaction---------------------
2022.6.26 06:03:16#Get trans_id From Post Value:hSgJwi6msatJyiFPHaHAzm3pydI=
2022.6.26 06:03:16#clientIp:119.30.45.132
2022.6.26 06:03:16#trans_id:hSgJwi6msatJyiFPHaHAzm3pydI=
2022.6.26 06:03:18#result:RESULT>OK^RESULT_CODE>000^3DSECURE>SKIPPED^RRN>217706114221^APPROVAL_CODE>975607^CARD_NUMBER>999999*********0266^AMOUNT>242000^CARDNAME>mb account^DESCRIPTION>6BBM2006208^TRANS_DATE>2022-06-26 12:03:14 PM
2022.6.26 06:03:18#25606926060318
2022.6.26 06:03:18#25606926060318
2022.6.26 06:03:18#25606926060318
2022.6.26 06:03:18#=================== Transaction Completed =======================
2022.6.26 06:04:22#=================== Start New Transaction ===================
2022.6.26 06:04:22#txnrefnum:BBM2006159
2022.6.26 06:04:22#clientIp:119.30.45.132
2022.6.26 06:04:22#card type:6
2022.6.26 06:04:22#totalamount:242000
2022.6.26 06:04:27#result:TRANSACTION_ID:bZhDjpGUWPn2MXCiorhJOUFZBNI=
2022.6.26 06:04:27#Forward to DBBL Payment Gateway Page: https://ecom1.dutchbanglabank.com/ecomm2/ClientHandler?card_type=6&trans_id=bZhDjpGUWPn2MXCiorhJOUFZBNI%3D
2022.6.26 06:04:50#---------------------- Complete New Transaction---------------------
2022.6.26 06:04:50#Get trans_id From Post Value:bZhDjpGUWPn2MXCiorhJOUFZBNI=
2022.6.26 06:04:50#clientIp:119.30.45.132
2022.6.26 06:04:50#trans_id:bZhDjpGUWPn2MXCiorhJOUFZBNI=
2022.6.26 06:04:53#result:RESULT>OK^RESULT_CODE>000^3DSECURE>SKIPPED^RRN>217706114372^APPROVAL_CODE>058842^CARD_NUMBER>999999*********0266^AMOUNT>242000^CARDNAME>mb account^DESCRIPTION>6BBM2006159^TRANS_DATE>2022-06-26 12:04:48 PM
2022.6.26 06:04:53#25618926060453
2022.6.26 06:04:53#25618926060453
2022.6.26 06:04:53#25618926060453
2022.6.26 06:04:53#=================== Transaction Completed =======================
2022.6.26 06:09:19#=================== Start New Transaction ===================
2022.6.26 06:09:19#txnrefnum:MBD2007141
2022.6.26 06:09:19#clientIp:202.134.8.135
2022.6.26 06:09:19#card type:6
2022.6.26 06:09:19#totalamount:482000
2022.6.26 06:09:26#result:TRANSACTION_ID:60VPjD2UYPke4UCBGp3cezO4FOI=
2022.6.26 06:09:26#Forward to DBBL Payment Gateway Page: https://ecom1.dutchbanglabank.com/ecomm2/ClientHandler?card_type=6&trans_id=60VPjD2UYPke4UCBGp3cezO4FOI%3D
2022.6.26 06:09:53#---------------------- Complete New Transaction---------------------
2022.6.26 06:09:53#Get trans_id From Post Value:60VPjD2UYPke4UCBGp3cezO4FOI=
2022.6.26 06:09:53#clientIp:202.134.8.135
2022.6.26 06:09:53#trans_id:60VPjD2UYPke4UCBGp3cezO4FOI=
2022.6.26 06:09:57#result:RESULT>OK^RESULT_CODE>000^3DSECURE>SKIPPED^RRN>217706114951^APPROVAL_CODE>070921^CARD_NUMBER>999999*********7532^AMOUNT>482000^CARDNAME>mb account^DESCRIPTION>6MBD2007141^TRANS_DATE>2022-06-26 12:09:52 PM
2022.6.26 06:09:57#19294526060957
2022.6.26 06:09:57#19294526060957
2022.6.26 06:09:57#19294526060957
2022.6.26 06:09:57#19294526060957
2022.6.26 06:09:57#19294526060957
2022.6.26 06:09:57#19294526060957
2022.6.26 06:09:57#=================== Transaction Completed =======================
2022.6.26 06:11:11#=================== Start New Transaction ===================
2022.6.26 06:11:11#txnrefnum:MEM2208195
2022.6.26 06:11:11#clientIp:37.111.203.208
2022.6.26 06:11:11#card type:6
2022.6.26 06:11:11#totalamount:302000
2022.6.26 06:11:15#result:TRANSACTION_ID:6Ohj8nMCGgQgjik9d1lbXwFkPS4=
2022.6.26 06:11:15#Forward to DBBL Payment Gateway Page: https://ecom1.dutchbanglabank.com/ecomm2/ClientHandler?card_type=6&trans_id=6Ohj8nMCGgQgjik9d1lbXwFkPS4%3D
2022.6.26 06:11:27#---------------------- Complete New Transaction---------------------
2022.6.26 06:11:27#Get trans_id From Post Value:6Ohj8nMCGgQgjik9d1lbXwFkPS4=
2022.6.26 06:11:27#clientIp:37.111.203.208
2022.6.26 06:11:27#trans_id:6Ohj8nMCGgQgjik9d1lbXwFkPS4=
2022.6.26 06:11:29#result:RESULT>OK^RESULT_CODE>000^3DSECURE>SKIPPED^RRN>217706115132^APPROVAL_CODE>140745^CARD_NUMBER>999999*********1168^AMOUNT>302000^CARDNAME>mb account^DESCRIPTION>6MEM2208195^TRANS_DATE>2022-06-26 12:11:26 PM
2022.6.26 06:11:29#18593526061129
2022.6.26 06:11:29#18593526061129
2022.6.26 06:11:29#18593526061129
2022.6.26 06:11:29#=================== Transaction Completed =======================
2022.6.26 06:12:41#=================== Start New Transaction ===================
2022.6.26 06:12:41#txnrefnum:MEM2006009
2022.6.26 06:12:41#clientIp:37.111.203.208
2022.6.26 06:12:41#card type:6
2022.6.26 06:12:41#totalamount:112000
2022.6.26 06:12:46#result:TRANSACTION_ID:vfN9m9DmmELURd810guwM2jXnYc=
2022.6.26 06:12:46#Forward to DBBL Payment Gateway Page: https://ecom1.dutchbanglabank.com/ecomm2/ClientHandler?card_type=6&trans_id=vfN9m9DmmELURd810guwM2jXnYc%3D
2022.6.26 06:13:02#---------------------- Complete New Transaction---------------------
2022.6.26 06:13:02#Get trans_id From Post Value:vfN9m9DmmELURd810guwM2jXnYc=
2022.6.26 06:13:02#clientIp:37.111.203.208
2022.6.26 06:13:02#trans_id:vfN9m9DmmELURd810guwM2jXnYc=
2022.6.26 06:13:04#result:RESULT>OK^RESULT_CODE>000^3DSECURE>SKIPPED^RRN>217706115301^APPROVAL_CODE>078220^CARD_NUMBER>999999*********1168^AMOUNT>112000^CARDNAME>mb account^DESCRIPTION>6MEM2006009^TRANS_DATE>2022-06-26 12:13:00 PM
2022.6.26 06:13:04#17887026061304
2022.6.26 06:13:04#=================== Transaction Completed =======================
2022.6.26 06:13:47#=================== Start New Transaction ===================
2022.6.26 06:13:47#txnrefnum:BBD2008134
2022.6.26 06:13:47#clientIp:119.30.45.132
2022.6.26 06:13:47#card type:6
2022.6.26 06:13:47#totalamount:1311500
2022.6.26 06:13:55#result:TRANSACTION_ID:FF32kkj8BZWxQQo5zY0Sv63rVm8=
2022.6.26 06:13:55#Forward to DBBL Payment Gateway Page: https://ecom1.dutchbanglabank.com/ecomm2/ClientHandler?card_type=6&trans_id=FF32kkj8BZWxQQo5zY0Sv63rVm8%3D
2022.6.26 06:14:02#=================== Start New Transaction ===================
2022.6.26 06:14:02#txnrefnum:MSC22111108
2022.6.26 06:14:02#clientIp:37.111.203.208
2022.6.26 06:14:02#card type:6
2022.6.26 06:14:02#totalamount:262000
2022.6.26 06:14:06#result:TRANSACTION_ID:Nskje1EujUoBVlspOpOeH7SkaN0=
2022.6.26 06:14:06#Forward to DBBL Payment Gateway Page: https://ecom1.dutchbanglabank.com/ecomm2/ClientHandler?card_type=6&trans_id=Nskje1EujUoBVlspOpOeH7SkaN0%3D
2022.6.26 06:14:20#---------------------- Complete New Transaction---------------------
2022.6.26 06:14:20#Get trans_id From Post Value:Nskje1EujUoBVlspOpOeH7SkaN0=
2022.6.26 06:14:20#clientIp:37.111.203.208
2022.6.26 06:14:20#trans_id:Nskje1EujUoBVlspOpOeH7SkaN0=
2022.6.26 06:14:24#result:RESULT>OK^RESULT_CODE>000^3DSECURE>SKIPPED^RRN>217706115452^APPROVAL_CODE>100931^CARD_NUMBER>999999*********1168^AMOUNT>262000^CARDNAME>mb account^DESCRIPTION>6MSC22111108^TRANS_DATE>2022-06-26 12:14:20 PM
2022.6.26 06:14:24#221626061424
2022.6.26 06:14:24#221626061424
2022.6.26 06:14:24#=================== Transaction Completed =======================
2022.6.26 06:15:47#---------------------- Complete New Transaction---------------------
2022.6.26 06:15:47#Get trans_id From Post Value:FF32kkj8BZWxQQo5zY0Sv63rVm8=
2022.6.26 06:15:47#clientIp:119.30.45.132
2022.6.26 06:15:47#trans_id:FF32kkj8BZWxQQo5zY0Sv63rVm8=
2022.6.26 06:15:51#result:RESULT>OK^RESULT_CODE>000^3DSECURE>SKIPPED^RRN>217706115592^APPROVAL_CODE>148875^CARD_NUMBER>999999*********0266^AMOUNT>1311500^CARDNAME>mb account^DESCRIPTION>6BBD2008134^TRANS_DATE>2022-06-26 12:15:43 PM
2022.6.26 06:15:51#26862026061551
2022.6.26 06:15:51#26862026061551
2022.6.26 06:15:51#26862026061551
2022.6.26 06:15:51#26862026061551
2022.6.26 06:15:51#26862026061551
2022.6.26 06:15:51#26862026061551
2022.6.26 06:15:51#26862026061551
2022.6.26 06:15:51#26862026061551
2022.6.26 06:15:51#26862026061551
2022.6.26 06:15:51#=================== Transaction Completed =======================
2022.6.26 06:16:41#=================== Start New Transaction ===================
2022.6.26 06:16:41#txnrefnum:MSC22111268
2022.6.26 06:16:41#clientIp:37.111.203.208
2022.6.26 06:16:41#card type:6
2022.6.26 06:16:41#totalamount:262000
2022.6.26 06:16:48#result:TRANSACTION_ID:HdjZKVVxNZXSObGLqjHPgTAHrS8=
2022.6.26 06:16:48#Forward to DBBL Payment Gateway Page: https://ecom1.dutchbanglabank.com/ecomm2/ClientHandler?card_type=6&trans_id=HdjZKVVxNZXSObGLqjHPgTAHrS8%3D
2022.6.26 06:17:03#---------------------- Complete New Transaction---------------------
2022.6.26 06:17:03#Get trans_id From Post Value:HdjZKVVxNZXSObGLqjHPgTAHrS8=
2022.6.26 06:17:03#clientIp:37.111.203.208
2022.6.26 06:17:03#trans_id:HdjZKVVxNZXSObGLqjHPgTAHrS8=
2022.6.26 06:17:07#result:RESULT>OK^RESULT_CODE>000^3DSECURE>SKIPPED^RRN>217706115729^APPROVAL_CODE>106344^CARD_NUMBER>999999*********1168^AMOUNT>262000^CARDNAME>mb account^DESCRIPTION>6MSC22111268^TRANS_DATE>2022-06-26 12:17:02 PM
2022.6.26 06:17:07#1488526061707
2022.6.26 06:17:07#1488526061707
2022.6.26 06:17:07#=================== Transaction Completed =======================
2022.6.26 06:18:27#=================== Start New Transaction ===================
2022.6.26 06:18:27#txnrefnum:BBD2008018
2022.6.26 06:18:27#clientIp:119.30.45.132
2022.6.26 06:18:27#card type:6
2022.6.26 06:18:27#totalamount:82000
2022.6.26 06:18:34#result:TRANSACTION_ID:4VX3suqTwLkwJtadhWt8EZDYjaA=
2022.6.26 06:18:34#Forward to DBBL Payment Gateway Page: https://ecom1.dutchbanglabank.com/ecomm2/ClientHandler?card_type=6&trans_id=4VX3suqTwLkwJtadhWt8EZDYjaA%3D
2022.6.26 06:18:53#---------------------- Complete New Transaction---------------------
2022.6.26 06:18:53#Get trans_id From Post Value:4VX3suqTwLkwJtadhWt8EZDYjaA=
2022.6.26 06:18:53#clientIp:119.30.45.132
2022.6.26 06:18:53#trans_id:4VX3suqTwLkwJtadhWt8EZDYjaA=
2022.6.26 06:18:56#result:RESULT>OK^RESULT_CODE>000^3DSECURE>SKIPPED^RRN>217706115933^APPROVAL_CODE>154908^CARD_NUMBER>999999*********0266^AMOUNT>82000^CARDNAME>mb account^DESCRIPTION>6BBD2008018^TRANS_DATE>2022-06-26 12:18:51 PM
2022.6.26 06:18:56#31409026061856
2022.6.26 06:18:56#=================== Transaction Completed =======================
2022.6.26 06:22:14#=================== Start New Transaction ===================
2022.6.26 06:22:14#txnrefnum:BBD2008214
2022.6.26 06:22:14#clientIp:119.30.45.132
2022.6.26 06:22:14#card type:6
2022.6.26 06:22:14#totalamount:82000
2022.6.26 06:22:21#result:TRANSACTION_ID:rnUKHywxvdxt4kCfkSWx6u6uVtk=
2022.6.26 06:22:21#Forward to DBBL Payment Gateway Page: https://ecom1.dutchbanglabank.com/ecomm2/ClientHandler?card_type=6&trans_id=rnUKHywxvdxt4kCfkSWx6u6uVtk%3D
2022.6.26 06:22:39#---------------------- Complete New Transaction---------------------
2022.6.26 06:22:39#Get trans_id From Post Value:rnUKHywxvdxt4kCfkSWx6u6uVtk=
2022.6.26 06:22:39#clientIp:119.30.45.132
2022.6.26 06:22:39#trans_id:rnUKHywxvdxt4kCfkSWx6u6uVtk=
2022.6.26 06:22:44#result:RESULT>OK^RESULT_CODE>000^3DSECURE>SKIPPED^RRN>217706116330^APPROVAL_CODE>118203^CARD_NUMBER>999999*********0266^AMOUNT>82000^CARDNAME>mb account^DESCRIPTION>6BBD2008214^TRANS_DATE>2022-06-26 12:22:37 PM
2022.6.26 06:22:44#31423926062244
2022.6.26 06:22:44#=================== Transaction Completed =======================
2022.6.26 06:22:50#=================== Start New Transaction ===================
2022.6.26 06:22:50#txnrefnum:MBB2109024
2022.6.26 06:22:50#clientIp:103.14.72.94
2022.6.26 06:22:50#card type:6
2022.6.26 06:22:50#totalamount:32000
2022.6.26 06:23:05#result:TRANSACTION_ID:WPVT8BA8oSMbO5XVqGe6cLXStSo=
2022.6.26 06:23:05#Forward to DBBL Payment Gateway Page: https://ecom1.dutchbanglabank.com/ecomm2/ClientHandler?card_type=6&trans_id=WPVT8BA8oSMbO5XVqGe6cLXStSo%3D
2022.6.26 06:24:00#=================== Start New Transaction ===================
2022.6.26 06:24:00#txnrefnum:MBD2007070
2022.6.26 06:24:00#clientIp:37.111.203.208
2022.6.26 06:24:00#card type:6
2022.6.26 06:24:00#totalamount:162000
2022.6.26 06:24:10#result:TRANSACTION_ID:A1PUEqHPWkGNpo0j5ffGVip1I6U=
2022.6.26 06:24:10#Forward to DBBL Payment Gateway Page: https://ecom1.dutchbanglabank.com/ecomm2/ClientHandler?card_type=6&trans_id=A1PUEqHPWkGNpo0j5ffGVip1I6U%3D
2022.6.26 06:24:22#---------------------- Complete New Transaction---------------------
2022.6.26 06:24:22#Get trans_id From Post Value:WPVT8BA8oSMbO5XVqGe6cLXStSo=
2022.6.26 06:24:22#clientIp:103.14.72.94
2022.6.26 06:24:22#trans_id:WPVT8BA8oSMbO5XVqGe6cLXStSo=
2022.6.26 06:24:23#---------------------- Complete New Transaction---------------------
2022.6.26 06:24:23#Get trans_id From Post Value:A1PUEqHPWkGNpo0j5ffGVip1I6U=
2022.6.26 06:24:23#clientIp:37.111.203.208
2022.6.26 06:24:23#trans_id:A1PUEqHPWkGNpo0j5ffGVip1I6U=
2022.6.26 06:24:27#result:RESULT>OK^RESULT_CODE>000^3DSECURE>SKIPPED^RRN>217706116506^APPROVAL_CODE>163936^CARD_NUMBER>999999*********8625^AMOUNT>32000^CARDNAME>mb account^DESCRIPTION>6MBB2109024^TRANS_DATE>2022-06-26 12:24:20 PM
2022.6.26 06:24:27#30342926062427
2022.6.26 06:24:27#=================== Transaction Completed =======================
2022.6.26 06:24:27#result:RESULT>OK^RESULT_CODE>000^3DSECURE>SKIPPED^RRN>217706116510^APPROVAL_CODE>203969^CARD_NUMBER>999999*********1168^AMOUNT>162000^CARDNAME>mb account^DESCRIPTION>6MBD2007070^TRANS_DATE>2022-06-26 12:24:22 PM
2022.6.26 06:24:27#19212926062427
2022.6.26 06:24:27#19212926062427
2022.6.26 06:24:27#=================== Transaction Completed =======================
2022.6.26 06:25:26#=================== Start New Transaction ===================
2022.6.26 06:25:26#txnrefnum:BBD2008121
2022.6.26 06:25:26#clientIp:119.30.45.132
2022.6.26 06:25:26#card type:6
2022.6.26 06:25:26#totalamount:402000
2022.6.26 06:25:39#result:TRANSACTION_ID:tQzLvPCZv4Ib0OS5toBe6OZII4s=
2022.6.26 06:25:39#Forward to DBBL Payment Gateway Page: https://ecom1.dutchbanglabank.com/ecomm2/ClientHandler?card_type=6&trans_id=tQzLvPCZv4Ib0OS5toBe6OZII4s%3D
2022.6.26 06:25:45#=================== Start New Transaction ===================
2022.6.26 06:25:45#txnrefnum:MBD2206187
2022.6.26 06:25:45#clientIp:37.111.203.208
2022.6.26 06:25:45#card type:6
2022.6.26 06:25:45#totalamount:82000
2022.6.26 06:26:01#result:TRANSACTION_ID:ZDJPhBQtBoWi7hNw9Js2EdYlYeM=
2022.6.26 06:26:01#Forward to DBBL Payment Gateway Page: https://ecom1.dutchbanglabank.com/ecomm2/ClientHandler?card_type=6&trans_id=ZDJPhBQtBoWi7hNw9Js2EdYlYeM%3D
2022.6.26 06:26:02#=================== Start New Transaction ===================
2022.6.26 06:26:02#txnrefnum:BBD2008121
2022.6.26 06:26:02#clientIp:119.30.45.132
2022.6.26 06:26:02#card type:6
2022.6.26 06:26:02#totalamount:482000
2022.6.26 06:26:16#---------------------- Complete New Transaction---------------------
2022.6.26 06:26:16#Get trans_id From Post Value:ZDJPhBQtBoWi7hNw9Js2EdYlYeM=
2022.6.26 06:26:16#clientIp:37.111.203.208
2022.6.26 06:26:16#trans_id:ZDJPhBQtBoWi7hNw9Js2EdYlYeM=
2022.6.26 06:26:18#result:TRANSACTION_ID:9751GVufAYu0CDQ3BV45KIUbzEU=
2022.6.26 06:26:18#Forward to DBBL Payment Gateway Page: https://ecom1.dutchbanglabank.com/ecomm2/ClientHandler?card_type=6&trans_id=9751GVufAYu0CDQ3BV45KIUbzEU%3D
2022.6.26 06:26:27#result:RESULT>OK^RESULT_CODE>000^3DSECURE>SKIPPED^RRN>217706116712^APPROVAL_CODE>208428^CARD_NUMBER>999999*********1168^AMOUNT>82000^CARDNAME>mb account^DESCRIPTION>6MBD2206187^TRANS_DATE>2022-06-26 12:26:14 PM
2022.6.26 06:26:27#15298926062627
2022.6.26 06:26:27#=================== Transaction Completed =======================
2022.6.26 06:26:38#---------------------- Complete New Transaction---------------------
2022.6.26 06:26:38#Get trans_id From Post Value:9751GVufAYu0CDQ3BV45KIUbzEU=
2022.6.26 06:26:38#clientIp:119.30.45.132
2022.6.26 06:26:38#trans_id:9751GVufAYu0CDQ3BV45KIUbzEU=
2022.6.26 06:26:43#result:RESULT>OK^RESULT_CODE>000^3DSECURE>SKIPPED^RRN>217706116751^APPROVAL_CODE>126695^CARD_NUMBER>999999*********0266^AMOUNT>482000^CARDNAME>mb account^DESCRIPTION>6BBD2008121^TRANS_DATE>2022-06-26 12:26:34 PM
2022.6.26 06:26:43#26782926062643
2022.6.26 06:26:43#26782926062643
2022.6.26 06:26:43#26782926062643
2022.6.26 06:26:43#26782926062643
2022.6.26 06:26:43#26782926062643
2022.6.26 06:26:43#26782926062643
2022.6.26 06:26:43#=================== Transaction Completed =======================
2022.6.26 06:28:23#=================== Start New Transaction ===================
2022.6.26 06:28:23#txnrefnum:MBD2008201
2022.6.26 06:28:23#clientIp:37.111.203.208
2022.6.26 06:28:23#card type:6
2022.6.26 06:28:23#totalamount:322000
2022.6.26 06:28:28#result:TRANSACTION_ID:PPSsASjHZXPP4pmZtsbXgJDax2w=
2022.6.26 06:28:28#Forward to DBBL Payment Gateway Page: https://ecom1.dutchbanglabank.com/ecomm2/ClientHandler?card_type=6&trans_id=PPSsASjHZXPP4pmZtsbXgJDax2w%3D
2022.6.26 06:28:49#---------------------- Complete New Transaction---------------------
2022.6.26 06:28:49#Get trans_id From Post Value:PPSsASjHZXPP4pmZtsbXgJDax2w=
2022.6.26 06:28:49#clientIp:37.111.203.208
2022.6.26 06:28:49#trans_id:PPSsASjHZXPP4pmZtsbXgJDax2w=
2022.6.26 06:28:52#result:RESULT>OK^RESULT_CODE>000^3DSECURE>SKIPPED^RRN>217706117019^APPROVAL_CODE>172348^CARD_NUMBER>999999*********1168^AMOUNT>322000^CARDNAME>mb account^DESCRIPTION>6MBD2008201^TRANS_DATE>2022-06-26 12:28:48 PM
2022.6.26 06:28:52#21253926062852
2022.6.26 06:28:52#21253926062852
2022.6.26 06:28:52#21253926062852
2022.6.26 06:28:52#21253926062852
2022.6.26 06:28:52#=================== Transaction Completed =======================
2022.6.26 06:32:06#=================== Start New Transaction ===================
2022.6.26 06:32:06#txnrefnum:MBD2203418
2022.6.26 06:32:06#clientIp:37.111.203.208
2022.6.26 06:32:06#card type:6
2022.6.26 06:32:06#totalamount:82000
2022.6.26 06:32:10#result:TRANSACTION_ID:Npt7O17KR0S9kK3hYl7POT72ut0=
2022.6.26 06:32:10#Forward to DBBL Payment Gateway Page: https://ecom1.dutchbanglabank.com/ecomm2/ClientHandler?card_type=6&trans_id=Npt7O17KR0S9kK3hYl7POT72ut0%3D
2022.6.26 06:32:28#---------------------- Complete New Transaction---------------------
2022.6.26 06:32:28#Get trans_id From Post Value:Npt7O17KR0S9kK3hYl7POT72ut0=
2022.6.26 06:32:28#clientIp:37.111.203.208
2022.6.26 06:32:28#trans_id:Npt7O17KR0S9kK3hYl7POT72ut0=
2022.6.26 06:32:30#result:RESULT>OK^RESULT_CODE>000^3DSECURE>SKIPPED^RRN>217706117444^APPROVAL_CODE>138642^CARD_NUMBER>999999*********1168^AMOUNT>82000^CARDNAME>mb account^DESCRIPTION>6MBD2203418^TRANS_DATE>2022-06-26 12:32:27 PM
2022.6.26 06:32:30#10683126063230
2022.6.26 06:32:30#=================== Transaction Completed =======================
2022.6.26 06:37:28#=================== Start New Transaction ===================
2022.6.26 06:37:28#txnrefnum:BBM2008069
2022.6.26 06:37:28#clientIp:43.245.123.11
2022.6.26 06:37:28#card type:6
2022.6.26 06:37:28#totalamount:482000
2022.6.26 06:37:37#result:TRANSACTION_ID:PT1FxhGck9RXnIAnZqesZb6IwAU=
2022.6.26 06:37:37#Forward to DBBL Payment Gateway Page: https://ecom1.dutchbanglabank.com/ecomm2/ClientHandler?card_type=6&trans_id=PT1FxhGck9RXnIAnZqesZb6IwAU%3D
2022.6.26 06:39:30#---------------------- Complete New Transaction---------------------
2022.6.26 06:39:30#Get trans_id From Post Value:PT1FxhGck9RXnIAnZqesZb6IwAU=
2022.6.26 06:39:30#clientIp:43.245.123.11
2022.6.26 06:39:30#trans_id:PT1FxhGck9RXnIAnZqesZb6IwAU=
2022.6.26 06:39:34#result:RESULT>OK^RESULT_CODE>000^3DSECURE>SKIPPED^RRN>217706118270^APPROVAL_CODE>291226^CARD_NUMBER>999999*********7275^AMOUNT>482000^CARDNAME>mb account^DESCRIPTION>6BBM2008069^TRANS_DATE>2022-06-26 12:39:28 PM
2022.6.26 06:39:34#27121326063934
2022.6.26 06:39:34#27121326063934
2022.6.26 06:39:34#27121326063934
2022.6.26 06:39:34#27121326063934
2022.6.26 06:39:34#27121326063934
2022.6.26 06:39:34#27121326063934
2022.6.26 06:39:34#=================== Transaction Completed =======================
2022.6.26 06:49:47#=================== Start New Transaction ===================
2022.6.26 06:49:47#txnrefnum:MBD2003064
2022.6.26 06:49:47#clientIp:37.111.203.208
2022.6.26 06:49:47#card type:6
2022.6.26 06:49:47#totalamount:82000
2022.6.26 06:49:52#result:TRANSACTION_ID:SdjNCSLL9ZqegCSpujwgRN5BBiw=
2022.6.26 06:49:52#Forward to DBBL Payment Gateway Page: https://ecom1.dutchbanglabank.com/ecomm2/ClientHandler?card_type=6&trans_id=SdjNCSLL9ZqegCSpujwgRN5BBiw%3D
2022.6.26 06:50:28#---------------------- Complete New Transaction---------------------
2022.6.26 06:50:28#Get trans_id From Post Value:SdjNCSLL9ZqegCSpujwgRN5BBiw=
2022.6.26 06:50:28#clientIp:37.111.203.208
2022.6.26 06:50:28#trans_id:SdjNCSLL9ZqegCSpujwgRN5BBiw=
2022.6.26 06:50:30#result:RESULT>OK^RESULT_CODE>000^3DSECURE>SKIPPED^RRN>217706119498^APPROVAL_CODE>274330^CARD_NUMBER>999999*********1168^AMOUNT>82000^CARDNAME>mb account^DESCRIPTION>6MBD2003064^TRANS_DATE>2022-06-26 12:50:27 PM
2022.6.26 06:50:30#12760526065030
2022.6.26 06:50:30#=================== Transaction Completed =======================
2022.6.26 07:05:58#=================== Start New Transaction ===================
2022.6.26 07:05:58#txnrefnum:MBD2006155
2022.6.26 07:05:58#clientIp:202.134.8.135
2022.6.26 07:05:58#card type:6
2022.6.26 07:05:58#totalamount:482000
2022.6.26 07:06:06#result:TRANSACTION_ID:hZw4Px4cKP2Xa3Isl6RSxG3pFqU=
2022.6.26 07:06:06#Forward to DBBL Payment Gateway Page: https://ecom1.dutchbanglabank.com/ecomm2/ClientHandler?card_type=6&trans_id=hZw4Px4cKP2Xa3Isl6RSxG3pFqU%3D
2022.6.26 07:06:43#---------------------- Complete New Transaction---------------------
2022.6.26 07:06:43#Get trans_id From Post Value:hZw4Px4cKP2Xa3Isl6RSxG3pFqU=
2022.6.26 07:06:43#clientIp:202.134.8.135
2022.6.26 07:06:43#trans_id:hZw4Px4cKP2Xa3Isl6RSxG3pFqU=
2022.6.26 07:06:46#result:RESULT>OK^RESULT_CODE>000^3DSECURE>SKIPPED^RRN>217707121334^APPROVAL_CODE>494657^CARD_NUMBER>999999*********7532^AMOUNT>482000^CARDNAME>mb account^DESCRIPTION>6MBD2006155^TRANS_DATE>2022-06-26 01:06:42 PM
2022.6.26 07:06:46#18090626070646
2022.6.26 07:06:46#18090626070646
2022.6.26 07:06:46#18090626070646
2022.6.26 07:06:46#18090626070646
2022.6.26 07:06:46#18090626070646
2022.6.26 07:06:46#18090626070646
2022.6.26 07:06:46#=================== Transaction Completed =======================
2022.6.26 07:24:07#=================== Start New Transaction ===================
2022.6.26 07:24:07#txnrefnum:BBD2201383
2022.6.26 07:24:07#clientIp:114.130.156.54
2022.6.26 07:24:07#card type:6
2022.6.26 07:24:07#totalamount:82000
2022.6.26 07:24:09#=================== Start New Transaction ===================
2022.6.26 07:24:09#txnrefnum:BBD2201383
2022.6.26 07:24:09#clientIp:114.130.156.54
2022.6.26 07:24:09#card type:6
2022.6.26 07:24:09#totalamount:82000
2022.6.26 07:24:11#result:TRANSACTION_ID:OSDaRqEBJMI0vZQ9UEGy2QJl4aU=
2022.6.26 07:24:11#Forward to DBBL Payment Gateway Page: https://ecom1.dutchbanglabank.com/ecomm2/ClientHandler?card_type=6&trans_id=OSDaRqEBJMI0vZQ9UEGy2QJl4aU%3D
2022.6.26 07:24:13#result:TRANSACTION_ID:fyEBItbDzuYnmSHgvURIaTXS6kU=
2022.6.26 07:24:13#Forward to DBBL Payment Gateway Page: https://ecom1.dutchbanglabank.com/ecomm2/ClientHandler?card_type=6&trans_id=fyEBItbDzuYnmSHgvURIaTXS6kU%3D
2022.6.26 07:24:49#=================== Start New Transaction ===================
2022.6.26 07:24:49#txnrefnum:BBM2007236
2022.6.26 07:24:49#clientIp:202.134.14.141
2022.6.26 07:24:49#card type:6
2022.6.26 07:24:49#totalamount:242000
2022.6.26 07:24:55#result:TRANSACTION_ID:OiJAPN9430PRD1vrYmitQCLSJPo=
2022.6.26 07:24:56#Forward to DBBL Payment Gateway Page: https://ecom1.dutchbanglabank.com/ecomm2/ClientHandler?card_type=6&trans_id=OiJAPN9430PRD1vrYmitQCLSJPo%3D
2022.6.26 07:25:13#---------------------- Complete New Transaction---------------------
2022.6.26 07:25:13#Get trans_id From Post Value:fyEBItbDzuYnmSHgvURIaTXS6kU=
2022.6.26 07:25:13#clientIp:114.130.156.54
2022.6.26 07:25:13#trans_id:fyEBItbDzuYnmSHgvURIaTXS6kU=
2022.6.26 07:25:15#result:RESULT>OK^RESULT_CODE>000^3DSECURE>SKIPPED^RRN>217707123276^APPROVAL_CODE>547375^CARD_NUMBER>999999*********6175^AMOUNT>82000^CARDNAME>mb account^DESCRIPTION>6BBD2201383^TRANS_DATE>2022-06-26 01:25:11 PM
2022.6.26 07:25:15#22348026072515
2022.6.26 07:25:15#=================== Transaction Completed =======================
2022.6.26 07:27:37#=================== Start New Transaction ===================
2022.6.26 07:27:37#txnrefnum:BBM2007236
2022.6.26 07:27:37#clientIp:202.134.14.141
2022.6.26 07:27:37#card type:6
2022.6.26 07:27:37#totalamount:242000
2022.6.26 07:27:41#result:TRANSACTION_ID:XNDHs8YTG1sMU5x5JuV9u4knN8A=
2022.6.26 07:27:41#Forward to DBBL Payment Gateway Page: https://ecom1.dutchbanglabank.com/ecomm2/ClientHandler?card_type=6&trans_id=XNDHs8YTG1sMU5x5JuV9u4knN8A%3D
2022.6.26 07:28:37#---------------------- Complete New Transaction---------------------
2022.6.26 07:28:37#Get trans_id From Post Value:XNDHs8YTG1sMU5x5JuV9u4knN8A=
2022.6.26 07:28:37#clientIp:202.134.14.141
2022.6.26 07:28:37#trans_id:XNDHs8YTG1sMU5x5JuV9u4knN8A=
2022.6.26 07:28:39#result:RESULT>OK^RESULT_CODE>000^3DSECURE>SKIPPED^RRN>217707123607^APPROVAL_CODE>554003^CARD_NUMBER>999999*********7625^AMOUNT>242000^CARDNAME>mb account^DESCRIPTION>6BBM2007236^TRANS_DATE>2022-06-26 01:28:36 PM
2022.6.26 07:28:39#26246826072839
2022.6.26 07:28:39#26246826072839
2022.6.26 07:28:39#26246826072839
2022.6.26 07:28:39#=================== Transaction Completed =======================
2022.6.26 08:56:47#=================== Start New Transaction ===================
2022.6.26 08:56:47#txnrefnum:MBD2006052
2022.6.26 08:56:47#clientIp:202.134.10.136
2022.6.26 08:56:47#card type:6
2022.6.26 08:56:47#totalamount:322000
2022.6.26 08:56:52#result:TRANSACTION_ID:4mnjzZgKMhB9akDZfptccDee720=
2022.6.26 08:56:52#Forward to DBBL Payment Gateway Page: https://ecom1.dutchbanglabank.com/ecomm2/ClientHandler?card_type=6&trans_id=4mnjzZgKMhB9akDZfptccDee720%3D
2022.6.26 08:58:08#---------------------- Complete New Transaction---------------------
2022.6.26 08:58:08#Get trans_id From Post Value:4mnjzZgKMhB9akDZfptccDee720=
2022.6.26 08:58:08#clientIp:202.134.10.136
2022.6.26 08:58:08#trans_id:4mnjzZgKMhB9akDZfptccDee720=
2022.6.26 08:58:11#result:RESULT>OK^RESULT_CODE>000^3DSECURE>SKIPPED^RRN>217708131956^APPROVAL_CODE>907567^CARD_NUMBER>999999*********7532^AMOUNT>322000^CARDNAME>mb account^DESCRIPTION>6MBD2006052^TRANS_DATE>2022-06-26 02:58:02 PM
2022.6.26 08:58:11#17961226085811
2022.6.26 08:58:11#17961226085811
2022.6.26 08:58:11#17961226085811
2022.6.26 08:58:11#17961226085811
2022.6.26 08:58:11#=================== Transaction Completed =======================
2022.6.26 09:05:54#=================== Start New Transaction ===================
2022.6.26 09:05:54#txnrefnum:MBB2102087
2022.6.26 09:05:54#clientIp:116.206.252.155
2022.6.26 09:05:54#card type:6
2022.6.26 09:05:54#totalamount:82000
2022.6.26 09:05:59#result:TRANSACTION_ID:JDfmRlPnp3swGlsLoYCNrol34pA=
2022.6.26 09:05:59#Forward to DBBL Payment Gateway Page: https://ecom1.dutchbanglabank.com/ecomm2/ClientHandler?card_type=6&trans_id=JDfmRlPnp3swGlsLoYCNrol34pA%3D
2022.6.26 11:54:35#=================== Start New Transaction ===================
2022.6.26 11:54:35#txnrefnum:MBB2109110
2022.6.26 11:54:35#clientIp:103.217.111.29
2022.6.26 11:54:35#card type:6
2022.6.26 11:54:35#totalamount:162000
2022.6.26 11:54:38#=================== Start New Transaction ===================
2022.6.26 11:54:38#txnrefnum:MBB2109110
2022.6.26 11:54:38#clientIp:103.217.111.29
2022.6.26 11:54:38#card type:6
2022.6.26 11:54:38#totalamount:162000
2022.6.26 11:54:43#result:TRANSACTION_ID:AtPUGd4BeTfOZZ66UmskT2STSNA=
2022.6.26 11:54:44#Forward to DBBL Payment Gateway Page: https://ecom1.dutchbanglabank.com/ecomm2/ClientHandler?card_type=6&trans_id=AtPUGd4BeTfOZZ66UmskT2STSNA%3D
2022.6.26 11:54:46#result:TRANSACTION_ID:fgEqmoiAUJSR7XzdbHvsSWkYJHo=
2022.6.26 11:54:46#Forward to DBBL Payment Gateway Page: https://ecom1.dutchbanglabank.com/ecomm2/ClientHandler?card_type=6&trans_id=fgEqmoiAUJSR7XzdbHvsSWkYJHo%3D
2022.6.26 11:55:23#---------------------- Complete New Transaction---------------------
2022.6.26 11:55:23#Get trans_id From Post Value:fgEqmoiAUJSR7XzdbHvsSWkYJHo=
2022.6.26 11:55:23#clientIp:103.217.111.29
2022.6.26 11:55:23#trans_id:fgEqmoiAUJSR7XzdbHvsSWkYJHo=
2022.6.26 11:55:25#result:RESULT>OK^RESULT_CODE>000^3DSECURE>SKIPPED^RRN>217711146041^APPROVAL_CODE>677282^CARD_NUMBER>999999*********0001^AMOUNT>162000^CARDNAME>mb account^DESCRIPTION>6MBB2109110^TRANS_DATE>2022-06-26 05:55:22 PM
2022.6.26 11:55:25#21394526115525
2022.6.26 11:55:25#21394526115525
2022.6.26 11:55:25#=================== Transaction Completed =======================
2022.6.26 13:30:47#=================== Start New Transaction ===================
2022.6.26 13:30:47#txnrefnum:MBD2006296
2022.6.26 13:30:47#clientIp:103.134.170.24
2022.6.26 13:30:47#card type:6
2022.6.26 13:30:47#totalamount:302000
2022.6.26 13:31:03#result:TRANSACTION_ID:kuVTMwHzzcz2bAx0wHGWA9KnYak=
2022.6.26 13:31:03#Forward to DBBL Payment Gateway Page: https://ecom1.dutchbanglabank.com/ecomm2/ClientHandler?card_type=6&trans_id=kuVTMwHzzcz2bAx0wHGWA9KnYak%3D
2022.6.26 13:31:33#---------------------- Complete New Transaction---------------------
2022.6.26 13:31:33#Get trans_id From Post Value:kuVTMwHzzcz2bAx0wHGWA9KnYak=
2022.6.26 13:31:33#clientIp:103.134.170.24
2022.6.26 13:31:33#trans_id:kuVTMwHzzcz2bAx0wHGWA9KnYak=
2022.6.26 13:31:37#result:RESULT>OK^RESULT_CODE>000^3DSECURE>SKIPPED^RRN>217713153569^APPROVAL_CODE>226057^CARD_NUMBER>999999*********5560^AMOUNT>302000^CARDNAME>mb account^DESCRIPTION>6MBD2006296^TRANS_DATE>2022-06-26 07:31:32 PM
2022.6.26 13:31:37#29753126013137
2022.6.26 13:31:37#29753126013137
2022.6.26 13:31:37#=================== Transaction Completed =======================
2022.6.26 13:44:53#=================== Start New Transaction ===================
2022.6.26 13:44:53#txnrefnum:MBM2008095
2022.6.26 13:44:53#clientIp:144.48.115.137
2022.6.26 13:44:53#card type:6
2022.6.26 13:44:53#totalamount:482000
2022.6.26 13:45:13#result:TRANSACTION_ID:YHISeKOalv7FhLlE6AGHOMWap4Q=
2022.6.26 13:45:13#Forward to DBBL Payment Gateway Page: https://ecom1.dutchbanglabank.com/ecomm2/ClientHandler?card_type=6&trans_id=YHISeKOalv7FhLlE6AGHOMWap4Q%3D
2022.6.26 15:48:03#=================== Start New Transaction ===================
2022.6.26 15:48:03#txnrefnum:BBD2008107
2022.6.26 15:48:03#clientIp:103.204.247.18
2022.6.26 15:48:03#card type:6
2022.6.26 15:48:03#totalamount:242000
2022.6.26 15:48:11#result:TRANSACTION_ID:yjwUHb4vxDHMNTNAyQdFi0jLWO8=
2022.6.26 15:48:12#Forward to DBBL Payment Gateway Page: https://ecom1.dutchbanglabank.com/ecomm2/ClientHandler?card_type=6&trans_id=yjwUHb4vxDHMNTNAyQdFi0jLWO8%3D
2022.6.26 15:48:42#---------------------- Complete New Transaction---------------------
2022.6.26 15:48:42#Get trans_id From Post Value:yjwUHb4vxDHMNTNAyQdFi0jLWO8=
2022.6.26 15:48:42#clientIp:103.204.247.18
2022.6.26 15:48:42#trans_id:yjwUHb4vxDHMNTNAyQdFi0jLWO8=
2022.6.26 15:48:45#result:RESULT>OK^RESULT_CODE>000^3DSECURE>SKIPPED^RRN>217715165021^APPROVAL_CODE>232598^CARD_NUMBER>999999*********2298^AMOUNT>242000^CARDNAME>mb account^DESCRIPTION>6BBD2008107^TRANS_DATE>2022-06-26 09:48:42 PM
2022.6.26 15:48:45#26774726034845
2022.6.26 15:48:45#26774726034845
2022.6.26 15:48:45#26774726034845
2022.6.26 15:48:45#=================== Transaction Completed =======================
2022.6.26 16:16:12#=================== Start New Transaction ===================
2022.6.26 16:16:12#txnrefnum:MSC22110097
2022.6.26 16:16:12#clientIp:37.111.193.69
2022.6.26 16:16:12#card type:6
2022.6.26 16:16:12#totalamount:262000
2022.6.26 16:16:20#result:TRANSACTION_ID:AAjqN7VMHtRJkqb83PQrZJVwNQI=
2022.6.26 16:16:20#Forward to DBBL Payment Gateway Page: https://ecom1.dutchbanglabank.com/ecomm2/ClientHandler?card_type=6&trans_id=AAjqN7VMHtRJkqb83PQrZJVwNQI%3D
2022.6.26 16:17:09#---------------------- Complete New Transaction---------------------
2022.6.26 16:17:09#Get trans_id From Post Value:AAjqN7VMHtRJkqb83PQrZJVwNQI=
2022.6.26 16:17:09#clientIp:37.111.193.69
2022.6.26 16:17:09#trans_id:AAjqN7VMHtRJkqb83PQrZJVwNQI=
2022.6.26 16:17:12#result:RESULT>OK^RESULT_CODE>000^3DSECURE>SKIPPED^RRN>217716166938^APPROVAL_CODE>333783^CARD_NUMBER>999999*********8685^AMOUNT>262000^CARDNAME>mb account^DESCRIPTION>6MSC22110097^TRANS_DATE>2022-06-26 10:17:07 PM
2022.6.26 16:17:12#1386726041712
2022.6.26 16:17:12#1386726041712
2022.6.26 16:17:12#=================== Transaction Completed =======================