
2023.6.25 03:21:49#=================== Start New Transaction ===================
2023.6.25 03:21:49#=================== Start New Transaction ===================
2023.6.25 03:21:49#=================== Start New Transaction ===================
2023.6.25 03:32:48#=================== Start New Transaction ===================
2023.6.25 03:32:48#txnrefnum:MBD2204304
2023.6.25 03:32:48#clientIp:202.134.14.141
2023.6.25 03:32:48#card type:6
2023.6.25 03:32:48#totalamount:302000
2023.6.25 03:32:52#result:TRANSACTION_ID:M2z2DnMIJBW1Car4udMvesaShdk=
2023.6.25 03:32:53#Forward to DBBL Payment Gateway Page: https://ecom1.dutchbanglabank.com/ecomm2/ClientHandler?card_type=6&trans_id=M2z2DnMIJBW1Car4udMvesaShdk%3D
2023.6.25 06:01:15#=================== Start New Transaction ===================
2023.6.25 06:01:15#txnrefnum:MBD2301447
2023.6.25 06:01:15#clientIp:119.18.151.65
2023.6.25 06:01:15#card type:6
2023.6.25 06:01:15#totalamount:202000
2023.6.25 06:01:17#result:TRANSACTION_ID:Dje1FWo8sMVmkRfKvlA9PfQYpkk=
2023.6.25 06:01:18#Forward to DBBL Payment Gateway Page: https://ecom1.dutchbanglabank.com/ecomm2/ClientHandler?card_type=6&trans_id=Dje1FWo8sMVmkRfKvlA9PfQYpkk%3D
2023.6.25 06:01:52#=================== Start New Transaction ===================
2023.6.25 06:01:52#txnrefnum:MBD2301447
2023.6.25 06:01:52#clientIp:119.18.151.65
2023.6.25 06:01:52#card type:6
2023.6.25 06:01:52#totalamount:202000
2023.6.25 06:01:55#result:TRANSACTION_ID:Q7VMSXA2jzSOf2lYANPksI3RWSc=
2023.6.25 06:01:55#Forward to DBBL Payment Gateway Page: https://ecom1.dutchbanglabank.com/ecomm2/ClientHandler?card_type=6&trans_id=Q7VMSXA2jzSOf2lYANPksI3RWSc%3D
2023.6.25 06:02:48#=================== Start New Transaction ===================
2023.6.25 06:02:48#txnrefnum:MBD2301447
2023.6.25 06:02:48#clientIp:119.18.151.65
2023.6.25 06:02:48#card type:6
2023.6.25 06:02:48#totalamount:402000
2023.6.25 06:02:50#result:TRANSACTION_ID:1AQuqk8AsnG1WwxOrdadL0BLXbM=
2023.6.25 06:02:51#Forward to DBBL Payment Gateway Page: https://ecom1.dutchbanglabank.com/ecomm2/ClientHandler?card_type=6&trans_id=1AQuqk8AsnG1WwxOrdadL0BLXbM%3D
2023.6.25 06:03:21#=================== Start New Transaction ===================
2023.6.25 06:03:21#txnrefnum:MBD2301447
2023.6.25 06:03:21#clientIp:119.18.151.65
2023.6.25 06:03:21#card type:6
2023.6.25 06:03:21#totalamount:302000
2023.6.25 06:03:24#result:TRANSACTION_ID:V4kHPWtf3AKTwb4e98V3UVp12T4=
2023.6.25 06:03:24#Forward to DBBL Payment Gateway Page: https://ecom1.dutchbanglabank.com/ecomm2/ClientHandler?card_type=6&trans_id=V4kHPWtf3AKTwb4e98V3UVp12T4%3D
2023.6.25 07:46:07#=================== Start New Transaction ===================
2023.6.25 07:46:07#txnrefnum:BBD2306091
2023.6.25 07:46:07#clientIp:114.130.157.101
2023.6.25 07:46:07#card type:6
2023.6.25 07:46:07#totalamount:502000
2023.6.25 07:46:10#result:TRANSACTION_ID:ZRrGsBCSeME5lxZPYkklbz7S4eY=
2023.6.25 07:46:10#Forward to DBBL Payment Gateway Page: https://ecom1.dutchbanglabank.com/ecomm2/ClientHandler?card_type=6&trans_id=ZRrGsBCSeME5lxZPYkklbz7S4eY%3D
2023.6.25 07:46:56#---------------------- Complete New Transaction---------------------
2023.6.25 07:46:56#Get trans_id From Post Value:ZRrGsBCSeME5lxZPYkklbz7S4eY=
2023.6.25 07:46:56#clientIp:114.130.157.101
2023.6.25 07:46:56#trans_id:ZRrGsBCSeME5lxZPYkklbz7S4eY=
2023.6.25 07:46:58#result:RESULT>OK^RESULT_CODE>000^3DSECURE>SKIPPED^RRN>317607681459^APPROVAL_CODE>822117^CARD_NUMBER>999999*********7463^AMOUNT>502000^CARDNAME>mb account^DESCRIPTION>6BBD2306091^TRANS_DATE>2023-06-25 01:46:55 PM
2023.6.25 07:46:58#45999325074658
2023.6.25 07:46:58#45999325074658
2023.6.25 07:46:58#45999325074658
2023.6.25 07:46:58#45999325074658
2023.6.25 07:46:58#45999325074658
2023.6.25 07:46:58#45999325074658
2023.6.25 07:46:58#45999325074658
2023.6.25 07:46:58#45999325074658
2023.6.25 07:46:58#45999325074658
2023.6.25 07:46:59#45999325074658
2023.6.25 07:46:59#=================== Transaction Completed =======================
2023.6.25 11:54:15#=================== Start New Transaction ===================
2023.6.25 11:54:15#txnrefnum:MEM2307003
2023.6.25 11:54:15#clientIp:180.210.179.53
2023.6.25 11:54:15#card type:6
2023.6.25 11:54:15#totalamount:392000
2023.6.25 11:54:19#result:TRANSACTION_ID:pzu8Mm5AZzpRJSwrkmU2zk8QFBo=
2023.6.25 11:54:19#Forward to DBBL Payment Gateway Page: https://ecom1.dutchbanglabank.com/ecomm2/ClientHandler?card_type=6&trans_id=pzu8Mm5AZzpRJSwrkmU2zk8QFBo%3D
2023.6.25 11:54:57#---------------------- Complete New Transaction---------------------
2023.6.25 11:54:57#Get trans_id From Post Value:pzu8Mm5AZzpRJSwrkmU2zk8QFBo=
2023.6.25 11:54:57#clientIp:180.210.179.53
2023.6.25 11:54:57#trans_id:pzu8Mm5AZzpRJSwrkmU2zk8QFBo=
2023.6.25 11:54:59#result:RESULT>OK^RESULT_CODE>000^3DSECURE>SKIPPED^RRN>317611701992^APPROVAL_CODE>427425^CARD_NUMBER>999999*********0502^AMOUNT>392000^CARDNAME>mb account^DESCRIPTION>6MEM2307003^TRANS_DATE>2023-06-25 05:54:56 PM
2023.6.25 11:54:59#44048425115459
2023.6.25 11:54:59#44048425115459
2023.6.25 11:54:59#44048425115459
2023.6.25 11:54:59#44048425115459
2023.6.25 11:54:59#44048425115459
2023.6.25 11:54:59#44048425115459
2023.6.25 11:54:59#=================== Transaction Completed =======================
2023.6.25 14:38:48#=================== Start New Transaction ===================
2023.6.25 14:38:48#txnrefnum:MEB2107008
2023.6.25 14:38:48#clientIp:103.117.231.17
2023.6.25 14:38:48#card type:6
2023.6.25 14:38:48#totalamount:1681500
2023.6.25 14:38:51#result:TRANSACTION_ID:FLVoqs0bNt27QWKD4TGNvUOgNSM=
2023.6.25 14:38:51#Forward to DBBL Payment Gateway Page: https://ecom1.dutchbanglabank.com/ecomm2/ClientHandler?card_type=6&trans_id=FLVoqs0bNt27QWKD4TGNvUOgNSM%3D
2023.6.25 19:48:02#=================== Start New Transaction ===================
2023.6.25 19:48:02#txnrefnum:MSC22111327
2023.6.25 19:48:02#clientIp:123.253.65.152
2023.6.25 19:48:02#card type:6
2023.6.25 19:48:02#totalamount:266000
2023.6.25 19:48:06#result:TRANSACTION_ID:OErqWiyvR0In5WgSmKuGLMI27BU=
2023.6.25 19:48:06#Forward to DBBL Payment Gateway Page: https://ecom1.dutchbanglabank.com/ecomm2/ClientHandler?card_type=6&trans_id=OErqWiyvR0In5WgSmKuGLMI27BU%3D
2023.6.25 19:49:01#---------------------- Complete New Transaction---------------------
2023.6.25 19:49:01#Get trans_id From Post Value:OErqWiyvR0In5WgSmKuGLMI27BU=
2023.6.25 19:49:02#clientIp:123.253.65.152
2023.6.25 19:49:02#trans_id:OErqWiyvR0In5WgSmKuGLMI27BU=
2023.6.25 19:49:04#result:RESULT>OK^RESULT_CODE>000^3DSECURE>SKIPPED^RRN>317619736469^APPROVAL_CODE>882783^CARD_NUMBER>999999*********6184^AMOUNT>266000^CARDNAME>mb account^DESCRIPTION>6MSC22111327^TRANS_DATE>2023-06-26 01:49:00 AM
2023.6.25 19:49:04#33747825074904
2023.6.25 19:49:04#33747825074904
2023.6.25 19:49:04#33747825074904
2023.6.25 19:49:04#33747825074904
2023.6.25 19:49:04#33747825074904
2023.6.25 19:49:04#33747825074904
2023.6.25 19:49:04#=================== Transaction Completed =======================