
2023.6.16 05:41:56#=================== Start New Transaction ===================
2023.6.16 05:41:56#txnrefnum:MBD2004156
2023.6.16 05:41:56#clientIp:157.119.236.3
2023.6.16 05:41:56#card type:6
2023.6.16 05:41:56#totalamount:402000
2023.6.16 05:41:59#result:TRANSACTION_ID:lSmPGSKCfdjFJWWxoKoV5YfP3e4=
2023.6.16 05:41:59#Forward to DBBL Payment Gateway Page: https://ecom1.dutchbanglabank.com/ecomm2/ClientHandler?card_type=6&trans_id=lSmPGSKCfdjFJWWxoKoV5YfP3e4%3D
2023.6.16 05:43:19#---------------------- Complete New Transaction---------------------
2023.6.16 05:43:19#Get trans_id From Post Value:lSmPGSKCfdjFJWWxoKoV5YfP3e4=
2023.6.16 05:43:19#clientIp:157.119.236.4
2023.6.16 05:43:19#trans_id:lSmPGSKCfdjFJWWxoKoV5YfP3e4=
2023.6.16 05:43:21#result:RESULT>OK^RESULT_CODE>000^3DSECURE>SKIPPED^RRN>316705984760^APPROVAL_CODE>578327^CARD_NUMBER>999999*********1019^AMOUNT>402000^CARDNAME>mb account^DESCRIPTION>6MBD2004156^TRANS_DATE>2023-06-16 11:43:18 AM
2023.6.16 05:43:21#43223716054321
2023.6.16 05:43:21#43223716054321
2023.6.16 05:43:21#43223716054321
2023.6.16 05:43:21#43223716054321
2023.6.16 05:43:21#43223716054321
2023.6.16 05:43:21#43223716054321
2023.6.16 05:43:21#43223716054321
2023.6.16 05:43:21#43223716054321
2023.6.16 05:43:21#=================== Transaction Completed =======================
2023.6.16 05:54:36#=================== Start New Transaction ===================
2023.6.16 05:54:36#txnrefnum:BBM2003143
2023.6.16 05:54:36#clientIp:114.130.157.207
2023.6.16 05:54:36#card type:6
2023.6.16 05:54:36#totalamount:302000
2023.6.16 05:54:38#result:TRANSACTION_ID:Hs2V5VJPAmVvasAi4NSSES5ydWw=
2023.6.16 05:54:39#Forward to DBBL Payment Gateway Page: https://ecom1.dutchbanglabank.com/ecomm2/ClientHandler?card_type=6&trans_id=Hs2V5VJPAmVvasAi4NSSES5ydWw%3D
2023.6.16 05:55:34#---------------------- Complete New Transaction---------------------
2023.6.16 05:55:34#Get trans_id From Post Value:Hs2V5VJPAmVvasAi4NSSES5ydWw=
2023.6.16 05:55:34#clientIp:114.130.157.207
2023.6.16 05:55:34#trans_id:Hs2V5VJPAmVvasAi4NSSES5ydWw=
2023.6.16 05:55:36#result:RESULT>OK^RESULT_CODE>000^3DSECURE>SKIPPED^RRN>316705985457^APPROVAL_CODE>700477^CARD_NUMBER>999999*********8889^AMOUNT>302000^CARDNAME>mb account^DESCRIPTION>6BBM2003143^TRANS_DATE>2023-06-16 11:55:33 AM
2023.6.16 05:55:36#44640916055536
2023.6.16 05:55:36#44640916055536
2023.6.16 05:55:36#44640916055536
2023.6.16 05:55:36#44640916055536
2023.6.16 05:55:36#44640916055536
2023.6.16 05:55:36#44640916055536
2023.6.16 05:55:36#=================== Transaction Completed =======================
2023.6.16 06:08:01#=================== Start New Transaction ===================
2023.6.16 06:08:01#txnrefnum:BBM2206131
2023.6.16 06:08:01#clientIp:118.179.3.84
2023.6.16 06:08:01#card type:6
2023.6.16 06:08:01#totalamount:202000
2023.6.16 06:08:04#result:TRANSACTION_ID:E5OcYIYYN1XULkFyjzrbnfnH2ac=
2023.6.16 06:08:04#Forward to DBBL Payment Gateway Page: https://ecom1.dutchbanglabank.com/ecomm2/ClientHandler?card_type=6&trans_id=E5OcYIYYN1XULkFyjzrbnfnH2ac%3D
2023.6.16 06:08:29#---------------------- Complete New Transaction---------------------
2023.6.16 06:08:29#Get trans_id From Post Value:E5OcYIYYN1XULkFyjzrbnfnH2ac=
2023.6.16 06:08:29#clientIp:118.179.3.84
2023.6.16 06:08:29#trans_id:E5OcYIYYN1XULkFyjzrbnfnH2ac=
2023.6.16 06:08:31#result:RESULT>OK^RESULT_CODE>000^3DSECURE>SKIPPED^RRN>316706986714^APPROVAL_CODE>674387^CARD_NUMBER>999999*********2122^AMOUNT>202000^CARDNAME>mb account^DESCRIPTION>6BBM2206131^TRANS_DATE>2023-06-16 12:08:28 PM
2023.6.16 06:08:31#42935716060831
2023.6.16 06:08:31#42935716060831
2023.6.16 06:08:31#42935716060831
2023.6.16 06:08:32#42935716060831
2023.6.16 06:08:32#=================== Transaction Completed =======================
2023.6.16 06:09:17#=================== Start New Transaction ===================
2023.6.16 06:09:17#txnrefnum:BBM2202044
2023.6.16 06:09:17#clientIp:118.179.3.84
2023.6.16 06:09:17#card type:6
2023.6.16 06:09:17#totalamount:202000
2023.6.16 06:09:20#result:TRANSACTION_ID:TnjbGU1m1U54NYBxhAQvC807feE=
2023.6.16 06:09:20#Forward to DBBL Payment Gateway Page: https://ecom1.dutchbanglabank.com/ecomm2/ClientHandler?card_type=6&trans_id=TnjbGU1m1U54NYBxhAQvC807feE%3D
2023.6.16 06:09:43#---------------------- Complete New Transaction---------------------
2023.6.16 06:09:43#Get trans_id From Post Value:TnjbGU1m1U54NYBxhAQvC807feE=
2023.6.16 06:09:43#clientIp:118.179.3.84
2023.6.16 06:09:43#trans_id:TnjbGU1m1U54NYBxhAQvC807feE=
2023.6.16 06:09:45#result:RESULT>OK^RESULT_CODE>000^3DSECURE>SKIPPED^RRN>316706986817^APPROVAL_CODE>727138^CARD_NUMBER>999999*********2122^AMOUNT>202000^CARDNAME>mb account^DESCRIPTION>6BBM2202044^TRANS_DATE>2023-06-16 12:09:42 PM
2023.6.16 06:09:45#50498116060945
2023.6.16 06:09:45#50498116060945
2023.6.16 06:09:45#50498116060945
2023.6.16 06:09:45#50498116060945
2023.6.16 06:09:45#=================== Transaction Completed =======================
2023.6.16 07:18:40#=================== Start New Transaction ===================
2023.6.16 07:18:40#txnrefnum:MEM2004048
2023.6.16 07:18:40#clientIp:116.206.253.172
2023.6.16 07:18:40#card type:6
2023.6.16 07:18:40#totalamount:522000
2023.6.16 07:18:43#result:TRANSACTION_ID:T3NsNaCF2Q3ivRidCw9j6IgW8GU=
2023.6.16 07:18:43#Forward to DBBL Payment Gateway Page: https://ecom1.dutchbanglabank.com/ecomm2/ClientHandler?card_type=6&trans_id=T3NsNaCF2Q3ivRidCw9j6IgW8GU%3D
2023.6.16 07:20:57#=================== Start New Transaction ===================
2023.6.16 07:20:57#txnrefnum:MEM2004048
2023.6.16 07:20:57#clientIp:116.206.253.172
2023.6.16 07:20:57#card type:6
2023.6.16 07:20:57#totalamount:522000
2023.6.16 07:21:00#result:TRANSACTION_ID:fi575NGqSMAPaJtSg8tlZlP98Qc=
2023.6.16 07:21:00#Forward to DBBL Payment Gateway Page: https://ecom1.dutchbanglabank.com/ecomm2/ClientHandler?card_type=6&trans_id=fi575NGqSMAPaJtSg8tlZlP98Qc%3D
2023.6.16 09:02:32#=================== Start New Transaction ===================
2023.6.16 09:02:32#txnrefnum:mbm2006170
2023.6.16 09:02:32#clientIp:103.130.114.90
2023.6.16 09:02:32#card type:6
2023.6.16 09:02:32#totalamount:21500
2023.6.16 09:02:35#result:TRANSACTION_ID:Sk398ojWdCeZIDD8UGio3mqLW0U=
2023.6.16 09:02:35#Forward to DBBL Payment Gateway Page: https://ecom1.dutchbanglabank.com/ecomm2/ClientHandler?card_type=6&trans_id=Sk398ojWdCeZIDD8UGio3mqLW0U%3D
2023.6.16 09:03:01#=================== Start New Transaction ===================
2023.6.16 09:03:01#txnrefnum:mbm2006170
2023.6.16 09:03:01#clientIp:103.130.114.90
2023.6.16 09:03:01#card type:6
2023.6.16 09:03:01#totalamount:21500
2023.6.16 09:03:04#result:TRANSACTION_ID:DaUogxILQwAamaupR6M35AGp46w=
2023.6.16 09:03:04#Forward to DBBL Payment Gateway Page: https://ecom1.dutchbanglabank.com/ecomm2/ClientHandler?card_type=6&trans_id=DaUogxILQwAamaupR6M35AGp46w%3D
2023.6.16 09:05:55#---------------------- Complete New Transaction---------------------
2023.6.16 09:05:55#Get trans_id From Post Value:DaUogxILQwAamaupR6M35AGp46w=
2023.6.16 09:05:55#clientIp:103.130.114.90
2023.6.16 09:05:55#trans_id:DaUogxILQwAamaupR6M35AGp46w=
2023.6.16 09:05:56#result:RESULT>OK^RESULT_CODE>000^3DSECURE>SKIPPED^RRN>316709995824^APPROVAL_CODE>124305^CARD_NUMBER>999999*********6337^AMOUNT>21500^CARDNAME>mb account^DESCRIPTION>6mbm2006170^TRANS_DATE>2023-06-16 03:05:53 PM
2023.6.16 09:05:57#29620216090556
2023.6.16 09:05:57#29620216090556
2023.6.16 09:05:57#=================== Transaction Completed =======================
2023.6.16 10:53:02#=================== Start New Transaction ===================
2023.6.16 10:53:02#txnrefnum:MBD2308191
2023.6.16 10:53:02#clientIp:103.146.69.0
2023.6.16 10:53:02#card type:6
2023.6.16 10:53:02#totalamount:82000
2023.6.16 10:53:04#=================== Start New Transaction ===================
2023.6.16 10:53:04#txnrefnum:MBD2308191
2023.6.16 10:53:04#clientIp:103.146.69.0
2023.6.16 10:53:04#card type:6
2023.6.16 10:53:04#totalamount:82000
2023.6.16 10:53:05#result:TRANSACTION_ID:WP66ZBFQGMii2s8sKednqjQ2S3Y=
2023.6.16 10:53:05#Forward to DBBL Payment Gateway Page: https://ecom1.dutchbanglabank.com/ecomm2/ClientHandler?card_type=6&trans_id=WP66ZBFQGMii2s8sKednqjQ2S3Y%3D
2023.6.16 10:53:08#result:TRANSACTION_ID:6EVVEmHUIJvSwkmN1xT9f4ccOa4=
2023.6.16 10:53:08#Forward to DBBL Payment Gateway Page: https://ecom1.dutchbanglabank.com/ecomm2/ClientHandler?card_type=6&trans_id=6EVVEmHUIJvSwkmN1xT9f4ccOa4%3D
2023.6.16 10:55:11#=================== Start New Transaction ===================
2023.6.16 10:55:11#txnrefnum:MBD2308191
2023.6.16 10:55:11#clientIp:103.146.69.0
2023.6.16 10:55:11#card type:6
2023.6.16 10:55:11#totalamount:2000
2023.6.16 10:55:14#result:TRANSACTION_ID:Mcf4YA9EuH0DMQSDNrttgV2OWhM=
2023.6.16 10:55:14#Forward to DBBL Payment Gateway Page: https://ecom1.dutchbanglabank.com/ecomm2/ClientHandler?card_type=6&trans_id=Mcf4YA9EuH0DMQSDNrttgV2OWhM%3D
2023.6.16 12:06:32#=================== Start New Transaction ===================
2023.6.16 12:06:32#txnrefnum:MBD2306005
2023.6.16 12:06:32#clientIp:103.176.237.245
2023.6.16 12:06:32#card type:6
2023.6.16 12:06:32#totalamount:102000
2023.6.16 12:06:36#result:TRANSACTION_ID:OxFzqeFkuQVJjt1HkpXcRQ3DSeQ=
2023.6.16 12:06:36#Forward to DBBL Payment Gateway Page: https://ecom1.dutchbanglabank.com/ecomm2/ClientHandler?card_type=6&trans_id=OxFzqeFkuQVJjt1HkpXcRQ3DSeQ%3D
2023.6.16 12:07:00#---------------------- Complete New Transaction---------------------
2023.6.16 12:07:00#Get trans_id From Post Value:OxFzqeFkuQVJjt1HkpXcRQ3DSeQ=
2023.6.16 12:07:00#clientIp:103.176.237.245
2023.6.16 12:07:00#trans_id:OxFzqeFkuQVJjt1HkpXcRQ3DSeQ=
2023.6.16 12:07:02#result:RESULT>OK^RESULT_CODE>000^3DSECURE>SKIPPED^RRN>316712006644^APPROVAL_CODE>860951^CARD_NUMBER>999999*********9145^AMOUNT>102000^CARDNAME>mb account^DESCRIPTION>6MBD2306005^TRANS_DATE>2023-06-16 06:06:59 PM
2023.6.16 12:07:02#45511416120702
2023.6.16 12:07:02#45511416120702
2023.6.16 12:07:02#=================== Transaction Completed =======================
2023.6.16 14:23:22#=================== Start New Transaction ===================
2023.6.16 14:23:22#txnrefnum:MSC23111149
2023.6.16 14:23:22#clientIp:103.150.255.178
2023.6.16 14:23:22#card type:6
2023.6.16 14:23:22#totalamount:282000
2023.6.16 14:23:25#result:TRANSACTION_ID:KsPk8ywRcop9xy773PqgBt55fQk=
2023.6.16 14:23:25#Forward to DBBL Payment Gateway Page: https://ecom1.dutchbanglabank.com/ecomm2/ClientHandler?card_type=6&trans_id=KsPk8ywRcop9xy773PqgBt55fQk%3D
2023.6.16 14:24:08#---------------------- Complete New Transaction---------------------
2023.6.16 14:24:08#Get trans_id From Post Value:KsPk8ywRcop9xy773PqgBt55fQk=
2023.6.16 14:24:08#clientIp:103.150.255.178
2023.6.16 14:24:08#trans_id:KsPk8ywRcop9xy773PqgBt55fQk=
2023.6.16 14:24:10#result:RESULT>OK^RESULT_CODE>000^3DSECURE>SKIPPED^RRN>316714016217^APPROVAL_CODE>583450^CARD_NUMBER>999999*********4744^AMOUNT>282000^CARDNAME>mb account^DESCRIPTION>6MSC23111149^TRANS_DATE>2023-06-16 08:24:07 PM
2023.6.16 14:24:10#52239816022410
2023.6.16 14:24:10#52239816022410
2023.6.16 14:24:10#52239816022410
2023.6.16 14:24:10#52239816022410
2023.6.16 14:24:10#=================== Transaction Completed =======================
2023.6.16 14:54:20#=================== Start New Transaction ===================
2023.6.16 14:54:20#txnrefnum:MBM2208140
2023.6.16 14:54:20#clientIp:45.115.113.34
2023.6.16 14:54:20#card type:6
2023.6.16 14:54:20#totalamount:701500
2023.6.16 14:54:23#result:TRANSACTION_ID:rMSw6WPn2MuYmzpJJfLPqcy3Dzg=
2023.6.16 14:54:23#Forward to DBBL Payment Gateway Page: https://ecom1.dutchbanglabank.com/ecomm2/ClientHandler?card_type=6&trans_id=rMSw6WPn2MuYmzpJJfLPqcy3Dzg%3D
2023.6.16 14:55:46#---------------------- Complete New Transaction---------------------
2023.6.16 14:55:46#Get trans_id From Post Value:rMSw6WPn2MuYmzpJJfLPqcy3Dzg=
2023.6.16 14:55:50#clientIp:45.115.113.34
2023.6.16 14:55:50#trans_id:rMSw6WPn2MuYmzpJJfLPqcy3Dzg=
2023.6.16 14:55:52#result:RESULT>OK^RESULT_CODE>000^3DSECURE>SKIPPED^RRN>316714018613^APPROVAL_CODE>699889^CARD_NUMBER>999999*********2248^AMOUNT>701500^CARDNAME>mb account^DESCRIPTION>6MBM2208140^TRANS_DATE>2023-06-16 08:55:44 PM
2023.6.16 14:55:52#40289116025552
2023.6.16 14:55:52#40289116025552
2023.6.16 14:55:52#40289116025552
2023.6.16 14:55:52#40289116025552
2023.6.16 14:55:52#40289116025552
2023.6.16 14:55:52#40289116025552
2023.6.16 14:55:52#40289116025552
2023.6.16 14:55:53#40289116025552
2023.6.16 14:55:53#40289116025552
2023.6.16 14:55:53#40289116025552
2023.6.16 14:55:53#40289116025552
2023.6.16 14:55:53#40289116025552
2023.6.16 14:55:53#40289116025552
2023.6.16 14:55:53#40289116025552
2023.6.16 14:55:53#40289116025552
2023.6.16 14:55:53#40289116025552
2023.6.16 14:55:53#=================== Transaction Completed =======================
2023.6.16 14:57:11#=================== Start New Transaction ===================
2023.6.16 14:57:11#txnrefnum:MBM2208140
2023.6.16 14:57:11#clientIp:45.115.113.34
2023.6.16 14:57:11#card type:6
2023.6.16 14:57:11#totalamount:2000
2023.6.16 14:57:14#result:TRANSACTION_ID:RIPZ7Ed4H6aSd56bRCTzdyy2iW0=
2023.6.16 14:57:14#Forward to DBBL Payment Gateway Page: https://ecom1.dutchbanglabank.com/ecomm2/ClientHandler?card_type=6&trans_id=RIPZ7Ed4H6aSd56bRCTzdyy2iW0%3D
2023.6.16 15:27:45#=================== Start New Transaction ===================
2023.6.16 15:27:45#txnrefnum:MBD2004154
2023.6.16 15:27:45#clientIp:202.144.203.9
2023.6.16 15:27:45#card type:6
2023.6.16 15:27:45#totalamount:302000
2023.6.16 15:27:48#result:TRANSACTION_ID:Av0aAmGNQZKxDmtazlGfxSPnN3U=
2023.6.16 15:27:48#Forward to DBBL Payment Gateway Page: https://ecom1.dutchbanglabank.com/ecomm2/ClientHandler?card_type=6&trans_id=Av0aAmGNQZKxDmtazlGfxSPnN3U%3D
2023.6.16 15:28:44#---------------------- Complete New Transaction---------------------
2023.6.16 15:28:44#Get trans_id From Post Value:Av0aAmGNQZKxDmtazlGfxSPnN3U=
2023.6.16 15:28:44#clientIp:202.144.203.9
2023.6.16 15:28:44#trans_id:Av0aAmGNQZKxDmtazlGfxSPnN3U=
2023.6.16 15:28:46#result:RESULT>OK^RESULT_CODE>000^3DSECURE>SKIPPED^RRN>316715020973^APPROVAL_CODE>972898^CARD_NUMBER>999999*********9077^AMOUNT>302000^CARDNAME>mb account^DESCRIPTION>6MBD2004154^TRANS_DATE>2023-06-16 09:28:43 PM
2023.6.16 15:28:46#43222816032846
2023.6.16 15:28:46#43222816032846
2023.6.16 15:28:46#43222816032846
2023.6.16 15:28:46#43222816032846
2023.6.16 15:28:46#43222816032846
2023.6.16 15:28:46#43222816032846
2023.6.16 15:28:46#=================== Transaction Completed =======================
2023.6.16 16:06:35#=================== Start New Transaction ===================
2023.6.16 16:06:35#txnrefnum:MEM2004048
2023.6.16 16:06:35#clientIp:116.206.253.172
2023.6.16 16:06:35#card type:6
2023.6.16 16:06:35#totalamount:522000
2023.6.16 16:06:38#result:TRANSACTION_ID:MS8Ktxg49oiPu4I1OnpEMguArnA=
2023.6.16 16:06:38#Forward to DBBL Payment Gateway Page: https://ecom1.dutchbanglabank.com/ecomm2/ClientHandler?card_type=6&trans_id=MS8Ktxg49oiPu4I1OnpEMguArnA%3D
2023.6.16 16:07:23#---------------------- Complete New Transaction---------------------
2023.6.16 16:07:23#Get trans_id From Post Value:MS8Ktxg49oiPu4I1OnpEMguArnA=
2023.6.16 16:07:23#clientIp:116.206.253.172
2023.6.16 16:07:23#trans_id:MS8Ktxg49oiPu4I1OnpEMguArnA=
2023.6.16 16:07:25#result:RESULT>OK^RESULT_CODE>000^3DSECURE>SKIPPED^RRN>316716023544^APPROVAL_CODE>137145^CARD_NUMBER>999999*********3540^AMOUNT>522000^CARDNAME>mb account^DESCRIPTION>6MEM2004048^TRANS_DATE>2023-06-16 10:07:21 PM
2023.6.16 16:07:25#43687316040725
2023.6.16 16:07:25#43687316040725
2023.6.16 16:07:25#43687316040725
2023.6.16 16:07:25#43687316040725
2023.6.16 16:07:25#43687316040725
2023.6.16 16:07:25#43687316040725
2023.6.16 16:07:25#43687316040725
2023.6.16 16:07:25#43687316040725
2023.6.16 16:07:25#=================== Transaction Completed =======================
2023.6.16 16:28:14#=================== Start New Transaction ===================
2023.6.16 16:28:14#txnrefnum:BBG2101009
2023.6.16 16:28:14#clientIp:103.25.121.33
2023.6.16 16:28:14#card type:6
2023.6.16 16:28:14#totalamount:462000
2023.6.16 16:28:17#result:TRANSACTION_ID:0vkiF4luI9cweLWKFVoPxH30BPM=
2023.6.16 16:28:17#Forward to DBBL Payment Gateway Page: https://ecom1.dutchbanglabank.com/ecomm2/ClientHandler?card_type=6&trans_id=0vkiF4luI9cweLWKFVoPxH30BPM%3D
2023.6.16 16:30:13#=================== Start New Transaction ===================
2023.6.16 16:30:13#txnrefnum:BBG2101009
2023.6.16 16:30:13#clientIp:103.25.121.33
2023.6.16 16:30:13#card type:6
2023.6.16 16:30:13#totalamount:462000
2023.6.16 16:30:17#result:TRANSACTION_ID:MPYUwEPfiGcuOgMUv8paEaMDQPA=
2023.6.16 16:30:17#Forward to DBBL Payment Gateway Page: https://ecom1.dutchbanglabank.com/ecomm2/ClientHandler?card_type=6&trans_id=MPYUwEPfiGcuOgMUv8paEaMDQPA%3D
2023.6.16 16:31:02#---------------------- Complete New Transaction---------------------
2023.6.16 16:31:02#Get trans_id From Post Value:MPYUwEPfiGcuOgMUv8paEaMDQPA=
2023.6.16 16:31:02#clientIp:103.25.121.33
2023.6.16 16:31:02#trans_id:MPYUwEPfiGcuOgMUv8paEaMDQPA=
2023.6.16 16:31:04#result:RESULT>OK^RESULT_CODE>000^3DSECURE>SKIPPED^RRN>316716024793^APPROVAL_CODE>234848^CARD_NUMBER>999999*********9089^AMOUNT>462000^CARDNAME>mb account^DESCRIPTION>6BBG2101009^TRANS_DATE>2023-06-16 10:31:00 PM
2023.6.16 16:31:04#50488516043104
2023.6.16 16:31:04#50488516043104
2023.6.16 16:31:04#50488516043104
2023.6.16 16:31:04#50488516043104
2023.6.16 16:31:04#50488516043104
2023.6.16 16:31:05#50488516043104
2023.6.16 16:31:05#50488516043104
2023.6.16 16:31:05#50488516043104
2023.6.16 16:31:05#50488516043104
2023.6.16 16:31:05#50488516043104
2023.6.16 16:31:05#=================== Transaction Completed =======================
2023.6.16 17:54:38#=================== Start New Transaction ===================
2023.6.16 17:54:38#txnrefnum:MSC22110520
2023.6.16 17:54:38#clientIp:103.173.30.11
2023.6.16 17:54:38#card type:6
2023.6.16 17:54:38#totalamount:2000
2023.6.16 17:54:41#result:TRANSACTION_ID:YBitsNi5YlzSTwA7XwNNS2hoaqA=
2023.6.16 17:54:41#Forward to DBBL Payment Gateway Page: https://ecom1.dutchbanglabank.com/ecomm2/ClientHandler?card_type=6&trans_id=YBitsNi5YlzSTwA7XwNNS2hoaqA%3D