
2023.4.29 05:07:28#=================== Start New Transaction ===================
2023.4.29 05:07:28#txnrefnum:BBM2003116
2023.4.29 05:07:28#clientIp:103.12.174.92
2023.4.29 05:07:28#card type:6
2023.4.29 05:07:28#totalamount:202000
2023.4.29 05:07:32#result:TRANSACTION_ID:zfP7phkISyW179dhhmjTvsb6xnw=
2023.4.29 05:07:32#Forward to DBBL Payment Gateway Page: https://ecom1.dutchbanglabank.com/ecomm2/ClientHandler?card_type=6&trans_id=zfP7phkISyW179dhhmjTvsb6xnw%3D
2023.4.29 05:10:14#=================== Start New Transaction ===================
2023.4.29 05:10:14#txnrefnum:BBM2003116
2023.4.29 05:10:14#clientIp:103.12.174.95
2023.4.29 05:10:14#card type:6
2023.4.29 05:10:14#totalamount:202000
2023.4.29 05:10:17#result:TRANSACTION_ID:OpMmmISi6y8FExUqN8vyfQ3gOMA=
2023.4.29 05:10:17#Forward to DBBL Payment Gateway Page: https://ecom1.dutchbanglabank.com/ecomm2/ClientHandler?card_type=6&trans_id=OpMmmISi6y8FExUqN8vyfQ3gOMA%3D
2023.4.29 05:10:46#---------------------- Complete New Transaction---------------------
2023.4.29 05:10:46#Get trans_id From Post Value:OpMmmISi6y8FExUqN8vyfQ3gOMA=
2023.4.29 05:10:46#clientIp:103.12.174.95
2023.4.29 05:10:46#trans_id:OpMmmISi6y8FExUqN8vyfQ3gOMA=
2023.4.29 05:10:48#result:RESULT>OK^RESULT_CODE>000^3DSECURE>SKIPPED^RRN>311905414453^APPROVAL_CODE>708661^CARD_NUMBER>999999*********2298^AMOUNT>202000^CARDNAME>mb account^DESCRIPTION>6BBM2003116^TRANS_DATE>2023-04-29 11:10:45 AM
2023.4.29 05:10:48#44589329051048
2023.4.29 05:10:48#44589329051048
2023.4.29 05:10:48#44589329051048
2023.4.29 05:10:48#44589329051048
2023.4.29 05:10:48#=================== Transaction Completed =======================
2023.4.29 05:11:02#=================== Start New Transaction ===================
2023.4.29 05:11:02#txnrefnum:MSC22110555
2023.4.29 05:11:02#clientIp:103.72.212.19
2023.4.29 05:11:02#card type:6
2023.4.29 05:11:02#totalamount:352000
2023.4.29 05:11:05#result:TRANSACTION_ID:PbsoiKC8UbO2dSyXnCxdZ6vLlYU=
2023.4.29 05:11:05#Forward to DBBL Payment Gateway Page: https://ecom1.dutchbanglabank.com/ecomm2/ClientHandler?card_type=6&trans_id=PbsoiKC8UbO2dSyXnCxdZ6vLlYU%3D
2023.4.29 05:11:53#---------------------- Complete New Transaction---------------------
2023.4.29 05:11:53#Get trans_id From Post Value:PbsoiKC8UbO2dSyXnCxdZ6vLlYU=
2023.4.29 05:11:53#clientIp:103.72.212.19
2023.4.29 05:11:53#trans_id:PbsoiKC8UbO2dSyXnCxdZ6vLlYU=
2023.4.29 05:11:54#result:RESULT>OK^RESULT_CODE>000^3DSECURE>SKIPPED^RRN>311905414528^APPROVAL_CODE>711597^CARD_NUMBER>999999*********7258^AMOUNT>352000^CARDNAME>mb account^DESCRIPTION>6MSC22110555^TRANS_DATE>2023-04-29 11:11:52 AM
2023.4.29 05:11:54#33554929051154
2023.4.29 05:11:55#33554929051154
2023.4.29 05:11:55#33554929051154
2023.4.29 05:11:55#33554929051154
2023.4.29 05:11:55#=================== Transaction Completed =======================
2023.4.29 05:31:05#=================== Start New Transaction ===================
2023.4.29 05:31:05#txnrefnum:10201306
2023.4.29 05:31:05#clientIp:103.159.127.29
2023.4.29 05:31:05#card type:6
2023.4.29 05:31:05#totalamount:0
2023.4.29 05:31:07#result:Sub Merchant Name can not be blank
2023.4.29 05:34:06#=================== Start New Transaction ===================
2023.4.29 05:34:06#txnrefnum:BBD2007105
2023.4.29 05:34:06#clientIp:27.147.154.66
2023.4.29 05:34:06#card type:6
2023.4.29 05:34:06#totalamount:102000
2023.4.29 05:34:09#result:TRANSACTION_ID:bwDPPesiqKf0H3Yx6pL9XcSS300=
2023.4.29 05:34:09#Forward to DBBL Payment Gateway Page: https://ecom1.dutchbanglabank.com/ecomm2/ClientHandler?card_type=6&trans_id=bwDPPesiqKf0H3Yx6pL9XcSS300%3D
2023.4.29 05:34:45#=================== Start New Transaction ===================
2023.4.29 05:34:45#txnrefnum:BBM2305008
2023.4.29 05:34:45#clientIp:114.130.157.139
2023.4.29 05:34:45#card type:6
2023.4.29 05:34:45#totalamount:102000
2023.4.29 05:34:52#result:TRANSACTION_ID:DgpuVQyH2sVQZa5MpW3ihfz6tEE=
2023.4.29 05:34:52#Forward to DBBL Payment Gateway Page: https://ecom1.dutchbanglabank.com/ecomm2/ClientHandler?card_type=6&trans_id=DgpuVQyH2sVQZa5MpW3ihfz6tEE%3D
2023.4.29 05:34:59#---------------------- Complete New Transaction---------------------
2023.4.29 05:34:59#Get trans_id From Post Value:bwDPPesiqKf0H3Yx6pL9XcSS300=
2023.4.29 05:34:59#clientIp:27.147.154.66
2023.4.29 05:34:59#trans_id:bwDPPesiqKf0H3Yx6pL9XcSS300=
2023.4.29 05:35:01#result:RESULT>OK^RESULT_CODE>000^3DSECURE>SKIPPED^RRN>311905416200^APPROVAL_CODE>860710^CARD_NUMBER>999999*********9538^AMOUNT>102000^CARDNAME>mb account^DESCRIPTION>6BBD2007105^TRANS_DATE>2023-04-29 11:34:58 AM
2023.4.29 05:35:01#37566029053501
2023.4.29 05:35:01#37566029053501
2023.4.29 05:35:01#=================== Transaction Completed =======================
2023.4.29 05:35:16#---------------------- Complete New Transaction---------------------
2023.4.29 05:35:16#Get trans_id From Post Value:DgpuVQyH2sVQZa5MpW3ihfz6tEE=
2023.4.29 05:35:16#clientIp:114.130.157.139
2023.4.29 05:35:16#trans_id:DgpuVQyH2sVQZa5MpW3ihfz6tEE=
2023.4.29 05:35:18#result:RESULT>OK^RESULT_CODE>000^3DSECURE>SKIPPED^RRN>311905416225^APPROVAL_CODE>861296^CARD_NUMBER>999999*********6896^AMOUNT>102000^CARDNAME>mb account^DESCRIPTION>6BBM2305008^TRANS_DATE>2023-04-29 11:35:15 AM
2023.4.29 05:35:18#48308129053518
2023.4.29 05:35:18#48308129053518
2023.4.29 05:35:18#=================== Transaction Completed =======================
2023.4.29 06:46:12#=================== Start New Transaction ===================
2023.4.29 06:46:12#txnrefnum:BBM2303064
2023.4.29 06:46:12#clientIp:103.166.89.153
2023.4.29 06:46:12#card type:6
2023.4.29 06:46:12#totalamount:102000
2023.4.29 06:46:15#result:TRANSACTION_ID:IUnFfKsuieS2XxS6hJXpNIBmtcc=
2023.4.29 06:46:15#Forward to DBBL Payment Gateway Page: https://ecom1.dutchbanglabank.com/ecomm2/ClientHandler?card_type=6&trans_id=IUnFfKsuieS2XxS6hJXpNIBmtcc%3D
2023.4.29 06:46:45#---------------------- Complete New Transaction---------------------
2023.4.29 06:46:45#Get trans_id From Post Value:IUnFfKsuieS2XxS6hJXpNIBmtcc=
2023.4.29 06:46:45#clientIp:103.166.89.153
2023.4.29 06:46:45#trans_id:IUnFfKsuieS2XxS6hJXpNIBmtcc=
2023.4.29 06:46:46#result:RESULT>OK^RESULT_CODE>000^3DSECURE>SKIPPED^RRN>311906422027^APPROVAL_CODE>214218^CARD_NUMBER>999999*********0560^AMOUNT>102000^CARDNAME>mb account^DESCRIPTION>6BBM2303064^TRANS_DATE>2023-04-29 12:46:44 PM
2023.4.29 06:46:47#51426929064646
2023.4.29 06:46:47#51426929064646
2023.4.29 06:46:47#=================== Transaction Completed =======================
2023.4.29 07:48:54#=================== Start New Transaction ===================
2023.4.29 07:48:54#txnrefnum:BBM2007218
2023.4.29 07:48:54#clientIp:118.179.3.85
2023.4.29 07:48:54#card type:6
2023.4.29 07:48:54#totalamount:502000
2023.4.29 07:48:56#result:TRANSACTION_ID:0nqYQOy1iMZHnIAeLcBnAYuK2n8=
2023.4.29 07:48:56#Forward to DBBL Payment Gateway Page: https://ecom1.dutchbanglabank.com/ecomm2/ClientHandler?card_type=6&trans_id=0nqYQOy1iMZHnIAeLcBnAYuK2n8%3D
2023.4.29 07:49:32#---------------------- Complete New Transaction---------------------
2023.4.29 07:49:32#Get trans_id From Post Value:0nqYQOy1iMZHnIAeLcBnAYuK2n8=
2023.4.29 07:49:32#clientIp:118.179.3.85
2023.4.29 07:49:32#trans_id:0nqYQOy1iMZHnIAeLcBnAYuK2n8=
2023.4.29 07:49:34#result:RESULT>OK^RESULT_CODE>000^3DSECURE>SKIPPED^RRN>311907426597^APPROVAL_CODE>465526^CARD_NUMBER>999999*********8025^AMOUNT>502000^CARDNAME>mb account^DESCRIPTION>6BBM2007218^TRANS_DATE>2023-04-29 01:49:31 PM
2023.4.29 07:49:34#37812929074934
2023.4.29 07:49:34#37812929074934
2023.4.29 07:49:34#37812929074934
2023.4.29 07:49:34#37812929074934
2023.4.29 07:49:34#37812929074934
2023.4.29 07:49:34#37812929074934
2023.4.29 07:49:34#37812929074934
2023.4.29 07:49:34#37812929074934
2023.4.29 07:49:34#37812929074934
2023.4.29 07:49:34#37812929074934
2023.4.29 07:49:34#=================== Transaction Completed =======================
2023.4.29 08:27:08#=================== Start New Transaction ===================
2023.4.29 08:27:08#txnrefnum:MBD2109086
2023.4.29 08:27:08#clientIp:103.171.250.221
2023.4.29 08:27:08#card type:6
2023.4.29 08:27:08#totalamount:0
2023.4.29 08:27:10#result:Sub Merchant Name can not be blank
2023.4.29 08:27:56#=================== Start New Transaction ===================
2023.4.29 08:27:56#txnrefnum:MEM230184
2023.4.29 08:27:56#clientIp:103.95.99.117
2023.4.29 08:27:56#card type:6
2023.4.29 08:27:56#totalamount:0
2023.4.29 08:27:58#result:Sub Merchant Name can not be blank
2023.4.29 08:35:18#=================== Start New Transaction ===================
2023.4.29 08:35:18#txnrefnum:MEM2301284
2023.4.29 08:35:18#clientIp:103.95.99.117
2023.4.29 08:35:18#card type:6
2023.4.29 08:35:18#totalamount:132000
2023.4.29 08:35:20#result:TRANSACTION_ID:YEscv8e6nS4HIxT2C7syLvD1XjQ=
2023.4.29 08:35:21#Forward to DBBL Payment Gateway Page: https://ecom1.dutchbanglabank.com/ecomm2/ClientHandler?card_type=6&trans_id=YEscv8e6nS4HIxT2C7syLvD1XjQ%3D
2023.4.29 09:45:59#=================== Start New Transaction ===================
2023.4.29 09:45:59#txnrefnum:MEM2301284
2023.4.29 09:45:59#clientIp:103.95.99.117
2023.4.29 09:45:59#card type:6
2023.4.29 09:45:59#totalamount:132000
2023.4.29 09:46:02#result:TRANSACTION_ID:1Glm9tyQQq0NGsUVGSyC0TvKB8M=
2023.4.29 09:46:02#Forward to DBBL Payment Gateway Page: https://ecom1.dutchbanglabank.com/ecomm2/ClientHandler?card_type=6&trans_id=1Glm9tyQQq0NGsUVGSyC0TvKB8M%3D
2023.4.29 09:56:39#=================== Start New Transaction ===================
2023.4.29 09:56:39#txnrefnum:MEM2301284
2023.4.29 09:56:39#clientIp:103.95.99.117
2023.4.29 09:56:39#card type:6
2023.4.29 09:56:39#totalamount:262000
2023.4.29 09:56:42#result:TRANSACTION_ID:yukbOP4SGxyPToOn1HvR1tPyIw8=
2023.4.29 09:56:42#Forward to DBBL Payment Gateway Page: https://ecom1.dutchbanglabank.com/ecomm2/ClientHandler?card_type=6&trans_id=yukbOP4SGxyPToOn1HvR1tPyIw8%3D
2023.4.29 11:21:17#=================== Start New Transaction ===================
2023.4.29 11:21:17#txnrefnum:MBM2006224
2023.4.29 11:21:17#clientIp:43.224.109.207
2023.4.29 11:21:17#card type:6
2023.4.29 11:21:17#totalamount:102000
2023.4.29 11:21:24#result:TRANSACTION_ID:o9yiKVBk4QWaSRBzMEp2KxhdOcw=
2023.4.29 11:21:24#Forward to DBBL Payment Gateway Page: https://ecom1.dutchbanglabank.com/ecomm2/ClientHandler?card_type=6&trans_id=o9yiKVBk4QWaSRBzMEp2KxhdOcw%3D
2023.4.29 11:22:20#---------------------- Complete New Transaction---------------------
2023.4.29 11:22:20#Get trans_id From Post Value:o9yiKVBk4QWaSRBzMEp2KxhdOcw=
2023.4.29 11:22:20#clientIp:43.224.109.207
2023.4.29 11:22:20#trans_id:o9yiKVBk4QWaSRBzMEp2KxhdOcw=
2023.4.29 11:22:22#result:RESULT>OK^RESULT_CODE>000^3DSECURE>SKIPPED^RRN>311911440836^APPROVAL_CODE>160605^CARD_NUMBER>999999*********2985^AMOUNT>102000^CARDNAME>mb account^DESCRIPTION>6MBM2006224^TRANS_DATE>2023-04-29 05:22:19 PM
2023.4.29 11:22:22#39680429112222
2023.4.29 11:22:22#39680429112222
2023.4.29 11:22:22#=================== Transaction Completed =======================
2023.4.29 11:39:00#=================== Start New Transaction ===================
2023.4.29 11:39:00#txnrefnum:MSC22110595
2023.4.29 11:39:00#clientIp:202.144.203.9
2023.4.29 11:39:00#card type:6
2023.4.29 11:39:00#totalamount:1062000
2023.4.29 11:39:03#result:TRANSACTION_ID:H41jKvWYAOPGtxapiKlXcdn31qg=
2023.4.29 11:39:03#Forward to DBBL Payment Gateway Page: https://ecom1.dutchbanglabank.com/ecomm2/ClientHandler?card_type=6&trans_id=H41jKvWYAOPGtxapiKlXcdn31qg%3D
2023.4.29 11:43:58#=================== Start New Transaction ===================
2023.4.29 11:43:58#txnrefnum:MSC22110595
2023.4.29 11:43:58#clientIp:202.134.14.150
2023.4.29 11:43:58#card type:6
2023.4.29 11:43:58#totalamount:1222000
2023.4.29 11:44:01#result:TRANSACTION_ID:dAVRK9cSR4MOOvq8DSoeWWPAHNA=
2023.4.29 11:44:01#Forward to DBBL Payment Gateway Page: https://ecom1.dutchbanglabank.com/ecomm2/ClientHandler?card_type=6&trans_id=dAVRK9cSR4MOOvq8DSoeWWPAHNA%3D
2023.4.29 11:45:08#---------------------- Complete New Transaction---------------------
2023.4.29 11:45:08#Get trans_id From Post Value:dAVRK9cSR4MOOvq8DSoeWWPAHNA=
2023.4.29 11:45:08#clientIp:202.134.14.150
2023.4.29 11:45:08#trans_id:dAVRK9cSR4MOOvq8DSoeWWPAHNA=
2023.4.29 11:45:10#result:RESULT>FAILED^RESULT_CODE>116^3DSECURE>SKIPPED^RRN>311911442597^APPROVAL_CODE>0^CARD_NUMBER>999999*********3775^AMOUNT>1222000^CARDNAME>mb account^DESCRIPTION>6MSC22110595^TRANS_DATE>2023-04-29 05:45:06 PM
2023.4.29 11:45:10#Not Sufficient Amount
2023.4.29 11:46:43#=================== Start New Transaction ===================
2023.4.29 11:46:43#txnrefnum:MSC22110595
2023.4.29 11:46:43#clientIp:202.134.14.150
2023.4.29 11:46:43#card type:6
2023.4.29 11:46:43#totalamount:1222000
2023.4.29 11:46:46#result:TRANSACTION_ID:GtwvxFtNPpHSn1VPBUArDoqNSBM=
2023.4.29 11:46:46#Forward to DBBL Payment Gateway Page: https://ecom1.dutchbanglabank.com/ecomm2/ClientHandler?card_type=6&trans_id=GtwvxFtNPpHSn1VPBUArDoqNSBM%3D
2023.4.29 11:47:33#---------------------- Complete New Transaction---------------------
2023.4.29 11:47:33#Get trans_id From Post Value:GtwvxFtNPpHSn1VPBUArDoqNSBM=
2023.4.29 11:47:33#clientIp:202.134.14.150
2023.4.29 11:47:33#trans_id:GtwvxFtNPpHSn1VPBUArDoqNSBM=
2023.4.29 11:47:34#result:RESULT>OK^RESULT_CODE>000^3DSECURE>SKIPPED^RRN>311911442778^APPROVAL_CODE>267260^CARD_NUMBER>999999*********3775^AMOUNT>1222000^CARDNAME>mb account^DESCRIPTION>6MSC22110595^TRANS_DATE>2023-04-29 05:47:32 PM
2023.4.29 11:47:34#1300829114734
2023.4.29 11:47:34#1300829114734
2023.4.29 11:47:34#1300829114734
2023.4.29 11:47:35#1300829114734
2023.4.29 11:47:35#1300829114734
2023.4.29 11:47:35#1300829114734
2023.4.29 11:47:35#1300829114734
2023.4.29 11:47:35#1300829114734
2023.4.29 11:47:35#1300829114734
2023.4.29 11:47:35#1300829114734
2023.4.29 11:47:35#1300829114734
2023.4.29 11:47:35#1300829114734
2023.4.29 11:47:35#1300829114734
2023.4.29 11:47:35#1300829114734
2023.4.29 11:47:35#1300829114734
2023.4.29 11:47:35#1300829114734
2023.4.29 11:47:35#=================== Transaction Completed =======================
2023.4.29 12:12:36#=================== Start New Transaction ===================
2023.4.29 12:12:36#txnrefnum:MSC23111084
2023.4.29 12:12:36#clientIp:103.184.25.29
2023.4.29 12:12:36#card type:6
2023.4.29 12:12:36#totalamount:182000
2023.4.29 12:12:39#result:TRANSACTION_ID:GHr6NVcSJ7nsSEWPxKLQstVl0JE=
2023.4.29 12:12:39#Forward to DBBL Payment Gateway Page: https://ecom1.dutchbanglabank.com/ecomm2/ClientHandler?card_type=6&trans_id=GHr6NVcSJ7nsSEWPxKLQstVl0JE%3D
2023.4.29 12:24:37#=================== Start New Transaction ===================
2023.4.29 12:24:37#txnrefnum:MBM2303065
2023.4.29 12:24:37#clientIp:103.184.95.5
2023.4.29 12:24:37#card type:6
2023.4.29 12:24:37#totalamount:202000
2023.4.29 12:24:40#result:TRANSACTION_ID:beha2NWEKyxX8YqbAajN3W2Emrg=
2023.4.29 12:24:40#Forward to DBBL Payment Gateway Page: https://ecom1.dutchbanglabank.com/ecomm2/ClientHandler?card_type=6&trans_id=beha2NWEKyxX8YqbAajN3W2Emrg%3D
2023.4.29 12:25:44#---------------------- Complete New Transaction---------------------
2023.4.29 12:25:44#Get trans_id From Post Value:beha2NWEKyxX8YqbAajN3W2Emrg=
2023.4.29 12:25:44#clientIp:103.184.95.5
2023.4.29 12:25:44#trans_id:beha2NWEKyxX8YqbAajN3W2Emrg=
2023.4.29 12:25:45#result:RESULT>OK^RESULT_CODE>000^3DSECURE>SKIPPED^RRN>311912445966^APPROVAL_CODE>467489^CARD_NUMBER>999999*********4114^AMOUNT>202000^CARDNAME>mb account^DESCRIPTION>6MBM2303065^TRANS_DATE>2023-04-29 06:25:43 PM
2023.4.29 12:25:46#51374129122545
2023.4.29 12:25:46#51374129122545
2023.4.29 12:25:46#51374129122545
2023.4.29 12:25:46#51374129122545
2023.4.29 12:25:46#=================== Transaction Completed =======================
2023.4.29 13:21:53#=================== Start New Transaction ===================
2023.4.29 13:21:53#txnrefnum:MBD2203351
2023.4.29 13:21:53#clientIp:37.111.247.102
2023.4.29 13:21:53#card type:6
2023.4.29 13:21:53#totalamount:102000
2023.4.29 13:21:56#result:TRANSACTION_ID:SkRTY7p3QAUBnRvDSSXiWkVXj08=
2023.4.29 13:21:56#Forward to DBBL Payment Gateway Page: https://ecom1.dutchbanglabank.com/ecomm2/ClientHandler?card_type=6&trans_id=SkRTY7p3QAUBnRvDSSXiWkVXj08%3D
2023.4.29 13:22:43#---------------------- Complete New Transaction---------------------
2023.4.29 13:22:43#Get trans_id From Post Value:SkRTY7p3QAUBnRvDSSXiWkVXj08=
2023.4.29 13:22:43#clientIp:37.111.247.102
2023.4.29 13:22:43#trans_id:SkRTY7p3QAUBnRvDSSXiWkVXj08=
2023.4.29 13:22:45#result:RESULT>OK^RESULT_CODE>000^3DSECURE>SKIPPED^RRN>311913450533^APPROVAL_CODE>820763^CARD_NUMBER>999999*********7100^AMOUNT>102000^CARDNAME>mb account^DESCRIPTION>6MBD2203351^TRANS_DATE>2023-04-29 07:22:42 PM
2023.4.29 13:22:45#46848129012245
2023.4.29 13:22:45#46848129012245
2023.4.29 13:22:45#=================== Transaction Completed =======================
2023.4.29 13:30:27#=================== Start New Transaction ===================
2023.4.29 13:30:27#txnrefnum:MBM2207169
2023.4.29 13:30:27#clientIp:163.47.157.212
2023.4.29 13:30:27#card type:6
2023.4.29 13:30:27#totalamount:202000
2023.4.29 13:30:30#result:TRANSACTION_ID:RQ3uRbgw7HoODCxUKN021RQsGdI=
2023.4.29 13:30:30#Forward to DBBL Payment Gateway Page: https://ecom1.dutchbanglabank.com/ecomm2/ClientHandler?card_type=6&trans_id=RQ3uRbgw7HoODCxUKN021RQsGdI%3D
2023.4.29 13:31:12#---------------------- Complete New Transaction---------------------
2023.4.29 13:31:12#Get trans_id From Post Value:RQ3uRbgw7HoODCxUKN021RQsGdI=
2023.4.29 13:31:12#clientIp:163.47.157.212
2023.4.29 13:31:12#trans_id:RQ3uRbgw7HoODCxUKN021RQsGdI=
2023.4.29 13:31:14#result:RESULT>OK^RESULT_CODE>000^3DSECURE>SKIPPED^RRN>311913451146^APPROVAL_CODE>848908^CARD_NUMBER>999999*********1324^AMOUNT>202000^CARDNAME>mb account^DESCRIPTION>6MBM2207169^TRANS_DATE>2023-04-29 07:31:11 PM
2023.4.29 13:31:14#42269729013114
2023.4.29 13:31:14#42269729013114
2023.4.29 13:31:14#42269729013114
2023.4.29 13:31:14#42269729013114
2023.4.29 13:31:14#=================== Transaction Completed =======================
2023.4.29 14:53:37#=================== Start New Transaction ===================
2023.4.29 14:53:37#txnrefnum:BBM2303064
2023.4.29 14:53:37#clientIp:103.166.89.153
2023.4.29 14:53:37#card type:6
2023.4.29 14:53:37#totalamount:102000
2023.4.29 14:53:39#result:TRANSACTION_ID:4uONKEFqtMHuGd4wcqh0uQpxrZE=
2023.4.29 14:53:40#Forward to DBBL Payment Gateway Page: https://ecom1.dutchbanglabank.com/ecomm2/ClientHandler?card_type=6&trans_id=4uONKEFqtMHuGd4wcqh0uQpxrZE%3D
2023.4.29 14:54:03#---------------------- Complete New Transaction---------------------
2023.4.29 14:54:03#Get trans_id From Post Value:4uONKEFqtMHuGd4wcqh0uQpxrZE=
2023.4.29 14:54:04#clientIp:103.166.89.153
2023.4.29 14:54:04#trans_id:4uONKEFqtMHuGd4wcqh0uQpxrZE=
2023.4.29 14:54:06#result:RESULT>OK^RESULT_CODE>000^3DSECURE>SKIPPED^RRN>311914457346^APPROVAL_CODE>269867^CARD_NUMBER>999999*********0560^AMOUNT>102000^CARDNAME>mb account^DESCRIPTION>6BBM2303064^TRANS_DATE>2023-04-29 08:54:02 PM
2023.4.29 14:54:06#51427229025406
2023.4.29 14:54:06#51427229025406
2023.4.29 14:54:06#=================== Transaction Completed =======================
2023.4.29 15:00:28#=================== Start New Transaction ===================
2023.4.29 15:00:28#txnrefnum:BBD2201294
2023.4.29 15:00:28#clientIp:118.179.3.85
2023.4.29 15:00:28#card type:6
2023.4.29 15:00:28#totalamount:302000
2023.4.29 15:00:31#result:TRANSACTION_ID:4QPSclPYntI5ZeNj2JIn0a8O0mU=
2023.4.29 15:00:31#Forward to DBBL Payment Gateway Page: https://ecom1.dutchbanglabank.com/ecomm2/ClientHandler?card_type=6&trans_id=4QPSclPYntI5ZeNj2JIn0a8O0mU%3D
2023.4.29 15:01:07#---------------------- Complete New Transaction---------------------
2023.4.29 15:01:07#Get trans_id From Post Value:4QPSclPYntI5ZeNj2JIn0a8O0mU=
2023.4.29 15:01:07#clientIp:118.179.3.85
2023.4.29 15:01:07#trans_id:4QPSclPYntI5ZeNj2JIn0a8O0mU=
2023.4.29 15:01:09#result:RESULT>OK^RESULT_CODE>000^3DSECURE>SKIPPED^RRN>311915457799^APPROVAL_CODE>286936^CARD_NUMBER>999999*********2122^AMOUNT>302000^CARDNAME>mb account^DESCRIPTION>6BBD2201294^TRANS_DATE>2023-04-29 09:01:06 PM
2023.4.29 15:01:09#49410929030109
2023.4.29 15:01:09#49410929030109
2023.4.29 15:01:09#49410929030109
2023.4.29 15:01:09#49410929030109
2023.4.29 15:01:09#49410929030109
2023.4.29 15:01:09#49410929030109
2023.4.29 15:01:09#=================== Transaction Completed =======================
2023.4.29 15:01:56#=================== Start New Transaction ===================
2023.4.29 15:01:56#txnrefnum:BBM2201125
2023.4.29 15:01:56#clientIp:103.159.127.19
2023.4.29 15:01:56#card type:6
2023.4.29 15:01:56#totalamount:2000
2023.4.29 15:01:59#result:TRANSACTION_ID:QzpP79yI4EyZVikScG96IS3oUxA=
2023.4.29 15:01:59#Forward to DBBL Payment Gateway Page: https://ecom1.dutchbanglabank.com/ecomm2/ClientHandler?card_type=6&trans_id=QzpP79yI4EyZVikScG96IS3oUxA%3D
2023.4.29 15:05:31#=================== Start New Transaction ===================
2023.4.29 15:05:31#txnrefnum:BBM2201125
2023.4.29 15:05:31#clientIp:103.159.127.19
2023.4.29 15:05:31#card type:6
2023.4.29 15:05:31#totalamount:202000
2023.4.29 15:05:34#result:TRANSACTION_ID:a2BkXoxlnh9KDURCYNXU0fRZORY=
2023.4.29 15:05:34#Forward to DBBL Payment Gateway Page: https://ecom1.dutchbanglabank.com/ecomm2/ClientHandler?card_type=6&trans_id=a2BkXoxlnh9KDURCYNXU0fRZORY%3D
2023.4.29 15:13:49#=================== Start New Transaction ===================
2023.4.29 15:13:49#txnrefnum:BBM2201125
2023.4.29 15:13:49#clientIp:103.159.127.19
2023.4.29 15:13:49#card type:6
2023.4.29 15:13:49#totalamount:202000
2023.4.29 15:13:52#result:TRANSACTION_ID:TvA90RUqAIm27XtL02x0qAYPBBA=
2023.4.29 15:13:52#Forward to DBBL Payment Gateway Page: https://ecom1.dutchbanglabank.com/ecomm2/ClientHandler?card_type=6&trans_id=TvA90RUqAIm27XtL02x0qAYPBBA%3D
2023.4.29 15:14:58#=================== Start New Transaction ===================
2023.4.29 15:14:58#txnrefnum:BBM2201125
2023.4.29 15:14:58#clientIp:103.159.127.19
2023.4.29 15:14:58#card type:6
2023.4.29 15:14:58#totalamount:202000
2023.4.29 15:15:02#result:TRANSACTION_ID:1UbtAnwiPG8GiIIFrJPbEqjoo6E=
2023.4.29 15:15:02#Forward to DBBL Payment Gateway Page: https://ecom1.dutchbanglabank.com/ecomm2/ClientHandler?card_type=6&trans_id=1UbtAnwiPG8GiIIFrJPbEqjoo6E%3D
2023.4.29 15:15:40#---------------------- Complete New Transaction---------------------
2023.4.29 15:15:40#Get trans_id From Post Value:1UbtAnwiPG8GiIIFrJPbEqjoo6E=
2023.4.29 15:15:40#clientIp:103.159.127.19
2023.4.29 15:15:40#trans_id:1UbtAnwiPG8GiIIFrJPbEqjoo6E=
2023.4.29 15:15:42#result:RESULT>OK^RESULT_CODE>000^3DSECURE>SKIPPED^RRN>311915458768^APPROVAL_CODE>420886^CARD_NUMBER>999999*********2990^AMOUNT>202000^CARDNAME>mb account^DESCRIPTION>6BBM2201125^TRANS_DATE>2023-04-29 09:15:39 PM
2023.4.29 15:15:42#49457729031542
2023.4.29 15:15:42#49457729031542
2023.4.29 15:15:42#49457729031542
2023.4.29 15:15:42#49457729031542
2023.4.29 15:15:42#=================== Transaction Completed =======================
2023.4.29 15:54:54#=================== Start New Transaction ===================
2023.4.29 15:54:54#txnrefnum:MBD2005151
2023.4.29 15:54:54#clientIp:37.111.207.76
2023.4.29 15:54:54#card type:6
2023.4.29 15:54:54#totalamount:202000
2023.4.29 15:54:57#result:TRANSACTION_ID:S3SFwCkJUw1NS7tGImcaG1redWo=
2023.4.29 15:54:57#Forward to DBBL Payment Gateway Page: https://ecom1.dutchbanglabank.com/ecomm2/ClientHandler?card_type=6&trans_id=S3SFwCkJUw1NS7tGImcaG1redWo%3D
2023.4.29 16:53:11#=================== Start New Transaction ===================
2023.4.29 16:53:11#txnrefnum:MBM2005059
2023.4.29 16:53:11#clientIp:103.140.205.1
2023.4.29 16:53:11#card type:6
2023.4.29 16:53:11#totalamount:502000
2023.4.29 16:53:14#result:TRANSACTION_ID:zQ0kVjlxT9PfRCba56fW38WRj2g=
2023.4.29 16:53:14#Forward to DBBL Payment Gateway Page: https://ecom1.dutchbanglabank.com/ecomm2/ClientHandler?card_type=6&trans_id=zQ0kVjlxT9PfRCba56fW38WRj2g%3D
2023.4.29 17:05:33#=================== Start New Transaction ===================
2023.4.29 17:05:33#txnrefnum:BBM2008109
2023.4.29 17:05:33#clientIp:103.126.219.98
2023.4.29 17:05:33#card type:6
2023.4.29 17:05:33#totalamount:252000
2023.4.29 17:05:36#result:TRANSACTION_ID:sW3K3tA2oqlsrXOMzkQZvCMtaQc=
2023.4.29 17:05:36#Forward to DBBL Payment Gateway Page: https://ecom1.dutchbanglabank.com/ecomm2/ClientHandler?card_type=6&trans_id=sW3K3tA2oqlsrXOMzkQZvCMtaQc%3D