
2022.9.21 03:26:50#=================== Start New Transaction ===================
2022.9.21 03:26:50#txnrefnum:MBD2007339
2022.9.21 03:26:50#clientIp:103.187.24.6
2022.9.21 03:26:50#card type:6
2022.9.21 03:26:50#totalamount:82000
2022.9.21 03:26:55#result:TRANSACTION_ID:9MC4cmBgbazYUE3FVPELg4QZ6HE=
2022.9.21 03:26:55#Forward to DBBL Payment Gateway Page: https://ecom1.dutchbanglabank.com/ecomm2/ClientHandler?card_type=6&trans_id=9MC4cmBgbazYUE3FVPELg4QZ6HE%3D
2022.9.21 03:37:47#=================== Start New Transaction ===================
2022.9.21 03:37:47#txnrefnum:MBD2007417
2022.9.21 03:37:47#clientIp:202.134.14.158
2022.9.21 03:37:47#card type:6
2022.9.21 03:37:47#totalamount:2629400
2022.9.21 03:37:51#result:TRANSACTION_ID:UJSoDLcEQ3XRvpHlv0oIACHFcgI=
2022.9.21 03:37:51#Forward to DBBL Payment Gateway Page: https://ecom1.dutchbanglabank.com/ecomm2/ClientHandler?card_type=6&trans_id=UJSoDLcEQ3XRvpHlv0oIACHFcgI%3D
2022.9.21 03:38:25#---------------------- Complete New Transaction---------------------
2022.9.21 03:38:25#Get trans_id From Post Value:UJSoDLcEQ3XRvpHlv0oIACHFcgI=
2022.9.21 03:38:25#clientIp:202.134.14.158
2022.9.21 03:38:25#trans_id:UJSoDLcEQ3XRvpHlv0oIACHFcgI=
2022.9.21 03:38:28#result:RESULT>OK^RESULT_CODE>000^3DSECURE>SKIPPED^RRN>226403431236^APPROVAL_CODE>741370^CARD_NUMBER>999999*********7532^AMOUNT>2629400^CARDNAME>mb account^DESCRIPTION>6MBD2007417^TRANS_DATE>2022-09-21 09:38:23 AM
2022.9.21 03:38:28#19478021033828
2022.9.21 03:38:28#19478021033828
2022.9.21 03:38:28#19478021033828
2022.9.21 03:38:28#19478021033828
2022.9.21 03:38:28#19478021033828
2022.9.21 03:38:28#19478021033828
2022.9.21 03:38:28#19478021033828
2022.9.21 03:38:28#19478021033828
2022.9.21 03:38:28#19478021033828
2022.9.21 03:38:29#19478021033828
2022.9.21 03:38:29#19478021033828
2022.9.21 03:38:29#19478021033828
2022.9.21 03:38:29#19478021033828
2022.9.21 03:38:29#19478021033828
2022.9.21 03:38:29#19478021033828
2022.9.21 03:38:29#19478021033828
2022.9.21 03:38:29#19478021033828
2022.9.21 03:38:29#19478021033828
2022.9.21 03:38:29#19478021033828
2022.9.21 03:38:29#19478021033828
2022.9.21 03:38:29#19478021033828
2022.9.21 03:38:29#19478021033828
2022.9.21 03:38:29#=================== Transaction Completed =======================
2022.9.21 03:45:37#=================== Start New Transaction ===================
2022.9.21 03:45:37#txnrefnum:MBD2007339
2022.9.21 03:45:37#clientIp:103.187.24.6
2022.9.21 03:45:37#card type:6
2022.9.21 03:45:37#totalamount:82000
2022.9.21 03:45:41#result:TRANSACTION_ID:SoyuB1mB4U1qZ7GdRcZFHcPQNS4=
2022.9.21 03:45:41#Forward to DBBL Payment Gateway Page: https://ecom1.dutchbanglabank.com/ecomm2/ClientHandler?card_type=6&trans_id=SoyuB1mB4U1qZ7GdRcZFHcPQNS4%3D
2022.9.21 03:46:24#---------------------- Complete New Transaction---------------------
2022.9.21 03:46:24#Get trans_id From Post Value:SoyuB1mB4U1qZ7GdRcZFHcPQNS4=
2022.9.21 03:46:24#clientIp:103.187.24.6
2022.9.21 03:46:24#trans_id:SoyuB1mB4U1qZ7GdRcZFHcPQNS4=
2022.9.21 03:46:26#result:RESULT>OK^RESULT_CODE>000^3DSECURE>SKIPPED^RRN>226403431649^APPROVAL_CODE>701894^CARD_NUMBER>999999*********4291^AMOUNT>82000^CARDNAME>mb account^DESCRIPTION>6MBD2007339^TRANS_DATE>2022-09-21 09:46:23 AM
2022.9.21 03:46:26#19619121034626
2022.9.21 03:46:26#19619121034626
2022.9.21 03:46:26#=================== Transaction Completed =======================
2022.9.21 03:47:06#=================== Start New Transaction ===================
2022.9.21 03:47:06#txnrefnum:MBD2007339
2022.9.21 03:47:06#clientIp:103.187.24.6
2022.9.21 03:47:06#card type:6
2022.9.21 03:47:06#totalamount:82000
2022.9.21 03:47:10#result:TRANSACTION_ID:HS6nTEDrsesXWLZypFxSHVwBZOg=
2022.9.21 03:47:10#Forward to DBBL Payment Gateway Page: https://ecom1.dutchbanglabank.com/ecomm2/ClientHandler?card_type=6&trans_id=HS6nTEDrsesXWLZypFxSHVwBZOg%3D
2022.9.21 03:47:45#---------------------- Complete New Transaction---------------------
2022.9.21 03:47:45#Get trans_id From Post Value:HS6nTEDrsesXWLZypFxSHVwBZOg=
2022.9.21 03:47:45#clientIp:103.187.24.6
2022.9.21 03:47:45#trans_id:HS6nTEDrsesXWLZypFxSHVwBZOg=
2022.9.21 03:47:47#result:RESULT>OK^RESULT_CODE>000^3DSECURE>SKIPPED^RRN>226403431735^APPROVAL_CODE>781765^CARD_NUMBER>999999*********4291^AMOUNT>82000^CARDNAME>mb account^DESCRIPTION>6MBD2007339^TRANS_DATE>2022-09-21 09:47:44 AM
2022.9.21 03:47:47#19619221034747
2022.9.21 03:47:47#19619221034747
2022.9.21 03:47:47#=================== Transaction Completed =======================
2022.9.21 03:49:29#=================== Start New Transaction ===================
2022.9.21 03:49:29#txnrefnum:MBD2007339
2022.9.21 03:49:29#clientIp:103.187.24.6
2022.9.21 03:49:29#card type:6
2022.9.21 03:49:29#totalamount:162000
2022.9.21 03:49:33#result:TRANSACTION_ID:3auRl08bgswqPa4yvlMwXSjEvI0=
2022.9.21 03:49:33#Forward to DBBL Payment Gateway Page: https://ecom1.dutchbanglabank.com/ecomm2/ClientHandler?card_type=6&trans_id=3auRl08bgswqPa4yvlMwXSjEvI0%3D
2022.9.21 04:44:27#=================== Start New Transaction ===================
2022.9.21 04:44:27#txnrefnum:MEM2004035
2022.9.21 04:44:27#clientIp:37.111.206.126
2022.9.21 04:44:27#card type:6
2022.9.21 04:44:27#totalamount:112000
2022.9.21 04:44:30#result:TRANSACTION_ID:swKYAKYuCLUjJXrzgDjgQOHwDuc=
2022.9.21 04:44:30#Forward to DBBL Payment Gateway Page: https://ecom1.dutchbanglabank.com/ecomm2/ClientHandler?card_type=6&trans_id=swKYAKYuCLUjJXrzgDjgQOHwDuc%3D
2022.9.21 04:45:01#=================== Start New Transaction ===================
2022.9.21 04:45:01#txnrefnum:BBD2007113
2022.9.21 04:45:01#clientIp:103.126.217.109
2022.9.21 04:45:01#card type:6
2022.9.21 04:45:01#totalamount:162000
2022.9.21 04:45:05#result:TRANSACTION_ID:ke2fZmyzBsUGkavemVaiw2Jya8o=
2022.9.21 04:45:05#Forward to DBBL Payment Gateway Page: https://ecom1.dutchbanglabank.com/ecomm2/ClientHandler?card_type=6&trans_id=ke2fZmyzBsUGkavemVaiw2Jya8o%3D
2022.9.21 04:45:16#---------------------- Complete New Transaction---------------------
2022.9.21 04:45:16#Get trans_id From Post Value:swKYAKYuCLUjJXrzgDjgQOHwDuc=
2022.9.21 04:45:16#clientIp:37.111.206.126
2022.9.21 04:45:16#trans_id:swKYAKYuCLUjJXrzgDjgQOHwDuc=
2022.9.21 04:45:18#result:RESULT>OK^RESULT_CODE>000^3DSECURE>SKIPPED^RRN>226404435544^APPROVAL_CODE>953127^CARD_NUMBER>999999*********5148^AMOUNT>112000^CARDNAME>mb account^DESCRIPTION>6MEM2004035^TRANS_DATE>2022-09-21 10:45:15 AM
2022.9.21 04:45:18#14367921044518
2022.9.21 04:45:18#14367921044518
2022.9.21 04:45:18#=================== Transaction Completed =======================
2022.9.21 04:47:39#=================== Start New Transaction ===================
2022.9.21 04:47:39#txnrefnum:BBD2007113
2022.9.21 04:47:39#clientIp:103.126.217.109
2022.9.21 04:47:39#card type:6
2022.9.21 04:47:39#totalamount:162000
2022.9.21 04:47:43#result:TRANSACTION_ID:bvqSnF8H3Fbd5z6gbwXKma94QCs=
2022.9.21 04:47:43#Forward to DBBL Payment Gateway Page: https://ecom1.dutchbanglabank.com/ecomm2/ClientHandler?card_type=6&trans_id=bvqSnF8H3Fbd5z6gbwXKma94QCs%3D
2022.9.21 04:48:06#=================== Start New Transaction ===================
2022.9.21 04:48:06#txnrefnum:MBG2106150
2022.9.21 04:48:06#clientIp:37.111.215.18
2022.9.21 04:48:06#card type:6
2022.9.21 04:48:06#totalamount:402000
2022.9.21 04:48:10#result:TRANSACTION_ID:scPzRsJxVH9eN2ElhIcE6q2sBE0=
2022.9.21 04:48:10#Forward to DBBL Payment Gateway Page: https://ecom1.dutchbanglabank.com/ecomm2/ClientHandler?card_type=6&trans_id=scPzRsJxVH9eN2ElhIcE6q2sBE0%3D
2022.9.21 04:48:31#---------------------- Complete New Transaction---------------------
2022.9.21 04:48:31#Get trans_id From Post Value:scPzRsJxVH9eN2ElhIcE6q2sBE0=
2022.9.21 04:48:31#clientIp:37.111.215.18
2022.9.21 04:48:31#trans_id:scPzRsJxVH9eN2ElhIcE6q2sBE0=
2022.9.21 04:48:33#result:RESULT>OK^RESULT_CODE>000^3DSECURE>SKIPPED^RRN>226404435796^APPROVAL_CODE>038742^CARD_NUMBER>999999*********1168^AMOUNT>402000^CARDNAME>mb account^DESCRIPTION>6MBG2106150^TRANS_DATE>2022-09-21 10:48:30 AM
2022.9.21 04:48:33#16904721044833
2022.9.21 04:48:33#16904721044833
2022.9.21 04:48:33#16904721044833
2022.9.21 04:48:33#16904721044833
2022.9.21 04:48:33#16904721044833
2022.9.21 04:48:33#16904721044833
2022.9.21 04:48:33#16904721044833
2022.9.21 04:48:33#16904721044833
2022.9.21 04:48:33#16904721044833
2022.9.21 04:48:33#16904721044833
2022.9.21 04:48:33#=================== Transaction Completed =======================
2022.9.21 04:50:52#=================== Start New Transaction ===================
2022.9.21 04:50:52#txnrefnum:MBB2105085
2022.9.21 04:50:52#clientIp:37.111.215.18
2022.9.21 04:50:52#card type:6
2022.9.21 04:50:52#totalamount:402000
2022.9.21 04:50:55#result:TRANSACTION_ID:HYrKt3j82GDOttUOc0j2tWLC62Y=
2022.9.21 04:50:56#Forward to DBBL Payment Gateway Page: https://ecom1.dutchbanglabank.com/ecomm2/ClientHandler?card_type=6&trans_id=HYrKt3j82GDOttUOc0j2tWLC62Y%3D
2022.9.21 04:51:15#---------------------- Complete New Transaction---------------------
2022.9.21 04:51:15#Get trans_id From Post Value:HYrKt3j82GDOttUOc0j2tWLC62Y=
2022.9.21 04:51:15#clientIp:37.111.215.18
2022.9.21 04:51:15#trans_id:HYrKt3j82GDOttUOc0j2tWLC62Y=
2022.9.21 04:51:17#result:RESULT>OK^RESULT_CODE>000^3DSECURE>SKIPPED^RRN>226404435979^APPROVAL_CODE>110419^CARD_NUMBER>999999*********1168^AMOUNT>402000^CARDNAME>mb account^DESCRIPTION>6MBB2105085^TRANS_DATE>2022-09-21 10:51:13 AM
2022.9.21 04:51:17#14324721045117
2022.9.21 04:51:17#14324721045117
2022.9.21 04:51:17#14324721045117
2022.9.21 04:51:17#14324721045117
2022.9.21 04:51:17#14324721045117
2022.9.21 04:51:17#14324721045117
2022.9.21 04:51:17#14324721045117
2022.9.21 04:51:17#14324721045117
2022.9.21 04:51:17#14324721045117
2022.9.21 04:51:17#14324721045117
2022.9.21 04:51:17#=================== Transaction Completed =======================
2022.9.21 04:51:26#=================== Start New Transaction ===================
2022.9.21 04:51:26#txnrefnum:BBD2007113
2022.9.21 04:51:26#clientIp:103.126.217.109
2022.9.21 04:51:26#card type:6
2022.9.21 04:51:26#totalamount:162000
2022.9.21 04:51:32#result:TRANSACTION_ID:K2Sa7SMBT2MhtgTnrO639QrU5bM=
2022.9.21 04:51:32#Forward to DBBL Payment Gateway Page: https://ecom1.dutchbanglabank.com/ecomm2/ClientHandler?card_type=6&trans_id=K2Sa7SMBT2MhtgTnrO639QrU5bM%3D
2022.9.21 04:53:45#=================== Start New Transaction ===================
2022.9.21 04:53:45#txnrefnum:MSC22111124
2022.9.21 04:53:45#clientIp:103.166.187.111
2022.9.21 04:53:45#card type:6
2022.9.21 04:53:45#totalamount:162000
2022.9.21 04:53:49#result:TRANSACTION_ID:aHTYRSSNPNQTipFhIECOnsZiNY0=
2022.9.21 04:53:50#Forward to DBBL Payment Gateway Page: https://ecom1.dutchbanglabank.com/ecomm2/ClientHandler?card_type=6&trans_id=aHTYRSSNPNQTipFhIECOnsZiNY0%3D
2022.9.21 04:55:04#---------------------- Complete New Transaction---------------------
2022.9.21 04:55:04#Get trans_id From Post Value:aHTYRSSNPNQTipFhIECOnsZiNY0=
2022.9.21 04:55:04#clientIp:103.166.187.111
2022.9.21 04:55:04#trans_id:aHTYRSSNPNQTipFhIECOnsZiNY0=
2022.9.21 04:55:06#result:RESULT>OK^RESULT_CODE>000^3DSECURE>SKIPPED^RRN>226404436232^APPROVAL_CODE>115057^CARD_NUMBER>999999*********7633^AMOUNT>162000^CARDNAME>mb account^DESCRIPTION>6MSC22111124^TRANS_DATE>2022-09-21 10:55:03 AM
2022.9.21 04:55:06#136721045506
2022.9.21 04:55:06#136721045506
2022.9.21 04:55:06#=================== Transaction Completed =======================
2022.9.21 04:55:24#=================== Start New Transaction ===================
2022.9.21 04:55:24#txnrefnum:MSC22110519
2022.9.21 04:55:24#clientIp:103.67.158.144
2022.9.21 04:55:24#card type:6
2022.9.21 04:55:24#totalamount:2000
2022.9.21 04:55:28#result:TRANSACTION_ID:HJNJSo1qTKV4zwd1ButwXkqZAeo=
2022.9.21 04:55:28#Forward to DBBL Payment Gateway Page: https://ecom1.dutchbanglabank.com/ecomm2/ClientHandler?card_type=6&trans_id=HJNJSo1qTKV4zwd1ButwXkqZAeo%3D
2022.9.21 04:57:51#---------------------- Complete New Transaction---------------------
2022.9.21 04:57:51#Get trans_id From Post Value:HJNJSo1qTKV4zwd1ButwXkqZAeo=
2022.9.21 04:57:51#clientIp:103.67.158.144
2022.9.21 04:57:51#trans_id:HJNJSo1qTKV4zwd1ButwXkqZAeo=
2022.9.21 04:57:53#result:RESULT>OK^RESULT_CODE>000^3DSECURE>SKIPPED^RRN>226404436429^APPROVAL_CODE>118593^CARD_NUMBER>999999*********3852^AMOUNT>2000^CARDNAME>mb account^DESCRIPTION>6MSC22110519^TRANS_DATE>2022-09-21 10:57:50 AM
2022.9.21 04:57:54#=================== Transaction Completed =======================
2022.9.21 04:59:36#=================== Start New Transaction ===================
2022.9.21 04:59:36#txnrefnum:BBD2007113
2022.9.21 04:59:36#clientIp:103.126.217.109
2022.9.21 04:59:36#card type:6
2022.9.21 04:59:36#totalamount:162000
2022.9.21 04:59:40#result:TRANSACTION_ID:BXenQmj7J80HEmdVZY8x5372vhE=
2022.9.21 04:59:41#Forward to DBBL Payment Gateway Page: https://ecom1.dutchbanglabank.com/ecomm2/ClientHandler?card_type=6&trans_id=BXenQmj7J80HEmdVZY8x5372vhE%3D
2022.9.21 05:03:15#=================== Start New Transaction ===================
2022.9.21 05:03:15#txnrefnum:MSC22110519
2022.9.21 05:03:15#clientIp:103.67.158.144
2022.9.21 05:03:15#card type:6
2022.9.21 05:03:15#totalamount:482000
2022.9.21 05:03:22#result:TRANSACTION_ID:PqeemR8Z3CXE1ZidFdRjFVev0aE=
2022.9.21 05:03:22#Forward to DBBL Payment Gateway Page: https://ecom1.dutchbanglabank.com/ecomm2/ClientHandler?card_type=6&trans_id=PqeemR8Z3CXE1ZidFdRjFVev0aE%3D
2022.9.21 05:04:05#---------------------- Complete New Transaction---------------------
2022.9.21 05:04:05#Get trans_id From Post Value:PqeemR8Z3CXE1ZidFdRjFVev0aE=
2022.9.21 05:04:05#clientIp:103.67.158.144
2022.9.21 05:04:05#trans_id:PqeemR8Z3CXE1ZidFdRjFVev0aE=
2022.9.21 05:04:07#result:RESULT>OK^RESULT_CODE>000^3DSECURE>SKIPPED^RRN>226405436915^APPROVAL_CODE>105742^CARD_NUMBER>999999*********3852^AMOUNT>482000^CARDNAME>mb account^DESCRIPTION>6MSC22110519^TRANS_DATE>2022-09-21 11:04:04 AM
2022.9.21 05:04:07#1243221050407
2022.9.21 05:04:07#1243221050407
2022.9.21 05:04:07#1243221050407
2022.9.21 05:04:07#1243221050407
2022.9.21 05:04:07#1243221050407
2022.9.21 05:04:07#1243221050407
2022.9.21 05:04:07#=================== Transaction Completed =======================
2022.9.21 05:08:07#=================== Start New Transaction ===================
2022.9.21 05:08:07#txnrefnum:MSC22110519
2022.9.21 05:08:07#clientIp:103.67.158.144
2022.9.21 05:08:07#card type:6
2022.9.21 05:08:07#totalamount:162000
2022.9.21 05:08:10#result:TRANSACTION_ID:u69ctHhYcMD8ZqwthOoMHgBLRk4=
2022.9.21 05:08:10#Forward to DBBL Payment Gateway Page: https://ecom1.dutchbanglabank.com/ecomm2/ClientHandler?card_type=6&trans_id=u69ctHhYcMD8ZqwthOoMHgBLRk4%3D
2022.9.21 05:09:56#=================== Start New Transaction ===================
2022.9.21 05:09:56#txnrefnum:MSC22110519
2022.9.21 05:09:56#clientIp:103.67.158.144
2022.9.21 05:09:56#card type:6
2022.9.21 05:09:56#totalamount:162000
2022.9.21 05:10:02#result:TRANSACTION_ID:dleiUSd7kd6PGsI6yNoDFskeEE8=
2022.9.21 05:10:02#Forward to DBBL Payment Gateway Page: https://ecom1.dutchbanglabank.com/ecomm2/ClientHandler?card_type=6&trans_id=dleiUSd7kd6PGsI6yNoDFskeEE8%3D
2022.9.21 05:10:39#---------------------- Complete New Transaction---------------------
2022.9.21 05:10:39#Get trans_id From Post Value:dleiUSd7kd6PGsI6yNoDFskeEE8=
2022.9.21 05:10:39#clientIp:103.67.158.144
2022.9.21 05:10:39#trans_id:dleiUSd7kd6PGsI6yNoDFskeEE8=
2022.9.21 05:10:41#result:RESULT>OK^RESULT_CODE>000^3DSECURE>SKIPPED^RRN>226405437503^APPROVAL_CODE>219294^CARD_NUMBER>999999*********3852^AMOUNT>162000^CARDNAME>mb account^DESCRIPTION>6MSC22110519^TRANS_DATE>2022-09-21 11:10:37 AM
2022.9.21 05:10:41#1243321051041
2022.9.21 05:10:41#1243321051041
2022.9.21 05:10:41#=================== Transaction Completed =======================
2022.9.21 05:15:09#=================== Start New Transaction ===================
2022.9.21 05:15:09#txnrefnum:MBB2109090
2022.9.21 05:15:09#clientIp:43.224.109.194
2022.9.21 05:15:09#card type:6
2022.9.21 05:15:09#totalamount:242000
2022.9.21 05:15:13#result:TRANSACTION_ID:sCPoVm3tQ7LBiqnluRJYNibMecU=
2022.9.21 05:15:13#Forward to DBBL Payment Gateway Page: https://ecom1.dutchbanglabank.com/ecomm2/ClientHandler?card_type=6&trans_id=sCPoVm3tQ7LBiqnluRJYNibMecU%3D
2022.9.21 05:16:26#---------------------- Complete New Transaction---------------------
2022.9.21 05:16:26#Get trans_id From Post Value:sCPoVm3tQ7LBiqnluRJYNibMecU=
2022.9.21 05:16:26#clientIp:43.224.109.194
2022.9.21 05:16:26#trans_id:sCPoVm3tQ7LBiqnluRJYNibMecU=
2022.9.21 05:16:29#result:RESULT>OK^RESULT_CODE>000^3DSECURE>SKIPPED^RRN>226405437990^APPROVAL_CODE>184049^CARD_NUMBER>999999*********2767^AMOUNT>242000^CARDNAME>mb account^DESCRIPTION>6MBB2109090^TRANS_DATE>2022-09-21 11:16:25 AM
2022.9.21 05:16:29#21482121051629
2022.9.21 05:16:29#21482121051629
2022.9.21 05:16:29#21482121051629
2022.9.21 05:16:29#21482121051629
2022.9.21 05:16:29#21482121051629
2022.9.21 05:16:29#21482121051629
2022.9.21 05:16:29#=================== Transaction Completed =======================
2022.9.21 05:20:19#=================== Start New Transaction ===================
2022.9.21 05:20:19#txnrefnum:MBD2008283
2022.9.21 05:20:19#clientIp:37.111.215.18
2022.9.21 05:20:19#card type:6
2022.9.21 05:20:19#totalamount:242000
2022.9.21 05:20:25#result:TRANSACTION_ID:KhsszNPlb98VQxiU9iQ8yHqkLgA=
2022.9.21 05:20:25#Forward to DBBL Payment Gateway Page: https://ecom1.dutchbanglabank.com/ecomm2/ClientHandler?card_type=6&trans_id=KhsszNPlb98VQxiU9iQ8yHqkLgA%3D
2022.9.21 05:20:42#---------------------- Complete New Transaction---------------------
2022.9.21 05:20:42#Get trans_id From Post Value:KhsszNPlb98VQxiU9iQ8yHqkLgA=
2022.9.21 05:20:42#clientIp:37.111.215.18
2022.9.21 05:20:42#trans_id:KhsszNPlb98VQxiU9iQ8yHqkLgA=
2022.9.21 05:20:44#result:RESULT>OK^RESULT_CODE>000^3DSECURE>SKIPPED^RRN>226405438380^APPROVAL_CODE>154885^CARD_NUMBER>999999*********1168^AMOUNT>242000^CARDNAME>mb account^DESCRIPTION>6MBD2008283^TRANS_DATE>2022-09-21 11:20:41 AM
2022.9.21 05:20:44#21338221052044
2022.9.21 05:20:44#21338221052044
2022.9.21 05:20:44#21338221052044
2022.9.21 05:20:44#21338221052044
2022.9.21 05:20:44#21338221052044
2022.9.21 05:20:44#21338221052044
2022.9.21 05:20:44#=================== Transaction Completed =======================
2022.9.21 05:27:44#=================== Start New Transaction ===================
2022.9.21 05:27:44#txnrefnum:MBG2101021
2022.9.21 05:27:44#clientIp:123.136.30.131
2022.9.21 05:27:44#card type:6
2022.9.21 05:27:44#totalamount:82000
2022.9.21 05:27:49#result:TRANSACTION_ID:fLlGeVYaQSfvnIm2ZJUUkBs7Ovg=
2022.9.21 05:27:49#Forward to DBBL Payment Gateway Page: https://ecom1.dutchbanglabank.com/ecomm2/ClientHandler?card_type=6&trans_id=fLlGeVYaQSfvnIm2ZJUUkBs7Ovg%3D
2022.9.21 05:28:40#---------------------- Complete New Transaction---------------------
2022.9.21 05:28:40#Get trans_id From Post Value:fLlGeVYaQSfvnIm2ZJUUkBs7Ovg=
2022.9.21 05:28:40#clientIp:123.136.30.131
2022.9.21 05:28:40#trans_id:fLlGeVYaQSfvnIm2ZJUUkBs7Ovg=
2022.9.21 05:28:42#result:RESULT>OK^RESULT_CODE>000^3DSECURE>SKIPPED^RRN>226405439040^APPROVAL_CODE>310022^CARD_NUMBER>999999*********1912^AMOUNT>82000^CARDNAME>mb account^DESCRIPTION>6MBG2101021^TRANS_DATE>2022-09-21 11:28:39 AM
2022.9.21 05:28:43#8264721052842
2022.9.21 05:28:43#8264721052842
2022.9.21 05:28:43#=================== Transaction Completed =======================
2022.9.21 06:02:57#=================== Start New Transaction ===================
2022.9.21 06:02:57#txnrefnum:MBD2203083
2022.9.21 06:02:57#clientIp:103.173.60.48
2022.9.21 06:02:57#card type:6
2022.9.21 06:02:57#totalamount:82000
2022.9.21 06:03:01#result:TRANSACTION_ID:qCqKdnNhbQVJAZBwFlccvPj9FbI=
2022.9.21 06:03:01#Forward to DBBL Payment Gateway Page: https://ecom1.dutchbanglabank.com/ecomm2/ClientHandler?card_type=6&trans_id=qCqKdnNhbQVJAZBwFlccvPj9FbI%3D
2022.9.21 06:05:14#---------------------- Complete New Transaction---------------------
2022.9.21 06:05:14#Get trans_id From Post Value:qCqKdnNhbQVJAZBwFlccvPj9FbI=
2022.9.21 06:05:14#clientIp:103.173.60.48
2022.9.21 06:05:14#trans_id:qCqKdnNhbQVJAZBwFlccvPj9FbI=
2022.9.21 06:05:16#result:RESULT>OK^RESULT_CODE>000^3DSECURE>SKIPPED^RRN>226406442054^APPROVAL_CODE>509969^CARD_NUMBER>999999*********6669^AMOUNT>82000^CARDNAME>mb account^DESCRIPTION>6MBD2203083^TRANS_DATE>2022-09-21 12:05:13 PM
2022.9.21 06:05:16#10468521060516
2022.9.21 06:05:16#10468521060516
2022.9.21 06:05:16#=================== Transaction Completed =======================
2022.9.21 06:05:52#=================== Start New Transaction ===================
2022.9.21 06:05:52#txnrefnum:MBD2001059
2022.9.21 06:05:52#clientIp:202.134.14.158
2022.9.21 06:05:52#card type:6
2022.9.21 06:05:52#totalamount:242000
2022.9.21 06:05:56#result:TRANSACTION_ID:k5Pm9vfiotVjbY9CkR34W0MZBGQ=
2022.9.21 06:05:56#Forward to DBBL Payment Gateway Page: https://ecom1.dutchbanglabank.com/ecomm2/ClientHandler?card_type=6&trans_id=k5Pm9vfiotVjbY9CkR34W0MZBGQ%3D
2022.9.21 06:06:23#---------------------- Complete New Transaction---------------------
2022.9.21 06:06:23#Get trans_id From Post Value:k5Pm9vfiotVjbY9CkR34W0MZBGQ=
2022.9.21 06:06:23#clientIp:202.134.14.158
2022.9.21 06:06:23#trans_id:k5Pm9vfiotVjbY9CkR34W0MZBGQ=
2022.9.21 06:06:25#result:RESULT>OK^RESULT_CODE>000^3DSECURE>SKIPPED^RRN>226406442142^APPROVAL_CODE>438367^CARD_NUMBER>999999*********7532^AMOUNT>242000^CARDNAME>mb account^DESCRIPTION>6MBD2001059^TRANS_DATE>2022-09-21 12:06:21 PM
2022.9.21 06:06:25#9606921060625
2022.9.21 06:06:25#9606921060625
2022.9.21 06:06:25#9606921060625
2022.9.21 06:06:25#9606921060625
2022.9.21 06:06:25#9606921060625
2022.9.21 06:06:25#9606921060625
2022.9.21 06:06:25#=================== Transaction Completed =======================
2022.9.21 06:08:35#=================== Start New Transaction ===================
2022.9.21 06:08:35#txnrefnum:MBM2004041
2022.9.21 06:08:35#clientIp:202.134.14.158
2022.9.21 06:08:35#card type:6
2022.9.21 06:08:35#totalamount:242000
2022.9.21 06:08:38#result:TRANSACTION_ID:M18b0Ga1D3VbQQnyr0arjPdj1f8=
2022.9.21 06:08:39#Forward to DBBL Payment Gateway Page: https://ecom1.dutchbanglabank.com/ecomm2/ClientHandler?card_type=6&trans_id=M18b0Ga1D3VbQQnyr0arjPdj1f8%3D
2022.9.21 06:09:19#---------------------- Complete New Transaction---------------------
2022.9.21 06:09:19#Get trans_id From Post Value:M18b0Ga1D3VbQQnyr0arjPdj1f8=
2022.9.21 06:09:19#clientIp:202.134.14.158
2022.9.21 06:09:19#trans_id:M18b0Ga1D3VbQQnyr0arjPdj1f8=
2022.9.21 06:09:21#result:RESULT>OK^RESULT_CODE>000^3DSECURE>SKIPPED^RRN>226406442393^APPROVAL_CODE>481899^CARD_NUMBER>999999*********7532^AMOUNT>242000^CARDNAME>mb account^DESCRIPTION>6MBM2004041^TRANS_DATE>2022-09-21 12:09:18 PM
2022.9.21 06:09:21#14422921060921
2022.9.21 06:09:21#14422921060921
2022.9.21 06:09:21#14422921060921
2022.9.21 06:09:21#14422921060921
2022.9.21 06:09:21#14422921060921
2022.9.21 06:09:21#14422921060921
2022.9.21 06:09:21#=================== Transaction Completed =======================
2022.9.21 11:39:36#=================== Start New Transaction ===================
2022.9.21 11:39:36#txnrefnum:MBM2005204
2022.9.21 11:39:36#clientIp:43.224.109.204
2022.9.21 11:39:36#card type:6
2022.9.21 11:39:36#totalamount:1072000
2022.9.21 11:39:43#result:TRANSACTION_ID:IARJGC5U2zVKcgGdtOxajuuEzZY=
2022.9.21 11:39:43#Forward to DBBL Payment Gateway Page: https://ecom1.dutchbanglabank.com/ecomm2/ClientHandler?card_type=6&trans_id=IARJGC5U2zVKcgGdtOxajuuEzZY%3D
2022.9.21 11:40:53#=================== Start New Transaction ===================
2022.9.21 11:40:53#txnrefnum:MBM2005204
2022.9.21 11:40:53#clientIp:43.224.109.204
2022.9.21 11:40:53#card type:6
2022.9.21 11:40:53#totalamount:1072000
2022.9.21 11:40:57#result:TRANSACTION_ID:POeiNOFVpLepHcS5pt9SpXbOXAE=
2022.9.21 11:40:57#Forward to DBBL Payment Gateway Page: https://ecom1.dutchbanglabank.com/ecomm2/ClientHandler?card_type=6&trans_id=POeiNOFVpLepHcS5pt9SpXbOXAE%3D
2022.9.21 13:10:22#=================== Start New Transaction ===================
2022.9.21 13:10:22#txnrefnum:BBM2005171
2022.9.21 13:10:22#clientIp:103.138.120.148
2022.9.21 13:10:22#card type:6
2022.9.21 13:10:22#totalamount:242000
2022.9.21 13:10:25#result:TRANSACTION_ID:wpihS3VS1x3lePmsyc1YalUcQA8=
2022.9.21 13:10:25#Forward to DBBL Payment Gateway Page: https://ecom1.dutchbanglabank.com/ecomm2/ClientHandler?card_type=6&trans_id=wpihS3VS1x3lePmsyc1YalUcQA8%3D
2022.9.21 13:10:59#=================== Start New Transaction ===================
2022.9.21 13:10:59#txnrefnum:BBM2005171
2022.9.21 13:10:59#clientIp:103.138.120.148
2022.9.21 13:10:59#card type:6
2022.9.21 13:10:59#totalamount:242000
2022.9.21 13:11:03#result:TRANSACTION_ID:ARR3sH2znnrNXDoWhzOFeoq6LPU=
2022.9.21 13:11:03#Forward to DBBL Payment Gateway Page: https://ecom1.dutchbanglabank.com/ecomm2/ClientHandler?card_type=6&trans_id=ARR3sH2znnrNXDoWhzOFeoq6LPU%3D
2022.9.21 13:11:43#---------------------- Complete New Transaction---------------------
2022.9.21 13:11:43#Get trans_id From Post Value:ARR3sH2znnrNXDoWhzOFeoq6LPU=
2022.9.21 13:11:43#clientIp:103.138.120.148
2022.9.21 13:11:43#trans_id:ARR3sH2znnrNXDoWhzOFeoq6LPU=
2022.9.21 13:11:45#result:RESULT>FAILED^RESULT_CODE>116^3DSECURE>SKIPPED^RRN>226413474379^APPROVAL_CODE>0^CARD_NUMBER>999999*********0605^AMOUNT>242000^CARDNAME>mb account^DESCRIPTION>6BBM2005171^TRANS_DATE>2022-09-21 07:11:42 PM
2022.9.21 13:11:45#Not Sufficient Amount
2022.9.21 13:14:01#=================== Start New Transaction ===================
2022.9.21 13:14:01#txnrefnum:BBM2005171
2022.9.21 13:14:01#clientIp:103.138.120.148
2022.9.21 13:14:01#card type:6
2022.9.21 13:14:01#totalamount:242000
2022.9.21 13:14:05#result:TRANSACTION_ID:Nu6XBY9CqihjgS3kEmoSUcmVTIE=
2022.9.21 13:14:05#Forward to DBBL Payment Gateway Page: https://ecom1.dutchbanglabank.com/ecomm2/ClientHandler?card_type=6&trans_id=Nu6XBY9CqihjgS3kEmoSUcmVTIE%3D
2022.9.21 13:15:21#---------------------- Complete New Transaction---------------------
2022.9.21 13:15:21#Get trans_id From Post Value:Nu6XBY9CqihjgS3kEmoSUcmVTIE=
2022.9.21 13:15:21#clientIp:103.138.120.148
2022.9.21 13:15:21#trans_id:Nu6XBY9CqihjgS3kEmoSUcmVTIE=
2022.9.21 13:15:23#result:RESULT>OK^RESULT_CODE>000^3DSECURE>SKIPPED^RRN>226413474662^APPROVAL_CODE>283736^CARD_NUMBER>999999*********0605^AMOUNT>242000^CARDNAME>mb account^DESCRIPTION>6BBM2005171^TRANS_DATE>2022-09-21 07:15:20 PM
2022.9.21 13:15:23#24913321011523
2022.9.21 13:15:23#24913321011523
2022.9.21 13:15:23#24913321011523
2022.9.21 13:15:23#24913321011523
2022.9.21 13:15:23#24913321011523
2022.9.21 13:15:23#24913321011523
2022.9.21 13:15:23#=================== Transaction Completed =======================
2022.9.21 13:23:14#---------------------- Complete New Transaction---------------------
2022.9.21 13:23:14#Get trans_id From Post Value:POeiNOFVpLepHcS5pt9SpXbOXAE=
2022.9.21 13:23:14#clientIp:43.224.109.204
2022.9.21 13:23:14#trans_id:POeiNOFVpLepHcS5pt9SpXbOXAE=
2022.9.21 13:23:16#result:RESULT>TIMEOUT^RESULT_CODE>999^3DSECURE>0^RRN>0^APPROVAL_CODE>0^CARD_NUMBER>0^AMOUNT>1072000^CARDNAME>0^DESCRIPTION>6MBM2005204^TRANS_DATE>2022-09-21 07:23:12 PM
2022.9.21 13:23:16#Failed
2022.9.21 14:02:40#=================== Start New Transaction ===================
2022.9.21 14:02:40#txnrefnum:MSC22110068
2022.9.21 14:02:40#clientIp:118.179.3.84
2022.9.21 14:02:40#card type:6
2022.9.21 14:02:40#totalamount:482000
2022.9.21 14:02:44#result:TRANSACTION_ID:JlnsWc2okferMQo5UXzlPyybAvU=
2022.9.21 14:02:44#Forward to DBBL Payment Gateway Page: https://ecom1.dutchbanglabank.com/ecomm2/ClientHandler?card_type=6&trans_id=JlnsWc2okferMQo5UXzlPyybAvU%3D
2022.9.21 14:11:48#=================== Start New Transaction ===================
2022.9.21 14:11:48#txnrefnum:MSC22110068
2022.9.21 14:11:48#clientIp:118.179.3.84
2022.9.21 14:11:48#card type:6
2022.9.21 14:11:48#totalamount:482000
2022.9.21 14:11:51#result:TRANSACTION_ID:H89cYaTjDtS9JP6q1SCZ9S33uRo=
2022.9.21 14:11:51#Forward to DBBL Payment Gateway Page: https://ecom1.dutchbanglabank.com/ecomm2/ClientHandler?card_type=6&trans_id=H89cYaTjDtS9JP6q1SCZ9S33uRo%3D
2022.9.21 14:18:46#=================== Start New Transaction ===================
2022.9.21 14:18:46#txnrefnum:MSC22110068
2022.9.21 14:18:46#clientIp:118.179.3.84
2022.9.21 14:18:46#card type:6
2022.9.21 14:18:46#totalamount:482000
2022.9.21 14:18:50#result:TRANSACTION_ID:km0mndfPC2VMlKJg5WAZFZkgEV0=
2022.9.21 14:18:50#Forward to DBBL Payment Gateway Page: https://ecom1.dutchbanglabank.com/ecomm2/ClientHandler?card_type=6&trans_id=km0mndfPC2VMlKJg5WAZFZkgEV0%3D
2022.9.21 14:19:05#=================== Start New Transaction ===================
2022.9.21 14:19:05#txnrefnum:MSC22110068
2022.9.21 14:19:05#clientIp:118.179.3.84
2022.9.21 14:19:05#card type:6
2022.9.21 14:19:05#totalamount:482000
2022.9.21 14:19:09#result:TRANSACTION_ID:X5ZJdeTGcH0CfT2Z9wsPmlSJmow=
2022.9.21 14:19:09#Forward to DBBL Payment Gateway Page: https://ecom1.dutchbanglabank.com/ecomm2/ClientHandler?card_type=6&trans_id=X5ZJdeTGcH0CfT2Z9wsPmlSJmow%3D
2022.9.21 14:19:50#---------------------- Complete New Transaction---------------------
2022.9.21 14:19:50#Get trans_id From Post Value:X5ZJdeTGcH0CfT2Z9wsPmlSJmow=
2022.9.21 14:19:50#clientIp:118.179.3.84
2022.9.21 14:19:50#trans_id:X5ZJdeTGcH0CfT2Z9wsPmlSJmow=
2022.9.21 14:19:52#result:RESULT>OK^RESULT_CODE>000^3DSECURE>SKIPPED^RRN>226414479588^APPROVAL_CODE>731392^CARD_NUMBER>999999*********7604^AMOUNT>482000^CARDNAME>mb account^DESCRIPTION>6MSC22110068^TRANS_DATE>2022-09-21 08:19:49 PM
2022.9.21 14:19:52#1420721021952
2022.9.21 14:19:52#1420721021952
2022.9.21 14:19:52#1420721021952
2022.9.21 14:19:52#1420721021952
2022.9.21 14:19:52#1420721021952
2022.9.21 14:19:52#1420721021952
2022.9.21 14:19:52#=================== Transaction Completed =======================
2022.9.21 14:35:43#=================== Start New Transaction ===================
2022.9.21 14:35:43#txnrefnum:BBM2002004
2022.9.21 14:35:43#clientIp:103.100.95.18
2022.9.21 14:35:43#card type:6
2022.9.21 14:35:43#totalamount:162000
2022.9.21 14:35:47#result:TRANSACTION_ID:mWbcSnzBTWJmsarswnxYmPtxiak=
2022.9.21 14:35:47#Forward to DBBL Payment Gateway Page: https://ecom1.dutchbanglabank.com/ecomm2/ClientHandler?card_type=6&trans_id=mWbcSnzBTWJmsarswnxYmPtxiak%3D
2022.9.21 14:36:09#---------------------- Complete New Transaction---------------------
2022.9.21 14:36:09#Get trans_id From Post Value:mWbcSnzBTWJmsarswnxYmPtxiak=
2022.9.21 14:36:09#clientIp:103.100.95.18
2022.9.21 14:36:09#trans_id:mWbcSnzBTWJmsarswnxYmPtxiak=
2022.9.21 14:36:11#result:RESULT>OK^RESULT_CODE>000^3DSECURE>SKIPPED^RRN>226414480617^APPROVAL_CODE>815774^CARD_NUMBER>999999*********8025^AMOUNT>162000^CARDNAME>mb account^DESCRIPTION>6BBM2002004^TRANS_DATE>2022-09-21 08:36:08 PM
2022.9.21 14:36:11#23423521023611
2022.9.21 14:36:11#23423521023611
2022.9.21 14:36:11#23423521023611
2022.9.21 14:36:11#23423521023611
2022.9.21 14:36:11#=================== Transaction Completed =======================
2022.9.21 14:47:21#=================== Start New Transaction ===================
2022.9.21 14:47:21#txnrefnum:MBD2005048
2022.9.21 14:47:21#clientIp:103.218.25.109
2022.9.21 14:47:21#card type:6
2022.9.21 14:47:21#totalamount:322000
2022.9.21 14:47:28#result:TRANSACTION_ID:0pUgjSbdlyAZZY9pXe1MsfNOoaY=
2022.9.21 14:47:28#Forward to DBBL Payment Gateway Page: https://ecom1.dutchbanglabank.com/ecomm2/ClientHandler?card_type=6&trans_id=0pUgjSbdlyAZZY9pXe1MsfNOoaY%3D
2022.9.21 14:50:45#=================== Start New Transaction ===================
2022.9.21 14:50:45#txnrefnum:MBD2002155
2022.9.21 14:50:45#clientIp:43.224.109.201
2022.9.21 14:50:45#card type:6
2022.9.21 14:50:45#totalamount:82000
2022.9.21 14:50:49#result:TRANSACTION_ID:vdIiGKFNO82aYhVESgSgDVBlSC0=
2022.9.21 14:50:49#Forward to DBBL Payment Gateway Page: https://ecom1.dutchbanglabank.com/ecomm2/ClientHandler?card_type=6&trans_id=vdIiGKFNO82aYhVESgSgDVBlSC0%3D
2022.9.21 14:51:28#=================== Start New Transaction ===================
2022.9.21 14:51:28#txnrefnum:MBD2005048
2022.9.21 14:51:28#clientIp:103.218.25.109
2022.9.21 14:51:28#card type:6
2022.9.21 14:51:28#totalamount:322000
2022.9.21 14:51:32#result:TRANSACTION_ID:PVlwaaNGNBzapQLHog7s4gy2kCY=
2022.9.21 14:51:32#Forward to DBBL Payment Gateway Page: https://ecom1.dutchbanglabank.com/ecomm2/ClientHandler?card_type=6&trans_id=PVlwaaNGNBzapQLHog7s4gy2kCY%3D
2022.9.21 14:52:42#=================== Start New Transaction ===================
2022.9.21 14:52:42#txnrefnum:MBM2007113
2022.9.21 14:52:42#clientIp:43.224.109.201
2022.9.21 14:52:42#card type:6
2022.9.21 14:52:42#totalamount:82000
2022.9.21 14:52:46#result:TRANSACTION_ID:YKaSxpyk79e4T4q8px6xgaMrX2M=
2022.9.21 14:52:46#Forward to DBBL Payment Gateway Page: https://ecom1.dutchbanglabank.com/ecomm2/ClientHandler?card_type=6&trans_id=YKaSxpyk79e4T4q8px6xgaMrX2M%3D
2022.9.21 14:52:51#---------------------- Complete New Transaction---------------------
2022.9.21 14:52:51#Get trans_id From Post Value:PVlwaaNGNBzapQLHog7s4gy2kCY=
2022.9.21 14:52:51#clientIp:103.218.25.109
2022.9.21 14:52:51#trans_id:PVlwaaNGNBzapQLHog7s4gy2kCY=
2022.9.21 14:52:53#result:RESULT>OK^RESULT_CODE>000^3DSECURE>SKIPPED^RRN>226414481726^APPROVAL_CODE>801061^CARD_NUMBER>999999*********8271^AMOUNT>322000^CARDNAME>mb account^DESCRIPTION>6MBD2005048^TRANS_DATE>2022-09-21 08:52:50 PM
2022.9.21 14:52:53#16151021025253
2022.9.21 14:52:53#16151021025253
2022.9.21 14:52:53#16151021025253
2022.9.21 14:52:53#16151021025253
2022.9.21 14:52:53#16151021025253
2022.9.21 14:52:53#16151021025253
2022.9.21 14:52:53#16151021025253
2022.9.21 14:52:53#16151021025253
2022.9.21 14:52:53#=================== Transaction Completed =======================
2022.9.21 14:53:17#---------------------- Complete New Transaction---------------------
2022.9.21 14:53:17#Get trans_id From Post Value:YKaSxpyk79e4T4q8px6xgaMrX2M=
2022.9.21 14:53:17#clientIp:43.224.109.201
2022.9.21 14:53:17#trans_id:YKaSxpyk79e4T4q8px6xgaMrX2M=
2022.9.21 14:53:19#result:RESULT>OK^RESULT_CODE>000^3DSECURE>SKIPPED^RRN>226414481759^APPROVAL_CODE>851814^CARD_NUMBER>999999*********5004^AMOUNT>82000^CARDNAME>mb account^DESCRIPTION>6MBM2007113^TRANS_DATE>2022-09-21 08:53:16 PM
2022.9.21 14:53:19#19830421025319
2022.9.21 14:53:19#19830421025319
2022.9.21 14:53:19#=================== Transaction Completed =======================
2022.9.21 14:53:56#=================== Start New Transaction ===================
2022.9.21 14:53:56#txnrefnum:MBD2004178
2022.9.21 14:53:56#clientIp:103.218.25.109
2022.9.21 14:53:56#card type:6
2022.9.21 14:53:56#totalamount:322000
2022.9.21 14:54:01#result:TRANSACTION_ID:PVwtWZ6rpm8GYh1AAGYRwJPFbH4=
2022.9.21 14:54:01#Forward to DBBL Payment Gateway Page: https://ecom1.dutchbanglabank.com/ecomm2/ClientHandler?card_type=6&trans_id=PVwtWZ6rpm8GYh1AAGYRwJPFbH4%3D
2022.9.21 14:54:20#---------------------- Complete New Transaction---------------------
2022.9.21 14:54:20#Get trans_id From Post Value:PVwtWZ6rpm8GYh1AAGYRwJPFbH4=
2022.9.21 14:54:20#clientIp:103.218.25.109
2022.9.21 14:54:20#trans_id:PVwtWZ6rpm8GYh1AAGYRwJPFbH4=
2022.9.21 14:54:22#result:RESULT>OK^RESULT_CODE>000^3DSECURE>SKIPPED^RRN>226414481832^APPROVAL_CODE>854049^CARD_NUMBER>999999*********8271^AMOUNT>322000^CARDNAME>mb account^DESCRIPTION>6MBD2004178^TRANS_DATE>2022-09-21 08:54:18 PM
2022.9.21 14:54:22#14084621025422
2022.9.21 14:54:22#14084621025422
2022.9.21 14:54:22#14084621025422
2022.9.21 14:54:22#14084621025422
2022.9.21 14:54:22#14084621025422
2022.9.21 14:54:22#14084621025422
2022.9.21 14:54:22#14084621025422
2022.9.21 14:54:22#14084621025422
2022.9.21 14:54:22#=================== Transaction Completed =======================
2022.9.21 14:54:34#=================== Start New Transaction ===================
2022.9.21 14:54:34#txnrefnum:MBD2002155
2022.9.21 14:54:34#clientIp:43.224.109.201
2022.9.21 14:54:34#card type:6
2022.9.21 14:54:34#totalamount:82000
2022.9.21 14:54:38#result:TRANSACTION_ID:MThfIqRnBxvPttT6BfpTXn84GSc=
2022.9.21 14:54:39#Forward to DBBL Payment Gateway Page: https://ecom1.dutchbanglabank.com/ecomm2/ClientHandler?card_type=6&trans_id=MThfIqRnBxvPttT6BfpTXn84GSc%3D
2022.9.21 14:55:16#---------------------- Complete New Transaction---------------------
2022.9.21 14:55:16#Get trans_id From Post Value:MThfIqRnBxvPttT6BfpTXn84GSc=
2022.9.21 14:55:16#clientIp:43.224.109.201
2022.9.21 14:55:16#trans_id:MThfIqRnBxvPttT6BfpTXn84GSc=
2022.9.21 14:55:20#result:RESULT>OK^RESULT_CODE>000^3DSECURE>SKIPPED^RRN>226414481886^APPROVAL_CODE>886767^CARD_NUMBER>999999*********5004^AMOUNT>82000^CARDNAME>mb account^DESCRIPTION>6MBD2002155^TRANS_DATE>2022-09-21 08:55:15 PM
2022.9.21 14:55:20#11430721025520
2022.9.21 14:55:20#11430721025520
2022.9.21 14:55:20#=================== Transaction Completed =======================
2022.9.21 15:10:38#=================== Start New Transaction ===================
2022.9.21 15:10:38#txnrefnum:MBD2006131
2022.9.21 15:10:38#clientIp:202.134.14.130
2022.9.21 15:10:38#card type:6
2022.9.21 15:10:38#totalamount:82000
2022.9.21 15:10:42#result:TRANSACTION_ID:nzxSKuos0aSdPnOWFD9I4nHVOQE=
2022.9.21 15:10:43#Forward to DBBL Payment Gateway Page: https://ecom1.dutchbanglabank.com/ecomm2/ClientHandler?card_type=6&trans_id=nzxSKuos0aSdPnOWFD9I4nHVOQE%3D
2022.9.21 15:11:30#---------------------- Complete New Transaction---------------------
2022.9.21 15:11:30#Get trans_id From Post Value:nzxSKuos0aSdPnOWFD9I4nHVOQE=
2022.9.21 15:11:30#clientIp:202.134.14.130
2022.9.21 15:11:30#trans_id:nzxSKuos0aSdPnOWFD9I4nHVOQE=
2022.9.21 15:11:32#result:RESULT>OK^RESULT_CODE>000^3DSECURE>SKIPPED^RRN>226415482962^APPROVAL_CODE>936255^CARD_NUMBER>999999*********0055^AMOUNT>82000^CARDNAME>mb account^DESCRIPTION>6MBD2006131^TRANS_DATE>2022-09-21 09:11:29 PM
2022.9.21 15:11:32#18061221031132
2022.9.21 15:11:32#18061221031132
2022.9.21 15:11:32#=================== Transaction Completed =======================
2022.9.21 15:17:45#=================== Start New Transaction ===================
2022.9.21 15:17:45#txnrefnum:MEM2202540
2022.9.21 15:17:45#clientIp:123.253.198.113
2022.9.21 15:17:45#card type:6
2022.9.21 15:17:45#totalamount:332000
2022.9.21 15:17:49#result:TRANSACTION_ID:dctS0y8j91w4L20bSV0YsScq314=
2022.9.21 15:17:49#Forward to DBBL Payment Gateway Page: https://ecom1.dutchbanglabank.com/ecomm2/ClientHandler?card_type=6&trans_id=dctS0y8j91w4L20bSV0YsScq314%3D
2022.9.21 15:20:36#=================== Start New Transaction ===================
2022.9.21 15:20:36#txnrefnum:MSC22111200
2022.9.21 15:20:36#clientIp:118.179.22.205
2022.9.21 15:20:36#card type:6
2022.9.21 15:20:36#totalamount:162000
2022.9.21 15:20:41#result:TRANSACTION_ID:BDLYZlCf7KMQT15MKQsxRTbyQgw=
2022.9.21 15:20:41#Forward to DBBL Payment Gateway Page: https://ecom1.dutchbanglabank.com/ecomm2/ClientHandler?card_type=6&trans_id=BDLYZlCf7KMQT15MKQsxRTbyQgw%3D
2022.9.21 15:22:11#=================== Start New Transaction ===================
2022.9.21 15:22:11#txnrefnum:MEM2202540
2022.9.21 15:22:11#clientIp:123.253.198.113
2022.9.21 15:22:11#card type:6
2022.9.21 15:22:11#totalamount:332000
2022.9.21 15:22:14#result:TRANSACTION_ID:23QqqA8S6wEZZylBX4Rjc2KK5rw=
2022.9.21 15:22:15#Forward to DBBL Payment Gateway Page: https://ecom1.dutchbanglabank.com/ecomm2/ClientHandler?card_type=6&trans_id=23QqqA8S6wEZZylBX4Rjc2KK5rw%3D
2022.9.21 15:23:21#=================== Start New Transaction ===================
2022.9.21 15:23:21#txnrefnum:MEM2202540
2022.9.21 15:23:21#clientIp:123.253.198.113
2022.9.21 15:23:21#card type:6
2022.9.21 15:23:21#totalamount:332000
2022.9.21 15:23:24#result:TRANSACTION_ID:WhbBjynsOtWlSsdWdThs25wQuGg=
2022.9.21 15:23:24#Forward to DBBL Payment Gateway Page: https://ecom1.dutchbanglabank.com/ecomm2/ClientHandler?card_type=6&trans_id=WhbBjynsOtWlSsdWdThs25wQuGg%3D
2022.9.21 15:25:03#=================== Start New Transaction ===================
2022.9.21 15:25:03#txnrefnum:MEM2202540
2022.9.21 15:25:03#clientIp:123.253.198.113
2022.9.21 15:25:03#card type:6
2022.9.21 15:25:03#totalamount:332000
2022.9.21 15:25:07#result:TRANSACTION_ID:LxPRwIQaSBTIq0CX2GpN3KYieJI=
2022.9.21 15:25:07#Forward to DBBL Payment Gateway Page: https://ecom1.dutchbanglabank.com/ecomm2/ClientHandler?card_type=6&trans_id=LxPRwIQaSBTIq0CX2GpN3KYieJI%3D
2022.9.21 15:29:39#=================== Start New Transaction ===================
2022.9.21 15:29:39#txnrefnum:MEM2202540
2022.9.21 15:29:39#clientIp:123.253.198.113
2022.9.21 15:29:39#card type:6
2022.9.21 15:29:39#totalamount:332000
2022.9.21 15:29:43#result:TRANSACTION_ID:hFANLI0aaKqSFdORM37FBByzQxA=
2022.9.21 15:29:43#Forward to DBBL Payment Gateway Page: https://ecom1.dutchbanglabank.com/ecomm2/ClientHandler?card_type=6&trans_id=hFANLI0aaKqSFdORM37FBByzQxA%3D
2022.9.21 15:30:35#---------------------- Complete New Transaction---------------------
2022.9.21 15:30:35#Get trans_id From Post Value:hFANLI0aaKqSFdORM37FBByzQxA=
2022.9.21 15:30:35#clientIp:123.253.198.113
2022.9.21 15:30:35#trans_id:hFANLI0aaKqSFdORM37FBByzQxA=
2022.9.21 15:30:37#result:RESULT>OK^RESULT_CODE>000^3DSECURE>SKIPPED^RRN>226415484291^APPROVAL_CODE>042806^CARD_NUMBER>999999*********3117^AMOUNT>332000^CARDNAME>mb account^DESCRIPTION>6MEM2202540^TRANS_DATE>2022-09-21 09:30:34 PM
2022.9.21 15:30:37#9121521033037
2022.9.21 15:30:37#9121521033037
2022.9.21 15:30:37#9121521033037
2022.9.21 15:30:37#9121521033037
2022.9.21 15:30:37#9121521033037
2022.9.21 15:30:37#9121521033037
2022.9.21 15:30:37#=================== Transaction Completed =======================
2022.9.21 15:46:28#=================== Start New Transaction ===================
2022.9.21 15:46:28#txnrefnum:MBM2209321
2022.9.21 15:46:28#clientIp:202.144.203.19
2022.9.21 15:46:28#card type:6
2022.9.21 15:46:28#totalamount:82000
2022.9.21 15:46:31#result:TRANSACTION_ID:DdSTClM4rouZnmXwaQaqmKHdyEo=
2022.9.21 15:46:31#Forward to DBBL Payment Gateway Page: https://ecom1.dutchbanglabank.com/ecomm2/ClientHandler?card_type=6&trans_id=DdSTClM4rouZnmXwaQaqmKHdyEo%3D
2022.9.21 15:48:19#=================== Start New Transaction ===================
2022.9.21 15:48:19#txnrefnum:MBM2209321
2022.9.21 15:48:19#clientIp:202.144.203.19
2022.9.21 15:48:19#card type:6
2022.9.21 15:48:19#totalamount:82000
2022.9.21 15:48:24#result:TRANSACTION_ID:RFRKhSMtso0Cd5w0ZXmymXPv63s=
2022.9.21 15:48:24#Forward to DBBL Payment Gateway Page: https://ecom1.dutchbanglabank.com/ecomm2/ClientHandler?card_type=6&trans_id=RFRKhSMtso0Cd5w0ZXmymXPv63s%3D
2022.9.21 16:41:25#=================== Start New Transaction ===================
2022.9.21 16:41:25#txnrefnum:MBD2008231
2022.9.21 16:41:25#clientIp:103.81.204.43
2022.9.21 16:41:25#card type:6
2022.9.21 16:41:25#totalamount:242000
2022.9.21 16:41:29#result:TRANSACTION_ID:LRM1s1hGrR7xrVcSuB13YZ2vTV0=
2022.9.21 16:41:29#Forward to DBBL Payment Gateway Page: https://ecom1.dutchbanglabank.com/ecomm2/ClientHandler?card_type=6&trans_id=LRM1s1hGrR7xrVcSuB13YZ2vTV0%3D
2022.9.21 16:43:23#=================== Start New Transaction ===================
2022.9.21 16:43:23#txnrefnum:MBD2008231
2022.9.21 16:43:23#clientIp:103.81.204.43
2022.9.21 16:43:23#card type:6
2022.9.21 16:43:23#totalamount:242000
2022.9.21 16:43:27#result:TRANSACTION_ID:F86GZDFgDceVoxUFanT7jlO4J74=
2022.9.21 16:43:27#Forward to DBBL Payment Gateway Page: https://ecom1.dutchbanglabank.com/ecomm2/ClientHandler?card_type=6&trans_id=F86GZDFgDceVoxUFanT7jlO4J74%3D
2022.9.21 16:44:13#---------------------- Complete New Transaction---------------------
2022.9.21 16:44:13#Get trans_id From Post Value:F86GZDFgDceVoxUFanT7jlO4J74=
2022.9.21 16:44:13#clientIp:103.81.204.43
2022.9.21 16:44:13#trans_id:F86GZDFgDceVoxUFanT7jlO4J74=
2022.9.21 16:44:15#result:RESULT>OK^RESULT_CODE>000^3DSECURE>SKIPPED^RRN>226416488841^APPROVAL_CODE>374635^CARD_NUMBER>999999*********2335^AMOUNT>242000^CARDNAME>mb account^DESCRIPTION>6MBD2008231^TRANS_DATE>2022-09-21 10:44:12 PM
2022.9.21 16:44:15#21566221044415
2022.9.21 16:44:15#21566221044415
2022.9.21 16:44:15#21566221044415
2022.9.21 16:44:15#21566221044415
2022.9.21 16:44:15#21566221044415
2022.9.21 16:44:15#21566221044415
2022.9.21 16:44:15#=================== Transaction Completed =======================
2022.9.21 17:05:17#=================== Start New Transaction ===================
2022.9.21 17:05:17#txnrefnum:BBM2001063
2022.9.21 17:05:17#clientIp:103.200.38.140
2022.9.21 17:05:17#card type:6
2022.9.21 17:05:17#totalamount:1042000
2022.9.21 17:05:21#result:TRANSACTION_ID:5EuM5tfoBFAtpG0yo9XBYeFlUqs=
2022.9.21 17:05:21#Forward to DBBL Payment Gateway Page: https://ecom1.dutchbanglabank.com/ecomm2/ClientHandler?card_type=6&trans_id=5EuM5tfoBFAtpG0yo9XBYeFlUqs%3D
2022.9.21 17:06:37#---------------------- Complete New Transaction---------------------
2022.9.21 17:06:37#Get trans_id From Post Value:5EuM5tfoBFAtpG0yo9XBYeFlUqs=
2022.9.21 17:06:37#clientIp:103.200.38.140
2022.9.21 17:06:37#trans_id:5EuM5tfoBFAtpG0yo9XBYeFlUqs=
2022.9.21 17:06:39#result:RESULT>FAILED^RESULT_CODE>116^3DSECURE>SKIPPED^RRN>226417489885^APPROVAL_CODE>0^CARD_NUMBER>999999*********8076^AMOUNT>1042000^CARDNAME>mb account^DESCRIPTION>6BBM2001063^TRANS_DATE>2022-09-21 11:06:36 PM
2022.9.21 17:06:39#Not Sufficient Amount