
2022.9.29 03:25:21#=================== Start New Transaction ===================
2022.9.29 03:25:21#txnrefnum:MBM2007306
2022.9.29 03:25:21#clientIp:37.111.192.71
2022.9.29 03:25:21#card type:6
2022.9.29 03:25:21#totalamount:482000
2022.9.29 03:25:24#=================== Start New Transaction ===================
2022.9.29 03:25:24#txnrefnum:MBM2007306
2022.9.29 03:25:24#clientIp:37.111.192.71
2022.9.29 03:25:24#card type:6
2022.9.29 03:25:24#totalamount:482000
2022.9.29 03:25:25#result:TRANSACTION_ID:N8a7SjNMMJ8aDlSpBqWkD2S1K08=
2022.9.29 03:25:25#Forward to DBBL Payment Gateway Page: https://ecom1.dutchbanglabank.com/ecomm2/ClientHandler?card_type=6&trans_id=N8a7SjNMMJ8aDlSpBqWkD2S1K08%3D
2022.9.29 03:25:28#result:TRANSACTION_ID:TCPxA6ENPpKrfJyhj5o4FyFuWqA=
2022.9.29 03:25:28#Forward to DBBL Payment Gateway Page: https://ecom1.dutchbanglabank.com/ecomm2/ClientHandler?card_type=6&trans_id=TCPxA6ENPpKrfJyhj5o4FyFuWqA%3D
2022.9.29 03:28:43#=================== Start New Transaction ===================
2022.9.29 03:28:43#txnrefnum:MBM2007306
2022.9.29 03:28:43#clientIp:37.111.192.71
2022.9.29 03:28:43#card type:6
2022.9.29 03:28:43#totalamount:482000
2022.9.29 03:28:46#result:TRANSACTION_ID:UZr18NXcJLT6tvPEG1k40g9ZcOc=
2022.9.29 03:28:47#Forward to DBBL Payment Gateway Page: https://ecom1.dutchbanglabank.com/ecomm2/ClientHandler?card_type=6&trans_id=UZr18NXcJLT6tvPEG1k40g9ZcOc%3D
2022.9.29 03:29:58#---------------------- Complete New Transaction---------------------
2022.9.29 03:29:58#Get trans_id From Post Value:UZr18NXcJLT6tvPEG1k40g9ZcOc=
2022.9.29 03:29:58#clientIp:37.111.192.71
2022.9.29 03:29:58#trans_id:UZr18NXcJLT6tvPEG1k40g9ZcOc=
2022.9.29 03:30:04#result:RESULT>OK^RESULT_CODE>000^3DSECURE>SKIPPED^RRN>227203037910^APPROVAL_CODE>165345^CARD_NUMBER>999999*********3751^AMOUNT>482000^CARDNAME>mb account^DESCRIPTION>6MBM2007306^TRANS_DATE>2022-09-29 09:29:56 AM
2022.9.29 03:30:04#19820529033004
2022.9.29 03:30:04#19820529033004
2022.9.29 03:30:04#19820529033004
2022.9.29 03:30:04#19820529033004
2022.9.29 03:30:04#19820529033004
2022.9.29 03:30:04#19820529033004
2022.9.29 03:30:04#19820529033004
2022.9.29 03:30:04#19820529033004
2022.9.29 03:30:04#19820529033004
2022.9.29 03:30:04#19820529033004
2022.9.29 03:30:04#19820529033004
2022.9.29 03:30:04#19820529033004
2022.9.29 03:30:04#=================== Transaction Completed =======================
2022.9.29 03:30:06#---------------------- Complete New Transaction---------------------
2022.9.29 03:30:06#transaction id missing
2022.9.29 03:30:07#---------------------- Complete New Transaction---------------------
2022.9.29 03:30:07#transaction id missing
2022.9.29 03:30:08#---------------------- Complete New Transaction---------------------
2022.9.29 03:30:08#transaction id missing
2022.9.29 05:23:14#=================== Start New Transaction ===================
2022.9.29 05:23:14#txnrefnum:BBD2007134
2022.9.29 05:23:14#clientIp:157.119.238.34
2022.9.29 05:23:14#card type:6
2022.9.29 05:23:14#totalamount:162000
2022.9.29 05:23:18#result:TRANSACTION_ID:CFSWryV9VSHZi0AXhUNhbCgegVU=
2022.9.29 05:23:18#Forward to DBBL Payment Gateway Page: https://ecom1.dutchbanglabank.com/ecomm2/ClientHandler?card_type=6&trans_id=CFSWryV9VSHZi0AXhUNhbCgegVU%3D
2022.9.29 05:23:51#---------------------- Complete New Transaction---------------------
2022.9.29 05:23:51#Get trans_id From Post Value:CFSWryV9VSHZi0AXhUNhbCgegVU=
2022.9.29 05:23:51#clientIp:157.119.238.34
2022.9.29 05:23:51#trans_id:CFSWryV9VSHZi0AXhUNhbCgegVU=
2022.9.29 05:23:53#result:RESULT>OK^RESULT_CODE>000^3DSECURE>SKIPPED^RRN>227205046389^APPROVAL_CODE>636095^CARD_NUMBER>999999*********2298^AMOUNT>162000^CARDNAME>mb account^DESCRIPTION>6BBD2007134^TRANS_DATE>2022-09-29 11:23:50 AM
2022.9.29 05:23:53#25937529052353
2022.9.29 05:23:53#25937529052353
2022.9.29 05:23:53#25937529052353
2022.9.29 05:23:53#25937529052353
2022.9.29 05:23:53#=================== Transaction Completed =======================
2022.9.29 05:38:41#=================== Start New Transaction ===================
2022.9.29 05:38:41#txnrefnum:BBM2009206
2022.9.29 05:38:41#clientIp:114.130.185.225
2022.9.29 05:38:41#card type:6
2022.9.29 05:38:41#totalamount:82000
2022.9.29 05:38:44#result:TRANSACTION_ID:Y3hGkoE6N6j0FSQkD4lAPLKYQIo=
2022.9.29 05:38:44#Forward to DBBL Payment Gateway Page: https://ecom1.dutchbanglabank.com/ecomm2/ClientHandler?card_type=6&trans_id=Y3hGkoE6N6j0FSQkD4lAPLKYQIo%3D
2022.9.29 05:39:55#=================== Start New Transaction ===================
2022.9.29 05:39:55#txnrefnum:BBM2009206
2022.9.29 05:39:55#clientIp:114.130.185.225
2022.9.29 05:39:55#card type:6
2022.9.29 05:39:55#totalamount:242000
2022.9.29 05:39:59#result:TRANSACTION_ID:imsGJHTopeIWVBSC414YtS71yvc=
2022.9.29 05:39:59#Forward to DBBL Payment Gateway Page: https://ecom1.dutchbanglabank.com/ecomm2/ClientHandler?card_type=6&trans_id=imsGJHTopeIWVBSC414YtS71yvc%3D
2022.9.29 05:40:22#---------------------- Complete New Transaction---------------------
2022.9.29 05:40:22#Get trans_id From Post Value:imsGJHTopeIWVBSC414YtS71yvc=
2022.9.29 05:40:22#clientIp:114.130.185.225
2022.9.29 05:40:22#trans_id:imsGJHTopeIWVBSC414YtS71yvc=
2022.9.29 05:40:24#result:RESULT>OK^RESULT_CODE>000^3DSECURE>SKIPPED^RRN>227205047816^APPROVAL_CODE>809735^CARD_NUMBER>999999*********6896^AMOUNT>242000^CARDNAME>mb account^DESCRIPTION>6BBM2009206^TRANS_DATE>2022-09-29 11:40:20 AM
2022.9.29 05:40:24#27179629054024
2022.9.29 05:40:24#27179629054024
2022.9.29 05:40:24#27179629054024
2022.9.29 05:40:24#27179629054024
2022.9.29 05:40:24#27179629054024
2022.9.29 05:40:24#27179629054024
2022.9.29 05:40:24#=================== Transaction Completed =======================
2022.9.29 06:57:44#=================== Start New Transaction ===================
2022.9.29 06:57:44#txnrefnum:MBB2101159
2022.9.29 06:57:44#clientIp:103.143.138.44
2022.9.29 06:57:44#card type:6
2022.9.29 06:57:44#totalamount:82000
2022.9.29 06:57:48#result:TRANSACTION_ID:nEGGjY75vk8KfVqQ2E4l7JEX1SI=
2022.9.29 06:57:48#Forward to DBBL Payment Gateway Page: https://ecom1.dutchbanglabank.com/ecomm2/ClientHandler?card_type=6&trans_id=nEGGjY75vk8KfVqQ2E4l7JEX1SI%3D
2022.9.29 07:03:18#---------------------- Complete New Transaction---------------------
2022.9.29 07:03:18#Get trans_id From Post Value:nEGGjY75vk8KfVqQ2E4l7JEX1SI=
2022.9.29 07:03:18#clientIp:103.143.138.44
2022.9.29 07:03:18#trans_id:nEGGjY75vk8KfVqQ2E4l7JEX1SI=
2022.9.29 07:03:20#result:RESULT>TIMEOUT^RESULT_CODE>999^3DSECURE>0^RRN>0^APPROVAL_CODE>0^CARD_NUMBER>0^AMOUNT>82000^CARDNAME>0^DESCRIPTION>6MBB2101159^TRANS_DATE>2022-09-29 01:03:17 PM
2022.9.29 07:03:20#Failed
2022.9.29 07:04:07#=================== Start New Transaction ===================
2022.9.29 07:04:07#txnrefnum:MBB2101159
2022.9.29 07:04:07#clientIp:103.143.138.44
2022.9.29 07:04:07#card type:6
2022.9.29 07:04:07#totalamount:82000
2022.9.29 07:04:11#result:TRANSACTION_ID:rDmP1GJAk5WngY0kJkVx7FSn7Us=
2022.9.29 07:04:11#Forward to DBBL Payment Gateway Page: https://ecom1.dutchbanglabank.com/ecomm2/ClientHandler?card_type=6&trans_id=rDmP1GJAk5WngY0kJkVx7FSn7Us%3D
2022.9.29 07:04:53#---------------------- Complete New Transaction---------------------
2022.9.29 07:04:53#Get trans_id From Post Value:rDmP1GJAk5WngY0kJkVx7FSn7Us=
2022.9.29 07:04:53#clientIp:103.143.138.44
2022.9.29 07:04:53#trans_id:rDmP1GJAk5WngY0kJkVx7FSn7Us=
2022.9.29 07:04:55#result:RESULT>FAILED^RESULT_CODE>116^3DSECURE>SKIPPED^RRN>227207055942^APPROVAL_CODE>0^CARD_NUMBER>999999*********6591^AMOUNT>82000^CARDNAME>mb account^DESCRIPTION>6MBB2101159^TRANS_DATE>2022-09-29 01:04:52 PM
2022.9.29 07:04:55#Not Sufficient Amount
2022.9.29 07:42:26#=================== Start New Transaction ===================
2022.9.29 07:42:26#txnrefnum:MBB2101159
2022.9.29 07:42:26#clientIp:103.184.94.3
2022.9.29 07:42:26#card type:6
2022.9.29 07:42:26#totalamount:82000
2022.9.29 07:42:30#result:TRANSACTION_ID:1KIgsnZnWpWxgaP9FkGcsgP4Hq4=
2022.9.29 07:42:30#Forward to DBBL Payment Gateway Page: https://ecom1.dutchbanglabank.com/ecomm2/ClientHandler?card_type=6&trans_id=1KIgsnZnWpWxgaP9FkGcsgP4Hq4%3D
2022.9.29 07:44:26#=================== Start New Transaction ===================
2022.9.29 07:44:26#txnrefnum:MBB2101159
2022.9.29 07:44:26#clientIp:103.184.94.3
2022.9.29 07:44:26#card type:6
2022.9.29 07:44:26#totalamount:82000
2022.9.29 07:44:30#result:TRANSACTION_ID:9Q5wEvkIEUWpIn0LSExolkWzvc0=
2022.9.29 07:44:30#Forward to DBBL Payment Gateway Page: https://ecom1.dutchbanglabank.com/ecomm2/ClientHandler?card_type=6&trans_id=9Q5wEvkIEUWpIn0LSExolkWzvc0%3D
2022.9.29 07:45:26#---------------------- Complete New Transaction---------------------
2022.9.29 07:45:26#Get trans_id From Post Value:9Q5wEvkIEUWpIn0LSExolkWzvc0=
2022.9.29 07:45:26#clientIp:103.184.94.3
2022.9.29 07:45:26#trans_id:9Q5wEvkIEUWpIn0LSExolkWzvc0=
2022.9.29 07:45:28#result:RESULT>OK^RESULT_CODE>000^3DSECURE>SKIPPED^RRN>227207059174^APPROVAL_CODE>426859^CARD_NUMBER>999999*********6591^AMOUNT>82000^CARDNAME>mb account^DESCRIPTION>6MBB2101159^TRANS_DATE>2022-09-29 01:45:25 PM
2022.9.29 07:45:28#7999529074528
2022.9.29 07:45:28#7999529074528
2022.9.29 07:45:28#=================== Transaction Completed =======================
2022.9.29 11:16:27#=================== Start New Transaction ===================
2022.9.29 11:16:27#txnrefnum:mbm2006033
2022.9.29 11:16:27#clientIp:103.144.201.32
2022.9.29 11:16:27#card type:6
2022.9.29 11:16:27#totalamount:162000
2022.9.29 11:16:32#result:TRANSACTION_ID:IySi0goQsTVGmnD0cCSZqMwSJ6w=
2022.9.29 11:16:32#Forward to DBBL Payment Gateway Page: https://ecom1.dutchbanglabank.com/ecomm2/ClientHandler?card_type=6&trans_id=IySi0goQsTVGmnD0cCSZqMwSJ6w%3D
2022.9.29 11:16:54#---------------------- Complete New Transaction---------------------
2022.9.29 11:16:54#Get trans_id From Post Value:IySi0goQsTVGmnD0cCSZqMwSJ6w=
2022.9.29 11:16:54#clientIp:103.144.201.32
2022.9.29 11:16:54#trans_id:IySi0goQsTVGmnD0cCSZqMwSJ6w=
2022.9.29 11:16:56#result:RESULT>OK^RESULT_CODE>000^3DSECURE>SKIPPED^RRN>227211074627^APPROVAL_CODE>357912^CARD_NUMBER>999999*********8981^AMOUNT>162000^CARDNAME>mb account^DESCRIPTION>6mbm2006033^TRANS_DATE>2022-09-29 05:16:53 PM
2022.9.29 11:16:56#17556029111656
2022.9.29 11:16:56#17556029111656
2022.9.29 11:16:56#17556029111656
2022.9.29 11:16:56#17556029111656
2022.9.29 11:16:56#=================== Transaction Completed =======================
2022.9.29 11:19:22#=================== Start New Transaction ===================
2022.9.29 11:19:22#txnrefnum:MBM2004182
2022.9.29 11:19:22#clientIp:103.144.201.32
2022.9.29 11:19:22#card type:6
2022.9.29 11:19:22#totalamount:162000
2022.9.29 11:19:25#result:TRANSACTION_ID:6TGrsjvAPTEYAoDUUzR945FgRmo=
2022.9.29 11:19:25#Forward to DBBL Payment Gateway Page: https://ecom1.dutchbanglabank.com/ecomm2/ClientHandler?card_type=6&trans_id=6TGrsjvAPTEYAoDUUzR945FgRmo%3D
2022.9.29 11:19:50#---------------------- Complete New Transaction---------------------
2022.9.29 11:19:50#Get trans_id From Post Value:6TGrsjvAPTEYAoDUUzR945FgRmo=
2022.9.29 11:19:50#clientIp:103.144.201.32
2022.9.29 11:19:50#trans_id:6TGrsjvAPTEYAoDUUzR945FgRmo=
2022.9.29 11:19:52#result:RESULT>OK^RESULT_CODE>000^3DSECURE>SKIPPED^RRN>227211074875^APPROVAL_CODE>364962^CARD_NUMBER>999999*********8981^AMOUNT>162000^CARDNAME>mb account^DESCRIPTION>6MBM2004182^TRANS_DATE>2022-09-29 05:19:44 PM
2022.9.29 11:19:52#14573129111952
2022.9.29 11:19:52#14573129111952
2022.9.29 11:19:52#14573129111952
2022.9.29 11:19:52#14573129111952
2022.9.29 11:19:52#=================== Transaction Completed =======================
2022.9.29 11:30:42#=================== Start New Transaction ===================
2022.9.29 11:30:42#txnrefnum:MBD2008289
2022.9.29 11:30:42#clientIp:114.130.185.152
2022.9.29 11:30:42#card type:6
2022.9.29 11:30:42#totalamount:482000
2022.9.29 11:30:46#result:TRANSACTION_ID:mpPla7HBUVSOeIe7MYuUNPfuFPc=
2022.9.29 11:30:46#Forward to DBBL Payment Gateway Page: https://ecom1.dutchbanglabank.com/ecomm2/ClientHandler?card_type=6&trans_id=mpPla7HBUVSOeIe7MYuUNPfuFPc%3D
2022.9.29 11:31:13#---------------------- Complete New Transaction---------------------
2022.9.29 11:31:13#Get trans_id From Post Value:mpPla7HBUVSOeIe7MYuUNPfuFPc=
2022.9.29 11:31:13#clientIp:114.130.185.152
2022.9.29 11:31:13#trans_id:mpPla7HBUVSOeIe7MYuUNPfuFPc=
2022.9.29 11:31:15#result:RESULT>OK^RESULT_CODE>000^3DSECURE>SKIPPED^RRN>227211075799^APPROVAL_CODE>303888^CARD_NUMBER>999999*********7394^AMOUNT>482000^CARDNAME>mb account^DESCRIPTION>6MBD2008289^TRANS_DATE>2022-09-29 05:31:08 PM
2022.9.29 11:31:15#21536129113115
2022.9.29 11:31:15#21536129113115
2022.9.29 11:31:15#21536129113115
2022.9.29 11:31:15#21536129113115
2022.9.29 11:31:15#21536129113115
2022.9.29 11:31:15#21536129113115
2022.9.29 11:31:15#21536129113115
2022.9.29 11:31:15#21536129113115
2022.9.29 11:31:15#21536129113115
2022.9.29 11:31:15#21536129113115
2022.9.29 11:31:15#21536129113115
2022.9.29 11:31:15#21536129113115
2022.9.29 11:31:15#=================== Transaction Completed =======================
2022.9.29 13:28:54#=================== Start New Transaction ===================
2022.9.29 13:28:54#txnrefnum:MED2007013
2022.9.29 13:28:54#clientIp:103.150.255.76
2022.9.29 13:28:54#card type:6
2022.9.29 13:28:54#totalamount:222000
2022.9.29 13:28:58#result:TRANSACTION_ID:IZKnfhiQ8jtjSCXTonBjkpSAj88=
2022.9.29 13:28:58#Forward to DBBL Payment Gateway Page: https://ecom1.dutchbanglabank.com/ecomm2/ClientHandler?card_type=6&trans_id=IZKnfhiQ8jtjSCXTonBjkpSAj88%3D
2022.9.29 13:30:03#---------------------- Complete New Transaction---------------------
2022.9.29 13:30:03#Get trans_id From Post Value:IZKnfhiQ8jtjSCXTonBjkpSAj88=
2022.9.29 13:30:03#clientIp:103.150.255.76
2022.9.29 13:30:03#trans_id:IZKnfhiQ8jtjSCXTonBjkpSAj88=
2022.9.29 13:30:05#result:RESULT>OK^RESULT_CODE>000^3DSECURE>SKIPPED^RRN>227213085964^APPROVAL_CODE>225373^CARD_NUMBER>999999*********6425^AMOUNT>222000^CARDNAME>mb account^DESCRIPTION>6MED2007013^TRANS_DATE>2022-09-29 07:30:01 PM
2022.9.29 13:30:05#19579529013005
2022.9.29 13:30:05#19579529013005
2022.9.29 13:30:05#19579529013005
2022.9.29 13:30:05#19579529013005
2022.9.29 13:30:05#=================== Transaction Completed =======================
2022.9.29 13:34:06#=================== Start New Transaction ===================
2022.9.29 13:34:06#txnrefnum:MEM2003060
2022.9.29 13:34:06#clientIp:103.150.255.76
2022.9.29 13:34:06#card type:6
2022.9.29 13:34:06#totalamount:222000
2022.9.29 13:34:10#result:TRANSACTION_ID:JSBNtK5HKlYzEX30fn9yQ5ju4EM=
2022.9.29 13:34:10#Forward to DBBL Payment Gateway Page: https://ecom1.dutchbanglabank.com/ecomm2/ClientHandler?card_type=6&trans_id=JSBNtK5HKlYzEX30fn9yQ5ju4EM%3D
2022.9.29 13:35:08#---------------------- Complete New Transaction---------------------
2022.9.29 13:35:08#Get trans_id From Post Value:JSBNtK5HKlYzEX30fn9yQ5ju4EM=
2022.9.29 13:35:08#clientIp:103.150.255.76
2022.9.29 13:35:08#trans_id:JSBNtK5HKlYzEX30fn9yQ5ju4EM=
2022.9.29 13:35:10#result:RESULT>OK^RESULT_CODE>000^3DSECURE>SKIPPED^RRN>227213086376^APPROVAL_CODE>150095^CARD_NUMBER>999999*********6425^AMOUNT>222000^CARDNAME>mb account^DESCRIPTION>6MEM2003060^TRANS_DATE>2022-09-29 07:35:07 PM
2022.9.29 13:35:10#13293529013510
2022.9.29 13:35:10#13293529013510
2022.9.29 13:35:10#13293529013510
2022.9.29 13:35:10#13293529013510
2022.9.29 13:35:10#=================== Transaction Completed =======================