
2023.7.6 01:20:03#=================== Start New Transaction ===================
2023.7.6 01:20:03#txnrefnum:MSC22111114
2023.7.6 01:20:03#clientIp:203.76.223.70
2023.7.6 01:20:03#card type:6
2023.7.6 01:20:03#totalamount:1460000
2023.7.6 01:20:08#result:TRANSACTION_ID:Hl9y0Z0jsowsstFhebXjQhmX2XI=
2023.7.6 01:20:09#Forward to DBBL Payment Gateway Page: https://ecom1.dutchbanglabank.com/ecomm2/ClientHandler?card_type=6&trans_id=Hl9y0Z0jsowsstFhebXjQhmX2XI%3D
2023.7.6 01:20:09#=================== Start New Transaction ===================
2023.7.6 01:20:09#txnrefnum:MSC22111114
2023.7.6 01:20:09#clientIp:203.76.223.70
2023.7.6 01:20:09#card type:6
2023.7.6 01:20:09#totalamount:1460000
2023.7.6 01:20:12#result:TRANSACTION_ID:HYl20JDMu5vRtwnd58NQpqZaWmU=
2023.7.6 01:20:12#Forward to DBBL Payment Gateway Page: https://ecom1.dutchbanglabank.com/ecomm2/ClientHandler?card_type=6&trans_id=HYl20JDMu5vRtwnd58NQpqZaWmU%3D
2023.7.6 05:28:51#=================== Start New Transaction ===================
2023.7.6 05:28:51#txnrefnum:MSC23111178
2023.7.6 05:28:51#clientIp:59.152.97.66
2023.7.6 05:28:51#card type:6
2023.7.6 05:28:51#totalamount:838000
2023.7.6 05:28:56#result:TRANSACTION_ID:7xLTyan0piKdlQp8PCNpqUYSXX0=
2023.7.6 05:28:57#Forward to DBBL Payment Gateway Page: https://ecom1.dutchbanglabank.com/ecomm2/ClientHandler?card_type=6&trans_id=7xLTyan0piKdlQp8PCNpqUYSXX0%3D
2023.7.6 05:32:49#=================== Start New Transaction ===================
2023.7.6 05:32:49#txnrefnum:MSC23111178
2023.7.6 05:32:49#clientIp:59.152.97.66
2023.7.6 05:32:49#card type:6
2023.7.6 05:32:49#totalamount:838000
2023.7.6 05:32:52#result:TRANSACTION_ID:mWBllujgZBneJUPNngSqHDsx2uk=
2023.7.6 05:32:52#Forward to DBBL Payment Gateway Page: https://ecom1.dutchbanglabank.com/ecomm2/ClientHandler?card_type=6&trans_id=mWBllujgZBneJUPNngSqHDsx2uk%3D
2023.7.6 05:33:24#---------------------- Complete New Transaction---------------------
2023.7.6 05:33:24#Get trans_id From Post Value:mWBllujgZBneJUPNngSqHDsx2uk=
2023.7.6 05:33:24#clientIp:59.152.97.66
2023.7.6 05:33:24#trans_id:mWBllujgZBneJUPNngSqHDsx2uk=
2023.7.6 05:33:26#result:RESULT>OK^RESULT_CODE>000^3DSECURE>SKIPPED^RRN>318705425802^APPROVAL_CODE>871830^CARD_NUMBER>999999*********9259^AMOUNT>838000^CARDNAME>mb account^DESCRIPTION>6MSC23111178^TRANS_DATE>2023-07-06 11:33:23 AM
2023.7.6 05:33:26#52297206053326
2023.7.6 05:33:26#52297206053326
2023.7.6 05:33:26#52297206053326
2023.7.6 05:33:26#52297206053326
2023.7.6 05:33:26#52297206053326
2023.7.6 05:33:26#52297206053326
2023.7.6 05:33:26#52297206053326
2023.7.6 05:33:26#52297206053326
2023.7.6 05:33:26#52297206053326
2023.7.6 05:33:27#52297206053326
2023.7.6 05:33:27#=================== Transaction Completed =======================
2023.7.6 06:11:31#=================== Start New Transaction ===================
2023.7.6 06:11:31#txnrefnum:MBD2301447
2023.7.6 06:11:31#clientIp:119.18.151.65
2023.7.6 06:11:31#card type:6
2023.7.6 06:11:31#totalamount:202000
2023.7.6 06:11:34#result:TRANSACTION_ID:tPONsyFCEN3vfZxOqnUYvgHmfSQ=
2023.7.6 06:11:34#Forward to DBBL Payment Gateway Page: https://ecom1.dutchbanglabank.com/ecomm2/ClientHandler?card_type=6&trans_id=tPONsyFCEN3vfZxOqnUYvgHmfSQ%3D
2023.7.6 06:24:46#=================== Start New Transaction ===================
2023.7.6 06:24:46#txnrefnum:MSC23111181
2023.7.6 06:24:46#clientIp:103.110.67.65
2023.7.6 06:24:46#card type:6
2023.7.6 06:24:46#totalamount:282000
2023.7.6 06:24:51#result:TRANSACTION_ID:MgGv6FcDEv6VdppDTamUGXrx5sE=
2023.7.6 06:24:51#Forward to DBBL Payment Gateway Page: https://ecom1.dutchbanglabank.com/ecomm2/ClientHandler?card_type=6&trans_id=MgGv6FcDEv6VdppDTamUGXrx5sE%3D
2023.7.6 06:26:25#---------------------- Complete New Transaction---------------------
2023.7.6 06:26:25#Get trans_id From Post Value:MgGv6FcDEv6VdppDTamUGXrx5sE=
2023.7.6 06:26:25#clientIp:103.110.67.65
2023.7.6 06:26:25#trans_id:MgGv6FcDEv6VdppDTamUGXrx5sE=
2023.7.6 06:26:30#result:RESULT>OK^RESULT_CODE>000^3DSECURE>SKIPPED^RRN>318706432300^APPROVAL_CODE>223189^CARD_NUMBER>999999*********9211^AMOUNT>282000^CARDNAME>mb account^DESCRIPTION>6MSC23111181^TRANS_DATE>2023-07-06 12:26:24 PM
2023.7.6 06:26:30#52301406062630
2023.7.6 06:26:30#52301406062630
2023.7.6 06:26:30#52301406062630
2023.7.6 06:26:30#52301406062630
2023.7.6 06:26:30#=================== Transaction Completed =======================
2023.7.6 06:54:18#=================== Start New Transaction ===================
2023.7.6 06:54:18#txnrefnum:MSC23110542
2023.7.6 06:54:18#clientIp:103.144.49.84
2023.7.6 06:54:18#card type:6
2023.7.6 06:54:18#totalamount:462000
2023.7.6 06:54:18#=================== Start New Transaction ===================
2023.7.6 06:54:18#txnrefnum:MEM2004070
2023.7.6 06:54:18#clientIp:103.187.24.237
2023.7.6 06:54:18#card type:6
2023.7.6 06:54:18#totalamount:132000
2023.7.6 06:54:21#result:TRANSACTION_ID:5pL8aGr2uWbulHcmedZ3MXmslSY=
2023.7.6 06:54:21#Forward to DBBL Payment Gateway Page: https://ecom1.dutchbanglabank.com/ecomm2/ClientHandler?card_type=6&trans_id=5pL8aGr2uWbulHcmedZ3MXmslSY%3D
2023.7.6 06:54:23#result:TRANSACTION_ID:DrATuBrp28ks1NlDnt1X0QdS2Iw=
2023.7.6 06:54:23#Forward to DBBL Payment Gateway Page: https://ecom1.dutchbanglabank.com/ecomm2/ClientHandler?card_type=6&trans_id=DrATuBrp28ks1NlDnt1X0QdS2Iw%3D
2023.7.6 06:55:08#---------------------- Complete New Transaction---------------------
2023.7.6 06:55:08#Get trans_id From Post Value:5pL8aGr2uWbulHcmedZ3MXmslSY=
2023.7.6 06:55:08#clientIp:103.144.49.84
2023.7.6 06:55:08#trans_id:5pL8aGr2uWbulHcmedZ3MXmslSY=
2023.7.6 06:55:10#result:RESULT>OK^RESULT_CODE>000^3DSECURE>SKIPPED^RRN>318706435747^APPROVAL_CODE>326103^CARD_NUMBER>999999*********2423^AMOUNT>462000^CARDNAME>mb account^DESCRIPTION>6MSC23110542^TRANS_DATE>2023-07-06 12:55:07 PM
2023.7.6 06:55:10#52313106065510
2023.7.6 06:55:10#52313106065510
2023.7.6 06:55:10#52313106065510
2023.7.6 06:55:10#52313106065510
2023.7.6 06:55:10#52313106065510
2023.7.6 06:55:10#52313106065510
2023.7.6 06:55:10#=================== Transaction Completed =======================
2023.7.6 06:55:49#=================== Start New Transaction ===================
2023.7.6 06:55:49#txnrefnum:MEM2004070
2023.7.6 06:55:49#clientIp:103.187.24.237
2023.7.6 06:55:49#card type:6
2023.7.6 06:55:49#totalamount:132000
2023.7.6 06:55:52#result:TRANSACTION_ID:VW3jXbwenNae6EPMi4UhDOxAtLs=
2023.7.6 06:55:52#Forward to DBBL Payment Gateway Page: https://ecom1.dutchbanglabank.com/ecomm2/ClientHandler?card_type=6&trans_id=VW3jXbwenNae6EPMi4UhDOxAtLs%3D
2023.7.6 06:56:31#---------------------- Complete New Transaction---------------------
2023.7.6 06:56:31#Get trans_id From Post Value:VW3jXbwenNae6EPMi4UhDOxAtLs=
2023.7.6 06:56:31#clientIp:103.187.24.237
2023.7.6 06:56:31#trans_id:VW3jXbwenNae6EPMi4UhDOxAtLs=
2023.7.6 06:56:36#result:RESULT>OK^RESULT_CODE>000^3DSECURE>SKIPPED^RRN>318706435885^APPROVAL_CODE>328554^CARD_NUMBER>999999*********4562^AMOUNT>132000^CARDNAME>mb account^DESCRIPTION>6MEM2004070^TRANS_DATE>2023-07-06 12:56:30 PM
2023.7.6 06:56:36#43705506065636
2023.7.6 06:56:36#43705506065636
2023.7.6 06:56:36#=================== Transaction Completed =======================
2023.7.6 06:58:31#=================== Start New Transaction ===================
2023.7.6 06:58:31#txnrefnum:MEM2004025
2023.7.6 06:58:31#clientIp:103.187.24.237
2023.7.6 06:58:31#card type:6
2023.7.6 06:58:31#totalamount:132000
2023.7.6 06:58:34#result:TRANSACTION_ID:2hf3N6Eye8OkfVxlj7zxAtFcMj4=
2023.7.6 06:58:35#Forward to DBBL Payment Gateway Page: https://ecom1.dutchbanglabank.com/ecomm2/ClientHandler?card_type=6&trans_id=2hf3N6Eye8OkfVxlj7zxAtFcMj4%3D
2023.7.6 06:59:02#---------------------- Complete New Transaction---------------------
2023.7.6 06:59:02#Get trans_id From Post Value:2hf3N6Eye8OkfVxlj7zxAtFcMj4=
2023.7.6 06:59:02#clientIp:103.187.24.237
2023.7.6 06:59:02#trans_id:2hf3N6Eye8OkfVxlj7zxAtFcMj4=
2023.7.6 06:59:04#result:RESULT>OK^RESULT_CODE>000^3DSECURE>SKIPPED^RRN>318706436223^APPROVAL_CODE>307062^CARD_NUMBER>999999*********4562^AMOUNT>132000^CARDNAME>mb account^DESCRIPTION>6MEM2004025^TRANS_DATE>2023-07-06 12:59:01 PM
2023.7.6 06:59:04#43454706065904
2023.7.6 06:59:04#43454706065904
2023.7.6 06:59:04#=================== Transaction Completed =======================
2023.7.6 07:07:00#=================== Start New Transaction ===================
2023.7.6 07:07:00#txnrefnum:MBD2309110
2023.7.6 07:07:00#clientIp:103.177.242.58
2023.7.6 07:07:00#card type:6
2023.7.6 07:07:00#totalamount:21500
2023.7.6 07:07:03#result:TRANSACTION_ID:lXaBLwMpK0lEsIwCDYLqNNRMGMI=
2023.7.6 07:07:03#Forward to DBBL Payment Gateway Page: https://ecom1.dutchbanglabank.com/ecomm2/ClientHandler?card_type=6&trans_id=lXaBLwMpK0lEsIwCDYLqNNRMGMI%3D
2023.7.6 07:08:39#---------------------- Complete New Transaction---------------------
2023.7.6 07:08:39#Get trans_id From Post Value:lXaBLwMpK0lEsIwCDYLqNNRMGMI=
2023.7.6 07:08:39#clientIp:103.177.242.58
2023.7.6 07:08:39#trans_id:lXaBLwMpK0lEsIwCDYLqNNRMGMI=
2023.7.6 07:08:41#result:RESULT>OK^RESULT_CODE>000^3DSECURE>SKIPPED^RRN>318707437333^APPROVAL_CODE>349563^CARD_NUMBER>999999*********1645^AMOUNT>21500^CARDNAME>mb account^DESCRIPTION>6MBD2309110^TRANS_DATE>2023-07-06 01:08:38 PM
2023.7.6 07:08:41#54555106070841
2023.7.6 07:08:41#54555106070841
2023.7.6 07:08:41#=================== Transaction Completed =======================
2023.7.6 08:53:52#=================== Start New Transaction ===================
2023.7.6 08:53:52#txnrefnum:MSC23110523
2023.7.6 08:53:52#clientIp:103.177.242.58
2023.7.6 08:53:52#card type:6
2023.7.6 08:53:52#totalamount:822000
2023.7.6 08:54:01#=================== Start New Transaction ===================
2023.7.6 08:54:01#txnrefnum:MSC23110523
2023.7.6 08:54:01#clientIp:103.177.242.58
2023.7.6 08:54:01#card type:6
2023.7.6 08:54:01#totalamount:822000
2023.7.6 08:54:05#result:TRANSACTION_ID:r9ld0KAxjC16jK3gkh1mlkteRTI=
2023.7.6 08:54:06#Forward to DBBL Payment Gateway Page: https://ecom1.dutchbanglabank.com/ecomm2/ClientHandler?card_type=6&trans_id=r9ld0KAxjC16jK3gkh1mlkteRTI%3D
2023.7.6 08:54:06#result:TRANSACTION_ID:EcsSoTldTP5Cw2pRXtYjindfTHU=
2023.7.6 08:54:06#Forward to DBBL Payment Gateway Page: https://ecom1.dutchbanglabank.com/ecomm2/ClientHandler?card_type=6&trans_id=EcsSoTldTP5Cw2pRXtYjindfTHU%3D
2023.7.6 08:55:11#---------------------- Complete New Transaction---------------------
2023.7.6 08:55:11#Get trans_id From Post Value:r9ld0KAxjC16jK3gkh1mlkteRTI=
2023.7.6 08:55:11#clientIp:103.177.242.58
2023.7.6 08:55:11#trans_id:r9ld0KAxjC16jK3gkh1mlkteRTI=
2023.7.6 08:55:12#result:RESULT>OK^RESULT_CODE>000^3DSECURE>SKIPPED^RRN>318708449929^APPROVAL_CODE>792470^CARD_NUMBER>999999*********3552^AMOUNT>822000^CARDNAME>mb account^DESCRIPTION>6MSC23110523^TRANS_DATE>2023-07-06 02:55:09 PM
2023.7.6 08:55:12#52150806085512
2023.7.6 08:55:13#52150806085512
2023.7.6 08:55:13#52150806085512
2023.7.6 08:55:13#52150806085512
2023.7.6 08:55:13#52150806085512
2023.7.6 08:55:13#52150806085512
2023.7.6 08:55:13#52150806085512
2023.7.6 08:55:13#52150806085512
2023.7.6 08:55:13#52150806085512
2023.7.6 08:55:13#52150806085512
2023.7.6 08:55:13#=================== Transaction Completed =======================
2023.7.6 09:25:24#=================== Start New Transaction ===================
2023.7.6 09:25:24#txnrefnum:MBM2301110
2023.7.6 09:25:24#clientIp:202.134.8.137
2023.7.6 09:25:24#card type:6
2023.7.6 09:25:24#totalamount:302000
2023.7.6 09:25:28#result:TRANSACTION_ID:JhcJNyWS7GDIB9AeGwfyTHvRDx0=
2023.7.6 09:25:29#Forward to DBBL Payment Gateway Page: https://ecom1.dutchbanglabank.com/ecomm2/ClientHandler?card_type=6&trans_id=JhcJNyWS7GDIB9AeGwfyTHvRDx0%3D
2023.7.6 09:26:20#---------------------- Complete New Transaction---------------------
2023.7.6 09:26:20#Get trans_id From Post Value:JhcJNyWS7GDIB9AeGwfyTHvRDx0=
2023.7.6 09:26:20#clientIp:202.134.8.137
2023.7.6 09:26:20#trans_id:JhcJNyWS7GDIB9AeGwfyTHvRDx0=
2023.7.6 09:26:22#result:RESULT>OK^RESULT_CODE>000^3DSECURE>SKIPPED^RRN>318709453565^APPROVAL_CODE>973326^CARD_NUMBER>999999*********4987^AMOUNT>302000^CARDNAME>mb account^DESCRIPTION>6MBM2301110^TRANS_DATE>2023-07-06 03:26:17 PM
2023.7.6 09:26:22#48446406092622
2023.7.6 09:26:22#48446406092622
2023.7.6 09:26:22#48446406092622
2023.7.6 09:26:22#48446406092622
2023.7.6 09:26:22#48446406092622
2023.7.6 09:26:23#48446406092622
2023.7.6 09:26:23#=================== Transaction Completed =======================
2023.7.6 09:27:25#=================== Start New Transaction ===================
2023.7.6 09:27:25#txnrefnum:MSC22111048
2023.7.6 09:27:25#clientIp:118.179.20.26
2023.7.6 09:27:25#card type:6
2023.7.6 09:27:25#totalamount:482000
2023.7.6 09:27:30#result:TRANSACTION_ID:chev6QRaPRUgWj0RHQSrKSht2Kc=
2023.7.6 09:27:30#Forward to DBBL Payment Gateway Page: https://ecom1.dutchbanglabank.com/ecomm2/ClientHandler?card_type=6&trans_id=chev6QRaPRUgWj0RHQSrKSht2Kc%3D
2023.7.6 09:28:37#---------------------- Complete New Transaction---------------------
2023.7.6 09:28:37#Get trans_id From Post Value:chev6QRaPRUgWj0RHQSrKSht2Kc=
2023.7.6 09:28:37#clientIp:118.179.20.26
2023.7.6 09:28:37#trans_id:chev6QRaPRUgWj0RHQSrKSht2Kc=
2023.7.6 09:28:39#result:RESULT>OK^RESULT_CODE>000^3DSECURE>SKIPPED^RRN>318709453888^APPROVAL_CODE>975753^CARD_NUMBER>999999*********1549^AMOUNT>482000^CARDNAME>mb account^DESCRIPTION>6MSC22111048^TRANS_DATE>2023-07-06 03:28:36 PM
2023.7.6 09:28:39#54724706092839
2023.7.6 09:28:39#54724706092839
2023.7.6 09:28:39#54724706092839
2023.7.6 09:28:39#54724706092839
2023.7.6 09:28:39#54724706092839
2023.7.6 09:28:40#54724706092839
2023.7.6 09:28:40#=================== Transaction Completed =======================
2023.7.6 10:36:58#=================== Start New Transaction ===================
2023.7.6 10:36:58#txnrefnum:MSC22111269
2023.7.6 10:36:58#clientIp:202.134.8.132
2023.7.6 10:36:58#card type:6
2023.7.6 10:36:58#totalamount:162000
2023.7.6 10:37:01#result:TRANSACTION_ID:9Sy8JelSK4ACS6CqhPZrVkpzmIA=
2023.7.6 10:37:01#Forward to DBBL Payment Gateway Page: https://ecom1.dutchbanglabank.com/ecomm2/ClientHandler?card_type=6&trans_id=9Sy8JelSK4ACS6CqhPZrVkpzmIA%3D
2023.7.6 10:38:15#---------------------- Complete New Transaction---------------------
2023.7.6 10:38:15#Get trans_id From Post Value:9Sy8JelSK4ACS6CqhPZrVkpzmIA=
2023.7.6 10:38:15#clientIp:202.134.8.132
2023.7.6 10:38:15#trans_id:9Sy8JelSK4ACS6CqhPZrVkpzmIA=
2023.7.6 10:38:17#result:RESULT>OK^RESULT_CODE>000^3DSECURE>SKIPPED^RRN>318710460741^APPROVAL_CODE>270093^CARD_NUMBER>999999*********8527^AMOUNT>162000^CARDNAME>mb account^DESCRIPTION>6MSC22111269^TRANS_DATE>2023-07-06 04:38:14 PM
2023.7.6 10:38:17#33739306103817
2023.7.6 10:38:17#33739306103817
2023.7.6 10:38:17#=================== Transaction Completed =======================
2023.7.6 10:48:29#=================== Start New Transaction ===================
2023.7.6 10:48:29#txnrefnum:MSC22111172
2023.7.6 10:48:29#clientIp:202.134.8.136
2023.7.6 10:48:29#card type:6
2023.7.6 10:48:29#totalamount:162000
2023.7.6 10:48:32#result:TRANSACTION_ID:fkYlbE7SD7XlsHOkxIm8LcIJSJs=
2023.7.6 10:48:32#Forward to DBBL Payment Gateway Page: https://ecom1.dutchbanglabank.com/ecomm2/ClientHandler?card_type=6&trans_id=fkYlbE7SD7XlsHOkxIm8LcIJSJs%3D
2023.7.6 10:49:32#---------------------- Complete New Transaction---------------------
2023.7.6 10:49:32#Get trans_id From Post Value:fkYlbE7SD7XlsHOkxIm8LcIJSJs=
2023.7.6 10:49:32#clientIp:202.134.8.136
2023.7.6 10:49:32#trans_id:fkYlbE7SD7XlsHOkxIm8LcIJSJs=
2023.7.6 10:49:34#result:RESULT>OK^RESULT_CODE>000^3DSECURE>SKIPPED^RRN>318710461699^APPROVAL_CODE>321141^CARD_NUMBER>999999*********2623^AMOUNT>162000^CARDNAME>mb account^DESCRIPTION>6MSC22111172^TRANS_DATE>2023-07-06 04:49:31 PM
2023.7.6 10:49:34#54722806104934
2023.7.6 10:49:34#54722806104934
2023.7.6 10:49:34#=================== Transaction Completed =======================
2023.7.6 12:53:49#=================== Start New Transaction ===================
2023.7.6 12:53:49#txnrefnum:MBM2006182
2023.7.6 12:53:49#clientIp:114.130.156.193
2023.7.6 12:53:49#card type:6
2023.7.6 12:53:49#totalamount:101500
2023.7.6 12:53:53#result:TRANSACTION_ID:DoWIkaS1ch8HecQQpvfPlpWwdt4=
2023.7.6 12:53:53#Forward to DBBL Payment Gateway Page: https://ecom1.dutchbanglabank.com/ecomm2/ClientHandler?card_type=6&trans_id=DoWIkaS1ch8HecQQpvfPlpWwdt4%3D
2023.7.6 12:56:14#=================== Start New Transaction ===================
2023.7.6 12:56:14#txnrefnum:MBM2006182
2023.7.6 12:56:14#clientIp:114.130.156.193
2023.7.6 12:56:14#card type:6
2023.7.6 12:56:14#totalamount:501500
2023.7.6 12:56:17#result:TRANSACTION_ID:gmcLs0RkBjS7ddzyHlJr3LzXyuY=
2023.7.6 12:56:18#Forward to DBBL Payment Gateway Page: https://ecom1.dutchbanglabank.com/ecomm2/ClientHandler?card_type=6&trans_id=gmcLs0RkBjS7ddzyHlJr3LzXyuY%3D
2023.7.6 13:09:21#=================== Start New Transaction ===================
2023.7.6 13:09:21#txnrefnum:BBD2007143
2023.7.6 13:09:21#clientIp:103.43.149.1
2023.7.6 13:09:21#card type:6
2023.7.6 13:09:21#totalamount:102000
2023.7.6 13:09:24#result:TRANSACTION_ID:HUTiI9OrAZUtLSvxZ9n9X1cEuOM=
2023.7.6 13:09:24#Forward to DBBL Payment Gateway Page: https://ecom1.dutchbanglabank.com/ecomm2/ClientHandler?card_type=6&trans_id=HUTiI9OrAZUtLSvxZ9n9X1cEuOM%3D
2023.7.6 13:10:08#---------------------- Complete New Transaction---------------------
2023.7.6 13:10:08#Get trans_id From Post Value:HUTiI9OrAZUtLSvxZ9n9X1cEuOM=
2023.7.6 13:10:14#clientIp:103.43.149.1
2023.7.6 13:10:14#trans_id:HUTiI9OrAZUtLSvxZ9n9X1cEuOM=
2023.7.6 13:10:16#result:RESULT>OK^RESULT_CODE>000^3DSECURE>SKIPPED^RRN>318713477708^APPROVAL_CODE>071601^CARD_NUMBER>999999*********9002^AMOUNT>102000^CARDNAME>mb account^DESCRIPTION>6BBD2007143^TRANS_DATE>2023-07-06 07:10:07 PM
2023.7.6 13:10:16#37569806011016
2023.7.6 13:10:16#37569806011016
2023.7.6 13:10:16#=================== Transaction Completed =======================
2023.7.6 13:34:58#=================== Start New Transaction ===================
2023.7.6 13:34:58#txnrefnum:MSC23110045
2023.7.6 13:34:58#clientIp:59.153.103.19
2023.7.6 13:34:58#card type:6
2023.7.6 13:34:58#totalamount:822000
2023.7.6 13:35:01#=================== Start New Transaction ===================
2023.7.6 13:35:01#txnrefnum:MSC23110045
2023.7.6 13:35:01#clientIp:59.153.103.19
2023.7.6 13:35:01#card type:6
2023.7.6 13:35:01#totalamount:822000
2023.7.6 13:35:03#result:TRANSACTION_ID:3rDfSrNjgZyuC8tgWV3gPcmjZ48=
2023.7.6 13:35:03#Forward to DBBL Payment Gateway Page: https://ecom1.dutchbanglabank.com/ecomm2/ClientHandler?card_type=6&trans_id=3rDfSrNjgZyuC8tgWV3gPcmjZ48%3D
2023.7.6 13:35:04#result:TRANSACTION_ID:4ofoikPZIo6jB1tQPlNBiruxXlA=
2023.7.6 13:35:04#Forward to DBBL Payment Gateway Page: https://ecom1.dutchbanglabank.com/ecomm2/ClientHandler?card_type=6&trans_id=4ofoikPZIo6jB1tQPlNBiruxXlA%3D
2023.7.6 13:35:46#---------------------- Complete New Transaction---------------------
2023.7.6 13:35:46#Get trans_id From Post Value:4ofoikPZIo6jB1tQPlNBiruxXlA=
2023.7.6 13:35:46#clientIp:59.153.103.19
2023.7.6 13:35:46#trans_id:4ofoikPZIo6jB1tQPlNBiruxXlA=
2023.7.6 13:35:48#result:RESULT>OK^RESULT_CODE>000^3DSECURE>SKIPPED^RRN>318713480672^APPROVAL_CODE>201079^CARD_NUMBER>999999*********7258^AMOUNT>822000^CARDNAME>mb account^DESCRIPTION>6MSC23110045^TRANS_DATE>2023-07-06 07:35:45 PM
2023.7.6 13:35:48#53174206013548
2023.7.6 13:35:48#53174206013548
2023.7.6 13:35:48#53174206013548
2023.7.6 13:35:48#53174206013548
2023.7.6 13:35:48#53174206013548
2023.7.6 13:35:48#53174206013548
2023.7.6 13:35:48#53174206013548
2023.7.6 13:35:48#53174206013548
2023.7.6 13:35:48#53174206013548
2023.7.6 13:35:48#53174206013548
2023.7.6 13:35:48#=================== Transaction Completed =======================
2023.7.6 16:08:31#=================== Start New Transaction ===================
2023.7.6 16:08:31#txnrefnum:MSC22111192
2023.7.6 16:08:31#clientIp:103.140.83.180
2023.7.6 16:08:31#card type:6
2023.7.6 16:08:31#totalamount:802000
2023.7.6 16:08:36#result:TRANSACTION_ID:arcUgSatWLCryEw3ROzcjpjmpSg=
2023.7.6 16:08:36#Forward to DBBL Payment Gateway Page: https://ecom1.dutchbanglabank.com/ecomm2/ClientHandler?card_type=6&trans_id=arcUgSatWLCryEw3ROzcjpjmpSg%3D
2023.7.6 16:09:32#=================== Start New Transaction ===================
2023.7.6 16:09:32#txnrefnum:MSC22111192
2023.7.6 16:09:32#clientIp:103.140.83.180
2023.7.6 16:09:32#card type:6
2023.7.6 16:09:32#totalamount:802000
2023.7.6 16:09:39#result:TRANSACTION_ID:Lkv1tiK8TLf2aPoVadPSKMwvlo8=
2023.7.6 16:09:39#Forward to DBBL Payment Gateway Page: https://ecom1.dutchbanglabank.com/ecomm2/ClientHandler?card_type=6&trans_id=Lkv1tiK8TLf2aPoVadPSKMwvlo8%3D
2023.7.6 16:15:27#---------------------- Complete New Transaction---------------------
2023.7.6 16:15:27#Get trans_id From Post Value:Lkv1tiK8TLf2aPoVadPSKMwvlo8=
2023.7.6 16:15:27#clientIp:103.140.83.180
2023.7.6 16:15:27#trans_id:Lkv1tiK8TLf2aPoVadPSKMwvlo8=
2023.7.6 16:15:29#result:RESULT>TIMEOUT^RESULT_CODE>999^3DSECURE>0^RRN>0^APPROVAL_CODE>0^CARD_NUMBER>0^AMOUNT>802000^CARDNAME>0^DESCRIPTION>6MSC22111192^TRANS_DATE>2023-07-06 10:15:25 PM
2023.7.6 16:15:29#Failed
2023.7.6 16:15:50#=================== Start New Transaction ===================
2023.7.6 16:15:50#txnrefnum:MSC22111192
2023.7.6 16:15:50#clientIp:103.140.83.180
2023.7.6 16:15:50#card type:6
2023.7.6 16:15:50#totalamount:802000
2023.7.6 16:15:53#result:TRANSACTION_ID:RzoSV0W1pOKNIRiuXez61cE8ihY=
2023.7.6 16:15:53#Forward to DBBL Payment Gateway Page: https://ecom1.dutchbanglabank.com/ecomm2/ClientHandler?card_type=6&trans_id=RzoSV0W1pOKNIRiuXez61cE8ihY%3D
2023.7.6 16:16:49#---------------------- Complete New Transaction---------------------
2023.7.6 16:16:49#Get trans_id From Post Value:RzoSV0W1pOKNIRiuXez61cE8ihY=
2023.7.6 16:16:49#clientIp:103.140.83.180
2023.7.6 16:16:49#trans_id:RzoSV0W1pOKNIRiuXez61cE8ihY=
2023.7.6 16:16:50#result:RESULT>OK^RESULT_CODE>000^3DSECURE>SKIPPED^RRN>318716494241^APPROVAL_CODE>166564^CARD_NUMBER>999999*********8304^AMOUNT>802000^CARDNAME>mb account^DESCRIPTION>6MSC22111192^TRANS_DATE>2023-07-06 10:16:48 PM
2023.7.6 16:16:50#33814406041650
2023.7.6 16:16:51#33814406041650
2023.7.6 16:16:51#33814406041650
2023.7.6 16:16:51#33814406041650
2023.7.6 16:16:51#33814406041650
2023.7.6 16:16:51#33814406041650
2023.7.6 16:16:51#33814406041650
2023.7.6 16:16:51#33814406041650
2023.7.6 16:16:51#33814406041650
2023.7.6 16:16:51#33814406041650
2023.7.6 16:16:51#=================== Transaction Completed =======================
2023.7.6 17:24:24#=================== Start New Transaction ===================
2023.7.6 17:24:24#txnrefnum:MSC23111097
2023.7.6 17:24:24#clientIp:103.144.49.129
2023.7.6 17:24:24#card type:6
2023.7.6 17:24:24#totalamount:462000
2023.7.6 17:24:27#result:TRANSACTION_ID:VMtqBfMPRdyEojc6v8SUtTmHh4c=
2023.7.6 17:24:27#Forward to DBBL Payment Gateway Page: https://ecom1.dutchbanglabank.com/ecomm2/ClientHandler?card_type=6&trans_id=VMtqBfMPRdyEojc6v8SUtTmHh4c%3D