
2022.9.23 06:23:26#=================== Start New Transaction ===================
2022.9.23 06:23:26#txnrefnum:MBD2008371
2022.9.23 06:23:26#clientIp:103.177.242.4
2022.9.23 06:23:26#card type:6
2022.9.23 06:23:26#totalamount:802000
2022.9.23 06:23:31#=================== Start New Transaction ===================
2022.9.23 06:23:31#txnrefnum:MBD2008371
2022.9.23 06:23:31#clientIp:103.177.242.4
2022.9.23 06:23:31#card type:6
2022.9.23 06:23:31#totalamount:802000
2022.9.23 06:23:31#result:TRANSACTION_ID:sxlKztP5kMPWudHGpFAxmSdbFW8=
2022.9.23 06:23:31#Forward to DBBL Payment Gateway Page: https://ecom1.dutchbanglabank.com/ecomm2/ClientHandler?card_type=6&trans_id=sxlKztP5kMPWudHGpFAxmSdbFW8%3D
2022.9.23 06:23:32#=================== Start New Transaction ===================
2022.9.23 06:23:32#txnrefnum:MBD2008371
2022.9.23 06:23:32#clientIp:103.177.242.4
2022.9.23 06:23:32#card type:6
2022.9.23 06:23:32#totalamount:802000
2022.9.23 06:23:34#result:TRANSACTION_ID:q8SS8nPF3jFe0lxvTpH9hx846w8=
2022.9.23 06:23:34#Forward to DBBL Payment Gateway Page: https://ecom1.dutchbanglabank.com/ecomm2/ClientHandler?card_type=6&trans_id=q8SS8nPF3jFe0lxvTpH9hx846w8%3D
2022.9.23 06:23:36#result:TRANSACTION_ID:nZA8hR0VudNTwdXsKmLH0XA90l0=
2022.9.23 06:23:36#Forward to DBBL Payment Gateway Page: https://ecom1.dutchbanglabank.com/ecomm2/ClientHandler?card_type=6&trans_id=nZA8hR0VudNTwdXsKmLH0XA90l0%3D
2022.9.23 14:01:53#=================== Start New Transaction ===================
2022.9.23 14:01:53#txnrefnum:MBB2101451
2022.9.23 14:01:53#clientIp:37.111.205.163
2022.9.23 14:01:53#card type:6
2022.9.23 14:01:53#totalamount:2000
2022.9.23 14:01:57#result:TRANSACTION_ID:2l6nuvu5lmcMq4L9fIHHLxhb3wg=
2022.9.23 14:01:57#Forward to DBBL Payment Gateway Page: https://ecom1.dutchbanglabank.com/ecomm2/ClientHandler?card_type=6&trans_id=2l6nuvu5lmcMq4L9fIHHLxhb3wg%3D
2022.9.23 16:39:28#=================== Start New Transaction ===================
2022.9.23 16:39:28#txnrefnum:BBG2102035
2022.9.23 16:39:28#clientIp:37.111.248.168
2022.9.23 16:39:28#card type:6
2022.9.23 16:39:28#totalamount:242000
2022.9.23 16:39:31#result:TRANSACTION_ID:uUh017W97RnMgPxvYEUrOeLjAJ8=
2022.9.23 16:39:32#Forward to DBBL Payment Gateway Page: https://ecom1.dutchbanglabank.com/ecomm2/ClientHandler?card_type=6&trans_id=uUh017W97RnMgPxvYEUrOeLjAJ8%3D
2022.9.23 16:41:28#---------------------- Complete New Transaction---------------------
2022.9.23 16:41:28#Get trans_id From Post Value:uUh017W97RnMgPxvYEUrOeLjAJ8=
2022.9.23 16:41:30#clientIp:37.111.248.168
2022.9.23 16:41:30#trans_id:uUh017W97RnMgPxvYEUrOeLjAJ8=
2022.9.23 16:41:32#result:RESULT>OK^RESULT_CODE>000^3DSECURE>SKIPPED^RRN>226616607453^APPROVAL_CODE>561835^CARD_NUMBER>999999*********4355^AMOUNT>242000^CARDNAME>mb account^DESCRIPTION>6BBG2102035^TRANS_DATE>2022-09-23 10:41:27 PM
2022.9.23 16:41:33#23116323044132
2022.9.23 16:41:33#23116323044132
2022.9.23 16:41:33#23116323044132
2022.9.23 16:41:33#23116323044132
2022.9.23 16:41:33#23116323044132
2022.9.23 16:41:33#23116323044132
2022.9.23 16:41:33#=================== Transaction Completed =======================