
2023.4.5 04:05:04#=================== Start New Transaction ===================
2023.4.5 04:05:04#txnrefnum:MSC22111269
2023.4.5 04:05:04#clientIp:202.134.14.152
2023.4.5 04:05:04#card type:6
2023.4.5 04:05:04#totalamount:272000
2023.4.5 04:05:08#result:TRANSACTION_ID:1KEt9pUgEb8ScqoyQ1PFsQkST4I=
2023.4.5 04:05:08#Forward to DBBL Payment Gateway Page: https://ecom1.dutchbanglabank.com/ecomm2/ClientHandler?card_type=6&trans_id=1KEt9pUgEb8ScqoyQ1PFsQkST4I%3D
2023.4.5 04:05:41#---------------------- Complete New Transaction---------------------
2023.4.5 04:05:41#Get trans_id From Post Value:1KEt9pUgEb8ScqoyQ1PFsQkST4I=
2023.4.5 04:05:41#clientIp:202.134.14.152
2023.4.5 04:05:41#trans_id:1KEt9pUgEb8ScqoyQ1PFsQkST4I=
2023.4.5 04:05:43#result:RESULT>OK^RESULT_CODE>000^3DSECURE>SKIPPED^RRN>309504519959^APPROVAL_CODE>982237^CARD_NUMBER>999999*********8527^AMOUNT>272000^CARDNAME>mb account^DESCRIPTION>6MSC22111269^TRANS_DATE>2023-04-05 10:05:40 AM
2023.4.5 04:05:43#33738905040543
2023.4.5 04:05:43#33738905040543
2023.4.5 04:05:43#33738905040543
2023.4.5 04:05:43#33738905040543
2023.4.5 04:05:43#33738905040543
2023.4.5 04:05:43#33738905040543
2023.4.5 04:05:43#=================== Transaction Completed =======================
2023.4.5 04:17:43#=================== Start New Transaction ===================
2023.4.5 04:17:43#txnrefnum:MBM2008045
2023.4.5 04:17:43#clientIp:202.134.14.139
2023.4.5 04:17:43#card type:6
2023.4.5 04:17:43#totalamount:252000
2023.4.5 04:17:46#result:TRANSACTION_ID:JOb9LMKqN1wmKzhqc0t8jS3RVQY=
2023.4.5 04:17:46#Forward to DBBL Payment Gateway Page: https://ecom1.dutchbanglabank.com/ecomm2/ClientHandler?card_type=6&trans_id=JOb9LMKqN1wmKzhqc0t8jS3RVQY%3D
2023.4.5 04:18:03#---------------------- Complete New Transaction---------------------
2023.4.5 04:18:03#Get trans_id From Post Value:JOb9LMKqN1wmKzhqc0t8jS3RVQY=
2023.4.5 04:18:03#clientIp:202.134.14.139
2023.4.5 04:18:03#trans_id:JOb9LMKqN1wmKzhqc0t8jS3RVQY=
2023.4.5 04:18:04#result:RESULT>OK^RESULT_CODE>000^3DSECURE>SKIPPED^RRN>309504520814^APPROVAL_CODE>995281^CARD_NUMBER>999999*********7532^AMOUNT>252000^CARDNAME>mb account^DESCRIPTION>6MBM2008045^TRANS_DATE>2023-04-05 10:18:02 AM
2023.4.5 04:18:04#51733105041804
2023.4.5 04:18:05#51733105041804
2023.4.5 04:18:05#=================== Transaction Completed =======================
2023.4.5 04:34:35#=================== Start New Transaction ===================
2023.4.5 04:34:35#txnrefnum:MSC22110555
2023.4.5 04:34:35#clientIp:114.130.157.14
2023.4.5 04:34:35#card type:6
2023.4.5 04:34:35#totalamount:598000
2023.4.5 04:34:38#result:TRANSACTION_ID:FSO7ViEWbXE7iIRfHwry24ERefQ=
2023.4.5 04:34:38#Forward to DBBL Payment Gateway Page: https://ecom1.dutchbanglabank.com/ecomm2/ClientHandler?card_type=6&trans_id=FSO7ViEWbXE7iIRfHwry24ERefQ%3D
2023.4.5 04:36:18#=================== Start New Transaction ===================
2023.4.5 04:36:18#txnrefnum:MBG2109018
2023.4.5 04:36:18#clientIp:202.134.14.139
2023.4.5 04:36:18#card type:6
2023.4.5 04:36:18#totalamount:252000
2023.4.5 04:36:20#result:TRANSACTION_ID:RvDsDZZrPrPmGBSBOyjdpZEwwC0=
2023.4.5 04:36:21#Forward to DBBL Payment Gateway Page: https://ecom1.dutchbanglabank.com/ecomm2/ClientHandler?card_type=6&trans_id=RvDsDZZrPrPmGBSBOyjdpZEwwC0%3D
2023.4.5 04:36:39#---------------------- Complete New Transaction---------------------
2023.4.5 04:36:39#Get trans_id From Post Value:RvDsDZZrPrPmGBSBOyjdpZEwwC0=
2023.4.5 04:36:39#clientIp:202.134.14.139
2023.4.5 04:36:39#trans_id:RvDsDZZrPrPmGBSBOyjdpZEwwC0=
2023.4.5 04:36:41#result:RESULT>OK^RESULT_CODE>000^3DSECURE>SKIPPED^RRN>309504522066^APPROVAL_CODE>099363^CARD_NUMBER>999999*********7532^AMOUNT>252000^CARDNAME>mb account^DESCRIPTION>6MBG2109018^TRANS_DATE>2023-04-05 10:36:38 AM
2023.4.5 04:36:41#51737605043641
2023.4.5 04:36:41#51737605043641
2023.4.5 04:36:41#=================== Transaction Completed =======================
2023.4.5 04:38:13#=================== Start New Transaction ===================
2023.4.5 04:38:13#txnrefnum:MSC22110555
2023.4.5 04:38:13#clientIp:114.130.157.14
2023.4.5 04:38:13#card type:6
2023.4.5 04:38:13#totalamount:422000
2023.4.5 04:38:16#result:TRANSACTION_ID:P31fGMMuTDlVAk0JS5OIPGrmUvE=
2023.4.5 04:38:16#Forward to DBBL Payment Gateway Page: https://ecom1.dutchbanglabank.com/ecomm2/ClientHandler?card_type=6&trans_id=P31fGMMuTDlVAk0JS5OIPGrmUvE%3D
2023.4.5 04:38:36#---------------------- Complete New Transaction---------------------
2023.4.5 04:38:36#Get trans_id From Post Value:P31fGMMuTDlVAk0JS5OIPGrmUvE=
2023.4.5 04:38:36#clientIp:114.130.157.14
2023.4.5 04:38:36#trans_id:P31fGMMuTDlVAk0JS5OIPGrmUvE=
2023.4.5 04:38:38#result:RESULT>OK^RESULT_CODE>000^3DSECURE>SKIPPED^RRN>309504522234^APPROVAL_CODE>175861^CARD_NUMBER>999999*********3945^AMOUNT>422000^CARDNAME>mb account^DESCRIPTION>6MSC22110555^TRANS_DATE>2023-04-05 10:38:35 AM
2023.4.5 04:38:38#33554705043838
2023.4.5 04:38:38#33554705043838
2023.4.5 04:38:38#33554705043838
2023.4.5 04:38:38#33554705043838
2023.4.5 04:38:38#33554705043838
2023.4.5 04:38:38#33554705043838
2023.4.5 04:38:38#=================== Transaction Completed =======================
2023.4.5 04:42:07#---------------------- Complete New Transaction---------------------
2023.4.5 04:42:07#Get trans_id From Post Value:Bum17sAnQdpzsPpF4IRp9cEyHqE=
2023.4.5 04:42:07#clientIp:103.184.95.6
2023.4.5 04:42:07#trans_id:Bum17sAnQdpzsPpF4IRp9cEyHqE=
2023.4.5 04:42:09#result:RESULT>TIMEOUT^RESULT_CODE>999^3DSECURE>0^RRN>0^APPROVAL_CODE>0^CARD_NUMBER>0^AMOUNT>802000^CARDNAME>0^DESCRIPTION>6MBD2303184^TRANS_DATE>2023-04-05 10:42:06 AM
2023.4.5 04:42:09#Failed
2023.4.5 05:09:23#=================== Start New Transaction ===================
2023.4.5 05:09:23#txnrefnum:MBD2007217
2023.4.5 05:09:23#clientIp:27.147.173.136
2023.4.5 05:09:23#card type:6
2023.4.5 05:09:23#totalamount:102000
2023.4.5 05:09:26#result:TRANSACTION_ID:W9ZlfkiekLqHomnXmJOr8P2LIJM=
2023.4.5 05:09:26#Forward to DBBL Payment Gateway Page: https://ecom1.dutchbanglabank.com/ecomm2/ClientHandler?card_type=6&trans_id=W9ZlfkiekLqHomnXmJOr8P2LIJM%3D
2023.4.5 05:09:49#---------------------- Complete New Transaction---------------------
2023.4.5 05:09:49#Get trans_id From Post Value:W9ZlfkiekLqHomnXmJOr8P2LIJM=
2023.4.5 05:09:49#clientIp:27.147.173.136
2023.4.5 05:09:49#trans_id:W9ZlfkiekLqHomnXmJOr8P2LIJM=
2023.4.5 05:09:50#result:RESULT>OK^RESULT_CODE>000^3DSECURE>SKIPPED^RRN>309505524901^APPROVAL_CODE>249301^CARD_NUMBER>999999*********0900^AMOUNT>102000^CARDNAME>mb account^DESCRIPTION>6MBD2007217^TRANS_DATE>2023-04-05 11:09:48 AM
2023.4.5 05:09:50#38130005050950
2023.4.5 05:09:50#38130005050950
2023.4.5 05:09:50#=================== Transaction Completed =======================
2023.4.5 05:13:55#=================== Start New Transaction ===================
2023.4.5 05:13:55#txnrefnum:MEM2204190
2023.4.5 05:13:55#clientIp:202.134.8.134
2023.4.5 05:13:55#card type:6
2023.4.5 05:13:55#totalamount:1312000
2023.4.5 05:13:58#result:TRANSACTION_ID:5Y8TNs3nCcz7L07RG5BNE9eWnUI=
2023.4.5 05:13:58#Forward to DBBL Payment Gateway Page: https://ecom1.dutchbanglabank.com/ecomm2/ClientHandler?card_type=6&trans_id=5Y8TNs3nCcz7L07RG5BNE9eWnUI%3D
2023.4.5 05:14:19#---------------------- Complete New Transaction---------------------
2023.4.5 05:14:19#Get trans_id From Post Value:5Y8TNs3nCcz7L07RG5BNE9eWnUI=
2023.4.5 05:14:19#clientIp:202.134.8.134
2023.4.5 05:14:19#trans_id:5Y8TNs3nCcz7L07RG5BNE9eWnUI=
2023.4.5 05:14:21#result:RESULT>OK^RESULT_CODE>000^3DSECURE>SKIPPED^RRN>309505525321^APPROVAL_CODE>360034^CARD_NUMBER>999999*********7532^AMOUNT>1312000^CARDNAME>mb account^DESCRIPTION>6MEM2204190^TRANS_DATE>2023-04-05 11:14:17 AM
2023.4.5 05:14:21#36670505051421
2023.4.5 05:14:21#36670505051421
2023.4.5 05:14:21#36670505051421
2023.4.5 05:14:21#36670505051421
2023.4.5 05:14:21#36670505051421
2023.4.5 05:14:21#36670505051421
2023.4.5 05:14:21#36670505051421
2023.4.5 05:14:21#36670505051421
2023.4.5 05:14:21#36670505051421
2023.4.5 05:14:21#36670505051421
2023.4.5 05:14:21#=================== Transaction Completed =======================
2023.4.5 05:17:15#=================== Start New Transaction ===================
2023.4.5 05:17:15#txnrefnum:MBD2203025
2023.4.5 05:17:15#clientIp:202.134.8.134
2023.4.5 05:17:15#card type:6
2023.4.5 05:17:15#totalamount:302000
2023.4.5 05:17:17#result:TRANSACTION_ID:Fi5MAxWHjLomoBgk05FZ0gAzMt0=
2023.4.5 05:17:18#Forward to DBBL Payment Gateway Page: https://ecom1.dutchbanglabank.com/ecomm2/ClientHandler?card_type=6&trans_id=Fi5MAxWHjLomoBgk05FZ0gAzMt0%3D
2023.4.5 05:17:31#---------------------- Complete New Transaction---------------------
2023.4.5 05:17:31#Get trans_id From Post Value:Fi5MAxWHjLomoBgk05FZ0gAzMt0=
2023.4.5 05:17:31#clientIp:202.134.8.134
2023.4.5 05:17:31#trans_id:Fi5MAxWHjLomoBgk05FZ0gAzMt0=
2023.4.5 05:17:33#result:RESULT>OK^RESULT_CODE>000^3DSECURE>SKIPPED^RRN>309505525597^APPROVAL_CODE>262028^CARD_NUMBER>999999*********7532^AMOUNT>302000^CARDNAME>mb account^DESCRIPTION>6MBD2203025^TRANS_DATE>2023-04-05 11:17:30 AM
2023.4.5 05:17:33#46788905051733
2023.4.5 05:17:33#46788905051733
2023.4.5 05:17:33#46788905051733
2023.4.5 05:17:33#46788905051733
2023.4.5 05:17:33#46788905051733
2023.4.5 05:17:33#46788905051733
2023.4.5 05:17:33#=================== Transaction Completed =======================
2023.4.5 05:20:17#=================== Start New Transaction ===================
2023.4.5 05:20:17#txnrefnum:MBM2307032
2023.4.5 05:20:17#clientIp:103.125.136.131
2023.4.5 05:20:17#card type:6
2023.4.5 05:20:17#totalamount:102000
2023.4.5 05:20:20#result:TRANSACTION_ID:KSM645xP6YfFbUZ3F9rNafwIIXY=
2023.4.5 05:20:20#Forward to DBBL Payment Gateway Page: https://ecom1.dutchbanglabank.com/ecomm2/ClientHandler?card_type=6&trans_id=KSM645xP6YfFbUZ3F9rNafwIIXY%3D
2023.4.5 05:22:28#---------------------- Complete New Transaction---------------------
2023.4.5 05:22:28#Get trans_id From Post Value:KSM645xP6YfFbUZ3F9rNafwIIXY=
2023.4.5 05:22:28#clientIp:103.125.136.131
2023.4.5 05:22:28#trans_id:KSM645xP6YfFbUZ3F9rNafwIIXY=
2023.4.5 05:22:30#result:RESULT>OK^RESULT_CODE>000^3DSECURE>SKIPPED^RRN>309505526110^APPROVAL_CODE>270609^CARD_NUMBER>999999*********6703^AMOUNT>102000^CARDNAME>mb account^DESCRIPTION>6MBM2307032^TRANS_DATE>2023-04-05 11:22:27 AM
2023.4.5 05:22:30#53163105052230
2023.4.5 05:22:30#53163105052230
2023.4.5 05:22:30#=================== Transaction Completed =======================
2023.4.5 05:28:49#=================== Start New Transaction ===================
2023.4.5 05:28:49#txnrefnum:MBM2008223
2023.4.5 05:28:49#clientIp:202.134.8.134
2023.4.5 05:28:49#card type:6
2023.4.5 05:28:49#totalamount:252000
2023.4.5 05:28:52#result:TRANSACTION_ID:ZI1IjJsFmuggNmYNSk7rePuceGw=
2023.4.5 05:28:52#Forward to DBBL Payment Gateway Page: https://ecom1.dutchbanglabank.com/ecomm2/ClientHandler?card_type=6&trans_id=ZI1IjJsFmuggNmYNSk7rePuceGw%3D
2023.4.5 05:29:07#---------------------- Complete New Transaction---------------------
2023.4.5 05:29:07#Get trans_id From Post Value:ZI1IjJsFmuggNmYNSk7rePuceGw=
2023.4.5 05:29:07#clientIp:202.134.8.134
2023.4.5 05:29:07#trans_id:ZI1IjJsFmuggNmYNSk7rePuceGw=
2023.4.5 05:29:09#result:RESULT>OK^RESULT_CODE>000^3DSECURE>SKIPPED^RRN>309505526845^APPROVAL_CODE>429702^CARD_NUMBER>999999*********7532^AMOUNT>252000^CARDNAME>mb account^DESCRIPTION>6MBM2008223^TRANS_DATE>2023-04-05 11:29:06 AM
2023.4.5 05:29:09#51734805052909
2023.4.5 05:29:09#51734805052909
2023.4.5 05:29:09#=================== Transaction Completed =======================
2023.4.5 05:32:11#=================== Start New Transaction ===================
2023.4.5 05:32:11#txnrefnum:MBD2004208
2023.4.5 05:32:11#clientIp:116.206.255.14
2023.4.5 05:32:11#card type:6
2023.4.5 05:32:11#totalamount:1022000
2023.4.5 05:32:14#result:TRANSACTION_ID:KX2mPajgg0jpbWzHGHibG9MMbso=
2023.4.5 05:32:14#Forward to DBBL Payment Gateway Page: https://ecom1.dutchbanglabank.com/ecomm2/ClientHandler?card_type=6&trans_id=KX2mPajgg0jpbWzHGHibG9MMbso%3D
2023.4.5 05:32:53#---------------------- Complete New Transaction---------------------
2023.4.5 05:32:53#Get trans_id From Post Value:KX2mPajgg0jpbWzHGHibG9MMbso=
2023.4.5 05:32:53#clientIp:116.206.255.14
2023.4.5 05:32:53#trans_id:KX2mPajgg0jpbWzHGHibG9MMbso=
2023.4.5 05:32:57#result:RESULT>OK^RESULT_CODE>000^3DSECURE>SKIPPED^RRN>309505527258^APPROVAL_CODE>406103^CARD_NUMBER>999999*********8309^AMOUNT>1022000^CARDNAME>mb account^DESCRIPTION>6MBD2004208^TRANS_DATE>2023-04-05 11:32:52 AM
2023.4.5 05:32:57#51574805053257
2023.4.5 05:32:57#51574805053257
2023.4.5 05:32:57#51574805053257
2023.4.5 05:32:57#51574805053257
2023.4.5 05:32:57#51574805053257
2023.4.5 05:32:57#51574805053257
2023.4.5 05:32:57#51574805053257
2023.4.5 05:32:57#51574805053257
2023.4.5 05:32:57#51574805053257
2023.4.5 05:32:57#51574805053257
2023.4.5 05:32:57#=================== Transaction Completed =======================
2023.4.5 05:36:48#=================== Start New Transaction ===================
2023.4.5 05:36:48#txnrefnum:MBM2008050
2023.4.5 05:36:48#clientIp:202.134.8.134
2023.4.5 05:36:48#card type:6
2023.4.5 05:36:48#totalamount:252000
2023.4.5 05:36:48#=================== Start New Transaction ===================
2023.4.5 05:36:48#txnrefnum:MBM2008050
2023.4.5 05:36:48#clientIp:202.134.8.134
2023.4.5 05:36:48#card type:6
2023.4.5 05:36:48#totalamount:252000
2023.4.5 05:36:49#=================== Start New Transaction ===================
2023.4.5 05:36:49#txnrefnum:MBM2008050
2023.4.5 05:36:49#clientIp:202.134.8.134
2023.4.5 05:36:49#card type:6
2023.4.5 05:36:49#totalamount:252000
2023.4.5 05:36:51#result:TRANSACTION_ID:KKtbO0KR4zthTaOlUt6CZQqbUTg=
2023.4.5 05:36:51#result:TRANSACTION_ID:4pQ4Ex3xHZ58J8PHrUV2ZrhPJ3s=
2023.4.5 05:36:51#Forward to DBBL Payment Gateway Page: https://ecom1.dutchbanglabank.com/ecomm2/ClientHandler?card_type=6&trans_id=KKtbO0KR4zthTaOlUt6CZQqbUTg%3D
2023.4.5 05:36:51#Forward to DBBL Payment Gateway Page: https://ecom1.dutchbanglabank.com/ecomm2/ClientHandler?card_type=6&trans_id=4pQ4Ex3xHZ58J8PHrUV2ZrhPJ3s%3D
2023.4.5 05:36:51#result:TRANSACTION_ID:yheSBSnLVR4TTChEKGb9gv3hVzs=
2023.4.5 05:36:52#Forward to DBBL Payment Gateway Page: https://ecom1.dutchbanglabank.com/ecomm2/ClientHandler?card_type=6&trans_id=yheSBSnLVR4TTChEKGb9gv3hVzs%3D
2023.4.5 05:37:19#---------------------- Complete New Transaction---------------------
2023.4.5 05:37:19#Get trans_id From Post Value:yheSBSnLVR4TTChEKGb9gv3hVzs=
2023.4.5 05:37:19#clientIp:202.134.8.134
2023.4.5 05:37:19#trans_id:yheSBSnLVR4TTChEKGb9gv3hVzs=
2023.4.5 05:37:20#result:RESULT>OK^RESULT_CODE>000^3DSECURE>SKIPPED^RRN>309505527683^APPROVAL_CODE>416876^CARD_NUMBER>999999*********7532^AMOUNT>252000^CARDNAME>mb account^DESCRIPTION>6MBM2008050^TRANS_DATE>2023-04-05 11:37:17 AM
2023.4.5 05:37:20#51733205053720
2023.4.5 05:37:21#51733205053720
2023.4.5 05:37:21#=================== Transaction Completed =======================
2023.4.5 05:41:31#=================== Start New Transaction ===================
2023.4.5 05:41:31#txnrefnum:BBD2007064
2023.4.5 05:41:31#clientIp:114.130.156.91
2023.4.5 05:41:31#card type:6
2023.4.5 05:41:31#totalamount:822000
2023.4.5 05:41:34#result:TRANSACTION_ID:UxknGfUj4kkulkmExrOGWtPTef8=
2023.4.5 05:41:34#Forward to DBBL Payment Gateway Page: https://ecom1.dutchbanglabank.com/ecomm2/ClientHandler?card_type=6&trans_id=UxknGfUj4kkulkmExrOGWtPTef8%3D
2023.4.5 05:42:04#---------------------- Complete New Transaction---------------------
2023.4.5 05:42:04#Get trans_id From Post Value:UxknGfUj4kkulkmExrOGWtPTef8=
2023.4.5 05:42:04#clientIp:114.130.156.91
2023.4.5 05:42:04#trans_id:UxknGfUj4kkulkmExrOGWtPTef8=
2023.4.5 05:42:06#result:RESULT>OK^RESULT_CODE>000^3DSECURE>SKIPPED^RRN>309505528192^APPROVAL_CODE>452327^CARD_NUMBER>999999*********6896^AMOUNT>822000^CARDNAME>mb account^DESCRIPTION>6BBD2007064^TRANS_DATE>2023-04-05 11:42:03 AM
2023.4.5 05:42:06#31307505054206
2023.4.5 05:42:06#31307505054206
2023.4.5 05:42:06#31307505054206
2023.4.5 05:42:06#31307505054206
2023.4.5 05:42:06#31307505054206
2023.4.5 05:42:06#31307505054206
2023.4.5 05:42:06#=================== Transaction Completed =======================
2023.4.5 05:46:04#=================== Start New Transaction ===================
2023.4.5 05:46:04#txnrefnum:MBD2309101
2023.4.5 05:46:04#clientIp:202.134.8.134
2023.4.5 05:46:04#card type:6
2023.4.5 05:46:04#totalamount:202000
2023.4.5 05:46:07#result:TRANSACTION_ID:PxZwW5RZA1QkCpifbYoa57T2Deg=
2023.4.5 05:46:07#Forward to DBBL Payment Gateway Page: https://ecom1.dutchbanglabank.com/ecomm2/ClientHandler?card_type=6&trans_id=PxZwW5RZA1QkCpifbYoa57T2Deg%3D
2023.4.5 05:47:05#---------------------- Complete New Transaction---------------------
2023.4.5 05:47:05#Get trans_id From Post Value:PxZwW5RZA1QkCpifbYoa57T2Deg=
2023.4.5 05:47:05#clientIp:202.134.8.134
2023.4.5 05:47:05#trans_id:PxZwW5RZA1QkCpifbYoa57T2Deg=
2023.4.5 05:47:06#result:RESULT>OK^RESULT_CODE>000^3DSECURE>SKIPPED^RRN>309505528750^APPROVAL_CODE>532086^CARD_NUMBER>999999*********7532^AMOUNT>202000^CARDNAME>mb account^DESCRIPTION>6MBD2309101^TRANS_DATE>2023-04-05 11:47:03 AM
2023.4.5 05:47:07#40460105054706
2023.4.5 05:47:07#40460105054706
2023.4.5 05:47:07#40460105054706
2023.4.5 05:47:07#40460105054706
2023.4.5 05:47:07#=================== Transaction Completed =======================
2023.4.5 05:48:09#=================== Start New Transaction ===================
2023.4.5 05:48:09#txnrefnum:MBD2006361
2023.4.5 05:48:09#clientIp:103.157.202.0
2023.4.5 05:48:09#card type:6
2023.4.5 05:48:09#totalamount:202000
2023.4.5 05:48:12#result:TRANSACTION_ID:XygPRRqtHzegtMxbFke6kT7egIA=
2023.4.5 05:48:12#Forward to DBBL Payment Gateway Page: https://ecom1.dutchbanglabank.com/ecomm2/ClientHandler?card_type=6&trans_id=XygPRRqtHzegtMxbFke6kT7egIA%3D
2023.4.5 05:48:56#=================== Start New Transaction ===================
2023.4.5 05:48:56#txnrefnum:MBD2006361
2023.4.5 05:48:56#clientIp:103.157.202.0
2023.4.5 05:48:56#card type:6
2023.4.5 05:48:56#totalamount:202000
2023.4.5 05:48:59#result:TRANSACTION_ID:KZ9HXmuBc7Xhom2kDh1070Vhd0s=
2023.4.5 05:48:59#Forward to DBBL Payment Gateway Page: https://ecom1.dutchbanglabank.com/ecomm2/ClientHandler?card_type=6&trans_id=KZ9HXmuBc7Xhom2kDh1070Vhd0s%3D
2023.4.5 05:50:04#=================== Start New Transaction ===================
2023.4.5 05:50:04#txnrefnum:BBM2008170
2023.4.5 05:50:04#clientIp:114.130.156.91
2023.4.5 05:50:04#card type:6
2023.4.5 05:50:04#totalamount:252000
2023.4.5 05:50:07#result:TRANSACTION_ID:cu484oue9ZbYSDgdB7uWbTwwl9U=
2023.4.5 05:50:07#Forward to DBBL Payment Gateway Page: https://ecom1.dutchbanglabank.com/ecomm2/ClientHandler?card_type=6&trans_id=cu484oue9ZbYSDgdB7uWbTwwl9U%3D
2023.4.5 05:50:30#=================== Start New Transaction ===================
2023.4.5 05:50:30#txnrefnum:MBM2001079
2023.4.5 05:50:30#clientIp:116.206.255.14
2023.4.5 05:50:30#card type:6
2023.4.5 05:50:30#totalamount:1022000
2023.4.5 05:50:33#result:TRANSACTION_ID:c751K5QBlV7GzZ6qEeGa4Fp3pUA=
2023.4.5 05:50:33#Forward to DBBL Payment Gateway Page: https://ecom1.dutchbanglabank.com/ecomm2/ClientHandler?card_type=6&trans_id=c751K5QBlV7GzZ6qEeGa4Fp3pUA%3D
2023.4.5 05:50:34#---------------------- Complete New Transaction---------------------
2023.4.5 05:50:34#Get trans_id From Post Value:cu484oue9ZbYSDgdB7uWbTwwl9U=
2023.4.5 05:50:34#clientIp:114.130.156.91
2023.4.5 05:50:34#trans_id:cu484oue9ZbYSDgdB7uWbTwwl9U=
2023.4.5 05:50:35#result:RESULT>OK^RESULT_CODE>000^3DSECURE>SKIPPED^RRN>309505529196^APPROVAL_CODE>505069^CARD_NUMBER>999999*********6896^AMOUNT>252000^CARDNAME>mb account^DESCRIPTION>6BBM2008170^TRANS_DATE>2023-04-05 11:50:33 AM
2023.4.5 05:50:36#51683705055035
2023.4.5 05:50:36#51683705055035
2023.4.5 05:50:36#=================== Transaction Completed =======================
2023.4.5 05:50:39#=================== Start New Transaction ===================
2023.4.5 05:50:39#txnrefnum:MBG2109034
2023.4.5 05:50:39#clientIp:202.134.8.134
2023.4.5 05:50:39#card type:6
2023.4.5 05:50:39#totalamount:252000
2023.4.5 05:50:42#result:TRANSACTION_ID:pEgxsSmbteis5s93rfoQK3BAeQ0=
2023.4.5 05:50:42#Forward to DBBL Payment Gateway Page: https://ecom1.dutchbanglabank.com/ecomm2/ClientHandler?card_type=6&trans_id=pEgxsSmbteis5s93rfoQK3BAeQ0%3D
2023.4.5 05:50:52#---------------------- Complete New Transaction---------------------
2023.4.5 05:50:52#Get trans_id From Post Value:KZ9HXmuBc7Xhom2kDh1070Vhd0s=
2023.4.5 05:50:52#clientIp:103.157.202.0
2023.4.5 05:50:52#trans_id:KZ9HXmuBc7Xhom2kDh1070Vhd0s=
2023.4.5 05:50:53#result:RESULT>OK^RESULT_CODE>000^3DSECURE>SKIPPED^RRN>309505529242^APPROVAL_CODE>541798^CARD_NUMBER>999999*********7900^AMOUNT>202000^CARDNAME>mb account^DESCRIPTION>6MBD2006361^TRANS_DATE>2023-04-05 11:50:51 AM
2023.4.5 05:50:53#29783405055053
2023.4.5 05:50:54#29783405055053
2023.4.5 05:50:54#29783405055053
2023.4.5 05:50:54#29783405055053
2023.4.5 05:50:54#=================== Transaction Completed =======================
2023.4.5 05:50:55#---------------------- Complete New Transaction---------------------
2023.4.5 05:50:55#Get trans_id From Post Value:pEgxsSmbteis5s93rfoQK3BAeQ0=
2023.4.5 05:50:55#clientIp:202.134.8.134
2023.4.5 05:50:55#trans_id:pEgxsSmbteis5s93rfoQK3BAeQ0=
2023.4.5 05:50:57#result:RESULT>OK^RESULT_CODE>000^3DSECURE>SKIPPED^RRN>309505529254^APPROVAL_CODE>505486^CARD_NUMBER>999999*********7532^AMOUNT>252000^CARDNAME>mb account^DESCRIPTION>6MBG2109034^TRANS_DATE>2023-04-05 11:50:54 AM
2023.4.5 05:50:57#51744505055057
2023.4.5 05:50:57#51744505055057
2023.4.5 05:50:57#=================== Transaction Completed =======================
2023.4.5 05:55:27#---------------------- Complete New Transaction---------------------
2023.4.5 05:55:27#Get trans_id From Post Value:c751K5QBlV7GzZ6qEeGa4Fp3pUA=
2023.4.5 05:55:27#clientIp:116.206.255.14
2023.4.5 05:55:27#trans_id:c751K5QBlV7GzZ6qEeGa4Fp3pUA=
2023.4.5 05:55:29#result:RESULT>OK^RESULT_CODE>000^3DSECURE>SKIPPED^RRN>309505529804^APPROVAL_CODE>510875^CARD_NUMBER>999999*********5868^AMOUNT>1022000^CARDNAME>mb account^DESCRIPTION>6MBM2001079^TRANS_DATE>2023-04-05 11:55:26 AM
2023.4.5 05:55:29#36564005055529
2023.4.5 05:55:29#36564005055529
2023.4.5 05:55:29#36564005055529
2023.4.5 05:55:29#36564005055529
2023.4.5 05:55:29#36564005055529
2023.4.5 05:55:29#36564005055529
2023.4.5 05:55:29#36564005055529
2023.4.5 05:55:29#36564005055529
2023.4.5 05:55:29#36564005055529
2023.4.5 05:55:30#36564005055529
2023.4.5 05:55:30#=================== Transaction Completed =======================
2023.4.5 05:55:42#=================== Start New Transaction ===================
2023.4.5 05:55:42#txnrefnum:MBB2103013
2023.4.5 05:55:42#clientIp:202.134.8.134
2023.4.5 05:55:42#card type:6
2023.4.5 05:55:42#totalamount:202000
2023.4.5 05:55:45#result:TRANSACTION_ID:hQs6EmYrqtrjSqeWK6qVUo8akF8=
2023.4.5 05:55:45#Forward to DBBL Payment Gateway Page: https://ecom1.dutchbanglabank.com/ecomm2/ClientHandler?card_type=6&trans_id=hQs6EmYrqtrjSqeWK6qVUo8akF8%3D
2023.4.5 05:56:18#---------------------- Complete New Transaction---------------------
2023.4.5 05:56:18#Get trans_id From Post Value:hQs6EmYrqtrjSqeWK6qVUo8akF8=
2023.4.5 05:56:18#clientIp:202.134.8.134
2023.4.5 05:56:18#trans_id:hQs6EmYrqtrjSqeWK6qVUo8akF8=
2023.4.5 05:56:19#result:RESULT>OK^RESULT_CODE>000^3DSECURE>SKIPPED^RRN>309505529896^APPROVAL_CODE>557552^CARD_NUMBER>999999*********7532^AMOUNT>202000^CARDNAME>mb account^DESCRIPTION>6MBB2103013^TRANS_DATE>2023-04-05 11:56:16 AM
2023.4.5 05:56:20#47623205055619
2023.4.5 05:56:20#47623205055619
2023.4.5 05:56:20#47623205055619
2023.4.5 05:56:20#47623205055619
2023.4.5 05:56:20#=================== Transaction Completed =======================
2023.4.5 06:04:57#=================== Start New Transaction ===================
2023.4.5 06:04:57#txnrefnum:MBM2309085
2023.4.5 06:04:57#clientIp:202.134.8.134
2023.4.5 06:04:57#card type:6
2023.4.5 06:04:57#totalamount:202000
2023.4.5 06:05:00#result:TRANSACTION_ID:bZqX2DEtsFPlbzBDNw4EPSJ0AyE=
2023.4.5 06:05:00#Forward to DBBL Payment Gateway Page: https://ecom1.dutchbanglabank.com/ecomm2/ClientHandler?card_type=6&trans_id=bZqX2DEtsFPlbzBDNw4EPSJ0AyE%3D
2023.4.5 06:05:26#---------------------- Complete New Transaction---------------------
2023.4.5 06:05:26#Get trans_id From Post Value:bZqX2DEtsFPlbzBDNw4EPSJ0AyE=
2023.4.5 06:05:26#clientIp:202.134.8.134
2023.4.5 06:05:26#trans_id:bZqX2DEtsFPlbzBDNw4EPSJ0AyE=
2023.4.5 06:05:28#result:RESULT>OK^RESULT_CODE>000^3DSECURE>SKIPPED^RRN>309506530910^APPROVAL_CODE>595585^CARD_NUMBER>999999*********7532^AMOUNT>202000^CARDNAME>mb account^DESCRIPTION>6MBM2309085^TRANS_DATE>2023-04-05 12:05:25 PM
2023.4.5 06:05:28#40827305060528
2023.4.5 06:05:28#40827305060528
2023.4.5 06:05:28#40827305060528
2023.4.5 06:05:28#40827305060528
2023.4.5 06:05:28#=================== Transaction Completed =======================
2023.4.5 06:06:33#=================== Start New Transaction ===================
2023.4.5 06:06:33#txnrefnum:MBM2008032
2023.4.5 06:06:33#clientIp:202.134.8.134
2023.4.5 06:06:33#card type:6
2023.4.5 06:06:33#totalamount:252000
2023.4.5 06:06:35#result:TRANSACTION_ID:NOHBeNqxRnA4ylUT0OwXwuusYVE=
2023.4.5 06:06:35#Forward to DBBL Payment Gateway Page: https://ecom1.dutchbanglabank.com/ecomm2/ClientHandler?card_type=6&trans_id=NOHBeNqxRnA4ylUT0OwXwuusYVE%3D
2023.4.5 06:07:18#---------------------- Complete New Transaction---------------------
2023.4.5 06:07:18#Get trans_id From Post Value:NOHBeNqxRnA4ylUT0OwXwuusYVE=
2023.4.5 06:07:18#clientIp:202.134.8.134
2023.4.5 06:07:18#trans_id:NOHBeNqxRnA4ylUT0OwXwuusYVE=
2023.4.5 06:07:20#result:RESULT>OK^RESULT_CODE>000^3DSECURE>SKIPPED^RRN>309506531164^APPROVAL_CODE>676063^CARD_NUMBER>999999*********7532^AMOUNT>252000^CARDNAME>mb account^DESCRIPTION>6MBM2008032^TRANS_DATE>2023-04-05 12:07:17 PM
2023.4.5 06:07:20#51732705060720
2023.4.5 06:07:20#51732705060720
2023.4.5 06:07:20#=================== Transaction Completed =======================
2023.4.5 06:08:27#=================== Start New Transaction ===================
2023.4.5 06:08:27#txnrefnum:MBM2008067
2023.4.5 06:08:27#clientIp:202.134.8.134
2023.4.5 06:08:27#card type:6
2023.4.5 06:08:27#totalamount:252000
2023.4.5 06:08:27#=================== Start New Transaction ===================
2023.4.5 06:08:27#txnrefnum:MBM2008067
2023.4.5 06:08:27#clientIp:202.134.8.134
2023.4.5 06:08:27#card type:6
2023.4.5 06:08:27#totalamount:252000
2023.4.5 06:08:30#result:TRANSACTION_ID:dfQa1Wh0QpX0zgqUgszQlRmhE2s=
2023.4.5 06:08:30#result:TRANSACTION_ID:190j1zKFx60Ga4uZU1jP7i2CRr0=
2023.4.5 06:08:30#Forward to DBBL Payment Gateway Page: https://ecom1.dutchbanglabank.com/ecomm2/ClientHandler?card_type=6&trans_id=dfQa1Wh0QpX0zgqUgszQlRmhE2s%3D
2023.4.5 06:08:30#Forward to DBBL Payment Gateway Page: https://ecom1.dutchbanglabank.com/ecomm2/ClientHandler?card_type=6&trans_id=190j1zKFx60Ga4uZU1jP7i2CRr0%3D
2023.4.5 06:09:02#---------------------- Complete New Transaction---------------------
2023.4.5 06:09:02#Get trans_id From Post Value:dfQa1Wh0QpX0zgqUgszQlRmhE2s=
2023.4.5 06:09:02#clientIp:202.134.8.134
2023.4.5 06:09:02#trans_id:dfQa1Wh0QpX0zgqUgszQlRmhE2s=
2023.4.5 06:09:04#result:RESULT>OK^RESULT_CODE>000^3DSECURE>SKIPPED^RRN>309506531342^APPROVAL_CODE>680737^CARD_NUMBER>999999*********7532^AMOUNT>252000^CARDNAME>mb account^DESCRIPTION>6MBM2008067^TRANS_DATE>2023-04-05 12:09:01 PM
2023.4.5 06:09:04#51734605060904
2023.4.5 06:09:04#51734605060904
2023.4.5 06:09:04#=================== Transaction Completed =======================
2023.4.5 06:11:33#=================== Start New Transaction ===================
2023.4.5 06:11:33#txnrefnum:MBM2007143
2023.4.5 06:11:33#clientIp:202.134.8.134
2023.4.5 06:11:33#card type:6
2023.4.5 06:11:33#totalamount:102000
2023.4.5 06:11:35#result:TRANSACTION_ID:7DNhuJWBWMEdfNPzxQ6uadr1Bos=
2023.4.5 06:11:35#Forward to DBBL Payment Gateway Page: https://ecom1.dutchbanglabank.com/ecomm2/ClientHandler?card_type=6&trans_id=7DNhuJWBWMEdfNPzxQ6uadr1Bos%3D
2023.4.5 06:11:39#=================== Start New Transaction ===================
2023.4.5 06:11:39#txnrefnum:BBM2007001
2023.4.5 06:11:39#clientIp:103.147.106.22
2023.4.5 06:11:39#card type:6
2023.4.5 06:11:39#totalamount:822000
2023.4.5 06:11:41#result:TRANSACTION_ID:kRu4QGHnIxrcBrKTsERpLkSAwTY=
2023.4.5 06:11:42#Forward to DBBL Payment Gateway Page: https://ecom1.dutchbanglabank.com/ecomm2/ClientHandler?card_type=6&trans_id=kRu4QGHnIxrcBrKTsERpLkSAwTY%3D
2023.4.5 06:11:54#---------------------- Complete New Transaction---------------------
2023.4.5 06:11:54#Get trans_id From Post Value:7DNhuJWBWMEdfNPzxQ6uadr1Bos=
2023.4.5 06:11:54#clientIp:202.134.8.134
2023.4.5 06:11:54#trans_id:7DNhuJWBWMEdfNPzxQ6uadr1Bos=
2023.4.5 06:11:56#result:RESULT>OK^RESULT_CODE>000^3DSECURE>SKIPPED^RRN>309506531690^APPROVAL_CODE>690585^CARD_NUMBER>999999*********7532^AMOUNT>102000^CARDNAME>mb account^DESCRIPTION>6MBM2007143^TRANS_DATE>2023-04-05 12:11:53 PM
2023.4.5 06:11:56#38478005061156
2023.4.5 06:11:56#38478005061156
2023.4.5 06:11:56#=================== Transaction Completed =======================
2023.4.5 06:12:21#---------------------- Complete New Transaction---------------------
2023.4.5 06:12:21#Get trans_id From Post Value:kRu4QGHnIxrcBrKTsERpLkSAwTY=
2023.4.5 06:12:21#clientIp:103.147.106.22
2023.4.5 06:12:21#trans_id:kRu4QGHnIxrcBrKTsERpLkSAwTY=
2023.4.5 06:12:23#result:RESULT>OK^RESULT_CODE>000^3DSECURE>SKIPPED^RRN>309506531760^APPROVAL_CODE>691858^CARD_NUMBER>999999*********0313^AMOUNT>822000^CARDNAME>mb account^DESCRIPTION>6BBM2007001^TRANS_DATE>2023-04-05 12:12:20 PM
2023.4.5 06:12:23#31339605061223
2023.4.5 06:12:23#31339605061223
2023.4.5 06:12:23#31339605061223
2023.4.5 06:12:23#31339605061223
2023.4.5 06:12:23#31339605061223
2023.4.5 06:12:23#31339605061223
2023.4.5 06:12:23#=================== Transaction Completed =======================
2023.4.5 06:21:36#=================== Start New Transaction ===================
2023.4.5 06:21:36#txnrefnum:MEM2003034
2023.4.5 06:21:36#clientIp:202.134.8.134
2023.4.5 06:21:36#card type:6
2023.4.5 06:21:36#totalamount:922000
2023.4.5 06:21:39#result:TRANSACTION_ID:cYYk7iPdoS27j3YSeLoDSZczjJE=
2023.4.5 06:21:39#Forward to DBBL Payment Gateway Page: https://ecom1.dutchbanglabank.com/ecomm2/ClientHandler?card_type=6&trans_id=cYYk7iPdoS27j3YSeLoDSZczjJE%3D
2023.4.5 06:24:32#=================== Start New Transaction ===================
2023.4.5 06:24:32#txnrefnum:MEM2203547
2023.4.5 06:24:32#clientIp:202.134.8.134
2023.4.5 06:24:32#card type:6
2023.4.5 06:24:32#totalamount:392000
2023.4.5 06:24:35#result:TRANSACTION_ID:fdD4Jz9AD5r1JxfUC4zKfGqlS8Q=
2023.4.5 06:24:35#Forward to DBBL Payment Gateway Page: https://ecom1.dutchbanglabank.com/ecomm2/ClientHandler?card_type=6&trans_id=fdD4Jz9AD5r1JxfUC4zKfGqlS8Q%3D
2023.4.5 06:24:48#---------------------- Complete New Transaction---------------------
2023.4.5 06:24:48#Get trans_id From Post Value:fdD4Jz9AD5r1JxfUC4zKfGqlS8Q=
2023.4.5 06:24:48#clientIp:202.134.8.134
2023.4.5 06:24:48#trans_id:fdD4Jz9AD5r1JxfUC4zKfGqlS8Q=
2023.4.5 06:24:50#result:RESULT>OK^RESULT_CODE>000^3DSECURE>SKIPPED^RRN>309506533367^APPROVAL_CODE>661206^CARD_NUMBER>999999*********7532^AMOUNT>392000^CARDNAME>mb account^DESCRIPTION>6MEM2203547^TRANS_DATE>2023-04-05 12:24:47 PM
2023.4.5 06:24:50#46875305062450
2023.4.5 06:24:50#46875305062450
2023.4.5 06:24:50#46875305062450
2023.4.5 06:24:51#46875305062450
2023.4.5 06:24:51#46875305062450
2023.4.5 06:24:51#46875305062450
2023.4.5 06:24:51#=================== Transaction Completed =======================
2023.4.5 06:26:02#=================== Start New Transaction ===================
2023.4.5 06:26:02#txnrefnum:MEM2003034
2023.4.5 06:26:02#clientIp:202.134.8.134
2023.4.5 06:26:02#card type:6
2023.4.5 06:26:02#totalamount:922000
2023.4.5 06:26:05#result:TRANSACTION_ID:vOQIo7QRRswSSSjPToWrFj1Sf8A=
2023.4.5 06:26:05#Forward to DBBL Payment Gateway Page: https://ecom1.dutchbanglabank.com/ecomm2/ClientHandler?card_type=6&trans_id=vOQIo7QRRswSSSjPToWrFj1Sf8A%3D
2023.4.5 06:26:43#---------------------- Complete New Transaction---------------------
2023.4.5 06:26:43#Get trans_id From Post Value:vOQIo7QRRswSSSjPToWrFj1Sf8A=
2023.4.5 06:26:43#clientIp:202.134.8.134
2023.4.5 06:26:43#trans_id:vOQIo7QRRswSSSjPToWrFj1Sf8A=
2023.4.5 06:26:45#result:RESULT>OK^RESULT_CODE>000^3DSECURE>SKIPPED^RRN>309506533611^APPROVAL_CODE>664814^CARD_NUMBER>999999*********7532^AMOUNT>922000^CARDNAME>mb account^DESCRIPTION>6MEM2003034^TRANS_DATE>2023-04-05 12:26:42 PM
2023.4.5 06:26:45#36750505062645
2023.4.5 06:26:45#36750505062645
2023.4.5 06:26:45#36750505062645
2023.4.5 06:26:45#36750505062645
2023.4.5 06:26:45#=================== Transaction Completed =======================
2023.4.5 06:46:41#=================== Start New Transaction ===================
2023.4.5 06:46:41#txnrefnum:MBD2008272
2023.4.5 06:46:41#clientIp:103.149.56.20
2023.4.5 06:46:41#card type:6
2023.4.5 06:46:41#totalamount:252000
2023.4.5 06:46:43#result:TRANSACTION_ID:rJKsfaO9OOgIzaeVSyfwnmG0McQ=
2023.4.5 06:46:43#Forward to DBBL Payment Gateway Page: https://ecom1.dutchbanglabank.com/ecomm2/ClientHandler?card_type=6&trans_id=rJKsfaO9OOgIzaeVSyfwnmG0McQ%3D
2023.4.5 09:39:24#=================== Start New Transaction ===================
2023.4.5 09:39:24#txnrefnum:MBG2109005
2023.4.5 09:39:24#clientIp:103.177.242.9
2023.4.5 09:39:24#card type:6
2023.4.5 09:39:24#totalamount:252000
2023.4.5 09:39:27#result:TRANSACTION_ID:6XUGAEUMBoD2PIpeR2t8bGZ70Po=
2023.4.5 09:39:28#Forward to DBBL Payment Gateway Page: https://ecom1.dutchbanglabank.com/ecomm2/ClientHandler?card_type=6&trans_id=6XUGAEUMBoD2PIpeR2t8bGZ70Po%3D
2023.4.5 09:40:30#---------------------- Complete New Transaction---------------------
2023.4.5 09:40:30#Get trans_id From Post Value:6XUGAEUMBoD2PIpeR2t8bGZ70Po=
2023.4.5 09:40:30#clientIp:103.177.242.9
2023.4.5 09:40:30#trans_id:6XUGAEUMBoD2PIpeR2t8bGZ70Po=
2023.4.5 09:40:32#result:RESULT>FAILED^RESULT_CODE>116^3DSECURE>SKIPPED^RRN>309509555346^APPROVAL_CODE>0^CARD_NUMBER>999999*********2488^AMOUNT>252000^CARDNAME>mb account^DESCRIPTION>6MBG2109005^TRANS_DATE>2023-04-05 03:40:29 PM
2023.4.5 09:40:32#Not Sufficient Amount
2023.4.5 09:41:07#=================== Start New Transaction ===================
2023.4.5 09:41:07#txnrefnum:MBG2109005
2023.4.5 09:41:07#clientIp:103.177.242.9
2023.4.5 09:41:07#card type:6
2023.4.5 09:41:07#totalamount:252000
2023.4.5 09:41:10#result:TRANSACTION_ID:NunPDLYILXvpvak5LNKMINufLCM=
2023.4.5 09:41:10#Forward to DBBL Payment Gateway Page: https://ecom1.dutchbanglabank.com/ecomm2/ClientHandler?card_type=6&trans_id=NunPDLYILXvpvak5LNKMINufLCM%3D
2023.4.5 09:41:46#---------------------- Complete New Transaction---------------------
2023.4.5 09:41:46#Get trans_id From Post Value:NunPDLYILXvpvak5LNKMINufLCM=
2023.4.5 09:41:46#clientIp:103.177.242.9
2023.4.5 09:41:46#trans_id:NunPDLYILXvpvak5LNKMINufLCM=
2023.4.5 09:41:50#result:RESULT>OK^RESULT_CODE>000^3DSECURE>SKIPPED^RRN>309509555481^APPROVAL_CODE>727532^CARD_NUMBER>999999*********2488^AMOUNT>252000^CARDNAME>mb account^DESCRIPTION>6MBG2109005^TRANS_DATE>2023-04-05 03:41:45 PM
2023.4.5 09:41:50#51736505094150
2023.4.5 09:41:50#51736505094150
2023.4.5 09:41:50#=================== Transaction Completed =======================
2023.4.5 10:16:21#=================== Start New Transaction ===================
2023.4.5 10:16:21#txnrefnum:MSC23111103
2023.4.5 10:16:21#clientIp:103.143.138.44
2023.4.5 10:16:21#card type:6
2023.4.5 10:16:21#totalamount:2000
2023.4.5 10:16:24#result:TRANSACTION_ID:EMwIsFy7ztNLxoaOGgeUUcV6XCw=
2023.4.5 10:16:46#=================== Start New Transaction ===================
2023.4.5 10:16:46#txnrefnum:MSC23111103
2023.4.5 10:16:46#clientIp:103.143.138.44
2023.4.5 10:16:46#card type:6
2023.4.5 10:16:46#totalamount:2000
2023.4.5 10:16:49#result:TRANSACTION_ID:HY8eOVvN8QihAPUojxNGXVe0ufg=
2023.4.5 10:17:06#=================== Start New Transaction ===================
2023.4.5 10:17:06#txnrefnum:MSC23111103
2023.4.5 10:17:06#clientIp:103.143.138.44
2023.4.5 10:17:06#card type:6
2023.4.5 10:17:06#totalamount:182000
2023.4.5 10:17:09#result:TRANSACTION_ID:8JDzDe9sjAFEYV1kNpsEBpoYts8=
2023.4.5 10:17:09#Forward to DBBL Payment Gateway Page: https://ecom1.dutchbanglabank.com/ecomm2/ClientHandler?card_type=6&trans_id=8JDzDe9sjAFEYV1kNpsEBpoYts8%3D
2023.4.5 10:17:41#---------------------- Complete New Transaction---------------------
2023.4.5 10:17:41#Get trans_id From Post Value:8JDzDe9sjAFEYV1kNpsEBpoYts8=
2023.4.5 10:17:41#clientIp:103.143.138.44
2023.4.5 10:17:41#trans_id:8JDzDe9sjAFEYV1kNpsEBpoYts8=
2023.4.5 10:17:43#result:RESULT>OK^RESULT_CODE>000^3DSECURE>SKIPPED^RRN>309510559094^APPROVAL_CODE>812643^CARD_NUMBER>999999*********5481^AMOUNT>182000^CARDNAME>mb account^DESCRIPTION>6MSC23111103^TRANS_DATE>2023-04-05 04:17:40 PM
2023.4.5 10:17:43#52141605101743
2023.4.5 10:17:43#52141605101743
2023.4.5 10:17:43#=================== Transaction Completed =======================
2023.4.5 10:18:19#=================== Start New Transaction ===================
2023.4.5 10:18:19#txnrefnum:MBB2101521
2023.4.5 10:18:19#clientIp:103.183.69.53
2023.4.5 10:18:19#card type:6
2023.4.5 10:18:19#totalamount:102000
2023.4.5 10:18:22#result:TRANSACTION_ID:HmTyXVOvoalFpWkPMdoCMsrHUcI=
2023.4.5 10:18:22#Forward to DBBL Payment Gateway Page: https://ecom1.dutchbanglabank.com/ecomm2/ClientHandler?card_type=6&trans_id=HmTyXVOvoalFpWkPMdoCMsrHUcI%3D
2023.4.5 10:18:24#=================== Start New Transaction ===================
2023.4.5 10:18:24#txnrefnum:MBB2101521
2023.4.5 10:18:24#clientIp:103.183.69.53
2023.4.5 10:18:24#card type:6
2023.4.5 10:18:24#totalamount:102000
2023.4.5 10:18:26#=================== Start New Transaction ===================
2023.4.5 10:18:26#txnrefnum:MBB2101521
2023.4.5 10:18:26#clientIp:103.183.69.53
2023.4.5 10:18:26#card type:6
2023.4.5 10:18:26#totalamount:102000
2023.4.5 10:18:27#result:TRANSACTION_ID:fBozU7HSrCPBNzfmfjLHBXKkjdk=
2023.4.5 10:18:27#Forward to DBBL Payment Gateway Page: https://ecom1.dutchbanglabank.com/ecomm2/ClientHandler?card_type=6&trans_id=fBozU7HSrCPBNzfmfjLHBXKkjdk%3D
2023.4.5 10:18:29#result:TRANSACTION_ID:QpB9siePbYENkkmPzhUQkOZGScs=
2023.4.5 10:18:29#Forward to DBBL Payment Gateway Page: https://ecom1.dutchbanglabank.com/ecomm2/ClientHandler?card_type=6&trans_id=QpB9siePbYENkkmPzhUQkOZGScs%3D
2023.4.5 10:22:15#=================== Start New Transaction ===================
2023.4.5 10:22:15#txnrefnum:MBD2007399
2023.4.5 10:22:15#clientIp:103.183.69.53
2023.4.5 10:22:15#card type:6
2023.4.5 10:22:15#totalamount:102000
2023.4.5 10:22:18#result:TRANSACTION_ID:CVkoA9p17XSrfTb19zeJWyBTs1E=
2023.4.5 10:22:18#Forward to DBBL Payment Gateway Page: https://ecom1.dutchbanglabank.com/ecomm2/ClientHandler?card_type=6&trans_id=CVkoA9p17XSrfTb19zeJWyBTs1E%3D
2023.4.5 10:22:19#=================== Start New Transaction ===================
2023.4.5 10:22:19#txnrefnum:MBD2007399
2023.4.5 10:22:19#clientIp:103.183.69.53
2023.4.5 10:22:19#card type:6
2023.4.5 10:22:19#totalamount:102000
2023.4.5 10:22:22#result:TRANSACTION_ID:piPPpuVzwsDiUyBacboReISwMYg=
2023.4.5 10:22:22#=================== Start New Transaction ===================
2023.4.5 10:22:22#txnrefnum:MBD2007399
2023.4.5 10:22:22#clientIp:103.183.69.53
2023.4.5 10:22:22#card type:6
2023.4.5 10:22:22#totalamount:102000
2023.4.5 10:22:22#Forward to DBBL Payment Gateway Page: https://ecom1.dutchbanglabank.com/ecomm2/ClientHandler?card_type=6&trans_id=piPPpuVzwsDiUyBacboReISwMYg%3D
2023.4.5 10:22:25#=================== Start New Transaction ===================
2023.4.5 10:22:25#txnrefnum:MBD2007399
2023.4.5 10:22:25#clientIp:103.183.69.53
2023.4.5 10:22:25#card type:6
2023.4.5 10:22:25#totalamount:102000
2023.4.5 10:22:25#result:TRANSACTION_ID:PfFPYGUFhrNp8YC41RamNf92Iic=
2023.4.5 10:22:25#Forward to DBBL Payment Gateway Page: https://ecom1.dutchbanglabank.com/ecomm2/ClientHandler?card_type=6&trans_id=PfFPYGUFhrNp8YC41RamNf92Iic%3D
2023.4.5 10:22:27#result:TRANSACTION_ID:PgWp7tnuB2mBM267nxbssUoSGGg=
2023.4.5 10:22:28#Forward to DBBL Payment Gateway Page: https://ecom1.dutchbanglabank.com/ecomm2/ClientHandler?card_type=6&trans_id=PgWp7tnuB2mBM267nxbssUoSGGg%3D
2023.4.5 10:22:28#=================== Start New Transaction ===================
2023.4.5 10:22:28#txnrefnum:MBD2007399
2023.4.5 10:22:28#clientIp:103.183.69.53
2023.4.5 10:22:28#card type:6
2023.4.5 10:22:28#totalamount:102000
2023.4.5 10:22:31#result:TRANSACTION_ID:TGqkHokdaAzmOyoakjkzFV5aXuc=
2023.4.5 10:22:31#Forward to DBBL Payment Gateway Page: https://ecom1.dutchbanglabank.com/ecomm2/ClientHandler?card_type=6&trans_id=TGqkHokdaAzmOyoakjkzFV5aXuc%3D
2023.4.5 10:24:45#---------------------- Complete New Transaction---------------------
2023.4.5 10:24:45#Get trans_id From Post Value:TGqkHokdaAzmOyoakjkzFV5aXuc=
2023.4.5 10:24:45#clientIp:103.183.69.53
2023.4.5 10:24:45#trans_id:TGqkHokdaAzmOyoakjkzFV5aXuc=
2023.4.5 10:24:47#result:RESULT>OK^RESULT_CODE>000^3DSECURE>SKIPPED^RRN>309510559888^APPROVAL_CODE>928017^CARD_NUMBER>999999*********1457^AMOUNT>102000^CARDNAME>mb account^DESCRIPTION>6MBD2007399^TRANS_DATE>2023-04-05 04:24:44 PM
2023.4.5 10:24:47#37921205102447
2023.4.5 10:24:47#37921205102447
2023.4.5 10:24:47#=================== Transaction Completed =======================
2023.4.5 10:25:58#=================== Start New Transaction ===================
2023.4.5 10:25:58#txnrefnum:MBB2101521
2023.4.5 10:25:58#clientIp:103.183.69.53
2023.4.5 10:25:58#card type:6
2023.4.5 10:25:58#totalamount:102000
2023.4.5 10:26:01#result:TRANSACTION_ID:HSJNz26dC5V9nSTY01tb8XgzG0A=
2023.4.5 10:26:01#Forward to DBBL Payment Gateway Page: https://ecom1.dutchbanglabank.com/ecomm2/ClientHandler?card_type=6&trans_id=HSJNz26dC5V9nSTY01tb8XgzG0A%3D
2023.4.5 10:27:46#---------------------- Complete New Transaction---------------------
2023.4.5 10:27:46#Get trans_id From Post Value:HSJNz26dC5V9nSTY01tb8XgzG0A=
2023.4.5 10:27:46#clientIp:103.183.69.53
2023.4.5 10:27:46#trans_id:HSJNz26dC5V9nSTY01tb8XgzG0A=
2023.4.5 10:27:48#result:RESULT>OK^RESULT_CODE>000^3DSECURE>SKIPPED^RRN>309510560201^APPROVAL_CODE>936109^CARD_NUMBER>999999*********1457^AMOUNT>102000^CARDNAME>mb account^DESCRIPTION>6MBB2101521^TRANS_DATE>2023-04-05 04:27:45 PM
2023.4.5 10:27:48#50784005102748
2023.4.5 10:27:48#50784005102748
2023.4.5 10:27:48#=================== Transaction Completed =======================
2023.4.5 11:09:00#=================== Start New Transaction ===================
2023.4.5 11:09:00#txnrefnum:MBG2101014
2023.4.5 11:09:00#clientIp:43.224.108.37
2023.4.5 11:09:00#card type:6
2023.4.5 11:09:00#totalamount:2000
2023.4.5 11:09:02#result:TRANSACTION_ID:8c6PxmjigulalWWVUOBTKWiByNg=
2023.4.5 11:09:03#Forward to DBBL Payment Gateway Page: https://ecom1.dutchbanglabank.com/ecomm2/ClientHandler?card_type=6&trans_id=8c6PxmjigulalWWVUOBTKWiByNg%3D
2023.4.5 11:09:03#=================== Start New Transaction ===================
2023.4.5 11:09:03#txnrefnum:MBG2101014
2023.4.5 11:09:03#clientIp:43.224.108.37
2023.4.5 11:09:03#card type:6
2023.4.5 11:09:03#totalamount:2000
2023.4.5 11:09:06#result:TRANSACTION_ID:RJEsPoKznrTgf5vUYHpzRtkPzxE=
2023.4.5 11:09:06#Forward to DBBL Payment Gateway Page: https://ecom1.dutchbanglabank.com/ecomm2/ClientHandler?card_type=6&trans_id=RJEsPoKznrTgf5vUYHpzRtkPzxE%3D
2023.4.5 11:09:49#=================== Start New Transaction ===================
2023.4.5 11:09:49#txnrefnum:MBG2101014
2023.4.5 11:09:49#clientIp:43.224.108.37
2023.4.5 11:09:49#card type:6
2023.4.5 11:09:49#totalamount:202000
2023.4.5 11:09:52#result:TRANSACTION_ID:SDSSUR4kPaL5fJYMdZALCMPAmOE=
2023.4.5 11:09:52#Forward to DBBL Payment Gateway Page: https://ecom1.dutchbanglabank.com/ecomm2/ClientHandler?card_type=6&trans_id=SDSSUR4kPaL5fJYMdZALCMPAmOE%3D
2023.4.5 11:10:34#---------------------- Complete New Transaction---------------------
2023.4.5 11:10:34#Get trans_id From Post Value:SDSSUR4kPaL5fJYMdZALCMPAmOE=
2023.4.5 11:10:34#clientIp:43.224.108.37
2023.4.5 11:10:34#trans_id:SDSSUR4kPaL5fJYMdZALCMPAmOE=
2023.4.5 11:10:36#result:RESULT>OK^RESULT_CODE>000^3DSECURE>SKIPPED^RRN>309511564350^APPROVAL_CODE>069510^CARD_NUMBER>999999*********5558^AMOUNT>202000^CARDNAME>mb account^DESCRIPTION>6MBG2101014^TRANS_DATE>2023-04-05 05:10:33 PM
2023.4.5 11:10:36#50838905111036
2023.4.5 11:10:36#50838905111036
2023.4.5 11:10:36#50838905111036
2023.4.5 11:10:36#50838905111036
2023.4.5 11:10:36#=================== Transaction Completed =======================
2023.4.5 11:19:28#=================== Start New Transaction ===================
2023.4.5 11:19:28#txnrefnum:MBD2306293
2023.4.5 11:19:28#clientIp:103.43.149.196
2023.4.5 11:19:28#card type:6
2023.4.5 11:19:28#totalamount:102000
2023.4.5 11:19:30#result:TRANSACTION_ID:3XFwzroVbA84Sq9SBPkF0FgfNeQ=
2023.4.5 11:19:31#Forward to DBBL Payment Gateway Page: https://ecom1.dutchbanglabank.com/ecomm2/ClientHandler?card_type=6&trans_id=3XFwzroVbA84Sq9SBPkF0FgfNeQ%3D
2023.4.5 11:21:52#---------------------- Complete New Transaction---------------------
2023.4.5 11:21:52#Get trans_id From Post Value:3XFwzroVbA84Sq9SBPkF0FgfNeQ=
2023.4.5 11:21:52#clientIp:103.43.149.196
2023.4.5 11:21:52#trans_id:3XFwzroVbA84Sq9SBPkF0FgfNeQ=
2023.4.5 11:21:54#result:RESULT>OK^RESULT_CODE>000^3DSECURE>SKIPPED^RRN>309511565458^APPROVAL_CODE>199575^CARD_NUMBER>999999*********7495^AMOUNT>102000^CARDNAME>mb account^DESCRIPTION>6MBD2306293^TRANS_DATE>2023-04-05 05:21:51 PM
2023.4.5 11:21:54#45372005112154
2023.4.5 11:21:54#45372005112154
2023.4.5 11:21:54#=================== Transaction Completed =======================
2023.4.5 12:16:34#=================== Start New Transaction ===================
2023.4.5 12:16:34#txnrefnum:BBD2008199
2023.4.5 12:16:34#clientIp:103.144.48.132
2023.4.5 12:16:34#card type:6
2023.4.5 12:16:34#totalamount:252000
2023.4.5 12:16:37#result:TRANSACTION_ID:HSKKPfiWZyjs3sQS4vzPHPZc4YQ=
2023.4.5 12:16:37#Forward to DBBL Payment Gateway Page: https://ecom1.dutchbanglabank.com/ecomm2/ClientHandler?card_type=6&trans_id=HSKKPfiWZyjs3sQS4vzPHPZc4YQ%3D
2023.4.5 12:17:16#---------------------- Complete New Transaction---------------------
2023.4.5 12:17:16#Get trans_id From Post Value:HSKKPfiWZyjs3sQS4vzPHPZc4YQ=
2023.4.5 12:17:16#clientIp:103.144.48.132
2023.4.5 12:17:16#trans_id:HSKKPfiWZyjs3sQS4vzPHPZc4YQ=
2023.4.5 12:17:18#result:RESULT>FAILED^RESULT_CODE>116^3DSECURE>SKIPPED^RRN>309512570275^APPROVAL_CODE>0^CARD_NUMBER>999999*********3481^AMOUNT>252000^CARDNAME>mb account^DESCRIPTION>6BBD2008199^TRANS_DATE>2023-04-05 06:17:15 PM
2023.4.5 12:17:18#Not Sufficient Amount
2023.4.5 12:53:54#=================== Start New Transaction ===================
2023.4.5 12:53:54#txnrefnum:BBD2008199
2023.4.5 12:53:54#clientIp:103.144.48.132
2023.4.5 12:53:54#card type:6
2023.4.5 12:53:54#totalamount:252000
2023.4.5 12:53:57#result:TRANSACTION_ID:ysR3zBgBYuLTXDW9JxzXqGzFlC4=
2023.4.5 12:53:57#Forward to DBBL Payment Gateway Page: https://ecom1.dutchbanglabank.com/ecomm2/ClientHandler?card_type=6&trans_id=ysR3zBgBYuLTXDW9JxzXqGzFlC4%3D
2023.4.5 12:54:33#---------------------- Complete New Transaction---------------------
2023.4.5 12:54:33#Get trans_id From Post Value:ysR3zBgBYuLTXDW9JxzXqGzFlC4=
2023.4.5 12:54:33#clientIp:103.144.48.132
2023.4.5 12:54:33#trans_id:ysR3zBgBYuLTXDW9JxzXqGzFlC4=
2023.4.5 12:54:35#result:RESULT>OK^RESULT_CODE>000^3DSECURE>SKIPPED^RRN>309512571798^APPROVAL_CODE>676849^CARD_NUMBER>999999*********3481^AMOUNT>252000^CARDNAME>mb account^DESCRIPTION>6BBD2008199^TRANS_DATE>2023-04-05 06:54:32 PM
2023.4.5 12:54:35#51654805125435
2023.4.5 12:54:35#51654805125435
2023.4.5 12:54:35#=================== Transaction Completed =======================
2023.4.5 13:06:05#=================== Start New Transaction ===================
2023.4.5 13:06:05#txnrefnum:BBM2201125
2023.4.5 13:06:05#clientIp:103.159.127.19
2023.4.5 13:06:05#card type:6
2023.4.5 13:06:05#totalamount:2000
2023.4.5 13:06:08#result:TRANSACTION_ID:5sLGVPkvC9WZo35OiNsiNpxlPi0=
2023.4.5 13:06:08#Forward to DBBL Payment Gateway Page: https://ecom1.dutchbanglabank.com/ecomm2/ClientHandler?card_type=6&trans_id=5sLGVPkvC9WZo35OiNsiNpxlPi0%3D
2023.4.5 13:06:18#=================== Start New Transaction ===================
2023.4.5 13:06:18#txnrefnum:BBM2201125
2023.4.5 13:06:18#clientIp:103.159.127.19
2023.4.5 13:06:18#card type:6
2023.4.5 13:06:18#totalamount:2000
2023.4.5 13:06:20#result:TRANSACTION_ID:MBr1zBQVpYyd4YIDYlIIimAcFhI=
2023.4.5 13:06:21#Forward to DBBL Payment Gateway Page: https://ecom1.dutchbanglabank.com/ecomm2/ClientHandler?card_type=6&trans_id=MBr1zBQVpYyd4YIDYlIIimAcFhI%3D
2023.4.5 13:16:25#=================== Start New Transaction ===================
2023.4.5 13:16:25#txnrefnum:MBM2209247
2023.4.5 13:16:25#clientIp:103.58.75.10
2023.4.5 13:16:25#card type:6
2023.4.5 13:16:25#totalamount:302000
2023.4.5 13:16:29#result:TRANSACTION_ID:awGzQSLlNJHDdbheUfTdxSL7I1c=
2023.4.5 13:16:29#Forward to DBBL Payment Gateway Page: https://ecom1.dutchbanglabank.com/ecomm2/ClientHandler?card_type=6&trans_id=awGzQSLlNJHDdbheUfTdxSL7I1c%3D
2023.4.5 13:17:25#---------------------- Complete New Transaction---------------------
2023.4.5 13:17:25#Get trans_id From Post Value:awGzQSLlNJHDdbheUfTdxSL7I1c=
2023.4.5 13:17:25#clientIp:103.58.75.10
2023.4.5 13:17:25#trans_id:awGzQSLlNJHDdbheUfTdxSL7I1c=
2023.4.5 13:17:26#result:RESULT>OK^RESULT_CODE>000^3DSECURE>SKIPPED^RRN>309513573790^APPROVAL_CODE>838859^CARD_NUMBER>999999*********1830^AMOUNT>302000^CARDNAME>mb account^DESCRIPTION>6MBM2209247^TRANS_DATE>2023-04-05 07:17:23 PM
2023.4.5 13:17:27#38772905011726
2023.4.5 13:17:27#38772905011726
2023.4.5 13:17:27#38772905011726
2023.4.5 13:17:27#38772905011726
2023.4.5 13:17:27#38772905011726
2023.4.5 13:17:27#38772905011726
2023.4.5 13:17:27#=================== Transaction Completed =======================
2023.4.5 13:46:34#=================== Start New Transaction ===================
2023.4.5 13:46:34#txnrefnum:MSC22110522
2023.4.5 13:46:34#clientIp:116.206.253.174
2023.4.5 13:46:34#card type:6
2023.4.5 13:46:34#totalamount:266000
2023.4.5 13:46:36#result:TRANSACTION_ID:MNR5FEyXPus7fbJo3WRzRnQKKnU=
2023.4.5 13:46:37#Forward to DBBL Payment Gateway Page: https://ecom1.dutchbanglabank.com/ecomm2/ClientHandler?card_type=6&trans_id=MNR5FEyXPus7fbJo3WRzRnQKKnU%3D
2023.4.5 13:47:31#---------------------- Complete New Transaction---------------------
2023.4.5 13:47:31#Get trans_id From Post Value:MNR5FEyXPus7fbJo3WRzRnQKKnU=
2023.4.5 13:47:31#clientIp:116.206.253.174
2023.4.5 13:47:31#trans_id:MNR5FEyXPus7fbJo3WRzRnQKKnU=
2023.4.5 13:47:33#result:RESULT>OK^RESULT_CODE>000^3DSECURE>SKIPPED^RRN>309513576979^APPROVAL_CODE>022544^CARD_NUMBER>999999*********2274^AMOUNT>266000^CARDNAME>mb account^DESCRIPTION>6MSC22110522^TRANS_DATE>2023-04-05 07:47:30 PM
2023.4.5 13:47:33#33574205014733
2023.4.5 13:47:33#33574205014733
2023.4.5 13:47:33#33574205014733
2023.4.5 13:47:33#33574205014733
2023.4.5 13:47:33#33574205014733
2023.4.5 13:47:33#33574205014733
2023.4.5 13:47:33#=================== Transaction Completed =======================
2023.4.5 15:28:37#=================== Start New Transaction ===================
2023.4.5 15:28:37#txnrefnum:MBG2109020
2023.4.5 15:28:37#clientIp:103.177.242.0
2023.4.5 15:28:37#card type:6
2023.4.5 15:28:37#totalamount:252000
2023.4.5 15:28:40#result:TRANSACTION_ID:QOTYEy29YqETyvEKyB2bMkklZcY=
2023.4.5 15:28:40#Forward to DBBL Payment Gateway Page: https://ecom1.dutchbanglabank.com/ecomm2/ClientHandler?card_type=6&trans_id=QOTYEy29YqETyvEKyB2bMkklZcY%3D
2023.4.5 15:31:56#---------------------- Complete New Transaction---------------------
2023.4.5 15:31:56#Get trans_id From Post Value:QOTYEy29YqETyvEKyB2bMkklZcY=
2023.4.5 15:31:56#clientIp:103.177.242.0
2023.4.5 15:31:56#trans_id:QOTYEy29YqETyvEKyB2bMkklZcY=
2023.4.5 15:31:58#result:RESULT>OK^RESULT_CODE>000^3DSECURE>SKIPPED^RRN>309515585556^APPROVAL_CODE>567336^CARD_NUMBER>999999*********3546^AMOUNT>252000^CARDNAME>mb account^DESCRIPTION>6MBG2109020^TRANS_DATE>2023-04-05 09:31:55 PM
2023.4.5 15:31:58#51737705033158
2023.4.5 15:31:58#51737705033158
2023.4.5 15:31:58#=================== Transaction Completed =======================
2023.4.5 16:41:27#=================== Start New Transaction ===================
2023.4.5 16:41:27#txnrefnum:MED2008011
2023.4.5 16:41:27#clientIp:103.166.89.87
2023.4.5 16:41:27#card type:6
2023.4.5 16:41:27#totalamount:252000
2023.4.5 16:41:33#result:TRANSACTION_ID:ZQQV5oVYx6MWX0BdIGhdsENSEdQ=
2023.4.5 16:41:33#Forward to DBBL Payment Gateway Page: https://ecom1.dutchbanglabank.com/ecomm2/ClientHandler?card_type=6&trans_id=ZQQV5oVYx6MWX0BdIGhdsENSEdQ%3D
2023.4.5 16:43:15#---------------------- Complete New Transaction---------------------
2023.4.5 16:43:15#Get trans_id From Post Value:ZQQV5oVYx6MWX0BdIGhdsENSEdQ=
2023.4.5 16:43:16#clientIp:103.166.89.87
2023.4.5 16:43:16#trans_id:ZQQV5oVYx6MWX0BdIGhdsENSEdQ=
2023.4.5 16:43:18#result:RESULT>OK^RESULT_CODE>000^3DSECURE>SKIPPED^RRN>309516590569^APPROVAL_CODE>947629^CARD_NUMBER>999999*********4201^AMOUNT>252000^CARDNAME>mb account^DESCRIPTION>6MED2008011^TRANS_DATE>2023-04-05 10:43:14 PM
2023.4.5 16:43:18#51717005044318
2023.4.5 16:43:18#51717005044318
2023.4.5 16:43:18#=================== Transaction Completed =======================