
2022.6.19 01:09:45#=================== Start New Transaction ===================
2022.6.19 01:09:45#txnrefnum:MSC22111024
2022.6.19 01:09:45#clientIp:37.111.212.43
2022.6.19 01:09:45#card type:6
2022.6.19 01:09:45#totalamount:102000
2022.6.19 01:09:49#result:TRANSACTION_ID:nYzciW6ehNBbNdAu41uUqFeHCmo=
2022.6.19 01:09:49#Forward to DBBL Payment Gateway Page: https://ecom1.dutchbanglabank.com/ecomm2/ClientHandler?card_type=6&trans_id=nYzciW6ehNBbNdAu41uUqFeHCmo%3D
2022.6.19 01:10:25#---------------------- Complete New Transaction---------------------
2022.6.19 01:10:25#Get trans_id From Post Value:nYzciW6ehNBbNdAu41uUqFeHCmo=
2022.6.19 01:10:25#clientIp:37.111.212.43
2022.6.19 01:10:25#trans_id:nYzciW6ehNBbNdAu41uUqFeHCmo=
2022.6.19 01:10:27#result:RESULT>OK^RESULT_CODE>000^3DSECURE>SKIPPED^RRN>217001555305^APPROVAL_CODE>503034^CARD_NUMBER>999999*********1168^AMOUNT>102000^CARDNAME>mb account^DESCRIPTION>6MSC22111024^TRANS_DATE>2022-06-19 07:10:23 AM
2022.6.19 01:10:27#32086819011027
2022.6.19 01:10:27#=================== Transaction Completed =======================
2022.6.19 01:15:15#=================== Start New Transaction ===================
2022.6.19 01:15:15#txnrefnum:MSC22111242
2022.6.19 01:15:15#clientIp:37.111.212.43
2022.6.19 01:15:15#card type:6
2022.6.19 01:15:15#totalamount:262000
2022.6.19 01:15:19#result:TRANSACTION_ID:v2H2RCUTx7e6o6YQAvTpzIQRgU4=
2022.6.19 01:15:19#Forward to DBBL Payment Gateway Page: https://ecom1.dutchbanglabank.com/ecomm2/ClientHandler?card_type=6&trans_id=v2H2RCUTx7e6o6YQAvTpzIQRgU4%3D
2022.6.19 01:15:36#---------------------- Complete New Transaction---------------------
2022.6.19 01:15:36#Get trans_id From Post Value:v2H2RCUTx7e6o6YQAvTpzIQRgU4=
2022.6.19 01:15:36#clientIp:37.111.212.43
2022.6.19 01:15:36#trans_id:v2H2RCUTx7e6o6YQAvTpzIQRgU4=
2022.6.19 01:15:39#result:RESULT>OK^RESULT_CODE>000^3DSECURE>SKIPPED^RRN>217001555404^APPROVAL_CODE>459883^CARD_NUMBER>999999*********1168^AMOUNT>262000^CARDNAME>mb account^DESCRIPTION>6MSC22111242^TRANS_DATE>2022-06-19 07:15:36 AM
2022.6.19 01:15:39#1498419011539
2022.6.19 01:15:39#1498419011539
2022.6.19 01:15:39#=================== Transaction Completed =======================
2022.6.19 01:17:03#=================== Start New Transaction ===================
2022.6.19 01:17:03#txnrefnum:MSC22111030
2022.6.19 01:17:03#clientIp:37.111.212.43
2022.6.19 01:17:03#card type:6
2022.6.19 01:17:03#totalamount:262000
2022.6.19 01:17:07#result:TRANSACTION_ID:AvOTmsm6GIC2pzbbPOfGEYt0eSk=
2022.6.19 01:17:07#Forward to DBBL Payment Gateway Page: https://ecom1.dutchbanglabank.com/ecomm2/ClientHandler?card_type=6&trans_id=AvOTmsm6GIC2pzbbPOfGEYt0eSk%3D
2022.6.19 01:17:28#---------------------- Complete New Transaction---------------------
2022.6.19 01:17:28#Get trans_id From Post Value:AvOTmsm6GIC2pzbbPOfGEYt0eSk=
2022.6.19 01:17:28#clientIp:37.111.212.43
2022.6.19 01:17:28#trans_id:AvOTmsm6GIC2pzbbPOfGEYt0eSk=
2022.6.19 01:17:30#result:RESULT>OK^RESULT_CODE>000^3DSECURE>SKIPPED^RRN>217001555447^APPROVAL_CODE>506029^CARD_NUMBER>999999*********1168^AMOUNT>262000^CARDNAME>mb account^DESCRIPTION>6MSC22111030^TRANS_DATE>2022-06-19 07:17:26 AM
2022.6.19 01:17:30#231219011730
2022.6.19 01:17:30#231219011730
2022.6.19 01:17:30#=================== Transaction Completed =======================
2022.6.19 01:21:38#=================== Start New Transaction ===================
2022.6.19 01:21:38#txnrefnum:MSC22110522
2022.6.19 01:21:38#clientIp:37.111.212.43
2022.6.19 01:21:38#card type:6
2022.6.19 01:21:38#totalamount:262000
2022.6.19 01:21:42#result:TRANSACTION_ID:9GiqSCqHGQRMUEF0aeYs6u8ybhc=
2022.6.19 01:21:42#Forward to DBBL Payment Gateway Page: https://ecom1.dutchbanglabank.com/ecomm2/ClientHandler?card_type=6&trans_id=9GiqSCqHGQRMUEF0aeYs6u8ybhc%3D
2022.6.19 01:22:07#---------------------- Complete New Transaction---------------------
2022.6.19 01:22:07#Get trans_id From Post Value:9GiqSCqHGQRMUEF0aeYs6u8ybhc=
2022.6.19 01:22:07#clientIp:37.111.212.43
2022.6.19 01:22:07#trans_id:9GiqSCqHGQRMUEF0aeYs6u8ybhc=
2022.6.19 01:22:10#result:RESULT>OK^RESULT_CODE>000^3DSECURE>SKIPPED^RRN>217001555530^APPROVAL_CODE>462856^CARD_NUMBER>999999*********1168^AMOUNT>262000^CARDNAME>mb account^DESCRIPTION>6MSC22110522^TRANS_DATE>2022-06-19 07:22:07 AM
2022.6.19 01:22:10#1268019012210
2022.6.19 01:22:10#1268019012210
2022.6.19 01:22:10#=================== Transaction Completed =======================
2022.6.19 01:30:12#=================== Start New Transaction ===================
2022.6.19 01:30:12#txnrefnum:MBM2208170
2022.6.19 01:30:12#clientIp:37.111.212.43
2022.6.19 01:30:12#card type:6
2022.6.19 01:30:12#totalamount:242000
2022.6.19 01:30:16#result:TRANSACTION_ID:ZW7lSMN0GaCU3XezkDEbfB0jwS0=
2022.6.19 01:30:16#Forward to DBBL Payment Gateway Page: https://ecom1.dutchbanglabank.com/ecomm2/ClientHandler?card_type=6&trans_id=ZW7lSMN0GaCU3XezkDEbfB0jwS0%3D
2022.6.19 01:30:35#---------------------- Complete New Transaction---------------------
2022.6.19 01:30:35#Get trans_id From Post Value:ZW7lSMN0GaCU3XezkDEbfB0jwS0=
2022.6.19 01:30:35#clientIp:37.111.212.43
2022.6.19 01:30:35#trans_id:ZW7lSMN0GaCU3XezkDEbfB0jwS0=
2022.6.19 01:30:37#result:RESULT>OK^RESULT_CODE>000^3DSECURE>SKIPPED^RRN>217001555687^APPROVAL_CODE>512323^CARD_NUMBER>999999*********1168^AMOUNT>242000^CARDNAME>mb account^DESCRIPTION>6MBM2208170^TRANS_DATE>2022-06-19 07:30:33 AM
2022.6.19 01:30:37#18563619013037
2022.6.19 01:30:37#18563619013037
2022.6.19 01:30:37#18563619013037
2022.6.19 01:30:37#=================== Transaction Completed =======================
2022.6.19 01:41:43#=================== Start New Transaction ===================
2022.6.19 01:41:43#txnrefnum:MSC21111353
2022.6.19 01:41:43#clientIp:202.134.10.138
2022.6.19 01:41:43#card type:6
2022.6.19 01:41:43#totalamount:785000
2022.6.19 01:41:47#result:TRANSACTION_ID:6Z1oFPPTFlJ1s2dVTaH5J6oZTDU=
2022.6.19 01:41:47#Forward to DBBL Payment Gateway Page: https://ecom1.dutchbanglabank.com/ecomm2/ClientHandler?card_type=6&trans_id=6Z1oFPPTFlJ1s2dVTaH5J6oZTDU%3D
2022.6.19 01:42:30#---------------------- Complete New Transaction---------------------
2022.6.19 01:42:30#Get trans_id From Post Value:6Z1oFPPTFlJ1s2dVTaH5J6oZTDU=
2022.6.19 01:42:30#clientIp:202.134.10.138
2022.6.19 01:42:30#trans_id:6Z1oFPPTFlJ1s2dVTaH5J6oZTDU=
2022.6.19 01:42:32#result:RESULT>OK^RESULT_CODE>000^3DSECURE>SKIPPED^RRN>217001555961^APPROVAL_CODE>518471^CARD_NUMBER>999999*********7532^AMOUNT>785000^CARDNAME>mb account^DESCRIPTION>6MSC21111353^TRANS_DATE>2022-06-19 07:42:29 AM
2022.6.19 01:42:32#915519014232
2022.6.19 01:42:32#915519014232
2022.6.19 01:42:32#915519014232
2022.6.19 01:42:32#915519014232
2022.6.19 01:42:32#915519014232
2022.6.19 01:42:32#=================== Transaction Completed =======================
2022.6.19 01:47:52#=================== Start New Transaction ===================
2022.6.19 01:47:52#txnrefnum:MBM2008155
2022.6.19 01:47:52#clientIp:37.111.212.43
2022.6.19 01:47:52#card type:6
2022.6.19 01:47:52#totalamount:162000
2022.6.19 01:47:56#result:TRANSACTION_ID:viitYhDa05YxLv0O9aYlFTVw0Fc=
2022.6.19 01:47:56#Forward to DBBL Payment Gateway Page: https://ecom1.dutchbanglabank.com/ecomm2/ClientHandler?card_type=6&trans_id=viitYhDa05YxLv0O9aYlFTVw0Fc%3D
2022.6.19 01:48:14#---------------------- Complete New Transaction---------------------
2022.6.19 01:48:14#Get trans_id From Post Value:viitYhDa05YxLv0O9aYlFTVw0Fc=
2022.6.19 01:48:14#clientIp:37.111.212.43
2022.6.19 01:48:14#trans_id:viitYhDa05YxLv0O9aYlFTVw0Fc=
2022.6.19 01:48:16#result:RESULT>OK^RESULT_CODE>000^3DSECURE>SKIPPED^RRN>217001556090^APPROVAL_CODE>476491^CARD_NUMBER>999999*********1168^AMOUNT>162000^CARDNAME>mb account^DESCRIPTION>6MBM2008155^TRANS_DATE>2022-06-19 07:48:13 AM
2022.6.19 01:48:16#21834919014816
2022.6.19 01:48:16#21834919014816
2022.6.19 01:48:16#=================== Transaction Completed =======================
2022.6.19 03:04:42#=================== Start New Transaction ===================
2022.6.19 03:04:42#txnrefnum:MSC21110054
2022.6.19 03:04:42#clientIp:37.111.212.43
2022.6.19 03:04:42#card type:6
2022.6.19 03:04:42#totalamount:2997000
2022.6.19 03:04:46#result:TRANSACTION_ID:hvf2tECOUtMnFPppoLSDzHAPcTQ=
2022.6.19 03:04:46#Forward to DBBL Payment Gateway Page: https://ecom1.dutchbanglabank.com/ecomm2/ClientHandler?card_type=6&trans_id=hvf2tECOUtMnFPppoLSDzHAPcTQ%3D
2022.6.19 03:05:03#---------------------- Complete New Transaction---------------------
2022.6.19 03:05:03#Get trans_id From Post Value:hvf2tECOUtMnFPppoLSDzHAPcTQ=
2022.6.19 03:05:03#clientIp:37.111.212.43
2022.6.19 03:05:03#trans_id:hvf2tECOUtMnFPppoLSDzHAPcTQ=
2022.6.19 03:05:05#result:RESULT>OK^RESULT_CODE>000^3DSECURE>SKIPPED^RRN>217003558507^APPROVAL_CODE>638373^CARD_NUMBER>999999*********1168^AMOUNT>2997000^CARDNAME>mb account^DESCRIPTION>6MSC21110054^TRANS_DATE>2022-06-19 09:05:02 AM
2022.6.19 03:05:05#452919030505
2022.6.19 03:05:05#452919030505
2022.6.19 03:05:05#452919030505
2022.6.19 03:05:05#452919030505
2022.6.19 03:05:05#452919030505
2022.6.19 03:05:05#452919030505
2022.6.19 03:05:05#452919030505
2022.6.19 03:05:05#452919030505
2022.6.19 03:05:05#452919030505
2022.6.19 03:05:05#452919030505
2022.6.19 03:05:05#452919030505
2022.6.19 03:05:05#452919030505
2022.6.19 03:05:05#452919030505
2022.6.19 03:05:05#452919030505
2022.6.19 03:05:05#452919030505
2022.6.19 03:05:05#=================== Transaction Completed =======================
2022.6.19 03:39:36#=================== Start New Transaction ===================
2022.6.19 03:39:36#txnrefnum:MSC21111045
2022.6.19 03:39:36#clientIp:37.111.212.43
2022.6.19 03:39:36#card type:6
2022.6.19 03:39:36#totalamount:2165000
2022.6.19 03:39:41#result:TRANSACTION_ID:t6NhqtxcPjh2ZnNzmrsORoTpiDw=
2022.6.19 03:39:41#Forward to DBBL Payment Gateway Page: https://ecom1.dutchbanglabank.com/ecomm2/ClientHandler?card_type=6&trans_id=t6NhqtxcPjh2ZnNzmrsORoTpiDw%3D
2022.6.19 03:39:58#---------------------- Complete New Transaction---------------------
2022.6.19 03:39:58#Get trans_id From Post Value:t6NhqtxcPjh2ZnNzmrsORoTpiDw=
2022.6.19 03:39:58#clientIp:37.111.212.43
2022.6.19 03:39:58#trans_id:t6NhqtxcPjh2ZnNzmrsORoTpiDw=
2022.6.19 03:40:01#result:RESULT>OK^RESULT_CODE>000^3DSECURE>SKIPPED^RRN>217003560144^APPROVAL_CODE>711442^CARD_NUMBER>999999*********1168^AMOUNT>2165000^CARDNAME>mb account^DESCRIPTION>6MSC21111045^TRANS_DATE>2022-06-19 09:39:58 AM
2022.6.19 03:40:01#545619034001
2022.6.19 03:40:01#545619034001
2022.6.19 03:40:01#545619034001
2022.6.19 03:40:01#545619034001
2022.6.19 03:40:01#545619034001
2022.6.19 03:40:01#545619034001
2022.6.19 03:40:01#545619034001
2022.6.19 03:40:01#545619034001
2022.6.19 03:40:01#545619034001
2022.6.19 03:40:01#545619034001
2022.6.19 03:40:01#545619034001
2022.6.19 03:40:01#=================== Transaction Completed =======================
2022.6.19 03:55:54#=================== Start New Transaction ===================
2022.6.19 03:55:54#txnrefnum:MSC21111269
2022.6.19 03:55:54#clientIp:43.224.109.78
2022.6.19 03:55:54#card type:6
2022.6.19 03:55:54#totalamount:1685000
2022.6.19 03:55:58#result:TRANSACTION_ID:ShSumncdnZsdhpamW65QergG4Zk=
2022.6.19 03:55:58#Forward to DBBL Payment Gateway Page: https://ecom1.dutchbanglabank.com/ecomm2/ClientHandler?card_type=6&trans_id=ShSumncdnZsdhpamW65QergG4Zk%3D
2022.6.19 04:08:56#=================== Start New Transaction ===================
2022.6.19 04:08:56#txnrefnum:MSC21111283
2022.6.19 04:08:56#clientIp:37.111.200.70
2022.6.19 04:08:56#card type:6
2022.6.19 04:08:56#totalamount:1585000
2022.6.19 04:09:01#result:TRANSACTION_ID:a344WBaIWV3O9injkna349RtAyA=
2022.6.19 04:09:01#Forward to DBBL Payment Gateway Page: https://ecom1.dutchbanglabank.com/ecomm2/ClientHandler?card_type=6&trans_id=a344WBaIWV3O9injkna349RtAyA%3D
2022.6.19 04:10:20#---------------------- Complete New Transaction---------------------
2022.6.19 04:10:20#Get trans_id From Post Value:a344WBaIWV3O9injkna349RtAyA=
2022.6.19 04:10:20#clientIp:37.111.200.70
2022.6.19 04:10:20#trans_id:a344WBaIWV3O9injkna349RtAyA=
2022.6.19 04:10:22#result:RESULT>OK^RESULT_CODE>000^3DSECURE>SKIPPED^RRN>217004561935^APPROVAL_CODE>662616^CARD_NUMBER>999999*********7848^AMOUNT>1585000^CARDNAME>mb account^DESCRIPTION>6MSC21111283^TRANS_DATE>2022-06-19 10:10:19 AM
2022.6.19 04:10:22#831319041022
2022.6.19 04:10:22#831319041022
2022.6.19 04:10:22#831319041022
2022.6.19 04:10:22#831319041022
2022.6.19 04:10:22#831319041022
2022.6.19 04:10:22#831319041022
2022.6.19 04:10:22#831319041022
2022.6.19 04:10:22#831319041022
2022.6.19 04:10:22#831319041022
2022.6.19 04:10:22#831319041022
2022.6.19 04:10:22#=================== Transaction Completed =======================
2022.6.19 04:11:07#=================== Start New Transaction ===================
2022.6.19 04:11:07#txnrefnum:MSC21111192
2022.6.19 04:11:07#clientIp:37.111.212.43
2022.6.19 04:11:07#card type:6
2022.6.19 04:11:07#totalamount:725000
2022.6.19 04:11:11#result:TRANSACTION_ID:jPqg5kGUoBDMmzAMB20E4H0Sp9E=
2022.6.19 04:11:11#Forward to DBBL Payment Gateway Page: https://ecom1.dutchbanglabank.com/ecomm2/ClientHandler?card_type=6&trans_id=jPqg5kGUoBDMmzAMB20E4H0Sp9E%3D
2022.6.19 04:13:09#---------------------- Complete New Transaction---------------------
2022.6.19 04:13:09#Get trans_id From Post Value:jPqg5kGUoBDMmzAMB20E4H0Sp9E=
2022.6.19 04:13:09#clientIp:37.111.212.43
2022.6.19 04:13:09#trans_id:jPqg5kGUoBDMmzAMB20E4H0Sp9E=
2022.6.19 04:13:11#result:RESULT>OK^RESULT_CODE>000^3DSECURE>SKIPPED^RRN>217004562121^APPROVAL_CODE>851508^CARD_NUMBER>999999*********1168^AMOUNT>725000^CARDNAME>mb account^DESCRIPTION>6MSC21111192^TRANS_DATE>2022-06-19 10:13:06 AM
2022.6.19 04:13:11#722619041311
2022.6.19 04:13:11#722619041311
2022.6.19 04:13:11#722619041311
2022.6.19 04:13:11#722619041311
2022.6.19 04:13:11#=================== Transaction Completed =======================
2022.6.19 04:15:59#=================== Start New Transaction ===================
2022.6.19 04:15:59#txnrefnum:MSC21111269
2022.6.19 04:15:59#clientIp:43.224.109.78
2022.6.19 04:15:59#card type:6
2022.6.19 04:15:59#totalamount:1685000
2022.6.19 04:16:03#result:TRANSACTION_ID:Y1bmtPWRf3IELSXxIFBSn89yXUE=
2022.6.19 04:16:03#Forward to DBBL Payment Gateway Page: https://ecom1.dutchbanglabank.com/ecomm2/ClientHandler?card_type=6&trans_id=Y1bmtPWRf3IELSXxIFBSn89yXUE%3D
2022.6.19 04:17:26#=================== Start New Transaction ===================
2022.6.19 04:17:26#txnrefnum:MSC21111269
2022.6.19 04:17:26#clientIp:43.224.109.78
2022.6.19 04:17:26#card type:6
2022.6.19 04:17:26#totalamount:1685000
2022.6.19 04:17:30#result:TRANSACTION_ID:1bR7e0sG51QkIqvxf6Bh6c4SUh8=
2022.6.19 04:17:31#Forward to DBBL Payment Gateway Page: https://ecom1.dutchbanglabank.com/ecomm2/ClientHandler?card_type=6&trans_id=1bR7e0sG51QkIqvxf6Bh6c4SUh8%3D
2022.6.19 04:17:57#=================== Start New Transaction ===================
2022.6.19 04:17:57#txnrefnum:MSC21110578
2022.6.19 04:17:57#clientIp:27.54.148.174
2022.6.19 04:17:57#card type:6
2022.6.19 04:17:57#totalamount:2183000
2022.6.19 04:18:01#result:TRANSACTION_ID:tz0kNx8kZT59gyxZFjHBChBn3Go=
2022.6.19 04:18:01#Forward to DBBL Payment Gateway Page: https://ecom1.dutchbanglabank.com/ecomm2/ClientHandler?card_type=6&trans_id=tz0kNx8kZT59gyxZFjHBChBn3Go%3D
2022.6.19 04:18:30#---------------------- Complete New Transaction---------------------
2022.6.19 04:18:30#Get trans_id From Post Value:tz0kNx8kZT59gyxZFjHBChBn3Go=
2022.6.19 04:18:30#clientIp:27.54.148.174
2022.6.19 04:18:30#trans_id:tz0kNx8kZT59gyxZFjHBChBn3Go=
2022.6.19 04:18:32#result:RESULT>OK^RESULT_CODE>000^3DSECURE>SKIPPED^RRN>217004562404^APPROVAL_CODE>860753^CARD_NUMBER>999999*********5363^AMOUNT>2183000^CARDNAME>mb account^DESCRIPTION>6MSC21110578^TRANS_DATE>2022-06-19 10:18:29 AM
2022.6.19 04:18:32#382119041832
2022.6.19 04:18:32#382119041832
2022.6.19 04:18:32#382119041832
2022.6.19 04:18:32#382119041832
2022.6.19 04:18:32#382119041832
2022.6.19 04:18:32#382119041832
2022.6.19 04:18:32#382119041832
2022.6.19 04:18:32#382119041832
2022.6.19 04:18:32#382119041832
2022.6.19 04:18:32#382119041832
2022.6.19 04:18:32#382119041832
2022.6.19 04:18:32#382119041832
2022.6.19 04:18:32#382119041832
2022.6.19 04:18:32#382119041832
2022.6.19 04:18:32#=================== Transaction Completed =======================
2022.6.19 04:19:11#---------------------- Complete New Transaction---------------------
2022.6.19 04:19:11#Get trans_id From Post Value:1bR7e0sG51QkIqvxf6Bh6c4SUh8=
2022.6.19 04:19:11#clientIp:43.224.109.78
2022.6.19 04:19:11#trans_id:1bR7e0sG51QkIqvxf6Bh6c4SUh8=
2022.6.19 04:19:13#result:RESULT>OK^RESULT_CODE>000^3DSECURE>SKIPPED^RRN>217004562448^APPROVAL_CODE>862364^CARD_NUMBER>999999*********7503^AMOUNT>1685000^CARDNAME>mb account^DESCRIPTION>6MSC21111269^TRANS_DATE>2022-06-19 10:19:10 AM
2022.6.19 04:19:13#814419041913
2022.6.19 04:19:13#814419041913
2022.6.19 04:19:13#814419041913
2022.6.19 04:19:13#814419041913
2022.6.19 04:19:13#814419041913
2022.6.19 04:19:13#814419041913
2022.6.19 04:19:13#814419041913
2022.6.19 04:19:13#814419041913
2022.6.19 04:19:13#814419041913
2022.6.19 04:19:13#814419041913
2022.6.19 04:19:13#=================== Transaction Completed =======================
2022.6.19 04:45:31#=================== Start New Transaction ===================
2022.6.19 04:45:31#txnrefnum:MSC22111308
2022.6.19 04:45:31#clientIp:103.89.24.37
2022.6.19 04:45:31#card type:6
2022.6.19 04:45:31#totalamount:262000
2022.6.19 04:51:44#=================== Start New Transaction ===================
2022.6.19 04:51:44#txnrefnum:MSC22111308
2022.6.19 04:51:44#clientIp:103.89.24.37
2022.6.19 04:51:44#card type:6
2022.6.19 04:51:44#totalamount:262000
2022.6.19 04:52:22#result:TRANSACTION_ID:FTVCsZe8G7uouSsZ3ob1ag9T6l8=
2022.6.19 04:52:22#Forward to DBBL Payment Gateway Page: https://ecom1.dutchbanglabank.com/ecomm2/ClientHandler?card_type=6&trans_id=FTVCsZe8G7uouSsZ3ob1ag9T6l8%3D
2022.6.19 04:53:14#---------------------- Complete New Transaction---------------------
2022.6.19 04:53:14#Get trans_id From Post Value:FTVCsZe8G7uouSsZ3ob1ag9T6l8=
2022.6.19 04:53:39#clientIp:103.89.24.37
2022.6.19 04:53:39#trans_id:FTVCsZe8G7uouSsZ3ob1ag9T6l8=
2022.6.19 04:53:46#result:RESULT>OK^RESULT_CODE>000^3DSECURE>SKIPPED^RRN>217004564657^APPROVAL_CODE>048887^CARD_NUMBER>999999*********7795^AMOUNT>262000^CARDNAME>mb account^DESCRIPTION>6MSC22111308^TRANS_DATE>2022-06-19 10:53:13 AM
2022.6.19 04:53:46#1545219045346
2022.6.19 04:53:46#1545219045346
2022.6.19 04:53:46#=================== Transaction Completed =======================
2022.6.19 04:58:43#=================== Start New Transaction ===================
2022.6.19 04:58:43#txnrefnum:MBD2008344
2022.6.19 04:58:43#clientIp:202.134.14.146
2022.6.19 04:58:43#card type:6
2022.6.19 04:58:43#totalamount:482000
2022.6.19 04:58:55#=================== Start New Transaction ===================
2022.6.19 04:58:55#txnrefnum:MBD2008344
2022.6.19 04:58:55#clientIp:202.134.14.146
2022.6.19 04:58:55#card type:6
2022.6.19 04:58:55#totalamount:482000
2022.6.19 04:59:19#result:TRANSACTION_ID:NQG2DP33PQHagOJIaefrfXo0n9c=
2022.6.19 04:59:19#Forward to DBBL Payment Gateway Page: https://ecom1.dutchbanglabank.com/ecomm2/ClientHandler?card_type=6&trans_id=NQG2DP33PQHagOJIaefrfXo0n9c%3D
2022.6.19 04:59:19#=================== Start New Transaction ===================
2022.6.19 04:59:19#txnrefnum:MBD2008344
2022.6.19 04:59:19#clientIp:202.134.14.146
2022.6.19 04:59:19#card type:6
2022.6.19 04:59:19#totalamount:482000
2022.6.19 04:59:42#result:TRANSACTION_ID:CKNRDnGzN8ST01PIY1Co0RPaIeU=
2022.6.19 04:59:42#Forward to DBBL Payment Gateway Page: https://ecom1.dutchbanglabank.com/ecomm2/ClientHandler?card_type=6&trans_id=CKNRDnGzN8ST01PIY1Co0RPaIeU%3D
2022.6.19 04:59:42#=================== Start New Transaction ===================
2022.6.19 04:59:42#txnrefnum:MBD2008344
2022.6.19 04:59:42#clientIp:202.134.14.146
2022.6.19 04:59:42#card type:6
2022.6.19 04:59:42#totalamount:482000
2022.6.19 04:59:44#result:TRANSACTION_ID:rnqbprx2f9s2ApicvC6px3rJkcs=
2022.6.19 04:59:44#Forward to DBBL Payment Gateway Page: https://ecom1.dutchbanglabank.com/ecomm2/ClientHandler?card_type=6&trans_id=rnqbprx2f9s2ApicvC6px3rJkcs%3D
2022.6.19 04:59:56#=================== Start New Transaction ===================
2022.6.19 04:59:56#txnrefnum:MBD2008344
2022.6.19 04:59:56#clientIp:202.134.14.146
2022.6.19 04:59:56#card type:6
2022.6.19 04:59:56#totalamount:482000
2022.6.19 05:00:12#result:TRANSACTION_ID:uoL4vWUtmZBsUeIqBKgGR6hYLKQ=
2022.6.19 05:00:13#Forward to DBBL Payment Gateway Page: https://ecom1.dutchbanglabank.com/ecomm2/ClientHandler?card_type=6&trans_id=uoL4vWUtmZBsUeIqBKgGR6hYLKQ%3D
2022.6.19 05:00:13#=================== Start New Transaction ===================
2022.6.19 05:00:13#txnrefnum:MBD2008344
2022.6.19 05:00:13#clientIp:202.134.14.146
2022.6.19 05:00:13#card type:6
2022.6.19 05:00:13#totalamount:482000
2022.6.19 05:00:39#result:TRANSACTION_ID:iBIFP25sQUhu7AoCA5KTToSdIyY=
2022.6.19 05:00:39#Forward to DBBL Payment Gateway Page: https://ecom1.dutchbanglabank.com/ecomm2/ClientHandler?card_type=6&trans_id=iBIFP25sQUhu7AoCA5KTToSdIyY%3D
2022.6.19 05:01:21#=================== Start New Transaction ===================
2022.6.19 05:01:21#txnrefnum:MBD2008344
2022.6.19 05:01:21#clientIp:202.134.14.146
2022.6.19 05:01:21#card type:6
2022.6.19 05:01:21#totalamount:482000
2022.6.19 05:02:04#result:TRANSACTION_ID:hCrkWhqIP46xnJyuAgXBSNmFGQE=
2022.6.19 05:02:05#Forward to DBBL Payment Gateway Page: https://ecom1.dutchbanglabank.com/ecomm2/ClientHandler?card_type=6&trans_id=hCrkWhqIP46xnJyuAgXBSNmFGQE%3D
2022.6.19 05:02:05#=================== Start New Transaction ===================
2022.6.19 05:02:05#txnrefnum:MBD2008344
2022.6.19 05:02:05#clientIp:202.134.14.146
2022.6.19 05:02:05#card type:6
2022.6.19 05:02:05#totalamount:482000
2022.6.19 05:02:15#=================== Start New Transaction ===================
2022.6.19 05:02:15#txnrefnum:MBD2008344
2022.6.19 05:02:15#clientIp:202.134.14.146
2022.6.19 05:02:15#card type:6
2022.6.19 05:02:15#totalamount:482000
2022.6.19 05:02:39#result:TRANSACTION_ID:uvPnHYvgdz0pyOY1nZPS8K9NMxw=
2022.6.19 05:02:39#Forward to DBBL Payment Gateway Page: https://ecom1.dutchbanglabank.com/ecomm2/ClientHandler?card_type=6&trans_id=uvPnHYvgdz0pyOY1nZPS8K9NMxw%3D
2022.6.19 05:02:51#result:TRANSACTION_ID:aWCZrV6CfZ2JqNkjfIeNPvSHD60=
2022.6.19 05:02:51#Forward to DBBL Payment Gateway Page: https://ecom1.dutchbanglabank.com/ecomm2/ClientHandler?card_type=6&trans_id=aWCZrV6CfZ2JqNkjfIeNPvSHD60%3D
2022.6.19 05:03:15#---------------------- Complete New Transaction---------------------
2022.6.19 05:03:15#Get trans_id From Post Value:aWCZrV6CfZ2JqNkjfIeNPvSHD60=
2022.6.19 05:03:15#clientIp:202.134.14.146
2022.6.19 05:03:15#trans_id:aWCZrV6CfZ2JqNkjfIeNPvSHD60=
2022.6.19 05:03:28#result:RESULT>OK^RESULT_CODE>000^3DSECURE>SKIPPED^RRN>217005565474^APPROVAL_CODE>098614^CARD_NUMBER>999999*********7532^AMOUNT>482000^CARDNAME>mb account^DESCRIPTION>6MBD2008344^TRANS_DATE>2022-06-19 11:03:14 AM
2022.6.19 05:03:28#21433719050328
2022.6.19 05:03:28#21433719050328
2022.6.19 05:03:28#21433719050328
2022.6.19 05:03:28#21433719050328
2022.6.19 05:03:28#21433719050328
2022.6.19 05:03:28#21433719050328
2022.6.19 05:03:28#=================== Transaction Completed =======================
2022.6.19 05:28:15#=================== Start New Transaction ===================
2022.6.19 05:28:15#txnrefnum:MBM2003055
2022.6.19 05:28:15#clientIp:37.111.212.43
2022.6.19 05:28:15#card type:6
2022.6.19 05:28:15#totalamount:482000
2022.6.19 05:29:00#result:TRANSACTION_ID:ajUPQEloR8rS2qUv22dUcZFSpk0=
2022.6.19 05:29:00#Forward to DBBL Payment Gateway Page: https://ecom1.dutchbanglabank.com/ecomm2/ClientHandler?card_type=6&trans_id=ajUPQEloR8rS2qUv22dUcZFSpk0%3D
2022.6.19 05:29:57#---------------------- Complete New Transaction---------------------
2022.6.19 05:29:57#Get trans_id From Post Value:ajUPQEloR8rS2qUv22dUcZFSpk0=
2022.6.19 05:29:57#clientIp:37.111.212.43
2022.6.19 05:29:57#trans_id:ajUPQEloR8rS2qUv22dUcZFSpk0=
2022.6.19 05:30:07#result:RESULT>OK^RESULT_CODE>000^3DSECURE>SKIPPED^RRN>217005567909^APPROVAL_CODE>239825^CARD_NUMBER>999999*********1168^AMOUNT>482000^CARDNAME>mb account^DESCRIPTION>6MBM2003055^TRANS_DATE>2022-06-19 11:29:54 AM
2022.6.19 05:30:07#13106219053007
2022.6.19 05:30:07#13106219053007
2022.6.19 05:30:07#13106219053007
2022.6.19 05:30:07#13106219053007
2022.6.19 05:30:07#13106219053007
2022.6.19 05:30:07#13106219053007
2022.6.19 05:30:07#=================== Transaction Completed =======================
2022.6.19 05:31:12#=================== Start New Transaction ===================
2022.6.19 05:31:12#txnrefnum:MBD2201440
2022.6.19 05:31:12#clientIp:37.111.212.43
2022.6.19 05:31:12#card type:6
2022.6.19 05:31:12#totalamount:482000
2022.6.19 05:31:36#result:TRANSACTION_ID:B2xqYi4qYMzJm72iXFaHRFF4BVk=
2022.6.19 05:31:36#Forward to DBBL Payment Gateway Page: https://ecom1.dutchbanglabank.com/ecomm2/ClientHandler?card_type=6&trans_id=B2xqYi4qYMzJm72iXFaHRFF4BVk%3D
2022.6.19 05:32:31#---------------------- Complete New Transaction---------------------
2022.6.19 05:32:31#Get trans_id From Post Value:B2xqYi4qYMzJm72iXFaHRFF4BVk=
2022.6.19 05:32:31#clientIp:37.111.212.43
2022.6.19 05:32:31#trans_id:B2xqYi4qYMzJm72iXFaHRFF4BVk=
2022.6.19 05:32:40#result:RESULT>OK^RESULT_CODE>000^3DSECURE>SKIPPED^RRN>217005568169^APPROVAL_CODE>246820^CARD_NUMBER>999999*********1168^AMOUNT>482000^CARDNAME>mb account^DESCRIPTION>6MBD2201440^TRANS_DATE>2022-06-19 11:32:25 AM
2022.6.19 05:32:40#7442019053240
2022.6.19 05:32:40#7442019053240
2022.6.19 05:32:40#7442019053240
2022.6.19 05:32:40#7442019053240
2022.6.19 05:32:40#7442019053240
2022.6.19 05:32:40#7442019053240
2022.6.19 05:32:40#=================== Transaction Completed =======================
2022.6.19 05:58:11#=================== Start New Transaction ===================
2022.6.19 05:58:11#txnrefnum:MBD2007348
2022.6.19 05:58:11#clientIp:202.134.14.146
2022.6.19 05:58:11#card type:6
2022.6.19 05:58:11#totalamount:482000
2022.6.19 05:58:19#=================== Start New Transaction ===================
2022.6.19 05:58:19#txnrefnum:MBD2007348
2022.6.19 05:58:19#clientIp:202.134.14.146
2022.6.19 05:58:19#card type:6
2022.6.19 05:58:19#totalamount:482000
2022.6.19 05:58:39#result:TRANSACTION_ID:go1cGgUk0n4KTSd6PvAJ0ccoRzY=
2022.6.19 05:58:39#Forward to DBBL Payment Gateway Page: https://ecom1.dutchbanglabank.com/ecomm2/ClientHandler?card_type=6&trans_id=go1cGgUk0n4KTSd6PvAJ0ccoRzY%3D
2022.6.19 05:58:45#result:TRANSACTION_ID:M4Baj8jfSeqjtNK4nGTkA3j5nJ0=
2022.6.19 05:58:45#Forward to DBBL Payment Gateway Page: https://ecom1.dutchbanglabank.com/ecomm2/ClientHandler?card_type=6&trans_id=M4Baj8jfSeqjtNK4nGTkA3j5nJ0%3D
2022.6.19 05:59:13#---------------------- Complete New Transaction---------------------
2022.6.19 05:59:13#Get trans_id From Post Value:M4Baj8jfSeqjtNK4nGTkA3j5nJ0=
2022.6.19 05:59:13#clientIp:202.134.14.146
2022.6.19 05:59:13#trans_id:M4Baj8jfSeqjtNK4nGTkA3j5nJ0=
2022.6.19 05:59:20#result:RESULT>OK^RESULT_CODE>000^3DSECURE>SKIPPED^RRN>217005570883^APPROVAL_CODE>405533^CARD_NUMBER>999999*********7532^AMOUNT>482000^CARDNAME>mb account^DESCRIPTION>6MBD2007348^TRANS_DATE>2022-06-19 11:59:12 AM
2022.6.19 05:59:20#19626919055920
2022.6.19 05:59:20#19626919055920
2022.6.19 05:59:20#19626919055920
2022.6.19 05:59:20#19626919055920
2022.6.19 05:59:20#19626919055920
2022.6.19 05:59:20#19626919055920
2022.6.19 05:59:20#=================== Transaction Completed =======================
2022.6.19 06:00:24#=================== Start New Transaction ===================
2022.6.19 06:00:24#txnrefnum:MSC22110098
2022.6.19 06:00:24#clientIp:59.152.97.91
2022.6.19 06:00:24#card type:6
2022.6.19 06:00:24#totalamount:102000
2022.6.19 06:00:44#result:TRANSACTION_ID:KHYCcOlKTdqiAZbFnfMDneODHVo=
2022.6.19 06:00:44#Forward to DBBL Payment Gateway Page: https://ecom1.dutchbanglabank.com/ecomm2/ClientHandler?card_type=6&trans_id=KHYCcOlKTdqiAZbFnfMDneODHVo%3D
2022.6.19 06:05:56#=================== Start New Transaction ===================
2022.6.19 06:05:56#txnrefnum:MSC22111246
2022.6.19 06:05:56#clientIp:37.111.212.43
2022.6.19 06:05:56#card type:6
2022.6.19 06:05:56#totalamount:262000
2022.6.19 06:06:09#result:TRANSACTION_ID:lTPaPswOlmR5ETB8skzhUS71Nwo=
2022.6.19 06:06:09#Forward to DBBL Payment Gateway Page: https://ecom1.dutchbanglabank.com/ecomm2/ClientHandler?card_type=6&trans_id=lTPaPswOlmR5ETB8skzhUS71Nwo%3D
2022.6.19 06:06:51#---------------------- Complete New Transaction---------------------
2022.6.19 06:06:51#Get trans_id From Post Value:lTPaPswOlmR5ETB8skzhUS71Nwo=
2022.6.19 06:06:51#clientIp:37.111.212.43
2022.6.19 06:06:51#trans_id:lTPaPswOlmR5ETB8skzhUS71Nwo=
2022.6.19 06:06:56#result:RESULT>OK^RESULT_CODE>000^3DSECURE>SKIPPED^RRN>217006571614^APPROVAL_CODE>315688^CARD_NUMBER>999999*********1168^AMOUNT>262000^CARDNAME>mb account^DESCRIPTION>6MSC22111246^TRANS_DATE>2022-06-19 12:06:46 PM
2022.6.19 06:06:56#1706019060656
2022.6.19 06:06:56#1706019060656
2022.6.19 06:06:56#=================== Transaction Completed =======================
2022.6.19 06:08:26#=================== Start New Transaction ===================
2022.6.19 06:08:26#txnrefnum:MSC22111270
2022.6.19 06:08:26#clientIp:202.134.14.146
2022.6.19 06:08:26#card type:6
2022.6.19 06:08:26#totalamount:102000
2022.6.19 06:08:30#=================== Start New Transaction ===================
2022.6.19 06:08:30#txnrefnum:MSC22111270
2022.6.19 06:08:30#clientIp:202.134.14.146
2022.6.19 06:08:30#card type:6
2022.6.19 06:08:30#totalamount:102000
2022.6.19 06:08:43#result:TRANSACTION_ID:o2GqRRsoFk8xX7fUz3hNSJ8nNLw=
2022.6.19 06:08:44#Forward to DBBL Payment Gateway Page: https://ecom1.dutchbanglabank.com/ecomm2/ClientHandler?card_type=6&trans_id=o2GqRRsoFk8xX7fUz3hNSJ8nNLw%3D
2022.6.19 06:08:45#result:TRANSACTION_ID:o0Rm3PqIJGPtNxW81zSKeaPEBo8=
2022.6.19 06:08:45#Forward to DBBL Payment Gateway Page: https://ecom1.dutchbanglabank.com/ecomm2/ClientHandler?card_type=6&trans_id=o0Rm3PqIJGPtNxW81zSKeaPEBo8%3D
2022.6.19 06:09:08#---------------------- Complete New Transaction---------------------
2022.6.19 06:09:08#Get trans_id From Post Value:o0Rm3PqIJGPtNxW81zSKeaPEBo8=
2022.6.19 06:09:08#clientIp:202.134.14.146
2022.6.19 06:09:08#trans_id:o0Rm3PqIJGPtNxW81zSKeaPEBo8=
2022.6.19 06:09:16#result:RESULT>OK^RESULT_CODE>000^3DSECURE>SKIPPED^RRN>217006571846^APPROVAL_CODE>442316^CARD_NUMBER>999999*********7532^AMOUNT>102000^CARDNAME>mb account^DESCRIPTION>6MSC22111270^TRANS_DATE>2022-06-19 12:09:06 PM
2022.6.19 06:09:16#32067919060916
2022.6.19 06:09:16#=================== Transaction Completed =======================
2022.6.19 06:09:28#=================== Start New Transaction ===================
2022.6.19 06:09:28#txnrefnum:MSC22111131
2022.6.19 06:09:28#clientIp:37.111.212.43
2022.6.19 06:09:28#card type:6
2022.6.19 06:09:28#totalamount:262000
2022.6.19 06:09:42#result:TRANSACTION_ID:G1ha9avUZtFTQ7r48QjgmYdRX9s=
2022.6.19 06:09:42#Forward to DBBL Payment Gateway Page: https://ecom1.dutchbanglabank.com/ecomm2/ClientHandler?card_type=6&trans_id=G1ha9avUZtFTQ7r48QjgmYdRX9s%3D
2022.6.19 06:10:10#---------------------- Complete New Transaction---------------------
2022.6.19 06:10:10#Get trans_id From Post Value:G1ha9avUZtFTQ7r48QjgmYdRX9s=
2022.6.19 06:10:10#clientIp:37.111.212.43
2022.6.19 06:10:10#trans_id:G1ha9avUZtFTQ7r48QjgmYdRX9s=
2022.6.19 06:10:16#result:RESULT>OK^RESULT_CODE>000^3DSECURE>SKIPPED^RRN>217006571947^APPROVAL_CODE>426386^CARD_NUMBER>999999*********1168^AMOUNT>262000^CARDNAME>mb account^DESCRIPTION>6MSC22111131^TRANS_DATE>2022-06-19 12:10:07 PM
2022.6.19 06:10:16#1548819061016
2022.6.19 06:10:16#1548819061016
2022.6.19 06:10:16#=================== Transaction Completed =======================
2022.6.19 06:11:49#=================== Start New Transaction ===================
2022.6.19 06:11:49#txnrefnum:MBD2007245
2022.6.19 06:11:49#clientIp:202.134.14.146
2022.6.19 06:11:49#card type:6
2022.6.19 06:11:49#totalamount:322000
2022.6.19 06:11:59#=================== Start New Transaction ===================
2022.6.19 06:11:59#txnrefnum:MSC22111191
2022.6.19 06:11:59#clientIp:37.111.212.43
2022.6.19 06:11:59#card type:6
2022.6.19 06:11:59#totalamount:422000
2022.6.19 06:12:15#result:TRANSACTION_ID:DL3u2nSq1r0dGW1JQU2sUMRKykM=
2022.6.19 06:12:15#Forward to DBBL Payment Gateway Page: https://ecom1.dutchbanglabank.com/ecomm2/ClientHandler?card_type=6&trans_id=DL3u2nSq1r0dGW1JQU2sUMRKykM%3D
2022.6.19 06:12:18#result:TRANSACTION_ID:y7XvSX5MI9doYtagSqnQKPyl0V0=
2022.6.19 06:12:18#Forward to DBBL Payment Gateway Page: https://ecom1.dutchbanglabank.com/ecomm2/ClientHandler?card_type=6&trans_id=y7XvSX5MI9doYtagSqnQKPyl0V0%3D
2022.6.19 06:12:53#---------------------- Complete New Transaction---------------------
2022.6.19 06:12:53#Get trans_id From Post Value:DL3u2nSq1r0dGW1JQU2sUMRKykM=
2022.6.19 06:12:53#clientIp:37.111.212.43
2022.6.19 06:12:53#trans_id:DL3u2nSq1r0dGW1JQU2sUMRKykM=
2022.6.19 06:13:02#result:RESULT>OK^RESULT_CODE>000^3DSECURE>SKIPPED^RRN>217006572224^APPROVAL_CODE>431341^CARD_NUMBER>999999*********1168^AMOUNT>422000^CARDNAME>mb account^DESCRIPTION>6MSC22111191^TRANS_DATE>2022-06-19 12:12:47 PM
2022.6.19 06:13:02#1682019061302
2022.6.19 06:13:02#1682019061302
2022.6.19 06:13:02#1682019061302
2022.6.19 06:13:02#=================== Transaction Completed =======================
2022.6.19 06:14:47#=================== Start New Transaction ===================
2022.6.19 06:14:47#txnrefnum:MBD2007245
2022.6.19 06:14:47#clientIp:202.134.14.146
2022.6.19 06:14:47#card type:6
2022.6.19 06:14:47#totalamount:322000
2022.6.19 06:15:07#result:TRANSACTION_ID:yk7PgIMJSlmRo7X4lRozvxIjVE8=
2022.6.19 06:15:07#Forward to DBBL Payment Gateway Page: https://ecom1.dutchbanglabank.com/ecomm2/ClientHandler?card_type=6&trans_id=yk7PgIMJSlmRo7X4lRozvxIjVE8%3D
2022.6.19 06:15:27#---------------------- Complete New Transaction---------------------
2022.6.19 06:15:27#Get trans_id From Post Value:yk7PgIMJSlmRo7X4lRozvxIjVE8=
2022.6.19 06:15:27#clientIp:202.134.14.146
2022.6.19 06:15:27#trans_id:yk7PgIMJSlmRo7X4lRozvxIjVE8=
2022.6.19 06:15:32#result:RESULT>OK^RESULT_CODE>000^3DSECURE>SKIPPED^RRN>217006572504^APPROVAL_CODE>456902^CARD_NUMBER>999999*********7532^AMOUNT>322000^CARDNAME>mb account^DESCRIPTION>6MBD2007245^TRANS_DATE>2022-06-19 12:15:27 PM
2022.6.19 06:15:32#19446919061532
2022.6.19 06:15:32#19446919061532
2022.6.19 06:15:32#19446919061532
2022.6.19 06:15:32#19446919061532
2022.6.19 06:15:32#=================== Transaction Completed =======================
2022.6.19 06:26:36#=================== Start New Transaction ===================
2022.6.19 06:26:36#txnrefnum:MBD2007376
2022.6.19 06:26:36#clientIp:37.111.212.43
2022.6.19 06:26:36#card type:6
2022.6.19 06:26:36#totalamount:482000
2022.6.19 06:26:58#result:TRANSACTION_ID:4JgWSsLgb1wFP48SD1b3b3HqG14=
2022.6.19 06:26:58#Forward to DBBL Payment Gateway Page: https://ecom1.dutchbanglabank.com/ecomm2/ClientHandler?card_type=6&trans_id=4JgWSsLgb1wFP48SD1b3b3HqG14%3D
2022.6.19 06:27:04#=================== Start New Transaction ===================
2022.6.19 06:27:04#txnrefnum:MSC21111112
2022.6.19 06:27:04#clientIp:103.29.126.75
2022.6.19 06:27:04#card type:6
2022.6.19 06:27:04#totalamount:1105000
2022.6.19 06:27:18#result:TRANSACTION_ID:eSU7OSpvrpD3kJ4rKUFEm8DAM3Q=
2022.6.19 06:27:19#Forward to DBBL Payment Gateway Page: https://ecom1.dutchbanglabank.com/ecomm2/ClientHandler?card_type=6&trans_id=eSU7OSpvrpD3kJ4rKUFEm8DAM3Q%3D
2022.6.19 06:27:48#---------------------- Complete New Transaction---------------------
2022.6.19 06:27:48#Get trans_id From Post Value:4JgWSsLgb1wFP48SD1b3b3HqG14=
2022.6.19 06:27:48#clientIp:37.111.212.43
2022.6.19 06:27:48#trans_id:4JgWSsLgb1wFP48SD1b3b3HqG14=
2022.6.19 06:27:53#result:RESULT>OK^RESULT_CODE>000^3DSECURE>SKIPPED^RRN>217006573864^APPROVAL_CODE>508466^CARD_NUMBER>999999*********1168^AMOUNT>482000^CARDNAME>mb account^DESCRIPTION>6MBD2007376^TRANS_DATE>2022-06-19 12:27:45 PM
2022.6.19 06:27:53#19650919062753
2022.6.19 06:27:53#19650919062753
2022.6.19 06:27:53#19650919062753
2022.6.19 06:27:53#19650919062753
2022.6.19 06:27:53#19650919062753
2022.6.19 06:27:53#19650919062753
2022.6.19 06:27:53#=================== Transaction Completed =======================
2022.6.19 06:29:55#=================== Start New Transaction ===================
2022.6.19 06:29:55#txnrefnum:BBD2008170
2022.6.19 06:29:55#clientIp:114.130.156.248
2022.6.19 06:29:55#card type:6
2022.6.19 06:29:55#totalamount:242000
2022.6.19 06:30:13#result:TRANSACTION_ID:aDtXcLDO5lWIShChpJZczWBPpLA=
2022.6.19 06:30:13#Forward to DBBL Payment Gateway Page: https://ecom1.dutchbanglabank.com/ecomm2/ClientHandler?card_type=6&trans_id=aDtXcLDO5lWIShChpJZczWBPpLA%3D
2022.6.19 06:33:06#=================== Start New Transaction ===================
2022.6.19 06:33:06#txnrefnum:MSC22111090
2022.6.19 06:33:06#clientIp:37.111.212.43
2022.6.19 06:33:06#card type:6
2022.6.19 06:33:06#totalamount:422000
2022.6.19 06:33:13#---------------------- Complete New Transaction---------------------
2022.6.19 06:33:13#Get trans_id From Post Value:aDtXcLDO5lWIShChpJZczWBPpLA=
2022.6.19 06:33:13#clientIp:114.130.156.248
2022.6.19 06:33:13#trans_id:aDtXcLDO5lWIShChpJZczWBPpLA=
2022.6.19 06:33:19#result:RESULT>OK^RESULT_CODE>000^3DSECURE>SKIPPED^RRN>217006574482^APPROVAL_CODE>598629^CARD_NUMBER>999999*********3728^AMOUNT>242000^CARDNAME>mb account^DESCRIPTION>6BBD2008170^TRANS_DATE>2022-06-19 12:33:12 PM
2022.6.19 06:33:19#26964319063319
2022.6.19 06:33:19#26964319063319
2022.6.19 06:33:19#26964319063319
2022.6.19 06:33:19#=================== Transaction Completed =======================
2022.6.19 06:33:23#result:TRANSACTION_ID:v73HMjuqcCgYZSkaFZB9VFknatY=
2022.6.19 06:33:23#Forward to DBBL Payment Gateway Page: https://ecom1.dutchbanglabank.com/ecomm2/ClientHandler?card_type=6&trans_id=v73HMjuqcCgYZSkaFZB9VFknatY%3D
2022.6.19 06:33:45#---------------------- Complete New Transaction---------------------
2022.6.19 06:33:45#Get trans_id From Post Value:v73HMjuqcCgYZSkaFZB9VFknatY=
2022.6.19 06:33:45#clientIp:37.111.212.43
2022.6.19 06:33:45#trans_id:v73HMjuqcCgYZSkaFZB9VFknatY=
2022.6.19 06:33:54#result:RESULT>OK^RESULT_CODE>000^3DSECURE>SKIPPED^RRN>217006574536^APPROVAL_CODE>545797^CARD_NUMBER>999999*********1168^AMOUNT>422000^CARDNAME>mb account^DESCRIPTION>6MSC22111090^TRANS_DATE>2022-06-19 12:33:43 PM
2022.6.19 06:33:54#197619063354
2022.6.19 06:33:54#197619063354
2022.6.19 06:33:54#197619063354
2022.6.19 06:33:54#=================== Transaction Completed =======================
2022.6.19 06:34:59#=================== Start New Transaction ===================
2022.6.19 06:34:59#txnrefnum:BBD2006195
2022.6.19 06:34:59#clientIp:114.130.156.248
2022.6.19 06:34:59#card type:6
2022.6.19 06:34:59#totalamount:242000
2022.6.19 06:35:14#result:TRANSACTION_ID:K6t59CY9niAGbjZG6PlO4chNJF8=
2022.6.19 06:35:14#Forward to DBBL Payment Gateway Page: https://ecom1.dutchbanglabank.com/ecomm2/ClientHandler?card_type=6&trans_id=K6t59CY9niAGbjZG6PlO4chNJF8%3D
2022.6.19 06:36:00#=================== Start New Transaction ===================
2022.6.19 06:36:00#txnrefnum:BBD2006195
2022.6.19 06:36:00#clientIp:114.130.156.248
2022.6.19 06:36:00#card type:6
2022.6.19 06:36:00#totalamount:162000
2022.6.19 06:36:14#=================== Start New Transaction ===================
2022.6.19 06:36:14#txnrefnum:BBD2006195
2022.6.19 06:36:14#clientIp:114.130.156.248
2022.6.19 06:36:14#card type:6
2022.6.19 06:36:14#totalamount:162000
2022.6.19 06:36:25#result:TRANSACTION_ID:ESd4dv5VllDTSOYL5GEWv6ANVNQ=
2022.6.19 06:36:25#Forward to DBBL Payment Gateway Page: https://ecom1.dutchbanglabank.com/ecomm2/ClientHandler?card_type=6&trans_id=ESd4dv5VllDTSOYL5GEWv6ANVNQ%3D
2022.6.19 06:36:29#result:TRANSACTION_ID:U8sNYWd1oMTZHShIMXtEj1Cgkcw=
2022.6.19 06:36:29#Forward to DBBL Payment Gateway Page: https://ecom1.dutchbanglabank.com/ecomm2/ClientHandler?card_type=6&trans_id=U8sNYWd1oMTZHShIMXtEj1Cgkcw%3D
2022.6.19 06:36:58#---------------------- Complete New Transaction---------------------
2022.6.19 06:36:58#Get trans_id From Post Value:U8sNYWd1oMTZHShIMXtEj1Cgkcw=
2022.6.19 06:36:58#clientIp:114.130.156.248
2022.6.19 06:36:58#trans_id:U8sNYWd1oMTZHShIMXtEj1Cgkcw=
2022.6.19 06:37:03#result:RESULT>OK^RESULT_CODE>000^3DSECURE>SKIPPED^RRN>217006574891^APPROVAL_CODE>549418^CARD_NUMBER>999999*********3728^AMOUNT>162000^CARDNAME>mb account^DESCRIPTION>6BBD2006195^TRANS_DATE>2022-06-19 12:36:57 PM
2022.6.19 06:37:03#25282019063703
2022.6.19 06:37:03#25282019063703
2022.6.19 06:37:03#=================== Transaction Completed =======================
2022.6.19 06:37:37#=================== Start New Transaction ===================
2022.6.19 06:37:37#txnrefnum:MSC21110512
2022.6.19 06:37:37#clientIp:37.111.212.43
2022.6.19 06:37:37#card type:6
2022.6.19 06:37:37#totalamount:2023000
2022.6.19 06:37:49#result:TRANSACTION_ID:30b7S40UCD8jXp6RWasrHccQfF0=
2022.6.19 06:37:49#Forward to DBBL Payment Gateway Page: https://ecom1.dutchbanglabank.com/ecomm2/ClientHandler?card_type=6&trans_id=30b7S40UCD8jXp6RWasrHccQfF0%3D
2022.6.19 06:38:13#---------------------- Complete New Transaction---------------------
2022.6.19 06:38:13#Get trans_id From Post Value:30b7S40UCD8jXp6RWasrHccQfF0=
2022.6.19 06:38:13#clientIp:37.111.212.43
2022.6.19 06:38:13#trans_id:30b7S40UCD8jXp6RWasrHccQfF0=
2022.6.19 06:38:18#result:RESULT>OK^RESULT_CODE>000^3DSECURE>SKIPPED^RRN>217006575009^APPROVAL_CODE>610437^CARD_NUMBER>999999*********1168^AMOUNT>2023000^CARDNAME>mb account^DESCRIPTION>6MSC21110512^TRANS_DATE>2022-06-19 12:38:12 PM
2022.6.19 06:38:18#302919063818
2022.6.19 06:38:18#302919063818
2022.6.19 06:38:18#302919063818
2022.6.19 06:38:18#302919063818
2022.6.19 06:38:18#302919063818
2022.6.19 06:38:18#302919063818
2022.6.19 06:38:18#302919063818
2022.6.19 06:38:18#302919063818
2022.6.19 06:38:18#302919063818
2022.6.19 06:38:18#=================== Transaction Completed =======================
2022.6.19 06:43:58#=================== Start New Transaction ===================
2022.6.19 06:43:58#txnrefnum:MSC22110069
2022.6.19 06:43:58#clientIp:37.111.212.43
2022.6.19 06:43:58#card type:6
2022.6.19 06:43:58#totalamount:262000
2022.6.19 06:44:06#result:TRANSACTION_ID:SWWU7JvnGfGgyAXxwOGgDbYqYZQ=
2022.6.19 06:44:06#Forward to DBBL Payment Gateway Page: https://ecom1.dutchbanglabank.com/ecomm2/ClientHandler?card_type=6&trans_id=SWWU7JvnGfGgyAXxwOGgDbYqYZQ%3D
2022.6.19 06:44:32#---------------------- Complete New Transaction---------------------
2022.6.19 06:44:32#Get trans_id From Post Value:SWWU7JvnGfGgyAXxwOGgDbYqYZQ=
2022.6.19 06:44:32#clientIp:37.111.212.43
2022.6.19 06:44:32#trans_id:SWWU7JvnGfGgyAXxwOGgDbYqYZQ=
2022.6.19 06:44:35#result:RESULT>OK^RESULT_CODE>000^3DSECURE>SKIPPED^RRN>217006575626^APPROVAL_CODE>624572^CARD_NUMBER>999999*********1168^AMOUNT>262000^CARDNAME>mb account^DESCRIPTION>6MSC22110069^TRANS_DATE>2022-06-19 12:44:30 PM
2022.6.19 06:44:35#1437219064435
2022.6.19 06:44:35#1437219064435
2022.6.19 06:44:35#=================== Transaction Completed =======================
2022.6.19 06:56:47#=================== Start New Transaction ===================
2022.6.19 06:56:47#txnrefnum:BBD2008203
2022.6.19 06:56:47#clientIp:114.130.156.248
2022.6.19 06:56:47#card type:6
2022.6.19 06:56:47#totalamount:402000
2022.6.19 06:56:56#result:TRANSACTION_ID:ZeE8oDel2HmA4qXJbvK2L5DiPpU=
2022.6.19 06:56:56#Forward to DBBL Payment Gateway Page: https://ecom1.dutchbanglabank.com/ecomm2/ClientHandler?card_type=6&trans_id=ZeE8oDel2HmA4qXJbvK2L5DiPpU%3D
2022.6.19 06:58:10#---------------------- Complete New Transaction---------------------
2022.6.19 06:58:10#Get trans_id From Post Value:ZeE8oDel2HmA4qXJbvK2L5DiPpU=
2022.6.19 06:58:10#clientIp:114.130.156.248
2022.6.19 06:58:10#trans_id:ZeE8oDel2HmA4qXJbvK2L5DiPpU=
2022.6.19 06:58:12#result:RESULT>OK^RESULT_CODE>000^3DSECURE>SKIPPED^RRN>217006577025^APPROVAL_CODE>664594^CARD_NUMBER>999999*********6175^AMOUNT>402000^CARDNAME>mb account^DESCRIPTION>6BBD2008203^TRANS_DATE>2022-06-19 12:58:08 PM
2022.6.19 06:58:12#26976119065812
2022.6.19 06:58:12#26976119065812
2022.6.19 06:58:12#26976119065812
2022.6.19 06:58:12#26976119065812
2022.6.19 06:58:12#26976119065812
2022.6.19 06:58:12#=================== Transaction Completed =======================
2022.6.19 07:07:43#=================== Start New Transaction ===================
2022.6.19 07:07:43#txnrefnum:MBD2005090
2022.6.19 07:07:43#clientIp:37.111.212.43
2022.6.19 07:07:43#card type:6
2022.6.19 07:07:43#totalamount:242000
2022.6.19 07:07:48#result:TRANSACTION_ID:mSJXEGzRL65SS6QnZQHx6wVfAkQ=
2022.6.19 07:07:48#Forward to DBBL Payment Gateway Page: https://ecom1.dutchbanglabank.com/ecomm2/ClientHandler?card_type=6&trans_id=mSJXEGzRL65SS6QnZQHx6wVfAkQ%3D
2022.6.19 07:08:22#---------------------- Complete New Transaction---------------------
2022.6.19 07:08:22#Get trans_id From Post Value:mSJXEGzRL65SS6QnZQHx6wVfAkQ=
2022.6.19 07:08:22#clientIp:37.111.212.43
2022.6.19 07:08:22#trans_id:mSJXEGzRL65SS6QnZQHx6wVfAkQ=
2022.6.19 07:08:25#result:RESULT>OK^RESULT_CODE>000^3DSECURE>SKIPPED^RRN>217007578093^APPROVAL_CODE>728109^CARD_NUMBER>999999*********1168^AMOUNT>242000^CARDNAME>mb account^DESCRIPTION>6MBD2005090^TRANS_DATE>2022-06-19 01:08:21 PM
2022.6.19 07:08:25#16193919070825
2022.6.19 07:08:25#16193919070825
2022.6.19 07:08:25#16193919070825
2022.6.19 07:08:25#=================== Transaction Completed =======================
2022.6.19 08:00:13#=================== Start New Transaction ===================
2022.6.19 08:00:13#txnrefnum:MSC21111249
2022.6.19 08:00:13#clientIp:202.134.10.141
2022.6.19 08:00:13#card type:6
2022.6.19 08:00:13#totalamount:2225000
2022.6.19 08:00:18#result:TRANSACTION_ID:jcgNpTPkJHUoO6DRR5GsU2sal6k=
2022.6.19 08:00:18#Forward to DBBL Payment Gateway Page: https://ecom1.dutchbanglabank.com/ecomm2/ClientHandler?card_type=6&trans_id=jcgNpTPkJHUoO6DRR5GsU2sal6k%3D
2022.6.19 08:22:52#=================== Start New Transaction ===================
2022.6.19 08:22:52#txnrefnum:MSC21111249
2022.6.19 08:22:52#clientIp:37.111.212.189
2022.6.19 08:22:52#card type:6
2022.6.19 08:22:52#totalamount:2225000
2022.6.19 08:22:56#result:TRANSACTION_ID:bJbrF5Q4aQd5hGa5YBnVrYsgj04=
2022.6.19 08:22:56#Forward to DBBL Payment Gateway Page: https://ecom1.dutchbanglabank.com/ecomm2/ClientHandler?card_type=6&trans_id=bJbrF5Q4aQd5hGa5YBnVrYsgj04%3D
2022.6.19 08:23:37#=================== Start New Transaction ===================
2022.6.19 08:23:37#txnrefnum:MSC21111249
2022.6.19 08:23:37#clientIp:37.111.212.189
2022.6.19 08:23:37#card type:6
2022.6.19 08:23:37#totalamount:2225000
2022.6.19 08:23:42#result:TRANSACTION_ID:GkPOz0CfP0zDi0QymVFy5XPWAqg=
2022.6.19 08:23:42#Forward to DBBL Payment Gateway Page: https://ecom1.dutchbanglabank.com/ecomm2/ClientHandler?card_type=6&trans_id=GkPOz0CfP0zDi0QymVFy5XPWAqg%3D
2022.6.19 08:31:04#=================== Start New Transaction ===================
2022.6.19 08:31:04#txnrefnum:MSC21111112
2022.6.19 08:31:04#clientIp:27.54.148.174
2022.6.19 08:31:04#card type:6
2022.6.19 08:31:04#totalamount:625000
2022.6.19 08:31:11#result:TRANSACTION_ID:Tb1z0drfnINwQUgn8S2aFThV8nc=
2022.6.19 08:31:11#Forward to DBBL Payment Gateway Page: https://ecom1.dutchbanglabank.com/ecomm2/ClientHandler?card_type=6&trans_id=Tb1z0drfnINwQUgn8S2aFThV8nc%3D
2022.6.19 08:31:45#---------------------- Complete New Transaction---------------------
2022.6.19 08:31:45#Get trans_id From Post Value:Tb1z0drfnINwQUgn8S2aFThV8nc=
2022.6.19 08:31:45#clientIp:27.54.148.174
2022.6.19 08:31:45#trans_id:Tb1z0drfnINwQUgn8S2aFThV8nc=
2022.6.19 08:31:50#result:RESULT>OK^RESULT_CODE>000^3DSECURE>SKIPPED^RRN>217008585972^APPROVAL_CODE>089670^CARD_NUMBER>999999*********5363^AMOUNT>625000^CARDNAME>mb account^DESCRIPTION>6MSC21111112^TRANS_DATE>2022-06-19 02:31:44 PM
2022.6.19 08:31:50#626419083150
2022.6.19 08:31:50#626419083150
2022.6.19 08:31:50#626419083150
2022.6.19 08:31:50#626419083150
2022.6.19 08:31:50#=================== Transaction Completed =======================
2022.6.19 08:52:47#=================== Start New Transaction ===================
2022.6.19 08:52:47#txnrefnum:MSC21111249
2022.6.19 08:52:47#clientIp:202.134.10.141
2022.6.19 08:52:47#card type:6
2022.6.19 08:52:47#totalamount:2225000
2022.6.19 08:52:53#result:TRANSACTION_ID:Qkv7VmkehWT2F6aW0EJ3zqaZbkE=
2022.6.19 08:52:53#Forward to DBBL Payment Gateway Page: https://ecom1.dutchbanglabank.com/ecomm2/ClientHandler?card_type=6&trans_id=Qkv7VmkehWT2F6aW0EJ3zqaZbkE%3D
2022.6.19 09:00:36#---------------------- Complete New Transaction---------------------
2022.6.19 09:00:36#Get trans_id From Post Value:Qkv7VmkehWT2F6aW0EJ3zqaZbkE=
2022.6.19 09:00:36#clientIp:202.134.10.141
2022.6.19 09:00:36#trans_id:Qkv7VmkehWT2F6aW0EJ3zqaZbkE=
2022.6.19 09:00:38#result:RESULT>TIMEOUT^RESULT_CODE>999^3DSECURE>0^RRN>0^APPROVAL_CODE>0^CARD_NUMBER>0^AMOUNT>2225000^CARDNAME>0^DESCRIPTION>6MSC21111249^TRANS_DATE>2022-06-19 03:00:35 PM
2022.6.19 09:00:38#Failed
2022.6.19 09:05:47#=================== Start New Transaction ===================
2022.6.19 09:05:47#txnrefnum:MBD2209530
2022.6.19 09:05:47#clientIp:202.134.14.146
2022.6.19 09:05:47#card type:6
2022.6.19 09:05:47#totalamount:2000
2022.6.19 09:05:51#result:TRANSACTION_ID:SjcomtlCQzdkfvRFIbNMDEOFuvE=
2022.6.19 09:05:51#Forward to DBBL Payment Gateway Page: https://ecom1.dutchbanglabank.com/ecomm2/ClientHandler?card_type=6&trans_id=SjcomtlCQzdkfvRFIbNMDEOFuvE%3D
2022.6.19 09:07:28#=================== Start New Transaction ===================
2022.6.19 09:07:28#txnrefnum:MSC21111249
2022.6.19 09:07:28#clientIp:202.134.10.141
2022.6.19 09:07:28#card type:6
2022.6.19 09:07:28#totalamount:2225000
2022.6.19 09:07:32#result:TRANSACTION_ID:86dflp79lEwOv5UAZw2Dn6biH2o=
2022.6.19 09:07:32#Forward to DBBL Payment Gateway Page: https://ecom1.dutchbanglabank.com/ecomm2/ClientHandler?card_type=6&trans_id=86dflp79lEwOv5UAZw2Dn6biH2o%3D
2022.6.19 09:08:15#---------------------- Complete New Transaction---------------------
2022.6.19 09:08:15#Get trans_id From Post Value:86dflp79lEwOv5UAZw2Dn6biH2o=
2022.6.19 09:08:15#clientIp:202.134.10.141
2022.6.19 09:08:15#trans_id:86dflp79lEwOv5UAZw2Dn6biH2o=
2022.6.19 09:08:17#result:RESULT>OK^RESULT_CODE>000^3DSECURE>SKIPPED^RRN>217009589373^APPROVAL_CODE>199207^CARD_NUMBER>999999*********8017^AMOUNT>2225000^CARDNAME>mb account^DESCRIPTION>6MSC21111249^TRANS_DATE>2022-06-19 03:08:14 PM
2022.6.19 09:08:18#790119090817
2022.6.19 09:08:18#790119090817
2022.6.19 09:08:18#790119090817
2022.6.19 09:08:18#790119090817
2022.6.19 09:08:18#790119090817
2022.6.19 09:08:18#790119090817
2022.6.19 09:08:18#790119090817
2022.6.19 09:08:18#790119090817
2022.6.19 09:08:18#790119090817
2022.6.19 09:08:18#790119090817
2022.6.19 09:08:18#790119090817
2022.6.19 09:08:18#790119090817
2022.6.19 09:08:18#790119090817
2022.6.19 09:08:18#790119090817
2022.6.19 09:08:18#=================== Transaction Completed =======================
2022.6.19 09:19:38#=================== Start New Transaction ===================
2022.6.19 09:19:38#txnrefnum:BBD2008097
2022.6.19 09:19:38#clientIp:103.120.36.213
2022.6.19 09:19:38#card type:6
2022.6.19 09:19:38#totalamount:322000
2022.6.19 09:19:42#result:TRANSACTION_ID:1kSc2Js2MLklyhdzCSlrdtaA2d4=
2022.6.19 09:19:42#Forward to DBBL Payment Gateway Page: https://ecom1.dutchbanglabank.com/ecomm2/ClientHandler?card_type=6&trans_id=1kSc2Js2MLklyhdzCSlrdtaA2d4%3D
2022.6.19 09:19:47#=================== Start New Transaction ===================
2022.6.19 09:19:47#txnrefnum:BBD2008097
2022.6.19 09:19:47#clientIp:103.120.36.213
2022.6.19 09:19:47#card type:6
2022.6.19 09:19:47#totalamount:322000
2022.6.19 09:19:50#result:TRANSACTION_ID:Pb9dvjsEGxKRl4LSMjxudVYPH6I=
2022.6.19 09:19:50#Forward to DBBL Payment Gateway Page: https://ecom1.dutchbanglabank.com/ecomm2/ClientHandler?card_type=6&trans_id=Pb9dvjsEGxKRl4LSMjxudVYPH6I%3D
2022.6.19 09:21:08#=================== Start New Transaction ===================
2022.6.19 09:21:08#txnrefnum:BBD2008097
2022.6.19 09:21:08#clientIp:103.120.36.213
2022.6.19 09:21:08#card type:6
2022.6.19 09:21:08#totalamount:322000
2022.6.19 09:21:14#result:TRANSACTION_ID:zwPMyUzC5ZPBHr9dOSKRRE1UEGw=
2022.6.19 09:21:14#Forward to DBBL Payment Gateway Page: https://ecom1.dutchbanglabank.com/ecomm2/ClientHandler?card_type=6&trans_id=zwPMyUzC5ZPBHr9dOSKRRE1UEGw%3D
2022.6.19 09:24:38#=================== Start New Transaction ===================
2022.6.19 09:24:38#txnrefnum:BBD2008097
2022.6.19 09:24:38#clientIp:103.120.36.213
2022.6.19 09:24:38#card type:6
2022.6.19 09:24:38#totalamount:322000
2022.6.19 09:24:42#result:TRANSACTION_ID:9tNBApdukcUBfS4YX53oDET4Swg=
2022.6.19 09:24:42#Forward to DBBL Payment Gateway Page: https://ecom1.dutchbanglabank.com/ecomm2/ClientHandler?card_type=6&trans_id=9tNBApdukcUBfS4YX53oDET4Swg%3D
2022.6.19 09:26:19#=================== Start New Transaction ===================
2022.6.19 09:26:19#txnrefnum:BBD2008097
2022.6.19 09:26:19#clientIp:103.120.36.213
2022.6.19 09:26:19#card type:6
2022.6.19 09:26:19#totalamount:322000
2022.6.19 09:26:23#result:TRANSACTION_ID:bqCVRUzfdFshsVlhp9rboPpEGic=
2022.6.19 09:26:23#Forward to DBBL Payment Gateway Page: https://ecom1.dutchbanglabank.com/ecomm2/ClientHandler?card_type=6&trans_id=bqCVRUzfdFshsVlhp9rboPpEGic%3D
2022.6.19 09:26:45#=================== Start New Transaction ===================
2022.6.19 09:26:45#txnrefnum:MSC22110054
2022.6.19 09:26:45#clientIp:37.111.212.189
2022.6.19 09:26:45#card type:6
2022.6.19 09:26:45#totalamount:162000
2022.6.19 09:26:56#result:TRANSACTION_ID:5Chf7XD51fGNeRSUm3asevsPvAM=
2022.6.19 09:26:56#Forward to DBBL Payment Gateway Page: https://ecom1.dutchbanglabank.com/ecomm2/ClientHandler?card_type=6&trans_id=5Chf7XD51fGNeRSUm3asevsPvAM%3D
2022.6.19 09:27:47#---------------------- Complete New Transaction---------------------
2022.6.19 09:27:47#Get trans_id From Post Value:5Chf7XD51fGNeRSUm3asevsPvAM=
2022.6.19 09:27:47#clientIp:37.111.212.189
2022.6.19 09:27:47#trans_id:5Chf7XD51fGNeRSUm3asevsPvAM=
2022.6.19 09:27:49#result:RESULT>OK^RESULT_CODE>000^3DSECURE>SKIPPED^RRN>217009591074^APPROVAL_CODE>118903^CARD_NUMBER>999999*********8685^AMOUNT>162000^CARDNAME>mb account^DESCRIPTION>6MSC22110054^TRANS_DATE>2022-06-19 03:27:42 PM
2022.6.19 09:27:49#1430019092749
2022.6.19 09:27:49#=================== Transaction Completed =======================
2022.6.19 09:48:00#=================== Start New Transaction ===================
2022.6.19 09:48:00#txnrefnum:MSC22110016
2022.6.19 09:48:00#clientIp:116.206.254.113
2022.6.19 09:48:00#card type:6
2022.6.19 09:48:00#totalamount:262000
2022.6.19 09:48:06#result:TRANSACTION_ID:S2BZ4mA5dYTVQAyKZkj4diYqgOE=
2022.6.19 09:48:07#Forward to DBBL Payment Gateway Page: https://ecom1.dutchbanglabank.com/ecomm2/ClientHandler?card_type=6&trans_id=S2BZ4mA5dYTVQAyKZkj4diYqgOE%3D
2022.6.19 09:49:14#---------------------- Complete New Transaction---------------------
2022.6.19 09:49:14#Get trans_id From Post Value:S2BZ4mA5dYTVQAyKZkj4diYqgOE=
2022.6.19 09:49:14#clientIp:116.206.254.113
2022.6.19 09:49:14#trans_id:S2BZ4mA5dYTVQAyKZkj4diYqgOE=
2022.6.19 09:49:17#result:RESULT>OK^RESULT_CODE>000^3DSECURE>SKIPPED^RRN>217009593011^APPROVAL_CODE>302657^CARD_NUMBER>999999*********7386^AMOUNT>262000^CARDNAME>mb account^DESCRIPTION>6MSC22110016^TRANS_DATE>2022-06-19 03:49:13 PM
2022.6.19 09:49:17#1478019094917
2022.6.19 09:49:17#1478019094917
2022.6.19 09:49:17#=================== Transaction Completed =======================
2022.6.19 09:52:47#=================== Start New Transaction ===================
2022.6.19 09:52:47#txnrefnum:BBD2008097
2022.6.19 09:52:47#clientIp:114.130.156.48
2022.6.19 09:52:47#card type:6
2022.6.19 09:52:47#totalamount:322000
2022.6.19 09:52:50#result:TRANSACTION_ID:PNoATlKlUF7dagLZA1X5IQKRaNQ=
2022.6.19 09:52:50#Forward to DBBL Payment Gateway Page: https://ecom1.dutchbanglabank.com/ecomm2/ClientHandler?card_type=6&trans_id=PNoATlKlUF7dagLZA1X5IQKRaNQ%3D
2022.6.19 09:56:04#---------------------- Complete New Transaction---------------------
2022.6.19 09:56:04#Get trans_id From Post Value:PNoATlKlUF7dagLZA1X5IQKRaNQ=
2022.6.19 09:56:04#clientIp:114.130.156.48
2022.6.19 09:56:04#trans_id:PNoATlKlUF7dagLZA1X5IQKRaNQ=
2022.6.19 09:56:07#result:RESULT>OK^RESULT_CODE>000^3DSECURE>SKIPPED^RRN>217009593598^APPROVAL_CODE>311671^CARD_NUMBER>999999*********3728^AMOUNT>322000^CARDNAME>mb account^DESCRIPTION>6BBD2008097^TRANS_DATE>2022-06-19 03:56:03 PM
2022.6.19 09:56:07#26773519095607
2022.6.19 09:56:07#26773519095607
2022.6.19 09:56:07#26773519095607
2022.6.19 09:56:07#26773519095607
2022.6.19 09:56:07#=================== Transaction Completed =======================
2022.6.19 10:04:41#=================== Start New Transaction ===================
2022.6.19 10:04:41#txnrefnum:MSC21111086
2022.6.19 10:04:41#clientIp:103.173.60.54
2022.6.19 10:04:41#card type:6
2022.6.19 10:04:41#totalamount:2225000
2022.6.19 10:04:46#result:TRANSACTION_ID:vQBhOWnHxWGtyWQUcjbbEZRbMxI=
2022.6.19 10:04:46#Forward to DBBL Payment Gateway Page: https://ecom1.dutchbanglabank.com/ecomm2/ClientHandler?card_type=6&trans_id=vQBhOWnHxWGtyWQUcjbbEZRbMxI%3D
2022.6.19 10:07:28#=================== Start New Transaction ===================
2022.6.19 10:07:28#txnrefnum:MBD2003082
2022.6.19 10:07:28#clientIp:202.134.14.146
2022.6.19 10:07:28#card type:6
2022.6.19 10:07:28#totalamount:142000
2022.6.19 10:07:33#result:TRANSACTION_ID:ESNisUKyLnKSKbi1xxCdodbpbo4=
2022.6.19 10:07:33#Forward to DBBL Payment Gateway Page: https://ecom1.dutchbanglabank.com/ecomm2/ClientHandler?card_type=6&trans_id=ESNisUKyLnKSKbi1xxCdodbpbo4%3D
2022.6.19 10:08:03#---------------------- Complete New Transaction---------------------
2022.6.19 10:08:03#Get trans_id From Post Value:ESNisUKyLnKSKbi1xxCdodbpbo4=
2022.6.19 10:08:03#clientIp:202.134.14.146
2022.6.19 10:08:03#trans_id:ESNisUKyLnKSKbi1xxCdodbpbo4=
2022.6.19 10:08:05#result:RESULT>FAILED^RESULT_CODE>912^3DSECURE>SKIPPED^RRN>217010594599^APPROVAL_CODE>0^CARD_NUMBER>999999*********7532^AMOUNT>142000^CARDNAME>mb account^DESCRIPTION>6MBD2003082^TRANS_DATE>2022-06-19 04:08:02 PM
2022.6.19 10:08:05#Failed
2022.6.19 10:09:33#=================== Start New Transaction ===================
2022.6.19 10:09:33#txnrefnum:MBD2003082
2022.6.19 10:09:33#clientIp:202.134.14.146
2022.6.19 10:09:33#card type:6
2022.6.19 10:09:33#totalamount:142000
2022.6.19 10:09:38#result:TRANSACTION_ID:SYkIHE88A6b1Rp41yPVAjd94nu0=
2022.6.19 10:09:38#Forward to DBBL Payment Gateway Page: https://ecom1.dutchbanglabank.com/ecomm2/ClientHandler?card_type=6&trans_id=SYkIHE88A6b1Rp41yPVAjd94nu0%3D
2022.6.19 10:10:02#---------------------- Complete New Transaction---------------------
2022.6.19 10:10:02#Get trans_id From Post Value:SYkIHE88A6b1Rp41yPVAjd94nu0=
2022.6.19 10:10:02#clientIp:202.134.14.146
2022.6.19 10:10:02#trans_id:SYkIHE88A6b1Rp41yPVAjd94nu0=
2022.6.19 10:10:04#result:RESULT>FAILED^RESULT_CODE>912^3DSECURE>SKIPPED^RRN>217010594776^APPROVAL_CODE>0^CARD_NUMBER>999999*********7532^AMOUNT>142000^CARDNAME>mb account^DESCRIPTION>6MBD2003082^TRANS_DATE>2022-06-19 04:10:01 PM
2022.6.19 10:10:04#Failed
2022.6.19 10:32:53#=================== Start New Transaction ===================
2022.6.19 10:32:53#txnrefnum:MBD2003082
2022.6.19 10:32:53#clientIp:202.134.14.146
2022.6.19 10:32:53#card type:6
2022.6.19 10:32:53#totalamount:142000
2022.6.19 10:32:57#result:TRANSACTION_ID:JQrdN2SSH0zWsF97cpNfKSGm9hs=
2022.6.19 10:32:57#Forward to DBBL Payment Gateway Page: https://ecom1.dutchbanglabank.com/ecomm2/ClientHandler?card_type=6&trans_id=JQrdN2SSH0zWsF97cpNfKSGm9hs%3D
2022.6.19 10:33:18#---------------------- Complete New Transaction---------------------
2022.6.19 10:33:18#Get trans_id From Post Value:JQrdN2SSH0zWsF97cpNfKSGm9hs=
2022.6.19 10:33:18#clientIp:202.134.14.146
2022.6.19 10:33:18#trans_id:JQrdN2SSH0zWsF97cpNfKSGm9hs=
2022.6.19 10:33:21#result:RESULT>OK^RESULT_CODE>000^3DSECURE>SKIPPED^RRN>217010596851^APPROVAL_CODE>507001^CARD_NUMBER>999999*********7532^AMOUNT>142000^CARDNAME>mb account^DESCRIPTION>6MBD2003082^TRANS_DATE>2022-06-19 04:33:18 PM
2022.6.19 10:33:21#12785819103321
2022.6.19 10:33:21#12785819103321
2022.6.19 10:33:21#=================== Transaction Completed =======================
2022.6.19 10:34:56#=================== Start New Transaction ===================
2022.6.19 10:34:56#txnrefnum:MSC21111091
2022.6.19 10:34:56#clientIp:37.111.211.152
2022.6.19 10:34:56#card type:6
2022.6.19 10:34:56#totalamount:1105000
2022.6.19 10:35:02#result:TRANSACTION_ID:zEw3qxkjElMSPVaJPDJVe0qESKc=
2022.6.19 10:35:02#Forward to DBBL Payment Gateway Page: https://ecom1.dutchbanglabank.com/ecomm2/ClientHandler?card_type=6&trans_id=zEw3qxkjElMSPVaJPDJVe0qESKc%3D
2022.6.19 10:36:09#---------------------- Complete New Transaction---------------------
2022.6.19 10:36:09#Get trans_id From Post Value:zEw3qxkjElMSPVaJPDJVe0qESKc=
2022.6.19 10:36:09#clientIp:37.111.211.152
2022.6.19 10:36:09#trans_id:zEw3qxkjElMSPVaJPDJVe0qESKc=
2022.6.19 10:36:11#result:RESULT>FAILED^RESULT_CODE>116^3DSECURE>SKIPPED^RRN>217010597109^APPROVAL_CODE>0^CARD_NUMBER>999999*********3839^AMOUNT>1105000^CARDNAME>mb account^DESCRIPTION>6MSC21111091^TRANS_DATE>2022-06-19 04:36:06 PM
2022.6.19 10:36:11#Not Sufficient Amount
2022.6.19 10:39:14#=================== Start New Transaction ===================
2022.6.19 10:39:14#txnrefnum:MSC21111091
2022.6.19 10:39:14#clientIp:37.111.211.152
2022.6.19 10:39:14#card type:6
2022.6.19 10:39:14#totalamount:1105000
2022.6.19 10:39:17#result:TRANSACTION_ID:kh8vCUIG02VNpRIQIqjrZnDHHgg=
2022.6.19 10:39:18#Forward to DBBL Payment Gateway Page: https://ecom1.dutchbanglabank.com/ecomm2/ClientHandler?card_type=6&trans_id=kh8vCUIG02VNpRIQIqjrZnDHHgg%3D
2022.6.19 10:39:19#=================== Start New Transaction ===================
2022.6.19 10:39:19#txnrefnum:MSC21111091
2022.6.19 10:39:19#clientIp:37.111.211.152
2022.6.19 10:39:19#card type:6
2022.6.19 10:39:19#totalamount:1105000
2022.6.19 10:39:23#result:TRANSACTION_ID:RP9qCM6ZOkKid1fEwoQLntu7hDU=
2022.6.19 10:39:23#Forward to DBBL Payment Gateway Page: https://ecom1.dutchbanglabank.com/ecomm2/ClientHandler?card_type=6&trans_id=RP9qCM6ZOkKid1fEwoQLntu7hDU%3D
2022.6.19 10:40:35#=================== Start New Transaction ===================
2022.6.19 10:40:35#txnrefnum:MSC21111091
2022.6.19 10:40:35#clientIp:37.111.211.152
2022.6.19 10:40:35#card type:6
2022.6.19 10:40:35#totalamount:1105000
2022.6.19 10:40:40#result:TRANSACTION_ID:BqcjKLqEJenPCXDiPhOIpxYYSjc=
2022.6.19 10:40:40#Forward to DBBL Payment Gateway Page: https://ecom1.dutchbanglabank.com/ecomm2/ClientHandler?card_type=6&trans_id=BqcjKLqEJenPCXDiPhOIpxYYSjc%3D
2022.6.19 10:40:43#=================== Start New Transaction ===================
2022.6.19 10:40:43#txnrefnum:MSC21111091
2022.6.19 10:40:43#clientIp:37.111.211.152
2022.6.19 10:40:43#card type:6
2022.6.19 10:40:43#totalamount:1105000
2022.6.19 10:40:47#result:TRANSACTION_ID:kqWBhXiF5btuCahnH66wgXK2z4E=
2022.6.19 10:40:48#Forward to DBBL Payment Gateway Page: https://ecom1.dutchbanglabank.com/ecomm2/ClientHandler?card_type=6&trans_id=kqWBhXiF5btuCahnH66wgXK2z4E%3D
2022.6.19 10:41:22#=================== Start New Transaction ===================
2022.6.19 10:41:22#txnrefnum:MSC21111091
2022.6.19 10:41:22#clientIp:37.111.211.152
2022.6.19 10:41:22#card type:6
2022.6.19 10:41:22#totalamount:1105000
2022.6.19 10:41:26#result:TRANSACTION_ID:PSYLiMzsvb8evtEAeSvfejMVbas=
2022.6.19 10:41:26#Forward to DBBL Payment Gateway Page: https://ecom1.dutchbanglabank.com/ecomm2/ClientHandler?card_type=6&trans_id=PSYLiMzsvb8evtEAeSvfejMVbas%3D
2022.6.19 10:42:27#---------------------- Complete New Transaction---------------------
2022.6.19 10:42:27#Get trans_id From Post Value:PSYLiMzsvb8evtEAeSvfejMVbas=
2022.6.19 10:42:27#clientIp:37.111.211.152
2022.6.19 10:42:27#trans_id:PSYLiMzsvb8evtEAeSvfejMVbas=
2022.6.19 10:42:29#result:RESULT>OK^RESULT_CODE>000^3DSECURE>SKIPPED^RRN>217010597660^APPROVAL_CODE>475365^CARD_NUMBER>999999*********3839^AMOUNT>1105000^CARDNAME>mb account^DESCRIPTION>6MSC21111091^TRANS_DATE>2022-06-19 04:42:25 PM
2022.6.19 10:42:29#600619104229
2022.6.19 10:42:29#600619104229
2022.6.19 10:42:29#600619104229
2022.6.19 10:42:29#600619104229
2022.6.19 10:42:29#600619104229
2022.6.19 10:42:29#600619104229
2022.6.19 10:42:29#600619104229
2022.6.19 10:42:29#=================== Transaction Completed =======================
2022.6.19 10:48:16#=================== Start New Transaction ===================
2022.6.19 10:48:16#txnrefnum:MSC22111288
2022.6.19 10:48:16#clientIp:103.177.166.34
2022.6.19 10:48:16#card type:6
2022.6.19 10:48:16#totalamount:102000
2022.6.19 10:48:21#result:TRANSACTION_ID:3TJOS5QvTaJvPvRqLJAounvP8vY=
2022.6.19 10:48:21#Forward to DBBL Payment Gateway Page: https://ecom1.dutchbanglabank.com/ecomm2/ClientHandler?card_type=6&trans_id=3TJOS5QvTaJvPvRqLJAounvP8vY%3D
2022.6.19 10:49:40#---------------------- Complete New Transaction---------------------
2022.6.19 10:49:40#Get trans_id From Post Value:3TJOS5QvTaJvPvRqLJAounvP8vY=
2022.6.19 10:49:40#clientIp:103.177.166.34
2022.6.19 10:49:40#trans_id:3TJOS5QvTaJvPvRqLJAounvP8vY=
2022.6.19 10:49:42#result:RESULT>OK^RESULT_CODE>000^3DSECURE>SKIPPED^RRN>217010598248^APPROVAL_CODE>415749^CARD_NUMBER>999999*********7653^AMOUNT>102000^CARDNAME>mb account^DESCRIPTION>6MSC22111288^TRANS_DATE>2022-06-19 04:49:38 PM
2022.6.19 10:49:42#32094919104942
2022.6.19 10:49:42#=================== Transaction Completed =======================
2022.6.19 11:03:44#=================== Start New Transaction ===================
2022.6.19 11:03:44#txnrefnum:MSC21111091
2022.6.19 11:03:44#clientIp:202.134.9.159
2022.6.19 11:03:44#card type:6
2022.6.19 11:03:44#totalamount:2000
2022.6.19 11:03:51#result:TRANSACTION_ID:z3JHvBXCZUhIAaw3TzztNiSPJX8=
2022.6.19 11:03:51#Forward to DBBL Payment Gateway Page: https://ecom1.dutchbanglabank.com/ecomm2/ClientHandler?card_type=6&trans_id=z3JHvBXCZUhIAaw3TzztNiSPJX8%3D
2022.6.19 11:03:51#=================== Start New Transaction ===================
2022.6.19 11:03:51#txnrefnum:MSC21111091
2022.6.19 11:03:51#clientIp:202.134.9.159
2022.6.19 11:03:51#card type:6
2022.6.19 11:03:51#totalamount:2000
2022.6.19 11:03:56#result:TRANSACTION_ID:dS1fGaMA7mnJDHxKsqkHeYugTsg=
2022.6.19 11:03:56#Forward to DBBL Payment Gateway Page: https://ecom1.dutchbanglabank.com/ecomm2/ClientHandler?card_type=6&trans_id=dS1fGaMA7mnJDHxKsqkHeYugTsg%3D
2022.6.19 12:30:53#=================== Start New Transaction ===================
2022.6.19 12:30:53#txnrefnum:MBD2008371
2022.6.19 12:30:53#clientIp:103.126.21.8
2022.6.19 12:30:53#card type:6
2022.6.19 12:30:53#totalamount:82000
2022.6.19 12:30:58#result:TRANSACTION_ID:MTPeZkj0GEYbfrT1G1uSnppo4PI=
2022.6.19 12:30:58#Forward to DBBL Payment Gateway Page: https://ecom1.dutchbanglabank.com/ecomm2/ClientHandler?card_type=6&trans_id=MTPeZkj0GEYbfrT1G1uSnppo4PI%3D
2022.6.19 14:18:45#=================== Start New Transaction ===================
2022.6.19 14:18:45#txnrefnum:BBD2007100
2022.6.19 14:18:45#clientIp:123.253.65.225
2022.6.19 14:18:45#card type:6
2022.6.19 14:18:45#totalamount:1022000
2022.6.19 14:18:56#result:TRANSACTION_ID:22c1Zn2o4Lj1RcPtl8wq876Pkj0=
2022.6.19 14:18:56#Forward to DBBL Payment Gateway Page: https://ecom1.dutchbanglabank.com/ecomm2/ClientHandler?card_type=6&trans_id=22c1Zn2o4Lj1RcPtl8wq876Pkj0%3D
2022.6.19 14:19:19#---------------------- Complete New Transaction---------------------
2022.6.19 14:19:19#Get trans_id From Post Value:22c1Zn2o4Lj1RcPtl8wq876Pkj0=
2022.6.19 14:19:19#clientIp:123.253.65.225
2022.6.19 14:19:19#trans_id:22c1Zn2o4Lj1RcPtl8wq876Pkj0=
2022.6.19 14:19:21#result:RESULT>FAILED^RESULT_CODE>116^3DSECURE>SKIPPED^RRN>217014615776^APPROVAL_CODE>0^CARD_NUMBER>999999*********0138^AMOUNT>1022000^CARDNAME>mb account^DESCRIPTION>6BBD2007100^TRANS_DATE>2022-06-19 08:19:18 PM
2022.6.19 14:19:21#Not Sufficient Amount
2022.6.19 14:20:17#=================== Start New Transaction ===================
2022.6.19 14:20:17#txnrefnum:BBD2007100
2022.6.19 14:20:17#clientIp:123.253.65.225
2022.6.19 14:20:17#card type:6
2022.6.19 14:20:17#totalamount:1022000
2022.6.19 14:20:24#result:TRANSACTION_ID:987iPTS2y74fB1XPfBVSloRStkc=
2022.6.19 14:20:24#Forward to DBBL Payment Gateway Page: https://ecom1.dutchbanglabank.com/ecomm2/ClientHandler?card_type=6&trans_id=987iPTS2y74fB1XPfBVSloRStkc%3D
2022.6.19 14:23:08#---------------------- Complete New Transaction---------------------
2022.6.19 14:23:08#Get trans_id From Post Value:987iPTS2y74fB1XPfBVSloRStkc=
2022.6.19 14:23:08#clientIp:123.253.65.225
2022.6.19 14:23:08#trans_id:987iPTS2y74fB1XPfBVSloRStkc=
2022.6.19 14:23:11#result:RESULT>OK^RESULT_CODE>000^3DSECURE>SKIPPED^RRN>217014616092^APPROVAL_CODE>608284^CARD_NUMBER>999999*********0138^AMOUNT>1022000^CARDNAME>mb account^DESCRIPTION>6BBD2007100^TRANS_DATE>2022-06-19 08:23:07 PM
2022.6.19 14:23:11#26014819022311
2022.6.19 14:23:11#26014819022311
2022.6.19 14:23:11#26014819022311
2022.6.19 14:23:11#26014819022311
2022.6.19 14:23:11#26014819022311
2022.6.19 14:23:11#26014819022311
2022.6.19 14:23:11#=================== Transaction Completed =======================
2022.6.19 14:47:11#=================== Start New Transaction ===================
2022.6.19 14:47:11#txnrefnum:BBD2005004
2022.6.19 14:47:11#clientIp:37.111.218.181
2022.6.19 14:47:11#card type:6
2022.6.19 14:47:11#totalamount:162000
2022.6.19 14:47:16#result:TRANSACTION_ID:Wlp0PGH4DWloB2JM8JaVSf7iQPI=
2022.6.19 14:47:16#Forward to DBBL Payment Gateway Page: https://ecom1.dutchbanglabank.com/ecomm2/ClientHandler?card_type=6&trans_id=Wlp0PGH4DWloB2JM8JaVSf7iQPI%3D
2022.6.19 14:49:03#---------------------- Complete New Transaction---------------------
2022.6.19 14:49:03#Get trans_id From Post Value:Wlp0PGH4DWloB2JM8JaVSf7iQPI=
2022.6.19 14:49:03#clientIp:37.111.218.181
2022.6.19 14:49:03#trans_id:Wlp0PGH4DWloB2JM8JaVSf7iQPI=
2022.6.19 14:49:06#result:RESULT>OK^RESULT_CODE>000^3DSECURE>SKIPPED^RRN>217014618157^APPROVAL_CODE>767155^CARD_NUMBER>999999*********9703^AMOUNT>162000^CARDNAME>mb account^DESCRIPTION>6BBD2005004^TRANS_DATE>2022-06-19 08:49:02 PM
2022.6.19 14:49:06#24741419024906
2022.6.19 14:49:06#24741419024906
2022.6.19 14:49:06#=================== Transaction Completed =======================
2022.6.19 14:53:19#=================== Start New Transaction ===================
2022.6.19 14:53:19#txnrefnum:BBM2002074
2022.6.19 14:53:19#clientIp:37.111.218.181
2022.6.19 14:53:19#card type:6
2022.6.19 14:53:19#totalamount:142000
2022.6.19 14:53:24#result:TRANSACTION_ID:XB1T6ZFP45lTt5JnF5bcjPpa8WE=
2022.6.19 14:53:24#Forward to DBBL Payment Gateway Page: https://ecom1.dutchbanglabank.com/ecomm2/ClientHandler?card_type=6&trans_id=XB1T6ZFP45lTt5JnF5bcjPpa8WE%3D
2022.6.19 14:54:50#---------------------- Complete New Transaction---------------------
2022.6.19 14:54:50#Get trans_id From Post Value:XB1T6ZFP45lTt5JnF5bcjPpa8WE=
2022.6.19 14:54:50#clientIp:37.111.218.181
2022.6.19 14:54:50#trans_id:XB1T6ZFP45lTt5JnF5bcjPpa8WE=
2022.6.19 14:54:52#result:RESULT>OK^RESULT_CODE>000^3DSECURE>SKIPPED^RRN>217014618544^APPROVAL_CODE>817679^CARD_NUMBER>999999*********9703^AMOUNT>142000^CARDNAME>mb account^DESCRIPTION>6BBM2002074^TRANS_DATE>2022-06-19 08:54:48 PM
2022.6.19 14:54:52#23490519025452
2022.6.19 14:54:52#23490519025452
2022.6.19 14:54:52#=================== Transaction Completed =======================
2022.6.19 15:40:11#=================== Start New Transaction ===================
2022.6.19 15:40:11#txnrefnum:MBD2007394
2022.6.19 15:40:11#clientIp:103.58.75.8
2022.6.19 15:40:11#card type:6
2022.6.19 15:40:11#totalamount:242000
2022.6.19 15:40:15#result:TRANSACTION_ID:1pHpMI3JyHyBwXA8Ha0pVIcNje4=
2022.6.19 15:40:16#Forward to DBBL Payment Gateway Page: https://ecom1.dutchbanglabank.com/ecomm2/ClientHandler?card_type=6&trans_id=1pHpMI3JyHyBwXA8Ha0pVIcNje4%3D
2022.6.19 15:41:06#=================== Start New Transaction ===================
2022.6.19 15:41:06#txnrefnum:MBD2007394
2022.6.19 15:41:06#clientIp:103.58.75.8
2022.6.19 15:41:06#card type:6
2022.6.19 15:41:06#totalamount:242000
2022.6.19 15:41:11#result:TRANSACTION_ID:y0DdvSRDXW81pje125PR7SfwY7o=
2022.6.19 15:41:11#Forward to DBBL Payment Gateway Page: https://ecom1.dutchbanglabank.com/ecomm2/ClientHandler?card_type=6&trans_id=y0DdvSRDXW81pje125PR7SfwY7o%3D
2022.6.19 15:43:58#=================== Start New Transaction ===================
2022.6.19 15:43:58#txnrefnum:MBD2007394
2022.6.19 15:43:58#clientIp:103.58.75.8
2022.6.19 15:43:58#card type:6
2022.6.19 15:43:58#totalamount:242000
2022.6.19 15:44:02#result:TRANSACTION_ID:u8wq2hXltntp5IU05TSxAEUy0ZQ=
2022.6.19 15:44:03#Forward to DBBL Payment Gateway Page: https://ecom1.dutchbanglabank.com/ecomm2/ClientHandler?card_type=6&trans_id=u8wq2hXltntp5IU05TSxAEUy0ZQ%3D
2022.6.19 15:50:14#=================== Start New Transaction ===================
2022.6.19 15:50:14#txnrefnum:MSC22111310
2022.6.19 15:50:14#clientIp:103.68.6.224
2022.6.19 15:50:14#card type:6
2022.6.19 15:50:14#totalamount:262000
2022.6.19 15:50:18#result:TRANSACTION_ID:7alNMtSZf1n3CGlBSI5hTUXJTaE=
2022.6.19 15:50:18#Forward to DBBL Payment Gateway Page: https://ecom1.dutchbanglabank.com/ecomm2/ClientHandler?card_type=6&trans_id=7alNMtSZf1n3CGlBSI5hTUXJTaE%3D
2022.6.19 15:51:08#---------------------- Complete New Transaction---------------------
2022.6.19 15:51:08#Get trans_id From Post Value:7alNMtSZf1n3CGlBSI5hTUXJTaE=
2022.6.19 15:51:08#clientIp:103.68.6.224
2022.6.19 15:51:08#trans_id:7alNMtSZf1n3CGlBSI5hTUXJTaE=
2022.6.19 15:51:10#result:RESULT>OK^RESULT_CODE>000^3DSECURE>SKIPPED^RRN>217015622386^APPROVAL_CODE>085580^CARD_NUMBER>999999*********8528^AMOUNT>262000^CARDNAME>mb account^DESCRIPTION>6MSC22111310^TRANS_DATE>2022-06-19 09:51:06 PM
2022.6.19 15:51:10#1664019035110
2022.6.19 15:51:10#1664019035110
2022.6.19 15:51:10#=================== Transaction Completed =======================
2022.6.19 15:54:55#=================== Start New Transaction ===================
2022.6.19 15:54:55#txnrefnum:BBB2103042
2022.6.19 15:54:55#clientIp:114.130.156.64
2022.6.19 15:54:55#card type:6
2022.6.19 15:54:55#totalamount:302000
2022.6.19 15:55:00#result:TRANSACTION_ID:U08VTKgUeHbZY6pjPm9PPdMF5Yg=
2022.6.19 15:55:00#Forward to DBBL Payment Gateway Page: https://ecom1.dutchbanglabank.com/ecomm2/ClientHandler?card_type=6&trans_id=U08VTKgUeHbZY6pjPm9PPdMF5Yg%3D
2022.6.19 15:55:25#---------------------- Complete New Transaction---------------------
2022.6.19 15:55:25#Get trans_id From Post Value:U08VTKgUeHbZY6pjPm9PPdMF5Yg=
2022.6.19 15:55:25#clientIp:114.130.156.64
2022.6.19 15:55:25#trans_id:U08VTKgUeHbZY6pjPm9PPdMF5Yg=
2022.6.19 15:55:28#result:RESULT>OK^RESULT_CODE>000^3DSECURE>SKIPPED^RRN>217015622658^APPROVAL_CODE>144886^CARD_NUMBER>999999*********6175^AMOUNT>302000^CARDNAME>mb account^DESCRIPTION>6BBB2103042^TRANS_DATE>2022-06-19 09:55:24 PM
2022.6.19 15:55:28#23324719035528
2022.6.19 15:55:28#23324719035528
2022.6.19 15:55:28#23324719035528
2022.6.19 15:55:28#23324719035528
2022.6.19 15:55:28#=================== Transaction Completed =======================
2022.6.19 16:15:31#=================== Start New Transaction ===================
2022.6.19 16:15:31#txnrefnum:MED2007028
2022.6.19 16:15:31#clientIp:103.91.128.156
2022.6.19 16:15:31#card type:6
2022.6.19 16:15:31#totalamount:1092000
2022.6.19 16:15:35#result:TRANSACTION_ID:i8ooFJCDBZ8Sf7AXDmHf3POz2gk=
2022.6.19 16:15:35#Forward to DBBL Payment Gateway Page: https://ecom1.dutchbanglabank.com/ecomm2/ClientHandler?card_type=6&trans_id=i8ooFJCDBZ8Sf7AXDmHf3POz2gk%3D