
2022.5.4 04:47:28#=================== Start New Transaction ===================
2022.5.4 04:47:28#txnrefnum:MBD2009404
2022.5.4 04:47:28#clientIp:103.110.163.204
2022.5.4 04:47:28#card type:6
2022.5.4 04:47:28#totalamount:1169000
2022.5.4 04:47:33#result:TRANSACTION_ID:T4IG1sfrMaoo1y3mwSZed5l8Mro=
2022.5.4 04:47:33#Forward to DBBL Payment Gateway Page:/ecomm2/ClientHandler?card_type=6&trans_id=T4IG1sfrMaoo1y3mwSZed5l8Mro%3D
2022.5.4 04:50:26#=================== Start New Transaction ===================
2022.5.4 04:50:26#txnrefnum:MBD2009404
2022.5.4 04:50:26#clientIp:103.110.163.204
2022.5.4 04:50:26#card type:6
2022.5.4 04:50:26#totalamount:1169000
2022.5.4 04:50:30#result:TRANSACTION_ID:wr7y5PLwrVjtXinqQuNYdknNFWw=
2022.5.4 04:50:30#Forward to DBBL Payment Gateway Page:/ecomm2/ClientHandler?card_type=6&trans_id=wr7y5PLwrVjtXinqQuNYdknNFWw%3D
2022.5.4 08:51:13#=================== Start New Transaction ===================
2022.5.4 08:51:13#txnrefnum:MSC21111291
2022.5.4 08:51:13#clientIp:103.166.153.99
2022.5.4 08:51:13#card type:6
2022.5.4 08:51:13#totalamount:542000
2022.5.4 08:51:21#result:TRANSACTION_ID:xBESz6Ki6JLLyhrEpdEa7J22i4w=
2022.5.4 08:51:21#Forward to DBBL Payment Gateway Page:/ecomm2/ClientHandler?card_type=6&trans_id=xBESz6Ki6JLLyhrEpdEa7J22i4w%3D
2022.5.4 08:53:16#---------------------- Complete New Transaction---------------------
2022.5.4 08:53:16#Get trans_id From Post Value:xBESz6Ki6JLLyhrEpdEa7J22i4w=
2022.5.4 08:53:19#clientIp:103.166.153.99
2022.5.4 08:53:19#trans_id:xBESz6Ki6JLLyhrEpdEa7J22i4w=
2022.5.4 08:53:21#result:RESULT>OK^RESULT_CODE>000^3DSECURE>SKIPPED^RRN>212414329446^APPROVAL_CODE>743110^CARD_NUMBER>999999*********3321^AMOUNT>542000^CARDNAME>mb account^DESCRIPTION>6MSC21111291^TRANS_DATE>2022-05-04 02:53:15 PM
2022.5.4 08:53:21#841004085321
2022.5.4 08:53:21#=================== Transaction Completed =======================
2022.5.4 08:53:21#841004085321
2022.5.4 08:53:21#=================== Transaction Completed =======================
2022.5.4 08:53:21#841004085321
2022.5.4 08:53:21#=================== Transaction Completed =======================
2022.5.4 08:53:21#841004085321
2022.5.4 08:53:21#=================== Transaction Completed =======================
2022.5.4 09:48:54#=================== Start New Transaction ===================
2022.5.4 09:48:54#txnrefnum:MBD2006220
2022.5.4 09:48:54#clientIp:123.253.65.4
2022.5.4 09:48:54#card type:6
2022.5.4 09:48:54#totalamount:1562000
2022.5.4 09:48:58#result:TRANSACTION_ID:zPTfqPqKUG7sqXXZoxYEgbT4nPE=
2022.5.4 09:48:58#Forward to DBBL Payment Gateway Page:/ecomm2/ClientHandler?card_type=6&trans_id=zPTfqPqKUG7sqXXZoxYEgbT4nPE%3D
2022.5.4 09:49:22#=================== Start New Transaction ===================
2022.5.4 09:49:22#txnrefnum:MBD2006220
2022.5.4 09:49:22#clientIp:123.253.65.7
2022.5.4 09:49:22#card type:6
2022.5.4 09:49:22#totalamount:1562000
2022.5.4 09:49:26#result:TRANSACTION_ID:YK0EheA0dPSLJxgfIUtpty8S9vI=
2022.5.4 09:49:26#Forward to DBBL Payment Gateway Page:/ecomm2/ClientHandler?card_type=6&trans_id=YK0EheA0dPSLJxgfIUtpty8S9vI%3D
2022.5.4 15:21:42#=================== Start New Transaction ===================
2022.5.4 15:21:42#txnrefnum:MBD2009223
2022.5.4 15:21:42#clientIp:103.177.122.234
2022.5.4 15:21:42#card type:6
2022.5.4 15:21:42#totalamount:301000
2022.5.4 15:21:43#=================== Start New Transaction ===================
2022.5.4 15:21:43#txnrefnum:MBD2009223
2022.5.4 15:21:43#clientIp:103.177.122.234
2022.5.4 15:21:43#card type:6
2022.5.4 15:21:43#totalamount:301000
2022.5.4 15:21:47#result:TRANSACTION_ID:N1jWdzD7AhubFR5P4t1W89ghHwk=
2022.5.4 15:21:47#Forward to DBBL Payment Gateway Page:/ecomm2/ClientHandler?card_type=6&trans_id=N1jWdzD7AhubFR5P4t1W89ghHwk%3D
2022.5.4 15:21:47#result:TRANSACTION_ID:6707xldmlPo1STHxGf51SlHzml0=
2022.5.4 15:21:47#Forward to DBBL Payment Gateway Page:/ecomm2/ClientHandler?card_type=6&trans_id=6707xldmlPo1STHxGf51SlHzml0%3D
2022.5.4 19:29:53#=================== Start New Transaction ===================
2022.5.4 19:29:53#txnrefnum:MBD2201132
2022.5.4 19:29:53#clientIp:103.134.173.4
2022.5.4 19:29:53#card type:6
2022.5.4 19:29:53#totalamount:862000
2022.5.4 19:29:57#result:TRANSACTION_ID:UR8dSPnnlVuV10Gug69eHtcUStU=
2022.5.4 19:29:57#Forward to DBBL Payment Gateway Page:/ecomm2/ClientHandler?card_type=6&trans_id=UR8dSPnnlVuV10Gug69eHtcUStU%3D