
2023.6.23 11:41:56#=================== Start New Transaction ===================
2023.6.23 11:41:56#txnrefnum:BBM2304025
2023.6.23 11:41:56#clientIp:114.130.156.238
2023.6.23 11:41:56#card type:6
2023.6.23 11:41:56#totalamount:162000
2023.6.23 11:42:00#result:TRANSACTION_ID:1SUdkPzo51WOP1HgptNtYc5SCpU=
2023.6.23 11:42:00#Forward to DBBL Payment Gateway Page: https://ecom1.dutchbanglabank.com/ecomm2/ClientHandler?card_type=6&trans_id=1SUdkPzo51WOP1HgptNtYc5SCpU%3D
2023.6.23 11:42:30#---------------------- Complete New Transaction---------------------
2023.6.23 11:42:30#Get trans_id From Post Value:1SUdkPzo51WOP1HgptNtYc5SCpU=
2023.6.23 11:42:31#clientIp:114.130.156.238
2023.6.23 11:42:31#trans_id:1SUdkPzo51WOP1HgptNtYc5SCpU=
2023.6.23 11:42:33#result:RESULT>OK^RESULT_CODE>000^3DSECURE>SKIPPED^RRN>317411548940^APPROVAL_CODE>759692^CARD_NUMBER>999999*********3728^AMOUNT>162000^CARDNAME>mb account^DESCRIPTION>6BBM2304025^TRANS_DATE>2023-06-23 05:42:28 PM
2023.6.23 11:42:33#53131823114233
2023.6.23 11:42:33#53131823114233
2023.6.23 11:42:33#53131823114233
2023.6.23 11:42:33#53131823114233
2023.6.23 11:42:33#=================== Transaction Completed =======================
2023.6.23 11:45:18#=================== Start New Transaction ===================
2023.6.23 11:45:18#txnrefnum:BBD2305013
2023.6.23 11:45:18#clientIp:114.130.156.238
2023.6.23 11:45:18#card type:6
2023.6.23 11:45:18#totalamount:162000
2023.6.23 11:45:21#result:TRANSACTION_ID:mnzA1GwjvdoA8pMEjbcClq7myEI=
2023.6.23 11:45:21#Forward to DBBL Payment Gateway Page: https://ecom1.dutchbanglabank.com/ecomm2/ClientHandler?card_type=6&trans_id=mnzA1GwjvdoA8pMEjbcClq7myEI%3D
2023.6.23 11:45:39#---------------------- Complete New Transaction---------------------
2023.6.23 11:45:39#Get trans_id From Post Value:mnzA1GwjvdoA8pMEjbcClq7myEI=
2023.6.23 11:45:39#clientIp:114.130.156.238
2023.6.23 11:45:39#trans_id:mnzA1GwjvdoA8pMEjbcClq7myEI=
2023.6.23 11:45:41#result:RESULT>OK^RESULT_CODE>000^3DSECURE>SKIPPED^RRN>317411549195^APPROVAL_CODE>683511^CARD_NUMBER>999999*********3728^AMOUNT>162000^CARDNAME>mb account^DESCRIPTION>6BBD2305013^TRANS_DATE>2023-06-23 05:45:37 PM
2023.6.23 11:45:41#53134423114541
2023.6.23 11:45:41#53134423114541
2023.6.23 11:45:41#53134423114541
2023.6.23 11:45:41#53134423114541
2023.6.23 11:45:41#=================== Transaction Completed =======================
2023.6.23 13:12:56#=================== Start New Transaction ===================
2023.6.23 13:12:56#txnrefnum:MBD2004258
2023.6.23 13:12:56#clientIp:123.136.28.129
2023.6.23 13:12:56#card type:6
2023.6.23 13:12:56#totalamount:202000
2023.6.23 13:12:59#result:TRANSACTION_ID:DEENx907rPp3PPGa5mPSAkPbhwo=
2023.6.23 13:12:59#Forward to DBBL Payment Gateway Page: https://ecom1.dutchbanglabank.com/ecomm2/ClientHandler?card_type=6&trans_id=DEENx907rPp3PPGa5mPSAkPbhwo%3D
2023.6.23 13:14:45#=================== Start New Transaction ===================
2023.6.23 13:14:45#txnrefnum:MBD2004258
2023.6.23 13:14:45#clientIp:123.136.28.129
2023.6.23 13:14:45#card type:6
2023.6.23 13:14:45#totalamount:202000
2023.6.23 13:14:48#result:TRANSACTION_ID:mAPqAlsVVrDyBgOsFmLRZkikskE=
2023.6.23 13:14:48#Forward to DBBL Payment Gateway Page: https://ecom1.dutchbanglabank.com/ecomm2/ClientHandler?card_type=6&trans_id=mAPqAlsVVrDyBgOsFmLRZkikskE%3D
2023.6.23 13:15:31#---------------------- Complete New Transaction---------------------
2023.6.23 13:15:31#Get trans_id From Post Value:mAPqAlsVVrDyBgOsFmLRZkikskE=
2023.6.23 13:15:31#clientIp:123.136.28.129
2023.6.23 13:15:31#trans_id:mAPqAlsVVrDyBgOsFmLRZkikskE=
2023.6.23 13:15:33#result:RESULT>OK^RESULT_CODE>000^3DSECURE>SKIPPED^RRN>317413555562^APPROVAL_CODE>296008^CARD_NUMBER>999999*********8202^AMOUNT>202000^CARDNAME>mb account^DESCRIPTION>6MBD2004258^TRANS_DATE>2023-06-23 07:15:30 PM
2023.6.23 13:15:33#43310523011533
2023.6.23 13:15:33#43310523011533
2023.6.23 13:15:33#43310523011533
2023.6.23 13:15:33#43310523011533
2023.6.23 13:15:33#=================== Transaction Completed =======================