
2023.5.17 02:38:20#=================== Start New Transaction ===================
2023.5.17 02:38:20#txnrefnum:MSC22111086
2023.5.17 02:38:20#clientIp:103.204.208.167
2023.5.17 02:38:20#card type:6
2023.5.17 02:38:20#totalamount:2000
2023.5.17 02:38:26#result:TRANSACTION_ID:1eqF3IAeA5aPnVWGgmwEAPJSgE8=
2023.5.17 02:40:38#=================== Start New Transaction ===================
2023.5.17 02:40:38#txnrefnum:MSC22111086
2023.5.17 02:40:38#clientIp:103.204.208.167
2023.5.17 02:40:38#card type:6
2023.5.17 02:40:38#totalamount:106000
2023.5.17 02:40:41#result:TRANSACTION_ID:KUt8M1FUPYbT1Fo8wYb8JQSBF28=
2023.5.17 02:40:41#Forward to DBBL Payment Gateway Page: https://ecom1.dutchbanglabank.com/ecomm2/ClientHandler?card_type=6&trans_id=KUt8M1FUPYbT1Fo8wYb8JQSBF28%3D
2023.5.17 02:44:31#=================== Start New Transaction ===================
2023.5.17 02:44:31#txnrefnum:MSC22111086
2023.5.17 02:44:31#clientIp:103.204.208.167
2023.5.17 02:44:31#card type:6
2023.5.17 02:44:31#totalamount:106000
2023.5.17 02:44:34#result:TRANSACTION_ID:SoqxR0F6KEHDAE2hzKby4IREIrY=
2023.5.17 02:44:34#Forward to DBBL Payment Gateway Page: https://ecom1.dutchbanglabank.com/ecomm2/ClientHandler?card_type=6&trans_id=SoqxR0F6KEHDAE2hzKby4IREIrY%3D
2023.5.17 03:24:56#=================== Start New Transaction ===================
2023.5.17 03:24:56#txnrefnum:BBM2306009
2023.5.17 03:24:56#clientIp:37.111.201.176
2023.5.17 03:24:56#card type:6
2023.5.17 03:24:56#totalamount:102000
2023.5.17 03:24:58#result:TRANSACTION_ID:Te1ucNcypFCtqNauZmcsI0vdPjo=
2023.5.17 03:24:59#Forward to DBBL Payment Gateway Page: https://ecom1.dutchbanglabank.com/ecomm2/ClientHandler?card_type=6&trans_id=Te1ucNcypFCtqNauZmcsI0vdPjo%3D
2023.5.17 03:25:48#=================== Start New Transaction ===================
2023.5.17 03:25:48#txnrefnum:BBM2306009
2023.5.17 03:25:48#clientIp:37.111.201.176
2023.5.17 03:25:48#card type:6
2023.5.17 03:25:48#totalamount:102000
2023.5.17 03:25:51#result:TRANSACTION_ID:gjyjH7W4rTBZHj87PAuIgH3KWic=
2023.5.17 03:25:51#Forward to DBBL Payment Gateway Page: https://ecom1.dutchbanglabank.com/ecomm2/ClientHandler?card_type=6&trans_id=gjyjH7W4rTBZHj87PAuIgH3KWic%3D
2023.5.17 03:26:49#---------------------- Complete New Transaction---------------------
2023.5.17 03:26:49#Get trans_id From Post Value:gjyjH7W4rTBZHj87PAuIgH3KWic=
2023.5.17 03:26:49#clientIp:37.111.201.176
2023.5.17 03:26:49#trans_id:gjyjH7W4rTBZHj87PAuIgH3KWic=
2023.5.17 03:26:51#result:RESULT>OK^RESULT_CODE>000^3DSECURE>SKIPPED^RRN>313703790458^APPROVAL_CODE>519169^CARD_NUMBER>999999*********3776^AMOUNT>102000^CARDNAME>mb account^DESCRIPTION>6BBM2306009^TRANS_DATE>2023-05-17 09:26:48 AM
2023.5.17 03:26:51#45331317032651
2023.5.17 03:26:51#45331317032651
2023.5.17 03:26:51#=================== Transaction Completed =======================
2023.5.17 03:43:06#=================== Start New Transaction ===================
2023.5.17 03:43:07#txnrefnum:MBD2303283
2023.5.17 03:43:07#clientIp:210.1.246.29
2023.5.17 03:43:07#card type:6
2023.5.17 03:43:07#totalamount:162000
2023.5.17 03:43:09#result:TRANSACTION_ID:JdvhLBz5citXnak2Rya6v9p88MU=
2023.5.17 03:43:09#Forward to DBBL Payment Gateway Page: https://ecom1.dutchbanglabank.com/ecomm2/ClientHandler?card_type=6&trans_id=JdvhLBz5citXnak2Rya6v9p88MU%3D
2023.5.17 03:56:32#=================== Start New Transaction ===================
2023.5.17 03:56:32#txnrefnum:MSC22111197
2023.5.17 03:56:32#clientIp:37.111.207.45
2023.5.17 03:56:32#card type:6
2023.5.17 03:56:32#totalamount:272000
2023.5.17 03:56:35#result:TRANSACTION_ID:8yKMESS9bIW3IS0vuTy2rtInQ0I=
2023.5.17 03:56:35#Forward to DBBL Payment Gateway Page: https://ecom1.dutchbanglabank.com/ecomm2/ClientHandler?card_type=6&trans_id=8yKMESS9bIW3IS0vuTy2rtInQ0I%3D
2023.5.17 03:57:35#=================== Start New Transaction ===================
2023.5.17 03:58:21#=================== Start New Transaction ===================
2023.5.17 03:58:21#txnrefnum:MSC22111197
2023.5.17 03:58:21#clientIp:37.111.207.45
2023.5.17 03:58:21#card type:6
2023.5.17 03:58:21#totalamount:272000
2023.5.17 03:58:24#result:TRANSACTION_ID:lVP1nwhMRaFSMEsZNH54OSHPWN8=
2023.5.17 03:58:24#Forward to DBBL Payment Gateway Page: https://ecom1.dutchbanglabank.com/ecomm2/ClientHandler?card_type=6&trans_id=lVP1nwhMRaFSMEsZNH54OSHPWN8%3D
2023.5.17 03:58:48#=================== Start New Transaction ===================
2023.5.17 03:59:28#=================== Start New Transaction ===================
2023.5.17 03:59:28#txnrefnum:MSC22111197
2023.5.17 03:59:28#clientIp:37.111.207.45
2023.5.17 03:59:28#card type:6
2023.5.17 03:59:28#totalamount:272000
2023.5.17 03:59:30#result:TRANSACTION_ID:ed6P4pUIZBAcIwUUBWv3jmQBXNw=
2023.5.17 03:59:31#Forward to DBBL Payment Gateway Page: https://ecom1.dutchbanglabank.com/ecomm2/ClientHandler?card_type=6&trans_id=ed6P4pUIZBAcIwUUBWv3jmQBXNw%3D
2023.5.17 04:00:15#---------------------- Complete New Transaction---------------------
2023.5.17 04:00:15#Get trans_id From Post Value:ed6P4pUIZBAcIwUUBWv3jmQBXNw=
2023.5.17 04:00:15#clientIp:37.111.207.45
2023.5.17 04:00:15#trans_id:ed6P4pUIZBAcIwUUBWv3jmQBXNw=
2023.5.17 04:00:17#result:RESULT>OK^RESULT_CODE>000^3DSECURE>SKIPPED^RRN>313704792023^APPROVAL_CODE>582100^CARD_NUMBER>999999*********9394^AMOUNT>272000^CARDNAME>mb account^DESCRIPTION>6MSC22111197^TRANS_DATE>2023-05-17 10:00:14 AM
2023.5.17 04:00:17#33949417040017
2023.5.17 04:00:17#33949417040017
2023.5.17 04:00:17#33949417040017
2023.5.17 04:00:17#33949417040017
2023.5.17 04:00:17#33949417040017
2023.5.17 04:00:17#33949417040017
2023.5.17 04:00:17#=================== Transaction Completed =======================
2023.5.17 04:41:00#=================== Start New Transaction ===================
2023.5.17 04:41:00#txnrefnum:MBD2205058
2023.5.17 04:41:00#clientIp:202.134.10.138
2023.5.17 04:41:00#card type:6
2023.5.17 04:41:00#totalamount:202000
2023.5.17 04:41:00#=================== Start New Transaction ===================
2023.5.17 04:41:00#txnrefnum:MBD2205058
2023.5.17 04:41:00#clientIp:202.134.10.138
2023.5.17 04:41:00#card type:6
2023.5.17 04:41:00#totalamount:202000
2023.5.17 04:41:03#result:TRANSACTION_ID:9iG6a8AmzAEcvFSgtjqKTgoPlS4=
2023.5.17 04:41:03#Forward to DBBL Payment Gateway Page: https://ecom1.dutchbanglabank.com/ecomm2/ClientHandler?card_type=6&trans_id=9iG6a8AmzAEcvFSgtjqKTgoPlS4%3D
2023.5.17 04:41:03#result:TRANSACTION_ID:ix8fS4D0kEAF15hEqz4n4jBRytQ=
2023.5.17 04:41:03#Forward to DBBL Payment Gateway Page: https://ecom1.dutchbanglabank.com/ecomm2/ClientHandler?card_type=6&trans_id=ix8fS4D0kEAF15hEqz4n4jBRytQ%3D
2023.5.17 04:41:19#---------------------- Complete New Transaction---------------------
2023.5.17 04:41:19#Get trans_id From Post Value:ix8fS4D0kEAF15hEqz4n4jBRytQ=
2023.5.17 04:41:21#clientIp:202.134.10.138
2023.5.17 04:41:21#trans_id:ix8fS4D0kEAF15hEqz4n4jBRytQ=
2023.5.17 04:41:22#result:RESULT>OK^RESULT_CODE>000^3DSECURE>SKIPPED^RRN>313704794316^APPROVAL_CODE>778502^CARD_NUMBER>999999*********7532^AMOUNT>202000^CARDNAME>mb account^DESCRIPTION>6MBD2205058^TRANS_DATE>2023-05-17 10:41:18 AM
2023.5.17 04:41:22#45303617044122
2023.5.17 04:41:22#45303617044122
2023.5.17 04:41:22#45303617044122
2023.5.17 04:41:22#45303617044122
2023.5.17 04:41:22#=================== Transaction Completed =======================
2023.5.17 04:56:28#=================== Start New Transaction ===================
2023.5.17 04:56:28#txnrefnum:MBM2007021
2023.5.17 04:56:28#clientIp:103.66.176.3
2023.5.17 04:56:28#card type:6
2023.5.17 04:56:28#totalamount:1139400
2023.5.17 04:56:30#=================== Start New Transaction ===================
2023.5.17 04:56:30#txnrefnum:MBM2007021
2023.5.17 04:56:30#clientIp:103.66.176.3
2023.5.17 04:56:30#card type:6
2023.5.17 04:56:30#totalamount:1139400
2023.5.17 04:56:31#result:TRANSACTION_ID:xdH7oWoelAUtSC3LgfVP43kNxGg=
2023.5.17 04:56:31#Forward to DBBL Payment Gateway Page: https://ecom1.dutchbanglabank.com/ecomm2/ClientHandler?card_type=6&trans_id=xdH7oWoelAUtSC3LgfVP43kNxGg%3D
2023.5.17 04:56:31#=================== Start New Transaction ===================
2023.5.17 04:56:31#txnrefnum:MBM2007021
2023.5.17 04:56:31#clientIp:103.66.176.3
2023.5.17 04:56:31#card type:6
2023.5.17 04:56:31#totalamount:1139400
2023.5.17 04:56:34#result:TRANSACTION_ID:J5pBgs7a6TnsfmmjkWMIOCKVEO8=
2023.5.17 04:56:34#Forward to DBBL Payment Gateway Page: https://ecom1.dutchbanglabank.com/ecomm2/ClientHandler?card_type=6&trans_id=J5pBgs7a6TnsfmmjkWMIOCKVEO8%3D
2023.5.17 04:56:34#=================== Start New Transaction ===================
2023.5.17 04:56:34#txnrefnum:MBM2007021
2023.5.17 04:56:34#clientIp:103.66.176.3
2023.5.17 04:56:34#card type:6
2023.5.17 04:56:34#totalamount:1139400
2023.5.17 04:56:36#result:TRANSACTION_ID:t8MNnxsvbKyV17DSrWoZ0Mq8HNA=
2023.5.17 04:56:37#Forward to DBBL Payment Gateway Page: https://ecom1.dutchbanglabank.com/ecomm2/ClientHandler?card_type=6&trans_id=t8MNnxsvbKyV17DSrWoZ0Mq8HNA%3D
2023.5.17 04:56:37#result:TRANSACTION_ID:cJqOHzE02RjrLSyF8YkslMPnHug=
2023.5.17 04:56:37#Forward to DBBL Payment Gateway Page: https://ecom1.dutchbanglabank.com/ecomm2/ClientHandler?card_type=6&trans_id=cJqOHzE02RjrLSyF8YkslMPnHug%3D
2023.5.17 05:10:28#=================== Start New Transaction ===================
2023.5.17 05:10:28#txnrefnum:BBD2201051
2023.5.17 05:10:28#clientIp:202.134.14.135
2023.5.17 05:10:28#card type:6
2023.5.17 05:10:28#totalamount:562000
2023.5.17 05:10:31#result:TRANSACTION_ID:o5MmdKoAWar8YMbOZ9PkS6juGXI=
2023.5.17 05:10:31#Forward to DBBL Payment Gateway Page: https://ecom1.dutchbanglabank.com/ecomm2/ClientHandler?card_type=6&trans_id=o5MmdKoAWar8YMbOZ9PkS6juGXI%3D
2023.5.17 05:10:50#---------------------- Complete New Transaction---------------------
2023.5.17 05:10:50#Get trans_id From Post Value:o5MmdKoAWar8YMbOZ9PkS6juGXI=
2023.5.17 05:10:50#clientIp:202.134.14.135
2023.5.17 05:10:50#trans_id:o5MmdKoAWar8YMbOZ9PkS6juGXI=
2023.5.17 05:10:52#result:RESULT>OK^RESULT_CODE>000^3DSECURE>SKIPPED^RRN>313705796478^APPROVAL_CODE>872672^CARD_NUMBER>999999*********1168^AMOUNT>562000^CARDNAME>mb account^DESCRIPTION>6BBD2201051^TRANS_DATE>2023-05-17 11:10:49 AM
2023.5.17 05:10:52#49377317051052
2023.5.17 05:10:52#49377317051052
2023.5.17 05:10:52#49377317051052
2023.5.17 05:10:52#49377317051052
2023.5.17 05:10:52#49377317051052
2023.5.17 05:10:52#49377317051052
2023.5.17 05:10:52#49377317051052
2023.5.17 05:10:52#49377317051052
2023.5.17 05:10:52#49377317051052
2023.5.17 05:10:52#49377317051052
2023.5.17 05:10:52#49377317051052
2023.5.17 05:10:53#49377317051052
2023.5.17 05:10:53#=================== Transaction Completed =======================
2023.5.17 05:15:58#=================== Start New Transaction ===================
2023.5.17 05:15:58#txnrefnum:MBD2302147
2023.5.17 05:15:58#clientIp:123.49.60.222
2023.5.17 05:15:58#card type:6
2023.5.17 05:15:58#totalamount:162000
2023.5.17 05:16:01#result:TRANSACTION_ID:DxHzMH436YBAWrPLgRnV6cDaNsM=
2023.5.17 05:16:01#Forward to DBBL Payment Gateway Page: https://ecom1.dutchbanglabank.com/ecomm2/ClientHandler?card_type=6&trans_id=DxHzMH436YBAWrPLgRnV6cDaNsM%3D
2023.5.17 05:24:36#=================== Start New Transaction ===================
2023.5.17 05:24:36#txnrefnum:BEM2002004
2023.5.17 05:24:36#clientIp:103.12.174.93
2023.5.17 05:24:36#card type:6
2023.5.17 05:24:36#totalamount:262000
2023.5.17 05:24:39#result:TRANSACTION_ID:csVwpm5EJD0CmvE0UttfJSwHH5I=
2023.5.17 05:24:39#Forward to DBBL Payment Gateway Page: https://ecom1.dutchbanglabank.com/ecomm2/ClientHandler?card_type=6&trans_id=csVwpm5EJD0CmvE0UttfJSwHH5I%3D
2023.5.17 05:25:15#=================== Start New Transaction ===================
2023.5.17 05:25:15#txnrefnum:BEM2002004
2023.5.17 05:25:15#clientIp:103.12.174.92
2023.5.17 05:25:15#card type:6
2023.5.17 05:25:15#totalamount:262000
2023.5.17 05:25:18#result:TRANSACTION_ID:hgZR6wazX25ssn5OCHfFhTcbGXo=
2023.5.17 05:25:18#Forward to DBBL Payment Gateway Page: https://ecom1.dutchbanglabank.com/ecomm2/ClientHandler?card_type=6&trans_id=hgZR6wazX25ssn5OCHfFhTcbGXo%3D
2023.5.17 05:25:46#---------------------- Complete New Transaction---------------------
2023.5.17 05:25:46#Get trans_id From Post Value:hgZR6wazX25ssn5OCHfFhTcbGXo=
2023.5.17 05:25:46#clientIp:103.12.174.95
2023.5.17 05:25:46#trans_id:hgZR6wazX25ssn5OCHfFhTcbGXo=
2023.5.17 05:25:47#result:RESULT>OK^RESULT_CODE>000^3DSECURE>SKIPPED^RRN>313705797529^APPROVAL_CODE>997134^CARD_NUMBER>999999*********2298^AMOUNT>262000^CARDNAME>mb account^DESCRIPTION>6BEM2002004^TRANS_DATE>2023-05-17 11:25:45 AM
2023.5.17 05:25:47#47371217052547
2023.5.17 05:25:48#47371217052547
2023.5.17 05:25:48#47371217052547
2023.5.17 05:25:48#47371217052547
2023.5.17 05:25:48#=================== Transaction Completed =======================
2023.5.17 05:32:19#=================== Start New Transaction ===================
2023.5.17 05:32:19#txnrefnum:BBM2002059
2023.5.17 05:32:19#clientIp:103.228.121.200
2023.5.17 05:32:19#card type:6
2023.5.17 05:32:19#totalamount:562000
2023.5.17 05:32:22#result:TRANSACTION_ID:Z8g3FD1aZsmqybTXaUGZS5razS0=
2023.5.17 05:32:22#Forward to DBBL Payment Gateway Page: https://ecom1.dutchbanglabank.com/ecomm2/ClientHandler?card_type=6&trans_id=Z8g3FD1aZsmqybTXaUGZS5razS0%3D
2023.5.17 05:41:23#=================== Start New Transaction ===================
2023.5.17 05:41:23#txnrefnum:MBM2005099
2023.5.17 05:41:23#clientIp:202.134.10.130
2023.5.17 05:41:23#card type:6
2023.5.17 05:41:23#totalamount:82000
2023.5.17 05:41:26#result:TRANSACTION_ID:tpK97wIAC2Zn6TCXCDdjYgVcyLE=
2023.5.17 05:41:26#Forward to DBBL Payment Gateway Page: https://ecom1.dutchbanglabank.com/ecomm2/ClientHandler?card_type=6&trans_id=tpK97wIAC2Zn6TCXCDdjYgVcyLE%3D
2023.5.17 05:41:57#---------------------- Complete New Transaction---------------------
2023.5.17 05:41:57#Get trans_id From Post Value:tpK97wIAC2Zn6TCXCDdjYgVcyLE=
2023.5.17 05:41:57#clientIp:202.134.10.130
2023.5.17 05:41:57#trans_id:tpK97wIAC2Zn6TCXCDdjYgVcyLE=
2023.5.17 05:41:59#result:RESULT>OK^RESULT_CODE>000^3DSECURE>SKIPPED^RRN>313705799046^APPROVAL_CODE>039672^CARD_NUMBER>999999*********7532^AMOUNT>82000^CARDNAME>mb account^DESCRIPTION>6MBM2005099^TRANS_DATE>2023-05-17 11:41:56 AM
2023.5.17 05:41:59#53714117054159
2023.5.17 05:41:59#53714117054159
2023.5.17 05:41:59#=================== Transaction Completed =======================
2023.5.17 05:48:07#=================== Start New Transaction ===================
2023.5.17 05:48:07#txnrefnum:MBD2007088
2023.5.17 05:48:07#clientIp:202.134.14.135
2023.5.17 05:48:07#card type:6
2023.5.17 05:48:07#totalamount:582000
2023.5.17 05:48:13#result:TRANSACTION_ID:nSPAVEuzGYcwxfDkStPR339DoEM=
2023.5.17 05:48:13#Forward to DBBL Payment Gateway Page: https://ecom1.dutchbanglabank.com/ecomm2/ClientHandler?card_type=6&trans_id=nSPAVEuzGYcwxfDkStPR339DoEM%3D
2023.5.17 05:48:31#---------------------- Complete New Transaction---------------------
2023.5.17 05:48:31#Get trans_id From Post Value:nSPAVEuzGYcwxfDkStPR339DoEM=
2023.5.17 05:48:31#clientIp:202.134.14.135
2023.5.17 05:48:31#trans_id:nSPAVEuzGYcwxfDkStPR339DoEM=
2023.5.17 05:48:32#result:RESULT>OK^RESULT_CODE>000^3DSECURE>SKIPPED^RRN>313705799632^APPROVAL_CODE>151636^CARD_NUMBER>999999*********1168^AMOUNT>582000^CARDNAME>mb account^DESCRIPTION>6MBD2007088^TRANS_DATE>2023-05-17 11:48:30 AM
2023.5.17 05:48:33#37983317054832
2023.5.17 05:48:33#37983317054832
2023.5.17 05:48:33#37983317054832
2023.5.17 05:48:33#37983317054832
2023.5.17 05:48:33#37983317054832
2023.5.17 05:48:33#37983317054832
2023.5.17 05:48:33#37983317054832
2023.5.17 05:48:33#37983317054832
2023.5.17 05:48:33#37983317054832
2023.5.17 05:48:33#37983317054832
2023.5.17 05:48:33#37983317054832
2023.5.17 05:48:33#37983317054832
2023.5.17 05:48:33#=================== Transaction Completed =======================
2023.5.17 05:49:44#=================== Start New Transaction ===================
2023.5.17 05:49:44#txnrefnum:MBD2306247
2023.5.17 05:49:44#clientIp:116.204.141.0
2023.5.17 05:49:44#card type:6
2023.5.17 05:49:44#totalamount:2000
2023.5.17 05:49:46#result:TRANSACTION_ID:avvPdIA4zuQysgbldHAZZPANruU=
2023.5.17 05:49:47#Forward to DBBL Payment Gateway Page: https://ecom1.dutchbanglabank.com/ecomm2/ClientHandler?card_type=6&trans_id=avvPdIA4zuQysgbldHAZZPANruU%3D
2023.5.17 05:50:23#=================== Start New Transaction ===================
2023.5.17 05:50:23#txnrefnum:MSC22111147
2023.5.17 05:50:23#clientIp:103.113.152.14
2023.5.17 05:50:23#card type:6
2023.5.17 05:50:23#totalamount:438000
2023.5.17 05:50:26#result:TRANSACTION_ID:nXbTqZGnrc8L7juk1wJoLMb4lkQ=
2023.5.17 05:50:26#Forward to DBBL Payment Gateway Page: https://ecom1.dutchbanglabank.com/ecomm2/ClientHandler?card_type=6&trans_id=nXbTqZGnrc8L7juk1wJoLMb4lkQ%3D
2023.5.17 05:52:28#=================== Start New Transaction ===================
2023.5.17 05:52:28#txnrefnum:MSC22111147
2023.5.17 05:52:28#clientIp:103.113.152.14
2023.5.17 05:52:28#card type:6
2023.5.17 05:52:28#totalamount:438000
2023.5.17 05:52:31#result:TRANSACTION_ID:sd0OuLbIfAqEIr8ZZ5RME1As58c=
2023.5.17 05:52:31#Forward to DBBL Payment Gateway Page: https://ecom1.dutchbanglabank.com/ecomm2/ClientHandler?card_type=6&trans_id=sd0OuLbIfAqEIr8ZZ5RME1As58c%3D
2023.5.17 05:53:06#=================== Start New Transaction ===================
2023.5.17 05:53:06#txnrefnum:MBM2306173
2023.5.17 05:53:06#clientIp:202.134.14.135
2023.5.17 05:53:06#card type:6
2023.5.17 05:53:06#totalamount:202000
2023.5.17 05:53:08#result:TRANSACTION_ID:HkqbDu6t5tsYpXqOyXBpEj1PoOo=
2023.5.17 05:53:08#Forward to DBBL Payment Gateway Page: https://ecom1.dutchbanglabank.com/ecomm2/ClientHandler?card_type=6&trans_id=HkqbDu6t5tsYpXqOyXBpEj1PoOo%3D
2023.5.17 05:53:21#---------------------- Complete New Transaction---------------------
2023.5.17 05:53:21#Get trans_id From Post Value:HkqbDu6t5tsYpXqOyXBpEj1PoOo=
2023.5.17 05:53:21#clientIp:202.134.14.135
2023.5.17 05:53:21#trans_id:HkqbDu6t5tsYpXqOyXBpEj1PoOo=
2023.5.17 05:53:23#result:RESULT>OK^RESULT_CODE>000^3DSECURE>SKIPPED^RRN>313705800050^APPROVAL_CODE>159225^CARD_NUMBER>999999*********1168^AMOUNT>202000^CARDNAME>mb account^DESCRIPTION>6MBM2306173^TRANS_DATE>2023-05-17 11:53:20 AM
2023.5.17 05:53:23#45807617055323
2023.5.17 05:53:23#45807617055323
2023.5.17 05:53:23#45807617055323
2023.5.17 05:53:23#45807617055323
2023.5.17 05:53:23#=================== Transaction Completed =======================
2023.5.17 05:53:34#---------------------- Complete New Transaction---------------------
2023.5.17 05:53:34#Get trans_id From Post Value:sd0OuLbIfAqEIr8ZZ5RME1As58c=
2023.5.17 05:53:34#clientIp:103.113.152.14
2023.5.17 05:53:34#trans_id:sd0OuLbIfAqEIr8ZZ5RME1As58c=
2023.5.17 05:53:35#result:RESULT>OK^RESULT_CODE>000^3DSECURE>SKIPPED^RRN>313705800066^APPROVAL_CODE>073661^CARD_NUMBER>999999*********2238^AMOUNT>438000^CARDNAME>mb account^DESCRIPTION>6MSC22111147^TRANS_DATE>2023-05-17 11:53:31 AM
2023.5.17 05:53:35#33846217055335
2023.5.17 05:53:36#33846217055335
2023.5.17 05:53:36#33846217055335
2023.5.17 05:53:36#33846217055335
2023.5.17 05:53:36#33846217055335
2023.5.17 05:53:36#33846217055335
2023.5.17 05:53:36#33846217055335
2023.5.17 05:53:36#33846217055335
2023.5.17 05:53:36#=================== Transaction Completed =======================
2023.5.17 06:01:00#=================== Start New Transaction ===================
2023.5.17 06:01:00#txnrefnum:MBD2002211
2023.5.17 06:01:00#clientIp:202.134.14.135
2023.5.17 06:01:00#card type:6
2023.5.17 06:01:00#totalamount:1222000
2023.5.17 06:01:03#result:TRANSACTION_ID:JRTAPGUKybnLb8UWPgVsBvX3JAA=
2023.5.17 06:01:03#Forward to DBBL Payment Gateway Page: https://ecom1.dutchbanglabank.com/ecomm2/ClientHandler?card_type=6&trans_id=JRTAPGUKybnLb8UWPgVsBvX3JAA%3D
2023.5.17 06:01:19#---------------------- Complete New Transaction---------------------
2023.5.17 06:01:19#Get trans_id From Post Value:JRTAPGUKybnLb8UWPgVsBvX3JAA=
2023.5.17 06:01:19#clientIp:202.134.14.135
2023.5.17 06:01:19#trans_id:JRTAPGUKybnLb8UWPgVsBvX3JAA=
2023.5.17 06:01:21#result:RESULT>OK^RESULT_CODE>000^3DSECURE>SKIPPED^RRN>313706800705^APPROVAL_CODE>139645^CARD_NUMBER>999999*********1168^AMOUNT>1222000^CARDNAME>mb account^DESCRIPTION>6MBD2002211^TRANS_DATE>2023-05-17 12:01:18 PM
2023.5.17 06:01:21#28370417060121
2023.5.17 06:01:21#28370417060121
2023.5.17 06:01:21#28370417060121
2023.5.17 06:01:21#28370417060121
2023.5.17 06:01:21#28370417060121
2023.5.17 06:01:21#28370417060121
2023.5.17 06:01:21#28370417060121
2023.5.17 06:01:22#28370417060121
2023.5.17 06:01:22#28370417060121
2023.5.17 06:01:22#28370417060121
2023.5.17 06:01:22#28370417060121
2023.5.17 06:01:22#28370417060121
2023.5.17 06:01:22#28370417060121
2023.5.17 06:01:22#28370417060121
2023.5.17 06:01:22#=================== Transaction Completed =======================
2023.5.17 06:02:00#=================== Start New Transaction ===================
2023.5.17 06:02:00#txnrefnum:MEM2307015
2023.5.17 06:02:00#clientIp:202.134.14.135
2023.5.17 06:02:00#card type:6
2023.5.17 06:02:00#totalamount:202000
2023.5.17 06:02:03#result:TRANSACTION_ID:QwQ4vMqeS22yA0IbuEKcj0SFNn8=
2023.5.17 06:02:03#Forward to DBBL Payment Gateway Page: https://ecom1.dutchbanglabank.com/ecomm2/ClientHandler?card_type=6&trans_id=QwQ4vMqeS22yA0IbuEKcj0SFNn8%3D
2023.5.17 06:02:36#---------------------- Complete New Transaction---------------------
2023.5.17 06:02:36#Get trans_id From Post Value:QwQ4vMqeS22yA0IbuEKcj0SFNn8=
2023.5.17 06:02:36#clientIp:202.134.14.135
2023.5.17 06:02:36#trans_id:QwQ4vMqeS22yA0IbuEKcj0SFNn8=
2023.5.17 06:02:37#result:RESULT>OK^RESULT_CODE>000^3DSECURE>SKIPPED^RRN>313706800803^APPROVAL_CODE>096230^CARD_NUMBER>999999*********1168^AMOUNT>202000^CARDNAME>mb account^DESCRIPTION>6MEM2307015^TRANS_DATE>2023-05-17 12:02:35 PM
2023.5.17 06:02:37#52621417060237
2023.5.17 06:02:38#52621417060237
2023.5.17 06:02:38#52621417060237
2023.5.17 06:02:38#52621417060237
2023.5.17 06:02:38#=================== Transaction Completed =======================
2023.5.17 06:10:24#=================== Start New Transaction ===================
2023.5.17 06:10:24#txnrefnum:MBG2103035
2023.5.17 06:10:24#clientIp:103.120.222.140
2023.5.17 06:10:24#card type:6
2023.5.17 06:10:24#totalamount:202000
2023.5.17 06:10:26#result:TRANSACTION_ID:xMbbiOs6w7sJ7ql9TKj4j150Wi0=
2023.5.17 06:10:27#Forward to DBBL Payment Gateway Page: https://ecom1.dutchbanglabank.com/ecomm2/ClientHandler?card_type=6&trans_id=xMbbiOs6w7sJ7ql9TKj4j150Wi0%3D
2023.5.17 06:18:16#=================== Start New Transaction ===================
2023.5.17 06:18:16#txnrefnum:MBG2103035
2023.5.17 06:18:16#clientIp:103.120.222.140
2023.5.17 06:18:16#card type:6
2023.5.17 06:18:16#totalamount:202000
2023.5.17 06:18:19#result:TRANSACTION_ID:n6Gijj8LTn8P7McmeSKGsI4vO8Y=
2023.5.17 06:18:19#Forward to DBBL Payment Gateway Page: https://ecom1.dutchbanglabank.com/ecomm2/ClientHandler?card_type=6&trans_id=n6Gijj8LTn8P7McmeSKGsI4vO8Y%3D
2023.5.17 06:19:32#---------------------- Complete New Transaction---------------------
2023.5.17 06:19:32#Get trans_id From Post Value:n6Gijj8LTn8P7McmeSKGsI4vO8Y=
2023.5.17 06:19:32#clientIp:103.120.222.140
2023.5.17 06:19:32#trans_id:n6Gijj8LTn8P7McmeSKGsI4vO8Y=
2023.5.17 06:19:34#result:RESULT>OK^RESULT_CODE>000^3DSECURE>SKIPPED^RRN>313706802192^APPROVAL_CODE>294035^CARD_NUMBER>999999*********3991^AMOUNT>202000^CARDNAME>mb account^DESCRIPTION>6MBG2103035^TRANS_DATE>2023-05-17 12:19:31 PM
2023.5.17 06:19:34#47550917061934
2023.5.17 06:19:34#47550917061934
2023.5.17 06:19:34#47550917061934
2023.5.17 06:19:34#47550917061934
2023.5.17 06:19:34#=================== Transaction Completed =======================
2023.5.17 06:20:42#=================== Start New Transaction ===================
2023.5.17 06:20:42#txnrefnum:MBD2308062
2023.5.17 06:20:42#clientIp:103.153.66.210
2023.5.17 06:20:42#card type:6
2023.5.17 06:20:42#totalamount:482000
2023.5.17 06:20:44#result:TRANSACTION_ID:elcYfzNST2SEo3ggPkEfLMqhhNw=
2023.5.17 06:20:45#Forward to DBBL Payment Gateway Page: https://ecom1.dutchbanglabank.com/ecomm2/ClientHandler?card_type=6&trans_id=elcYfzNST2SEo3ggPkEfLMqhhNw%3D
2023.5.17 06:23:19#=================== Start New Transaction ===================
2023.5.17 06:23:19#txnrefnum:BBM2303078
2023.5.17 06:23:19#clientIp:202.134.14.135
2023.5.17 06:23:19#card type:6
2023.5.17 06:23:19#totalamount:362000
2023.5.17 06:23:22#result:TRANSACTION_ID:7lrCJegion4x0axcvere8Rw5jSw=
2023.5.17 06:23:22#Forward to DBBL Payment Gateway Page: https://ecom1.dutchbanglabank.com/ecomm2/ClientHandler?card_type=6&trans_id=7lrCJegion4x0axcvere8Rw5jSw%3D
2023.5.17 06:23:40#---------------------- Complete New Transaction---------------------
2023.5.17 06:23:40#Get trans_id From Post Value:7lrCJegion4x0axcvere8Rw5jSw=
2023.5.17 06:23:40#clientIp:202.134.14.135
2023.5.17 06:23:40#trans_id:7lrCJegion4x0axcvere8Rw5jSw=
2023.5.17 06:23:42#result:RESULT>OK^RESULT_CODE>000^3DSECURE>SKIPPED^RRN>313706802574^APPROVAL_CODE>199149^CARD_NUMBER>999999*********1168^AMOUNT>362000^CARDNAME>mb account^DESCRIPTION>6BBM2303078^TRANS_DATE>2023-05-17 12:23:39 PM
2023.5.17 06:23:42#53026317062342
2023.5.17 06:23:42#53026317062342
2023.5.17 06:23:42#53026317062342
2023.5.17 06:23:42#53026317062342
2023.5.17 06:23:42#53026317062342
2023.5.17 06:23:43#53026317062342
2023.5.17 06:23:43#53026317062342
2023.5.17 06:23:43#53026317062342
2023.5.17 06:23:43#=================== Transaction Completed =======================
2023.5.17 06:23:48#=================== Start New Transaction ===================
2023.5.17 06:23:48#txnrefnum:MBD2308062
2023.5.17 06:23:48#clientIp:103.153.66.210
2023.5.17 06:23:48#card type:6
2023.5.17 06:23:48#totalamount:482000
2023.5.17 06:23:51#result:TRANSACTION_ID:zuJZAOILI9CVc7MqGeKWQ92q9PY=
2023.5.17 06:23:51#Forward to DBBL Payment Gateway Page: https://ecom1.dutchbanglabank.com/ecomm2/ClientHandler?card_type=6&trans_id=zuJZAOILI9CVc7MqGeKWQ92q9PY%3D
2023.5.17 06:26:29#=================== Start New Transaction ===================
2023.5.17 06:26:29#txnrefnum:MBM2206241
2023.5.17 06:26:29#clientIp:43.224.109.198
2023.5.17 06:26:29#card type:6
2023.5.17 06:26:29#totalamount:302000
2023.5.17 06:26:32#result:TRANSACTION_ID:6PcMdhS5sUrLV9a9PxnP07JIZvA=
2023.5.17 06:26:32#Forward to DBBL Payment Gateway Page: https://ecom1.dutchbanglabank.com/ecomm2/ClientHandler?card_type=6&trans_id=6PcMdhS5sUrLV9a9PxnP07JIZvA%3D
2023.5.17 06:27:05#---------------------- Complete New Transaction---------------------
2023.5.17 06:27:05#Get trans_id From Post Value:6PcMdhS5sUrLV9a9PxnP07JIZvA=
2023.5.17 06:27:05#clientIp:43.224.109.198
2023.5.17 06:27:05#trans_id:6PcMdhS5sUrLV9a9PxnP07JIZvA=
2023.5.17 06:27:06#result:RESULT>OK^RESULT_CODE>000^3DSECURE>SKIPPED^RRN>313706802898^APPROVAL_CODE>227057^CARD_NUMBER>999999*********9974^AMOUNT>302000^CARDNAME>mb account^DESCRIPTION>6MBM2206241^TRANS_DATE>2023-05-17 12:27:04 PM
2023.5.17 06:27:06#43791317062706
2023.5.17 06:27:06#43791317062706
2023.5.17 06:27:06#43791317062706
2023.5.17 06:27:07#43791317062706
2023.5.17 06:27:07#43791317062706
2023.5.17 06:27:07#43791317062706
2023.5.17 06:27:07#=================== Transaction Completed =======================
2023.5.17 06:29:20#=================== Start New Transaction ===================
2023.5.17 06:29:20#txnrefnum:MSC22111376
2023.5.17 06:29:20#clientIp:103.134.168.18
2023.5.17 06:29:20#card type:6
2023.5.17 06:29:20#totalamount:606000
2023.5.17 06:29:23#result:TRANSACTION_ID:qIny7ZMJMQQLaOcZZ0OwodqyKko=
2023.5.17 06:29:23#Forward to DBBL Payment Gateway Page: https://ecom1.dutchbanglabank.com/ecomm2/ClientHandler?card_type=6&trans_id=qIny7ZMJMQQLaOcZZ0OwodqyKko%3D
2023.5.17 06:29:36#=================== Start New Transaction ===================
2023.5.17 06:29:36#txnrefnum:MBM2206241
2023.5.17 06:29:36#clientIp:43.224.109.198
2023.5.17 06:29:36#card type:6
2023.5.17 06:29:36#totalamount:102000
2023.5.17 06:29:39#result:TRANSACTION_ID:3kJS9mUFlkkTyJqjs2JhEUvwxt8=
2023.5.17 06:29:39#Forward to DBBL Payment Gateway Page: https://ecom1.dutchbanglabank.com/ecomm2/ClientHandler?card_type=6&trans_id=3kJS9mUFlkkTyJqjs2JhEUvwxt8%3D
2023.5.17 06:29:51#---------------------- Complete New Transaction---------------------
2023.5.17 06:29:51#Get trans_id From Post Value:qIny7ZMJMQQLaOcZZ0OwodqyKko=
2023.5.17 06:29:51#clientIp:103.134.168.18
2023.5.17 06:29:51#trans_id:qIny7ZMJMQQLaOcZZ0OwodqyKko=
2023.5.17 06:29:52#result:RESULT>OK^RESULT_CODE>000^3DSECURE>SKIPPED^RRN>313706803137^APPROVAL_CODE>235429^CARD_NUMBER>999999*********3969^AMOUNT>606000^CARDNAME>mb account^DESCRIPTION>6MSC22111376^TRANS_DATE>2023-05-17 12:29:50 PM
2023.5.17 06:29:52#34006117062952
2023.5.17 06:29:53#34006117062952
2023.5.17 06:29:53#34006117062952
2023.5.17 06:29:53#34006117062952
2023.5.17 06:29:53#34006117062952
2023.5.17 06:29:53#34006117062952
2023.5.17 06:29:53#34006117062952
2023.5.17 06:29:53#34006117062952
2023.5.17 06:29:53#=================== Transaction Completed =======================
2023.5.17 06:30:08#---------------------- Complete New Transaction---------------------
2023.5.17 06:30:08#Get trans_id From Post Value:3kJS9mUFlkkTyJqjs2JhEUvwxt8=
2023.5.17 06:30:08#clientIp:43.224.109.198
2023.5.17 06:30:08#trans_id:3kJS9mUFlkkTyJqjs2JhEUvwxt8=
2023.5.17 06:30:10#result:RESULT>OK^RESULT_CODE>000^3DSECURE>SKIPPED^RRN>313706803159^APPROVAL_CODE>321430^CARD_NUMBER>999999*********9974^AMOUNT>102000^CARDNAME>mb account^DESCRIPTION>6MBM2206241^TRANS_DATE>2023-05-17 12:30:07 PM
2023.5.17 06:30:10#43791817063010
2023.5.17 06:30:10#43791817063010
2023.5.17 06:30:10#=================== Transaction Completed =======================
2023.5.17 06:31:06#=================== Start New Transaction ===================
2023.5.17 06:31:06#txnrefnum:MBG2107025
2023.5.17 06:31:06#clientIp:202.134.10.130
2023.5.17 06:31:06#card type:6
2023.5.17 06:31:06#totalamount:182000
2023.5.17 06:31:09#result:TRANSACTION_ID:1bNj4GiEPitWXxcyhP2JwM1MhuA=
2023.5.17 06:31:09#Forward to DBBL Payment Gateway Page: https://ecom1.dutchbanglabank.com/ecomm2/ClientHandler?card_type=6&trans_id=1bNj4GiEPitWXxcyhP2JwM1MhuA%3D
2023.5.17 06:31:25#---------------------- Complete New Transaction---------------------
2023.5.17 06:31:25#Get trans_id From Post Value:1bNj4GiEPitWXxcyhP2JwM1MhuA=
2023.5.17 06:31:25#clientIp:202.134.10.130
2023.5.17 06:31:25#trans_id:1bNj4GiEPitWXxcyhP2JwM1MhuA=
2023.5.17 06:31:27#result:RESULT>OK^RESULT_CODE>000^3DSECURE>SKIPPED^RRN>313706803259^APPROVAL_CODE>239820^CARD_NUMBER>999999*********7532^AMOUNT>182000^CARDNAME>mb account^DESCRIPTION>6MBG2107025^TRANS_DATE>2023-05-17 12:31:24 PM
2023.5.17 06:31:27#39603817063127
2023.5.17 06:31:27#39603817063127
2023.5.17 06:31:27#39603817063127
2023.5.17 06:31:27#39603817063127
2023.5.17 06:31:27#=================== Transaction Completed =======================
2023.5.17 06:43:36#=================== Start New Transaction ===================
2023.5.17 06:43:36#txnrefnum:MEM2007004
2023.5.17 06:43:36#clientIp:119.148.52.162
2023.5.17 06:43:36#card type:6
2023.5.17 06:43:36#totalamount:212000
2023.5.17 06:43:39#result:TRANSACTION_ID:OwMz7IJHDSSiSdEIWCmXB8QZQDQ=
2023.5.17 06:43:40#Forward to DBBL Payment Gateway Page: https://ecom1.dutchbanglabank.com/ecomm2/ClientHandler?card_type=6&trans_id=OwMz7IJHDSSiSdEIWCmXB8QZQDQ%3D
2023.5.17 06:44:07#=================== Start New Transaction ===================
2023.5.17 06:44:07#txnrefnum:MSC22111022
2023.5.17 06:44:07#clientIp:202.134.10.130
2023.5.17 06:44:07#card type:6
2023.5.17 06:44:07#totalamount:1090000
2023.5.17 06:44:10#result:TRANSACTION_ID:Hy3DSUWxWY8jNk9kTbjXUS3ZfDs=
2023.5.17 06:44:10#Forward to DBBL Payment Gateway Page: https://ecom1.dutchbanglabank.com/ecomm2/ClientHandler?card_type=6&trans_id=Hy3DSUWxWY8jNk9kTbjXUS3ZfDs%3D
2023.5.17 06:44:39#---------------------- Complete New Transaction---------------------
2023.5.17 06:44:39#Get trans_id From Post Value:Hy3DSUWxWY8jNk9kTbjXUS3ZfDs=
2023.5.17 06:44:39#clientIp:202.134.10.130
2023.5.17 06:44:39#trans_id:Hy3DSUWxWY8jNk9kTbjXUS3ZfDs=
2023.5.17 06:44:41#result:RESULT>OK^RESULT_CODE>000^3DSECURE>SKIPPED^RRN>313706804455^APPROVAL_CODE>462388^CARD_NUMBER>999999*********7532^AMOUNT>1090000^CARDNAME>mb account^DESCRIPTION>6MSC22111022^TRANS_DATE>2023-05-17 12:44:38 PM
2023.5.17 06:44:41#33761217064441
2023.5.17 06:44:41#33761217064441
2023.5.17 06:44:41#33761217064441
2023.5.17 06:44:41#33761217064441
2023.5.17 06:44:41#33761217064441
2023.5.17 06:44:41#33761217064441
2023.5.17 06:44:41#33761217064441
2023.5.17 06:44:42#33761217064441
2023.5.17 06:44:42#33761217064441
2023.5.17 06:44:42#33761217064441
2023.5.17 06:44:42#33761217064441
2023.5.17 06:44:42#33761217064441
2023.5.17 06:44:42#33761217064441
2023.5.17 06:44:42#33761217064441
2023.5.17 06:44:42#=================== Transaction Completed =======================
2023.5.17 06:46:12#=================== Start New Transaction ===================
2023.5.17 06:46:12#txnrefnum:MEM2003057
2023.5.17 06:46:12#clientIp:119.148.52.162
2023.5.17 06:46:12#card type:6
2023.5.17 06:46:12#totalamount:102000
2023.5.17 06:46:14#result:TRANSACTION_ID:SkdcLYp2FnPjkAhRQhnusId5hRo=
2023.5.17 06:46:15#Forward to DBBL Payment Gateway Page: https://ecom1.dutchbanglabank.com/ecomm2/ClientHandler?card_type=6&trans_id=SkdcLYp2FnPjkAhRQhnusId5hRo%3D
2023.5.17 06:53:07#=================== Start New Transaction ===================
2023.5.17 06:53:07#txnrefnum:BBD2306096
2023.5.17 06:53:07#clientIp:103.89.24.46
2023.5.17 06:53:07#card type:6
2023.5.17 06:53:07#totalamount:2000
2023.5.17 06:53:10#result:TRANSACTION_ID:xNrn7vL9vmLK1n77UqqZq1Sj9SQ=
2023.5.17 06:53:10#Forward to DBBL Payment Gateway Page: https://ecom1.dutchbanglabank.com/ecomm2/ClientHandler?card_type=6&trans_id=xNrn7vL9vmLK1n77UqqZq1Sj9SQ%3D
2023.5.17 06:56:09#=================== Start New Transaction ===================
2023.5.17 06:56:09#txnrefnum:MSC22111323
2023.5.17 06:56:09#clientIp:202.134.14.135
2023.5.17 06:56:09#card type:6
2023.5.17 06:56:09#totalamount:590000
2023.5.17 06:56:11#result:TRANSACTION_ID:8RkZ9UsQuoDX1BnPzziq4sVXqCo=
2023.5.17 06:56:12#Forward to DBBL Payment Gateway Page: https://ecom1.dutchbanglabank.com/ecomm2/ClientHandler?card_type=6&trans_id=8RkZ9UsQuoDX1BnPzziq4sVXqCo%3D
2023.5.17 06:56:27#---------------------- Complete New Transaction---------------------
2023.5.17 06:56:27#Get trans_id From Post Value:8RkZ9UsQuoDX1BnPzziq4sVXqCo=
2023.5.17 06:56:27#clientIp:202.134.14.135
2023.5.17 06:56:27#trans_id:8RkZ9UsQuoDX1BnPzziq4sVXqCo=
2023.5.17 06:56:29#result:RESULT>OK^RESULT_CODE>000^3DSECURE>SKIPPED^RRN>313706805616^APPROVAL_CODE>381141^CARD_NUMBER>999999*********1168^AMOUNT>590000^CARDNAME>mb account^DESCRIPTION>6MSC22111323^TRANS_DATE>2023-05-17 12:56:26 PM
2023.5.17 06:56:29#33889417065629
2023.5.17 06:56:29#33889417065629
2023.5.17 06:56:29#33889417065629
2023.5.17 06:56:29#33889417065629
2023.5.17 06:56:29#33889417065629
2023.5.17 06:56:29#33889417065629
2023.5.17 06:56:29#33889417065629
2023.5.17 06:56:29#33889417065629
2023.5.17 06:56:29#=================== Transaction Completed =======================
2023.5.17 07:02:58#=================== Start New Transaction ===================
2023.5.17 07:02:58#txnrefnum:MBM2209480
2023.5.17 07:02:58#clientIp:202.134.14.135
2023.5.17 07:02:58#card type:6
2023.5.17 07:02:58#totalamount:802000
2023.5.17 07:03:01#result:TRANSACTION_ID:GUylpoz59JzrWcyYYSZ0AHHcbPs=
2023.5.17 07:03:01#Forward to DBBL Payment Gateway Page: https://ecom1.dutchbanglabank.com/ecomm2/ClientHandler?card_type=6&trans_id=GUylpoz59JzrWcyYYSZ0AHHcbPs%3D
2023.5.17 07:03:16#---------------------- Complete New Transaction---------------------
2023.5.17 07:03:16#Get trans_id From Post Value:GUylpoz59JzrWcyYYSZ0AHHcbPs=
2023.5.17 07:03:16#clientIp:202.134.14.135
2023.5.17 07:03:16#trans_id:GUylpoz59JzrWcyYYSZ0AHHcbPs=
2023.5.17 07:03:17#result:RESULT>OK^RESULT_CODE>000^3DSECURE>SKIPPED^RRN>313707806277^APPROVAL_CODE>513209^CARD_NUMBER>999999*********1168^AMOUNT>802000^CARDNAME>mb account^DESCRIPTION>6MBM2209480^TRANS_DATE>2023-05-17 01:03:15 PM
2023.5.17 07:03:17#37296017070317
2023.5.17 07:03:18#37296017070317
2023.5.17 07:03:18#37296017070317
2023.5.17 07:03:18#37296017070317
2023.5.17 07:03:18#37296017070317
2023.5.17 07:03:18#37296017070317
2023.5.17 07:03:18#=================== Transaction Completed =======================
2023.5.17 07:04:32#=================== Start New Transaction ===================
2023.5.17 07:04:32#txnrefnum:MEM2007004
2023.5.17 07:04:32#clientIp:119.148.52.162
2023.5.17 07:04:32#card type:6
2023.5.17 07:04:32#totalamount:212000
2023.5.17 07:04:35#result:TRANSACTION_ID:JjmtXJEnWUwbMi4m25h121GUJcY=
2023.5.17 07:04:35#Forward to DBBL Payment Gateway Page: https://ecom1.dutchbanglabank.com/ecomm2/ClientHandler?card_type=6&trans_id=JjmtXJEnWUwbMi4m25h121GUJcY%3D
2023.5.17 07:05:57#---------------------- Complete New Transaction---------------------
2023.5.17 07:05:57#Get trans_id From Post Value:JjmtXJEnWUwbMi4m25h121GUJcY=
2023.5.17 07:05:57#clientIp:119.148.52.162
2023.5.17 07:05:57#trans_id:JjmtXJEnWUwbMi4m25h121GUJcY=
2023.5.17 07:05:59#result:RESULT>OK^RESULT_CODE>000^3DSECURE>SKIPPED^RRN>313707806521^APPROVAL_CODE>391522^CARD_NUMBER>999999*********9084^AMOUNT>212000^CARDNAME>mb account^DESCRIPTION>6MEM2007004^TRANS_DATE>2023-05-17 01:05:56 PM
2023.5.17 07:05:59#38610117070559
2023.5.17 07:05:59#38610117070559
2023.5.17 07:05:59#38610117070559
2023.5.17 07:05:59#38610117070559
2023.5.17 07:05:59#=================== Transaction Completed =======================
2023.5.17 07:08:54#=================== Start New Transaction ===================
2023.5.17 07:08:54#txnrefnum:MEM2003057
2023.5.17 07:08:54#clientIp:119.148.52.162
2023.5.17 07:08:54#card type:6
2023.5.17 07:08:54#totalamount:102000
2023.5.17 07:08:57#result:TRANSACTION_ID:iZTEyG6atkI0B0nipr659qZvrP0=
2023.5.17 07:08:57#Forward to DBBL Payment Gateway Page: https://ecom1.dutchbanglabank.com/ecomm2/ClientHandler?card_type=6&trans_id=iZTEyG6atkI0B0nipr659qZvrP0%3D
2023.5.17 07:10:17#---------------------- Complete New Transaction---------------------
2023.5.17 07:10:17#Get trans_id From Post Value:iZTEyG6atkI0B0nipr659qZvrP0=
2023.5.17 07:10:17#clientIp:119.148.52.162
2023.5.17 07:10:17#trans_id:iZTEyG6atkI0B0nipr659qZvrP0=
2023.5.17 07:10:19#result:RESULT>OK^RESULT_CODE>000^3DSECURE>SKIPPED^RRN>313707806930^APPROVAL_CODE>446643^CARD_NUMBER>999999*********9084^AMOUNT>102000^CARDNAME>mb account^DESCRIPTION>6MEM2003057^TRANS_DATE>2023-05-17 01:10:16 PM
2023.5.17 07:10:19#45192117071019
2023.5.17 07:10:19#45192117071019
2023.5.17 07:10:19#=================== Transaction Completed =======================
2023.5.17 07:19:35#=================== Start New Transaction ===================
2023.5.17 07:19:35#txnrefnum:MSC22111375
2023.5.17 07:19:35#clientIp:202.134.14.135
2023.5.17 07:19:35#card type:6
2023.5.17 07:19:35#totalamount:1080000
2023.5.17 07:19:38#result:TRANSACTION_ID:Kp6OJvScGHpm2OSmAr1G5e11N3g=
2023.5.17 07:19:38#Forward to DBBL Payment Gateway Page: https://ecom1.dutchbanglabank.com/ecomm2/ClientHandler?card_type=6&trans_id=Kp6OJvScGHpm2OSmAr1G5e11N3g%3D
2023.5.17 07:19:59#---------------------- Complete New Transaction---------------------
2023.5.17 07:19:59#Get trans_id From Post Value:Kp6OJvScGHpm2OSmAr1G5e11N3g=
2023.5.17 07:19:59#clientIp:202.134.14.135
2023.5.17 07:19:59#trans_id:Kp6OJvScGHpm2OSmAr1G5e11N3g=
2023.5.17 07:20:01#result:RESULT>OK^RESULT_CODE>000^3DSECURE>SKIPPED^RRN>313707807826^APPROVAL_CODE>615283^CARD_NUMBER>999999*********1168^AMOUNT>1080000^CARDNAME>mb account^DESCRIPTION>6MSC22111375^TRANS_DATE>2023-05-17 01:19:58 PM
2023.5.17 07:20:01#34004217072001
2023.5.17 07:20:01#34004217072001
2023.5.17 07:20:01#34004217072001
2023.5.17 07:20:02#34004217072001
2023.5.17 07:20:02#34004217072001
2023.5.17 07:20:02#34004217072001
2023.5.17 07:20:02#34004217072001
2023.5.17 07:20:02#34004217072001
2023.5.17 07:20:02#34004217072001
2023.5.17 07:20:02#34004217072001
2023.5.17 07:20:02#34004217072001
2023.5.17 07:20:02#34004217072001
2023.5.17 07:20:02#34004217072001
2023.5.17 07:20:02#34004217072001
2023.5.17 07:20:02#=================== Transaction Completed =======================
2023.5.17 07:22:29#=================== Start New Transaction ===================
2023.5.17 07:22:29#txnrefnum:MBD2002152
2023.5.17 07:22:29#clientIp:202.134.14.135
2023.5.17 07:22:29#card type:6
2023.5.17 07:22:29#totalamount:1022000
2023.5.17 07:22:32#result:TRANSACTION_ID:6Zl9SRXByDOir8X7elzCM8QOmKc=
2023.5.17 07:22:32#Forward to DBBL Payment Gateway Page: https://ecom1.dutchbanglabank.com/ecomm2/ClientHandler?card_type=6&trans_id=6Zl9SRXByDOir8X7elzCM8QOmKc%3D
2023.5.17 07:23:18#---------------------- Complete New Transaction---------------------
2023.5.17 07:23:18#Get trans_id From Post Value:6Zl9SRXByDOir8X7elzCM8QOmKc=
2023.5.17 07:23:18#clientIp:202.134.14.135
2023.5.17 07:23:18#trans_id:6Zl9SRXByDOir8X7elzCM8QOmKc=
2023.5.17 07:23:20#result:RESULT>OK^RESULT_CODE>000^3DSECURE>SKIPPED^RRN>313707808189^APPROVAL_CODE>621158^CARD_NUMBER>999999*********1168^AMOUNT>1022000^CARDNAME>mb account^DESCRIPTION>6MBD2002152^TRANS_DATE>2023-05-17 01:23:17 PM
2023.5.17 07:23:20#36643317072320
2023.5.17 07:23:20#36643317072320
2023.5.17 07:23:20#36643317072320
2023.5.17 07:23:20#36643317072320
2023.5.17 07:23:20#36643317072320
2023.5.17 07:23:20#36643317072320
2023.5.17 07:23:20#36643317072320
2023.5.17 07:23:20#36643317072320
2023.5.17 07:23:20#36643317072320
2023.5.17 07:23:21#36643317072320
2023.5.17 07:23:21#=================== Transaction Completed =======================
2023.5.17 07:24:50#=================== Start New Transaction ===================
2023.5.17 07:24:50#txnrefnum:MBD2006219
2023.5.17 07:24:50#clientIp:202.134.14.135
2023.5.17 07:24:50#card type:6
2023.5.17 07:24:50#totalamount:482000
2023.5.17 07:24:52#result:TRANSACTION_ID:L1XMv6UFcSaJxoz5BgclPPh2FL0=
2023.5.17 07:24:53#Forward to DBBL Payment Gateway Page: https://ecom1.dutchbanglabank.com/ecomm2/ClientHandler?card_type=6&trans_id=L1XMv6UFcSaJxoz5BgclPPh2FL0%3D
2023.5.17 07:25:31#---------------------- Complete New Transaction---------------------
2023.5.17 07:25:31#Get trans_id From Post Value:L1XMv6UFcSaJxoz5BgclPPh2FL0=
2023.5.17 07:25:31#clientIp:202.134.14.135
2023.5.17 07:25:31#trans_id:L1XMv6UFcSaJxoz5BgclPPh2FL0=
2023.5.17 07:25:33#result:RESULT>OK^RESULT_CODE>000^3DSECURE>SKIPPED^RRN>313707808412^APPROVAL_CODE>567725^CARD_NUMBER>999999*********1168^AMOUNT>482000^CARDNAME>mb account^DESCRIPTION>6MBD2006219^TRANS_DATE>2023-05-17 01:25:30 PM
2023.5.17 07:25:33#39948917072533
2023.5.17 07:25:33#39948917072533
2023.5.17 07:25:33#39948917072533
2023.5.17 07:25:33#39948917072533
2023.5.17 07:25:33#39948917072533
2023.5.17 07:25:34#39948917072533
2023.5.17 07:25:34#39948917072533
2023.5.17 07:25:34#39948917072533
2023.5.17 07:25:34#39948917072533
2023.5.17 07:25:34#39948917072533
2023.5.17 07:25:34#=================== Transaction Completed =======================
2023.5.17 07:45:22#=================== Start New Transaction ===================
2023.5.17 07:45:22#txnrefnum:MBG2106015
2023.5.17 07:45:22#clientIp:103.183.69.52
2023.5.17 07:45:22#card type:6
2023.5.17 07:45:22#totalamount:282000
2023.5.17 07:45:25#result:TRANSACTION_ID:b6I1MNlDYUFI0IZUpPDoS0491zI=
2023.5.17 07:45:25#Forward to DBBL Payment Gateway Page: https://ecom1.dutchbanglabank.com/ecomm2/ClientHandler?card_type=6&trans_id=b6I1MNlDYUFI0IZUpPDoS0491zI%3D
2023.5.17 07:47:22#---------------------- Complete New Transaction---------------------
2023.5.17 07:47:22#Get trans_id From Post Value:b6I1MNlDYUFI0IZUpPDoS0491zI=
2023.5.17 07:47:22#clientIp:103.183.69.52
2023.5.17 07:47:22#trans_id:b6I1MNlDYUFI0IZUpPDoS0491zI=
2023.5.17 07:47:24#result:RESULT>OK^RESULT_CODE>000^3DSECURE>SKIPPED^RRN>313707810404^APPROVAL_CODE>692745^CARD_NUMBER>999999*********0228^AMOUNT>282000^CARDNAME>mb account^DESCRIPTION>6MBG2106015^TRANS_DATE>2023-05-17 01:47:21 PM
2023.5.17 07:47:24#42121217074724
2023.5.17 07:47:24#42121217074724
2023.5.17 07:47:24#42121217074724
2023.5.17 07:47:24#42121217074724
2023.5.17 07:47:24#42121217074724
2023.5.17 07:47:24#42121217074724
2023.5.17 07:47:24#=================== Transaction Completed =======================
2023.5.17 07:51:43#=================== Start New Transaction ===================
2023.5.17 07:51:43#txnrefnum:MEM2307015
2023.5.17 07:51:43#clientIp:202.134.14.135
2023.5.17 07:51:43#card type:6
2023.5.17 07:51:43#totalamount:102000
2023.5.17 07:51:46#result:TRANSACTION_ID:sPmGf9aSToBGb6KS8T3WEWDOWrg=
2023.5.17 07:51:46#Forward to DBBL Payment Gateway Page: https://ecom1.dutchbanglabank.com/ecomm2/ClientHandler?card_type=6&trans_id=sPmGf9aSToBGb6KS8T3WEWDOWrg%3D
2023.5.17 07:52:03#---------------------- Complete New Transaction---------------------
2023.5.17 07:52:03#Get trans_id From Post Value:sPmGf9aSToBGb6KS8T3WEWDOWrg=
2023.5.17 07:52:03#clientIp:202.134.14.135
2023.5.17 07:52:03#trans_id:sPmGf9aSToBGb6KS8T3WEWDOWrg=
2023.5.17 07:52:05#result:RESULT>OK^RESULT_CODE>000^3DSECURE>SKIPPED^RRN>313707810798^APPROVAL_CODE>745173^CARD_NUMBER>999999*********1168^AMOUNT>102000^CARDNAME>mb account^DESCRIPTION>6MEM2307015^TRANS_DATE>2023-05-17 01:52:02 PM
2023.5.17 07:52:05#52622317075205
2023.5.17 07:52:05#52622317075205
2023.5.17 07:52:05#=================== Transaction Completed =======================
2023.5.17 08:00:37#=================== Start New Transaction ===================
2023.5.17 08:00:37#txnrefnum:MED2306055
2023.5.17 08:00:37#clientIp:202.134.14.135
2023.5.17 08:00:37#card type:6
2023.5.17 08:00:37#totalamount:262000
2023.5.17 08:00:40#result:TRANSACTION_ID:y3IBkYT6azldcCfuXMbiDe7EdcA=
2023.5.17 08:00:40#Forward to DBBL Payment Gateway Page: https://ecom1.dutchbanglabank.com/ecomm2/ClientHandler?card_type=6&trans_id=y3IBkYT6azldcCfuXMbiDe7EdcA%3D
2023.5.17 08:00:52#---------------------- Complete New Transaction---------------------
2023.5.17 08:00:52#Get trans_id From Post Value:y3IBkYT6azldcCfuXMbiDe7EdcA=
2023.5.17 08:00:52#clientIp:202.134.14.135
2023.5.17 08:00:52#trans_id:y3IBkYT6azldcCfuXMbiDe7EdcA=
2023.5.17 08:00:54#result:RESULT>OK^RESULT_CODE>000^3DSECURE>SKIPPED^RRN>313708811556^APPROVAL_CODE>817272^CARD_NUMBER>999999*********1168^AMOUNT>262000^CARDNAME>mb account^DESCRIPTION>6MED2306055^TRANS_DATE>2023-05-17 02:00:51 PM
2023.5.17 08:00:54#52549117080054
2023.5.17 08:00:54#52549117080054
2023.5.17 08:00:54#52549117080054
2023.5.17 08:00:54#52549117080054
2023.5.17 08:00:54#=================== Transaction Completed =======================
2023.5.17 08:16:35#=================== Start New Transaction ===================
2023.5.17 08:16:35#txnrefnum:MBD2306445
2023.5.17 08:16:35#clientIp:202.134.14.135
2023.5.17 08:16:35#card type:6
2023.5.17 08:16:35#totalamount:302000
2023.5.17 08:16:39#result:TRANSACTION_ID:GrdNKPfUAOCpV6Ls7ple6lpNSbw=
2023.5.17 08:16:39#Forward to DBBL Payment Gateway Page: https://ecom1.dutchbanglabank.com/ecomm2/ClientHandler?card_type=6&trans_id=GrdNKPfUAOCpV6Ls7ple6lpNSbw%3D
2023.5.17 08:16:57#---------------------- Complete New Transaction---------------------
2023.5.17 08:16:57#Get trans_id From Post Value:GrdNKPfUAOCpV6Ls7ple6lpNSbw=
2023.5.17 08:16:57#clientIp:202.134.14.135
2023.5.17 08:16:57#trans_id:GrdNKPfUAOCpV6Ls7ple6lpNSbw=
2023.5.17 08:16:59#result:RESULT>OK^RESULT_CODE>000^3DSECURE>SKIPPED^RRN>313708812973^APPROVAL_CODE>867611^CARD_NUMBER>999999*********1168^AMOUNT>302000^CARDNAME>mb account^DESCRIPTION>6MBD2306445^TRANS_DATE>2023-05-17 02:16:56 PM
2023.5.17 08:16:59#46025717081659
2023.5.17 08:17:00#46025717081659
2023.5.17 08:17:00#46025717081659
2023.5.17 08:17:00#46025717081659
2023.5.17 08:17:00#46025717081659
2023.5.17 08:17:00#46025717081659
2023.5.17 08:17:00#=================== Transaction Completed =======================
2023.5.17 08:32:01#=================== Start New Transaction ===================
2023.5.17 08:32:01#txnrefnum:MBD2309314
2023.5.17 08:32:01#clientIp:202.134.10.132
2023.5.17 08:32:01#card type:6
2023.5.17 08:32:01#totalamount:882000
2023.5.17 08:32:05#result:TRANSACTION_ID:0GYsCKwVXyiRKlMPsw8SNxLf09c=
2023.5.17 08:32:05#Forward to DBBL Payment Gateway Page: https://ecom1.dutchbanglabank.com/ecomm2/ClientHandler?card_type=6&trans_id=0GYsCKwVXyiRKlMPsw8SNxLf09c%3D
2023.5.17 08:32:21#---------------------- Complete New Transaction---------------------
2023.5.17 08:32:21#Get trans_id From Post Value:0GYsCKwVXyiRKlMPsw8SNxLf09c=
2023.5.17 08:32:21#clientIp:202.134.10.132
2023.5.17 08:32:21#trans_id:0GYsCKwVXyiRKlMPsw8SNxLf09c=
2023.5.17 08:32:23#result:RESULT>OK^RESULT_CODE>000^3DSECURE>SKIPPED^RRN>313708814249^APPROVAL_CODE>939671^CARD_NUMBER>999999*********7532^AMOUNT>882000^CARDNAME>mb account^DESCRIPTION>6MBD2309314^TRANS_DATE>2023-05-17 02:32:20 PM
2023.5.17 08:32:23#54141617083223
2023.5.17 08:32:24#54141617083223
2023.5.17 08:32:24#54141617083223
2023.5.17 08:32:24#54141617083223
2023.5.17 08:32:24#54141617083223
2023.5.17 08:32:24#54141617083223
2023.5.17 08:32:24#=================== Transaction Completed =======================
2023.5.17 08:32:26#=================== Start New Transaction ===================
2023.5.17 08:32:26#txnrefnum:BBD2304017
2023.5.17 08:32:26#clientIp:114.130.157.170
2023.5.17 08:32:26#card type:6
2023.5.17 08:32:26#totalamount:362000
2023.5.17 08:32:30#result:TRANSACTION_ID:vI0BLbzrdjc3t4Vsu81rPv55x5w=
2023.5.17 08:32:30#Forward to DBBL Payment Gateway Page: https://ecom1.dutchbanglabank.com/ecomm2/ClientHandler?card_type=6&trans_id=vI0BLbzrdjc3t4Vsu81rPv55x5w%3D
2023.5.17 08:32:45#=================== Start New Transaction ===================
2023.5.17 08:32:45#txnrefnum:MBB2106211
2023.5.17 08:32:45#clientIp:103.204.245.6
2023.5.17 08:32:45#card type:6
2023.5.17 08:32:45#totalamount:302000
2023.5.17 08:32:49#result:TRANSACTION_ID:rxOdmYXuK07BdkhGRppx97QpyRs=
2023.5.17 08:32:50#Forward to DBBL Payment Gateway Page: https://ecom1.dutchbanglabank.com/ecomm2/ClientHandler?card_type=6&trans_id=rxOdmYXuK07BdkhGRppx97QpyRs%3D
2023.5.17 08:32:53#---------------------- Complete New Transaction---------------------
2023.5.17 08:32:53#Get trans_id From Post Value:vI0BLbzrdjc3t4Vsu81rPv55x5w=
2023.5.17 08:32:53#clientIp:114.130.157.170
2023.5.17 08:32:53#trans_id:vI0BLbzrdjc3t4Vsu81rPv55x5w=
2023.5.17 08:32:55#result:RESULT>OK^RESULT_CODE>000^3DSECURE>SKIPPED^RRN>313708814294^APPROVAL_CODE>940978^CARD_NUMBER>999999*********6175^AMOUNT>362000^CARDNAME>mb account^DESCRIPTION>6BBD2304017^TRANS_DATE>2023-05-17 02:32:52 PM
2023.5.17 08:32:55#46952117083255
2023.5.17 08:32:56#46952117083255
2023.5.17 08:32:56#46952117083255
2023.5.17 08:32:56#46952117083255
2023.5.17 08:32:56#46952117083255
2023.5.17 08:32:56#46952117083255
2023.5.17 08:32:56#46952117083255
2023.5.17 08:32:56#46952117083255
2023.5.17 08:32:56#=================== Transaction Completed =======================
2023.5.17 08:36:16#=================== Start New Transaction ===================
2023.5.17 08:36:16#txnrefnum:MBD2001127
2023.5.17 08:36:16#clientIp:202.134.14.135
2023.5.17 08:36:16#card type:6
2023.5.17 08:36:16#totalamount:462000
2023.5.17 08:36:20#result:TRANSACTION_ID:raAgmV3qGkv58l9ShodtzGYHIQ4=
2023.5.17 08:36:20#Forward to DBBL Payment Gateway Page: https://ecom1.dutchbanglabank.com/ecomm2/ClientHandler?card_type=6&trans_id=raAgmV3qGkv58l9ShodtzGYHIQ4%3D
2023.5.17 08:36:42#---------------------- Complete New Transaction---------------------
2023.5.17 08:36:42#Get trans_id From Post Value:raAgmV3qGkv58l9ShodtzGYHIQ4=
2023.5.17 08:36:42#clientIp:202.134.14.135
2023.5.17 08:36:42#trans_id:raAgmV3qGkv58l9ShodtzGYHIQ4=
2023.5.17 08:36:44#result:RESULT>OK^RESULT_CODE>000^3DSECURE>SKIPPED^RRN>313708814627^APPROVAL_CODE>000839^CARD_NUMBER>999999*********1168^AMOUNT>462000^CARDNAME>mb account^DESCRIPTION>6MBD2001127^TRANS_DATE>2023-05-17 02:36:41 PM
2023.5.17 08:36:44#46481717083644
2023.5.17 08:36:44#46481717083644
2023.5.17 08:36:44#46481717083644
2023.5.17 08:36:45#46481717083644
2023.5.17 08:36:45#46481717083644
2023.5.17 08:36:45#46481717083644
2023.5.17 08:36:45#46481717083644
2023.5.17 08:36:45#46481717083644
2023.5.17 08:36:45#46481717083644
2023.5.17 08:36:45#46481717083644
2023.5.17 08:36:45#=================== Transaction Completed =======================
2023.5.17 08:37:11#=================== Start New Transaction ===================
2023.5.17 08:37:11#txnrefnum:BBM2007212
2023.5.17 08:37:11#clientIp:114.130.157.170
2023.5.17 08:37:11#card type:6
2023.5.17 08:37:11#totalamount:382000
2023.5.17 08:37:15#result:TRANSACTION_ID:RBXoMMN39xbqASC5DAL4PqMiBbI=
2023.5.17 08:37:15#Forward to DBBL Payment Gateway Page: https://ecom1.dutchbanglabank.com/ecomm2/ClientHandler?card_type=6&trans_id=RBXoMMN39xbqASC5DAL4PqMiBbI%3D
2023.5.17 08:37:33#---------------------- Complete New Transaction---------------------
2023.5.17 08:37:33#Get trans_id From Post Value:RBXoMMN39xbqASC5DAL4PqMiBbI=
2023.5.17 08:37:33#clientIp:114.130.157.170
2023.5.17 08:37:33#trans_id:RBXoMMN39xbqASC5DAL4PqMiBbI=
2023.5.17 08:37:35#result:RESULT>OK^RESULT_CODE>000^3DSECURE>SKIPPED^RRN>313708814692^APPROVAL_CODE>002978^CARD_NUMBER>999999*********6175^AMOUNT>382000^CARDNAME>mb account^DESCRIPTION>6BBM2007212^TRANS_DATE>2023-05-17 02:37:31 PM
2023.5.17 08:37:35#31381617083735
2023.5.17 08:37:35#31381617083735
2023.5.17 08:37:35#31381617083735
2023.5.17 08:37:36#31381617083735
2023.5.17 08:37:36#31381617083735
2023.5.17 08:37:36#31381617083735
2023.5.17 08:37:36#31381617083735
2023.5.17 08:37:36#31381617083735
2023.5.17 08:37:36#=================== Transaction Completed =======================
2023.5.17 08:39:16#=================== Start New Transaction ===================
2023.5.17 08:39:16#txnrefnum:BBD2005084
2023.5.17 08:39:16#clientIp:114.130.157.170
2023.5.17 08:39:16#card type:6
2023.5.17 08:39:16#totalamount:382000
2023.5.17 08:39:20#result:TRANSACTION_ID:oAoPJEhX4vJQWqS0oabj6xqLX2Y=
2023.5.17 08:39:20#Forward to DBBL Payment Gateway Page: https://ecom1.dutchbanglabank.com/ecomm2/ClientHandler?card_type=6&trans_id=oAoPJEhX4vJQWqS0oabj6xqLX2Y%3D
2023.5.17 08:39:47#---------------------- Complete New Transaction---------------------
2023.5.17 08:39:47#Get trans_id From Post Value:oAoPJEhX4vJQWqS0oabj6xqLX2Y=
2023.5.17 08:39:47#clientIp:114.130.157.170
2023.5.17 08:39:47#trans_id:oAoPJEhX4vJQWqS0oabj6xqLX2Y=
2023.5.17 08:39:50#result:RESULT>OK^RESULT_CODE>000^3DSECURE>SKIPPED^RRN>313708814883^APPROVAL_CODE>954789^CARD_NUMBER>999999*********6175^AMOUNT>382000^CARDNAME>mb account^DESCRIPTION>6BBD2005084^TRANS_DATE>2023-05-17 02:39:45 PM
2023.5.17 08:39:50#31032717083950
2023.5.17 08:39:50#31032717083950
2023.5.17 08:39:50#31032717083950
2023.5.17 08:39:51#31032717083950
2023.5.17 08:39:51#31032717083950
2023.5.17 08:39:51#31032717083950
2023.5.17 08:39:51#31032717083950
2023.5.17 08:39:51#31032717083950
2023.5.17 08:39:51#=================== Transaction Completed =======================
2023.5.17 08:40:57#=================== Start New Transaction ===================
2023.5.17 08:40:57#txnrefnum:MBM2005045
2023.5.17 08:40:57#clientIp:103.204.86.173
2023.5.17 08:40:57#card type:6
2023.5.17 08:40:57#totalamount:222000
2023.5.17 08:41:01#result:TRANSACTION_ID:ZPn5zHTJ9y50H5wjlezMBOmOTRU=
2023.5.17 08:41:01#Forward to DBBL Payment Gateway Page: https://ecom1.dutchbanglabank.com/ecomm2/ClientHandler?card_type=6&trans_id=ZPn5zHTJ9y50H5wjlezMBOmOTRU%3D
2023.5.17 08:41:37#---------------------- Complete New Transaction---------------------
2023.5.17 08:41:37#Get trans_id From Post Value:ZPn5zHTJ9y50H5wjlezMBOmOTRU=
2023.5.17 08:41:37#clientIp:103.204.86.173
2023.5.17 08:41:37#trans_id:ZPn5zHTJ9y50H5wjlezMBOmOTRU=
2023.5.17 08:41:39#result:RESULT>OK^RESULT_CODE>000^3DSECURE>SKIPPED^RRN>313708815052^APPROVAL_CODE>882646^CARD_NUMBER>999999*********5363^AMOUNT>222000^CARDNAME>mb account^DESCRIPTION>6MBM2005045^TRANS_DATE>2023-05-17 02:41:36 PM
2023.5.17 08:41:39#36924917084139
2023.5.17 08:41:39#36924917084139
2023.5.17 08:41:39#=================== Transaction Completed =======================
2023.5.17 08:56:21#---------------------- Complete New Transaction---------------------
2023.5.17 08:56:21#Get trans_id From Post Value:zuJZAOILI9CVc7MqGeKWQ92q9PY=
2023.5.17 08:56:21#clientIp:103.153.66.210
2023.5.17 08:56:21#trans_id:zuJZAOILI9CVc7MqGeKWQ92q9PY=
2023.5.17 08:56:23#result:RESULT>TIMEOUT^RESULT_CODE>999^3DSECURE>0^RRN>0^APPROVAL_CODE>0^CARD_NUMBER>0^AMOUNT>482000^CARDNAME>0^DESCRIPTION>6MBD2308062^TRANS_DATE>2023-05-17 02:56:19 PM
2023.5.17 08:56:23#Failed
2023.5.17 09:28:40#=================== Start New Transaction ===================
2023.5.17 09:28:40#txnrefnum:MEM2301497
2023.5.17 09:28:40#clientIp:202.134.14.135
2023.5.17 09:28:40#card type:6
2023.5.17 09:28:40#totalamount:262000
2023.5.17 09:28:42#result:TRANSACTION_ID:IYiRkHBm6NMbUS9ptO6t4Z5pDak=
2023.5.17 09:28:43#Forward to DBBL Payment Gateway Page: https://ecom1.dutchbanglabank.com/ecomm2/ClientHandler?card_type=6&trans_id=IYiRkHBm6NMbUS9ptO6t4Z5pDak%3D
2023.5.17 09:29:00#---------------------- Complete New Transaction---------------------
2023.5.17 09:29:00#Get trans_id From Post Value:IYiRkHBm6NMbUS9ptO6t4Z5pDak=
2023.5.17 09:29:00#clientIp:202.134.14.135
2023.5.17 09:29:00#trans_id:IYiRkHBm6NMbUS9ptO6t4Z5pDak=
2023.5.17 09:29:02#result:RESULT>OK^RESULT_CODE>000^3DSECURE>SKIPPED^RRN>313709818698^APPROVAL_CODE>166017^CARD_NUMBER>999999*********1168^AMOUNT>262000^CARDNAME>mb account^DESCRIPTION>6MEM2301497^TRANS_DATE>2023-05-17 03:28:59 PM
2023.5.17 09:29:02#53151617092902
2023.5.17 09:29:02#53151617092902
2023.5.17 09:29:02#53151617092902
2023.5.17 09:29:02#53151617092902
2023.5.17 09:29:02#=================== Transaction Completed =======================
2023.5.17 09:42:40#=================== Start New Transaction ===================
2023.5.17 09:42:40#txnrefnum:MBD2007042
2023.5.17 09:42:40#clientIp:103.149.147.167
2023.5.17 09:42:40#card type:6
2023.5.17 09:42:40#totalamount:382000
2023.5.17 09:42:43#result:TRANSACTION_ID:V2JNiTNAb9Xnsr6BwSAW2SelePw=
2023.5.17 09:42:43#Forward to DBBL Payment Gateway Page: https://ecom1.dutchbanglabank.com/ecomm2/ClientHandler?card_type=6&trans_id=V2JNiTNAb9Xnsr6BwSAW2SelePw%3D
2023.5.17 09:43:11#---------------------- Complete New Transaction---------------------
2023.5.17 09:43:11#Get trans_id From Post Value:V2JNiTNAb9Xnsr6BwSAW2SelePw=
2023.5.17 09:43:11#clientIp:103.149.147.167
2023.5.17 09:43:11#trans_id:V2JNiTNAb9Xnsr6BwSAW2SelePw=
2023.5.17 09:43:13#result:RESULT>OK^RESULT_CODE>000^3DSECURE>SKIPPED^RRN>313709819781^APPROVAL_CODE>179184^CARD_NUMBER>999999*********0683^AMOUNT>382000^CARDNAME>mb account^DESCRIPTION>6MBD2007042^TRANS_DATE>2023-05-17 03:43:10 PM
2023.5.17 09:43:13#38711717094313
2023.5.17 09:43:13#38711717094313
2023.5.17 09:43:13#38711717094313
2023.5.17 09:43:13#38711717094313
2023.5.17 09:43:13#38711717094313
2023.5.17 09:43:13#38711717094313
2023.5.17 09:43:13#38711717094313
2023.5.17 09:43:14#38711717094313
2023.5.17 09:43:14#=================== Transaction Completed =======================
2023.5.17 10:39:41#=================== Start New Transaction ===================
2023.5.17 10:39:41#txnrefnum:MEM2201039
2023.5.17 10:39:41#clientIp:103.228.121.200
2023.5.17 10:39:41#card type:6
2023.5.17 10:39:41#totalamount:192000
2023.5.17 10:39:43#result:TRANSACTION_ID:8QyfzsBMPPYtQKb5wOpUCIYuyL4=
2023.5.17 10:39:44#Forward to DBBL Payment Gateway Page: https://ecom1.dutchbanglabank.com/ecomm2/ClientHandler?card_type=6&trans_id=8QyfzsBMPPYtQKb5wOpUCIYuyL4%3D
2023.5.17 10:40:49#---------------------- Complete New Transaction---------------------
2023.5.17 10:40:49#Get trans_id From Post Value:8QyfzsBMPPYtQKb5wOpUCIYuyL4=
2023.5.17 10:40:49#clientIp:103.228.121.200
2023.5.17 10:40:49#trans_id:8QyfzsBMPPYtQKb5wOpUCIYuyL4=
2023.5.17 10:40:50#result:RESULT>OK^RESULT_CODE>000^3DSECURE>SKIPPED^RRN>313710824276^APPROVAL_CODE>410853^CARD_NUMBER>999999*********5965^AMOUNT>192000^CARDNAME>mb account^DESCRIPTION>6MEM2201039^TRANS_DATE>2023-05-17 04:40:48 PM
2023.5.17 10:40:50#49846917104050
2023.5.17 10:40:51#49846917104050
2023.5.17 10:40:51#49846917104050
2023.5.17 10:40:51#49846917104050
2023.5.17 10:40:51#=================== Transaction Completed =======================
2023.5.17 11:09:28#=================== Start New Transaction ===================
2023.5.17 11:09:28#txnrefnum:MBM2001065
2023.5.17 11:09:28#clientIp:103.149.56.25
2023.5.17 11:09:28#card type:6
2023.5.17 11:09:28#totalamount:562000
2023.5.17 11:09:31#result:TRANSACTION_ID:hbsTKgRNJurjxHRTeea4WKaxJEs=
2023.5.17 11:09:31#Forward to DBBL Payment Gateway Page: https://ecom1.dutchbanglabank.com/ecomm2/ClientHandler?card_type=6&trans_id=hbsTKgRNJurjxHRTeea4WKaxJEs%3D
2023.5.17 11:10:01#---------------------- Complete New Transaction---------------------
2023.5.17 11:10:01#Get trans_id From Post Value:hbsTKgRNJurjxHRTeea4WKaxJEs=
2023.5.17 11:10:01#clientIp:103.149.56.25
2023.5.17 11:10:01#trans_id:hbsTKgRNJurjxHRTeea4WKaxJEs=
2023.5.17 11:10:02#result:RESULT>OK^RESULT_CODE>000^3DSECURE>SKIPPED^RRN>313711826518^APPROVAL_CODE>557109^CARD_NUMBER>999999*********3162^AMOUNT>562000^CARDNAME>mb account^DESCRIPTION>6MBM2001065^TRANS_DATE>2023-05-17 05:10:00 PM
2023.5.17 11:10:02#46661717111002
2023.5.17 11:10:02#46661717111002
2023.5.17 11:10:02#46661717111002
2023.5.17 11:10:03#46661717111002
2023.5.17 11:10:03#46661717111002
2023.5.17 11:10:03#46661717111002
2023.5.17 11:10:03#46661717111002
2023.5.17 11:10:03#46661717111002
2023.5.17 11:10:03#46661717111002
2023.5.17 11:10:03#46661717111002
2023.5.17 11:10:03#46661717111002
2023.5.17 11:10:03#46661717111002
2023.5.17 11:10:03#=================== Transaction Completed =======================
2023.5.17 11:16:20#=================== Start New Transaction ===================
2023.5.17 11:16:20#txnrefnum:MBD2306139
2023.5.17 11:16:20#clientIp:103.91.128.158
2023.5.17 11:16:20#card type:6
2023.5.17 11:16:20#totalamount:202000
2023.5.17 11:16:23#result:TRANSACTION_ID:ESdfMvuOfNvYQLmJk6GSwzxEC9o=
2023.5.17 11:16:23#Forward to DBBL Payment Gateway Page: https://ecom1.dutchbanglabank.com/ecomm2/ClientHandler?card_type=6&trans_id=ESdfMvuOfNvYQLmJk6GSwzxEC9o%3D
2023.5.17 11:17:07#=================== Start New Transaction ===================
2023.5.17 11:17:07#txnrefnum:MBD2306139
2023.5.17 11:17:07#clientIp:103.91.128.158
2023.5.17 11:17:07#card type:6
2023.5.17 11:17:07#totalamount:202000
2023.5.17 11:17:10#result:TRANSACTION_ID:mtyBOHZTAjV72xucttLShK865Lw=
2023.5.17 11:17:10#Forward to DBBL Payment Gateway Page: https://ecom1.dutchbanglabank.com/ecomm2/ClientHandler?card_type=6&trans_id=mtyBOHZTAjV72xucttLShK865Lw%3D
2023.5.17 11:18:02#---------------------- Complete New Transaction---------------------
2023.5.17 11:18:02#Get trans_id From Post Value:mtyBOHZTAjV72xucttLShK865Lw=
2023.5.17 11:18:02#clientIp:103.91.128.158
2023.5.17 11:18:02#trans_id:mtyBOHZTAjV72xucttLShK865Lw=
2023.5.17 11:18:04#result:RESULT>OK^RESULT_CODE>000^3DSECURE>SKIPPED^RRN>313711827088^APPROVAL_CODE>570839^CARD_NUMBER>999999*********7678^AMOUNT>202000^CARDNAME>mb account^DESCRIPTION>6MBD2306139^TRANS_DATE>2023-05-17 05:18:01 PM
2023.5.17 11:18:04#45606017111804
2023.5.17 11:18:04#45606017111804
2023.5.17 11:18:04#45606017111804
2023.5.17 11:18:04#45606017111804
2023.5.17 11:18:04#=================== Transaction Completed =======================
2023.5.17 11:35:14#=================== Start New Transaction ===================
2023.5.17 11:35:14#txnrefnum:MBD2002253
2023.5.17 11:35:14#clientIp:45.115.114.235
2023.5.17 11:35:14#card type:6
2023.5.17 11:35:14#totalamount:342000
2023.5.17 11:35:16#result:TRANSACTION_ID:D45k9Aj7e8uB9nnOGccdnkaCKJI=
2023.5.17 11:35:17#Forward to DBBL Payment Gateway Page: https://ecom1.dutchbanglabank.com/ecomm2/ClientHandler?card_type=6&trans_id=D45k9Aj7e8uB9nnOGccdnkaCKJI%3D
2023.5.17 11:35:50#=================== Start New Transaction ===================
2023.5.17 11:35:50#txnrefnum:MBD2002253
2023.5.17 11:35:50#clientIp:45.115.114.235
2023.5.17 11:35:50#card type:6
2023.5.17 11:35:50#totalamount:102000
2023.5.17 11:35:53#result:TRANSACTION_ID:15n84pv0hRgsfBaDKNRkT8raejM=
2023.5.17 11:35:53#Forward to DBBL Payment Gateway Page: https://ecom1.dutchbanglabank.com/ecomm2/ClientHandler?card_type=6&trans_id=15n84pv0hRgsfBaDKNRkT8raejM%3D
2023.5.17 11:38:59#=================== Start New Transaction ===================
2023.5.17 11:38:59#txnrefnum:MBD2002253
2023.5.17 11:38:59#clientIp:45.115.114.235
2023.5.17 11:38:59#card type:6
2023.5.17 11:38:59#totalamount:102000
2023.5.17 11:39:02#result:TRANSACTION_ID:Dnk6kCD7g2wlLZT98bNbkPqNsBk=
2023.5.17 11:39:02#Forward to DBBL Payment Gateway Page: https://ecom1.dutchbanglabank.com/ecomm2/ClientHandler?card_type=6&trans_id=Dnk6kCD7g2wlLZT98bNbkPqNsBk%3D
2023.5.17 11:39:45#---------------------- Complete New Transaction---------------------
2023.5.17 11:39:45#Get trans_id From Post Value:Dnk6kCD7g2wlLZT98bNbkPqNsBk=
2023.5.17 11:39:45#clientIp:45.115.114.235
2023.5.17 11:39:45#trans_id:Dnk6kCD7g2wlLZT98bNbkPqNsBk=
2023.5.17 11:39:47#result:RESULT>OK^RESULT_CODE>000^3DSECURE>SKIPPED^RRN>313711828740^APPROVAL_CODE>486980^CARD_NUMBER>999999*********1388^AMOUNT>102000^CARDNAME>mb account^DESCRIPTION>6MBD2002253^TRANS_DATE>2023-05-17 05:39:43 PM
2023.5.17 11:39:47#28382117113947
2023.5.17 11:39:47#28382117113947
2023.5.17 11:39:47#=================== Transaction Completed =======================
2023.5.17 12:10:56#=================== Start New Transaction ===================
2023.5.17 12:10:56#txnrefnum:BBM2003058
2023.5.17 12:10:56#clientIp:103.138.120.148
2023.5.17 12:10:56#card type:6
2023.5.17 12:10:56#totalamount:502000
2023.5.17 12:10:59#result:TRANSACTION_ID:9Ku6p2vP3TEQzOl5mQRgg3OZmyY=
2023.5.17 12:10:59#Forward to DBBL Payment Gateway Page: https://ecom1.dutchbanglabank.com/ecomm2/ClientHandler?card_type=6&trans_id=9Ku6p2vP3TEQzOl5mQRgg3OZmyY%3D
2023.5.17 12:14:29#---------------------- Complete New Transaction---------------------
2023.5.17 12:14:29#Get trans_id From Post Value:9Ku6p2vP3TEQzOl5mQRgg3OZmyY=
2023.5.17 12:14:29#clientIp:103.138.120.148
2023.5.17 12:14:29#trans_id:9Ku6p2vP3TEQzOl5mQRgg3OZmyY=
2023.5.17 12:14:30#result:RESULT>OK^RESULT_CODE>000^3DSECURE>SKIPPED^RRN>313712831402^APPROVAL_CODE>687907^CARD_NUMBER>999999*********0605^AMOUNT>502000^CARDNAME>mb account^DESCRIPTION>6BBM2003058^TRANS_DATE>2023-05-17 06:14:28 PM
2023.5.17 12:14:30#44605217121430
2023.5.17 12:14:30#44605217121430
2023.5.17 12:14:30#44605217121430
2023.5.17 12:14:31#44605217121430
2023.5.17 12:14:31#44605217121430
2023.5.17 12:14:31#44605217121430
2023.5.17 12:14:31#44605217121430
2023.5.17 12:14:31#44605217121430
2023.5.17 12:14:31#44605217121430
2023.5.17 12:14:31#44605217121430
2023.5.17 12:14:31#=================== Transaction Completed =======================
2023.5.17 12:16:08#=================== Start New Transaction ===================
2023.5.17 12:16:08#txnrefnum:MSC22111349
2023.5.17 12:16:08#clientIp:202.134.9.146
2023.5.17 12:16:08#card type:6
2023.5.17 12:16:08#totalamount:442000
2023.5.17 12:16:11#result:TRANSACTION_ID:kUWMdOnH3SCYZFXJd5EgSG2zAdc=
2023.5.17 12:16:11#Forward to DBBL Payment Gateway Page: https://ecom1.dutchbanglabank.com/ecomm2/ClientHandler?card_type=6&trans_id=kUWMdOnH3SCYZFXJd5EgSG2zAdc%3D
2023.5.17 12:16:53#---------------------- Complete New Transaction---------------------
2023.5.17 12:16:53#Get trans_id From Post Value:kUWMdOnH3SCYZFXJd5EgSG2zAdc=
2023.5.17 12:16:53#clientIp:202.134.9.146
2023.5.17 12:16:53#trans_id:kUWMdOnH3SCYZFXJd5EgSG2zAdc=
2023.5.17 12:16:54#result:RESULT>OK^RESULT_CODE>000^3DSECURE>SKIPPED^RRN>313712831579^APPROVAL_CODE>693502^CARD_NUMBER>999999*********8527^AMOUNT>442000^CARDNAME>mb account^DESCRIPTION>6MSC22111349^TRANS_DATE>2023-05-17 06:16:51 PM
2023.5.17 12:16:54#33939017121654
2023.5.17 12:16:54#33939017121654
2023.5.17 12:16:54#33939017121654
2023.5.17 12:16:55#33939017121654
2023.5.17 12:16:55#33939017121654
2023.5.17 12:16:55#33939017121654
2023.5.17 12:16:55#33939017121654
2023.5.17 12:16:55#33939017121654
2023.5.17 12:16:55#=================== Transaction Completed =======================
2023.5.17 12:22:39#=================== Start New Transaction ===================
2023.5.17 12:22:39#txnrefnum:BBD2005069
2023.5.17 12:22:39#clientIp:103.138.120.148
2023.5.17 12:22:39#card type:6
2023.5.17 12:22:39#totalamount:582000
2023.5.17 12:22:42#result:TRANSACTION_ID:f9vbciPyaM7t8MEhPCG4TaPWReI=
2023.5.17 12:22:42#Forward to DBBL Payment Gateway Page: https://ecom1.dutchbanglabank.com/ecomm2/ClientHandler?card_type=6&trans_id=f9vbciPyaM7t8MEhPCG4TaPWReI%3D
2023.5.17 12:27:55#---------------------- Complete New Transaction---------------------
2023.5.17 12:27:55#Get trans_id From Post Value:f9vbciPyaM7t8MEhPCG4TaPWReI=
2023.5.17 12:27:55#clientIp:103.138.120.148
2023.5.17 12:27:55#trans_id:f9vbciPyaM7t8MEhPCG4TaPWReI=
2023.5.17 12:27:56#result:RESULT>TIMEOUT^RESULT_CODE>999^3DSECURE>0^RRN>0^APPROVAL_CODE>0^CARD_NUMBER>0^AMOUNT>582000^CARDNAME>0^DESCRIPTION>6BBD2005069^TRANS_DATE>2023-05-17 06:27:54 PM
2023.5.17 12:27:56#Failed
2023.5.17 12:28:18#=================== Start New Transaction ===================
2023.5.17 12:28:18#txnrefnum:BBD2005069
2023.5.17 12:28:18#clientIp:103.138.120.148
2023.5.17 12:28:18#card type:6
2023.5.17 12:28:18#totalamount:582000
2023.5.17 12:28:20#result:TRANSACTION_ID:WwXqE4WRAggA59s7osZHraMBNUU=
2023.5.17 12:28:21#Forward to DBBL Payment Gateway Page: https://ecom1.dutchbanglabank.com/ecomm2/ClientHandler?card_type=6&trans_id=WwXqE4WRAggA59s7osZHraMBNUU%3D
2023.5.17 12:30:16#=================== Start New Transaction ===================
2023.5.17 12:30:16#txnrefnum:BBD2005069
2023.5.17 12:30:16#clientIp:103.138.120.148
2023.5.17 12:30:16#card type:6
2023.5.17 12:30:16#totalamount:582000
2023.5.17 12:30:18#result:TRANSACTION_ID:THIog6H7LykUs91cG7tNK4OlXhg=
2023.5.17 12:30:19#Forward to DBBL Payment Gateway Page: https://ecom1.dutchbanglabank.com/ecomm2/ClientHandler?card_type=6&trans_id=THIog6H7LykUs91cG7tNK4OlXhg%3D
2023.5.17 12:32:50#---------------------- Complete New Transaction---------------------
2023.5.17 12:32:50#Get trans_id From Post Value:THIog6H7LykUs91cG7tNK4OlXhg=
2023.5.17 12:32:50#clientIp:103.138.120.148
2023.5.17 12:32:50#trans_id:THIog6H7LykUs91cG7tNK4OlXhg=
2023.5.17 12:32:52#result:RESULT>OK^RESULT_CODE>000^3DSECURE>SKIPPED^RRN>313712832934^APPROVAL_CODE>950831^CARD_NUMBER>999999*********0605^AMOUNT>582000^CARDNAME>mb account^DESCRIPTION>6BBD2005069^TRANS_DATE>2023-05-17 06:32:49 PM
2023.5.17 12:32:52#41214017123252
2023.5.17 12:32:52#41214017123252
2023.5.17 12:32:52#41214017123252
2023.5.17 12:32:52#41214017123252
2023.5.17 12:32:52#41214017123252
2023.5.17 12:32:52#41214017123252
2023.5.17 12:32:52#41214017123252
2023.5.17 12:32:52#41214017123252
2023.5.17 12:32:52#41214017123252
2023.5.17 12:32:52#41214017123252
2023.5.17 12:32:52#41214017123252
2023.5.17 12:32:52#41214017123252
2023.5.17 12:32:52#=================== Transaction Completed =======================
2023.5.17 12:56:39#=================== Start New Transaction ===================
2023.5.17 12:56:39#txnrefnum:BBM2004002
2023.5.17 12:56:39#clientIp:114.130.157.170
2023.5.17 12:56:39#card type:6
2023.5.17 12:56:39#totalamount:402000
2023.5.17 12:56:41#result:TRANSACTION_ID:1JO0sUxEMkyjb3watIa3dZLckvk=
2023.5.17 12:56:42#Forward to DBBL Payment Gateway Page: https://ecom1.dutchbanglabank.com/ecomm2/ClientHandler?card_type=6&trans_id=1JO0sUxEMkyjb3watIa3dZLckvk%3D
2023.5.17 12:57:03#---------------------- Complete New Transaction---------------------
2023.5.17 12:57:03#Get trans_id From Post Value:1JO0sUxEMkyjb3watIa3dZLckvk=
2023.5.17 12:57:03#clientIp:114.130.157.170
2023.5.17 12:57:03#trans_id:1JO0sUxEMkyjb3watIa3dZLckvk=
2023.5.17 12:57:05#result:RESULT>OK^RESULT_CODE>000^3DSECURE>SKIPPED^RRN>313712834822^APPROVAL_CODE>055512^CARD_NUMBER>999999*********6175^AMOUNT>402000^CARDNAME>mb account^DESCRIPTION>6BBM2004002^TRANS_DATE>2023-05-17 06:57:02 PM
2023.5.17 12:57:05#42947717125705
2023.5.17 12:57:05#42947717125705
2023.5.17 12:57:05#42947717125705
2023.5.17 12:57:05#42947717125705
2023.5.17 12:57:05#42947717125705
2023.5.17 12:57:05#42947717125705
2023.5.17 12:57:05#42947717125705
2023.5.17 12:57:05#42947717125705
2023.5.17 12:57:05#=================== Transaction Completed =======================
2023.5.17 13:26:12#=================== Start New Transaction ===================
2023.5.17 13:26:12#txnrefnum:MEM2007013
2023.5.17 13:26:12#clientIp:103.140.176.130
2023.5.17 13:26:12#card type:6
2023.5.17 13:26:12#totalamount:342000
2023.5.17 13:26:15#result:TRANSACTION_ID:L6pPXp0L58HwgdcbiBnR6uG0HEM=
2023.5.17 13:26:15#Forward to DBBL Payment Gateway Page: https://ecom1.dutchbanglabank.com/ecomm2/ClientHandler?card_type=6&trans_id=L6pPXp0L58HwgdcbiBnR6uG0HEM%3D
2023.5.17 13:27:17#---------------------- Complete New Transaction---------------------
2023.5.17 13:27:17#Get trans_id From Post Value:L6pPXp0L58HwgdcbiBnR6uG0HEM=
2023.5.17 13:27:17#clientIp:103.140.176.130
2023.5.17 13:27:17#trans_id:L6pPXp0L58HwgdcbiBnR6uG0HEM=
2023.5.17 13:27:19#result:RESULT>OK^RESULT_CODE>000^3DSECURE>SKIPPED^RRN>313713837350^APPROVAL_CODE>210538^CARD_NUMBER>999999*********5308^AMOUNT>342000^CARDNAME>mb account^DESCRIPTION>6MEM2007013^TRANS_DATE>2023-05-17 07:27:16 PM
2023.5.17 13:27:19#38614817012719
2023.5.17 13:27:19#38614817012719
2023.5.17 13:27:19#38614817012719
2023.5.17 13:27:19#38614817012719
2023.5.17 13:27:19#38614817012719
2023.5.17 13:27:19#38614817012719
2023.5.17 13:27:19#=================== Transaction Completed =======================
2023.5.17 13:41:51#=================== Start New Transaction ===================
2023.5.17 13:41:51#txnrefnum:BBM2004115
2023.5.17 13:41:51#clientIp:114.130.157.170
2023.5.17 13:41:51#card type:6
2023.5.17 13:41:51#totalamount:302000
2023.5.17 13:41:54#result:TRANSACTION_ID:BqezfQmp7WkoqSgif0MwstF80MM=
2023.5.17 13:41:54#Forward to DBBL Payment Gateway Page: https://ecom1.dutchbanglabank.com/ecomm2/ClientHandler?card_type=6&trans_id=BqezfQmp7WkoqSgif0MwstF80MM%3D
2023.5.17 13:42:20#---------------------- Complete New Transaction---------------------
2023.5.17 13:42:20#Get trans_id From Post Value:BqezfQmp7WkoqSgif0MwstF80MM=
2023.5.17 13:42:20#clientIp:114.130.157.170
2023.5.17 13:42:20#trans_id:BqezfQmp7WkoqSgif0MwstF80MM=
2023.5.17 13:42:21#result:RESULT>OK^RESULT_CODE>000^3DSECURE>SKIPPED^RRN>313713838606^APPROVAL_CODE>300825^CARD_NUMBER>999999*********6175^AMOUNT>302000^CARDNAME>mb account^DESCRIPTION>6BBM2004115^TRANS_DATE>2023-05-17 07:42:19 PM
2023.5.17 13:42:22#42941717014221
2023.5.17 13:42:22#42941717014221
2023.5.17 13:42:22#42941717014221
2023.5.17 13:42:22#42941717014221
2023.5.17 13:42:22#42941717014221
2023.5.17 13:42:22#42941717014221
2023.5.17 13:42:22#=================== Transaction Completed =======================
2023.5.17 13:43:37#=================== Start New Transaction ===================
2023.5.17 13:43:37#txnrefnum:MBM2007117
2023.5.17 13:43:37#clientIp:103.204.245.0
2023.5.17 13:43:37#card type:6
2023.5.17 13:43:37#totalamount:582000
2023.5.17 13:43:41#result:TRANSACTION_ID:G03aFRfVbc0DZxA4Tge6809xe98=
2023.5.17 13:43:42#Forward to DBBL Payment Gateway Page: https://ecom1.dutchbanglabank.com/ecomm2/ClientHandler?card_type=6&trans_id=G03aFRfVbc0DZxA4Tge6809xe98%3D
2023.5.17 13:44:39#---------------------- Complete New Transaction---------------------
2023.5.17 13:44:40#Get trans_id From Post Value:G03aFRfVbc0DZxA4Tge6809xe98=
2023.5.17 13:44:40#clientIp:103.204.245.0
2023.5.17 13:44:40#trans_id:G03aFRfVbc0DZxA4Tge6809xe98=
2023.5.17 13:44:41#result:RESULT>OK^RESULT_CODE>000^3DSECURE>SKIPPED^RRN>313713838772^APPROVAL_CODE>373412^CARD_NUMBER>999999*********0086^AMOUNT>582000^CARDNAME>mb account^DESCRIPTION>6MBM2007117^TRANS_DATE>2023-05-17 07:44:38 PM
2023.5.17 13:44:41#38831717014441
2023.5.17 13:44:41#38831717014441
2023.5.17 13:44:41#38831717014441
2023.5.17 13:44:41#38831717014441
2023.5.17 13:44:41#38831717014441
2023.5.17 13:44:42#38831717014441
2023.5.17 13:44:42#38831717014441
2023.5.17 13:44:42#38831717014441
2023.5.17 13:44:42#38831717014441
2023.5.17 13:44:42#38831717014441
2023.5.17 13:44:42#38831717014441
2023.5.17 13:44:42#38831717014441
2023.5.17 13:44:42#=================== Transaction Completed =======================
2023.5.17 13:48:59#=================== Start New Transaction ===================
2023.5.17 13:48:59#txnrefnum:MBD2301063
2023.5.17 13:48:59#clientIp:103.204.245.0
2023.5.17 13:48:59#card type:6
2023.5.17 13:48:59#totalamount:502000
2023.5.17 13:49:02#result:TRANSACTION_ID:PnYd9EXkr9q15rmkAlJXm4vPW14=
2023.5.17 13:49:02#Forward to DBBL Payment Gateway Page: https://ecom1.dutchbanglabank.com/ecomm2/ClientHandler?card_type=6&trans_id=PnYd9EXkr9q15rmkAlJXm4vPW14%3D
2023.5.17 13:49:33#---------------------- Complete New Transaction---------------------
2023.5.17 13:49:33#Get trans_id From Post Value:PnYd9EXkr9q15rmkAlJXm4vPW14=
2023.5.17 13:49:33#clientIp:103.204.245.1
2023.5.17 13:49:33#trans_id:PnYd9EXkr9q15rmkAlJXm4vPW14=
2023.5.17 13:49:35#result:RESULT>OK^RESULT_CODE>000^3DSECURE>SKIPPED^RRN>313713839188^APPROVAL_CODE>404515^CARD_NUMBER>999999*********0086^AMOUNT>502000^CARDNAME>mb account^DESCRIPTION>6MBD2301063^TRANS_DATE>2023-05-17 07:49:32 PM
2023.5.17 13:49:35#48510917014935
2023.5.17 13:49:35#48510917014935
2023.5.17 13:49:35#48510917014935
2023.5.17 13:49:35#48510917014935
2023.5.17 13:49:35#48510917014935
2023.5.17 13:49:35#48510917014935
2023.5.17 13:49:35#48510917014935
2023.5.17 13:49:35#48510917014935
2023.5.17 13:49:35#48510917014935
2023.5.17 13:49:35#48510917014935
2023.5.17 13:49:35#=================== Transaction Completed =======================
2023.5.17 13:58:06#=================== Start New Transaction ===================
2023.5.17 13:58:06#txnrefnum:MBM2005110
2023.5.17 13:58:06#clientIp:103.149.147.141
2023.5.17 13:58:06#card type:6
2023.5.17 13:58:06#totalamount:282000
2023.5.17 13:58:09#result:TRANSACTION_ID:WhkTYfsSgcb9d4e9l7kpoSkqTSs=
2023.5.17 13:58:09#Forward to DBBL Payment Gateway Page: https://ecom1.dutchbanglabank.com/ecomm2/ClientHandler?card_type=6&trans_id=WhkTYfsSgcb9d4e9l7kpoSkqTSs%3D
2023.5.17 14:01:31#=================== Start New Transaction ===================
2023.5.17 14:01:31#txnrefnum:BBD2007159
2023.5.17 14:01:31#clientIp:118.179.3.82
2023.5.17 14:01:31#card type:6
2023.5.17 14:01:31#totalamount:282000
2023.5.17 14:01:34#result:TRANSACTION_ID:CG0ezLHVRB5kQ2Y1X7lomzia97Y=
2023.5.17 14:01:34#Forward to DBBL Payment Gateway Page: https://ecom1.dutchbanglabank.com/ecomm2/ClientHandler?card_type=6&trans_id=CG0ezLHVRB5kQ2Y1X7lomzia97Y%3D
2023.5.17 14:03:00#---------------------- Complete New Transaction---------------------
2023.5.17 14:03:00#Get trans_id From Post Value:CG0ezLHVRB5kQ2Y1X7lomzia97Y=
2023.5.17 14:03:00#clientIp:118.179.3.82
2023.5.17 14:03:00#trans_id:CG0ezLHVRB5kQ2Y1X7lomzia97Y=
2023.5.17 14:03:02#result:RESULT>OK^RESULT_CODE>000^3DSECURE>SKIPPED^RRN>313714840271^APPROVAL_CODE>332770^CARD_NUMBER>999999*********3698^AMOUNT>282000^CARDNAME>mb account^DESCRIPTION>6BBD2007159^TRANS_DATE>2023-05-17 08:02:59 PM
2023.5.17 14:03:02#37438817020302
2023.5.17 14:03:02#37438817020302
2023.5.17 14:03:02#37438817020302
2023.5.17 14:03:02#37438817020302
2023.5.17 14:03:02#37438817020302
2023.5.17 14:03:03#37438817020302
2023.5.17 14:03:03#=================== Transaction Completed =======================
2023.5.17 14:06:19#=================== Start New Transaction ===================
2023.5.17 14:06:19#txnrefnum:MBG2102046
2023.5.17 14:06:19#clientIp:103.43.149.1
2023.5.17 14:06:19#card type:6
2023.5.17 14:06:19#totalamount:362000
2023.5.17 14:06:22#result:TRANSACTION_ID:NacjPxsTW17qiuLsGixcigwOdj4=
2023.5.17 14:06:22#Forward to DBBL Payment Gateway Page: https://ecom1.dutchbanglabank.com/ecomm2/ClientHandler?card_type=6&trans_id=NacjPxsTW17qiuLsGixcigwOdj4%3D
2023.5.17 14:06:53#---------------------- Complete New Transaction---------------------
2023.5.17 14:06:53#Get trans_id From Post Value:NacjPxsTW17qiuLsGixcigwOdj4=
2023.5.17 14:06:53#clientIp:103.43.149.1
2023.5.17 14:06:53#trans_id:NacjPxsTW17qiuLsGixcigwOdj4=
2023.5.17 14:06:54#result:RESULT>OK^RESULT_CODE>000^3DSECURE>SKIPPED^RRN>313714840617^APPROVAL_CODE>424186^CARD_NUMBER>999999*********9002^AMOUNT>362000^CARDNAME>mb account^DESCRIPTION>6MBG2102046^TRANS_DATE>2023-05-17 08:06:52 PM
2023.5.17 14:06:54#46398017020654
2023.5.17 14:06:55#46398017020654
2023.5.17 14:06:55#46398017020654
2023.5.17 14:06:55#46398017020654
2023.5.17 14:06:55#46398017020654
2023.5.17 14:06:55#46398017020654
2023.5.17 14:06:55#46398017020654
2023.5.17 14:06:55#46398017020654
2023.5.17 14:06:55#=================== Transaction Completed =======================
2023.5.17 14:13:29#=================== Start New Transaction ===================
2023.5.17 14:13:29#txnrefnum:MBM2005110
2023.5.17 14:13:29#clientIp:103.149.147.141
2023.5.17 14:13:29#card type:6
2023.5.17 14:13:29#totalamount:282000
2023.5.17 14:13:31#result:TRANSACTION_ID:xbHiRtRaLiIuuaJrJIDGc1lqCYg=
2023.5.17 14:13:32#Forward to DBBL Payment Gateway Page: https://ecom1.dutchbanglabank.com/ecomm2/ClientHandler?card_type=6&trans_id=xbHiRtRaLiIuuaJrJIDGc1lqCYg%3D
2023.5.17 14:14:01#---------------------- Complete New Transaction---------------------
2023.5.17 14:14:01#Get trans_id From Post Value:xbHiRtRaLiIuuaJrJIDGc1lqCYg=
2023.5.17 14:14:01#clientIp:103.149.147.141
2023.5.17 14:14:01#trans_id:xbHiRtRaLiIuuaJrJIDGc1lqCYg=
2023.5.17 14:14:02#result:RESULT>OK^RESULT_CODE>000^3DSECURE>SKIPPED^RRN>313714841241^APPROVAL_CODE>519026^CARD_NUMBER>999999*********9259^AMOUNT>282000^CARDNAME>mb account^DESCRIPTION>6MBM2005110^TRANS_DATE>2023-05-17 08:14:00 PM
2023.5.17 14:14:02#42292517021402
2023.5.17 14:14:02#42292517021402
2023.5.17 14:14:02#42292517021402
2023.5.17 14:14:03#42292517021402
2023.5.17 14:14:03#42292517021402
2023.5.17 14:14:03#42292517021402
2023.5.17 14:14:03#=================== Transaction Completed =======================
2023.5.17 14:25:17#=================== Start New Transaction ===================
2023.5.17 14:25:17#txnrefnum:MBG2102046
2023.5.17 14:25:17#clientIp:103.143.138.47
2023.5.17 14:25:17#card type:6
2023.5.17 14:25:17#totalamount:362000
2023.5.17 14:25:20#result:TRANSACTION_ID:7MnJ5C21Olw9yxJh3ILqoJvKK5M=
2023.5.17 14:25:20#Forward to DBBL Payment Gateway Page: https://ecom1.dutchbanglabank.com/ecomm2/ClientHandler?card_type=6&trans_id=7MnJ5C21Olw9yxJh3ILqoJvKK5M%3D
2023.5.17 15:17:30#=================== Start New Transaction ===================
2023.5.17 15:17:30#txnrefnum:BBD2005037
2023.5.17 15:17:30#clientIp:103.67.157.200
2023.5.17 15:17:30#card type:6
2023.5.17 15:17:30#totalamount:382000
2023.5.17 15:17:36#result:TRANSACTION_ID:r8LGBIOjLwAwKITGHA3kej9SLnk=
2023.5.17 15:17:36#Forward to DBBL Payment Gateway Page: https://ecom1.dutchbanglabank.com/ecomm2/ClientHandler?card_type=6&trans_id=r8LGBIOjLwAwKITGHA3kej9SLnk%3D
2023.5.17 15:18:56#=================== Start New Transaction ===================
2023.5.17 15:18:56#txnrefnum:BBM2006030
2023.5.17 15:18:56#clientIp:114.130.157.25
2023.5.17 15:18:56#card type:6
2023.5.17 15:18:56#totalamount:182000
2023.5.17 15:18:58#result:TRANSACTION_ID:18Phi8gZjDCNd2GOA1n6Ot4TewM=
2023.5.17 15:18:58#Forward to DBBL Payment Gateway Page: https://ecom1.dutchbanglabank.com/ecomm2/ClientHandler?card_type=6&trans_id=18Phi8gZjDCNd2GOA1n6Ot4TewM%3D
2023.5.17 15:19:17#---------------------- Complete New Transaction---------------------
2023.5.17 15:19:17#Get trans_id From Post Value:18Phi8gZjDCNd2GOA1n6Ot4TewM=
2023.5.17 15:19:17#clientIp:114.130.157.25
2023.5.17 15:19:17#trans_id:18Phi8gZjDCNd2GOA1n6Ot4TewM=
2023.5.17 15:19:18#result:RESULT>OK^RESULT_CODE>000^3DSECURE>SKIPPED^RRN>313715845856^APPROVAL_CODE>791375^CARD_NUMBER>999999*********3945^AMOUNT>182000^CARDNAME>mb account^DESCRIPTION>6BBM2006030^TRANS_DATE>2023-05-17 09:19:16 PM
2023.5.17 15:19:18#31195917031918
2023.5.17 15:19:18#31195917031918
2023.5.17 15:19:18#31195917031918
2023.5.17 15:19:19#31195917031918
2023.5.17 15:19:19#=================== Transaction Completed =======================
2023.5.17 15:27:54#---------------------- Complete New Transaction---------------------
2023.5.17 15:27:54#Get trans_id From Post Value:r8LGBIOjLwAwKITGHA3kej9SLnk=
2023.5.17 15:27:54#clientIp:103.67.157.200
2023.5.17 15:27:54#trans_id:r8LGBIOjLwAwKITGHA3kej9SLnk=
2023.5.17 15:27:55#result:RESULT>TIMEOUT^RESULT_CODE>999^3DSECURE>0^RRN>0^APPROVAL_CODE>0^CARD_NUMBER>0^AMOUNT>382000^CARDNAME>0^DESCRIPTION>6BBD2005037^TRANS_DATE>2023-05-17 09:27:51 PM
2023.5.17 15:27:55#Failed
2023.5.17 15:33:58#=================== Start New Transaction ===================
2023.5.17 15:33:58#txnrefnum:BBD2005037
2023.5.17 15:33:58#clientIp:103.67.157.200
2023.5.17 15:33:58#card type:6
2023.5.17 15:33:58#totalamount:82000
2023.5.17 15:34:01#result:TRANSACTION_ID:eWcGAzTXH2wugwsnyLj48lfmWxI=
2023.5.17 15:34:01#Forward to DBBL Payment Gateway Page: https://ecom1.dutchbanglabank.com/ecomm2/ClientHandler?card_type=6&trans_id=eWcGAzTXH2wugwsnyLj48lfmWxI%3D
2023.5.17 15:36:17#=================== Start New Transaction ===================
2023.5.17 15:36:17#txnrefnum:BBD2005037
2023.5.17 15:36:17#clientIp:103.67.157.200
2023.5.17 15:36:17#card type:6
2023.5.17 15:36:17#totalamount:382000
2023.5.17 15:36:20#result:TRANSACTION_ID:PPycoRlbqSxju870Brxf4ObvJtg=
2023.5.17 15:36:20#Forward to DBBL Payment Gateway Page: https://ecom1.dutchbanglabank.com/ecomm2/ClientHandler?card_type=6&trans_id=PPycoRlbqSxju870Brxf4ObvJtg%3D
2023.5.17 15:36:56#---------------------- Complete New Transaction---------------------
2023.5.17 15:36:56#Get trans_id From Post Value:PPycoRlbqSxju870Brxf4ObvJtg=
2023.5.17 15:36:56#clientIp:103.67.157.200
2023.5.17 15:36:56#trans_id:PPycoRlbqSxju870Brxf4ObvJtg=
2023.5.17 15:36:58#result:RESULT>OK^RESULT_CODE>000^3DSECURE>SKIPPED^RRN>313715847133^APPROVAL_CODE>889270^CARD_NUMBER>999999*********7795^AMOUNT>382000^CARDNAME>mb account^DESCRIPTION>6BBD2005037^TRANS_DATE>2023-05-17 09:36:55 PM
2023.5.17 15:36:58#41072117033658
2023.5.17 15:36:58#41072117033658
2023.5.17 15:36:58#41072117033658
2023.5.17 15:36:58#41072117033658
2023.5.17 15:36:58#41072117033658
2023.5.17 15:36:58#41072117033658
2023.5.17 15:36:58#41072117033658
2023.5.17 15:36:58#41072117033658
2023.5.17 15:36:58#=================== Transaction Completed =======================
2023.5.17 17:13:06#=================== Start New Transaction ===================
2023.5.17 17:13:06#txnrefnum:BBG2101064
2023.5.17 17:13:06#clientIp:103.89.24.41
2023.5.17 17:13:06#card type:6
2023.5.17 17:13:06#totalamount:2000
2023.5.17 17:13:08#result:TRANSACTION_ID:x5BmF4z8O2qFYdp56wpx49nndhc=
2023.5.17 17:13:09#Forward to DBBL Payment Gateway Page: https://ecom1.dutchbanglabank.com/ecomm2/ClientHandler?card_type=6&trans_id=x5BmF4z8O2qFYdp56wpx49nndhc%3D
2023.5.17 18:10:59#---------------------- Complete New Transaction---------------------
2023.5.17 18:10:59#Get trans_id From Post Value:tEH9McBmghf8PpCbjMr9CCpZipQ=
2023.5.17 18:10:59#clientIp:202.134.14.232
2023.5.17 18:10:59#trans_id:tEH9McBmghf8PpCbjMr9CCpZipQ=
2023.5.17 18:11:01#result:RESULT>TIMEOUT^RESULT_CODE>999^3DSECURE>0^RRN>0^APPROVAL_CODE>0^CARD_NUMBER>0^AMOUNT>482000^CARDNAME>0^DESCRIPTION>6MBD2308062^TRANS_DATE>2023-05-18 12:10:58 AM
2023.5.17 18:11:01#Failed