
2023.4.3 03:22:34#=================== Start New Transaction ===================
2023.4.3 03:22:34#txnrefnum:MED2008002
2023.4.3 03:22:34#clientIp:118.179.20.36
2023.4.3 03:22:34#card type:6
2023.4.3 03:22:34#totalamount:252000
2023.4.3 03:22:38#result:TRANSACTION_ID:GYG8zYWRSnd42S06adetRopSSjU=
2023.4.3 03:22:39#Forward to DBBL Payment Gateway Page: https://ecom1.dutchbanglabank.com/ecomm2/ClientHandler?card_type=6&trans_id=GYG8zYWRSnd42S06adetRopSSjU%3D
2023.4.3 03:45:43#=================== Start New Transaction ===================
2023.4.3 03:45:43#txnrefnum:MEM2307003
2023.4.3 03:45:43#clientIp:180.210.179.53
2023.4.3 03:45:43#card type:6
2023.4.3 03:45:43#totalamount:262000
2023.4.3 03:45:45#result:TRANSACTION_ID:gV277t7KW9OMAQx9DAqc0io1tBA=
2023.4.3 03:45:46#Forward to DBBL Payment Gateway Page: https://ecom1.dutchbanglabank.com/ecomm2/ClientHandler?card_type=6&trans_id=gV277t7KW9OMAQx9DAqc0io1tBA%3D
2023.4.3 03:46:30#---------------------- Complete New Transaction---------------------
2023.4.3 03:46:30#Get trans_id From Post Value:gV277t7KW9OMAQx9DAqc0io1tBA=
2023.4.3 03:46:30#clientIp:180.210.179.53
2023.4.3 03:46:30#trans_id:gV277t7KW9OMAQx9DAqc0io1tBA=
2023.4.3 03:46:32#result:RESULT>OK^RESULT_CODE>000^3DSECURE>SKIPPED^RRN>309303341381^APPROVAL_CODE>137377^CARD_NUMBER>999999*********0502^AMOUNT>262000^CARDNAME>mb account^DESCRIPTION>6MEM2307003^TRANS_DATE>2023-04-03 09:46:29 AM
2023.4.3 03:46:32#44048103034632
2023.4.3 03:46:32#44048103034632
2023.4.3 03:46:32#44048103034632
2023.4.3 03:46:32#44048103034632
2023.4.3 03:46:32#=================== Transaction Completed =======================
2023.4.3 03:50:36#=================== Start New Transaction ===================
2023.4.3 03:50:36#txnrefnum:MEM2301131
2023.4.3 03:50:36#clientIp:202.134.10.135
2023.4.3 03:50:36#card type:6
2023.4.3 03:50:36#totalamount:132000
2023.4.3 03:50:38#result:TRANSACTION_ID:zGbvkayEgHkTqxUSoptiXjJZO5o=
2023.4.3 03:50:39#Forward to DBBL Payment Gateway Page: https://ecom1.dutchbanglabank.com/ecomm2/ClientHandler?card_type=6&trans_id=zGbvkayEgHkTqxUSoptiXjJZO5o%3D
2023.4.3 03:51:03#---------------------- Complete New Transaction---------------------
2023.4.3 03:51:03#Get trans_id From Post Value:zGbvkayEgHkTqxUSoptiXjJZO5o=
2023.4.3 03:51:03#clientIp:202.134.10.135
2023.4.3 03:51:03#trans_id:zGbvkayEgHkTqxUSoptiXjJZO5o=
2023.4.3 03:51:05#result:RESULT>OK^RESULT_CODE>000^3DSECURE>SKIPPED^RRN>309303341675^APPROVAL_CODE>232595^CARD_NUMBER>999999*********7532^AMOUNT>132000^CARDNAME>mb account^DESCRIPTION>6MEM2301131^TRANS_DATE>2023-04-03 09:51:02 AM
2023.4.3 03:51:05#48438903035105
2023.4.3 03:51:05#48438903035105
2023.4.3 03:51:05#=================== Transaction Completed =======================
2023.4.3 04:12:33#=================== Start New Transaction ===================
2023.4.3 04:12:33#txnrefnum:MBD2304054
2023.4.3 04:12:33#clientIp:202.134.10.135
2023.4.3 04:12:33#card type:6
2023.4.3 04:12:33#totalamount:302000
2023.4.3 04:12:36#result:TRANSACTION_ID:bPGBqDINDEFkaISZpowJ9SPH9Ko=
2023.4.3 04:12:36#Forward to DBBL Payment Gateway Page: https://ecom1.dutchbanglabank.com/ecomm2/ClientHandler?card_type=6&trans_id=bPGBqDINDEFkaISZpowJ9SPH9Ko%3D
2023.4.3 04:13:38#---------------------- Complete New Transaction---------------------
2023.4.3 04:13:38#Get trans_id From Post Value:bPGBqDINDEFkaISZpowJ9SPH9Ko=
2023.4.3 04:13:38#clientIp:202.134.10.135
2023.4.3 04:13:38#trans_id:bPGBqDINDEFkaISZpowJ9SPH9Ko=
2023.4.3 04:13:40#result:RESULT>OK^RESULT_CODE>000^3DSECURE>SKIPPED^RRN>309304343185^APPROVAL_CODE>171644^CARD_NUMBER>999999*********7532^AMOUNT>302000^CARDNAME>mb account^DESCRIPTION>6MBD2304054^TRANS_DATE>2023-04-03 10:13:37 AM
2023.4.3 04:13:40#47024103041340
2023.4.3 04:13:40#47024103041340
2023.4.3 04:13:40#47024103041340
2023.4.3 04:13:40#47024103041340
2023.4.3 04:13:40#47024103041340
2023.4.3 04:13:40#47024103041340
2023.4.3 04:13:40#=================== Transaction Completed =======================
2023.4.3 05:43:09#=================== Start New Transaction ===================
2023.4.3 05:43:09#txnrefnum:MBM2206704
2023.4.3 05:43:09#clientIp:182.163.111.61
2023.4.3 05:43:09#card type:6
2023.4.3 05:43:09#totalamount:102000
2023.4.3 05:43:11#result:TRANSACTION_ID:YfTe7fSh1SEEjxJs1ZfZ5rQP5hE=
2023.4.3 05:43:12#Forward to DBBL Payment Gateway Page: https://ecom1.dutchbanglabank.com/ecomm2/ClientHandler?card_type=6&trans_id=YfTe7fSh1SEEjxJs1ZfZ5rQP5hE%3D
2023.4.3 05:51:58#=================== Start New Transaction ===================
2023.4.3 05:51:58#txnrefnum:MBM2206704
2023.4.3 05:51:58#clientIp:182.163.111.61
2023.4.3 05:51:58#card type:6
2023.4.3 05:51:58#totalamount:102000
2023.4.3 05:52:01#result:TRANSACTION_ID:I1T2mmwEPxum0SMfLqVN1catzU4=
2023.4.3 05:52:01#Forward to DBBL Payment Gateway Page: https://ecom1.dutchbanglabank.com/ecomm2/ClientHandler?card_type=6&trans_id=I1T2mmwEPxum0SMfLqVN1catzU4%3D
2023.4.3 05:52:32#=================== Start New Transaction ===================
2023.4.3 05:52:32#txnrefnum:MBM2206704
2023.4.3 05:52:32#clientIp:182.163.111.61
2023.4.3 05:52:32#card type:6
2023.4.3 05:52:32#totalamount:102000
2023.4.3 05:52:35#result:TRANSACTION_ID:S8c6s1X1tJMT9BDmr4ekkogxlzk=
2023.4.3 05:52:35#Forward to DBBL Payment Gateway Page: https://ecom1.dutchbanglabank.com/ecomm2/ClientHandler?card_type=6&trans_id=S8c6s1X1tJMT9BDmr4ekkogxlzk%3D
2023.4.3 05:53:07#=================== Start New Transaction ===================
2023.4.3 05:53:07#txnrefnum:MSC22110071
2023.4.3 05:53:07#clientIp:202.134.14.157
2023.4.3 05:53:07#card type:6
2023.4.3 05:53:07#totalamount:276000
2023.4.3 05:53:10#result:TRANSACTION_ID:CVWXqNf2HTPZOPxrwKoYAmV4RdI=
2023.4.3 05:53:10#Forward to DBBL Payment Gateway Page: https://ecom1.dutchbanglabank.com/ecomm2/ClientHandler?card_type=6&trans_id=CVWXqNf2HTPZOPxrwKoYAmV4RdI%3D
2023.4.3 05:53:47#---------------------- Complete New Transaction---------------------
2023.4.3 05:53:47#Get trans_id From Post Value:S8c6s1X1tJMT9BDmr4ekkogxlzk=
2023.4.3 05:53:47#clientIp:182.163.111.61
2023.4.3 05:53:47#trans_id:S8c6s1X1tJMT9BDmr4ekkogxlzk=
2023.4.3 05:53:49#result:RESULT>OK^RESULT_CODE>000^3DSECURE>SKIPPED^RRN>309305353038^APPROVAL_CODE>720203^CARD_NUMBER>999999*********7691^AMOUNT>102000^CARDNAME>mb account^DESCRIPTION>6MBM2206704^TRANS_DATE>2023-04-03 11:53:46 AM
2023.4.3 05:53:49#43968903055349
2023.4.3 05:53:49#43968903055349
2023.4.3 05:53:49#=================== Transaction Completed =======================
2023.4.3 05:54:07#=================== Start New Transaction ===================
2023.4.3 05:54:07#txnrefnum:MSC22110071
2023.4.3 05:54:07#clientIp:202.134.14.157
2023.4.3 05:54:07#card type:6
2023.4.3 05:54:07#totalamount:102000
2023.4.3 05:54:10#result:TRANSACTION_ID:QGYPS8kl03NLft1rYdsFnSEA5pk=
2023.4.3 05:54:10#Forward to DBBL Payment Gateway Page: https://ecom1.dutchbanglabank.com/ecomm2/ClientHandler?card_type=6&trans_id=QGYPS8kl03NLft1rYdsFnSEA5pk%3D
2023.4.3 05:55:04#---------------------- Complete New Transaction---------------------
2023.4.3 05:55:04#Get trans_id From Post Value:QGYPS8kl03NLft1rYdsFnSEA5pk=
2023.4.3 05:55:04#clientIp:202.134.14.157
2023.4.3 05:55:04#trans_id:QGYPS8kl03NLft1rYdsFnSEA5pk=
2023.4.3 05:55:06#result:RESULT>OK^RESULT_CODE>000^3DSECURE>SKIPPED^RRN>309305353189^APPROVAL_CODE>723449^CARD_NUMBER>999999*********7532^AMOUNT>102000^CARDNAME>mb account^DESCRIPTION>6MSC22110071^TRANS_DATE>2023-04-03 11:55:02 AM
2023.4.3 05:55:06#53397803055506
2023.4.3 05:55:06#53397803055506
2023.4.3 05:55:06#=================== Transaction Completed =======================
2023.4.3 05:57:30#=================== Start New Transaction ===================
2023.4.3 05:57:30#txnrefnum:MBM2004007
2023.4.3 05:57:30#clientIp:202.134.14.157
2023.4.3 05:57:30#card type:6
2023.4.3 05:57:30#totalamount:202000
2023.4.3 05:57:30#=================== Start New Transaction ===================
2023.4.3 05:57:30#txnrefnum:MBM2004007
2023.4.3 05:57:30#clientIp:202.134.14.157
2023.4.3 05:57:30#card type:6
2023.4.3 05:57:30#totalamount:202000
2023.4.3 05:57:32#result:TRANSACTION_ID:oSGFMYBn43TxD2iDT9RuvnD4EXk=
2023.4.3 05:57:33#result:TRANSACTION_ID:L7RkQL4Fx1pIpJlm8fufaRj6k2c=
2023.4.3 05:57:33#Forward to DBBL Payment Gateway Page: https://ecom1.dutchbanglabank.com/ecomm2/ClientHandler?card_type=6&trans_id=oSGFMYBn43TxD2iDT9RuvnD4EXk%3D
2023.4.3 05:57:33#Forward to DBBL Payment Gateway Page: https://ecom1.dutchbanglabank.com/ecomm2/ClientHandler?card_type=6&trans_id=L7RkQL4Fx1pIpJlm8fufaRj6k2c%3D
2023.4.3 05:57:56#---------------------- Complete New Transaction---------------------
2023.4.3 05:57:56#Get trans_id From Post Value:oSGFMYBn43TxD2iDT9RuvnD4EXk=
2023.4.3 05:57:56#clientIp:202.134.14.157
2023.4.3 05:57:56#trans_id:oSGFMYBn43TxD2iDT9RuvnD4EXk=
2023.4.3 05:57:58#result:RESULT>OK^RESULT_CODE>000^3DSECURE>SKIPPED^RRN>309305353532^APPROVAL_CODE>767837^CARD_NUMBER>999999*********7532^AMOUNT>202000^CARDNAME>mb account^DESCRIPTION>6MBM2004007^TRANS_DATE>2023-04-03 11:57:55 AM
2023.4.3 05:57:58#43766103055758
2023.4.3 05:57:58#43766103055758
2023.4.3 05:57:58#43766103055758
2023.4.3 05:57:58#43766103055758
2023.4.3 05:57:58#=================== Transaction Completed =======================
2023.4.3 06:03:55#=================== Start New Transaction ===================
2023.4.3 06:03:55#txnrefnum:MBG2109067
2023.4.3 06:03:55#clientIp:202.134.14.157
2023.4.3 06:03:55#card type:6
2023.4.3 06:03:55#totalamount:252000
2023.4.3 06:03:58#result:TRANSACTION_ID:Bu6HSSMsxk0mZelDjBP7NMxTofU=
2023.4.3 06:03:58#Forward to DBBL Payment Gateway Page: https://ecom1.dutchbanglabank.com/ecomm2/ClientHandler?card_type=6&trans_id=Bu6HSSMsxk0mZelDjBP7NMxTofU%3D
2023.4.3 06:04:14#---------------------- Complete New Transaction---------------------
2023.4.3 06:04:14#Get trans_id From Post Value:Bu6HSSMsxk0mZelDjBP7NMxTofU=
2023.4.3 06:04:14#clientIp:202.134.14.157
2023.4.3 06:04:14#trans_id:Bu6HSSMsxk0mZelDjBP7NMxTofU=
2023.4.3 06:04:16#result:RESULT>OK^RESULT_CODE>000^3DSECURE>SKIPPED^RRN>309306354521^APPROVAL_CODE>842087^CARD_NUMBER>999999*********7532^AMOUNT>252000^CARDNAME>mb account^DESCRIPTION>6MBG2109067^TRANS_DATE>2023-04-03 12:04:12 PM
2023.4.3 06:04:16#51757603060416
2023.4.3 06:04:16#51757603060416
2023.4.3 06:04:16#=================== Transaction Completed =======================
2023.4.3 06:23:51#=================== Start New Transaction ===================
2023.4.3 06:23:51#txnrefnum:MBD2005099
2023.4.3 06:23:51#clientIp:202.134.14.157
2023.4.3 06:23:51#card type:6
2023.4.3 06:23:51#totalamount:202000
2023.4.3 06:23:53#result:TRANSACTION_ID:RxqsoA1FPUZ0SyJBd0kyztHHxZI=
2023.4.3 06:23:54#Forward to DBBL Payment Gateway Page: https://ecom1.dutchbanglabank.com/ecomm2/ClientHandler?card_type=6&trans_id=RxqsoA1FPUZ0SyJBd0kyztHHxZI%3D
2023.4.3 06:24:16#---------------------- Complete New Transaction---------------------
2023.4.3 06:24:16#Get trans_id From Post Value:RxqsoA1FPUZ0SyJBd0kyztHHxZI=
2023.4.3 06:24:16#clientIp:202.134.14.157
2023.4.3 06:24:16#trans_id:RxqsoA1FPUZ0SyJBd0kyztHHxZI=
2023.4.3 06:24:17#result:RESULT>OK^RESULT_CODE>000^3DSECURE>SKIPPED^RRN>309306356890^APPROVAL_CODE>985045^CARD_NUMBER>999999*********7532^AMOUNT>202000^CARDNAME>mb account^DESCRIPTION>6MBD2005099^TRANS_DATE>2023-04-03 12:24:14 PM
2023.4.3 06:24:17#41627703062417
2023.4.3 06:24:17#41627703062417
2023.4.3 06:24:17#41627703062417
2023.4.3 06:24:18#41627703062417
2023.4.3 06:24:18#=================== Transaction Completed =======================
2023.4.3 06:42:12#=================== Start New Transaction ===================
2023.4.3 06:42:12#txnrefnum:MBD2301194
2023.4.3 06:42:12#clientIp:202.134.14.157
2023.4.3 06:42:12#card type:6
2023.4.3 06:42:12#totalamount:102000
2023.4.3 06:42:15#result:TRANSACTION_ID:ix2ssbucZS3i8FTiSEC201gaO0g=
2023.4.3 06:42:15#Forward to DBBL Payment Gateway Page: https://ecom1.dutchbanglabank.com/ecomm2/ClientHandler?card_type=6&trans_id=ix2ssbucZS3i8FTiSEC201gaO0g%3D
2023.4.3 06:42:52#---------------------- Complete New Transaction---------------------
2023.4.3 06:42:52#Get trans_id From Post Value:ix2ssbucZS3i8FTiSEC201gaO0g=
2023.4.3 06:42:52#clientIp:202.134.14.157
2023.4.3 06:42:52#trans_id:ix2ssbucZS3i8FTiSEC201gaO0g=
2023.4.3 06:42:54#result:RESULT>OK^RESULT_CODE>000^3DSECURE>SKIPPED^RRN>309306359084^APPROVAL_CODE>972098^CARD_NUMBER>999999*********7532^AMOUNT>102000^CARDNAME>mb account^DESCRIPTION>6MBD2301194^TRANS_DATE>2023-04-03 12:42:50 PM
2023.4.3 06:42:54#48880803064254
2023.4.3 06:42:54#48880803064254
2023.4.3 06:42:54#=================== Transaction Completed =======================
2023.4.3 06:44:20#=================== Start New Transaction ===================
2023.4.3 06:44:20#txnrefnum:MBD2205053
2023.4.3 06:44:20#clientIp:202.134.14.157
2023.4.3 06:44:20#card type:6
2023.4.3 06:44:20#totalamount:102000
2023.4.3 06:44:23#result:TRANSACTION_ID:cCmH2KP2vFLrDTPikPWEtZZSPRE=
2023.4.3 06:44:23#Forward to DBBL Payment Gateway Page: https://ecom1.dutchbanglabank.com/ecomm2/ClientHandler?card_type=6&trans_id=cCmH2KP2vFLrDTPikPWEtZZSPRE%3D
2023.4.3 06:44:46#---------------------- Complete New Transaction---------------------
2023.4.3 06:44:46#Get trans_id From Post Value:cCmH2KP2vFLrDTPikPWEtZZSPRE=
2023.4.3 06:44:46#clientIp:202.134.14.157
2023.4.3 06:44:46#trans_id:cCmH2KP2vFLrDTPikPWEtZZSPRE=
2023.4.3 06:44:47#result:RESULT>OK^RESULT_CODE>000^3DSECURE>SKIPPED^RRN>309306359247^APPROVAL_CODE>019763^CARD_NUMBER>999999*********7532^AMOUNT>102000^CARDNAME>mb account^DESCRIPTION>6MBD2205053^TRANS_DATE>2023-04-03 12:44:44 PM
2023.4.3 06:44:47#45299703064447
2023.4.3 06:44:48#45299703064447
2023.4.3 06:44:48#=================== Transaction Completed =======================
2023.4.3 07:03:11#=================== Start New Transaction ===================
2023.4.3 07:03:11#txnrefnum:MBD2008314
2023.4.3 07:03:11#clientIp:103.254.87.135
2023.4.3 07:03:11#card type:6
2023.4.3 07:03:11#totalamount:252000
2023.4.3 07:03:14#result:TRANSACTION_ID:yayNxeSeI7uphFji3XX6htcDSr0=
2023.4.3 07:03:14#Forward to DBBL Payment Gateway Page: https://ecom1.dutchbanglabank.com/ecomm2/ClientHandler?card_type=6&trans_id=yayNxeSeI7uphFji3XX6htcDSr0%3D
2023.4.3 07:05:47#---------------------- Complete New Transaction---------------------
2023.4.3 07:05:47#Get trans_id From Post Value:yayNxeSeI7uphFji3XX6htcDSr0=
2023.4.3 07:05:47#clientIp:103.254.87.135
2023.4.3 07:05:47#trans_id:yayNxeSeI7uphFji3XX6htcDSr0=
2023.4.3 07:05:48#result:RESULT>OK^RESULT_CODE>000^3DSECURE>SKIPPED^RRN>309307361496^APPROVAL_CODE>153256^CARD_NUMBER>999999*********9545^AMOUNT>252000^CARDNAME>mb account^DESCRIPTION>6MBD2008314^TRANS_DATE>2023-04-03 01:05:45 PM
2023.4.3 07:05:48#51713803070548
2023.4.3 07:05:48#51713803070548
2023.4.3 07:05:48#=================== Transaction Completed =======================
2023.4.3 07:09:06#=================== Start New Transaction ===================
2023.4.3 07:09:06#txnrefnum:BBM2005187
2023.4.3 07:09:06#clientIp:103.25.120.227
2023.4.3 07:09:06#card type:6
2023.4.3 07:09:06#totalamount:102000
2023.4.3 07:09:08#result:TRANSACTION_ID:YO9iffE37DSStZEsqYCtg5KWYzM=
2023.4.3 07:09:09#Forward to DBBL Payment Gateway Page: https://ecom1.dutchbanglabank.com/ecomm2/ClientHandler?card_type=6&trans_id=YO9iffE37DSStZEsqYCtg5KWYzM%3D
2023.4.3 07:09:45#---------------------- Complete New Transaction---------------------
2023.4.3 07:09:45#Get trans_id From Post Value:YO9iffE37DSStZEsqYCtg5KWYzM=
2023.4.3 07:09:45#clientIp:103.25.120.227
2023.4.3 07:09:45#trans_id:YO9iffE37DSStZEsqYCtg5KWYzM=
2023.4.3 07:09:47#result:RESULT>OK^RESULT_CODE>000^3DSECURE>SKIPPED^RRN>309307361916^APPROVAL_CODE>160286^CARD_NUMBER>999999*********3668^AMOUNT>102000^CARDNAME>mb account^DESCRIPTION>6BBM2005187^TRANS_DATE>2023-04-03 01:09:44 PM
2023.4.3 07:09:47#41397303070947
2023.4.3 07:09:47#41397303070947
2023.4.3 07:09:47#=================== Transaction Completed =======================
2023.4.3 07:11:47#=================== Start New Transaction ===================
2023.4.3 07:11:47#txnrefnum:BBD2301174
2023.4.3 07:11:47#clientIp:202.53.162.0
2023.4.3 07:11:47#card type:6
2023.4.3 07:11:47#totalamount:1002000
2023.4.3 07:11:50#result:TRANSACTION_ID:Zju9eMXwJjcaCmNuSjLWaLYmeAM=
2023.4.3 07:11:50#Forward to DBBL Payment Gateway Page: https://ecom1.dutchbanglabank.com/ecomm2/ClientHandler?card_type=6&trans_id=Zju9eMXwJjcaCmNuSjLWaLYmeAM%3D
2023.4.3 07:12:52#---------------------- Complete New Transaction---------------------
2023.4.3 07:12:52#Get trans_id From Post Value:Zju9eMXwJjcaCmNuSjLWaLYmeAM=
2023.4.3 07:12:52#clientIp:202.53.162.0
2023.4.3 07:12:52#trans_id:Zju9eMXwJjcaCmNuSjLWaLYmeAM=
2023.4.3 07:12:53#result:RESULT>OK^RESULT_CODE>000^3DSECURE>SKIPPED^RRN>309307362176^APPROVAL_CODE>215689^CARD_NUMBER>999999*********2298^AMOUNT>1002000^CARDNAME>mb account^DESCRIPTION>6BBD2301174^TRANS_DATE>2023-04-03 01:12:51 PM
2023.4.3 07:12:53#52642703071253
2023.4.3 07:12:54#52642703071253
2023.4.3 07:12:54#52642703071253
2023.4.3 07:12:54#52642703071253
2023.4.3 07:12:54#52642703071253
2023.4.3 07:12:54#52642703071253
2023.4.3 07:12:54#52642703071253
2023.4.3 07:12:54#52642703071253
2023.4.3 07:12:54#=================== Transaction Completed =======================
2023.4.3 09:16:47#=================== Start New Transaction ===================
2023.4.3 09:16:47#txnrefnum:MBD2302012
2023.4.3 09:16:47#clientIp:27.147.133.18
2023.4.3 09:16:47#card type:6
2023.4.3 09:16:47#totalamount:2000
2023.4.3 09:16:50#result:TRANSACTION_ID:NF1hXqnPVpAeoOcaufAX2qavYfM=
2023.4.3 09:16:50#Forward to DBBL Payment Gateway Page: https://ecom1.dutchbanglabank.com/ecomm2/ClientHandler?card_type=6&trans_id=NF1hXqnPVpAeoOcaufAX2qavYfM%3D
2023.4.3 09:18:51#=================== Start New Transaction ===================
2023.4.3 09:18:51#txnrefnum:MBD2302012
2023.4.3 09:18:51#clientIp:27.147.133.18
2023.4.3 09:18:51#card type:6
2023.4.3 09:18:51#totalamount:102000
2023.4.3 09:18:54#result:TRANSACTION_ID:A6maQKOnNVN6Gnr84Ps7r70G6MI=
2023.4.3 09:18:54#Forward to DBBL Payment Gateway Page: https://ecom1.dutchbanglabank.com/ecomm2/ClientHandler?card_type=6&trans_id=A6maQKOnNVN6Gnr84Ps7r70G6MI%3D
2023.4.3 09:19:50#---------------------- Complete New Transaction---------------------
2023.4.3 09:19:50#Get trans_id From Post Value:A6maQKOnNVN6Gnr84Ps7r70G6MI=
2023.4.3 09:19:50#clientIp:27.147.133.18
2023.4.3 09:19:50#trans_id:A6maQKOnNVN6Gnr84Ps7r70G6MI=
2023.4.3 09:19:52#result:RESULT>OK^RESULT_CODE>000^3DSECURE>SKIPPED^RRN>309309375439^APPROVAL_CODE>707993^CARD_NUMBER>999999*********8536^AMOUNT>102000^CARDNAME>mb account^DESCRIPTION>6MBD2302012^TRANS_DATE>2023-04-03 03:19:49 PM
2023.4.3 09:19:52#50090403091952
2023.4.3 09:19:52#50090403091952
2023.4.3 09:19:52#=================== Transaction Completed =======================
2023.4.3 09:46:35#=================== Start New Transaction ===================
2023.4.3 09:46:35#txnrefnum:MBM2008010
2023.4.3 09:46:35#clientIp:114.130.157.226
2023.4.3 09:46:35#card type:6
2023.4.3 09:46:35#totalamount:252000
2023.4.3 09:46:40#result:TRANSACTION_ID:sc1yszx4vs3MhoRS3AD82pNExvs=
2023.4.3 09:46:40#Forward to DBBL Payment Gateway Page: https://ecom1.dutchbanglabank.com/ecomm2/ClientHandler?card_type=6&trans_id=sc1yszx4vs3MhoRS3AD82pNExvs%3D
2023.4.3 09:46:56#---------------------- Complete New Transaction---------------------
2023.4.3 09:46:56#Get trans_id From Post Value:sc1yszx4vs3MhoRS3AD82pNExvs=
2023.4.3 09:46:56#clientIp:114.130.157.226
2023.4.3 09:46:56#trans_id:sc1yszx4vs3MhoRS3AD82pNExvs=
2023.4.3 09:46:57#result:RESULT>OK^RESULT_CODE>000^3DSECURE>SKIPPED^RRN>309309378635^APPROVAL_CODE>846756^CARD_NUMBER>999999*********7394^AMOUNT>252000^CARDNAME>mb account^DESCRIPTION>6MBM2008010^TRANS_DATE>2023-04-03 03:46:55 PM
2023.4.3 09:46:57#51763003094657
2023.4.3 09:46:58#51763003094657
2023.4.3 09:46:58#=================== Transaction Completed =======================
2023.4.3 10:03:53#=================== Start New Transaction ===================
2023.4.3 10:03:53#txnrefnum:MSC23111103
2023.4.3 10:03:53#clientIp:103.143.138.44
2023.4.3 10:03:53#card type:6
2023.4.3 10:03:53#totalamount:182000
2023.4.3 10:03:56#result:TRANSACTION_ID:KzUgNf5rIWh3aAaWkFxWkMJAa5Y=
2023.4.3 10:03:56#Forward to DBBL Payment Gateway Page: https://ecom1.dutchbanglabank.com/ecomm2/ClientHandler?card_type=6&trans_id=KzUgNf5rIWh3aAaWkFxWkMJAa5Y%3D
2023.4.3 13:19:03#=================== Start New Transaction ===================
2023.4.3 13:19:03#txnrefnum:MD.Rezwan Sarkar
2023.4.3 13:19:03#clientIp:157.119.237.1
2023.4.3 13:19:03#card type:6
2023.4.3 13:19:03#totalamount:0
2023.4.3 13:19:05#result:Sub Merchant Name can not be blank
2023.4.3 13:24:45#=================== Start New Transaction ===================
2023.4.3 13:24:45#txnrefnum:MBM2207189
2023.4.3 13:24:45#clientIp:103.166.89.129
2023.4.3 13:24:45#card type:6
2023.4.3 13:24:45#totalamount:102000
2023.4.3 13:24:47#result:TRANSACTION_ID:XTkQmuvfvkDWPrj465uTS3f9NuY=
2023.4.3 13:24:48#Forward to DBBL Payment Gateway Page: https://ecom1.dutchbanglabank.com/ecomm2/ClientHandler?card_type=6&trans_id=XTkQmuvfvkDWPrj465uTS3f9NuY%3D
2023.4.3 13:25:42#---------------------- Complete New Transaction---------------------
2023.4.3 13:25:42#Get trans_id From Post Value:XTkQmuvfvkDWPrj465uTS3f9NuY=
2023.4.3 13:25:42#clientIp:103.166.89.129
2023.4.3 13:25:42#trans_id:XTkQmuvfvkDWPrj465uTS3f9NuY=
2023.4.3 13:25:43#result:RESULT>OK^RESULT_CODE>000^3DSECURE>SKIPPED^RRN>309313397889^APPROVAL_CODE>882134^CARD_NUMBER>999999*********1332^AMOUNT>102000^CARDNAME>mb account^DESCRIPTION>6MBM2207189^TRANS_DATE>2023-04-03 07:25:40 PM
2023.4.3 13:25:43#42278403012543
2023.4.3 13:25:44#42278403012543
2023.4.3 13:25:44#=================== Transaction Completed =======================
2023.4.3 13:27:13#=================== Start New Transaction ===================
2023.4.3 13:27:13#txnrefnum:Rezwan Sarkar
2023.4.3 13:27:13#clientIp:157.119.237.1
2023.4.3 13:27:13#card type:6
2023.4.3 13:27:13#totalamount:0
2023.4.3 13:27:15#result:Sub Merchant Name can not be blank
2023.4.3 13:49:39#=================== Start New Transaction ===================
2023.4.3 13:49:39#txnrefnum:MD.Rezwan Sarkar
2023.4.3 13:49:39#clientIp:157.119.237.1
2023.4.3 13:49:39#card type:6
2023.4.3 13:49:39#totalamount:0
2023.4.3 13:49:41#result:Sub Merchant Name can not be blank
2023.4.3 14:49:43#=================== Start New Transaction ===================
2023.4.3 14:49:43#txnrefnum:MBD2007108
2023.4.3 14:49:43#clientIp:45.115.114.229
2023.4.3 14:49:43#card type:6
2023.4.3 14:49:43#totalamount:2000
2023.4.3 14:49:46#result:TRANSACTION_ID:SlrQVXhenmTqEbeqlISngyEryOc=
2023.4.3 14:49:46#Forward to DBBL Payment Gateway Page: https://ecom1.dutchbanglabank.com/ecomm2/ClientHandler?card_type=6&trans_id=SlrQVXhenmTqEbeqlISngyEryOc%3D
2023.4.3 14:50:44#=================== Start New Transaction ===================
2023.4.3 14:50:44#txnrefnum:MBD2007108
2023.4.3 14:50:44#clientIp:45.115.114.229
2023.4.3 14:50:44#card type:6
2023.4.3 14:50:44#totalamount:202000
2023.4.3 14:50:46#result:TRANSACTION_ID:z7MPqt2fjrljn63h87MmcUiUW9U=
2023.4.3 14:50:46#Forward to DBBL Payment Gateway Page: https://ecom1.dutchbanglabank.com/ecomm2/ClientHandler?card_type=6&trans_id=z7MPqt2fjrljn63h87MmcUiUW9U%3D
2023.4.3 14:54:51#=================== Start New Transaction ===================
2023.4.3 14:54:51#txnrefnum:BBM2006145
2023.4.3 14:54:51#clientIp:103.133.200.230
2023.4.3 14:54:51#card type:6
2023.4.3 14:54:51#totalamount:202000
2023.4.3 14:54:54#result:TRANSACTION_ID:SSTIQslJ8LEEI8Ya0qJLuWkPPMc=
2023.4.3 14:54:54#Forward to DBBL Payment Gateway Page: https://ecom1.dutchbanglabank.com/ecomm2/ClientHandler?card_type=6&trans_id=SSTIQslJ8LEEI8Ya0qJLuWkPPMc%3D
2023.4.3 14:57:50#---------------------- Complete New Transaction---------------------
2023.4.3 14:57:50#Get trans_id From Post Value:SSTIQslJ8LEEI8Ya0qJLuWkPPMc=
2023.4.3 14:57:51#clientIp:103.133.200.230
2023.4.3 14:57:51#trans_id:SSTIQslJ8LEEI8Ya0qJLuWkPPMc=
2023.4.3 14:57:53#result:RESULT>OK^RESULT_CODE>000^3DSECURE>SKIPPED^RRN>309314405801^APPROVAL_CODE>343697^CARD_NUMBER>999999*********2248^AMOUNT>202000^CARDNAME>mb account^DESCRIPTION>6BBM2006145^TRANS_DATE>2023-04-03 08:57:49 PM
2023.4.3 14:57:53#39281703025753
2023.4.3 14:57:53#39281703025753
2023.4.3 14:57:53#39281703025753
2023.4.3 14:57:53#39281703025753
2023.4.3 14:57:53#=================== Transaction Completed =======================
2023.4.3 16:45:15#=================== Start New Transaction ===================
2023.4.3 16:45:15#txnrefnum:MBD2007108
2023.4.3 16:45:15#clientIp:103.43.149.1
2023.4.3 16:45:15#card type:6
2023.4.3 16:45:15#totalamount:202000
2023.4.3 16:45:20#result:TRANSACTION_ID:EiF8k4P0NnkslowfIXUapy5gKrE=
2023.4.3 16:45:20#Forward to DBBL Payment Gateway Page: https://ecom1.dutchbanglabank.com/ecomm2/ClientHandler?card_type=6&trans_id=EiF8k4P0NnkslowfIXUapy5gKrE%3D
2023.4.3 16:46:11#---------------------- Complete New Transaction---------------------
2023.4.3 16:46:11#Get trans_id From Post Value:EiF8k4P0NnkslowfIXUapy5gKrE=
2023.4.3 16:46:11#clientIp:103.43.149.1
2023.4.3 16:46:11#trans_id:EiF8k4P0NnkslowfIXUapy5gKrE=
2023.4.3 16:46:13#result:RESULT>OK^RESULT_CODE>000^3DSECURE>SKIPPED^RRN>309316412859^APPROVAL_CODE>830698^CARD_NUMBER>999999*********9002^AMOUNT>202000^CARDNAME>mb account^DESCRIPTION>6MBD2007108^TRANS_DATE>2023-04-03 10:46:10 PM
2023.4.3 16:46:13#38001303044613
2023.4.3 16:46:13#38001303044613
2023.4.3 16:46:13#38001303044613
2023.4.3 16:46:13#38001303044613
2023.4.3 16:46:13#=================== Transaction Completed =======================
2023.4.3 17:51:22#---------------------- Complete New Transaction---------------------
2023.4.3 17:51:22#Get trans_id From Post Value:W4oUUklK6sqchpSGMGe3ZCNEH5Y=
2023.4.3 17:51:22#clientIp:37.111.200.186
2023.4.3 17:51:22#trans_id:W4oUUklK6sqchpSGMGe3ZCNEH5Y=
2023.4.3 17:51:23#result:RESULT>TIMEOUT^RESULT_CODE>999^3DSECURE>0^RRN>0^APPROVAL_CODE>0^CARD_NUMBER>0^AMOUNT>202000^CARDNAME>0^DESCRIPTION>6MBD2007048^TRANS_DATE>2023-04-03 11:51:17 PM
2023.4.3 17:51:23#Failed