
2023.4.11 02:31:59#=================== Start New Transaction ===================
2023.4.11 02:31:59#txnrefnum:MBD2003062
2023.4.11 02:31:59#clientIp:45.115.114.244
2023.4.11 02:31:59#card type:6
2023.4.11 02:31:59#totalamount:202000
2023.4.11 02:32:04#result:TRANSACTION_ID:EUnEpJMqgPUgCFW18HtW1X5bDCc=
2023.4.11 02:32:05#Forward to DBBL Payment Gateway Page: https://ecom1.dutchbanglabank.com/ecomm2/ClientHandler?card_type=6&trans_id=EUnEpJMqgPUgCFW18HtW1X5bDCc%3D
2023.4.11 02:32:39#---------------------- Complete New Transaction---------------------
2023.4.11 02:32:39#Get trans_id From Post Value:EUnEpJMqgPUgCFW18HtW1X5bDCc=
2023.4.11 02:32:39#clientIp:45.115.114.244
2023.4.11 02:32:39#trans_id:EUnEpJMqgPUgCFW18HtW1X5bDCc=
2023.4.11 02:32:40#result:RESULT>OK^RESULT_CODE>000^3DSECURE>SKIPPED^RRN>310102078178^APPROVAL_CODE>550828^CARD_NUMBER>999999*********0117^AMOUNT>202000^CARDNAME>mb account^DESCRIPTION>6MBD2003062^TRANS_DATE>2023-04-11 08:32:38 AM
2023.4.11 02:32:40#44763311023240
2023.4.11 02:32:41#44763311023240
2023.4.11 02:32:41#44763311023240
2023.4.11 02:32:41#44763311023240
2023.4.11 02:32:41#=================== Transaction Completed =======================
2023.4.11 04:28:26#=================== Start New Transaction ===================
2023.4.11 04:28:26#txnrefnum:MBG2109004
2023.4.11 04:28:26#clientIp:202.134.10.133
2023.4.11 04:28:26#card type:6
2023.4.11 04:28:26#totalamount:252000
2023.4.11 04:28:28#result:TRANSACTION_ID:O1PvMD2UjlnIlRZqvjkPooExbaI=
2023.4.11 04:28:29#Forward to DBBL Payment Gateway Page: https://ecom1.dutchbanglabank.com/ecomm2/ClientHandler?card_type=6&trans_id=O1PvMD2UjlnIlRZqvjkPooExbaI%3D
2023.4.11 04:29:06#---------------------- Complete New Transaction---------------------
2023.4.11 04:29:06#Get trans_id From Post Value:O1PvMD2UjlnIlRZqvjkPooExbaI=
2023.4.11 04:29:06#clientIp:202.134.10.133
2023.4.11 04:29:06#trans_id:O1PvMD2UjlnIlRZqvjkPooExbaI=
2023.4.11 04:29:07#result:RESULT>OK^RESULT_CODE>000^3DSECURE>SKIPPED^RRN>310104085591^APPROVAL_CODE>899950^CARD_NUMBER>999999*********7532^AMOUNT>252000^CARDNAME>mb account^DESCRIPTION>6MBG2109004^TRANS_DATE>2023-04-11 10:29:04 AM
2023.4.11 04:29:07#51736411042907
2023.4.11 04:29:08#51736411042907
2023.4.11 04:29:08#=================== Transaction Completed =======================
2023.4.11 04:41:53#=================== Start New Transaction ===================
2023.4.11 04:41:53#txnrefnum:MBM2008047
2023.4.11 04:41:53#clientIp:202.134.10.133
2023.4.11 04:41:53#card type:6
2023.4.11 04:41:53#totalamount:252000
2023.4.11 04:41:56#result:TRANSACTION_ID:F1mS36rbVQMDwnhL80cvDlsqShg=
2023.4.11 04:41:56#Forward to DBBL Payment Gateway Page: https://ecom1.dutchbanglabank.com/ecomm2/ClientHandler?card_type=6&trans_id=F1mS36rbVQMDwnhL80cvDlsqShg%3D
2023.4.11 04:42:46#---------------------- Complete New Transaction---------------------
2023.4.11 04:42:46#Get trans_id From Post Value:F1mS36rbVQMDwnhL80cvDlsqShg=
2023.4.11 04:42:46#clientIp:202.134.10.133
2023.4.11 04:42:46#trans_id:F1mS36rbVQMDwnhL80cvDlsqShg=
2023.4.11 04:42:48#result:RESULT>OK^RESULT_CODE>000^3DSECURE>SKIPPED^RRN>310104086947^APPROVAL_CODE>028987^CARD_NUMBER>999999*********7532^AMOUNT>252000^CARDNAME>mb account^DESCRIPTION>6MBM2008047^TRANS_DATE>2023-04-11 10:42:44 AM
2023.4.11 04:42:48#51763911044248
2023.4.11 04:42:48#51763911044248
2023.4.11 04:42:48#=================== Transaction Completed =======================
2023.4.11 04:44:25#=================== Start New Transaction ===================
2023.4.11 04:44:25#txnrefnum:MBM2303219
2023.4.11 04:44:25#clientIp:202.134.10.133
2023.4.11 04:44:25#card type:6
2023.4.11 04:44:25#totalamount:202000
2023.4.11 04:44:28#result:TRANSACTION_ID:dZOdAmcdO2AvFslyaPwSkGbQZGk=
2023.4.11 04:44:28#Forward to DBBL Payment Gateway Page: https://ecom1.dutchbanglabank.com/ecomm2/ClientHandler?card_type=6&trans_id=dZOdAmcdO2AvFslyaPwSkGbQZGk%3D
2023.4.11 04:45:19#---------------------- Complete New Transaction---------------------
2023.4.11 04:45:19#Get trans_id From Post Value:dZOdAmcdO2AvFslyaPwSkGbQZGk=
2023.4.11 04:45:19#clientIp:202.134.10.133
2023.4.11 04:45:19#trans_id:dZOdAmcdO2AvFslyaPwSkGbQZGk=
2023.4.11 04:45:21#result:RESULT>OK^RESULT_CODE>000^3DSECURE>SKIPPED^RRN>310104087186^APPROVAL_CODE>081224^CARD_NUMBER>999999*********7532^AMOUNT>202000^CARDNAME>mb account^DESCRIPTION>6MBM2303219^TRANS_DATE>2023-04-11 10:45:17 AM
2023.4.11 04:45:21#51513311044521
2023.4.11 04:45:21#51513311044521
2023.4.11 04:45:21#51513311044521
2023.4.11 04:45:21#51513311044521
2023.4.11 04:45:21#=================== Transaction Completed =======================
2023.4.11 04:47:33#=================== Start New Transaction ===================
2023.4.11 04:47:33#txnrefnum:MBD2004113
2023.4.11 04:47:33#clientIp:202.134.10.133
2023.4.11 04:47:33#card type:6
2023.4.11 04:47:33#totalamount:302000
2023.4.11 04:47:35#result:TRANSACTION_ID:k803XglDZ8ndIlcESspAU7L48Yw=
2023.4.11 04:47:36#Forward to DBBL Payment Gateway Page: https://ecom1.dutchbanglabank.com/ecomm2/ClientHandler?card_type=6&trans_id=k803XglDZ8ndIlcESspAU7L48Yw%3D
2023.4.11 04:47:53#---------------------- Complete New Transaction---------------------
2023.4.11 04:47:53#Get trans_id From Post Value:k803XglDZ8ndIlcESspAU7L48Yw=
2023.4.11 04:47:53#clientIp:202.134.10.133
2023.4.11 04:47:53#trans_id:k803XglDZ8ndIlcESspAU7L48Yw=
2023.4.11 04:47:55#result:RESULT>OK^RESULT_CODE>000^3DSECURE>SKIPPED^RRN>310104087435^APPROVAL_CODE>089584^CARD_NUMBER>999999*********7532^AMOUNT>302000^CARDNAME>mb account^DESCRIPTION>6MBD2004113^TRANS_DATE>2023-04-11 10:47:51 AM
2023.4.11 04:47:55#43196111044755
2023.4.11 04:47:55#43196111044755
2023.4.11 04:47:55#43196111044755
2023.4.11 04:47:55#43196111044755
2023.4.11 04:47:55#43196111044755
2023.4.11 04:47:55#43196111044755
2023.4.11 04:47:55#=================== Transaction Completed =======================
2023.4.11 04:51:05#=================== Start New Transaction ===================
2023.4.11 04:51:05#txnrefnum:MBG2106091
2023.4.11 04:51:05#clientIp:202.134.10.133
2023.4.11 04:51:05#card type:6
2023.4.11 04:51:05#totalamount:202000
2023.4.11 04:51:08#result:TRANSACTION_ID:ljghlDdXnpda0wS6gS3Mz5ezG3c=
2023.4.11 04:51:08#Forward to DBBL Payment Gateway Page: https://ecom1.dutchbanglabank.com/ecomm2/ClientHandler?card_type=6&trans_id=ljghlDdXnpda0wS6gS3Mz5ezG3c%3D
2023.4.11 04:51:35#---------------------- Complete New Transaction---------------------
2023.4.11 04:51:35#Get trans_id From Post Value:ljghlDdXnpda0wS6gS3Mz5ezG3c=
2023.4.11 04:51:35#clientIp:202.134.10.133
2023.4.11 04:51:35#trans_id:ljghlDdXnpda0wS6gS3Mz5ezG3c=
2023.4.11 04:51:37#result:RESULT>OK^RESULT_CODE>000^3DSECURE>SKIPPED^RRN>310104087785^APPROVAL_CODE>152962^CARD_NUMBER>999999*********7532^AMOUNT>202000^CARDNAME>mb account^DESCRIPTION>6MBG2106091^TRANS_DATE>2023-04-11 10:51:33 AM
2023.4.11 04:51:37#42150911045137
2023.4.11 04:51:37#42150911045137
2023.4.11 04:51:37#42150911045137
2023.4.11 04:51:37#42150911045137
2023.4.11 04:51:37#=================== Transaction Completed =======================
2023.4.11 05:02:12#=================== Start New Transaction ===================
2023.4.11 05:02:12#txnrefnum:MBD2203083
2023.4.11 05:02:12#clientIp:103.173.60.54
2023.4.11 05:02:12#card type:6
2023.4.11 05:02:12#totalamount:202000
2023.4.11 05:02:15#result:TRANSACTION_ID:Fbhlt8KRTXsrEP1WA4hmdxFsOGI=
2023.4.11 05:02:15#Forward to DBBL Payment Gateway Page: https://ecom1.dutchbanglabank.com/ecomm2/ClientHandler?card_type=6&trans_id=Fbhlt8KRTXsrEP1WA4hmdxFsOGI%3D
2023.4.11 05:07:57#=================== Start New Transaction ===================
2023.4.11 05:07:57#txnrefnum:MBD2203083
2023.4.11 05:07:57#clientIp:103.173.60.54
2023.4.11 05:07:57#card type:6
2023.4.11 05:07:57#totalamount:202000
2023.4.11 05:08:00#result:TRANSACTION_ID:URQyyy2njq3brrSslnuJPAQagcY=
2023.4.11 05:08:00#Forward to DBBL Payment Gateway Page: https://ecom1.dutchbanglabank.com/ecomm2/ClientHandler?card_type=6&trans_id=URQyyy2njq3brrSslnuJPAQagcY%3D
2023.4.11 05:08:39#---------------------- Complete New Transaction---------------------
2023.4.11 05:08:39#Get trans_id From Post Value:URQyyy2njq3brrSslnuJPAQagcY=
2023.4.11 05:08:41#clientIp:103.173.60.54
2023.4.11 05:08:41#trans_id:URQyyy2njq3brrSslnuJPAQagcY=
2023.4.11 05:08:43#result:RESULT>OK^RESULT_CODE>000^3DSECURE>SKIPPED^RRN>310105089473^APPROVAL_CODE>252277^CARD_NUMBER>999999*********6632^AMOUNT>202000^CARDNAME>mb account^DESCRIPTION>6MBD2203083^TRANS_DATE>2023-04-11 11:08:38 AM
2023.4.11 05:08:43#46812911050843
2023.4.11 05:08:43#46812911050843
2023.4.11 05:08:43#46812911050843
2023.4.11 05:08:43#46812911050843
2023.4.11 05:08:43#=================== Transaction Completed =======================
2023.4.11 05:22:46#=================== Start New Transaction ===================
2023.4.11 05:22:46#txnrefnum:MBM2305027
2023.4.11 05:22:46#clientIp:202.134.14.128
2023.4.11 05:22:46#card type:6
2023.4.11 05:22:46#totalamount:102000
2023.4.11 05:22:48#result:TRANSACTION_ID:D5L0CnCrPjg5MaNSajYPy7fRZtQ=
2023.4.11 05:22:49#Forward to DBBL Payment Gateway Page: https://ecom1.dutchbanglabank.com/ecomm2/ClientHandler?card_type=6&trans_id=D5L0CnCrPjg5MaNSajYPy7fRZtQ%3D
2023.4.11 05:23:54#---------------------- Complete New Transaction---------------------
2023.4.11 05:23:54#Get trans_id From Post Value:D5L0CnCrPjg5MaNSajYPy7fRZtQ=
2023.4.11 05:23:54#clientIp:202.134.14.128
2023.4.11 05:23:54#trans_id:D5L0CnCrPjg5MaNSajYPy7fRZtQ=
2023.4.11 05:23:56#result:RESULT>OK^RESULT_CODE>000^3DSECURE>SKIPPED^RRN>310105091012^APPROVAL_CODE>287878^CARD_NUMBER>999999*********7532^AMOUNT>102000^CARDNAME>mb account^DESCRIPTION>6MBM2305027^TRANS_DATE>2023-04-11 11:23:52 AM
2023.4.11 05:23:56#48164411052356
2023.4.11 05:23:56#48164411052356
2023.4.11 05:23:56#=================== Transaction Completed =======================
2023.4.11 05:32:10#=================== Start New Transaction ===================
2023.4.11 05:32:10#txnrefnum:BBD2007043
2023.4.11 05:32:10#clientIp:103.130.114.214
2023.4.11 05:32:10#card type:6
2023.4.11 05:32:10#totalamount:202000
2023.4.11 05:32:13#result:TRANSACTION_ID:hS6v0UeO2u1KIhKJsTTmhZS4s4Q=
2023.4.11 05:32:13#Forward to DBBL Payment Gateway Page: https://ecom1.dutchbanglabank.com/ecomm2/ClientHandler?card_type=6&trans_id=hS6v0UeO2u1KIhKJsTTmhZS4s4Q%3D
2023.4.11 05:33:16#---------------------- Complete New Transaction---------------------
2023.4.11 05:33:16#Get trans_id From Post Value:hS6v0UeO2u1KIhKJsTTmhZS4s4Q=
2023.4.11 05:33:16#clientIp:103.130.114.214
2023.4.11 05:33:16#trans_id:hS6v0UeO2u1KIhKJsTTmhZS4s4Q=
2023.4.11 05:33:17#result:RESULT>OK^RESULT_CODE>000^3DSECURE>SKIPPED^RRN>310105092139^APPROVAL_CODE>385662^CARD_NUMBER>999999*********4079^AMOUNT>202000^CARDNAME>mb account^DESCRIPTION>6BBD2007043^TRANS_DATE>2023-04-11 11:33:15 AM
2023.4.11 05:33:17#37515311053317
2023.4.11 05:33:17#37515311053317
2023.4.11 05:33:17#37515311053317
2023.4.11 05:33:18#37515311053317
2023.4.11 05:33:18#=================== Transaction Completed =======================
2023.4.11 05:48:35#=================== Start New Transaction ===================
2023.4.11 05:48:35#txnrefnum:MBB2101187
2023.4.11 05:48:35#clientIp:202.134.10.135
2023.4.11 05:48:35#card type:6
2023.4.11 05:48:35#totalamount:102000
2023.4.11 05:48:38#result:TRANSACTION_ID:PSaeXqGuazmBCPyZF7kTZmPaXJo=
2023.4.11 05:48:38#Forward to DBBL Payment Gateway Page: https://ecom1.dutchbanglabank.com/ecomm2/ClientHandler?card_type=6&trans_id=PSaeXqGuazmBCPyZF7kTZmPaXJo%3D
2023.4.11 05:49:01#---------------------- Complete New Transaction---------------------
2023.4.11 05:49:01#Get trans_id From Post Value:PSaeXqGuazmBCPyZF7kTZmPaXJo=
2023.4.11 05:49:01#clientIp:202.134.10.135
2023.4.11 05:49:01#trans_id:PSaeXqGuazmBCPyZF7kTZmPaXJo=
2023.4.11 05:49:03#result:RESULT>OK^RESULT_CODE>000^3DSECURE>SKIPPED^RRN>310105093950^APPROVAL_CODE>553510^CARD_NUMBER>999999*********7532^AMOUNT>102000^CARDNAME>mb account^DESCRIPTION>6MBB2101187^TRANS_DATE>2023-04-11 11:49:00 AM
2023.4.11 05:49:03#50667611054903
2023.4.11 05:49:03#50667611054903
2023.4.11 05:49:03#=================== Transaction Completed =======================
2023.4.11 05:59:36#=================== Start New Transaction ===================
2023.4.11 05:59:36#txnrefnum:MBD2008275
2023.4.11 05:59:36#clientIp:202.134.10.140
2023.4.11 05:59:36#card type:6
2023.4.11 05:59:36#totalamount:252000
2023.4.11 05:59:39#result:TRANSACTION_ID:Ya2m1D5z2UJfiwtEWj7I6WOQw1c=
2023.4.11 05:59:39#Forward to DBBL Payment Gateway Page: https://ecom1.dutchbanglabank.com/ecomm2/ClientHandler?card_type=6&trans_id=Ya2m1D5z2UJfiwtEWj7I6WOQw1c%3D
2023.4.11 05:59:39#=================== Start New Transaction ===================
2023.4.11 05:59:39#txnrefnum:MBD2008275
2023.4.11 05:59:39#clientIp:202.134.10.140
2023.4.11 05:59:39#card type:6
2023.4.11 05:59:39#totalamount:252000
2023.4.11 05:59:42#result:TRANSACTION_ID:0DoNBwP3CqSXqU6dMhqPspmIHqo=
2023.4.11 05:59:42#Forward to DBBL Payment Gateway Page: https://ecom1.dutchbanglabank.com/ecomm2/ClientHandler?card_type=6&trans_id=0DoNBwP3CqSXqU6dMhqPspmIHqo%3D
2023.4.11 06:01:01#=================== Start New Transaction ===================
2023.4.11 06:01:01#txnrefnum:MBD2008275
2023.4.11 06:01:01#clientIp:202.134.10.140
2023.4.11 06:01:01#card type:6
2023.4.11 06:01:01#totalamount:252000
2023.4.11 06:01:04#result:TRANSACTION_ID:9xL21zPWtqxL9TOJPDlmxkt7Pmo=
2023.4.11 06:01:04#Forward to DBBL Payment Gateway Page: https://ecom1.dutchbanglabank.com/ecomm2/ClientHandler?card_type=6&trans_id=9xL21zPWtqxL9TOJPDlmxkt7Pmo%3D
2023.4.11 06:05:59#---------------------- Complete New Transaction---------------------
2023.4.11 06:05:59#Get trans_id From Post Value:9xL21zPWtqxL9TOJPDlmxkt7Pmo=
2023.4.11 06:05:59#clientIp:202.134.10.140
2023.4.11 06:05:59#trans_id:9xL21zPWtqxL9TOJPDlmxkt7Pmo=
2023.4.11 06:06:01#result:RESULT>OK^RESULT_CODE>000^3DSECURE>SKIPPED^RRN>310106095816^APPROVAL_CODE>641786^CARD_NUMBER>999999*********5814^AMOUNT>252000^CARDNAME>mb account^DESCRIPTION>6MBD2008275^TRANS_DATE>2023-04-11 12:05:58 PM
2023.4.11 06:06:01#51760111060601
2023.4.11 06:06:01#51760111060601
2023.4.11 06:06:01#=================== Transaction Completed =======================
2023.4.11 06:06:14#=================== Start New Transaction ===================
2023.4.11 06:06:14#txnrefnum:MBM2008018
2023.4.11 06:06:14#clientIp:157.119.238.2
2023.4.11 06:06:14#card type:6
2023.4.11 06:06:14#totalamount:252000
2023.4.11 06:06:15#=================== Start New Transaction ===================
2023.4.11 06:06:15#txnrefnum:MBM2008018
2023.4.11 06:06:15#clientIp:157.119.238.2
2023.4.11 06:06:15#card type:6
2023.4.11 06:06:15#totalamount:252000
2023.4.11 06:06:17#result:TRANSACTION_ID:e78aBE7vlUvP6LGVMjdayKL1eE4=
2023.4.11 06:06:17#Forward to DBBL Payment Gateway Page: https://ecom1.dutchbanglabank.com/ecomm2/ClientHandler?card_type=6&trans_id=e78aBE7vlUvP6LGVMjdayKL1eE4%3D
2023.4.11 06:06:18#result:TRANSACTION_ID:z8S2yC1OPD5yhnmND8tcpX3v2TU=
2023.4.11 06:06:18#Forward to DBBL Payment Gateway Page: https://ecom1.dutchbanglabank.com/ecomm2/ClientHandler?card_type=6&trans_id=z8S2yC1OPD5yhnmND8tcpX3v2TU%3D
2023.4.11 06:06:36#=================== Start New Transaction ===================
2023.4.11 06:06:36#txnrefnum:MBD2006358
2023.4.11 06:06:36#clientIp:103.229.83.178
2023.4.11 06:06:36#card type:6
2023.4.11 06:06:36#totalamount:302000
2023.4.11 06:06:39#result:TRANSACTION_ID:2d8K7lsfF5HyG7LGcGfanJ5PviY=
2023.4.11 06:06:40#Forward to DBBL Payment Gateway Page: https://ecom1.dutchbanglabank.com/ecomm2/ClientHandler?card_type=6&trans_id=2d8K7lsfF5HyG7LGcGfanJ5PviY%3D
2023.4.11 06:07:36#---------------------- Complete New Transaction---------------------
2023.4.11 06:07:36#Get trans_id From Post Value:2d8K7lsfF5HyG7LGcGfanJ5PviY=
2023.4.11 06:07:36#clientIp:103.229.83.178
2023.4.11 06:07:36#trans_id:2d8K7lsfF5HyG7LGcGfanJ5PviY=
2023.4.11 06:07:38#result:RESULT>OK^RESULT_CODE>000^3DSECURE>SKIPPED^RRN>310106095986^APPROVAL_CODE>646322^CARD_NUMBER>999999*********8822^AMOUNT>302000^CARDNAME>mb account^DESCRIPTION>6MBD2006358^TRANS_DATE>2023-04-11 12:07:35 PM
2023.4.11 06:07:38#40193711060738
2023.4.11 06:07:38#40193711060738
2023.4.11 06:07:38#40193711060738
2023.4.11 06:07:38#40193711060738
2023.4.11 06:07:38#40193711060738
2023.4.11 06:07:38#40193711060738
2023.4.11 06:07:38#=================== Transaction Completed =======================
2023.4.11 06:08:22#---------------------- Complete New Transaction---------------------
2023.4.11 06:08:23#Get trans_id From Post Value:z8S2yC1OPD5yhnmND8tcpX3v2TU=
2023.4.11 06:08:23#clientIp:157.119.238.1
2023.4.11 06:08:23#trans_id:z8S2yC1OPD5yhnmND8tcpX3v2TU=
2023.4.11 06:08:24#result:RESULT>OK^RESULT_CODE>000^3DSECURE>SKIPPED^RRN>310106096084^APPROVAL_CODE>648336^CARD_NUMBER>999999*********9648^AMOUNT>252000^CARDNAME>mb account^DESCRIPTION>6MBM2008018^TRANS_DATE>2023-04-11 12:08:21 PM
2023.4.11 06:08:24#51731611060824
2023.4.11 06:08:24#51731611060824
2023.4.11 06:08:24#=================== Transaction Completed =======================
2023.4.11 06:12:25#---------------------- Complete New Transaction---------------------
2023.4.11 06:12:25#Get trans_id From Post Value:0DoNBwP3CqSXqU6dMhqPspmIHqo=
2023.4.11 06:12:25#clientIp:103.15.245.58
2023.4.11 06:12:25#trans_id:0DoNBwP3CqSXqU6dMhqPspmIHqo=
2023.4.11 06:12:27#result:RESULT>TIMEOUT^RESULT_CODE>999^3DSECURE>0^RRN>0^APPROVAL_CODE>0^CARD_NUMBER>0^AMOUNT>252000^CARDNAME>0^DESCRIPTION>6MBD2008275^TRANS_DATE>2023-04-11 12:12:25 PM
2023.4.11 06:12:27#Failed
2023.4.11 06:41:05#=================== Start New Transaction ===================
2023.4.11 06:41:05#txnrefnum:MBG2109138
2023.4.11 06:41:05#clientIp:103.140.176.150
2023.4.11 06:41:05#card type:6
2023.4.11 06:41:05#totalamount:252000
2023.4.11 06:41:08#result:TRANSACTION_ID:SLy4fa59Sz0o2iDcIV0iTob9cyo=
2023.4.11 06:41:08#Forward to DBBL Payment Gateway Page: https://ecom1.dutchbanglabank.com/ecomm2/ClientHandler?card_type=6&trans_id=SLy4fa59Sz0o2iDcIV0iTob9cyo%3D
2023.4.11 06:48:03#---------------------- Complete New Transaction---------------------
2023.4.11 06:48:03#Get trans_id From Post Value:SLy4fa59Sz0o2iDcIV0iTob9cyo=
2023.4.11 06:48:03#clientIp:103.140.176.150
2023.4.11 06:48:03#trans_id:SLy4fa59Sz0o2iDcIV0iTob9cyo=
2023.4.11 06:48:05#result:RESULT>TIMEOUT^RESULT_CODE>999^3DSECURE>0^RRN>0^APPROVAL_CODE>0^CARD_NUMBER>0^AMOUNT>252000^CARDNAME>0^DESCRIPTION>6MBG2109138^TRANS_DATE>2023-04-11 12:48:02 PM
2023.4.11 06:48:05#Failed
2023.4.11 06:51:03#=================== Start New Transaction ===================
2023.4.11 06:51:03#txnrefnum:MBG2109138
2023.4.11 06:51:03#clientIp:103.140.176.150
2023.4.11 06:51:03#card type:6
2023.4.11 06:51:03#totalamount:252000
2023.4.11 06:51:06#result:TRANSACTION_ID:UIv4UYR9d2j9JY0sZ9INJBHGY8k=
2023.4.11 06:51:06#Forward to DBBL Payment Gateway Page: https://ecom1.dutchbanglabank.com/ecomm2/ClientHandler?card_type=6&trans_id=UIv4UYR9d2j9JY0sZ9INJBHGY8k%3D
2023.4.11 06:53:12#---------------------- Complete New Transaction---------------------
2023.4.11 06:53:12#Get trans_id From Post Value:UIv4UYR9d2j9JY0sZ9INJBHGY8k=
2023.4.11 06:53:12#clientIp:103.140.176.150
2023.4.11 06:53:12#trans_id:UIv4UYR9d2j9JY0sZ9INJBHGY8k=
2023.4.11 06:53:14#result:RESULT>OK^RESULT_CODE>000^3DSECURE>SKIPPED^RRN>310106101988^APPROVAL_CODE>847045^CARD_NUMBER>999999*********3269^AMOUNT>252000^CARDNAME>mb account^DESCRIPTION>6MBG2109138^TRANS_DATE>2023-04-11 12:53:11 PM
2023.4.11 06:53:14#51753011065314
2023.4.11 06:53:14#51753011065314
2023.4.11 06:53:14#=================== Transaction Completed =======================
2023.4.11 07:01:14#---------------------- Complete New Transaction---------------------
2023.4.11 07:01:14#Get trans_id From Post Value:ca827WzPZbpDinSJWAQaSyPGi48=
2023.4.11 07:01:14#clientIp:103.229.83.178
2023.4.11 07:01:14#trans_id:ca827WzPZbpDinSJWAQaSyPGi48=
2023.4.11 07:01:16#result:RESULT>TIMEOUT^RESULT_CODE>999^3DSECURE>0^RRN>0^APPROVAL_CODE>0^CARD_NUMBER>0^AMOUNT>302000^CARDNAME>0^DESCRIPTION>6MBD2006358^TRANS_DATE>2023-04-11 01:01:12 PM
2023.4.11 07:01:16#Failed
2023.4.11 07:57:50#=================== Start New Transaction ===================
2023.4.11 07:57:50#txnrefnum:MSC23111015
2023.4.11 07:57:50#clientIp:103.168.207.85
2023.4.11 07:57:50#card type:6
2023.4.11 07:57:50#totalamount:192000
2023.4.11 07:57:53#result:TRANSACTION_ID:YVgEPRekkNuVMdx0riXxeM2YWQg=
2023.4.11 07:57:53#Forward to DBBL Payment Gateway Page: https://ecom1.dutchbanglabank.com/ecomm2/ClientHandler?card_type=6&trans_id=YVgEPRekkNuVMdx0riXxeM2YWQg%3D
2023.4.11 07:59:05#---------------------- Complete New Transaction---------------------
2023.4.11 07:59:05#Get trans_id From Post Value:YVgEPRekkNuVMdx0riXxeM2YWQg=
2023.4.11 07:59:05#clientIp:103.168.207.85
2023.4.11 07:59:05#trans_id:YVgEPRekkNuVMdx0riXxeM2YWQg=
2023.4.11 07:59:07#result:RESULT>OK^RESULT_CODE>000^3DSECURE>SKIPPED^RRN>310107109315^APPROVAL_CODE>284874^CARD_NUMBER>999999*********1612^AMOUNT>192000^CARDNAME>mb account^DESCRIPTION>6MSC23111015^TRANS_DATE>2023-04-11 01:59:04 PM
2023.4.11 07:59:07#51988811075907
2023.4.11 07:59:07#51988811075907
2023.4.11 07:59:07#51988811075907
2023.4.11 07:59:07#51988811075907
2023.4.11 07:59:07#=================== Transaction Completed =======================
2023.4.11 09:50:04#=================== Start New Transaction ===================
2023.4.11 09:50:04#txnrefnum:MBM2209330
2023.4.11 09:50:04#clientIp:103.140.176.150
2023.4.11 09:50:04#card type:6
2023.4.11 09:50:04#totalamount:802000
2023.4.11 09:50:08#result:TRANSACTION_ID:giTEi7ZSQ9FruVeYtNR4Qo0gjJA=
2023.4.11 09:50:08#Forward to DBBL Payment Gateway Page: https://ecom1.dutchbanglabank.com/ecomm2/ClientHandler?card_type=6&trans_id=giTEi7ZSQ9FruVeYtNR4Qo0gjJA%3D
2023.4.11 09:50:35#---------------------- Complete New Transaction---------------------
2023.4.11 09:50:35#Get trans_id From Post Value:giTEi7ZSQ9FruVeYtNR4Qo0gjJA=
2023.4.11 09:50:35#clientIp:103.140.176.150
2023.4.11 09:50:35#trans_id:giTEi7ZSQ9FruVeYtNR4Qo0gjJA=
2023.4.11 09:50:37#result:RESULT>OK^RESULT_CODE>000^3DSECURE>SKIPPED^RRN>310109121280^APPROVAL_CODE>906785^CARD_NUMBER>999999*********6179^AMOUNT>802000^CARDNAME>mb account^DESCRIPTION>6MBM2209330^TRANS_DATE>2023-04-11 03:50:34 PM
2023.4.11 09:50:37#20230311095037
2023.4.11 09:50:37#20230311095037
2023.4.11 09:50:37#20230311095037
2023.4.11 09:50:37#20230311095037
2023.4.11 09:50:37#20230311095037
2023.4.11 09:50:37#20230311095037
2023.4.11 09:50:37#=================== Transaction Completed =======================
2023.4.11 09:55:04#=================== Start New Transaction ===================
2023.4.11 09:55:04#txnrefnum:MBD2001114
2023.4.11 09:55:04#clientIp:103.29.124.122
2023.4.11 09:55:04#card type:6
2023.4.11 09:55:04#totalamount:102000
2023.4.11 09:55:06#result:TRANSACTION_ID:xHGFSORK3l0xiP8IJPeuKsKLnPU=
2023.4.11 09:55:07#Forward to DBBL Payment Gateway Page: https://ecom1.dutchbanglabank.com/ecomm2/ClientHandler?card_type=6&trans_id=xHGFSORK3l0xiP8IJPeuKsKLnPU%3D
2023.4.11 09:57:48#---------------------- Complete New Transaction---------------------
2023.4.11 09:57:48#Get trans_id From Post Value:xHGFSORK3l0xiP8IJPeuKsKLnPU=
2023.4.11 09:57:48#clientIp:103.29.124.122
2023.4.11 09:57:48#trans_id:xHGFSORK3l0xiP8IJPeuKsKLnPU=
2023.4.11 09:57:50#result:RESULT>OK^RESULT_CODE>000^3DSECURE>SKIPPED^RRN>310109122044^APPROVAL_CODE>957734^CARD_NUMBER>999999*********3221^AMOUNT>102000^CARDNAME>mb account^DESCRIPTION>6MBD2001114^TRANS_DATE>2023-04-11 03:57:47 PM
2023.4.11 09:57:50#46473611095750
2023.4.11 09:57:50#46473611095750
2023.4.11 09:57:50#=================== Transaction Completed =======================
2023.4.11 11:10:48#=================== Start New Transaction ===================
2023.4.11 11:10:48#txnrefnum:BBM2008171
2023.4.11 11:10:48#clientIp:103.166.89.144
2023.4.11 11:10:48#card type:6
2023.4.11 11:10:48#totalamount:252000
2023.4.11 11:10:51#result:TRANSACTION_ID:y2MdSXP1hi529eBna8KqXSThbQo=
2023.4.11 11:10:52#Forward to DBBL Payment Gateway Page: https://ecom1.dutchbanglabank.com/ecomm2/ClientHandler?card_type=6&trans_id=y2MdSXP1hi529eBna8KqXSThbQo%3D
2023.4.11 11:11:39#---------------------- Complete New Transaction---------------------
2023.4.11 11:11:39#Get trans_id From Post Value:y2MdSXP1hi529eBna8KqXSThbQo=
2023.4.11 11:11:39#clientIp:103.166.89.144
2023.4.11 11:11:39#trans_id:y2MdSXP1hi529eBna8KqXSThbQo=
2023.4.11 11:11:41#result:RESULT>OK^RESULT_CODE>000^3DSECURE>SKIPPED^RRN>310111129875^APPROVAL_CODE>372267^CARD_NUMBER>999999*********1332^AMOUNT>252000^CARDNAME>mb account^DESCRIPTION>6BBM2008171^TRANS_DATE>2023-04-11 05:11:38 PM
2023.4.11 11:11:41#51669011111141
2023.4.11 11:11:41#51669011111141
2023.4.11 11:11:41#=================== Transaction Completed =======================
2023.4.11 11:25:23#=================== Start New Transaction ===================
2023.4.11 11:25:23#txnrefnum:MSC22111288
2023.4.11 11:25:23#clientIp:37.111.200.56
2023.4.11 11:25:23#card type:6
2023.4.11 11:25:23#totalamount:608000
2023.4.11 11:25:26#result:TRANSACTION_ID:EDmlbBypLlFxJN8zTwUMWut1MoI=
2023.4.11 11:25:26#Forward to DBBL Payment Gateway Page: https://ecom1.dutchbanglabank.com/ecomm2/ClientHandler?card_type=6&trans_id=EDmlbBypLlFxJN8zTwUMWut1MoI%3D
2023.4.11 11:25:57#---------------------- Complete New Transaction---------------------
2023.4.11 11:25:57#Get trans_id From Post Value:EDmlbBypLlFxJN8zTwUMWut1MoI=
2023.4.11 11:25:57#clientIp:37.111.200.56
2023.4.11 11:25:57#trans_id:EDmlbBypLlFxJN8zTwUMWut1MoI=
2023.4.11 11:25:59#result:RESULT>OK^RESULT_CODE>000^3DSECURE>SKIPPED^RRN>310111131247^APPROVAL_CODE>292181^CARD_NUMBER>999999*********7653^AMOUNT>608000^CARDNAME>mb account^DESCRIPTION>6MSC22111288^TRANS_DATE>2023-04-11 05:25:56 PM
2023.4.11 11:25:59#33948411112559
2023.4.11 11:25:59#33948411112559
2023.4.11 11:25:59#33948411112559
2023.4.11 11:25:59#33948411112559
2023.4.11 11:25:59#33948411112559
2023.4.11 11:25:59#33948411112559
2023.4.11 11:25:59#33948411112559
2023.4.11 11:25:59#33948411112559
2023.4.11 11:25:59#33948411112559
2023.4.11 11:25:59#33948411112559
2023.4.11 11:25:59#=================== Transaction Completed =======================
2023.4.11 11:35:00#=================== Start New Transaction ===================
2023.4.11 11:35:00#txnrefnum:MSC23111049
2023.4.11 11:35:00#clientIp:103.172.216.1
2023.4.11 11:35:00#card type:6
2023.4.11 11:35:00#totalamount:184000
2023.4.11 11:35:02#result:TRANSACTION_ID:H66Egok25yNXDM15SKXN0qejQP8=
2023.4.11 11:35:03#Forward to DBBL Payment Gateway Page: https://ecom1.dutchbanglabank.com/ecomm2/ClientHandler?card_type=6&trans_id=H66Egok25yNXDM15SKXN0qejQP8%3D
2023.4.11 11:36:16#---------------------- Complete New Transaction---------------------
2023.4.11 11:36:16#Get trans_id From Post Value:H66Egok25yNXDM15SKXN0qejQP8=
2023.4.11 11:36:16#clientIp:103.172.216.1
2023.4.11 11:36:16#trans_id:H66Egok25yNXDM15SKXN0qejQP8=
2023.4.11 11:36:17#result:RESULT>OK^RESULT_CODE>000^3DSECURE>SKIPPED^RRN>310111132327^APPROVAL_CODE>559244^CARD_NUMBER>999999*********4840^AMOUNT>184000^CARDNAME>mb account^DESCRIPTION>6MSC23111049^TRANS_DATE>2023-04-11 05:36:14 PM
2023.4.11 11:36:17#52047511113617
2023.4.11 11:36:18#52047511113617
2023.4.11 11:36:18#52047511113617
2023.4.11 11:36:18#52047511113617
2023.4.11 11:36:18#=================== Transaction Completed =======================
2023.4.11 13:10:57#=================== Start New Transaction ===================
2023.4.11 13:10:57#txnrefnum:MBD2008277
2023.4.11 13:10:57#clientIp:103.29.124.122
2023.4.11 13:10:57#card type:6
2023.4.11 13:10:57#totalamount:252000
2023.4.11 13:11:00#result:TRANSACTION_ID:9lf4aVgTz0PGczbmeuqQCQH43Wg=
2023.4.11 13:11:00#Forward to DBBL Payment Gateway Page: https://ecom1.dutchbanglabank.com/ecomm2/ClientHandler?card_type=6&trans_id=9lf4aVgTz0PGczbmeuqQCQH43Wg%3D
2023.4.11 13:12:36#=================== Start New Transaction ===================
2023.4.11 13:12:36#txnrefnum:MBD2008277
2023.4.11 13:12:36#clientIp:103.29.124.121
2023.4.11 13:12:36#card type:6
2023.4.11 13:12:36#totalamount:252000
2023.4.11 13:12:39#result:TRANSACTION_ID:upgUcHcWWbTYVJD1or1FpCobTnk=
2023.4.11 13:12:39#Forward to DBBL Payment Gateway Page: https://ecom1.dutchbanglabank.com/ecomm2/ClientHandler?card_type=6&trans_id=upgUcHcWWbTYVJD1or1FpCobTnk%3D
2023.4.11 13:16:06#=================== Start New Transaction ===================
2023.4.11 13:16:06#txnrefnum:MBD2008278
2023.4.11 13:16:06#clientIp:37.111.212.99
2023.4.11 13:16:06#card type:6
2023.4.11 13:16:06#totalamount:252000
2023.4.11 13:16:09#result:TRANSACTION_ID:F3pe1bDY0ZbNpygGLKyLBVyDlF8=
2023.4.11 13:16:09#Forward to DBBL Payment Gateway Page: https://ecom1.dutchbanglabank.com/ecomm2/ClientHandler?card_type=6&trans_id=F3pe1bDY0ZbNpygGLKyLBVyDlF8%3D
2023.4.11 13:17:15#---------------------- Complete New Transaction---------------------
2023.4.11 13:17:15#Get trans_id From Post Value:F3pe1bDY0ZbNpygGLKyLBVyDlF8=
2023.4.11 13:17:15#clientIp:37.111.212.99
2023.4.11 13:17:15#trans_id:F3pe1bDY0ZbNpygGLKyLBVyDlF8=
2023.4.11 13:17:17#result:RESULT>OK^RESULT_CODE>000^3DSECURE>SKIPPED^RRN>310113139365^APPROVAL_CODE>153721^CARD_NUMBER>999999*********3260^AMOUNT>252000^CARDNAME>mb account^DESCRIPTION>6MBD2008278^TRANS_DATE>2023-04-11 07:17:14 PM
2023.4.11 13:17:17#51686311011717
2023.4.11 13:17:17#51686311011717
2023.4.11 13:17:17#=================== Transaction Completed =======================
2023.4.11 13:29:17#=================== Start New Transaction ===================
2023.4.11 13:29:17#txnrefnum:MBD2008277
2023.4.11 13:29:17#clientIp:118.179.82.161
2023.4.11 13:29:17#card type:6
2023.4.11 13:29:17#totalamount:252000
2023.4.11 13:29:20#result:TRANSACTION_ID:i9yHetKjHi2mkKPUd1L1LCSrqQw=
2023.4.11 13:29:20#Forward to DBBL Payment Gateway Page: https://ecom1.dutchbanglabank.com/ecomm2/ClientHandler?card_type=6&trans_id=i9yHetKjHi2mkKPUd1L1LCSrqQw%3D
2023.4.11 13:30:07#=================== Start New Transaction ===================
2023.4.11 13:30:07#txnrefnum:MBD2008277
2023.4.11 13:30:07#clientIp:118.179.82.161
2023.4.11 13:30:07#card type:6
2023.4.11 13:30:07#totalamount:252000
2023.4.11 13:30:10#result:TRANSACTION_ID:vMpsWUgsIMPwvUwSsqdfST1liok=
2023.4.11 13:30:10#Forward to DBBL Payment Gateway Page: https://ecom1.dutchbanglabank.com/ecomm2/ClientHandler?card_type=6&trans_id=vMpsWUgsIMPwvUwSsqdfST1liok%3D
2023.4.11 13:32:37#=================== Start New Transaction ===================
2023.4.11 13:32:37#txnrefnum:MBD2008277
2023.4.11 13:32:37#clientIp:118.179.82.161
2023.4.11 13:32:37#card type:6
2023.4.11 13:32:37#totalamount:252000
2023.4.11 13:32:40#=================== Start New Transaction ===================
2023.4.11 13:32:40#txnrefnum:MBD2008277
2023.4.11 13:32:40#clientIp:118.179.82.161
2023.4.11 13:32:40#card type:6
2023.4.11 13:32:40#totalamount:252000
2023.4.11 13:32:40#result:TRANSACTION_ID:az1EnszDcGtrr4R5Efch6crZU0k=
2023.4.11 13:32:40#Forward to DBBL Payment Gateway Page: https://ecom1.dutchbanglabank.com/ecomm2/ClientHandler?card_type=6&trans_id=az1EnszDcGtrr4R5Efch6crZU0k%3D
2023.4.11 13:32:43#result:TRANSACTION_ID:f7eWtch1hO11ePBgb9FPPk4nkhE=
2023.4.11 13:32:43#Forward to DBBL Payment Gateway Page: https://ecom1.dutchbanglabank.com/ecomm2/ClientHandler?card_type=6&trans_id=f7eWtch1hO11ePBgb9FPPk4nkhE%3D
2023.4.11 13:43:47#=================== Start New Transaction ===================
2023.4.11 13:43:47#txnrefnum:MBM2001105
2023.4.11 13:43:47#clientIp:103.143.138.44
2023.4.11 13:43:47#card type:6
2023.4.11 13:43:47#totalamount:722000
2023.4.11 13:43:50#result:TRANSACTION_ID:HRWexbgga3KTZmImYZ20Qs4NDWU=
2023.4.11 13:43:50#Forward to DBBL Payment Gateway Page: https://ecom1.dutchbanglabank.com/ecomm2/ClientHandler?card_type=6&trans_id=HRWexbgga3KTZmImYZ20Qs4NDWU%3D
2023.4.11 13:44:51#---------------------- Complete New Transaction---------------------
2023.4.11 13:44:51#Get trans_id From Post Value:HRWexbgga3KTZmImYZ20Qs4NDWU=
2023.4.11 13:44:51#clientIp:103.143.138.44
2023.4.11 13:44:51#trans_id:HRWexbgga3KTZmImYZ20Qs4NDWU=
2023.4.11 13:44:52#result:RESULT>OK^RESULT_CODE>000^3DSECURE>SKIPPED^RRN>310113142406^APPROVAL_CODE>383531^CARD_NUMBER>999999*********9920^AMOUNT>722000^CARDNAME>mb account^DESCRIPTION>6MBM2001105^TRANS_DATE>2023-04-11 07:44:50 PM
2023.4.11 13:44:52#36533711014452
2023.4.11 13:44:53#36533711014452
2023.4.11 13:44:53#36533711014452
2023.4.11 13:44:53#36533711014452
2023.4.11 13:44:53#=================== Transaction Completed =======================
2023.4.11 13:50:13#=================== Start New Transaction ===================
2023.4.11 13:50:13#txnrefnum:MBD2008277
2023.4.11 13:50:13#clientIp:118.179.82.161
2023.4.11 13:50:13#card type:6
2023.4.11 13:50:13#totalamount:252000
2023.4.11 13:50:16#result:TRANSACTION_ID:0h2Vr8HeA7Aa3EoUB6G4Nm9Atwc=
2023.4.11 13:50:16#=================== Start New Transaction ===================
2023.4.11 13:50:16#txnrefnum:MBD2008277
2023.4.11 13:50:16#clientIp:118.179.82.161
2023.4.11 13:50:16#card type:6
2023.4.11 13:50:16#totalamount:252000
2023.4.11 13:50:16#Forward to DBBL Payment Gateway Page: https://ecom1.dutchbanglabank.com/ecomm2/ClientHandler?card_type=6&trans_id=0h2Vr8HeA7Aa3EoUB6G4Nm9Atwc%3D
2023.4.11 13:50:16#=================== Start New Transaction ===================
2023.4.11 13:50:16#txnrefnum:MBD2008277
2023.4.11 13:50:16#clientIp:118.179.82.161
2023.4.11 13:50:16#card type:6
2023.4.11 13:50:16#totalamount:252000
2023.4.11 13:50:19#result:TRANSACTION_ID:PJB5quAGPIAMz7roPyKHSE0x8UE=
2023.4.11 13:50:19#Forward to DBBL Payment Gateway Page: https://ecom1.dutchbanglabank.com/ecomm2/ClientHandler?card_type=6&trans_id=PJB5quAGPIAMz7roPyKHSE0x8UE%3D
2023.4.11 13:50:19#result:TRANSACTION_ID:fVvZSwW8LmEAXtDStvW5HibwQV0=
2023.4.11 13:50:19#Forward to DBBL Payment Gateway Page: https://ecom1.dutchbanglabank.com/ecomm2/ClientHandler?card_type=6&trans_id=fVvZSwW8LmEAXtDStvW5HibwQV0%3D
2023.4.11 13:50:32#=================== Start New Transaction ===================
2023.4.11 13:50:32#txnrefnum:BBD2309046
2023.4.11 13:50:32#clientIp:103.183.69.52
2023.4.11 13:50:32#card type:6
2023.4.11 13:50:32#totalamount:102000
2023.4.11 13:50:35#result:TRANSACTION_ID:SBV0wzMe71riaEf1WvRVe6jIgP8=
2023.4.11 13:50:35#Forward to DBBL Payment Gateway Page: https://ecom1.dutchbanglabank.com/ecomm2/ClientHandler?card_type=6&trans_id=SBV0wzMe71riaEf1WvRVe6jIgP8%3D
2023.4.11 13:50:55#---------------------- Complete New Transaction---------------------
2023.4.11 13:50:55#Get trans_id From Post Value:fVvZSwW8LmEAXtDStvW5HibwQV0=
2023.4.11 13:50:55#clientIp:118.179.82.161
2023.4.11 13:50:55#trans_id:fVvZSwW8LmEAXtDStvW5HibwQV0=
2023.4.11 13:50:56#result:RESULT>OK^RESULT_CODE>000^3DSECURE>SKIPPED^RRN>310113143113^APPROVAL_CODE>428539^CARD_NUMBER>999999*********3260^AMOUNT>252000^CARDNAME>mb account^DESCRIPTION>6MBD2008277^TRANS_DATE>2023-04-11 07:50:54 PM
2023.4.11 13:50:56#51686211015056
2023.4.11 13:50:57#51686211015056
2023.4.11 13:50:57#=================== Transaction Completed =======================
2023.4.11 13:51:35#=================== Start New Transaction ===================
2023.4.11 13:51:35#txnrefnum:MBB2109104
2023.4.11 13:51:35#clientIp:103.144.201.32
2023.4.11 13:51:35#card type:6
2023.4.11 13:51:35#totalamount:252000
2023.4.11 13:51:38#result:TRANSACTION_ID:NyKLaKJh4k7MODh7pX6sTiSSYko=
2023.4.11 13:51:38#Forward to DBBL Payment Gateway Page: https://ecom1.dutchbanglabank.com/ecomm2/ClientHandler?card_type=6&trans_id=NyKLaKJh4k7MODh7pX6sTiSSYko%3D
2023.4.11 13:53:40#---------------------- Complete New Transaction---------------------
2023.4.11 13:53:40#Get trans_id From Post Value:NyKLaKJh4k7MODh7pX6sTiSSYko=
2023.4.11 13:53:40#clientIp:103.144.201.32
2023.4.11 13:53:40#trans_id:NyKLaKJh4k7MODh7pX6sTiSSYko=
2023.4.11 13:53:42#result:RESULT>OK^RESULT_CODE>000^3DSECURE>SKIPPED^RRN>310113143420^APPROVAL_CODE>460525^CARD_NUMBER>999999*********8981^AMOUNT>252000^CARDNAME>mb account^DESCRIPTION>6MBB2109104^TRANS_DATE>2023-04-11 07:53:39 PM
2023.4.11 13:53:42#51716011015342
2023.4.11 13:53:42#51716011015342
2023.4.11 13:53:42#=================== Transaction Completed =======================
2023.4.11 13:54:12#=================== Start New Transaction ===================
2023.4.11 13:54:12#txnrefnum:BBD2309046
2023.4.11 13:54:12#clientIp:103.183.69.52
2023.4.11 13:54:12#card type:6
2023.4.11 13:54:12#totalamount:102000
2023.4.11 13:54:15#result:TRANSACTION_ID:2pUPSYiF19ipSNzu15bvbDwbBvo=
2023.4.11 13:54:15#Forward to DBBL Payment Gateway Page: https://ecom1.dutchbanglabank.com/ecomm2/ClientHandler?card_type=6&trans_id=2pUPSYiF19ipSNzu15bvbDwbBvo%3D
2023.4.11 14:13:11#=================== Start New Transaction ===================
2023.4.11 14:13:11#txnrefnum:BBD2309046
2023.4.11 14:13:11#clientIp:103.183.69.52
2023.4.11 14:13:11#card type:6
2023.4.11 14:13:11#totalamount:102000
2023.4.11 14:13:14#result:TRANSACTION_ID:ikYSVnK2EHN8QQhxRqMC1JpKWPs=
2023.4.11 14:13:14#Forward to DBBL Payment Gateway Page: https://ecom1.dutchbanglabank.com/ecomm2/ClientHandler?card_type=6&trans_id=ikYSVnK2EHN8QQhxRqMC1JpKWPs%3D
2023.4.11 14:13:15#=================== Start New Transaction ===================
2023.4.11 14:13:15#txnrefnum:BBD2309046
2023.4.11 14:13:15#clientIp:103.183.69.52
2023.4.11 14:13:15#card type:6
2023.4.11 14:13:15#totalamount:102000
2023.4.11 14:13:17#=================== Start New Transaction ===================
2023.4.11 14:13:17#txnrefnum:BBD2309046
2023.4.11 14:13:17#clientIp:103.183.69.52
2023.4.11 14:13:17#card type:6
2023.4.11 14:13:17#totalamount:102000
2023.4.11 14:13:18#result:TRANSACTION_ID:GtMPBVI0hiJYjITPlKBqf5opB3k=
2023.4.11 14:13:18#Forward to DBBL Payment Gateway Page: https://ecom1.dutchbanglabank.com/ecomm2/ClientHandler?card_type=6&trans_id=GtMPBVI0hiJYjITPlKBqf5opB3k%3D
2023.4.11 14:13:20#result:TRANSACTION_ID:iLfrLWH8bzrkfB8uOnWLV5M9Jew=
2023.4.11 14:13:20#Forward to DBBL Payment Gateway Page: https://ecom1.dutchbanglabank.com/ecomm2/ClientHandler?card_type=6&trans_id=iLfrLWH8bzrkfB8uOnWLV5M9Jew%3D
2023.4.11 14:14:20#---------------------- Complete New Transaction---------------------
2023.4.11 14:14:20#Get trans_id From Post Value:iLfrLWH8bzrkfB8uOnWLV5M9Jew=
2023.4.11 14:14:20#clientIp:103.183.69.52
2023.4.11 14:14:20#trans_id:iLfrLWH8bzrkfB8uOnWLV5M9Jew=
2023.4.11 14:14:22#result:RESULT>OK^RESULT_CODE>000^3DSECURE>SKIPPED^RRN>310114145582^APPROVAL_CODE>625724^CARD_NUMBER>999999*********6186^AMOUNT>102000^CARDNAME>mb account^DESCRIPTION>6BBD2309046^TRANS_DATE>2023-04-11 08:14:19 PM
2023.4.11 14:14:22#40765211021422
2023.4.11 14:14:22#40765211021422
2023.4.11 14:14:22#=================== Transaction Completed =======================
2023.4.11 14:16:57#=================== Start New Transaction ===================
2023.4.11 14:16:57#txnrefnum:BBM2305005
2023.4.11 14:16:57#clientIp:103.183.69.52
2023.4.11 14:16:57#card type:6
2023.4.11 14:16:57#totalamount:102000
2023.4.11 14:17:00#result:TRANSACTION_ID:SphhZGIhHwnUOjLJWCXGPYj3tKw=
2023.4.11 14:17:01#Forward to DBBL Payment Gateway Page: https://ecom1.dutchbanglabank.com/ecomm2/ClientHandler?card_type=6&trans_id=SphhZGIhHwnUOjLJWCXGPYj3tKw%3D
2023.4.11 14:17:01#=================== Start New Transaction ===================
2023.4.11 14:17:01#txnrefnum:BBM2305005
2023.4.11 14:17:01#clientIp:103.183.69.52
2023.4.11 14:17:01#card type:6
2023.4.11 14:17:01#totalamount:102000
2023.4.11 14:17:04#result:TRANSACTION_ID:S1d7Fg1vFKVUhEsjshFvOHnBwcc=
2023.4.11 14:17:04#Forward to DBBL Payment Gateway Page: https://ecom1.dutchbanglabank.com/ecomm2/ClientHandler?card_type=6&trans_id=S1d7Fg1vFKVUhEsjshFvOHnBwcc%3D
2023.4.11 14:17:05#=================== Start New Transaction ===================
2023.4.11 14:17:05#txnrefnum:BBM2305005
2023.4.11 14:17:05#clientIp:103.183.69.52
2023.4.11 14:17:05#card type:6
2023.4.11 14:17:05#totalamount:102000
2023.4.11 14:17:07#=================== Start New Transaction ===================
2023.4.11 14:17:07#txnrefnum:BBM2305005
2023.4.11 14:17:07#clientIp:103.183.69.52
2023.4.11 14:17:07#card type:6
2023.4.11 14:17:07#totalamount:102000
2023.4.11 14:17:08#result:TRANSACTION_ID:WSdp3OyWFxrePUlqFL0crNbMAPo=
2023.4.11 14:17:08#Forward to DBBL Payment Gateway Page: https://ecom1.dutchbanglabank.com/ecomm2/ClientHandler?card_type=6&trans_id=WSdp3OyWFxrePUlqFL0crNbMAPo%3D
2023.4.11 14:17:10#result:TRANSACTION_ID:SQvF1EPLqSDS4anXykB48A9eRbM=
2023.4.11 14:17:10#Forward to DBBL Payment Gateway Page: https://ecom1.dutchbanglabank.com/ecomm2/ClientHandler?card_type=6&trans_id=SQvF1EPLqSDS4anXykB48A9eRbM%3D
2023.4.11 14:17:11#=================== Start New Transaction ===================
2023.4.11 14:17:11#txnrefnum:BBM2305005
2023.4.11 14:17:11#clientIp:103.183.69.52
2023.4.11 14:17:11#card type:6
2023.4.11 14:17:11#totalamount:102000
2023.4.11 14:17:14#result:TRANSACTION_ID:hFJQWBLJ3QgzpwGWjXqWMUzHaf0=
2023.4.11 14:17:14#Forward to DBBL Payment Gateway Page: https://ecom1.dutchbanglabank.com/ecomm2/ClientHandler?card_type=6&trans_id=hFJQWBLJ3QgzpwGWjXqWMUzHaf0%3D
2023.4.11 14:17:14#=================== Start New Transaction ===================
2023.4.11 14:17:14#txnrefnum:BBM2305005
2023.4.11 14:17:14#clientIp:103.183.69.52
2023.4.11 14:17:14#card type:6
2023.4.11 14:17:14#totalamount:102000
2023.4.11 14:17:17#result:TRANSACTION_ID:S7xYwkPgU6P0sTygxRXbErbQvEk=
2023.4.11 14:17:17#Forward to DBBL Payment Gateway Page: https://ecom1.dutchbanglabank.com/ecomm2/ClientHandler?card_type=6&trans_id=S7xYwkPgU6P0sTygxRXbErbQvEk%3D
2023.4.11 14:18:57#---------------------- Complete New Transaction---------------------
2023.4.11 14:18:57#Get trans_id From Post Value:S7xYwkPgU6P0sTygxRXbErbQvEk=
2023.4.11 14:18:57#clientIp:103.183.69.52
2023.4.11 14:18:57#trans_id:S7xYwkPgU6P0sTygxRXbErbQvEk=
2023.4.11 14:18:58#result:RESULT>OK^RESULT_CODE>000^3DSECURE>SKIPPED^RRN>310114146069^APPROVAL_CODE>663013^CARD_NUMBER>999999*********6186^AMOUNT>102000^CARDNAME>mb account^DESCRIPTION>6BBM2305005^TRANS_DATE>2023-04-11 08:18:54 PM
2023.4.11 14:18:58#48116411021858
2023.4.11 14:18:59#48116411021858
2023.4.11 14:18:59#=================== Transaction Completed =======================
2023.4.11 14:47:52#=================== Start New Transaction ===================
2023.4.11 14:47:52#txnrefnum:MBM2006065
2023.4.11 14:47:52#clientIp:103.177.243.4
2023.4.11 14:47:52#card type:6
2023.4.11 14:47:52#totalamount:202000
2023.4.11 14:47:55#result:TRANSACTION_ID:a8e6hHDaQSPfRAfJLQJE4pGGERU=
2023.4.11 14:47:55#Forward to DBBL Payment Gateway Page: https://ecom1.dutchbanglabank.com/ecomm2/ClientHandler?card_type=6&trans_id=a8e6hHDaQSPfRAfJLQJE4pGGERU%3D
2023.4.11 14:49:55#---------------------- Complete New Transaction---------------------
2023.4.11 14:49:55#Get trans_id From Post Value:a8e6hHDaQSPfRAfJLQJE4pGGERU=
2023.4.11 14:49:55#clientIp:103.177.243.4
2023.4.11 14:49:55#trans_id:a8e6hHDaQSPfRAfJLQJE4pGGERU=
2023.4.11 14:49:57#result:RESULT>OK^RESULT_CODE>000^3DSECURE>SKIPPED^RRN>310114148950^APPROVAL_CODE>828330^CARD_NUMBER>999999*********1324^AMOUNT>202000^CARDNAME>mb account^DESCRIPTION>6MBM2006065^TRANS_DATE>2023-04-11 08:49:54 PM
2023.4.11 14:49:57#39512111024957
2023.4.11 14:49:57#39512111024957
2023.4.11 14:49:57#39512111024957
2023.4.11 14:49:57#39512111024957
2023.4.11 14:49:57#=================== Transaction Completed =======================
2023.4.11 16:34:34#=================== Start New Transaction ===================
2023.4.11 16:34:34#txnrefnum:BBD2307040
2023.4.11 16:34:34#clientIp:103.25.120.224
2023.4.11 16:34:34#card type:6
2023.4.11 16:34:34#totalamount:202000
2023.4.11 16:34:37#result:TRANSACTION_ID:jnbYEIx3VJ6z1jWVWa1fKlOHJtk=
2023.4.11 16:34:38#Forward to DBBL Payment Gateway Page: https://ecom1.dutchbanglabank.com/ecomm2/ClientHandler?card_type=6&trans_id=jnbYEIx3VJ6z1jWVWa1fKlOHJtk%3D
2023.4.11 16:35:36#---------------------- Complete New Transaction---------------------
2023.4.11 16:35:36#Get trans_id From Post Value:jnbYEIx3VJ6z1jWVWa1fKlOHJtk=
2023.4.11 16:35:36#clientIp:103.25.120.224
2023.4.11 16:35:36#trans_id:jnbYEIx3VJ6z1jWVWa1fKlOHJtk=
2023.4.11 16:35:38#result:RESULT>OK^RESULT_CODE>000^3DSECURE>SKIPPED^RRN>310116157949^APPROVAL_CODE>475832^CARD_NUMBER>999999*********3009^AMOUNT>202000^CARDNAME>mb account^DESCRIPTION>6BBD2307040^TRANS_DATE>2023-04-11 10:35:35 PM
2023.4.11 16:35:38#44218511043538
2023.4.11 16:35:38#44218511043538
2023.4.11 16:35:38#44218511043538
2023.4.11 16:35:38#44218511043538
2023.4.11 16:35:38#=================== Transaction Completed =======================
2023.4.11 17:23:21#=================== Start New Transaction ===================
2023.4.11 17:23:21#txnrefnum:MBM2007001
2023.4.11 17:23:21#clientIp:202.134.14.156
2023.4.11 17:23:21#card type:6
2023.4.11 17:23:21#totalamount:222000
2023.4.11 17:23:24#result:TRANSACTION_ID:PZRd5W6SP97gnT1fa3NK9Ir3jEk=
2023.4.11 17:23:24#Forward to DBBL Payment Gateway Page: https://ecom1.dutchbanglabank.com/ecomm2/ClientHandler?card_type=6&trans_id=PZRd5W6SP97gnT1fa3NK9Ir3jEk%3D
2023.4.11 17:25:43#=================== Start New Transaction ===================
2023.4.11 17:25:43#txnrefnum:MBM2007001
2023.4.11 17:25:43#clientIp:202.134.14.156
2023.4.11 17:25:43#card type:6
2023.4.11 17:25:43#totalamount:222000
2023.4.11 17:25:45#result:TRANSACTION_ID:8irCzCj8jSmiLU7KkUmiXmEtEt8=
2023.4.11 17:25:46#Forward to DBBL Payment Gateway Page: https://ecom1.dutchbanglabank.com/ecomm2/ClientHandler?card_type=6&trans_id=8irCzCj8jSmiLU7KkUmiXmEtEt8%3D
2023.4.11 17:28:15#=================== Start New Transaction ===================
2023.4.11 17:28:15#txnrefnum:MBM2007001
2023.4.11 17:28:15#clientIp:202.134.14.156
2023.4.11 17:28:15#card type:6
2023.4.11 17:28:15#totalamount:222000
2023.4.11 17:28:18#result:TRANSACTION_ID:6j48pK8RuaXVHI3Rgh7YA2a81wA=
2023.4.11 17:28:18#Forward to DBBL Payment Gateway Page: https://ecom1.dutchbanglabank.com/ecomm2/ClientHandler?card_type=6&trans_id=6j48pK8RuaXVHI3Rgh7YA2a81wA%3D
2023.4.11 17:29:34#---------------------- Complete New Transaction---------------------
2023.4.11 17:29:34#Get trans_id From Post Value:6j48pK8RuaXVHI3Rgh7YA2a81wA=
2023.4.11 17:29:34#clientIp:202.134.14.156
2023.4.11 17:29:34#trans_id:6j48pK8RuaXVHI3Rgh7YA2a81wA=
2023.4.11 17:29:36#result:RESULT>OK^RESULT_CODE>000^3DSECURE>SKIPPED^RRN>310117161329^APPROVAL_CODE>718516^CARD_NUMBER>999999*********0678^AMOUNT>222000^CARDNAME>mb account^DESCRIPTION>6MBM2007001^TRANS_DATE>2023-04-11 11:29:33 PM
2023.4.11 17:29:36#37245011052936
2023.4.11 17:29:36#37245011052936
2023.4.11 17:29:36#=================== Transaction Completed =======================
2023.4.11 17:42:59#=================== Start New Transaction ===================
2023.4.11 17:42:59#txnrefnum:MBD2301057
2023.4.11 17:42:59#clientIp:103.67.158.216
2023.4.11 17:42:59#card type:6
2023.4.11 17:42:59#totalamount:132000
2023.4.11 17:43:02#result:TRANSACTION_ID:9am8j8odiM1ubqkS0KU0RR8FxJM=
2023.4.11 17:43:02#Forward to DBBL Payment Gateway Page: https://ecom1.dutchbanglabank.com/ecomm2/ClientHandler?card_type=6&trans_id=9am8j8odiM1ubqkS0KU0RR8FxJM%3D
2023.4.11 17:43:03#=================== Start New Transaction ===================
2023.4.11 17:43:03#txnrefnum:MBD2301057
2023.4.11 17:43:03#clientIp:103.67.158.216
2023.4.11 17:43:03#card type:6
2023.4.11 17:43:03#totalamount:132000
2023.4.11 17:43:06#result:TRANSACTION_ID:Ddajllp4mlDeeo7OOYP1biBGDjU=
2023.4.11 17:43:06#Forward to DBBL Payment Gateway Page: https://ecom1.dutchbanglabank.com/ecomm2/ClientHandler?card_type=6&trans_id=Ddajllp4mlDeeo7OOYP1biBGDjU%3D
2023.4.11 17:43:51#---------------------- Complete New Transaction---------------------
2023.4.11 17:43:51#Get trans_id From Post Value:Ddajllp4mlDeeo7OOYP1biBGDjU=
2023.4.11 17:43:51#clientIp:103.67.158.216
2023.4.11 17:43:51#trans_id:Ddajllp4mlDeeo7OOYP1biBGDjU=
2023.4.11 17:43:53#result:RESULT>OK^RESULT_CODE>000^3DSECURE>SKIPPED^RRN>310117161978^APPROVAL_CODE>730830^CARD_NUMBER>999999*********6330^AMOUNT>132000^CARDNAME>mb account^DESCRIPTION>6MBD2301057^TRANS_DATE>2023-04-11 11:43:50 PM
2023.4.11 17:43:53#48362411054353
2023.4.11 17:43:53#48362411054353
2023.4.11 17:43:53#=================== Transaction Completed =======================
2023.4.11 17:53:41#=================== Start New Transaction ===================
2023.4.11 17:53:41#txnrefnum:BBM2306089
2023.4.11 17:53:41#clientIp:103.89.24.39
2023.4.11 17:53:41#card type:6
2023.4.11 17:53:41#totalamount:2000
2023.4.11 17:53:44#result:TRANSACTION_ID:VVfZsb1Ck6mzuTpmT6QU8CPHVZE=
2023.4.11 17:53:44#Forward to DBBL Payment Gateway Page: https://ecom1.dutchbanglabank.com/ecomm2/ClientHandler?card_type=6&trans_id=VVfZsb1Ck6mzuTpmT6QU8CPHVZE%3D
2023.4.11 17:54:43#=================== Start New Transaction ===================
2023.4.11 17:54:43#txnrefnum:BBM2306089
2023.4.11 17:54:43#clientIp:103.89.24.39
2023.4.11 17:54:43#card type:6
2023.4.11 17:54:43#totalamount:102000
2023.4.11 17:54:46#result:TRANSACTION_ID:Uzy4yaS1kFahYQymJRU8l2SaYtI=
2023.4.11 17:54:46#Forward to DBBL Payment Gateway Page: https://ecom1.dutchbanglabank.com/ecomm2/ClientHandler?card_type=6&trans_id=Uzy4yaS1kFahYQymJRU8l2SaYtI%3D
2023.4.11 17:55:29#---------------------- Complete New Transaction---------------------
2023.4.11 17:55:29#Get trans_id From Post Value:Uzy4yaS1kFahYQymJRU8l2SaYtI=
2023.4.11 17:55:29#clientIp:103.89.24.39
2023.4.11 17:55:29#trans_id:Uzy4yaS1kFahYQymJRU8l2SaYtI=
2023.4.11 17:55:31#result:RESULT>OK^RESULT_CODE>000^3DSECURE>SKIPPED^RRN>310117162509^APPROVAL_CODE>642298^CARD_NUMBER>999999*********4538^AMOUNT>102000^CARDNAME>mb account^DESCRIPTION>6BBM2306089^TRANS_DATE>2023-04-11 11:55:28 PM
2023.4.11 17:55:31#53211411055531
2023.4.11 17:55:31#53211411055531
2023.4.11 17:55:31#=================== Transaction Completed =======================