
2023.4.10 03:39:26#=================== Start New Transaction ===================
2023.4.10 03:39:26#txnrefnum:MBM2008204
2023.4.10 03:39:26#clientIp:202.134.10.138
2023.4.10 03:39:26#card type:6
2023.4.10 03:39:26#totalamount:252000
2023.4.10 03:39:30#result:TRANSACTION_ID:KxcLk8BtvUbfE25Sbm6cg4ZYD4o=
2023.4.10 03:39:30#Forward to DBBL Payment Gateway Page: https://ecom1.dutchbanglabank.com/ecomm2/ClientHandler?card_type=6&trans_id=KxcLk8BtvUbfE25Sbm6cg4ZYD4o%3D
2023.4.10 03:40:12#---------------------- Complete New Transaction---------------------
2023.4.10 03:40:12#Get trans_id From Post Value:KxcLk8BtvUbfE25Sbm6cg4ZYD4o=
2023.4.10 03:40:12#clientIp:202.134.10.138
2023.4.10 03:40:12#trans_id:KxcLk8BtvUbfE25Sbm6cg4ZYD4o=
2023.4.10 03:40:14#result:RESULT>OK^RESULT_CODE>000^3DSECURE>SKIPPED^RRN>310003979555^APPROVAL_CODE>662363^CARD_NUMBER>999999*********7532^AMOUNT>252000^CARDNAME>mb account^DESCRIPTION>6MBM2008204^TRANS_DATE>2023-04-10 09:40:11 AM
2023.4.10 03:40:14#51766810034014
2023.4.10 03:40:14#51766810034014
2023.4.10 03:40:14#=================== Transaction Completed =======================
2023.4.10 03:57:22#=================== Start New Transaction ===================
2023.4.10 03:57:22#txnrefnum:MBB2109042
2023.4.10 03:57:22#clientIp:202.134.10.138
2023.4.10 03:57:22#card type:6
2023.4.10 03:57:22#totalamount:252000
2023.4.10 03:57:25#result:TRANSACTION_ID:qzQrrzUtdQcFMolFclxuSUlcoE8=
2023.4.10 03:57:25#Forward to DBBL Payment Gateway Page: https://ecom1.dutchbanglabank.com/ecomm2/ClientHandler?card_type=6&trans_id=qzQrrzUtdQcFMolFclxuSUlcoE8%3D
2023.4.10 03:57:41#---------------------- Complete New Transaction---------------------
2023.4.10 03:57:41#Get trans_id From Post Value:qzQrrzUtdQcFMolFclxuSUlcoE8=
2023.4.10 03:57:41#clientIp:202.134.10.138
2023.4.10 03:57:41#trans_id:qzQrrzUtdQcFMolFclxuSUlcoE8=
2023.4.10 03:57:43#result:RESULT>OK^RESULT_CODE>000^3DSECURE>SKIPPED^RRN>310003981267^APPROVAL_CODE>690450^CARD_NUMBER>999999*********7532^AMOUNT>252000^CARDNAME>mb account^DESCRIPTION>6MBB2109042^TRANS_DATE>2023-04-10 09:57:40 AM
2023.4.10 03:57:43#51711010035743
2023.4.10 03:57:43#51711010035743
2023.4.10 03:57:43#=================== Transaction Completed =======================
2023.4.10 04:04:41#=================== Start New Transaction ===================
2023.4.10 04:04:41#txnrefnum:MBG2103120
2023.4.10 04:04:41#clientIp:202.134.10.138
2023.4.10 04:04:41#card type:6
2023.4.10 04:04:41#totalamount:302000
2023.4.10 04:04:44#result:TRANSACTION_ID:86lz5vJzOqzXMDmaUV33eUuu03w=
2023.4.10 04:04:44#Forward to DBBL Payment Gateway Page: https://ecom1.dutchbanglabank.com/ecomm2/ClientHandler?card_type=6&trans_id=86lz5vJzOqzXMDmaUV33eUuu03w%3D
2023.4.10 04:06:13#---------------------- Complete New Transaction---------------------
2023.4.10 04:06:13#Get trans_id From Post Value:86lz5vJzOqzXMDmaUV33eUuu03w=
2023.4.10 04:06:13#clientIp:202.134.10.138
2023.4.10 04:06:13#trans_id:86lz5vJzOqzXMDmaUV33eUuu03w=
2023.4.10 04:06:15#result:RESULT>OK^RESULT_CODE>000^3DSECURE>SKIPPED^RRN>310004982044^APPROVAL_CODE>738659^CARD_NUMBER>999999*********7532^AMOUNT>302000^CARDNAME>mb account^DESCRIPTION>6MBG2103120^TRANS_DATE>2023-04-10 10:06:11 AM
2023.4.10 04:06:15#47937310040615
2023.4.10 04:06:15#47937310040615
2023.4.10 04:06:15#47937310040615
2023.4.10 04:06:15#47937310040615
2023.4.10 04:06:15#47937310040615
2023.4.10 04:06:15#47937310040615
2023.4.10 04:06:15#=================== Transaction Completed =======================
2023.4.10 04:18:28#=================== Start New Transaction ===================
2023.4.10 04:18:28#txnrefnum:MBB2105073
2023.4.10 04:18:28#clientIp:202.134.9.131
2023.4.10 04:18:28#card type:6
2023.4.10 04:18:28#totalamount:102000
2023.4.10 04:18:31#result:TRANSACTION_ID:YGtldtYH5BAuNvCOFg91Bm4y1yY=
2023.4.10 04:18:31#Forward to DBBL Payment Gateway Page: https://ecom1.dutchbanglabank.com/ecomm2/ClientHandler?card_type=6&trans_id=YGtldtYH5BAuNvCOFg91Bm4y1yY%3D
2023.4.10 04:18:52#---------------------- Complete New Transaction---------------------
2023.4.10 04:18:52#Get trans_id From Post Value:YGtldtYH5BAuNvCOFg91Bm4y1yY=
2023.4.10 04:18:52#clientIp:202.134.9.131
2023.4.10 04:18:52#trans_id:YGtldtYH5BAuNvCOFg91Bm4y1yY=
2023.4.10 04:18:54#result:RESULT>OK^RESULT_CODE>000^3DSECURE>SKIPPED^RRN>310004983619^APPROVAL_CODE>790028^CARD_NUMBER>999999*********7532^AMOUNT>102000^CARDNAME>mb account^DESCRIPTION>6MBB2105073^TRANS_DATE>2023-04-10 10:18:51 AM
2023.4.10 04:18:54#43357010041854
2023.4.10 04:18:54#43357010041854
2023.4.10 04:18:54#=================== Transaction Completed =======================
2023.4.10 04:44:00#=================== Start New Transaction ===================
2023.4.10 04:44:00#txnrefnum:MBM2309118
2023.4.10 04:44:00#clientIp:202.134.9.131
2023.4.10 04:44:00#card type:6
2023.4.10 04:44:00#totalamount:102000
2023.4.10 04:44:03#result:TRANSACTION_ID:W3mS3N7P55FKIZoPImlzA9PbyQc=
2023.4.10 04:44:03#Forward to DBBL Payment Gateway Page: https://ecom1.dutchbanglabank.com/ecomm2/ClientHandler?card_type=6&trans_id=W3mS3N7P55FKIZoPImlzA9PbyQc%3D
2023.4.10 04:44:21#---------------------- Complete New Transaction---------------------
2023.4.10 04:44:21#Get trans_id From Post Value:W3mS3N7P55FKIZoPImlzA9PbyQc=
2023.4.10 04:44:21#clientIp:202.134.9.131
2023.4.10 04:44:21#trans_id:W3mS3N7P55FKIZoPImlzA9PbyQc=
2023.4.10 04:44:23#result:RESULT>OK^RESULT_CODE>000^3DSECURE>SKIPPED^RRN>310004987171^APPROVAL_CODE>995780^CARD_NUMBER>999999*********7532^AMOUNT>102000^CARDNAME>mb account^DESCRIPTION>6MBM2309118^TRANS_DATE>2023-04-10 10:44:19 AM
2023.4.10 04:44:23#40506010044423
2023.4.10 04:44:23#40506010044423
2023.4.10 04:44:23#=================== Transaction Completed =======================
2023.4.10 04:46:48#=================== Start New Transaction ===================
2023.4.10 04:46:48#txnrefnum:MSC22111031
2023.4.10 04:46:48#clientIp:202.134.9.131
2023.4.10 04:46:48#card type:6
2023.4.10 04:46:48#totalamount:432000
2023.4.10 04:46:51#result:TRANSACTION_ID:YtHonTpEIre1fw6zmqjJI1tYbzI=
2023.4.10 04:46:51#Forward to DBBL Payment Gateway Page: https://ecom1.dutchbanglabank.com/ecomm2/ClientHandler?card_type=6&trans_id=YtHonTpEIre1fw6zmqjJI1tYbzI%3D
2023.4.10 04:47:07#---------------------- Complete New Transaction---------------------
2023.4.10 04:47:07#Get trans_id From Post Value:YtHonTpEIre1fw6zmqjJI1tYbzI=
2023.4.10 04:47:07#clientIp:202.134.9.131
2023.4.10 04:47:07#trans_id:YtHonTpEIre1fw6zmqjJI1tYbzI=
2023.4.10 04:47:09#result:RESULT>OK^RESULT_CODE>000^3DSECURE>SKIPPED^RRN>310004987551^APPROVAL_CODE>936489^CARD_NUMBER>999999*********7532^AMOUNT>432000^CARDNAME>mb account^DESCRIPTION>6MSC22111031^TRANS_DATE>2023-04-10 10:47:06 AM
2023.4.10 04:47:09#33927810044709
2023.4.10 04:47:09#33927810044709
2023.4.10 04:47:09#33927810044709
2023.4.10 04:47:09#33927810044709
2023.4.10 04:47:09#33927810044709
2023.4.10 04:47:09#33927810044709
2023.4.10 04:47:09#33927810044709
2023.4.10 04:47:10#33927810044709
2023.4.10 04:47:10#=================== Transaction Completed =======================
2023.4.10 04:59:26#=================== Start New Transaction ===================
2023.4.10 04:59:26#txnrefnum:MBM2301326
2023.4.10 04:59:26#clientIp:203.202.245.199
2023.4.10 04:59:26#card type:6
2023.4.10 04:59:26#totalamount:102000
2023.4.10 04:59:29#result:TRANSACTION_ID:Rw072JyCdTlL72qEuVQozUZGMIY=
2023.4.10 04:59:29#Forward to DBBL Payment Gateway Page: https://ecom1.dutchbanglabank.com/ecomm2/ClientHandler?card_type=6&trans_id=Rw072JyCdTlL72qEuVQozUZGMIY%3D
2023.4.10 05:00:14#---------------------- Complete New Transaction---------------------
2023.4.10 05:00:14#Get trans_id From Post Value:Rw072JyCdTlL72qEuVQozUZGMIY=
2023.4.10 05:00:16#clientIp:203.202.245.199
2023.4.10 05:00:16#trans_id:Rw072JyCdTlL72qEuVQozUZGMIY=
2023.4.10 05:00:18#result:RESULT>OK^RESULT_CODE>000^3DSECURE>SKIPPED^RRN>310005989298^APPROVAL_CODE>151633^CARD_NUMBER>999999*********7000^AMOUNT>102000^CARDNAME>mb account^DESCRIPTION>6MBM2301326^TRANS_DATE>2023-04-10 11:00:13 AM
2023.4.10 05:00:18#49340410050018
2023.4.10 05:00:18#49340410050018
2023.4.10 05:00:18#=================== Transaction Completed =======================
2023.4.10 05:10:35#=================== Start New Transaction ===================
2023.4.10 05:10:35#txnrefnum:MBD2008317
2023.4.10 05:10:35#clientIp:202.134.14.146
2023.4.10 05:10:35#card type:6
2023.4.10 05:10:35#totalamount:252000
2023.4.10 05:10:37#result:TRANSACTION_ID:7iyrzTb9Fomr8LmDe816ZoXfmIo=
2023.4.10 05:10:38#Forward to DBBL Payment Gateway Page: https://ecom1.dutchbanglabank.com/ecomm2/ClientHandler?card_type=6&trans_id=7iyrzTb9Fomr8LmDe816ZoXfmIo%3D
2023.4.10 05:11:26#---------------------- Complete New Transaction---------------------
2023.4.10 05:11:26#Get trans_id From Post Value:7iyrzTb9Fomr8LmDe816ZoXfmIo=
2023.4.10 05:11:26#clientIp:202.134.14.146
2023.4.10 05:11:26#trans_id:7iyrzTb9Fomr8LmDe816ZoXfmIo=
2023.4.10 05:11:27#result:RESULT>OK^RESULT_CODE>000^3DSECURE>SKIPPED^RRN>310005990619^APPROVAL_CODE>253380^CARD_NUMBER>999999*********7532^AMOUNT>252000^CARDNAME>mb account^DESCRIPTION>6MBD2008317^TRANS_DATE>2023-04-10 11:11:24 AM
2023.4.10 05:11:28#51714010051127
2023.4.10 05:11:28#51714010051127
2023.4.10 05:11:28#=================== Transaction Completed =======================
2023.4.10 05:16:29#=================== Start New Transaction ===================
2023.4.10 05:16:29#txnrefnum:MBD2308135
2023.4.10 05:16:29#clientIp:157.119.237.4
2023.4.10 05:16:29#card type:6
2023.4.10 05:16:29#totalamount:302000
2023.4.10 05:16:32#=================== Start New Transaction ===================
2023.4.10 05:16:32#txnrefnum:MBD2308135
2023.4.10 05:16:32#clientIp:157.119.237.4
2023.4.10 05:16:32#card type:6
2023.4.10 05:16:32#totalamount:302000
2023.4.10 05:16:32#result:TRANSACTION_ID:CAbieeILUgBnASBfYN87Ec2OJYo=
2023.4.10 05:16:33#Forward to DBBL Payment Gateway Page: https://ecom1.dutchbanglabank.com/ecomm2/ClientHandler?card_type=6&trans_id=CAbieeILUgBnASBfYN87Ec2OJYo%3D
2023.4.10 05:16:34#=================== Start New Transaction ===================
2023.4.10 05:16:34#txnrefnum:MBD2308135
2023.4.10 05:16:34#clientIp:157.119.237.4
2023.4.10 05:16:34#card type:6
2023.4.10 05:16:34#totalamount:302000
2023.4.10 05:16:35#result:TRANSACTION_ID:nztQOBgPEHpJ4XQopOdlSZ9Uzd4=
2023.4.10 05:16:35#Forward to DBBL Payment Gateway Page: https://ecom1.dutchbanglabank.com/ecomm2/ClientHandler?card_type=6&trans_id=nztQOBgPEHpJ4XQopOdlSZ9Uzd4%3D
2023.4.10 05:16:36#=================== Start New Transaction ===================
2023.4.10 05:16:36#txnrefnum:MBD2308135
2023.4.10 05:16:36#clientIp:157.119.237.4
2023.4.10 05:16:36#card type:6
2023.4.10 05:16:36#totalamount:302000
2023.4.10 05:16:37#result:TRANSACTION_ID:ET0aRjsTHR7EWJVFyyAfAQS87H8=
2023.4.10 05:16:37#Forward to DBBL Payment Gateway Page: https://ecom1.dutchbanglabank.com/ecomm2/ClientHandler?card_type=6&trans_id=ET0aRjsTHR7EWJVFyyAfAQS87H8%3D
2023.4.10 05:16:39#result:TRANSACTION_ID:1wSzQVaneHvBYtwaWMO3ZRG1AL4=
2023.4.10 05:16:39#Forward to DBBL Payment Gateway Page: https://ecom1.dutchbanglabank.com/ecomm2/ClientHandler?card_type=6&trans_id=1wSzQVaneHvBYtwaWMO3ZRG1AL4%3D
2023.4.10 05:18:23#---------------------- Complete New Transaction---------------------
2023.4.10 05:18:23#Get trans_id From Post Value:1wSzQVaneHvBYtwaWMO3ZRG1AL4=
2023.4.10 05:18:23#clientIp:157.119.237.4
2023.4.10 05:18:23#trans_id:1wSzQVaneHvBYtwaWMO3ZRG1AL4=
2023.4.10 05:18:24#=================== Start New Transaction ===================
2023.4.10 05:18:24#txnrefnum:MBM2305066
2023.4.10 05:18:24#clientIp:202.134.14.146
2023.4.10 05:18:24#card type:6
2023.4.10 05:18:24#totalamount:202000
2023.4.10 05:18:24#=================== Start New Transaction ===================
2023.4.10 05:18:24#txnrefnum:MBM2305066
2023.4.10 05:18:24#clientIp:202.134.14.146
2023.4.10 05:18:24#card type:6
2023.4.10 05:18:24#totalamount:202000
2023.4.10 05:18:25#result:RESULT>OK^RESULT_CODE>000^3DSECURE>SKIPPED^RRN>310005991442^APPROVAL_CODE>183607^CARD_NUMBER>999999*********9905^AMOUNT>302000^CARDNAME>mb account^DESCRIPTION>6MBD2308135^TRANS_DATE>2023-04-10 11:18:22 AM
2023.4.10 05:18:25#42582910051825
2023.4.10 05:18:25#42582910051825
2023.4.10 05:18:25#42582910051825
2023.4.10 05:18:25#42582910051825
2023.4.10 05:18:25#42582910051825
2023.4.10 05:18:26#42582910051825
2023.4.10 05:18:26#=================== Transaction Completed =======================
2023.4.10 05:18:27#result:TRANSACTION_ID:XIYyuV7SjREplZLeL9S5oB1n8ac=
2023.4.10 05:18:27#result:TRANSACTION_ID:fC8YflJcnhCoaYPiV8p6NqmVc90=
2023.4.10 05:18:27#Forward to DBBL Payment Gateway Page: https://ecom1.dutchbanglabank.com/ecomm2/ClientHandler?card_type=6&trans_id=XIYyuV7SjREplZLeL9S5oB1n8ac%3D
2023.4.10 05:18:27#Forward to DBBL Payment Gateway Page: https://ecom1.dutchbanglabank.com/ecomm2/ClientHandler?card_type=6&trans_id=fC8YflJcnhCoaYPiV8p6NqmVc90%3D
2023.4.10 05:19:02#---------------------- Complete New Transaction---------------------
2023.4.10 05:19:02#Get trans_id From Post Value:fC8YflJcnhCoaYPiV8p6NqmVc90=
2023.4.10 05:19:02#clientIp:202.134.14.146
2023.4.10 05:19:02#trans_id:fC8YflJcnhCoaYPiV8p6NqmVc90=
2023.4.10 05:19:04#result:RESULT>OK^RESULT_CODE>000^3DSECURE>SKIPPED^RRN>310005991507^APPROVAL_CODE>271048^CARD_NUMBER>999999*********7532^AMOUNT>202000^CARDNAME>mb account^DESCRIPTION>6MBM2305066^TRANS_DATE>2023-04-10 11:19:01 AM
2023.4.10 05:19:04#48185710051904
2023.4.10 05:19:04#48185710051904
2023.4.10 05:19:04#48185710051904
2023.4.10 05:19:04#48185710051904
2023.4.10 05:19:04#=================== Transaction Completed =======================
2023.4.10 05:20:39#=================== Start New Transaction ===================
2023.4.10 05:20:39#txnrefnum:MBM2008179
2023.4.10 05:20:39#clientIp:202.134.14.146
2023.4.10 05:20:39#card type:6
2023.4.10 05:20:39#totalamount:252000
2023.4.10 05:20:41#result:TRANSACTION_ID:KfzzIF8wWtuPBR8N3SrjIUEaWRU=
2023.4.10 05:20:42#Forward to DBBL Payment Gateway Page: https://ecom1.dutchbanglabank.com/ecomm2/ClientHandler?card_type=6&trans_id=KfzzIF8wWtuPBR8N3SrjIUEaWRU%3D
2023.4.10 05:21:22#---------------------- Complete New Transaction---------------------
2023.4.10 05:21:22#Get trans_id From Post Value:KfzzIF8wWtuPBR8N3SrjIUEaWRU=
2023.4.10 05:21:22#clientIp:202.134.14.146
2023.4.10 05:21:22#trans_id:KfzzIF8wWtuPBR8N3SrjIUEaWRU=
2023.4.10 05:21:24#result:RESULT>OK^RESULT_CODE>000^3DSECURE>SKIPPED^RRN>310005991795^APPROVAL_CODE>245053^CARD_NUMBER>999999*********7532^AMOUNT>252000^CARDNAME>mb account^DESCRIPTION>6MBM2008179^TRANS_DATE>2023-04-10 11:21:21 AM
2023.4.10 05:21:24#51747410052124
2023.4.10 05:21:24#51747410052124
2023.4.10 05:21:24#=================== Transaction Completed =======================
2023.4.10 05:23:12#=================== Start New Transaction ===================
2023.4.10 05:23:12#txnrefnum:MBM2008195
2023.4.10 05:23:12#clientIp:202.134.14.146
2023.4.10 05:23:12#card type:6
2023.4.10 05:23:12#totalamount:252000
2023.4.10 05:23:15#result:TRANSACTION_ID:z4E08E2ht8lfslRPkFXQay5Gt00=
2023.4.10 05:23:15#Forward to DBBL Payment Gateway Page: https://ecom1.dutchbanglabank.com/ecomm2/ClientHandler?card_type=6&trans_id=z4E08E2ht8lfslRPkFXQay5Gt00%3D
2023.4.10 05:23:39#---------------------- Complete New Transaction---------------------
2023.4.10 05:23:39#Get trans_id From Post Value:z4E08E2ht8lfslRPkFXQay5Gt00=
2023.4.10 05:23:39#clientIp:202.134.14.146
2023.4.10 05:23:39#trans_id:z4E08E2ht8lfslRPkFXQay5Gt00=
2023.4.10 05:23:41#result:RESULT>OK^RESULT_CODE>000^3DSECURE>SKIPPED^RRN>310005992075^APPROVAL_CODE>192492^CARD_NUMBER>999999*********7532^AMOUNT>252000^CARDNAME>mb account^DESCRIPTION>6MBM2008195^TRANS_DATE>2023-04-10 11:23:38 AM
2023.4.10 05:23:41#51748510052341
2023.4.10 05:23:41#51748510052341
2023.4.10 05:23:41#=================== Transaction Completed =======================
2023.4.10 06:15:18#=================== Start New Transaction ===================
2023.4.10 06:15:18#txnrefnum:BBM2008090
2023.4.10 06:15:18#clientIp:114.130.156.77
2023.4.10 06:15:18#card type:6
2023.4.10 06:15:18#totalamount:252000
2023.4.10 06:15:21#result:TRANSACTION_ID:rMSDnpILPTeVbPqcftalCzeVtMw=
2023.4.10 06:15:21#Forward to DBBL Payment Gateway Page: https://ecom1.dutchbanglabank.com/ecomm2/ClientHandler?card_type=6&trans_id=rMSDnpILPTeVbPqcftalCzeVtMw%3D
2023.4.10 06:15:48#---------------------- Complete New Transaction---------------------
2023.4.10 06:15:48#Get trans_id From Post Value:rMSDnpILPTeVbPqcftalCzeVtMw=
2023.4.10 06:15:48#clientIp:114.130.156.77
2023.4.10 06:15:48#trans_id:rMSDnpILPTeVbPqcftalCzeVtMw=
2023.4.10 06:15:50#result:RESULT>OK^RESULT_CODE>000^3DSECURE>SKIPPED^RRN>310006998483^APPROVAL_CODE>706070^CARD_NUMBER>999999*********6896^AMOUNT>252000^CARDNAME>mb account^DESCRIPTION>6BBM2008090^TRANS_DATE>2023-04-10 12:15:47 PM
2023.4.10 06:15:50#51666910061550
2023.4.10 06:15:50#51666910061550
2023.4.10 06:15:50#=================== Transaction Completed =======================
2023.4.10 06:18:47#=================== Start New Transaction ===================
2023.4.10 06:18:47#txnrefnum:MBD2008338
2023.4.10 06:18:47#clientIp:103.110.161.87
2023.4.10 06:18:47#card type:6
2023.4.10 06:18:47#totalamount:252000
2023.4.10 06:18:50#result:TRANSACTION_ID:2VCMaJdUFoqXkE8uEP2taIc0umo=
2023.4.10 06:18:50#Forward to DBBL Payment Gateway Page: https://ecom1.dutchbanglabank.com/ecomm2/ClientHandler?card_type=6&trans_id=2VCMaJdUFoqXkE8uEP2taIc0umo%3D
2023.4.10 06:19:53#---------------------- Complete New Transaction---------------------
2023.4.10 06:19:53#Get trans_id From Post Value:2VCMaJdUFoqXkE8uEP2taIc0umo=
2023.4.10 06:19:53#clientIp:103.110.161.87
2023.4.10 06:19:53#trans_id:2VCMaJdUFoqXkE8uEP2taIc0umo=
2023.4.10 06:19:55#result:RESULT>OK^RESULT_CODE>000^3DSECURE>SKIPPED^RRN>310006999141^APPROVAL_CODE>714891^CARD_NUMBER>999999*********6860^AMOUNT>252000^CARDNAME>mb account^DESCRIPTION>6MBD2008338^TRANS_DATE>2023-04-10 12:19:52 PM
2023.4.10 06:19:55#51718910061955
2023.4.10 06:19:55#51718910061955
2023.4.10 06:19:55#=================== Transaction Completed =======================
2023.4.10 06:35:52#=================== Start New Transaction ===================
2023.4.10 06:35:52#txnrefnum:MBM2008044
2023.4.10 06:35:52#clientIp:114.130.157.151
2023.4.10 06:35:52#card type:6
2023.4.10 06:35:52#totalamount:252000
2023.4.10 06:35:55#result:TRANSACTION_ID:MxTGDU5DuSKkfug4PeREENQeuPk=
2023.4.10 06:35:55#Forward to DBBL Payment Gateway Page: https://ecom1.dutchbanglabank.com/ecomm2/ClientHandler?card_type=6&trans_id=MxTGDU5DuSKkfug4PeREENQeuPk%3D
2023.4.10 06:36:45#---------------------- Complete New Transaction---------------------
2023.4.10 06:36:45#Get trans_id From Post Value:MxTGDU5DuSKkfug4PeREENQeuPk=
2023.4.10 06:36:45#clientIp:114.130.157.151
2023.4.10 06:36:45#trans_id:MxTGDU5DuSKkfug4PeREENQeuPk=
2023.4.10 06:36:47#result:RESULT>FAILED^RESULT_CODE>116^3DSECURE>SKIPPED^RRN>310006001389^APPROVAL_CODE>0^CARD_NUMBER>999999*********3945^AMOUNT>252000^CARDNAME>mb account^DESCRIPTION>6MBM2008044^TRANS_DATE>2023-04-10 12:36:43 PM
2023.4.10 06:36:47#Not Sufficient Amount
2023.4.10 06:38:01#=================== Start New Transaction ===================
2023.4.10 06:38:01#txnrefnum:MBM2008044
2023.4.10 06:38:01#clientIp:114.130.157.151
2023.4.10 06:38:01#card type:6
2023.4.10 06:38:01#totalamount:252000
2023.4.10 06:38:04#result:TRANSACTION_ID:1dZRhS5lnFYqhpDOCZyaIV2rbPs=
2023.4.10 06:38:04#Forward to DBBL Payment Gateway Page: https://ecom1.dutchbanglabank.com/ecomm2/ClientHandler?card_type=6&trans_id=1dZRhS5lnFYqhpDOCZyaIV2rbPs%3D
2023.4.10 06:38:25#---------------------- Complete New Transaction---------------------
2023.4.10 06:38:25#Get trans_id From Post Value:1dZRhS5lnFYqhpDOCZyaIV2rbPs=
2023.4.10 06:38:25#clientIp:114.130.157.151
2023.4.10 06:38:25#trans_id:1dZRhS5lnFYqhpDOCZyaIV2rbPs=
2023.4.10 06:38:27#result:RESULT>OK^RESULT_CODE>000^3DSECURE>SKIPPED^RRN>310006001593^APPROVAL_CODE>810511^CARD_NUMBER>999999*********3945^AMOUNT>252000^CARDNAME>mb account^DESCRIPTION>6MBM2008044^TRANS_DATE>2023-04-10 12:38:24 PM
2023.4.10 06:38:27#51733010063827
2023.4.10 06:38:27#51733010063827
2023.4.10 06:38:27#=================== Transaction Completed =======================
2023.4.10 06:39:35#=================== Start New Transaction ===================
2023.4.10 06:39:35#txnrefnum:BBG2109002
2023.4.10 06:39:35#clientIp:37.111.193.114
2023.4.10 06:39:35#card type:6
2023.4.10 06:39:35#totalamount:252000
2023.4.10 06:39:38#result:TRANSACTION_ID:9OcLZ2xy5upsRM5njKGPC5IwFdg=
2023.4.10 06:39:38#Forward to DBBL Payment Gateway Page: https://ecom1.dutchbanglabank.com/ecomm2/ClientHandler?card_type=6&trans_id=9OcLZ2xy5upsRM5njKGPC5IwFdg%3D
2023.4.10 06:40:53#---------------------- Complete New Transaction---------------------
2023.4.10 06:40:53#Get trans_id From Post Value:9OcLZ2xy5upsRM5njKGPC5IwFdg=
2023.4.10 06:40:53#clientIp:37.111.193.114
2023.4.10 06:40:53#trans_id:9OcLZ2xy5upsRM5njKGPC5IwFdg=
2023.4.10 06:40:55#result:RESULT>OK^RESULT_CODE>000^3DSECURE>SKIPPED^RRN>310006001884^APPROVAL_CODE>816575^CARD_NUMBER>999999*********3668^AMOUNT>252000^CARDNAME>mb account^DESCRIPTION>6BBG2109002^TRANS_DATE>2023-04-10 12:40:51 PM
2023.4.10 06:40:55#51670610064055
2023.4.10 06:40:55#51670610064055
2023.4.10 06:40:55#=================== Transaction Completed =======================
2023.4.10 06:46:06#=================== Start New Transaction ===================
2023.4.10 06:46:06#txnrefnum:BBD2002044
2023.4.10 06:46:06#clientIp:114.130.156.77
2023.4.10 06:46:06#card type:6
2023.4.10 06:46:06#totalamount:722000
2023.4.10 06:46:08#result:TRANSACTION_ID:XBhPecEmVkHmbYKSyF6OgGfWPhY=
2023.4.10 06:46:09#Forward to DBBL Payment Gateway Page: https://ecom1.dutchbanglabank.com/ecomm2/ClientHandler?card_type=6&trans_id=XBhPecEmVkHmbYKSyF6OgGfWPhY%3D
2023.4.10 06:46:47#---------------------- Complete New Transaction---------------------
2023.4.10 06:46:47#Get trans_id From Post Value:XBhPecEmVkHmbYKSyF6OgGfWPhY=
2023.4.10 06:46:47#clientIp:114.130.156.77
2023.4.10 06:46:47#trans_id:XBhPecEmVkHmbYKSyF6OgGfWPhY=
2023.4.10 06:46:49#result:RESULT>OK^RESULT_CODE>000^3DSECURE>SKIPPED^RRN>310006002626^APPROVAL_CODE>830697^CARD_NUMBER>999999*********6896^AMOUNT>722000^CARDNAME>mb account^DESCRIPTION>6BBD2002044^TRANS_DATE>2023-04-10 12:46:46 PM
2023.4.10 06:46:49#30731410064649
2023.4.10 06:46:49#30731410064649
2023.4.10 06:46:49#30731410064649
2023.4.10 06:46:49#30731410064649
2023.4.10 06:46:49#=================== Transaction Completed =======================
2023.4.10 07:58:27#=================== Start New Transaction ===================
2023.4.10 07:58:27#txnrefnum:BBM2301118
2023.4.10 07:58:27#clientIp:163.47.158.28
2023.4.10 07:58:27#card type:6
2023.4.10 07:58:27#totalamount:102000
2023.4.10 07:58:31#result:TRANSACTION_ID:SyUUSA7idPcjFpziZStoWN4bNVw=
2023.4.10 07:58:31#Forward to DBBL Payment Gateway Page: https://ecom1.dutchbanglabank.com/ecomm2/ClientHandler?card_type=6&trans_id=SyUUSA7idPcjFpziZStoWN4bNVw%3D
2023.4.10 07:58:50#---------------------- Complete New Transaction---------------------
2023.4.10 07:58:50#Get trans_id From Post Value:SyUUSA7idPcjFpziZStoWN4bNVw=
2023.4.10 07:58:50#clientIp:163.47.158.28
2023.4.10 07:58:50#trans_id:SyUUSA7idPcjFpziZStoWN4bNVw=
2023.4.10 07:58:52#result:RESULT>OK^RESULT_CODE>000^3DSECURE>SKIPPED^RRN>310007011593^APPROVAL_CODE>312764^CARD_NUMBER>999999*********9585^AMOUNT>102000^CARDNAME>mb account^DESCRIPTION>6BBM2301118^TRANS_DATE>2023-04-10 01:58:49 PM
2023.4.10 07:58:52#48432010075852
2023.4.10 07:58:53#48432010075852
2023.4.10 07:58:53#=================== Transaction Completed =======================
2023.4.10 10:15:29#=================== Start New Transaction ===================
2023.4.10 10:15:29#txnrefnum:MBD2304078
2023.4.10 10:15:29#clientIp:103.143.138.44
2023.4.10 10:15:29#card type:6
2023.4.10 10:15:29#totalamount:202000
2023.4.10 10:15:33#result:TRANSACTION_ID:dz7QyUpCNxF5OrbCJNMuASjkrnY=
2023.4.10 10:15:33#Forward to DBBL Payment Gateway Page: https://ecom1.dutchbanglabank.com/ecomm2/ClientHandler?card_type=6&trans_id=dz7QyUpCNxF5OrbCJNMuASjkrnY%3D
2023.4.10 10:16:25#---------------------- Complete New Transaction---------------------
2023.4.10 10:16:25#Get trans_id From Post Value:dz7QyUpCNxF5OrbCJNMuASjkrnY=
2023.4.10 10:16:25#clientIp:103.143.138.44
2023.4.10 10:16:25#trans_id:dz7QyUpCNxF5OrbCJNMuASjkrnY=
2023.4.10 10:16:27#result:RESULT>OK^RESULT_CODE>000^3DSECURE>SKIPPED^RRN>310010027401^APPROVAL_CODE>070821^CARD_NUMBER>999999*********9920^AMOUNT>202000^CARDNAME>mb account^DESCRIPTION>6MBD2304078^TRANS_DATE>2023-04-10 04:16:24 PM
2023.4.10 10:16:27#47117710101627
2023.4.10 10:16:27#47117710101627
2023.4.10 10:16:27#47117710101627
2023.4.10 10:16:27#47117710101627
2023.4.10 10:16:27#=================== Transaction Completed =======================
2023.4.10 12:09:52#=================== Start New Transaction ===================
2023.4.10 12:09:52#txnrefnum:MBD2008152
2023.4.10 12:09:52#clientIp:103.29.124.126
2023.4.10 12:09:52#card type:6
2023.4.10 12:09:52#totalamount:2000
2023.4.10 12:09:55#result:TRANSACTION_ID:zr5YQecpQr5WrnIdFCibAPZsvio=
2023.4.10 12:09:55#Forward to DBBL Payment Gateway Page: https://ecom1.dutchbanglabank.com/ecomm2/ClientHandler?card_type=6&trans_id=zr5YQecpQr5WrnIdFCibAPZsvio%3D
2023.4.10 13:24:25#=================== Start New Transaction ===================
2023.4.10 13:24:25#txnrefnum:MEB2101098
2023.4.10 13:24:25#clientIp:103.96.106.198
2023.4.10 13:24:25#card type:6
2023.4.10 13:24:25#totalamount:392000
2023.4.10 13:24:28#result:TRANSACTION_ID:cN5fXcOX1gRAqZPFpe1dlp9OM0w=
2023.4.10 13:24:28#Forward to DBBL Payment Gateway Page: https://ecom1.dutchbanglabank.com/ecomm2/ClientHandler?card_type=6&trans_id=cN5fXcOX1gRAqZPFpe1dlp9OM0w%3D
2023.4.10 13:25:30#=================== Start New Transaction ===================
2023.4.10 13:25:30#txnrefnum:MEB2101098
2023.4.10 13:25:30#clientIp:103.96.106.198
2023.4.10 13:25:30#card type:6
2023.4.10 13:25:30#totalamount:652000
2023.4.10 13:25:33#result:TRANSACTION_ID:kpBjfHtBorfFuf9Ef3372ohWLh0=
2023.4.10 13:25:33#Forward to DBBL Payment Gateway Page: https://ecom1.dutchbanglabank.com/ecomm2/ClientHandler?card_type=6&trans_id=kpBjfHtBorfFuf9Ef3372ohWLh0%3D
2023.4.10 13:28:56#---------------------- Complete New Transaction---------------------
2023.4.10 13:28:56#Get trans_id From Post Value:kpBjfHtBorfFuf9Ef3372ohWLh0=
2023.4.10 13:28:56#clientIp:103.96.106.198
2023.4.10 13:28:56#trans_id:kpBjfHtBorfFuf9Ef3372ohWLh0=
2023.4.10 13:28:58#result:RESULT>OK^RESULT_CODE>000^3DSECURE>SKIPPED^RRN>310013042802^APPROVAL_CODE>409817^CARD_NUMBER>999999*********4820^AMOUNT>652000^CARDNAME>mb account^DESCRIPTION>6MEB2101098^TRANS_DATE>2023-04-10 07:28:55 PM
2023.4.10 13:28:58#50825710012858
2023.4.10 13:28:58#50825710012858
2023.4.10 13:28:58#50825710012858
2023.4.10 13:28:58#50825710012858
2023.4.10 13:28:58#50825710012858
2023.4.10 13:28:59#50825710012858
2023.4.10 13:28:59#50825710012858
2023.4.10 13:28:59#50825710012858
2023.4.10 13:28:59#50825710012858
2023.4.10 13:28:59#50825710012858
2023.4.10 13:28:59#=================== Transaction Completed =======================
2023.4.10 14:21:05#=================== Start New Transaction ===================
2023.4.10 14:21:05#txnrefnum:MSC23111002
2023.4.10 14:21:05#clientIp:103.58.72.11
2023.4.10 14:21:05#card type:6
2023.4.10 14:21:05#totalamount:372000
2023.4.10 14:21:07#=================== Start New Transaction ===================
2023.4.10 14:21:07#txnrefnum:MSC23111002
2023.4.10 14:21:07#clientIp:103.58.72.11
2023.4.10 14:21:07#card type:6
2023.4.10 14:21:07#totalamount:372000
2023.4.10 14:21:07#result:TRANSACTION_ID:kUTPZYqinhvit9HSUVKLajT2iBQ=
2023.4.10 14:21:08#Forward to DBBL Payment Gateway Page: https://ecom1.dutchbanglabank.com/ecomm2/ClientHandler?card_type=6&trans_id=kUTPZYqinhvit9HSUVKLajT2iBQ%3D
2023.4.10 14:21:09#=================== Start New Transaction ===================
2023.4.10 14:21:09#txnrefnum:MSC23111002
2023.4.10 14:21:09#clientIp:103.58.72.11
2023.4.10 14:21:09#card type:6
2023.4.10 14:21:09#totalamount:372000
2023.4.10 14:21:10#result:TRANSACTION_ID:kPriS3PmR0KgMXYZOVr3XRYA2Sw=
2023.4.10 14:21:10#Forward to DBBL Payment Gateway Page: https://ecom1.dutchbanglabank.com/ecomm2/ClientHandler?card_type=6&trans_id=kPriS3PmR0KgMXYZOVr3XRYA2Sw%3D
2023.4.10 14:21:10#=================== Start New Transaction ===================
2023.4.10 14:21:10#txnrefnum:MSC23111002
2023.4.10 14:21:10#clientIp:103.58.72.11
2023.4.10 14:21:10#card type:6
2023.4.10 14:21:10#totalamount:372000
2023.4.10 14:21:12#result:TRANSACTION_ID:g0kwoCetDQTj6BcyWH4FS2YQeCc=
2023.4.10 14:21:12#Forward to DBBL Payment Gateway Page: https://ecom1.dutchbanglabank.com/ecomm2/ClientHandler?card_type=6&trans_id=g0kwoCetDQTj6BcyWH4FS2YQeCc%3D
2023.4.10 14:21:12#=================== Start New Transaction ===================
2023.4.10 14:21:12#txnrefnum:MSC23111002
2023.4.10 14:21:12#clientIp:103.58.72.11
2023.4.10 14:21:12#card type:6
2023.4.10 14:21:12#totalamount:372000
2023.4.10 14:21:13#result:TRANSACTION_ID:2do7VIRyhSXfNa5WNRO7hh5lOcw=
2023.4.10 14:21:13#Forward to DBBL Payment Gateway Page: https://ecom1.dutchbanglabank.com/ecomm2/ClientHandler?card_type=6&trans_id=2do7VIRyhSXfNa5WNRO7hh5lOcw%3D
2023.4.10 14:21:14#=================== Start New Transaction ===================
2023.4.10 14:21:14#txnrefnum:MSC23111002
2023.4.10 14:21:14#clientIp:103.58.72.11
2023.4.10 14:21:14#card type:6
2023.4.10 14:21:14#totalamount:372000
2023.4.10 14:21:15#result:TRANSACTION_ID:QhJJnboxrsUM1gZgjaCQe8LKHiY=
2023.4.10 14:21:15#Forward to DBBL Payment Gateway Page: https://ecom1.dutchbanglabank.com/ecomm2/ClientHandler?card_type=6&trans_id=QhJJnboxrsUM1gZgjaCQe8LKHiY%3D
2023.4.10 14:21:15#=================== Start New Transaction ===================
2023.4.10 14:21:15#txnrefnum:MSC23111002
2023.4.10 14:21:15#clientIp:103.58.72.11
2023.4.10 14:21:15#card type:6
2023.4.10 14:21:15#totalamount:372000
2023.4.10 14:21:17#result:TRANSACTION_ID:6wUYUXfSkZqCaGi0hm7FmZNdRKc=
2023.4.10 14:21:17#Forward to DBBL Payment Gateway Page: https://ecom1.dutchbanglabank.com/ecomm2/ClientHandler?card_type=6&trans_id=6wUYUXfSkZqCaGi0hm7FmZNdRKc%3D
2023.4.10 14:21:17#=================== Start New Transaction ===================
2023.4.10 14:21:17#txnrefnum:MSC23111002
2023.4.10 14:21:17#clientIp:103.58.72.11
2023.4.10 14:21:17#card type:6
2023.4.10 14:21:17#totalamount:372000
2023.4.10 14:21:18#result:TRANSACTION_ID:HrpcbeioeD7qr7fOEGAi8YPvfuA=
2023.4.10 14:21:19#Forward to DBBL Payment Gateway Page: https://ecom1.dutchbanglabank.com/ecomm2/ClientHandler?card_type=6&trans_id=HrpcbeioeD7qr7fOEGAi8YPvfuA%3D
2023.4.10 14:21:19#=================== Start New Transaction ===================
2023.4.10 14:21:19#txnrefnum:MSC23111002
2023.4.10 14:21:19#clientIp:103.58.72.11
2023.4.10 14:21:19#card type:6
2023.4.10 14:21:19#totalamount:372000
2023.4.10 14:21:20#result:TRANSACTION_ID:ltCkw4IVPmz1YaGPGsHyMROfvZE=
2023.4.10 14:21:20#Forward to DBBL Payment Gateway Page: https://ecom1.dutchbanglabank.com/ecomm2/ClientHandler?card_type=6&trans_id=ltCkw4IVPmz1YaGPGsHyMROfvZE%3D
2023.4.10 14:21:21#result:TRANSACTION_ID:SFjwPPFaOhbRiphYD8cPpkffTd8=
2023.4.10 14:21:22#Forward to DBBL Payment Gateway Page: https://ecom1.dutchbanglabank.com/ecomm2/ClientHandler?card_type=6&trans_id=SFjwPPFaOhbRiphYD8cPpkffTd8%3D
2023.4.10 14:21:45#---------------------- Complete New Transaction---------------------
2023.4.10 14:21:45#Get trans_id From Post Value:SFjwPPFaOhbRiphYD8cPpkffTd8=
2023.4.10 14:21:45#clientIp:103.58.72.11
2023.4.10 14:21:45#trans_id:SFjwPPFaOhbRiphYD8cPpkffTd8=
2023.4.10 14:21:47#result:RESULT>OK^RESULT_CODE>000^3DSECURE>SKIPPED^RRN>310014047364^APPROVAL_CODE>894999^CARD_NUMBER>999999*********0014^AMOUNT>372000^CARDNAME>mb account^DESCRIPTION>6MSC23111002^TRANS_DATE>2023-04-10 08:21:44 PM
2023.4.10 14:21:47#51967410022147
2023.4.10 14:21:47#51967410022147
2023.4.10 14:21:47#51967410022147
2023.4.10 14:21:47#51967410022147
2023.4.10 14:21:47#=================== Transaction Completed =======================
2023.4.10 16:05:51#=================== Start New Transaction ===================
2023.4.10 16:05:51#txnrefnum:BBD2006054
2023.4.10 16:05:51#clientIp:103.237.37.212
2023.4.10 16:05:51#card type:6
2023.4.10 16:05:51#totalamount:102000
2023.4.10 16:05:54#result:TRANSACTION_ID:gzdIGxkial47ORMkNSkQMMCmSMI=
2023.4.10 16:05:54#Forward to DBBL Payment Gateway Page: https://ecom1.dutchbanglabank.com/ecomm2/ClientHandler?card_type=6&trans_id=gzdIGxkial47ORMkNSkQMMCmSMI%3D
2023.4.10 16:07:00#---------------------- Complete New Transaction---------------------
2023.4.10 16:07:00#Get trans_id From Post Value:gzdIGxkial47ORMkNSkQMMCmSMI=
2023.4.10 16:07:00#clientIp:103.237.37.212
2023.4.10 16:07:00#trans_id:gzdIGxkial47ORMkNSkQMMCmSMI=
2023.4.10 16:07:02#result:RESULT>OK^RESULT_CODE>000^3DSECURE>SKIPPED^RRN>310016057517^APPROVAL_CODE>568020^CARD_NUMBER>999999*********7766^AMOUNT>102000^CARDNAME>mb account^DESCRIPTION>6BBD2006054^TRANS_DATE>2023-04-10 10:06:59 PM
2023.4.10 16:07:02#39159610040702
2023.4.10 16:07:02#39159610040702
2023.4.10 16:07:02#=================== Transaction Completed =======================
2023.4.10 16:08:20#=================== Start New Transaction ===================
2023.4.10 16:08:20#txnrefnum:MBD2309074
2023.4.10 16:08:20#clientIp:103.130.115.90
2023.4.10 16:08:20#card type:6
2023.4.10 16:08:20#totalamount:102000
2023.4.10 16:08:22#=================== Start New Transaction ===================
2023.4.10 16:08:22#txnrefnum:MBD2309074
2023.4.10 16:08:22#clientIp:103.130.115.90
2023.4.10 16:08:22#card type:6
2023.4.10 16:08:22#totalamount:102000
2023.4.10 16:08:23#result:TRANSACTION_ID:q3urNxVIHoDSOVb1kB6N56f8igo=
2023.4.10 16:08:23#Forward to DBBL Payment Gateway Page: https://ecom1.dutchbanglabank.com/ecomm2/ClientHandler?card_type=6&trans_id=q3urNxVIHoDSOVb1kB6N56f8igo%3D
2023.4.10 16:08:25#result:TRANSACTION_ID:SvhdwugbqM4trP5FJeHTk71XZNM=
2023.4.10 16:08:25#Forward to DBBL Payment Gateway Page: https://ecom1.dutchbanglabank.com/ecomm2/ClientHandler?card_type=6&trans_id=SvhdwugbqM4trP5FJeHTk71XZNM%3D
2023.4.10 16:09:20#=================== Start New Transaction ===================
2023.4.10 16:09:20#txnrefnum:MBD2309074
2023.4.10 16:09:20#clientIp:103.130.115.90
2023.4.10 16:09:20#card type:6
2023.4.10 16:09:20#totalamount:102000
2023.4.10 16:09:23#result:TRANSACTION_ID:BSfuHWaNNfbSRzQuh8TmCPPLkjg=
2023.4.10 16:09:23#Forward to DBBL Payment Gateway Page: https://ecom1.dutchbanglabank.com/ecomm2/ClientHandler?card_type=6&trans_id=BSfuHWaNNfbSRzQuh8TmCPPLkjg%3D
2023.4.10 16:10:43#---------------------- Complete New Transaction---------------------
2023.4.10 16:10:43#Get trans_id From Post Value:BSfuHWaNNfbSRzQuh8TmCPPLkjg=
2023.4.10 16:10:43#clientIp:103.130.115.90
2023.4.10 16:10:43#trans_id:BSfuHWaNNfbSRzQuh8TmCPPLkjg=
2023.4.10 16:10:45#result:RESULT>OK^RESULT_CODE>000^3DSECURE>SKIPPED^RRN>310016057934^APPROVAL_CODE>661793^CARD_NUMBER>999999*********8585^AMOUNT>102000^CARDNAME>mb account^DESCRIPTION>6MBD2309074^TRANS_DATE>2023-04-10 10:10:42 PM
2023.4.10 16:10:45#40609210041045
2023.4.10 16:10:45#40609210041045
2023.4.10 16:10:45#=================== Transaction Completed =======================
2023.4.10 16:26:03#=================== Start New Transaction ===================
2023.4.10 16:26:03#txnrefnum:MBB2102097
2023.4.10 16:26:03#clientIp:103.143.138.45
2023.4.10 16:26:03#card type:6
2023.4.10 16:26:03#totalamount:102000
2023.4.10 16:26:07#result:TRANSACTION_ID:vRk8o2SZaOuQ9boBf6JUhT4SFFk=
2023.4.10 16:26:08#Forward to DBBL Payment Gateway Page: https://ecom1.dutchbanglabank.com/ecomm2/ClientHandler?card_type=6&trans_id=vRk8o2SZaOuQ9boBf6JUhT4SFFk%3D
2023.4.10 16:28:15#---------------------- Complete New Transaction---------------------
2023.4.10 16:28:15#Get trans_id From Post Value:vRk8o2SZaOuQ9boBf6JUhT4SFFk=
2023.4.10 16:28:15#clientIp:103.143.138.45
2023.4.10 16:28:15#trans_id:vRk8o2SZaOuQ9boBf6JUhT4SFFk=
2023.4.10 16:28:17#result:RESULT>OK^RESULT_CODE>000^3DSECURE>SKIPPED^RRN>310016059426^APPROVAL_CODE>711833^CARD_NUMBER>999999*********9456^AMOUNT>102000^CARDNAME>mb account^DESCRIPTION>6MBB2102097^TRANS_DATE>2023-04-10 10:28:14 PM
2023.4.10 16:28:17#46542010042817
2023.4.10 16:28:17#46542010042817
2023.4.10 16:28:17#=================== Transaction Completed =======================
2023.4.10 17:08:33#=================== Start New Transaction ===================
2023.4.10 17:08:33#txnrefnum:MSC23110025
2023.4.10 17:08:33#clientIp:103.167.58.3
2023.4.10 17:08:33#card type:6
2023.4.10 17:08:33#totalamount:182000
2023.4.10 17:08:36#result:TRANSACTION_ID:qvlclwRCIrCcaRTSv75WIBPMdzU=
2023.4.10 17:08:36#Forward to DBBL Payment Gateway Page: https://ecom1.dutchbanglabank.com/ecomm2/ClientHandler?card_type=6&trans_id=qvlclwRCIrCcaRTSv75WIBPMdzU%3D
2023.4.10 17:09:34#---------------------- Complete New Transaction---------------------
2023.4.10 17:09:34#Get trans_id From Post Value:qvlclwRCIrCcaRTSv75WIBPMdzU=
2023.4.10 17:09:34#clientIp:103.167.58.3
2023.4.10 17:09:34#trans_id:qvlclwRCIrCcaRTSv75WIBPMdzU=
2023.4.10 17:09:36#result:RESULT>OK^RESULT_CODE>000^3DSECURE>SKIPPED^RRN>310017062306^APPROVAL_CODE>933825^CARD_NUMBER>999999*********2286^AMOUNT>182000^CARDNAME>mb account^DESCRIPTION>6MSC23110025^TRANS_DATE>2023-04-10 11:09:33 PM
2023.4.10 17:09:36#52324610050936
2023.4.10 17:09:36#52324610050936
2023.4.10 17:09:36#=================== Transaction Completed =======================
2023.4.10 17:16:11#=================== Start New Transaction ===================
2023.4.10 17:16:11#txnrefnum:MED2008013
2023.4.10 17:16:11#clientIp:103.81.207.251
2023.4.10 17:16:11#card type:6
2023.4.10 17:16:11#totalamount:252000
2023.4.10 17:16:14#result:TRANSACTION_ID:lffxJS3ZIEkc869eg4YcLG9f9MM=
2023.4.10 17:16:14#Forward to DBBL Payment Gateway Page: https://ecom1.dutchbanglabank.com/ecomm2/ClientHandler?card_type=6&trans_id=lffxJS3ZIEkc869eg4YcLG9f9MM%3D
2023.4.10 17:17:40#=================== Start New Transaction ===================
2023.4.10 17:17:40#txnrefnum:MED2008013
2023.4.10 17:17:40#clientIp:103.81.207.251
2023.4.10 17:17:40#card type:6
2023.4.10 17:17:40#totalamount:252000
2023.4.10 17:17:43#result:TRANSACTION_ID:hSY9loTGpPwh8BzdGyAu7uRiCu0=
2023.4.10 17:17:44#Forward to DBBL Payment Gateway Page: https://ecom1.dutchbanglabank.com/ecomm2/ClientHandler?card_type=6&trans_id=hSY9loTGpPwh8BzdGyAu7uRiCu0%3D
2023.4.10 17:18:25#---------------------- Complete New Transaction---------------------
2023.4.10 17:18:25#Get trans_id From Post Value:hSY9loTGpPwh8BzdGyAu7uRiCu0=
2023.4.10 17:18:25#clientIp:103.81.207.251
2023.4.10 17:18:25#trans_id:hSY9loTGpPwh8BzdGyAu7uRiCu0=
2023.4.10 17:18:27#result:RESULT>OK^RESULT_CODE>000^3DSECURE>SKIPPED^RRN>310017062866^APPROVAL_CODE>949396^CARD_NUMBER>999999*********6610^AMOUNT>252000^CARDNAME>mb account^DESCRIPTION>6MED2008013^TRANS_DATE>2023-04-10 11:18:24 PM
2023.4.10 17:18:27#51717210051827
2023.4.10 17:18:27#51717210051827
2023.4.10 17:18:27#=================== Transaction Completed =======================
2023.4.10 18:18:59#=================== Start New Transaction ===================
2023.4.10 18:18:59#txnrefnum:MBD2006358
2023.4.10 18:18:59#clientIp:103.229.83.178
2023.4.10 18:18:59#card type:6
2023.4.10 18:18:59#totalamount:302000
2023.4.10 18:19:02#result:TRANSACTION_ID:ca827WzPZbpDinSJWAQaSyPGi48=
2023.4.10 18:19:02#Forward to DBBL Payment Gateway Page: https://ecom1.dutchbanglabank.com/ecomm2/ClientHandler?card_type=6&trans_id=ca827WzPZbpDinSJWAQaSyPGi48%3D