
2022.10.2 02:12:16#=================== Start New Transaction ===================
2022.10.2 02:12:16#txnrefnum:MBD2004003
2022.10.2 02:12:16#clientIp:45.64.134.99
2022.10.2 02:12:16#card type:6
2022.10.2 02:12:16#totalamount:82000
2022.10.2 02:12:20#result:TRANSACTION_ID:yLNoEAHXDIDTCpR3RP2fsgpR7U0=
2022.10.2 02:12:20#Forward to DBBL Payment Gateway Page: https://ecom1.dutchbanglabank.com/ecomm2/ClientHandler?card_type=6&trans_id=yLNoEAHXDIDTCpR3RP2fsgpR7U0%3D
2022.10.2 02:13:07#---------------------- Complete New Transaction---------------------
2022.10.2 02:13:07#Get trans_id From Post Value:yLNoEAHXDIDTCpR3RP2fsgpR7U0=
2022.10.2 02:13:07#clientIp:45.64.134.99
2022.10.2 02:13:07#trans_id:yLNoEAHXDIDTCpR3RP2fsgpR7U0=
2022.10.2 02:13:09#result:RESULT>OK^RESULT_CODE>000^3DSECURE>SKIPPED^RRN>227502228525^APPROVAL_CODE>318207^CARD_NUMBER>999999*********5185^AMOUNT>82000^CARDNAME>mb account^DESCRIPTION>6MBD2004003^TRANS_DATE>2022-10-02 08:13:06 AM
2022.10.2 02:13:09#13904902021309
2022.10.2 02:13:09#13904902021309
2022.10.2 02:13:09#=================== Transaction Completed =======================
2022.10.2 05:57:34#=================== Start New Transaction ===================
2022.10.2 05:57:34#txnrefnum:BBM2006152
2022.10.2 05:57:34#clientIp:114.130.185.44
2022.10.2 05:57:34#card type:6
2022.10.2 05:57:34#totalamount:162000
2022.10.2 05:57:38#result:TRANSACTION_ID:Rptn48iBqUFe1LFsM4UFyaMYvJM=
2022.10.2 05:57:38#Forward to DBBL Payment Gateway Page: https://ecom1.dutchbanglabank.com/ecomm2/ClientHandler?card_type=6&trans_id=Rptn48iBqUFe1LFsM4UFyaMYvJM%3D
2022.10.2 05:58:02#---------------------- Complete New Transaction---------------------
2022.10.2 05:58:02#Get trans_id From Post Value:Rptn48iBqUFe1LFsM4UFyaMYvJM=
2022.10.2 05:58:04#clientIp:114.130.185.44
2022.10.2 05:58:04#trans_id:Rptn48iBqUFe1LFsM4UFyaMYvJM=
2022.10.2 05:58:06#result:RESULT>OK^RESULT_CODE>000^3DSECURE>SKIPPED^RRN>227505240562^APPROVAL_CODE>150118^CARD_NUMBER>999999*********6896^AMOUNT>162000^CARDNAME>mb account^DESCRIPTION>6BBM2006152^TRANS_DATE>2022-10-02 11:58:01 AM
2022.10.2 05:58:07#25511602055806
2022.10.2 05:58:07#25511602055806
2022.10.2 05:58:07#25511602055806
2022.10.2 05:58:07#25511602055806
2022.10.2 05:58:07#=================== Transaction Completed =======================
2022.10.2 06:20:19#=================== Start New Transaction ===================
2022.10.2 06:20:19#txnrefnum:MBM2007051
2022.10.2 06:20:19#clientIp:43.224.109.201
2022.10.2 06:20:19#card type:6
2022.10.2 06:20:19#totalamount:562000
2022.10.2 06:20:22#result:TRANSACTION_ID:h89kQ36Iw5gr1Pp745UFZqEMols=
2022.10.2 06:20:22#Forward to DBBL Payment Gateway Page: https://ecom1.dutchbanglabank.com/ecomm2/ClientHandler?card_type=6&trans_id=h89kQ36Iw5gr1Pp745UFZqEMols%3D
2022.10.2 06:21:59#=================== Start New Transaction ===================
2022.10.2 06:21:59#txnrefnum:MBM2007051
2022.10.2 06:21:59#clientIp:43.224.109.201
2022.10.2 06:21:59#card type:6
2022.10.2 06:21:59#totalamount:562000
2022.10.2 06:22:03#result:TRANSACTION_ID:wu6X5xeNg7rKkyAjgpUeTSwZOVk=
2022.10.2 06:22:03#Forward to DBBL Payment Gateway Page: https://ecom1.dutchbanglabank.com/ecomm2/ClientHandler?card_type=6&trans_id=wu6X5xeNg7rKkyAjgpUeTSwZOVk%3D
2022.10.2 06:22:59#---------------------- Complete New Transaction---------------------
2022.10.2 06:22:59#Get trans_id From Post Value:wu6X5xeNg7rKkyAjgpUeTSwZOVk=
2022.10.2 06:22:59#clientIp:43.224.109.201
2022.10.2 06:22:59#trans_id:wu6X5xeNg7rKkyAjgpUeTSwZOVk=
2022.10.2 06:23:01#result:RESULT>OK^RESULT_CODE>000^3DSECURE>SKIPPED^RRN>227506243096^APPROVAL_CODE>291765^CARD_NUMBER>999999*********2767^AMOUNT>562000^CARDNAME>mb account^DESCRIPTION>6MBM2007051^TRANS_DATE>2022-10-02 12:22:58 PM
2022.10.2 06:23:02#19752102062301
2022.10.2 06:23:02#19752102062301
2022.10.2 06:23:02#19752102062301
2022.10.2 06:23:02#19752102062301
2022.10.2 06:23:02#19752102062301
2022.10.2 06:23:02#19752102062301
2022.10.2 06:23:02#19752102062301
2022.10.2 06:23:02#19752102062301
2022.10.2 06:23:02#19752102062301
2022.10.2 06:23:02#19752102062301
2022.10.2 06:23:02#19752102062301
2022.10.2 06:23:02#19752102062301
2022.10.2 06:23:02#19752102062301
2022.10.2 06:23:02#19752102062301
2022.10.2 06:23:02#=================== Transaction Completed =======================
2022.10.2 06:25:14#=================== Start New Transaction ===================
2022.10.2 06:25:14#txnrefnum:MBD2003066
2022.10.2 06:25:14#clientIp:43.224.109.201
2022.10.2 06:25:14#card type:6
2022.10.2 06:25:14#totalamount:562000
2022.10.2 06:25:17#result:TRANSACTION_ID:9KZD1MqmDmYuL2pai7g9v61GDFQ=
2022.10.2 06:25:17#Forward to DBBL Payment Gateway Page: https://ecom1.dutchbanglabank.com/ecomm2/ClientHandler?card_type=6&trans_id=9KZD1MqmDmYuL2pai7g9v61GDFQ%3D
2022.10.2 06:26:07#---------------------- Complete New Transaction---------------------
2022.10.2 06:26:07#Get trans_id From Post Value:9KZD1MqmDmYuL2pai7g9v61GDFQ=
2022.10.2 06:26:07#clientIp:43.224.109.201
2022.10.2 06:26:07#trans_id:9KZD1MqmDmYuL2pai7g9v61GDFQ=
2022.10.2 06:26:09#result:RESULT>OK^RESULT_CODE>000^3DSECURE>SKIPPED^RRN>227506243424^APPROVAL_CODE>302048^CARD_NUMBER>999999*********2767^AMOUNT>562000^CARDNAME>mb account^DESCRIPTION>6MBD2003066^TRANS_DATE>2022-10-02 12:26:03 PM
2022.10.2 06:26:10#12761702062609
2022.10.2 06:26:10#12761702062609
2022.10.2 06:26:10#12761702062609
2022.10.2 06:26:10#12761702062609
2022.10.2 06:26:10#12761702062609
2022.10.2 06:26:10#12761702062609
2022.10.2 06:26:10#12761702062609
2022.10.2 06:26:10#12761702062609
2022.10.2 06:26:10#12761702062609
2022.10.2 06:26:10#12761702062609
2022.10.2 06:26:10#12761702062609
2022.10.2 06:26:10#12761702062609
2022.10.2 06:26:10#12761702062609
2022.10.2 06:26:10#12761702062609
2022.10.2 06:26:10#=================== Transaction Completed =======================
2022.10.2 06:31:00#=================== Start New Transaction ===================
2022.10.2 06:31:00#txnrefnum:MBG2103050
2022.10.2 06:31:00#clientIp:202.134.14.141
2022.10.2 06:31:00#card type:6
2022.10.2 06:31:00#totalamount:382000
2022.10.2 06:31:04#result:TRANSACTION_ID:245Mnod56cVtSvmyndGSKdX45rs=
2022.10.2 06:31:04#Forward to DBBL Payment Gateway Page: https://ecom1.dutchbanglabank.com/ecomm2/ClientHandler?card_type=6&trans_id=245Mnod56cVtSvmyndGSKdX45rs%3D
2022.10.2 06:31:38#---------------------- Complete New Transaction---------------------
2022.10.2 06:31:38#Get trans_id From Post Value:245Mnod56cVtSvmyndGSKdX45rs=
2022.10.2 06:31:38#clientIp:202.134.14.141
2022.10.2 06:31:38#trans_id:245Mnod56cVtSvmyndGSKdX45rs=
2022.10.2 06:31:40#result:RESULT>OK^RESULT_CODE>000^3DSECURE>SKIPPED^RRN>227506243925^APPROVAL_CODE>371300^CARD_NUMBER>999999*********7532^AMOUNT>382000^CARDNAME>mb account^DESCRIPTION>6MBG2103050^TRANS_DATE>2022-10-02 12:31:36 PM
2022.10.2 06:31:40#11845702063140
2022.10.2 06:31:40#11845702063140
2022.10.2 06:31:40#11845702063140
2022.10.2 06:31:40#11845702063140
2022.10.2 06:31:40#11845702063140
2022.10.2 06:31:40#11845702063140
2022.10.2 06:31:40#11845702063140
2022.10.2 06:31:40#11845702063140
2022.10.2 06:31:40#11845702063140
2022.10.2 06:31:40#11845702063140
2022.10.2 06:31:40#=================== Transaction Completed =======================
2022.10.2 07:15:25#=================== Start New Transaction ===================
2022.10.2 07:15:25#txnrefnum:MSC22110608
2022.10.2 07:15:25#clientIp:103.133.200.234
2022.10.2 07:15:25#card type:6
2022.10.2 07:15:25#totalamount:162000
2022.10.2 07:15:28#result:TRANSACTION_ID:9A5wIPK9HEjKAVeNnpChLIJ58Ck=
2022.10.2 07:15:28#Forward to DBBL Payment Gateway Page: https://ecom1.dutchbanglabank.com/ecomm2/ClientHandler?card_type=6&trans_id=9A5wIPK9HEjKAVeNnpChLIJ58Ck%3D
2022.10.2 07:16:08#---------------------- Complete New Transaction---------------------
2022.10.2 07:16:08#Get trans_id From Post Value:9A5wIPK9HEjKAVeNnpChLIJ58Ck=
2022.10.2 07:16:08#clientIp:103.133.200.234
2022.10.2 07:16:08#trans_id:9A5wIPK9HEjKAVeNnpChLIJ58Ck=
2022.10.2 07:16:10#result:RESULT>OK^RESULT_CODE>000^3DSECURE>SKIPPED^RRN>227507248294^APPROVAL_CODE>577393^CARD_NUMBER>999999*********8227^AMOUNT>162000^CARDNAME>mb account^DESCRIPTION>6MSC22110608^TRANS_DATE>2022-10-02 01:16:06 PM
2022.10.2 07:16:10#1292402071610
2022.10.2 07:16:10#1292402071610
2022.10.2 07:16:10#=================== Transaction Completed =======================
2022.10.2 07:45:59#=================== Start New Transaction ===================
2022.10.2 07:45:59#txnrefnum:MBM2007233
2022.10.2 07:45:59#clientIp:103.143.138.47
2022.10.2 07:45:59#card type:6
2022.10.2 07:45:59#totalamount:82000
2022.10.2 07:46:03#result:TRANSACTION_ID:mXmRq2JNH758qlmYegfQbDRLXUA=
2022.10.2 07:46:03#Forward to DBBL Payment Gateway Page: https://ecom1.dutchbanglabank.com/ecomm2/ClientHandler?card_type=6&trans_id=mXmRq2JNH758qlmYegfQbDRLXUA%3D
2022.10.2 07:47:10#---------------------- Complete New Transaction---------------------
2022.10.2 07:47:10#Get trans_id From Post Value:mXmRq2JNH758qlmYegfQbDRLXUA=
2022.10.2 07:47:10#clientIp:103.143.138.47
2022.10.2 07:47:10#trans_id:mXmRq2JNH758qlmYegfQbDRLXUA=
2022.10.2 07:47:12#result:RESULT>OK^RESULT_CODE>000^3DSECURE>SKIPPED^RRN>227507251173^APPROVAL_CODE>778993^CARD_NUMBER>999999*********6591^AMOUNT>82000^CARDNAME>mb account^DESCRIPTION>6MBM2007233^TRANS_DATE>2022-10-02 01:47:09 PM
2022.10.2 07:47:12#19974502074712
2022.10.2 07:47:12#19974502074712
2022.10.2 07:47:12#=================== Transaction Completed =======================
2022.10.2 08:22:51#=================== Start New Transaction ===================
2022.10.2 08:22:51#txnrefnum:MBD2006412
2022.10.2 08:22:51#clientIp:120.50.18.46
2022.10.2 08:22:51#card type:6
2022.10.2 08:22:51#totalamount:82000
2022.10.2 08:22:55#result:TRANSACTION_ID:smSSP05fyyy4GkIUoIwTyMcIEe4=
2022.10.2 08:22:55#Forward to DBBL Payment Gateway Page: https://ecom1.dutchbanglabank.com/ecomm2/ClientHandler?card_type=6&trans_id=smSSP05fyyy4GkIUoIwTyMcIEe4%3D
2022.10.2 08:23:50#---------------------- Complete New Transaction---------------------
2022.10.2 08:23:50#Get trans_id From Post Value:smSSP05fyyy4GkIUoIwTyMcIEe4=
2022.10.2 08:23:50#clientIp:120.50.18.46
2022.10.2 08:23:50#trans_id:smSSP05fyyy4GkIUoIwTyMcIEe4=
2022.10.2 08:23:52#result:RESULT>OK^RESULT_CODE>000^3DSECURE>SKIPPED^RRN>227508254388^APPROVAL_CODE>655326^CARD_NUMBER>999999*********3204^AMOUNT>82000^CARDNAME>mb account^DESCRIPTION>6MBD2006412^TRANS_DATE>2022-10-02 02:23:49 PM
2022.10.2 08:23:52#18443002082352
2022.10.2 08:23:52#18443002082352
2022.10.2 08:23:52#=================== Transaction Completed =======================
2022.10.2 10:40:41#=================== Start New Transaction ===================
2022.10.2 10:40:41#txnrefnum:MSC22110537
2022.10.2 10:40:41#clientIp:43.230.123.2
2022.10.2 10:40:41#card type:6
2022.10.2 10:40:41#totalamount:642000
2022.10.2 10:40:45#result:TRANSACTION_ID:uSA8Oe3jL5SihA5g3CbPv0v18pM=
2022.10.2 10:40:45#Forward to DBBL Payment Gateway Page: https://ecom1.dutchbanglabank.com/ecomm2/ClientHandler?card_type=6&trans_id=uSA8Oe3jL5SihA5g3CbPv0v18pM%3D
2022.10.2 10:41:29#---------------------- Complete New Transaction---------------------
2022.10.2 10:41:29#Get trans_id From Post Value:uSA8Oe3jL5SihA5g3CbPv0v18pM=
2022.10.2 10:41:29#clientIp:43.230.123.2
2022.10.2 10:41:29#trans_id:uSA8Oe3jL5SihA5g3CbPv0v18pM=
2022.10.2 10:41:31#result:RESULT>OK^RESULT_CODE>000^3DSECURE>SKIPPED^RRN>227510265554^APPROVAL_CODE>491641^CARD_NUMBER>999999*********8508^AMOUNT>642000^CARDNAME>mb account^DESCRIPTION>6MSC22110537^TRANS_DATE>2022-10-02 04:41:28 PM
2022.10.2 10:41:31#1287602104131
2022.10.2 10:41:31#1287602104131
2022.10.2 10:41:31#1287602104131
2022.10.2 10:41:31#1287602104131
2022.10.2 10:41:31#1287602104131
2022.10.2 10:41:31#1287602104131
2022.10.2 10:41:31#1287602104131
2022.10.2 10:41:31#1287602104131
2022.10.2 10:41:31#=================== Transaction Completed =======================
2022.10.2 11:33:02#=================== Start New Transaction ===================
2022.10.2 11:33:02#txnrefnum:MBD2008323
2022.10.2 11:33:02#clientIp:123.136.31.129
2022.10.2 11:33:02#card type:6
2022.10.2 11:33:02#totalamount:2000
2022.10.2 11:33:02#=================== Start New Transaction ===================
2022.10.2 11:33:02#txnrefnum:MBD2008323
2022.10.2 11:33:02#clientIp:123.136.31.129
2022.10.2 11:33:02#card type:6
2022.10.2 11:33:02#totalamount:2000
2022.10.2 11:33:06#result:TRANSACTION_ID:EYfYIRTop3vd16VLn5jLCdPxXWY=
2022.10.2 11:33:06#Forward to DBBL Payment Gateway Page: https://ecom1.dutchbanglabank.com/ecomm2/ClientHandler?card_type=6&trans_id=EYfYIRTop3vd16VLn5jLCdPxXWY%3D
2022.10.2 11:33:07#result:TRANSACTION_ID:Po3Twwjav5trwX7xbKtFSx7TtYM=
2022.10.2 11:33:07#Forward to DBBL Payment Gateway Page: https://ecom1.dutchbanglabank.com/ecomm2/ClientHandler?card_type=6&trans_id=Po3Twwjav5trwX7xbKtFSx7TtYM%3D
2022.10.2 11:33:44#=================== Start New Transaction ===================
2022.10.2 11:33:44#txnrefnum:MBD2008323
2022.10.2 11:33:44#clientIp:123.136.31.129
2022.10.2 11:33:44#card type:6
2022.10.2 11:33:44#totalamount:82000
2022.10.2 11:33:47#result:TRANSACTION_ID:NnPkumInESkUp2pRt9RKaeHn1hI=
2022.10.2 11:33:48#Forward to DBBL Payment Gateway Page: https://ecom1.dutchbanglabank.com/ecomm2/ClientHandler?card_type=6&trans_id=NnPkumInESkUp2pRt9RKaeHn1hI%3D
2022.10.2 11:33:48#=================== Start New Transaction ===================
2022.10.2 11:33:48#txnrefnum:MBD2008323
2022.10.2 11:33:48#clientIp:123.136.31.129
2022.10.2 11:33:48#card type:6
2022.10.2 11:33:48#totalamount:82000
2022.10.2 11:33:51#result:TRANSACTION_ID:x4uuesBzPAg4A7YVNfr6a4u4MTc=
2022.10.2 11:33:51#Forward to DBBL Payment Gateway Page: https://ecom1.dutchbanglabank.com/ecomm2/ClientHandler?card_type=6&trans_id=x4uuesBzPAg4A7YVNfr6a4u4MTc%3D
2022.10.2 12:43:16#=================== Start New Transaction ===================
2022.10.2 12:43:16#txnrefnum:MBD2008323
2022.10.2 12:43:16#clientIp:123.136.31.130
2022.10.2 12:43:16#card type:6
2022.10.2 12:43:16#totalamount:82000
2022.10.2 12:43:20#result:TRANSACTION_ID:NzwGsjeKDwdZudyr6aaa2oPUfuA=
2022.10.2 12:43:20#Forward to DBBL Payment Gateway Page: https://ecom1.dutchbanglabank.com/ecomm2/ClientHandler?card_type=6&trans_id=NzwGsjeKDwdZudyr6aaa2oPUfuA%3D
2022.10.2 13:12:41#=================== Start New Transaction ===================
2022.10.2 13:12:41#txnrefnum:BBD2206147
2022.10.2 13:12:41#clientIp:103.25.121.51
2022.10.2 13:12:41#card type:6
2022.10.2 13:12:41#totalamount:242000
2022.10.2 13:12:44#result:TRANSACTION_ID:T0MaxPSgGKYJ4CeHay4UlDoCiB8=
2022.10.2 13:12:45#Forward to DBBL Payment Gateway Page: https://ecom1.dutchbanglabank.com/ecomm2/ClientHandler?card_type=6&trans_id=T0MaxPSgGKYJ4CeHay4UlDoCiB8%3D
2022.10.2 13:15:46#---------------------- Complete New Transaction---------------------
2022.10.2 13:15:46#Get trans_id From Post Value:T0MaxPSgGKYJ4CeHay4UlDoCiB8=
2022.10.2 13:15:46#clientIp:103.25.121.51
2022.10.2 13:15:46#trans_id:T0MaxPSgGKYJ4CeHay4UlDoCiB8=
2022.10.2 13:15:48#result:RESULT>OK^RESULT_CODE>000^3DSECURE>SKIPPED^RRN>227513279781^APPROVAL_CODE>389854^CARD_NUMBER>999999*********2724^AMOUNT>242000^CARDNAME>mb account^DESCRIPTION>6BBD2206147^TRANS_DATE>2022-10-02 07:15:40 PM
2022.10.2 13:15:48#24111202011548
2022.10.2 13:15:48#24111202011548
2022.10.2 13:15:48#24111202011548
2022.10.2 13:15:48#24111202011548
2022.10.2 13:15:48#24111202011548
2022.10.2 13:15:48#24111202011548
2022.10.2 13:15:48#=================== Transaction Completed =======================
2022.10.2 13:19:47#=================== Start New Transaction ===================
2022.10.2 13:19:47#txnrefnum:MBD2008323
2022.10.2 13:19:47#clientIp:123.253.65.107
2022.10.2 13:19:47#card type:6
2022.10.2 13:19:47#totalamount:82000
2022.10.2 13:19:50#result:TRANSACTION_ID:rh8p5M62A4L7fD8oQly6UJLlSMA=
2022.10.2 13:19:50#Forward to DBBL Payment Gateway Page: https://ecom1.dutchbanglabank.com/ecomm2/ClientHandler?card_type=6&trans_id=rh8p5M62A4L7fD8oQly6UJLlSMA%3D
2022.10.2 13:22:46#=================== Start New Transaction ===================
2022.10.2 13:22:46#txnrefnum:MBD2003287
2022.10.2 13:22:46#clientIp:123.253.65.107
2022.10.2 13:22:46#card type:6
2022.10.2 13:22:46#totalamount:82000
2022.10.2 13:22:49#result:TRANSACTION_ID:u59QKJ3WRep80PaguCbkbwjIb5o=
2022.10.2 13:22:49#Forward to DBBL Payment Gateway Page: https://ecom1.dutchbanglabank.com/ecomm2/ClientHandler?card_type=6&trans_id=u59QKJ3WRep80PaguCbkbwjIb5o%3D
2022.10.2 13:29:49#---------------------- Complete New Transaction---------------------
2022.10.2 13:29:49#Get trans_id From Post Value:u59QKJ3WRep80PaguCbkbwjIb5o=
2022.10.2 13:29:49#clientIp:123.253.65.107
2022.10.2 13:29:49#trans_id:u59QKJ3WRep80PaguCbkbwjIb5o=
2022.10.2 13:29:51#result:RESULT>TIMEOUT^RESULT_CODE>999^3DSECURE>0^RRN>0^APPROVAL_CODE>0^CARD_NUMBER>0^AMOUNT>82000^CARDNAME>0^DESCRIPTION>6MBD2003287^TRANS_DATE>2022-10-02 07:29:48 PM
2022.10.2 13:29:51#Failed
2022.10.2 13:30:12#=================== Start New Transaction ===================
2022.10.2 13:30:12#txnrefnum:MBD2003287
2022.10.2 13:30:12#clientIp:123.253.65.107
2022.10.2 13:30:12#card type:6
2022.10.2 13:30:12#totalamount:82000
2022.10.2 13:30:16#result:TRANSACTION_ID:zNqXuQffKQYPHQI3ITIRSzgItgo=
2022.10.2 13:30:16#Forward to DBBL Payment Gateway Page: https://ecom1.dutchbanglabank.com/ecomm2/ClientHandler?card_type=6&trans_id=zNqXuQffKQYPHQI3ITIRSzgItgo%3D
2022.10.2 13:39:39#=================== Start New Transaction ===================
2022.10.2 13:39:39#txnrefnum:MBD2003287
2022.10.2 13:39:39#clientIp:123.253.65.107
2022.10.2 13:39:39#card type:6
2022.10.2 13:39:39#totalamount:82000
2022.10.2 13:39:42#result:TRANSACTION_ID:Q6WG6STPzZicgnB4iodIPyikOQo=
2022.10.2 13:39:43#Forward to DBBL Payment Gateway Page: https://ecom1.dutchbanglabank.com/ecomm2/ClientHandler?card_type=6&trans_id=Q6WG6STPzZicgnB4iodIPyikOQo%3D
2022.10.2 13:40:52#---------------------- Complete New Transaction---------------------
2022.10.2 13:40:52#Get trans_id From Post Value:Q6WG6STPzZicgnB4iodIPyikOQo=
2022.10.2 13:40:52#clientIp:123.253.65.107
2022.10.2 13:40:52#trans_id:Q6WG6STPzZicgnB4iodIPyikOQo=
2022.10.2 13:40:54#result:RESULT>OK^RESULT_CODE>000^3DSECURE>SKIPPED^RRN>227513281917^APPROVAL_CODE>764289^CARD_NUMBER>999999*********7415^AMOUNT>82000^CARDNAME>mb account^DESCRIPTION>6MBD2003287^TRANS_DATE>2022-10-02 07:40:50 PM
2022.10.2 13:40:54#12993702014054
2022.10.2 13:40:54#12993702014054
2022.10.2 13:40:54#=================== Transaction Completed =======================
2022.10.2 13:42:52#=================== Start New Transaction ===================
2022.10.2 13:42:52#txnrefnum:MBD2008323
2022.10.2 13:42:52#clientIp:123.253.65.107
2022.10.2 13:42:52#card type:6
2022.10.2 13:42:52#totalamount:82000
2022.10.2 13:42:56#result:TRANSACTION_ID:jivUXkVuqkCQDOhsCOL5C9HwFBc=
2022.10.2 13:42:56#Forward to DBBL Payment Gateway Page: https://ecom1.dutchbanglabank.com/ecomm2/ClientHandler?card_type=6&trans_id=jivUXkVuqkCQDOhsCOL5C9HwFBc%3D
2022.10.2 13:58:03#=================== Start New Transaction ===================
2022.10.2 13:58:03#txnrefnum:MBD2008323
2022.10.2 13:58:03#clientIp:123.136.31.130
2022.10.2 13:58:03#card type:6
2022.10.2 13:58:03#totalamount:82000
2022.10.2 13:58:06#result:TRANSACTION_ID:VJCXnmKFM0MqIRZWd6s8vl7A07g=
2022.10.2 13:58:06#Forward to DBBL Payment Gateway Page: https://ecom1.dutchbanglabank.com/ecomm2/ClientHandler?card_type=6&trans_id=VJCXnmKFM0MqIRZWd6s8vl7A07g%3D
2022.10.2 14:04:03#=================== Start New Transaction ===================
2022.10.2 14:04:03#txnrefnum:MBD2008323
2022.10.2 14:04:03#clientIp:123.136.31.130
2022.10.2 14:04:03#card type:6
2022.10.2 14:04:03#totalamount:82000
2022.10.2 14:04:07#result:TRANSACTION_ID:cPGdBSfGmgL5kA9GbTtZHmsosc4=
2022.10.2 14:04:07#Forward to DBBL Payment Gateway Page: https://ecom1.dutchbanglabank.com/ecomm2/ClientHandler?card_type=6&trans_id=cPGdBSfGmgL5kA9GbTtZHmsosc4%3D
2022.10.2 14:04:08#=================== Start New Transaction ===================
2022.10.2 14:04:08#txnrefnum:MBD2008323
2022.10.2 14:04:08#clientIp:123.136.31.130
2022.10.2 14:04:08#card type:6
2022.10.2 14:04:08#totalamount:82000
2022.10.2 14:04:12#result:TRANSACTION_ID:anLQykxoYSp6ViAaxAoCFpr39w0=
2022.10.2 14:04:12#Forward to DBBL Payment Gateway Page: https://ecom1.dutchbanglabank.com/ecomm2/ClientHandler?card_type=6&trans_id=anLQykxoYSp6ViAaxAoCFpr39w0%3D
2022.10.2 14:06:31#---------------------- Complete New Transaction---------------------
2022.10.2 14:06:31#Get trans_id From Post Value:anLQykxoYSp6ViAaxAoCFpr39w0=
2022.10.2 14:06:31#clientIp:123.136.31.130
2022.10.2 14:06:31#trans_id:anLQykxoYSp6ViAaxAoCFpr39w0=
2022.10.2 14:06:33#result:RESULT>OK^RESULT_CODE>000^3DSECURE>SKIPPED^RRN>227514283939^APPROVAL_CODE>878044^CARD_NUMBER>999999*********7415^AMOUNT>82000^CARDNAME>mb account^DESCRIPTION>6MBD2008323^TRANS_DATE>2022-10-02 08:06:30 PM
2022.10.2 14:06:33#21415302020633
2022.10.2 14:06:33#21415302020633
2022.10.2 14:06:33#=================== Transaction Completed =======================
2022.10.2 15:34:42#=================== Start New Transaction ===================
2022.10.2 15:34:42#txnrefnum:MBD2003032
2022.10.2 15:34:42#clientIp:103.133.141.177
2022.10.2 15:34:42#card type:6
2022.10.2 15:34:42#totalamount:82000
2022.10.2 15:34:46#result:TRANSACTION_ID:y7N4S29pqq3WmImKtLqG691XOVM=
2022.10.2 15:34:46#Forward to DBBL Payment Gateway Page: https://ecom1.dutchbanglabank.com/ecomm2/ClientHandler?card_type=6&trans_id=y7N4S29pqq3WmImKtLqG691XOVM%3D
2022.10.2 15:36:50#=================== Start New Transaction ===================
2022.10.2 15:36:50#txnrefnum:MBD2003032
2022.10.2 15:36:50#clientIp:103.133.141.177
2022.10.2 15:36:50#card type:6
2022.10.2 15:36:50#totalamount:162000
2022.10.2 15:36:53#result:TRANSACTION_ID:twy34TsJ9Dj5SiXnyKPAOKjsikY=
2022.10.2 15:36:53#Forward to DBBL Payment Gateway Page: https://ecom1.dutchbanglabank.com/ecomm2/ClientHandler?card_type=6&trans_id=twy34TsJ9Dj5SiXnyKPAOKjsikY%3D
2022.10.2 15:37:32#---------------------- Complete New Transaction---------------------
2022.10.2 15:37:32#Get trans_id From Post Value:twy34TsJ9Dj5SiXnyKPAOKjsikY=
2022.10.2 15:37:32#clientIp:103.133.141.177
2022.10.2 15:37:32#trans_id:twy34TsJ9Dj5SiXnyKPAOKjsikY=
2022.10.2 15:37:34#result:RESULT>OK^RESULT_CODE>000^3DSECURE>SKIPPED^RRN>227515290120^APPROVAL_CODE>371169^CARD_NUMBER>999999*********8721^AMOUNT>162000^CARDNAME>mb account^DESCRIPTION>6MBD2003032^TRANS_DATE>2022-10-02 09:37:31 PM
2022.10.2 15:37:34#12726102033734
2022.10.2 15:37:34#12726102033734
2022.10.2 15:37:34#12726102033734
2022.10.2 15:37:34#12726102033734
2022.10.2 15:37:34#=================== Transaction Completed =======================
2022.10.2 15:39:07#=================== Start New Transaction ===================
2022.10.2 15:39:07#txnrefnum:MBD2002070
2022.10.2 15:39:07#clientIp:103.133.141.177
2022.10.2 15:39:07#card type:6
2022.10.2 15:39:07#totalamount:162000
2022.10.2 15:39:11#result:TRANSACTION_ID:Izm0nvG3P5nhkVc8YBUKcZMYPIE=
2022.10.2 15:39:11#Forward to DBBL Payment Gateway Page: https://ecom1.dutchbanglabank.com/ecomm2/ClientHandler?card_type=6&trans_id=Izm0nvG3P5nhkVc8YBUKcZMYPIE%3D
2022.10.2 15:40:11#---------------------- Complete New Transaction---------------------
2022.10.2 15:40:11#Get trans_id From Post Value:Izm0nvG3P5nhkVc8YBUKcZMYPIE=
2022.10.2 15:40:11#clientIp:103.133.141.177
2022.10.2 15:40:11#trans_id:Izm0nvG3P5nhkVc8YBUKcZMYPIE=
2022.10.2 15:40:14#result:RESULT>FAILED^RESULT_CODE>116^3DSECURE>SKIPPED^RRN>227515290307^APPROVAL_CODE>0^CARD_NUMBER>999999*********8721^AMOUNT>162000^CARDNAME>mb account^DESCRIPTION>6MBD2002070^TRANS_DATE>2022-10-02 09:40:10 PM
2022.10.2 15:40:14#Not Sufficient Amount
2022.10.2 15:41:36#=================== Start New Transaction ===================
2022.10.2 15:41:36#txnrefnum:MBD2002070
2022.10.2 15:41:36#clientIp:103.133.141.177
2022.10.2 15:41:36#card type:6
2022.10.2 15:41:36#totalamount:162000
2022.10.2 15:41:40#result:TRANSACTION_ID:u5FO7jcjAn0C4xiE0iAmWmhTZzg=
2022.10.2 15:41:40#Forward to DBBL Payment Gateway Page: https://ecom1.dutchbanglabank.com/ecomm2/ClientHandler?card_type=6&trans_id=u5FO7jcjAn0C4xiE0iAmWmhTZzg%3D
2022.10.2 15:42:22#---------------------- Complete New Transaction---------------------
2022.10.2 15:42:22#Get trans_id From Post Value:u5FO7jcjAn0C4xiE0iAmWmhTZzg=
2022.10.2 15:42:22#clientIp:103.133.141.177
2022.10.2 15:42:22#trans_id:u5FO7jcjAn0C4xiE0iAmWmhTZzg=
2022.10.2 15:42:24#result:RESULT>OK^RESULT_CODE>000^3DSECURE>SKIPPED^RRN>227515290460^APPROVAL_CODE>380611^CARD_NUMBER>999999*********8721^AMOUNT>162000^CARDNAME>mb account^DESCRIPTION>6MBD2002070^TRANS_DATE>2022-10-02 09:42:20 PM
2022.10.2 15:42:24#11290302034224
2022.10.2 15:42:24#11290302034224
2022.10.2 15:42:24#11290302034224
2022.10.2 15:42:24#11290302034224
2022.10.2 15:42:24#=================== Transaction Completed =======================
2022.10.2 17:04:47#=================== Start New Transaction ===================
2022.10.2 17:04:47#txnrefnum:MBD2206006
2022.10.2 17:04:47#clientIp:223.29.212.248
2022.10.2 17:04:47#card type:6
2022.10.2 17:04:47#totalamount:242000
2022.10.2 17:04:50#result:TRANSACTION_ID:Yag34bpVeW7wy4i7bd1ZNLbxqOk=
2022.10.2 17:04:51#Forward to DBBL Payment Gateway Page: https://ecom1.dutchbanglabank.com/ecomm2/ClientHandler?card_type=6&trans_id=Yag34bpVeW7wy4i7bd1ZNLbxqOk%3D