
2022.10.7 00:35:46#=================== Start New Transaction ===================
2022.10.7 00:35:46#txnrefnum:MBD2207031
2022.10.7 00:35:46#clientIp:103.143.138.46
2022.10.7 00:35:46#card type:6
2022.10.7 00:35:46#totalamount:162000
2022.10.7 00:35:49#result:TRANSACTION_ID:xxEvFUyZ1YDyucl37dsl0xVlMBE=
2022.10.7 00:35:49#Forward to DBBL Payment Gateway Page: https://ecom1.dutchbanglabank.com/ecomm2/ClientHandler?card_type=6&trans_id=xxEvFUyZ1YDyucl37dsl0xVlMBE%3D
2022.10.7 02:15:15#=================== Start New Transaction ===================
2022.10.7 02:15:15#txnrefnum:BBM2202054
2022.10.7 02:15:15#clientIp:119.30.35.156
2022.10.7 02:15:15#card type:6
2022.10.7 02:15:15#totalamount:162000
2022.10.7 02:15:19#result:TRANSACTION_ID:HRUS8HnP01U2pI6w5tSomIWNz0I=
2022.10.7 02:15:19#Forward to DBBL Payment Gateway Page: https://ecom1.dutchbanglabank.com/ecomm2/ClientHandler?card_type=6&trans_id=HRUS8HnP01U2pI6w5tSomIWNz0I%3D
2022.10.7 03:51:39#=================== Start New Transaction ===================
2022.10.7 03:51:39#txnrefnum:BBM2202054
2022.10.7 03:51:39#clientIp:119.30.35.156
2022.10.7 03:51:39#card type:6
2022.10.7 03:51:39#totalamount:162000
2022.10.7 03:51:42#result:TRANSACTION_ID:SPQbPcbS9uR2NAbgs6sCYdPLYIk=
2022.10.7 03:51:42#Forward to DBBL Payment Gateway Page: https://ecom1.dutchbanglabank.com/ecomm2/ClientHandler?card_type=6&trans_id=SPQbPcbS9uR2NAbgs6sCYdPLYIk%3D
2022.10.7 03:56:44#=================== Start New Transaction ===================
2022.10.7 03:56:44#txnrefnum:BBM2202054
2022.10.7 03:56:44#clientIp:43.243.133.201
2022.10.7 03:56:44#card type:6
2022.10.7 03:56:44#totalamount:162000
2022.10.7 03:56:48#result:TRANSACTION_ID:NHp5CCM0YUsKSNQ2UhPzm5iVWjs=
2022.10.7 03:56:48#Forward to DBBL Payment Gateway Page: https://ecom1.dutchbanglabank.com/ecomm2/ClientHandler?card_type=6&trans_id=NHp5CCM0YUsKSNQ2UhPzm5iVWjs%3D
2022.10.7 04:01:09#=================== Start New Transaction ===================
2022.10.7 04:01:09#txnrefnum:BBM2205054
2022.10.7 04:01:09#clientIp:119.30.35.156
2022.10.7 04:01:09#card type:6
2022.10.7 04:01:09#totalamount:82000
2022.10.7 04:01:13#result:TRANSACTION_ID:VxjPjcc7eo2ZSXhE4u8IrZqQY5Q=
2022.10.7 04:01:13#Forward to DBBL Payment Gateway Page: https://ecom1.dutchbanglabank.com/ecomm2/ClientHandler?card_type=6&trans_id=VxjPjcc7eo2ZSXhE4u8IrZqQY5Q%3D
2022.10.7 05:11:55#=================== Start New Transaction ===================
2022.10.7 05:11:55#txnrefnum:BBM2202054
2022.10.7 05:11:55#clientIp:119.30.35.156
2022.10.7 05:11:55#card type:6
2022.10.7 05:11:55#totalamount:162000
2022.10.7 05:11:58#result:TRANSACTION_ID:j745ugJgaXNktHXaWxI0y4XScqc=
2022.10.7 05:11:58#Forward to DBBL Payment Gateway Page: https://ecom1.dutchbanglabank.com/ecomm2/ClientHandler?card_type=6&trans_id=j745ugJgaXNktHXaWxI0y4XScqc%3D
2022.10.7 05:22:02#=================== Start New Transaction ===================
2022.10.7 05:22:02#txnrefnum:BBD2007010
2022.10.7 05:22:02#clientIp:103.100.95.18
2022.10.7 05:22:02#card type:6
2022.10.7 05:22:02#totalamount:242000
2022.10.7 05:22:06#result:TRANSACTION_ID:IJzalzeUqOxKnLjPtSKf8iSRFpI=
2022.10.7 05:22:06#Forward to DBBL Payment Gateway Page: https://ecom1.dutchbanglabank.com/ecomm2/ClientHandler?card_type=6&trans_id=IJzalzeUqOxKnLjPtSKf8iSRFpI%3D
2022.10.7 05:22:33#---------------------- Complete New Transaction---------------------
2022.10.7 05:22:33#Get trans_id From Post Value:IJzalzeUqOxKnLjPtSKf8iSRFpI=
2022.10.7 05:22:33#clientIp:103.100.95.18
2022.10.7 05:22:33#trans_id:IJzalzeUqOxKnLjPtSKf8iSRFpI=
2022.10.7 05:22:35#result:RESULT>OK^RESULT_CODE>000^3DSECURE>SKIPPED^RRN>228005620629^APPROVAL_CODE>867830^CARD_NUMBER>999999*********8025^AMOUNT>242000^CARDNAME>mb account^DESCRIPTION>6BBD2007010^TRANS_DATE>2022-10-07 11:22:32 AM
2022.10.7 05:22:35#26092207052235
2022.10.7 05:22:35#26092207052235
2022.10.7 05:22:35#26092207052235
2022.10.7 05:22:35#26092207052235
2022.10.7 05:22:35#26092207052235
2022.10.7 05:22:35#26092207052235
2022.10.7 05:22:35#=================== Transaction Completed =======================
2022.10.7 05:25:18#=================== Start New Transaction ===================
2022.10.7 05:25:18#txnrefnum:MSC22111200
2022.10.7 05:25:18#clientIp:118.179.22.207
2022.10.7 05:25:18#card type:6
2022.10.7 05:25:18#totalamount:162000
2022.10.7 05:25:22#result:TRANSACTION_ID:BC41sKhukwIHk5L49M8QwmsZ0Hk=
2022.10.7 05:25:22#Forward to DBBL Payment Gateway Page: https://ecom1.dutchbanglabank.com/ecomm2/ClientHandler?card_type=6&trans_id=BC41sKhukwIHk5L49M8QwmsZ0Hk%3D
2022.10.7 05:40:00#=================== Start New Transaction ===================
2022.10.7 05:40:00#txnrefnum:MBD2201055
2022.10.7 05:40:00#clientIp:123.253.65.225
2022.10.7 05:40:00#card type:6
2022.10.7 05:40:00#totalamount:162000
2022.10.7 05:40:04#result:TRANSACTION_ID:uZDE6qOJkKpRDASsTI4fDbvoy6U=
2022.10.7 05:40:04#Forward to DBBL Payment Gateway Page: https://ecom1.dutchbanglabank.com/ecomm2/ClientHandler?card_type=6&trans_id=uZDE6qOJkKpRDASsTI4fDbvoy6U%3D
2022.10.7 05:41:43#=================== Start New Transaction ===================
2022.10.7 05:41:43#txnrefnum:MBD2201055
2022.10.7 05:41:43#clientIp:123.253.65.225
2022.10.7 05:41:43#card type:6
2022.10.7 05:41:43#totalamount:162000
2022.10.7 05:41:47#result:TRANSACTION_ID:20ENLXHivqeGeYofwSqs3Q9bUqk=
2022.10.7 05:41:47#Forward to DBBL Payment Gateway Page: https://ecom1.dutchbanglabank.com/ecomm2/ClientHandler?card_type=6&trans_id=20ENLXHivqeGeYofwSqs3Q9bUqk%3D
2022.10.7 05:42:40#---------------------- Complete New Transaction---------------------
2022.10.7 05:42:40#Get trans_id From Post Value:20ENLXHivqeGeYofwSqs3Q9bUqk=
2022.10.7 05:42:40#clientIp:123.253.65.225
2022.10.7 05:42:40#trans_id:20ENLXHivqeGeYofwSqs3Q9bUqk=
2022.10.7 05:42:42#result:RESULT>OK^RESULT_CODE>000^3DSECURE>SKIPPED^RRN>228005621886^APPROVAL_CODE>985299^CARD_NUMBER>999999*********3647^AMOUNT>162000^CARDNAME>mb account^DESCRIPTION>6MBD2201055^TRANS_DATE>2022-10-07 11:42:39 AM
2022.10.7 05:42:42#6411107054242
2022.10.7 05:42:42#6411107054242
2022.10.7 05:42:42#6411107054242
2022.10.7 05:42:42#6411107054242
2022.10.7 05:42:42#=================== Transaction Completed =======================
2022.10.7 06:50:19#=================== Start New Transaction ===================
2022.10.7 06:50:19#txnrefnum:BBM2202054
2022.10.7 06:50:19#clientIp:119.30.35.156
2022.10.7 06:50:19#card type:6
2022.10.7 06:50:19#totalamount:162000
2022.10.7 06:50:24#result:TRANSACTION_ID:dVWmOgJSPoZrJWkcgS9DJ4ag6s0=
2022.10.7 06:50:24#Forward to DBBL Payment Gateway Page: https://ecom1.dutchbanglabank.com/ecomm2/ClientHandler?card_type=6&trans_id=dVWmOgJSPoZrJWkcgS9DJ4ag6s0%3D
2022.10.7 06:53:07#=================== Start New Transaction ===================
2022.10.7 06:53:07#txnrefnum:BBM2202054
2022.10.7 06:53:07#clientIp:119.30.35.156
2022.10.7 06:53:07#card type:6
2022.10.7 06:53:07#totalamount:162000
2022.10.7 06:53:11#result:TRANSACTION_ID:7ixZBJr3TRIHyhtDUrybrnATw7Y=
2022.10.7 06:53:11#Forward to DBBL Payment Gateway Page: https://ecom1.dutchbanglabank.com/ecomm2/ClientHandler?card_type=6&trans_id=7ixZBJr3TRIHyhtDUrybrnATw7Y%3D
2022.10.7 06:53:51#---------------------- Complete New Transaction---------------------
2022.10.7 06:53:51#Get trans_id From Post Value:7ixZBJr3TRIHyhtDUrybrnATw7Y=
2022.10.7 06:53:51#clientIp:119.30.35.156
2022.10.7 06:53:51#trans_id:7ixZBJr3TRIHyhtDUrybrnATw7Y=
2022.10.7 06:53:53#result:RESULT>OK^RESULT_CODE>000^3DSECURE>SKIPPED^RRN>228006626395^APPROVAL_CODE>306334^CARD_NUMBER>999999*********3327^AMOUNT>162000^CARDNAME>mb account^DESCRIPTION>6BBM2202054^TRANS_DATE>2022-10-07 12:53:50 PM
2022.10.7 06:53:53#22714507065353
2022.10.7 06:53:53#22714507065353
2022.10.7 06:53:53#22714507065353
2022.10.7 06:53:53#22714507065353
2022.10.7 06:53:53#=================== Transaction Completed =======================
2022.10.7 10:50:47#=================== Start New Transaction ===================
2022.10.7 10:50:47#txnrefnum:MEM2204194
2022.10.7 10:50:47#clientIp:114.130.184.144
2022.10.7 10:50:47#card type:6
2022.10.7 10:50:47#totalamount:552000
2022.10.7 10:50:50#result:TRANSACTION_ID:H1Q96hw76V136UA5dkRO1F4PzV8=
2022.10.7 10:50:50#Forward to DBBL Payment Gateway Page: https://ecom1.dutchbanglabank.com/ecomm2/ClientHandler?card_type=6&trans_id=H1Q96hw76V136UA5dkRO1F4PzV8%3D
2022.10.7 10:51:48#---------------------- Complete New Transaction---------------------
2022.10.7 10:51:48#Get trans_id From Post Value:H1Q96hw76V136UA5dkRO1F4PzV8=
2022.10.7 10:51:50#clientIp:114.130.184.144
2022.10.7 10:51:50#trans_id:H1Q96hw76V136UA5dkRO1F4PzV8=
2022.10.7 10:51:52#result:RESULT>OK^RESULT_CODE>000^3DSECURE>SKIPPED^RRN>228010639375^APPROVAL_CODE>144117^CARD_NUMBER>999999*********2890^AMOUNT>552000^CARDNAME>mb account^DESCRIPTION>6MEM2204194^TRANS_DATE>2022-10-07 04:51:46 PM
2022.10.7 10:51:52#12098807105152
2022.10.7 10:51:52#12098807105152
2022.10.7 10:51:52#12098807105152
2022.10.7 10:51:52#12098807105152
2022.10.7 10:51:52#12098807105152
2022.10.7 10:51:52#12098807105152
2022.10.7 10:51:52#12098807105152
2022.10.7 10:51:52#12098807105152
2022.10.7 10:51:52#12098807105152
2022.10.7 10:51:52#12098807105152
2022.10.7 10:51:52#=================== Transaction Completed =======================
2022.10.7 11:13:37#=================== Start New Transaction ===================
2022.10.7 11:13:37#txnrefnum:BBM2001051
2022.10.7 11:13:37#clientIp:103.178.73.50
2022.10.7 11:13:37#card type:6
2022.10.7 11:13:37#totalamount:242000
2022.10.7 11:13:49#result:TRANSACTION_ID:vb3rG8y8TPZ50MmLpgJXdgiWsA0=
2022.10.7 11:13:49#Forward to DBBL Payment Gateway Page: https://ecom1.dutchbanglabank.com/ecomm2/ClientHandler?card_type=6&trans_id=vb3rG8y8TPZ50MmLpgJXdgiWsA0%3D
2022.10.7 11:14:51#---------------------- Complete New Transaction---------------------
2022.10.7 11:14:51#Get trans_id From Post Value:vb3rG8y8TPZ50MmLpgJXdgiWsA0=
2022.10.7 11:14:51#clientIp:103.178.73.50
2022.10.7 11:14:51#trans_id:vb3rG8y8TPZ50MmLpgJXdgiWsA0=
2022.10.7 11:14:53#result:RESULT>OK^RESULT_CODE>000^3DSECURE>SKIPPED^RRN>228011640672^APPROVAL_CODE>303561^CARD_NUMBER>999999*********8011^AMOUNT>242000^CARDNAME>mb account^DESCRIPTION>6BBM2001051^TRANS_DATE>2022-10-07 05:14:49 PM
2022.10.7 11:14:53#23015607111453
2022.10.7 11:14:53#23015607111453
2022.10.7 11:14:53#23015607111453
2022.10.7 11:14:53#23015607111453
2022.10.7 11:14:53#23015607111453
2022.10.7 11:14:53#23015607111453
2022.10.7 11:14:53#=================== Transaction Completed =======================
2022.10.7 11:20:29#=================== Start New Transaction ===================
2022.10.7 11:20:29#txnrefnum:MBD2001058
2022.10.7 11:20:29#clientIp:103.187.98.125
2022.10.7 11:20:29#card type:6
2022.10.7 11:20:29#totalamount:242000
2022.10.7 11:20:33#result:TRANSACTION_ID:zU0QL9Ltn141PrgPL9etU23ntfw=
2022.10.7 11:20:33#Forward to DBBL Payment Gateway Page: https://ecom1.dutchbanglabank.com/ecomm2/ClientHandler?card_type=6&trans_id=zU0QL9Ltn141PrgPL9etU23ntfw%3D
2022.10.7 11:21:16#=================== Start New Transaction ===================
2022.10.7 11:21:16#txnrefnum:MBD2001058
2022.10.7 11:21:16#clientIp:103.187.98.125
2022.10.7 11:21:16#card type:6
2022.10.7 11:21:16#totalamount:242000
2022.10.7 11:21:19#result:TRANSACTION_ID:QyIDKXCSN9I5CifTiNJw7OeKQNk=
2022.10.7 11:21:19#Forward to DBBL Payment Gateway Page: https://ecom1.dutchbanglabank.com/ecomm2/ClientHandler?card_type=6&trans_id=QyIDKXCSN9I5CifTiNJw7OeKQNk%3D
2022.10.7 11:28:48#=================== Start New Transaction ===================
2022.10.7 11:28:48#txnrefnum:BBD2003127
2022.10.7 11:28:48#clientIp:103.162.230.254
2022.10.7 11:28:48#card type:6
2022.10.7 11:28:48#totalamount:482000
2022.10.7 11:29:01#result:TRANSACTION_ID:5Z7X94mMTjLpmDOlaIxgLna8ZMU=
2022.10.7 11:29:01#Forward to DBBL Payment Gateway Page: https://ecom1.dutchbanglabank.com/ecomm2/ClientHandler?card_type=6&trans_id=5Z7X94mMTjLpmDOlaIxgLna8ZMU%3D
2022.10.7 13:12:06#=================== Start New Transaction ===================
2022.10.7 13:12:06#txnrefnum:MBD2006453
2022.10.7 13:12:06#clientIp:103.176.237.205
2022.10.7 13:12:06#card type:6
2022.10.7 13:12:06#totalamount:112000
2022.10.7 13:12:11#result:TRANSACTION_ID:wi5iInbdah8Bpfw1lZj1GZaLqIk=
2022.10.7 13:12:11#Forward to DBBL Payment Gateway Page: https://ecom1.dutchbanglabank.com/ecomm2/ClientHandler?card_type=6&trans_id=wi5iInbdah8Bpfw1lZj1GZaLqIk%3D
2022.10.7 13:17:11#=================== Start New Transaction ===================
2022.10.7 13:17:11#txnrefnum:BBM2005060
2022.10.7 13:17:11#clientIp:103.166.89.184
2022.10.7 13:17:11#card type:6
2022.10.7 13:17:11#totalamount:322000
2022.10.7 13:17:15#result:TRANSACTION_ID:ScbzLk1Kn06Nn8iCVovS3ChiL7g=
2022.10.7 13:17:16#Forward to DBBL Payment Gateway Page: https://ecom1.dutchbanglabank.com/ecomm2/ClientHandler?card_type=6&trans_id=ScbzLk1Kn06Nn8iCVovS3ChiL7g%3D
2022.10.7 13:18:21#---------------------- Complete New Transaction---------------------
2022.10.7 13:18:21#Get trans_id From Post Value:ScbzLk1Kn06Nn8iCVovS3ChiL7g=
2022.10.7 13:18:21#clientIp:103.166.89.184
2022.10.7 13:18:21#trans_id:ScbzLk1Kn06Nn8iCVovS3ChiL7g=
2022.10.7 13:18:23#result:RESULT>OK^RESULT_CODE>000^3DSECURE>SKIPPED^RRN>228013649425^APPROVAL_CODE>210418^CARD_NUMBER>999999*********3481^AMOUNT>322000^CARDNAME>mb account^DESCRIPTION>6BBM2005060^TRANS_DATE>2022-10-07 07:18:20 PM
2022.10.7 13:18:23#24875807011823
2022.10.7 13:18:23#24875807011823
2022.10.7 13:18:23#24875807011823
2022.10.7 13:18:23#24875807011823
2022.10.7 13:18:23#24875807011823
2022.10.7 13:18:23#24875807011823
2022.10.7 13:18:23#24875807011823
2022.10.7 13:18:23#24875807011823
2022.10.7 13:18:23#=================== Transaction Completed =======================
2022.10.7 13:58:25#=================== Start New Transaction ===================
2022.10.7 13:58:25#txnrefnum:MEM2201554
2022.10.7 13:58:25#clientIp:37.111.194.52
2022.10.7 13:58:25#card type:6
2022.10.7 13:58:25#totalamount:112000
2022.10.7 13:58:29#result:TRANSACTION_ID:ZKTSNkJHmABGS7cOe57NEZp7hNI=
2022.10.7 13:58:29#Forward to DBBL Payment Gateway Page: https://ecom1.dutchbanglabank.com/ecomm2/ClientHandler?card_type=6&trans_id=ZKTSNkJHmABGS7cOe57NEZp7hNI%3D
2022.10.7 13:59:40#---------------------- Complete New Transaction---------------------
2022.10.7 13:59:40#Get trans_id From Post Value:ZKTSNkJHmABGS7cOe57NEZp7hNI=
2022.10.7 13:59:40#clientIp:37.111.194.52
2022.10.7 13:59:40#trans_id:ZKTSNkJHmABGS7cOe57NEZp7hNI=
2022.10.7 13:59:42#result:RESULT>OK^RESULT_CODE>000^3DSECURE>SKIPPED^RRN>228013652628^APPROVAL_CODE>408629^CARD_NUMBER>999999*********8779^AMOUNT>112000^CARDNAME>mb account^DESCRIPTION>6MEM2201554^TRANS_DATE>2022-10-07 07:59:38 PM
2022.10.7 13:59:42#6277807015942
2022.10.7 13:59:42#6277807015942
2022.10.7 13:59:42#=================== Transaction Completed =======================
2022.10.7 15:08:11#=================== Start New Transaction ===================
2022.10.7 15:08:11#txnrefnum:MSC22110039
2022.10.7 15:08:11#clientIp:103.138.120.248
2022.10.7 15:08:11#card type:6
2022.10.7 15:08:11#totalamount:162000
2022.10.7 15:08:15#result:TRANSACTION_ID:j12pDybD1EXsZiwIC7dsGG8cPMM=
2022.10.7 15:08:15#Forward to DBBL Payment Gateway Page: https://ecom1.dutchbanglabank.com/ecomm2/ClientHandler?card_type=6&trans_id=j12pDybD1EXsZiwIC7dsGG8cPMM%3D
2022.10.7 15:08:41#---------------------- Complete New Transaction---------------------
2022.10.7 15:08:41#Get trans_id From Post Value:j12pDybD1EXsZiwIC7dsGG8cPMM=
2022.10.7 15:08:41#clientIp:103.138.120.248
2022.10.7 15:08:41#trans_id:j12pDybD1EXsZiwIC7dsGG8cPMM=
2022.10.7 15:08:43#result:RESULT>OK^RESULT_CODE>000^3DSECURE>SKIPPED^RRN>228015657082^APPROVAL_CODE>745357^CARD_NUMBER>999999*********1026^AMOUNT>162000^CARDNAME>mb account^DESCRIPTION>6MSC22110039^TRANS_DATE>2022-10-07 09:08:40 PM
2022.10.7 15:08:43#1400407030843
2022.10.7 15:08:43#1400407030843
2022.10.7 15:08:43#=================== Transaction Completed =======================
2022.10.7 16:01:15#=================== Start New Transaction ===================
2022.10.7 16:01:15#txnrefnum:MBG2109100
2022.10.7 16:01:15#clientIp:103.140.176.150
2022.10.7 16:01:15#card type:6
2022.10.7 16:01:15#totalamount:402000
2022.10.7 16:01:19#result:TRANSACTION_ID:XGP81b0qlKabESw4b6D6SejTV2A=
2022.10.7 16:01:19#Forward to DBBL Payment Gateway Page: https://ecom1.dutchbanglabank.com/ecomm2/ClientHandler?card_type=6&trans_id=XGP81b0qlKabESw4b6D6SejTV2A%3D
2022.10.7 16:02:23#=================== Start New Transaction ===================
2022.10.7 16:02:23#txnrefnum:MBG2109100
2022.10.7 16:02:23#clientIp:103.140.176.150
2022.10.7 16:02:23#card type:6
2022.10.7 16:02:23#totalamount:402000
2022.10.7 16:02:27#result:TRANSACTION_ID:V8XTLKdDVqDi0AMTdYXVI1US3Yk=
2022.10.7 16:02:27#Forward to DBBL Payment Gateway Page: https://ecom1.dutchbanglabank.com/ecomm2/ClientHandler?card_type=6&trans_id=V8XTLKdDVqDi0AMTdYXVI1US3Yk%3D
2022.10.7 16:03:06#---------------------- Complete New Transaction---------------------
2022.10.7 16:03:06#Get trans_id From Post Value:V8XTLKdDVqDi0AMTdYXVI1US3Yk=
2022.10.7 16:03:06#clientIp:103.140.176.150
2022.10.7 16:03:06#trans_id:V8XTLKdDVqDi0AMTdYXVI1US3Yk=
2022.10.7 16:03:08#result:RESULT>OK^RESULT_CODE>000^3DSECURE>SKIPPED^RRN>228016660467^APPROVAL_CODE>081041^CARD_NUMBER>999999*********0567^AMOUNT>402000^CARDNAME>mb account^DESCRIPTION>6MBG2109100^TRANS_DATE>2022-10-07 10:03:05 PM
2022.10.7 16:03:08#22042507040308
2022.10.7 16:03:08#22042507040308
2022.10.7 16:03:08#22042507040308
2022.10.7 16:03:08#22042507040308
2022.10.7 16:03:08#22042507040308
2022.10.7 16:03:08#22042507040308
2022.10.7 16:03:08#22042507040308
2022.10.7 16:03:08#22042507040308
2022.10.7 16:03:08#22042507040308
2022.10.7 16:03:08#22042507040308
2022.10.7 16:03:08#=================== Transaction Completed =======================
2022.10.7 16:22:07#=================== Start New Transaction ===================
2022.10.7 16:22:07#txnrefnum:MBM2002003
2022.10.7 16:22:07#clientIp:103.96.104.229
2022.10.7 16:22:07#card type:6
2022.10.7 16:22:07#totalamount:402000
2022.10.7 16:22:11#result:TRANSACTION_ID:JH3PGluE95yoJbPWo9J0SSNImSg=
2022.10.7 16:22:11#Forward to DBBL Payment Gateway Page: https://ecom1.dutchbanglabank.com/ecomm2/ClientHandler?card_type=6&trans_id=JH3PGluE95yoJbPWo9J0SSNImSg%3D
2022.10.7 16:22:12#=================== Start New Transaction ===================
2022.10.7 16:22:12#txnrefnum:MBM2002003
2022.10.7 16:22:12#clientIp:103.96.104.229
2022.10.7 16:22:12#card type:6
2022.10.7 16:22:12#totalamount:402000
2022.10.7 16:22:16#result:TRANSACTION_ID:OFQqYSz7mLnmplhmVUwPSt1dFf4=
2022.10.7 16:22:16#Forward to DBBL Payment Gateway Page: https://ecom1.dutchbanglabank.com/ecomm2/ClientHandler?card_type=6&trans_id=OFQqYSz7mLnmplhmVUwPSt1dFf4%3D
2022.10.7 16:28:35#=================== Start New Transaction ===================
2022.10.7 16:28:35#txnrefnum:MBM2002003
2022.10.7 16:28:35#clientIp:103.96.104.229
2022.10.7 16:28:35#card type:6
2022.10.7 16:28:35#totalamount:162000
2022.10.7 16:28:39#result:TRANSACTION_ID:xyPMYZ8lzS4K0c1zSFTipHfWPPA=
2022.10.7 16:28:39#Forward to DBBL Payment Gateway Page: https://ecom1.dutchbanglabank.com/ecomm2/ClientHandler?card_type=6&trans_id=xyPMYZ8lzS4K0c1zSFTipHfWPPA%3D
2022.10.7 16:32:58#=================== Start New Transaction ===================
2022.10.7 16:32:58#txnrefnum:MBM2002003
2022.10.7 16:32:58#clientIp:103.96.104.229
2022.10.7 16:32:58#card type:6
2022.10.7 16:32:58#totalamount:162000
2022.10.7 16:33:02#result:TRANSACTION_ID:A6uKTANwRKdbTVlEhyJabIMsItc=
2022.10.7 16:33:02#Forward to DBBL Payment Gateway Page: https://ecom1.dutchbanglabank.com/ecomm2/ClientHandler?card_type=6&trans_id=A6uKTANwRKdbTVlEhyJabIMsItc%3D
2022.10.7 16:34:27#=================== Start New Transaction ===================
2022.10.7 16:34:27#txnrefnum:MBM2002003
2022.10.7 16:34:27#clientIp:103.96.104.229
2022.10.7 16:34:27#card type:6
2022.10.7 16:34:27#totalamount:162000
2022.10.7 16:34:31#result:TRANSACTION_ID:yvpSVAsdoYktZqmzDvmqAmeXDF0=
2022.10.7 16:34:31#Forward to DBBL Payment Gateway Page: https://ecom1.dutchbanglabank.com/ecomm2/ClientHandler?card_type=6&trans_id=yvpSVAsdoYktZqmzDvmqAmeXDF0%3D
2022.10.7 16:36:24#---------------------- Complete New Transaction---------------------
2022.10.7 16:36:24#Get trans_id From Post Value:yvpSVAsdoYktZqmzDvmqAmeXDF0=
2022.10.7 16:36:24#clientIp:103.96.104.229
2022.10.7 16:36:24#trans_id:yvpSVAsdoYktZqmzDvmqAmeXDF0=
2022.10.7 16:36:26#result:RESULT>OK^RESULT_CODE>000^3DSECURE>SKIPPED^RRN>228016662186^APPROVAL_CODE>321792^CARD_NUMBER>999999*********1763^AMOUNT>162000^CARDNAME>mb account^DESCRIPTION>6MBM2002003^TRANS_DATE>2022-10-07 10:36:21 PM
2022.10.7 16:36:26#11653607043626
2022.10.7 16:36:26#11653607043626
2022.10.7 16:36:26#11653607043626
2022.10.7 16:36:26#11653607043626
2022.10.7 16:36:26#=================== Transaction Completed =======================