
2022.10.5 01:34:50#=================== Start New Transaction ===================
2022.10.5 01:34:50#txnrefnum:MBM2002004
2022.10.5 01:34:50#clientIp:37.111.235.62
2022.10.5 01:34:50#card type:6
2022.10.5 01:34:50#totalamount:82000
2022.10.5 01:34:54#result:TRANSACTION_ID:PDyH8xPFqWB7qOITYl1d7owXZSc=
2022.10.5 01:34:54#Forward to DBBL Payment Gateway Page: https://ecom1.dutchbanglabank.com/ecomm2/ClientHandler?card_type=6&trans_id=PDyH8xPFqWB7qOITYl1d7owXZSc%3D
2022.10.5 01:36:55#---------------------- Complete New Transaction---------------------
2022.10.5 01:36:55#Get trans_id From Post Value:PDyH8xPFqWB7qOITYl1d7owXZSc=
2022.10.5 01:36:55#clientIp:37.111.235.62
2022.10.5 01:36:55#trans_id:PDyH8xPFqWB7qOITYl1d7owXZSc=
2022.10.5 01:36:57#result:RESULT>OK^RESULT_CODE>000^3DSECURE>SKIPPED^RRN>227801453312^APPROVAL_CODE>319258^CARD_NUMBER>999999*********2191^AMOUNT>82000^CARDNAME>mb account^DESCRIPTION>6MBM2002004^TRANS_DATE>2022-10-05 07:36:53 AM
2022.10.5 01:36:57#11655205013657
2022.10.5 01:36:57#11655205013657
2022.10.5 01:36:57#=================== Transaction Completed =======================
2022.10.5 05:29:57#=================== Start New Transaction ===================
2022.10.5 05:29:57#txnrefnum:BBD2204011
2022.10.5 05:29:57#clientIp:103.162.230.249
2022.10.5 05:29:57#card type:6
2022.10.5 05:29:57#totalamount:402000
2022.10.5 05:30:01#result:TRANSACTION_ID:RbPPUurNeJbtUcS6jIvCuFHIycU=
2022.10.5 05:30:01#Forward to DBBL Payment Gateway Page: https://ecom1.dutchbanglabank.com/ecomm2/ClientHandler?card_type=6&trans_id=RbPPUurNeJbtUcS6jIvCuFHIycU%3D
2022.10.5 05:30:52#---------------------- Complete New Transaction---------------------
2022.10.5 05:30:52#Get trans_id From Post Value:RbPPUurNeJbtUcS6jIvCuFHIycU=
2022.10.5 05:30:52#clientIp:103.162.230.249
2022.10.5 05:30:52#trans_id:RbPPUurNeJbtUcS6jIvCuFHIycU=
2022.10.5 05:30:54#result:RESULT>OK^RESULT_CODE>000^3DSECURE>SKIPPED^RRN>227805466082^APPROVAL_CODE>355462^CARD_NUMBER>999999*********9200^AMOUNT>402000^CARDNAME>mb account^DESCRIPTION>6BBD2204011^TRANS_DATE>2022-10-05 11:30:52 AM
2022.10.5 05:30:55#23350105053054
2022.10.5 05:30:55#23350105053054
2022.10.5 05:30:55#23350105053054
2022.10.5 05:30:55#23350105053054
2022.10.5 05:30:55#23350105053054
2022.10.5 05:30:55#23350105053054
2022.10.5 05:30:55#23350105053054
2022.10.5 05:30:55#23350105053054
2022.10.5 05:30:55#23350105053054
2022.10.5 05:30:55#23350105053054
2022.10.5 05:30:55#=================== Transaction Completed =======================
2022.10.5 05:49:47#=================== Start New Transaction ===================
2022.10.5 05:49:47#txnrefnum:BBD2004109
2022.10.5 05:49:47#clientIp:103.100.95.18
2022.10.5 05:49:47#card type:6
2022.10.5 05:49:47#totalamount:322000
2022.10.5 05:49:51#result:TRANSACTION_ID:KduohXTXIKpIhIl2oSsf5NOEnIs=
2022.10.5 05:49:51#Forward to DBBL Payment Gateway Page: https://ecom1.dutchbanglabank.com/ecomm2/ClientHandler?card_type=6&trans_id=KduohXTXIKpIhIl2oSsf5NOEnIs%3D
2022.10.5 05:50:44#---------------------- Complete New Transaction---------------------
2022.10.5 05:50:44#Get trans_id From Post Value:KduohXTXIKpIhIl2oSsf5NOEnIs=
2022.10.5 05:50:44#clientIp:103.100.95.18
2022.10.5 05:50:44#trans_id:KduohXTXIKpIhIl2oSsf5NOEnIs=
2022.10.5 05:50:46#result:RESULT>OK^RESULT_CODE>000^3DSECURE>SKIPPED^RRN>227805467671^APPROVAL_CODE>412325^CARD_NUMBER>999999*********8025^AMOUNT>322000^CARDNAME>mb account^DESCRIPTION>6BBD2004109^TRANS_DATE>2022-10-05 11:50:43 AM
2022.10.5 05:50:46#24239605055046
2022.10.5 05:50:46#24239605055046
2022.10.5 05:50:46#24239605055046
2022.10.5 05:50:46#24239605055046
2022.10.5 05:50:46#24239605055046
2022.10.5 05:50:46#24239605055046
2022.10.5 05:50:46#24239605055046
2022.10.5 05:50:46#24239605055046
2022.10.5 05:50:46#=================== Transaction Completed =======================
2022.10.5 06:39:10#=================== Start New Transaction ===================
2022.10.5 06:39:10#txnrefnum:MBM2206380
2022.10.5 06:39:10#clientIp:202.134.14.146
2022.10.5 06:39:10#card type:6
2022.10.5 06:39:10#totalamount:162000
2022.10.5 06:39:14#result:TRANSACTION_ID:vw0f7GjeZ5dApO9gOEFl2qkzCEQ=
2022.10.5 06:39:14#Forward to DBBL Payment Gateway Page: https://ecom1.dutchbanglabank.com/ecomm2/ClientHandler?card_type=6&trans_id=vw0f7GjeZ5dApO9gOEFl2qkzCEQ%3D
2022.10.5 06:40:02#---------------------- Complete New Transaction---------------------
2022.10.5 06:40:02#Get trans_id From Post Value:vw0f7GjeZ5dApO9gOEFl2qkzCEQ=
2022.10.5 06:40:02#clientIp:202.134.14.146
2022.10.5 06:40:02#trans_id:vw0f7GjeZ5dApO9gOEFl2qkzCEQ=
2022.10.5 06:40:04#result:RESULT>OK^RESULT_CODE>000^3DSECURE>SKIPPED^RRN>227806471542^APPROVAL_CODE>653477^CARD_NUMBER>999999*********1218^AMOUNT>162000^CARDNAME>mb account^DESCRIPTION>6MBM2206380^TRANS_DATE>2022-10-05 12:40:01 PM
2022.10.5 06:40:04#14864805064004
2022.10.5 06:40:04#14864805064004
2022.10.5 06:40:04#14864805064004
2022.10.5 06:40:04#14864805064004
2022.10.5 06:40:04#=================== Transaction Completed =======================
2022.10.5 06:51:15#=================== Start New Transaction ===================
2022.10.5 06:51:15#txnrefnum:MBM2007187
2022.10.5 06:51:15#clientIp:103.196.233.128
2022.10.5 06:51:15#card type:6
2022.10.5 06:51:15#totalamount:2000
2022.10.5 06:51:19#result:TRANSACTION_ID:bju9IEiPLTw1yhUGMLrKcKIP64I=
2022.10.5 06:51:19#Forward to DBBL Payment Gateway Page: https://ecom1.dutchbanglabank.com/ecomm2/ClientHandler?card_type=6&trans_id=bju9IEiPLTw1yhUGMLrKcKIP64I%3D
2022.10.5 06:53:22#---------------------- Complete New Transaction---------------------
2022.10.5 06:53:22#Get trans_id From Post Value:bju9IEiPLTw1yhUGMLrKcKIP64I=
2022.10.5 06:53:22#clientIp:103.196.233.128
2022.10.5 06:53:22#trans_id:bju9IEiPLTw1yhUGMLrKcKIP64I=
2022.10.5 06:53:24#result:RESULT>OK^RESULT_CODE>000^3DSECURE>SKIPPED^RRN>227806472731^APPROVAL_CODE>737651^CARD_NUMBER>999999*********8162^AMOUNT>2000^CARDNAME>mb account^DESCRIPTION>6MBM2007187^TRANS_DATE>2022-10-05 12:53:21 PM
2022.10.5 06:53:24#=================== Transaction Completed =======================
2022.10.5 06:54:22#=================== Start New Transaction ===================
2022.10.5 06:54:22#txnrefnum:MBD2008278
2022.10.5 06:54:22#clientIp:123.253.65.224
2022.10.5 06:54:22#card type:6
2022.10.5 06:54:22#totalamount:402000
2022.10.5 06:54:26#result:TRANSACTION_ID:QHuTZNjHarcsl3BxlOLzJzcG9PI=
2022.10.5 06:54:26#Forward to DBBL Payment Gateway Page: https://ecom1.dutchbanglabank.com/ecomm2/ClientHandler?card_type=6&trans_id=QHuTZNjHarcsl3BxlOLzJzcG9PI%3D
2022.10.5 07:23:21#=================== Start New Transaction ===================
2022.10.5 07:23:21#txnrefnum:BBB2106135
2022.10.5 07:23:21#clientIp:114.130.185.246
2022.10.5 07:23:21#card type:6
2022.10.5 07:23:21#totalamount:242000
2022.10.5 07:23:25#result:TRANSACTION_ID:2ERFSMhtniiREiHhY8Lk5ePKGCE=
2022.10.5 07:23:25#Forward to DBBL Payment Gateway Page: https://ecom1.dutchbanglabank.com/ecomm2/ClientHandler?card_type=6&trans_id=2ERFSMhtniiREiHhY8Lk5ePKGCE%3D
2022.10.5 07:23:59#---------------------- Complete New Transaction---------------------
2022.10.5 07:23:59#Get trans_id From Post Value:2ERFSMhtniiREiHhY8Lk5ePKGCE=
2022.10.5 07:23:59#clientIp:114.130.185.246
2022.10.5 07:23:59#trans_id:2ERFSMhtniiREiHhY8Lk5ePKGCE=
2022.10.5 07:24:01#result:RESULT>OK^RESULT_CODE>000^3DSECURE>SKIPPED^RRN>227807475133^APPROVAL_CODE>868577^CARD_NUMBER>999999*********6896^AMOUNT>242000^CARDNAME>mb account^DESCRIPTION>6BBB2106135^TRANS_DATE>2022-10-05 01:23:58 PM
2022.10.5 07:24:01#24844805072401
2022.10.5 07:24:01#24844805072401
2022.10.5 07:24:01#24844805072401
2022.10.5 07:24:01#24844805072401
2022.10.5 07:24:01#24844805072401
2022.10.5 07:24:01#24844805072401
2022.10.5 07:24:01#=================== Transaction Completed =======================
2022.10.5 07:26:50#=================== Start New Transaction ===================
2022.10.5 07:26:50#txnrefnum:MBM2007187
2022.10.5 07:26:50#clientIp:103.196.233.128
2022.10.5 07:26:50#card type:6
2022.10.5 07:26:50#totalamount:642000
2022.10.5 07:26:54#result:TRANSACTION_ID:I2wjWWXQvFgc4RUo8uOWuHRfs10=
2022.10.5 07:26:54#Forward to DBBL Payment Gateway Page: https://ecom1.dutchbanglabank.com/ecomm2/ClientHandler?card_type=6&trans_id=I2wjWWXQvFgc4RUo8uOWuHRfs10%3D
2022.10.5 07:56:50#=================== Start New Transaction ===================
2022.10.5 07:56:50#txnrefnum:MSC22110555
2022.10.5 07:56:50#clientIp:103.168.207.85
2022.10.5 07:56:50#card type:6
2022.10.5 07:56:50#totalamount:162000
2022.10.5 07:56:54#result:TRANSACTION_ID:TPs7WGBG955GuNPAIU323i4xbWg=
2022.10.5 07:56:54#Forward to DBBL Payment Gateway Page: https://ecom1.dutchbanglabank.com/ecomm2/ClientHandler?card_type=6&trans_id=TPs7WGBG955GuNPAIU323i4xbWg%3D
2022.10.5 07:57:44#---------------------- Complete New Transaction---------------------
2022.10.5 07:57:44#Get trans_id From Post Value:TPs7WGBG955GuNPAIU323i4xbWg=
2022.10.5 07:57:44#clientIp:103.168.207.85
2022.10.5 07:57:44#trans_id:TPs7WGBG955GuNPAIU323i4xbWg=
2022.10.5 07:57:46#result:RESULT>OK^RESULT_CODE>000^3DSECURE>SKIPPED^RRN>227807477579^APPROVAL_CODE>006279^CARD_NUMBER>999999*********0436^AMOUNT>162000^CARDNAME>mb account^DESCRIPTION>6MSC22110555^TRANS_DATE>2022-10-05 01:57:43 PM
2022.10.5 07:57:46#1239405075746
2022.10.5 07:57:46#1239405075746
2022.10.5 07:57:46#=================== Transaction Completed =======================
2022.10.5 08:04:49#=================== Start New Transaction ===================
2022.10.5 08:04:49#txnrefnum:BBM2204122
2022.10.5 08:04:49#clientIp:114.130.185.246
2022.10.5 08:04:49#card type:6
2022.10.5 08:04:49#totalamount:562000
2022.10.5 08:04:53#result:TRANSACTION_ID:ahdSxAuHnP5p3pvBjLpMJjE0sXI=
2022.10.5 08:04:53#Forward to DBBL Payment Gateway Page: https://ecom1.dutchbanglabank.com/ecomm2/ClientHandler?card_type=6&trans_id=ahdSxAuHnP5p3pvBjLpMJjE0sXI%3D
2022.10.5 08:05:20#---------------------- Complete New Transaction---------------------
2022.10.5 08:05:20#Get trans_id From Post Value:ahdSxAuHnP5p3pvBjLpMJjE0sXI=
2022.10.5 08:05:20#clientIp:114.130.185.246
2022.10.5 08:05:20#trans_id:ahdSxAuHnP5p3pvBjLpMJjE0sXI=
2022.10.5 08:05:22#result:RESULT>OK^RESULT_CODE>000^3DSECURE>SKIPPED^RRN>227808478122^APPROVAL_CODE>023301^CARD_NUMBER>999999*********6896^AMOUNT>562000^CARDNAME>mb account^DESCRIPTION>6BBM2204122^TRANS_DATE>2022-10-05 02:05:19 PM
2022.10.5 08:05:22#23557705080522
2022.10.5 08:05:22#23557705080522
2022.10.5 08:05:22#23557705080522
2022.10.5 08:05:22#23557705080522
2022.10.5 08:05:22#23557705080522
2022.10.5 08:05:22#23557705080522
2022.10.5 08:05:22#23557705080522
2022.10.5 08:05:22#23557705080522
2022.10.5 08:05:22#23557705080522
2022.10.5 08:05:22#23557705080522
2022.10.5 08:05:22#23557705080522
2022.10.5 08:05:22#23557705080522
2022.10.5 08:05:22#23557705080522
2022.10.5 08:05:22#23557705080522
2022.10.5 08:05:22#=================== Transaction Completed =======================
2022.10.5 08:12:36#=================== Start New Transaction ===================
2022.10.5 08:12:36#txnrefnum:BBD2005055
2022.10.5 08:12:36#clientIp:103.29.127.126
2022.10.5 08:12:36#card type:6
2022.10.5 08:12:36#totalamount:82000
2022.10.5 08:12:40#result:TRANSACTION_ID:4TNHkVkEPzNSuWzeikiAjU6Cu5A=
2022.10.5 08:12:40#Forward to DBBL Payment Gateway Page: https://ecom1.dutchbanglabank.com/ecomm2/ClientHandler?card_type=6&trans_id=4TNHkVkEPzNSuWzeikiAjU6Cu5A%3D
2022.10.5 08:14:55#---------------------- Complete New Transaction---------------------
2022.10.5 08:14:55#Get trans_id From Post Value:4TNHkVkEPzNSuWzeikiAjU6Cu5A=
2022.10.5 08:14:55#clientIp:103.29.127.126
2022.10.5 08:14:55#trans_id:4TNHkVkEPzNSuWzeikiAjU6Cu5A=
2022.10.5 08:14:57#result:RESULT>OK^RESULT_CODE>000^3DSECURE>SKIPPED^RRN>227808478852^APPROVAL_CODE>795143^CARD_NUMBER>999999*********6220^AMOUNT>82000^CARDNAME>mb account^DESCRIPTION>6BBD2005055^TRANS_DATE>2022-10-05 02:14:54 PM
2022.10.5 08:14:57#24624205081457
2022.10.5 08:14:57#24624205081457
2022.10.5 08:14:57#=================== Transaction Completed =======================
2022.10.5 08:52:13#=================== Start New Transaction ===================
2022.10.5 08:52:13#txnrefnum:MBD2004258
2022.10.5 08:52:13#clientIp:37.111.206.188
2022.10.5 08:52:13#card type:6
2022.10.5 08:52:13#totalamount:82000
2022.10.5 08:52:16#=================== Start New Transaction ===================
2022.10.5 08:52:16#txnrefnum:MBD2004258
2022.10.5 08:52:16#clientIp:37.111.206.188
2022.10.5 08:52:16#card type:6
2022.10.5 08:52:16#totalamount:82000
2022.10.5 08:52:16#result:TRANSACTION_ID:PWHMPLkLlwqSMwfxg55qKmMw2Jg=
2022.10.5 08:52:16#Forward to DBBL Payment Gateway Page: https://ecom1.dutchbanglabank.com/ecomm2/ClientHandler?card_type=6&trans_id=PWHMPLkLlwqSMwfxg55qKmMw2Jg%3D
2022.10.5 08:52:20#result:TRANSACTION_ID:EEgSjZvUbQiv0jF8r2OfCK3w35s=
2022.10.5 08:52:20#Forward to DBBL Payment Gateway Page: https://ecom1.dutchbanglabank.com/ecomm2/ClientHandler?card_type=6&trans_id=EEgSjZvUbQiv0jF8r2OfCK3w35s%3D
2022.10.5 08:53:49#---------------------- Complete New Transaction---------------------
2022.10.5 08:53:49#Get trans_id From Post Value:EEgSjZvUbQiv0jF8r2OfCK3w35s=
2022.10.5 08:53:51#clientIp:37.111.206.188
2022.10.5 08:53:51#trans_id:EEgSjZvUbQiv0jF8r2OfCK3w35s=
2022.10.5 08:53:53#result:RESULT>OK^RESULT_CODE>000^3DSECURE>SKIPPED^RRN>227808481257^APPROVAL_CODE>181664^CARD_NUMBER>999999*********8202^AMOUNT>82000^CARDNAME>mb account^DESCRIPTION>6MBD2004258^TRANS_DATE>2022-10-05 02:53:48 PM
2022.10.5 08:53:53#14168805085353
2022.10.5 08:53:53#14168805085353
2022.10.5 08:53:53#=================== Transaction Completed =======================
2022.10.5 10:58:50#=================== Start New Transaction ===================
2022.10.5 10:58:50#txnrefnum:MBD2004330
2022.10.5 10:58:50#clientIp:103.91.128.152
2022.10.5 10:58:50#card type:6
2022.10.5 10:58:50#totalamount:322000
2022.10.5 10:58:54#result:TRANSACTION_ID:aXPtPicOns9QSpamKtGZzjsYScg=
2022.10.5 10:58:54#Forward to DBBL Payment Gateway Page: https://ecom1.dutchbanglabank.com/ecomm2/ClientHandler?card_type=6&trans_id=aXPtPicOns9QSpamKtGZzjsYScg%3D
2022.10.5 11:01:29#---------------------- Complete New Transaction---------------------
2022.10.5 11:01:29#Get trans_id From Post Value:aXPtPicOns9QSpamKtGZzjsYScg=
2022.10.5 11:01:29#clientIp:103.91.128.152
2022.10.5 11:01:29#trans_id:aXPtPicOns9QSpamKtGZzjsYScg=
2022.10.5 11:01:31#result:RESULT>OK^RESULT_CODE>000^3DSECURE>SKIPPED^RRN>227811488790^APPROVAL_CODE>534316^CARD_NUMBER>999999*********9697^AMOUNT>322000^CARDNAME>mb account^DESCRIPTION>6MBD2004330^TRANS_DATE>2022-10-05 05:01:28 PM
2022.10.5 11:01:31#14242905110131
2022.10.5 11:01:31#14242905110131
2022.10.5 11:01:31#14242905110131
2022.10.5 11:01:31#14242905110131
2022.10.5 11:01:31#14242905110131
2022.10.5 11:01:31#14242905110131
2022.10.5 11:01:31#14242905110131
2022.10.5 11:01:31#14242905110131
2022.10.5 11:01:31#=================== Transaction Completed =======================
2022.10.5 11:04:06#=================== Start New Transaction ===================
2022.10.5 11:04:06#txnrefnum:MBD2006165
2022.10.5 11:04:06#clientIp:103.29.127.126
2022.10.5 11:04:06#card type:6
2022.10.5 11:04:06#totalamount:322000
2022.10.5 11:04:10#result:TRANSACTION_ID:3SLig1SHn47NtjtWu2SXsQv7xlI=
2022.10.5 11:04:10#Forward to DBBL Payment Gateway Page: https://ecom1.dutchbanglabank.com/ecomm2/ClientHandler?card_type=6&trans_id=3SLig1SHn47NtjtWu2SXsQv7xlI%3D
2022.10.5 11:04:30#---------------------- Complete New Transaction---------------------
2022.10.5 11:04:30#Get trans_id From Post Value:3SLig1SHn47NtjtWu2SXsQv7xlI=
2022.10.5 11:04:30#clientIp:103.29.127.126
2022.10.5 11:04:30#trans_id:3SLig1SHn47NtjtWu2SXsQv7xlI=
2022.10.5 11:04:32#result:RESULT>FAILED^RESULT_CODE>116^3DSECURE>SKIPPED^RRN>227811488964^APPROVAL_CODE>0^CARD_NUMBER>999999*********8795^AMOUNT>322000^CARDNAME>mb account^DESCRIPTION>6MBD2006165^TRANS_DATE>2022-10-05 05:04:29 PM
2022.10.5 11:04:32#Not Sufficient Amount
2022.10.5 11:05:49#=================== Start New Transaction ===================
2022.10.5 11:05:49#txnrefnum:MBD2006165
2022.10.5 11:05:49#clientIp:103.29.127.126
2022.10.5 11:05:49#card type:6
2022.10.5 11:05:49#totalamount:322000
2022.10.5 11:05:52#result:TRANSACTION_ID:W3ifnVSCVWPpKxhCdgDy2xOo53M=
2022.10.5 11:05:53#Forward to DBBL Payment Gateway Page: https://ecom1.dutchbanglabank.com/ecomm2/ClientHandler?card_type=6&trans_id=W3ifnVSCVWPpKxhCdgDy2xOo53M%3D
2022.10.5 11:06:20#---------------------- Complete New Transaction---------------------
2022.10.5 11:06:20#Get trans_id From Post Value:W3ifnVSCVWPpKxhCdgDy2xOo53M=
2022.10.5 11:06:20#clientIp:103.29.127.126
2022.10.5 11:06:20#trans_id:W3ifnVSCVWPpKxhCdgDy2xOo53M=
2022.10.5 11:06:22#result:RESULT>OK^RESULT_CODE>000^3DSECURE>SKIPPED^RRN>227811489064^APPROVAL_CODE>600543^CARD_NUMBER>999999*********8795^AMOUNT>322000^CARDNAME>mb account^DESCRIPTION>6MBD2006165^TRANS_DATE>2022-10-05 05:06:19 PM
2022.10.5 11:06:22#18103105110622
2022.10.5 11:06:22#18103105110622
2022.10.5 11:06:22#18103105110622
2022.10.5 11:06:22#18103105110622
2022.10.5 11:06:22#18103105110622
2022.10.5 11:06:22#18103105110622
2022.10.5 11:06:22#18103105110622
2022.10.5 11:06:22#18103105110622
2022.10.5 11:06:22#=================== Transaction Completed =======================
2022.10.5 12:23:54#=================== Start New Transaction ===================
2022.10.5 12:23:54#txnrefnum:MBB2102097
2022.10.5 12:23:54#clientIp:223.29.212.251
2022.10.5 12:23:54#card type:6
2022.10.5 12:23:54#totalamount:82000
2022.10.5 12:23:58#result:TRANSACTION_ID:r3LumKZPr8J6tJNPe2engxwe63U=
2022.10.5 12:23:58#Forward to DBBL Payment Gateway Page: https://ecom1.dutchbanglabank.com/ecomm2/ClientHandler?card_type=6&trans_id=r3LumKZPr8J6tJNPe2engxwe63U%3D
2022.10.5 12:25:00#---------------------- Complete New Transaction---------------------
2022.10.5 12:25:00#Get trans_id From Post Value:r3LumKZPr8J6tJNPe2engxwe63U=
2022.10.5 12:25:00#clientIp:223.29.212.251
2022.10.5 12:25:00#trans_id:r3LumKZPr8J6tJNPe2engxwe63U=
2022.10.5 12:25:02#result:RESULT>OK^RESULT_CODE>000^3DSECURE>SKIPPED^RRN>227812494511^APPROVAL_CODE>969064^CARD_NUMBER>999999*********7541^AMOUNT>82000^CARDNAME>mb account^DESCRIPTION>6MBB2102097^TRANS_DATE>2022-10-05 06:24:59 PM
2022.10.5 12:25:03#9783405122502
2022.10.5 12:25:03#9783405122502
2022.10.5 12:25:03#=================== Transaction Completed =======================
2022.10.5 12:28:13#=================== Start New Transaction ===================
2022.10.5 12:28:13#txnrefnum:MBD2007136
2022.10.5 12:28:13#clientIp:223.29.212.251
2022.10.5 12:28:13#card type:6
2022.10.5 12:28:13#totalamount:322000
2022.10.5 12:28:17#result:TRANSACTION_ID:siYCjvhVRPi8J1egBb8JsHmfOwY=
2022.10.5 12:28:17#Forward to DBBL Payment Gateway Page: https://ecom1.dutchbanglabank.com/ecomm2/ClientHandler?card_type=6&trans_id=siYCjvhVRPi8J1egBb8JsHmfOwY%3D
2022.10.5 12:28:47#---------------------- Complete New Transaction---------------------
2022.10.5 12:28:47#Get trans_id From Post Value:siYCjvhVRPi8J1egBb8JsHmfOwY=
2022.10.5 12:28:47#clientIp:223.29.212.251
2022.10.5 12:28:47#trans_id:siYCjvhVRPi8J1egBb8JsHmfOwY=
2022.10.5 12:28:49#result:RESULT>OK^RESULT_CODE>000^3DSECURE>SKIPPED^RRN>227812494820^APPROVAL_CODE>920009^CARD_NUMBER>999999*********7541^AMOUNT>322000^CARDNAME>mb account^DESCRIPTION>6MBD2007136^TRANS_DATE>2022-10-05 06:28:47 PM
2022.10.5 12:28:50#19289205122849
2022.10.5 12:28:50#19289205122849
2022.10.5 12:28:50#19289205122849
2022.10.5 12:28:50#19289205122849
2022.10.5 12:28:50#19289205122849
2022.10.5 12:28:50#19289205122849
2022.10.5 12:28:50#19289205122849
2022.10.5 12:28:50#19289205122849
2022.10.5 12:28:50#=================== Transaction Completed =======================
2022.10.5 12:30:31#=================== Start New Transaction ===================
2022.10.5 12:30:31#txnrefnum:MBB2101107
2022.10.5 12:30:31#clientIp:223.29.212.251
2022.10.5 12:30:31#card type:6
2022.10.5 12:30:31#totalamount:322000
2022.10.5 12:30:34#result:TRANSACTION_ID:PiHeZvCtWMPts2lexirPWau3LCM=
2022.10.5 12:30:35#Forward to DBBL Payment Gateway Page: https://ecom1.dutchbanglabank.com/ecomm2/ClientHandler?card_type=6&trans_id=PiHeZvCtWMPts2lexirPWau3LCM%3D
2022.10.5 12:31:03#---------------------- Complete New Transaction---------------------
2022.10.5 12:31:03#Get trans_id From Post Value:PiHeZvCtWMPts2lexirPWau3LCM=
2022.10.5 12:31:03#clientIp:223.29.212.251
2022.10.5 12:31:03#trans_id:PiHeZvCtWMPts2lexirPWau3LCM=
2022.10.5 12:31:05#result:RESULT>FAILED^RESULT_CODE>116^3DSECURE>SKIPPED^RRN>227812494999^APPROVAL_CODE>0^CARD_NUMBER>999999*********7541^AMOUNT>322000^CARDNAME>mb account^DESCRIPTION>6MBB2101107^TRANS_DATE>2022-10-05 06:31:02 PM
2022.10.5 12:31:05#Not Sufficient Amount
2022.10.5 12:32:15#=================== Start New Transaction ===================
2022.10.5 12:32:15#txnrefnum:MBB2101107
2022.10.5 12:32:15#clientIp:223.29.212.251
2022.10.5 12:32:15#card type:6
2022.10.5 12:32:15#totalamount:322000
2022.10.5 12:32:19#result:TRANSACTION_ID:0vJeBRaVxgs1u3WwVOmdCtYdtdw=
2022.10.5 12:32:19#Forward to DBBL Payment Gateway Page: https://ecom1.dutchbanglabank.com/ecomm2/ClientHandler?card_type=6&trans_id=0vJeBRaVxgs1u3WwVOmdCtYdtdw%3D
2022.10.5 12:32:46#---------------------- Complete New Transaction---------------------
2022.10.5 12:32:46#Get trans_id From Post Value:0vJeBRaVxgs1u3WwVOmdCtYdtdw=
2022.10.5 12:32:46#clientIp:223.29.212.251
2022.10.5 12:32:46#trans_id:0vJeBRaVxgs1u3WwVOmdCtYdtdw=
2022.10.5 12:32:48#result:RESULT>OK^RESULT_CODE>000^3DSECURE>SKIPPED^RRN>227812495134^APPROVAL_CODE>000007^CARD_NUMBER>999999*********7541^AMOUNT>322000^CARDNAME>mb account^DESCRIPTION>6MBB2101107^TRANS_DATE>2022-10-05 06:32:45 PM
2022.10.5 12:32:48#7974605123248
2022.10.5 12:32:48#7974605123248
2022.10.5 12:32:48#7974605123248
2022.10.5 12:32:48#7974605123248
2022.10.5 12:32:48#7974605123248
2022.10.5 12:32:48#7974605123248
2022.10.5 12:32:48#7974605123248
2022.10.5 12:32:48#7974605123248
2022.10.5 12:32:48#=================== Transaction Completed =======================
2022.10.5 13:25:41#=================== Start New Transaction ===================
2022.10.5 13:25:41#txnrefnum:MBB2108032
2022.10.5 13:25:41#clientIp:103.58.75.8
2022.10.5 13:25:41#card type:6
2022.10.5 13:25:41#totalamount:242000
2022.10.5 13:25:45#result:TRANSACTION_ID:CM8P3dszQLJfxvIe0uq3z3AUfsA=
2022.10.5 13:25:45#Forward to DBBL Payment Gateway Page: https://ecom1.dutchbanglabank.com/ecomm2/ClientHandler?card_type=6&trans_id=CM8P3dszQLJfxvIe0uq3z3AUfsA%3D
2022.10.5 13:32:04#=================== Start New Transaction ===================
2022.10.5 13:32:04#txnrefnum:MBB2108032
2022.10.5 13:32:04#clientIp:103.58.75.8
2022.10.5 13:32:04#card type:6
2022.10.5 13:32:04#totalamount:242000
2022.10.5 13:32:08#result:TRANSACTION_ID:LWh0EJzYccnttlJNf3EoWpPAMgE=
2022.10.5 13:32:08#Forward to DBBL Payment Gateway Page: https://ecom1.dutchbanglabank.com/ecomm2/ClientHandler?card_type=6&trans_id=LWh0EJzYccnttlJNf3EoWpPAMgE%3D
2022.10.5 13:32:56#---------------------- Complete New Transaction---------------------
2022.10.5 13:32:56#Get trans_id From Post Value:LWh0EJzYccnttlJNf3EoWpPAMgE=
2022.10.5 13:32:56#clientIp:103.58.75.8
2022.10.5 13:32:56#trans_id:LWh0EJzYccnttlJNf3EoWpPAMgE=
2022.10.5 13:33:57#Could not connect to host
2022.10.5 14:35:02#=================== Start New Transaction ===================
2022.10.5 14:35:02#txnrefnum:BBD2007117
2022.10.5 14:35:02#clientIp:103.100.95.18
2022.10.5 14:35:02#card type:6
2022.10.5 14:35:02#totalamount:402000
2022.10.5 14:35:05#result:TRANSACTION_ID:7yRhnOHNimOFnbCbIn6kLEqrZTY=
2022.10.5 14:35:05#Forward to DBBL Payment Gateway Page: https://ecom1.dutchbanglabank.com/ecomm2/ClientHandler?card_type=6&trans_id=7yRhnOHNimOFnbCbIn6kLEqrZTY%3D
2022.10.5 14:36:23#---------------------- Complete New Transaction---------------------
2022.10.5 14:36:23#Get trans_id From Post Value:7yRhnOHNimOFnbCbIn6kLEqrZTY=
2022.10.5 14:36:23#clientIp:103.100.95.18
2022.10.5 14:36:23#trans_id:7yRhnOHNimOFnbCbIn6kLEqrZTY=
2022.10.5 14:36:25#result:RESULT>FAILED^RESULT_CODE>116^3DSECURE>SKIPPED^RRN>227814503787^APPROVAL_CODE>0^CARD_NUMBER>999999*********3698^AMOUNT>402000^CARDNAME>mb account^DESCRIPTION>6BBD2007117^TRANS_DATE>2022-10-05 08:36:22 PM
2022.10.5 14:36:25#Not Sufficient Amount
2022.10.5 14:37:11#=================== Start New Transaction ===================
2022.10.5 14:37:11#txnrefnum:BBD2007117
2022.10.5 14:37:11#clientIp:103.100.95.18
2022.10.5 14:37:11#card type:6
2022.10.5 14:37:11#totalamount:402000
2022.10.5 14:37:14#result:TRANSACTION_ID:xbSFvmvPGLU9ke46NUeKxrsA4CU=
2022.10.5 14:37:14#Forward to DBBL Payment Gateway Page: https://ecom1.dutchbanglabank.com/ecomm2/ClientHandler?card_type=6&trans_id=xbSFvmvPGLU9ke46NUeKxrsA4CU%3D
2022.10.5 14:38:15#=================== Start New Transaction ===================
2022.10.5 14:38:15#txnrefnum:BBD2007117
2022.10.5 14:38:15#clientIp:103.100.95.18
2022.10.5 14:38:15#card type:6
2022.10.5 14:38:15#totalamount:402000
2022.10.5 14:38:18#result:TRANSACTION_ID:MYnis1GdGM87aoqPgcmeALrji2s=
2022.10.5 14:38:18#Forward to DBBL Payment Gateway Page: https://ecom1.dutchbanglabank.com/ecomm2/ClientHandler?card_type=6&trans_id=MYnis1GdGM87aoqPgcmeALrji2s%3D
2022.10.5 14:38:58#---------------------- Complete New Transaction---------------------
2022.10.5 14:38:58#Get trans_id From Post Value:MYnis1GdGM87aoqPgcmeALrji2s=
2022.10.5 14:38:58#clientIp:103.100.95.18
2022.10.5 14:38:58#trans_id:MYnis1GdGM87aoqPgcmeALrji2s=
2022.10.5 14:39:00#result:RESULT>OK^RESULT_CODE>000^3DSECURE>SKIPPED^RRN>227814503934^APPROVAL_CODE>677451^CARD_NUMBER>999999*********9096^AMOUNT>402000^CARDNAME>mb account^DESCRIPTION>6BBD2007117^TRANS_DATE>2022-10-05 08:38:57 PM
2022.10.5 14:39:00#26161705023900
2022.10.5 14:39:00#26161705023900
2022.10.5 14:39:00#26161705023900
2022.10.5 14:39:00#26161705023900
2022.10.5 14:39:00#26161705023900
2022.10.5 14:39:00#26161705023900
2022.10.5 14:39:00#26161705023900
2022.10.5 14:39:00#26161705023900
2022.10.5 14:39:00#26161705023900
2022.10.5 14:39:00#26161705023900
2022.10.5 14:39:00#=================== Transaction Completed =======================
2022.10.5 15:14:41#=================== Start New Transaction ===================
2022.10.5 15:14:41#txnrefnum:MBD2008278
2022.10.5 15:14:41#clientIp:123.253.65.224
2022.10.5 15:14:41#card type:6
2022.10.5 15:14:41#totalamount:402000
2022.10.5 15:14:45#result:TRANSACTION_ID:n7ePHbcMA1a4g13P19BQEAP3qIU=
2022.10.5 15:14:45#Forward to DBBL Payment Gateway Page: https://ecom1.dutchbanglabank.com/ecomm2/ClientHandler?card_type=6&trans_id=n7ePHbcMA1a4g13P19BQEAP3qIU%3D
2022.10.5 16:53:36#=================== Start New Transaction ===================
2022.10.5 16:53:36#txnrefnum:MBD2208230
2022.10.5 16:53:36#clientIp:103.184.94.6
2022.10.5 16:53:36#card type:6
2022.10.5 16:53:36#totalamount:322000
2022.10.5 16:53:40#result:TRANSACTION_ID:WmT0Bmso99BZruBebBzk9rCqR0o=
2022.10.5 16:53:40#Forward to DBBL Payment Gateway Page: https://ecom1.dutchbanglabank.com/ecomm2/ClientHandler?card_type=6&trans_id=WmT0Bmso99BZruBebBzk9rCqR0o%3D
2022.10.5 17:01:56#=================== Start New Transaction ===================
2022.10.5 17:01:56#txnrefnum:MBM2006047
2022.10.5 17:01:56#clientIp:103.81.207.42
2022.10.5 17:01:56#card type:6
2022.10.5 17:01:56#totalamount:82000
2022.10.5 17:02:00#result:TRANSACTION_ID:erocBAPFKcmPQgsPHJ58lVl9Dj8=
2022.10.5 17:02:00#Forward to DBBL Payment Gateway Page: https://ecom1.dutchbanglabank.com/ecomm2/ClientHandler?card_type=6&trans_id=erocBAPFKcmPQgsPHJ58lVl9Dj8%3D
2022.10.5 17:04:28#---------------------- Complete New Transaction---------------------
2022.10.5 17:04:28#Get trans_id From Post Value:erocBAPFKcmPQgsPHJ58lVl9Dj8=
2022.10.5 17:04:28#clientIp:103.81.207.42
2022.10.5 17:04:28#trans_id:erocBAPFKcmPQgsPHJ58lVl9Dj8=
2022.10.5 17:04:30#result:RESULT>OK^RESULT_CODE>000^3DSECURE>SKIPPED^RRN>227817511681^APPROVAL_CODE>209853^CARD_NUMBER>999999*********5413^AMOUNT>82000^CARDNAME>mb account^DESCRIPTION>6MBM2006047^TRANS_DATE>2022-10-05 11:04:27 PM
2022.10.5 17:04:30#17574205050430
2022.10.5 17:04:30#17574205050430
2022.10.5 17:04:30#=================== Transaction Completed =======================