
2022.7.1 11:14:15#=================== Start New Transaction ===================
2022.7.1 11:14:15#txnrefnum:MBB2102087
2022.7.1 11:14:15#clientIp:116.206.252.155
2022.7.1 11:14:15#card type:6
2022.7.1 11:14:15#totalamount:2000
2022.7.1 11:14:21#result:TRANSACTION_ID:NbLZIrusXaTcVZb47EZZozDYySY=
2022.7.1 11:14:21#Forward to DBBL Payment Gateway Page: https://ecom1.dutchbanglabank.com/ecomm2/ClientHandler?card_type=6&trans_id=NbLZIrusXaTcVZb47EZZozDYySY%3D
2022.7.1 12:55:15#=================== Start New Transaction ===================
2022.7.1 13:36:20#=================== Start New Transaction ===================
2022.7.1 13:36:20#txnrefnum:MBM2201424
2022.7.1 13:36:20#clientIp:103.146.68.41
2022.7.1 13:36:20#card type:6
2022.7.1 13:36:20#totalamount:82000
2022.7.1 13:36:26#result:TRANSACTION_ID:Duk0z13IsAJ1nmN3OGrpHqqXCZU=
2022.7.1 13:36:26#Forward to DBBL Payment Gateway Page: https://ecom1.dutchbanglabank.com/ecomm2/ClientHandler?card_type=6&trans_id=Duk0z13IsAJ1nmN3OGrpHqqXCZU%3D
2022.7.1 13:38:08#---------------------- Complete New Transaction---------------------
2022.7.1 13:38:08#Get trans_id From Post Value:Duk0z13IsAJ1nmN3OGrpHqqXCZU=
2022.7.1 13:38:11#clientIp:103.146.68.41
2022.7.1 13:38:11#trans_id:Duk0z13IsAJ1nmN3OGrpHqqXCZU=
2022.7.1 13:38:13#result:RESULT>OK^RESULT_CODE>000^3DSECURE>SKIPPED^RRN>218213546599^APPROVAL_CODE>581023^CARD_NUMBER>999999*********4009^AMOUNT>82000^CARDNAME>mb account^DESCRIPTION>6MBM2201424^TRANS_DATE>2022-07-01 07:38:06 PM
2022.7.1 13:38:13#6121501013813
2022.7.1 13:38:13#=================== Transaction Completed =======================
2022.7.1 14:43:20#=================== Start New Transaction ===================
2022.7.1 14:43:20#txnrefnum:MSC22110535
2022.7.1 14:43:20#clientIp:123.253.65.225
2022.7.1 14:43:20#card type:6
2022.7.1 14:43:20#totalamount:102000
2022.7.1 14:43:25#result:TRANSACTION_ID:eEr1vwIUvDmoGc1pgOzq4D4bIco=
2022.7.1 14:43:26#Forward to DBBL Payment Gateway Page: https://ecom1.dutchbanglabank.com/ecomm2/ClientHandler?card_type=6&trans_id=eEr1vwIUvDmoGc1pgOzq4D4bIco%3D
2022.7.1 14:45:38#---------------------- Complete New Transaction---------------------
2022.7.1 14:45:38#Get trans_id From Post Value:eEr1vwIUvDmoGc1pgOzq4D4bIco=
2022.7.1 14:45:38#clientIp:123.253.65.225
2022.7.1 14:45:38#trans_id:eEr1vwIUvDmoGc1pgOzq4D4bIco=
2022.7.1 14:45:41#result:RESULT>OK^RESULT_CODE>000^3DSECURE>SKIPPED^RRN>218214552313^APPROVAL_CODE>984740^CARD_NUMBER>999999*********0138^AMOUNT>102000^CARDNAME>mb account^DESCRIPTION>6MSC22110535^TRANS_DATE>2022-07-01 08:45:37 PM
2022.7.1 14:45:41#32055401024541
2022.7.1 14:45:41#=================== Transaction Completed =======================
2022.7.1 14:59:48#=================== Start New Transaction ===================
2022.7.1 14:59:48#txnrefnum:MBM2002004
2022.7.1 14:59:48#clientIp:103.14.72.92
2022.7.1 14:59:48#card type:6
2022.7.1 14:59:48#totalamount:162000
2022.7.1 14:59:53#result:TRANSACTION_ID:SHPQaXaxNvtJ8PoF4110kiTqyeM=
2022.7.1 14:59:54#Forward to DBBL Payment Gateway Page: https://ecom1.dutchbanglabank.com/ecomm2/ClientHandler?card_type=6&trans_id=SHPQaXaxNvtJ8PoF4110kiTqyeM%3D
2022.7.1 15:01:35#---------------------- Complete New Transaction---------------------
2022.7.1 15:01:35#Get trans_id From Post Value:SHPQaXaxNvtJ8PoF4110kiTqyeM=
2022.7.1 15:01:35#clientIp:103.14.72.92
2022.7.1 15:01:35#trans_id:SHPQaXaxNvtJ8PoF4110kiTqyeM=
2022.7.1 15:01:38#result:RESULT>FAILED^RESULT_CODE>116^3DSECURE>SKIPPED^RRN>218215553584^APPROVAL_CODE>0^CARD_NUMBER>999999*********2191^AMOUNT>162000^CARDNAME>mb account^DESCRIPTION>6MBM2002004^TRANS_DATE>2022-07-01 09:01:34 PM
2022.7.1 15:01:38#Not Sufficient Amount
2022.7.1 15:03:19#=================== Start New Transaction ===================
2022.7.1 15:03:19#txnrefnum:MBM2002004
2022.7.1 15:03:19#clientIp:103.14.72.92
2022.7.1 15:03:19#card type:6
2022.7.1 15:03:19#totalamount:82000
2022.7.1 15:03:23#result:TRANSACTION_ID:L6qe4WNncMBujbqw29txzluWjAA=
2022.7.1 15:03:23#Forward to DBBL Payment Gateway Page: https://ecom1.dutchbanglabank.com/ecomm2/ClientHandler?card_type=6&trans_id=L6qe4WNncMBujbqw29txzluWjAA%3D
2022.7.1 15:05:12#---------------------- Complete New Transaction---------------------
2022.7.1 15:05:12#Get trans_id From Post Value:L6qe4WNncMBujbqw29txzluWjAA=
2022.7.1 15:05:12#clientIp:103.14.72.92
2022.7.1 15:05:12#trans_id:L6qe4WNncMBujbqw29txzluWjAA=
2022.7.1 15:05:14#result:RESULT>FAILED^RESULT_CODE>116^3DSECURE>SKIPPED^RRN>218215553854^APPROVAL_CODE>0^CARD_NUMBER>999999*********2191^AMOUNT>82000^CARDNAME>mb account^DESCRIPTION>6MBM2002004^TRANS_DATE>2022-07-01 09:05:10 PM
2022.7.1 15:05:14#Not Sufficient Amount
2022.7.1 15:27:46#=================== Start New Transaction ===================
2022.7.1 15:27:46#txnrefnum:MBM2002004
2022.7.1 15:27:46#clientIp:103.14.72.92
2022.7.1 15:27:46#card type:6
2022.7.1 15:27:46#totalamount:82000
2022.7.1 15:27:50#result:TRANSACTION_ID:wLn9YV7kjpdEM5Z05Zr53zl7Eko=
2022.7.1 15:27:50#Forward to DBBL Payment Gateway Page: https://ecom1.dutchbanglabank.com/ecomm2/ClientHandler?card_type=6&trans_id=wLn9YV7kjpdEM5Z05Zr53zl7Eko%3D
2022.7.1 15:29:05#---------------------- Complete New Transaction---------------------
2022.7.1 15:29:05#Get trans_id From Post Value:wLn9YV7kjpdEM5Z05Zr53zl7Eko=
2022.7.1 15:29:05#clientIp:103.14.72.92
2022.7.1 15:29:05#trans_id:wLn9YV7kjpdEM5Z05Zr53zl7Eko=
2022.7.1 15:29:07#result:RESULT>OK^RESULT_CODE>000^3DSECURE>SKIPPED^RRN>218215555783^APPROVAL_CODE>186803^CARD_NUMBER>999999*********2191^AMOUNT>82000^CARDNAME>mb account^DESCRIPTION>6MBM2002004^TRANS_DATE>2022-07-01 09:29:03 PM
2022.7.1 15:29:07#11654801032907
2022.7.1 15:29:07#=================== Transaction Completed =======================
2022.7.1 15:55:34#=================== Start New Transaction ===================
2022.7.1 15:55:34#txnrefnum:MED2007007
2022.7.1 15:55:34#clientIp:103.149.147.156
2022.7.1 15:55:34#card type:6
2022.7.1 15:55:34#totalamount:112000
2022.7.1 15:55:39#result:TRANSACTION_ID:oqhp0DiyVgPkRieL07EabyB1fpg=
2022.7.1 15:55:39#Forward to DBBL Payment Gateway Page: https://ecom1.dutchbanglabank.com/ecomm2/ClientHandler?card_type=6&trans_id=oqhp0DiyVgPkRieL07EabyB1fpg%3D
2022.7.1 16:12:01#=================== Start New Transaction ===================
2022.7.1 16:12:01#txnrefnum:BBM2003071
2022.7.1 16:12:01#clientIp:103.138.120.166
2022.7.1 16:12:01#card type:6
2022.7.1 16:12:01#totalamount:82000
2022.7.1 16:12:06#result:TRANSACTION_ID:WV9jS4VpJLY1idwby7oVJa1SPlY=
2022.7.1 16:12:06#Forward to DBBL Payment Gateway Page: https://ecom1.dutchbanglabank.com/ecomm2/ClientHandler?card_type=6&trans_id=WV9jS4VpJLY1idwby7oVJa1SPlY%3D
2022.7.1 16:13:07#---------------------- Complete New Transaction---------------------
2022.7.1 16:13:07#Get trans_id From Post Value:WV9jS4VpJLY1idwby7oVJa1SPlY=
2022.7.1 16:13:07#clientIp:103.138.120.166
2022.7.1 16:13:07#trans_id:WV9jS4VpJLY1idwby7oVJa1SPlY=
2022.7.1 16:13:09#result:RESULT>OK^RESULT_CODE>000^3DSECURE>SKIPPED^RRN>218216559163^APPROVAL_CODE>315220^CARD_NUMBER>999999*********3297^AMOUNT>82000^CARDNAME>mb account^DESCRIPTION>6BBM2003071^TRANS_DATE>2022-07-01 10:13:04 PM
2022.7.1 16:13:09#23835301041309
2022.7.1 16:13:09#=================== Transaction Completed =======================
2022.7.1 16:14:17#=================== Start New Transaction ===================
2022.7.1 16:14:17#txnrefnum:BBD2007087
2022.7.1 16:14:17#clientIp:103.138.120.166
2022.7.1 16:14:17#card type:6
2022.7.1 16:14:17#totalamount:82000
2022.7.1 16:14:21#result:TRANSACTION_ID:Ac9xIAIMuVoMR4YFxwmPJH5IPL8=
2022.7.1 16:14:21#Forward to DBBL Payment Gateway Page: https://ecom1.dutchbanglabank.com/ecomm2/ClientHandler?card_type=6&trans_id=Ac9xIAIMuVoMR4YFxwmPJH5IPL8%3D
2022.7.1 16:14:58#---------------------- Complete New Transaction---------------------
2022.7.1 16:14:58#Get trans_id From Post Value:Ac9xIAIMuVoMR4YFxwmPJH5IPL8=
2022.7.1 16:14:58#clientIp:103.138.120.166
2022.7.1 16:14:58#trans_id:Ac9xIAIMuVoMR4YFxwmPJH5IPL8=
2022.7.1 16:15:01#result:RESULT>OK^RESULT_CODE>000^3DSECURE>SKIPPED^RRN>218216559298^APPROVAL_CODE>397917^CARD_NUMBER>999999*********3297^AMOUNT>82000^CARDNAME>mb account^DESCRIPTION>6BBD2007087^TRANS_DATE>2022-07-01 10:14:57 PM
2022.7.1 16:15:01#26022601041501
2022.7.1 16:15:01#=================== Transaction Completed =======================