
2022.12.17 03:02:34#=================== Start New Transaction ===================
2022.12.17 03:02:34#txnrefnum:MBM2007003
2022.12.17 03:02:34#clientIp:202.134.10.138
2022.12.17 03:02:34#card type:6
2022.12.17 03:02:34#totalamount:2000
2022.12.17 03:02:37#result:TRANSACTION_ID:9fMxnFPVoiiX6ihAc4EGHjRiKB0=
2022.12.17 03:02:37#Forward to DBBL Payment Gateway Page: https://ecom1.dutchbanglabank.com/ecomm2/ClientHandler?card_type=6&trans_id=9fMxnFPVoiiX6ihAc4EGHjRiKB0%3D
2022.12.17 03:37:19#=================== Start New Transaction ===================
2022.12.17 03:37:19#txnrefnum:mbd2006074
2022.12.17 03:37:19#clientIp:202.134.10.138
2022.12.17 03:37:19#card type:6
2022.12.17 03:37:19#totalamount:2000
2022.12.17 03:37:22#result:TRANSACTION_ID:CYTIvfsL6ngkl8kaORSotEbThf0=
2022.12.17 03:37:22#Forward to DBBL Payment Gateway Page: https://ecom1.dutchbanglabank.com/ecomm2/ClientHandler?card_type=6&trans_id=CYTIvfsL6ngkl8kaORSotEbThf0%3D
2022.12.17 05:28:37#=================== Start New Transaction ===================
2022.12.17 05:28:37#txnrefnum:BBD2008059
2022.12.17 05:28:37#clientIp:103.168.207.86
2022.12.17 05:28:37#card type:6
2022.12.17 05:28:37#totalamount:1811500
2022.12.17 05:28:40#result:TRANSACTION_ID:swfmhAT0mVWNIZ91PfEYHNriOmE=
2022.12.17 05:28:40#Forward to DBBL Payment Gateway Page: https://ecom1.dutchbanglabank.com/ecomm2/ClientHandler?card_type=6&trans_id=swfmhAT0mVWNIZ91PfEYHNriOmE%3D
2022.12.17 05:39:40#=================== Start New Transaction ===================
2022.12.17 05:39:40#txnrefnum:BBD2008059
2022.12.17 05:39:40#clientIp:103.168.207.86
2022.12.17 05:39:40#card type:6
2022.12.17 05:39:40#totalamount:242000
2022.12.17 05:39:43#result:TRANSACTION_ID:ynJ3PyLf1KbKfWpOFjumMHSlWpk=
2022.12.17 05:39:43#Forward to DBBL Payment Gateway Page: https://ecom1.dutchbanglabank.com/ecomm2/ClientHandler?card_type=6&trans_id=ynJ3PyLf1KbKfWpOFjumMHSlWpk%3D
2022.12.17 05:41:11#=================== Start New Transaction ===================
2022.12.17 05:41:11#txnrefnum:BBD2008059
2022.12.17 05:41:11#clientIp:103.168.207.86
2022.12.17 05:41:11#card type:6
2022.12.17 05:41:11#totalamount:242000
2022.12.17 05:41:14#result:TRANSACTION_ID:cqL688szoZJAHEbXZp8xd5huohI=
2022.12.17 05:41:14#Forward to DBBL Payment Gateway Page: https://ecom1.dutchbanglabank.com/ecomm2/ClientHandler?card_type=6&trans_id=cqL688szoZJAHEbXZp8xd5huohI%3D
2022.12.17 05:41:59#---------------------- Complete New Transaction---------------------
2022.12.17 05:41:59#Get trans_id From Post Value:cqL688szoZJAHEbXZp8xd5huohI=
2022.12.17 05:41:59#clientIp:103.168.207.86
2022.12.17 05:41:59#trans_id:cqL688szoZJAHEbXZp8xd5huohI=
2022.12.17 05:42:01#result:RESULT>OK^RESULT_CODE>000^3DSECURE>SKIPPED^RRN>235105702683^APPROVAL_CODE>857587^CARD_NUMBER>999999*********1380^AMOUNT>242000^CARDNAME>mb account^DESCRIPTION>6BBD2008059^TRANS_DATE>2022-12-17 11:41:58 AM
2022.12.17 05:42:01#26834917054201
2022.12.17 05:42:01#26834917054201
2022.12.17 05:42:01#26834917054201
2022.12.17 05:42:01#26834917054201
2022.12.17 05:42:01#26834917054201
2022.12.17 05:42:01#26834917054201
2022.12.17 05:42:01#=================== Transaction Completed =======================
2022.12.17 06:19:00#=================== Start New Transaction ===================
2022.12.17 06:19:00#txnrefnum:MBD2207028
2022.12.17 06:19:00#clientIp:103.149.147.134
2022.12.17 06:19:00#card type:6
2022.12.17 06:19:00#totalamount:2000
2022.12.17 06:19:03#result:TRANSACTION_ID:HgcRel7gQnvtmjP19Z0a6tUq5XE=
2022.12.17 06:19:03#Forward to DBBL Payment Gateway Page: https://ecom1.dutchbanglabank.com/ecomm2/ClientHandler?card_type=6&trans_id=HgcRel7gQnvtmjP19Z0a6tUq5XE%3D
2022.12.17 06:40:42#=================== Start New Transaction ===================
2022.12.17 06:40:42#txnrefnum:BBD2006190
2022.12.17 06:40:42#clientIp:103.187.24.20
2022.12.17 06:40:42#card type:6
2022.12.17 06:40:42#totalamount:2000
2022.12.17 06:40:45#result:TRANSACTION_ID:shMHtsw3VLd77EOKIiXrcIdfDxE=
2022.12.17 06:40:45#Forward to DBBL Payment Gateway Page: https://ecom1.dutchbanglabank.com/ecomm2/ClientHandler?card_type=6&trans_id=shMHtsw3VLd77EOKIiXrcIdfDxE%3D
2022.12.17 07:46:07#=================== Start New Transaction ===================
2022.12.17 07:46:07#txnrefnum:BBD2008084
2022.12.17 07:46:07#clientIp:103.176.237.235
2022.12.17 07:46:07#card type:6
2022.12.17 07:46:07#totalamount:322000
2022.12.17 07:46:10#result:TRANSACTION_ID:jPwg7whnDdypNSYcD6pEPMdjbO0=
2022.12.17 07:46:10#Forward to DBBL Payment Gateway Page: https://ecom1.dutchbanglabank.com/ecomm2/ClientHandler?card_type=6&trans_id=jPwg7whnDdypNSYcD6pEPMdjbO0%3D
2022.12.17 07:46:54#---------------------- Complete New Transaction---------------------
2022.12.17 07:46:54#Get trans_id From Post Value:jPwg7whnDdypNSYcD6pEPMdjbO0=
2022.12.17 07:46:55#clientIp:103.176.237.235
2022.12.17 07:46:55#trans_id:jPwg7whnDdypNSYcD6pEPMdjbO0=
2022.12.17 07:46:57#result:RESULT>OK^RESULT_CODE>000^3DSECURE>SKIPPED^RRN>235107712174^APPROVAL_CODE>374294^CARD_NUMBER>999999*********4195^AMOUNT>322000^CARDNAME>mb account^DESCRIPTION>6BBD2008084^TRANS_DATE>2022-12-17 01:46:53 PM
2022.12.17 07:46:57#26933617074657
2022.12.17 07:46:57#26933617074657
2022.12.17 07:46:57#26933617074657
2022.12.17 07:46:57#26933617074657
2022.12.17 07:46:57#26933617074657
2022.12.17 07:46:57#26933617074657
2022.12.17 07:46:57#26933617074657
2022.12.17 07:46:58#26933617074657
2022.12.17 07:46:58#=================== Transaction Completed =======================
2022.12.17 09:08:57#=================== Start New Transaction ===================
2022.12.17 09:08:57#txnrefnum:BBD2008031
2022.12.17 09:08:57#clientIp:103.153.66.218
2022.12.17 09:08:57#card type:6
2022.12.17 09:08:57#totalamount:402000
2022.12.17 09:09:00#result:TRANSACTION_ID:FFjc13Gbq4HPvX7TxvLirrux1gY=
2022.12.17 09:09:00#Forward to DBBL Payment Gateway Page: https://ecom1.dutchbanglabank.com/ecomm2/ClientHandler?card_type=6&trans_id=FFjc13Gbq4HPvX7TxvLirrux1gY%3D
2022.12.17 09:17:39#=================== Start New Transaction ===================
2022.12.17 09:17:39#txnrefnum:BBD2008031
2022.12.17 09:17:39#clientIp:103.153.66.218
2022.12.17 09:17:39#card type:6
2022.12.17 09:17:39#totalamount:402000
2022.12.17 09:17:42#result:TRANSACTION_ID:tnGcxTwV2AxhzoHKqsOsDXGk7Zw=
2022.12.17 09:17:42#Forward to DBBL Payment Gateway Page: https://ecom1.dutchbanglabank.com/ecomm2/ClientHandler?card_type=6&trans_id=tnGcxTwV2AxhzoHKqsOsDXGk7Zw%3D
2022.12.17 09:19:28#---------------------- Complete New Transaction---------------------
2022.12.17 09:19:28#Get trans_id From Post Value:tnGcxTwV2AxhzoHKqsOsDXGk7Zw=
2022.12.17 09:19:28#clientIp:103.153.66.218
2022.12.17 09:19:28#trans_id:tnGcxTwV2AxhzoHKqsOsDXGk7Zw=
2022.12.17 09:19:30#result:RESULT>OK^RESULT_CODE>000^3DSECURE>SKIPPED^RRN>235109718109^APPROVAL_CODE>661707^CARD_NUMBER>999999*********9848^AMOUNT>402000^CARDNAME>mb account^DESCRIPTION>6BBD2008031^TRANS_DATE>2022-12-17 03:19:27 PM
2022.12.17 09:19:30#26749917091930
2022.12.17 09:19:30#26749917091930
2022.12.17 09:19:30#26749917091930
2022.12.17 09:19:30#26749917091930
2022.12.17 09:19:30#26749917091930
2022.12.17 09:19:30#26749917091930
2022.12.17 09:19:30#26749917091930
2022.12.17 09:19:31#26749917091930
2022.12.17 09:19:31#26749917091930
2022.12.17 09:19:31#26749917091930
2022.12.17 09:19:31#=================== Transaction Completed =======================
2022.12.17 10:17:11#=================== Start New Transaction ===================
2022.12.17 10:17:11#txnrefnum:BBM2206119
2022.12.17 10:17:11#clientIp:114.130.185.217
2022.12.17 10:17:11#card type:6
2022.12.17 10:17:11#totalamount:242000
2022.12.17 10:17:14#result:TRANSACTION_ID:VOkdI80F7z9jzzx0vOHPXAaLE3E=
2022.12.17 10:17:14#Forward to DBBL Payment Gateway Page: https://ecom1.dutchbanglabank.com/ecomm2/ClientHandler?card_type=6&trans_id=VOkdI80F7z9jzzx0vOHPXAaLE3E%3D
2022.12.17 10:17:38#---------------------- Complete New Transaction---------------------
2022.12.17 10:17:38#Get trans_id From Post Value:VOkdI80F7z9jzzx0vOHPXAaLE3E=
2022.12.17 10:17:38#clientIp:114.130.185.217
2022.12.17 10:17:38#trans_id:VOkdI80F7z9jzzx0vOHPXAaLE3E=
2022.12.17 10:17:40#result:RESULT>OK^RESULT_CODE>000^3DSECURE>SKIPPED^RRN>235110721714^APPROVAL_CODE>775093^CARD_NUMBER>999999*********6896^AMOUNT>242000^CARDNAME>mb account^DESCRIPTION>6BBM2206119^TRANS_DATE>2022-12-17 04:17:37 PM
2022.12.17 10:17:40#24396017101740
2022.12.17 10:17:40#24396017101740
2022.12.17 10:17:40#24396017101740
2022.12.17 10:17:40#24396017101740
2022.12.17 10:17:40#24396017101740
2022.12.17 10:17:40#24396017101740
2022.12.17 10:17:40#=================== Transaction Completed =======================
2022.12.17 12:41:01#=================== Start New Transaction ===================
2022.12.17 12:41:01#txnrefnum:BBD2007181
2022.12.17 12:41:01#clientIp:103.100.95.18
2022.12.17 12:41:01#card type:6
2022.12.17 12:41:01#totalamount:82000
2022.12.17 12:41:04#result:TRANSACTION_ID:CrrEZ0orXvEkKmvAHGc0P3hmHeQ=
2022.12.17 12:41:04#Forward to DBBL Payment Gateway Page: https://ecom1.dutchbanglabank.com/ecomm2/ClientHandler?card_type=6&trans_id=CrrEZ0orXvEkKmvAHGc0P3hmHeQ%3D
2022.12.17 12:42:47#=================== Start New Transaction ===================
2022.12.17 12:42:47#txnrefnum:BBD2007181
2022.12.17 12:42:47#clientIp:103.100.95.18
2022.12.17 12:42:47#card type:6
2022.12.17 12:42:47#totalamount:82000
2022.12.17 12:42:50#result:TRANSACTION_ID:Stoj8xPP9UuPBb7y1Kud6TgvgeM=
2022.12.17 12:42:50#Forward to DBBL Payment Gateway Page: https://ecom1.dutchbanglabank.com/ecomm2/ClientHandler?card_type=6&trans_id=Stoj8xPP9UuPBb7y1Kud6TgvgeM%3D
2022.12.17 12:43:21#---------------------- Complete New Transaction---------------------
2022.12.17 12:43:21#Get trans_id From Post Value:Stoj8xPP9UuPBb7y1Kud6TgvgeM=
2022.12.17 12:43:21#clientIp:103.100.95.18
2022.12.17 12:43:21#trans_id:Stoj8xPP9UuPBb7y1Kud6TgvgeM=
2022.12.17 12:43:23#result:RESULT>OK^RESULT_CODE>000^3DSECURE>SKIPPED^RRN>235112730256^APPROVAL_CODE>597396^CARD_NUMBER>999999*********8025^AMOUNT>82000^CARDNAME>mb account^DESCRIPTION>6BBD2007181^TRANS_DATE>2022-12-17 06:43:20 PM
2022.12.17 12:43:23#26190917124323
2022.12.17 12:43:24#26190917124323
2022.12.17 12:43:24#=================== Transaction Completed =======================
2022.12.17 12:57:07#=================== Start New Transaction ===================
2022.12.17 12:57:07#txnrefnum:MBG2104064
2022.12.17 12:57:07#clientIp:103.184.94.2
2022.12.17 12:57:07#card type:6
2022.12.17 12:57:07#totalamount:2000
2022.12.17 12:57:11#result:TRANSACTION_ID:5ULlrzUYWhhHUwltKYKyVmNinYU=
2022.12.17 12:57:11#Forward to DBBL Payment Gateway Page: https://ecom1.dutchbanglabank.com/ecomm2/ClientHandler?card_type=6&trans_id=5ULlrzUYWhhHUwltKYKyVmNinYU%3D
2022.12.17 12:58:21#=================== Start New Transaction ===================
2022.12.17 12:58:21#txnrefnum:MBG2104064
2022.12.17 12:58:21#clientIp:103.184.94.1
2022.12.17 12:58:21#card type:6
2022.12.17 12:58:21#totalamount:2000
2022.12.17 12:58:23#result:TRANSACTION_ID:ZhtPllYg2LDQTDkzo1Es3bZyXa8=
2022.12.17 12:58:24#Forward to DBBL Payment Gateway Page: https://ecom1.dutchbanglabank.com/ecomm2/ClientHandler?card_type=6&trans_id=ZhtPllYg2LDQTDkzo1Es3bZyXa8%3D
2022.12.17 12:59:09#=================== Start New Transaction ===================
2022.12.17 12:59:09#txnrefnum:MBG2104064
2022.12.17 12:59:09#clientIp:103.184.94.3
2022.12.17 12:59:09#card type:6
2022.12.17 12:59:09#totalamount:2000
2022.12.17 12:59:12#result:TRANSACTION_ID:kPS3b6IhEZVbMRX3kvfTS6jRz9s=
2022.12.17 12:59:12#Forward to DBBL Payment Gateway Page: https://ecom1.dutchbanglabank.com/ecomm2/ClientHandler?card_type=6&trans_id=kPS3b6IhEZVbMRX3kvfTS6jRz9s%3D
2022.12.17 12:59:58#=================== Start New Transaction ===================
2022.12.17 12:59:58#txnrefnum:MBG2104064
2022.12.17 12:59:58#clientIp:103.184.94.1
2022.12.17 12:59:58#card type:6
2022.12.17 12:59:58#totalamount:2000
2022.12.17 13:00:01#result:TRANSACTION_ID:0nLE4t03tdl25rGP9usTucDBbE0=
2022.12.17 13:00:01#Forward to DBBL Payment Gateway Page: https://ecom1.dutchbanglabank.com/ecomm2/ClientHandler?card_type=6&trans_id=0nLE4t03tdl25rGP9usTucDBbE0%3D
2022.12.17 13:01:33#=================== Start New Transaction ===================
2022.12.17 13:01:33#txnrefnum:MBG2104064
2022.12.17 13:01:33#clientIp:103.184.94.2
2022.12.17 13:01:33#card type:6
2022.12.17 13:01:33#totalamount:2000
2022.12.17 13:01:36#result:TRANSACTION_ID:pJ0ik0P5GiXtF0Z8m5YR6k6n54o=
2022.12.17 13:01:36#Forward to DBBL Payment Gateway Page: https://ecom1.dutchbanglabank.com/ecomm2/ClientHandler?card_type=6&trans_id=pJ0ik0P5GiXtF0Z8m5YR6k6n54o%3D
2022.12.17 13:02:34#=================== Start New Transaction ===================
2022.12.17 13:02:34#txnrefnum:MBG2104064
2022.12.17 13:02:34#clientIp:103.184.94.1
2022.12.17 13:02:34#card type:6
2022.12.17 13:02:34#totalamount:2000
2022.12.17 13:02:36#result:TRANSACTION_ID:kcePpzISsYlKNHGt1c0UU7zccis=
2022.12.17 13:02:37#Forward to DBBL Payment Gateway Page: https://ecom1.dutchbanglabank.com/ecomm2/ClientHandler?card_type=6&trans_id=kcePpzISsYlKNHGt1c0UU7zccis%3D
2022.12.17 13:05:50#=================== Start New Transaction ===================
2022.12.17 13:05:50#txnrefnum:MBG2104064
2022.12.17 13:05:50#clientIp:103.184.94.2
2022.12.17 13:05:50#card type:6
2022.12.17 13:05:50#totalamount:2000
2022.12.17 13:05:53#result:TRANSACTION_ID:ObTub61g2876YKvgXxb4bu2mSs0=
2022.12.17 13:05:53#Forward to DBBL Payment Gateway Page: https://ecom1.dutchbanglabank.com/ecomm2/ClientHandler?card_type=6&trans_id=ObTub61g2876YKvgXxb4bu2mSs0%3D
2022.12.17 13:08:31#=================== Start New Transaction ===================
2022.12.17 13:08:31#txnrefnum:MBG2104064
2022.12.17 13:08:31#clientIp:103.184.94.2
2022.12.17 13:08:31#card type:6
2022.12.17 13:08:31#totalamount:2000
2022.12.17 13:08:33#result:TRANSACTION_ID:S0yM9zgVtRpf6oEfwrvuHm8SgAo=
2022.12.17 13:08:34#Forward to DBBL Payment Gateway Page: https://ecom1.dutchbanglabank.com/ecomm2/ClientHandler?card_type=6&trans_id=S0yM9zgVtRpf6oEfwrvuHm8SgAo%3D
2022.12.17 13:09:21#=================== Start New Transaction ===================
2022.12.17 13:09:21#txnrefnum:MBG2104064
2022.12.17 13:09:21#clientIp:103.184.94.5
2022.12.17 13:09:21#card type:6
2022.12.17 13:09:21#totalamount:2000
2022.12.17 13:09:24#result:TRANSACTION_ID:dCEbEOPKkGEVywzXq5bfTLPMlHs=
2022.12.17 13:09:25#Forward to DBBL Payment Gateway Page: https://ecom1.dutchbanglabank.com/ecomm2/ClientHandler?card_type=6&trans_id=dCEbEOPKkGEVywzXq5bfTLPMlHs%3D
2022.12.17 13:09:35#=================== Start New Transaction ===================
2022.12.17 13:09:35#txnrefnum:BBM2003028
2022.12.17 13:09:35#clientIp:103.237.36.217
2022.12.17 13:09:35#card type:6
2022.12.17 13:09:35#totalamount:2000
2022.12.17 13:09:38#result:TRANSACTION_ID:grgpWhMPqPzudQGCwlBmEzLEAE8=
2022.12.17 13:09:38#Forward to DBBL Payment Gateway Page: https://ecom1.dutchbanglabank.com/ecomm2/ClientHandler?card_type=6&trans_id=grgpWhMPqPzudQGCwlBmEzLEAE8%3D
2022.12.17 13:10:13#=================== Start New Transaction ===================
2022.12.17 13:10:13#txnrefnum:MBG2104064
2022.12.17 13:10:13#clientIp:103.184.94.1
2022.12.17 13:10:13#card type:6
2022.12.17 13:10:13#totalamount:2000
2022.12.17 13:10:16#result:TRANSACTION_ID:QGkCW3klnB0idczWY7YHRaJAtds=
2022.12.17 13:10:16#Forward to DBBL Payment Gateway Page: https://ecom1.dutchbanglabank.com/ecomm2/ClientHandler?card_type=6&trans_id=QGkCW3klnB0idczWY7YHRaJAtds%3D
2022.12.17 13:11:41#=================== Start New Transaction ===================
2022.12.17 13:11:41#txnrefnum:MBG2104064
2022.12.17 13:11:41#clientIp:103.184.94.6
2022.12.17 13:11:41#card type:6
2022.12.17 13:11:41#totalamount:2000
2022.12.17 13:11:44#result:TRANSACTION_ID:bGdhwQLhyHyZISKXYsZjhASSrIw=
2022.12.17 13:11:44#Forward to DBBL Payment Gateway Page: https://ecom1.dutchbanglabank.com/ecomm2/ClientHandler?card_type=6&trans_id=bGdhwQLhyHyZISKXYsZjhASSrIw%3D
2022.12.17 13:12:37#=================== Start New Transaction ===================
2022.12.17 13:12:37#txnrefnum:MBM2007003
2022.12.17 13:12:37#clientIp:202.134.14.135
2022.12.17 13:12:37#card type:6
2022.12.17 13:12:37#totalamount:2000
2022.12.17 13:12:41#result:TRANSACTION_ID:PPLSzcmd3xdmTFPlaXZYxxHlXR0=
2022.12.17 13:12:41#Forward to DBBL Payment Gateway Page: https://ecom1.dutchbanglabank.com/ecomm2/ClientHandler?card_type=6&trans_id=PPLSzcmd3xdmTFPlaXZYxxHlXR0%3D
2022.12.17 13:13:01#=================== Start New Transaction ===================
2022.12.17 13:13:01#txnrefnum:MBG2104064
2022.12.17 13:13:01#clientIp:103.184.94.6
2022.12.17 13:13:01#card type:6
2022.12.17 13:13:01#totalamount:2000
2022.12.17 13:13:04#result:TRANSACTION_ID:h8gD5LK3cYGOYVHM3GHLcpWeRvo=
2022.12.17 13:13:04#Forward to DBBL Payment Gateway Page: https://ecom1.dutchbanglabank.com/ecomm2/ClientHandler?card_type=6&trans_id=h8gD5LK3cYGOYVHM3GHLcpWeRvo%3D
2022.12.17 13:14:07#=================== Start New Transaction ===================
2022.12.17 13:14:07#txnrefnum:MBG2104064
2022.12.17 13:14:07#clientIp:103.184.94.1
2022.12.17 13:14:07#card type:6
2022.12.17 13:14:07#totalamount:2000
2022.12.17 13:14:10#result:TRANSACTION_ID:8NZPpZM0N4FuuPuwdzG6VXDVEOU=
2022.12.17 13:14:10#Forward to DBBL Payment Gateway Page: https://ecom1.dutchbanglabank.com/ecomm2/ClientHandler?card_type=6&trans_id=8NZPpZM0N4FuuPuwdzG6VXDVEOU%3D
2022.12.17 13:15:00#=================== Start New Transaction ===================
2022.12.17 13:15:00#txnrefnum:MBG2104064
2022.12.17 13:15:00#clientIp:103.184.94.3
2022.12.17 13:15:00#card type:6
2022.12.17 13:15:00#totalamount:2000
2022.12.17 13:15:03#result:TRANSACTION_ID:ns2jMASFLoWGoSHTxBwAUS6aj5Y=
2022.12.17 13:15:03#Forward to DBBL Payment Gateway Page: https://ecom1.dutchbanglabank.com/ecomm2/ClientHandler?card_type=6&trans_id=ns2jMASFLoWGoSHTxBwAUS6aj5Y%3D
2022.12.17 13:16:36#=================== Start New Transaction ===================
2022.12.17 13:16:36#txnrefnum:MBG2104064
2022.12.17 13:16:36#clientIp:103.184.94.1
2022.12.17 13:16:36#card type:6
2022.12.17 13:16:36#totalamount:2000
2022.12.17 13:16:39#result:TRANSACTION_ID:oUvtkiIXrX92DfHK7sY0rqHcrtI=
2022.12.17 13:16:39#Forward to DBBL Payment Gateway Page: https://ecom1.dutchbanglabank.com/ecomm2/ClientHandler?card_type=6&trans_id=oUvtkiIXrX92DfHK7sY0rqHcrtI%3D
2022.12.17 13:17:13#=================== Start New Transaction ===================
2022.12.17 13:17:13#txnrefnum:MBG2104064
2022.12.17 13:17:13#clientIp:103.184.94.1
2022.12.17 13:17:13#card type:6
2022.12.17 13:17:13#totalamount:2000
2022.12.17 13:17:16#result:TRANSACTION_ID:3pv9MESXZcp1WgP4KQXeVok9NJU=
2022.12.17 13:17:16#Forward to DBBL Payment Gateway Page: https://ecom1.dutchbanglabank.com/ecomm2/ClientHandler?card_type=6&trans_id=3pv9MESXZcp1WgP4KQXeVok9NJU%3D
2022.12.17 13:21:07#=================== Start New Transaction ===================
2022.12.17 13:21:07#txnrefnum:MBG2104064
2022.12.17 13:21:07#clientIp:103.184.94.1
2022.12.17 13:21:07#card type:6
2022.12.17 13:21:07#totalamount:2000
2022.12.17 13:21:10#result:TRANSACTION_ID:YYv56d2Gnrwb9uWozCeUQNvpFwQ=
2022.12.17 13:21:10#Forward to DBBL Payment Gateway Page: https://ecom1.dutchbanglabank.com/ecomm2/ClientHandler?card_type=6&trans_id=YYv56d2Gnrwb9uWozCeUQNvpFwQ%3D
2022.12.17 13:30:04#=================== Start New Transaction ===================
2022.12.17 13:30:04#txnrefnum:BBM2003028
2022.12.17 13:30:04#clientIp:103.100.95.18
2022.12.17 13:30:04#card type:6
2022.12.17 13:30:04#totalamount:2000
2022.12.17 13:30:07#result:TRANSACTION_ID:vPK3j4NQiQKUtolnHldbV0Davj0=
2022.12.17 13:30:07#Forward to DBBL Payment Gateway Page: https://ecom1.dutchbanglabank.com/ecomm2/ClientHandler?card_type=6&trans_id=vPK3j4NQiQKUtolnHldbV0Davj0%3D
2022.12.17 13:30:37#=================== Start New Transaction ===================
2022.12.17 13:30:37#txnrefnum:MBD2304030
2022.12.17 13:30:37#clientIp:103.140.176.30
2022.12.17 13:30:37#card type:6
2022.12.17 13:30:37#totalamount:802000
2022.12.17 13:30:40#result:TRANSACTION_ID:HJRGUIzAJcfGeXMU4O1USxfq5Hw=
2022.12.17 13:30:40#Forward to DBBL Payment Gateway Page: https://ecom1.dutchbanglabank.com/ecomm2/ClientHandler?card_type=6&trans_id=HJRGUIzAJcfGeXMU4O1USxfq5Hw%3D
2022.12.17 13:30:56#---------------------- Complete New Transaction---------------------
2022.12.17 13:30:56#Get trans_id From Post Value:HJRGUIzAJcfGeXMU4O1USxfq5Hw=
2022.12.17 13:30:56#clientIp:103.140.176.30
2022.12.17 13:30:56#trans_id:HJRGUIzAJcfGeXMU4O1USxfq5Hw=
2022.12.17 13:30:58#result:RESULT>OK^RESULT_CODE>000^3DSECURE>SKIPPED^RRN>235113733524^APPROVAL_CODE>811860^CARD_NUMBER>999999*********0514^AMOUNT>802000^CARDNAME>mb account^DESCRIPTION>6MBD2304030^TRANS_DATE>2022-12-17 07:30:55 PM
2022.12.17 13:30:58#35728717013058
2022.12.17 13:30:58#35728717013058
2022.12.17 13:30:58#35728717013058
2022.12.17 13:30:59#35728717013058
2022.12.17 13:30:59#=================== Transaction Completed =======================
2022.12.17 13:31:15#=================== Start New Transaction ===================
2022.12.17 13:31:15#txnrefnum:MBD2305009
2022.12.17 13:31:15#clientIp:103.140.176.30
2022.12.17 13:31:15#card type:6
2022.12.17 13:31:15#totalamount:802000
2022.12.17 13:31:17#result:TRANSACTION_ID:aHttbNdQgwKlSP3EEkesKj59gPk=
2022.12.17 13:31:18#Forward to DBBL Payment Gateway Page: https://ecom1.dutchbanglabank.com/ecomm2/ClientHandler?card_type=6&trans_id=aHttbNdQgwKlSP3EEkesKj59gPk%3D
2022.12.17 13:31:44#---------------------- Complete New Transaction---------------------
2022.12.17 13:31:44#Get trans_id From Post Value:aHttbNdQgwKlSP3EEkesKj59gPk=
2022.12.17 13:31:44#clientIp:103.140.176.30
2022.12.17 13:31:44#trans_id:aHttbNdQgwKlSP3EEkesKj59gPk=
2022.12.17 13:31:45#result:RESULT>OK^RESULT_CODE>000^3DSECURE>SKIPPED^RRN>235113733575^APPROVAL_CODE>815381^CARD_NUMBER>999999*********0514^AMOUNT>802000^CARDNAME>mb account^DESCRIPTION>6MBD2305009^TRANS_DATE>2022-12-17 07:31:43 PM
2022.12.17 13:31:46#35728917013145
2022.12.17 13:31:46#35728917013145
2022.12.17 13:31:46#35728917013145
2022.12.17 13:31:46#35728917013145
2022.12.17 13:31:46#=================== Transaction Completed =======================
2022.12.17 13:36:12#=================== Start New Transaction ===================
2022.12.17 13:36:12#txnrefnum:MBD2306285
2022.12.17 13:36:12#clientIp:202.134.14.135
2022.12.17 13:36:12#card type:6
2022.12.17 13:36:12#totalamount:802000
2022.12.17 13:36:15#result:TRANSACTION_ID:5HS4i79NdTNOOTl3RdI9qT1fjWk=
2022.12.17 13:36:15#Forward to DBBL Payment Gateway Page: https://ecom1.dutchbanglabank.com/ecomm2/ClientHandler?card_type=6&trans_id=5HS4i79NdTNOOTl3RdI9qT1fjWk%3D
2022.12.17 13:36:32#=================== Start New Transaction ===================
2022.12.17 13:36:32#txnrefnum:MEM2303002
2022.12.17 13:36:32#clientIp:103.130.112.156
2022.12.17 13:36:32#card type:6
2022.12.17 13:36:32#totalamount:1002000
2022.12.17 13:36:35#result:TRANSACTION_ID:II5Q4N0YA4ZQqHJZsyZpmN0yDLo=
2022.12.17 13:36:35#Forward to DBBL Payment Gateway Page: https://ecom1.dutchbanglabank.com/ecomm2/ClientHandler?card_type=6&trans_id=II5Q4N0YA4ZQqHJZsyZpmN0yDLo%3D
2022.12.17 13:36:41#---------------------- Complete New Transaction---------------------
2022.12.17 13:36:41#Get trans_id From Post Value:5HS4i79NdTNOOTl3RdI9qT1fjWk=
2022.12.17 13:36:41#clientIp:202.134.14.135
2022.12.17 13:36:41#trans_id:5HS4i79NdTNOOTl3RdI9qT1fjWk=
2022.12.17 13:36:43#result:RESULT>OK^RESULT_CODE>000^3DSECURE>SKIPPED^RRN>235113733859^APPROVAL_CODE>837535^CARD_NUMBER>999999*********7532^AMOUNT>802000^CARDNAME>mb account^DESCRIPTION>6MBD2306285^TRANS_DATE>2022-12-17 07:36:40 PM
2022.12.17 13:36:43#35729117013643
2022.12.17 13:36:43#35729117013643
2022.12.17 13:36:43#35729117013643
2022.12.17 13:36:44#35729117013643
2022.12.17 13:36:44#=================== Transaction Completed =======================
2022.12.17 13:38:39#=================== Start New Transaction ===================
2022.12.17 13:38:39#txnrefnum:MBD2301030
2022.12.17 13:38:39#clientIp:202.134.14.135
2022.12.17 13:38:39#card type:6
2022.12.17 13:38:39#totalamount:802000
2022.12.17 13:38:42#result:TRANSACTION_ID:47y4Xrk3gruxtyW7RNbfFarvS9o=
2022.12.17 13:38:42#Forward to DBBL Payment Gateway Page: https://ecom1.dutchbanglabank.com/ecomm2/ClientHandler?card_type=6&trans_id=47y4Xrk3gruxtyW7RNbfFarvS9o%3D
2022.12.17 13:39:00#---------------------- Complete New Transaction---------------------
2022.12.17 13:39:00#Get trans_id From Post Value:47y4Xrk3gruxtyW7RNbfFarvS9o=
2022.12.17 13:39:00#clientIp:202.134.14.135
2022.12.17 13:39:00#trans_id:47y4Xrk3gruxtyW7RNbfFarvS9o=
2022.12.17 13:39:03#result:RESULT>OK^RESULT_CODE>000^3DSECURE>SKIPPED^RRN>235113733984^APPROVAL_CODE>847548^CARD_NUMBER>999999*********7532^AMOUNT>802000^CARDNAME>mb account^DESCRIPTION>6MBD2301030^TRANS_DATE>2022-12-17 07:38:59 PM
2022.12.17 13:39:03#35729517013903
2022.12.17 13:39:03#35729517013903
2022.12.17 13:39:03#35729517013903
2022.12.17 13:39:03#35729517013903
2022.12.17 13:39:03#=================== Transaction Completed =======================
2022.12.17 13:40:37#=================== Start New Transaction ===================
2022.12.17 13:40:37#txnrefnum:MBD2308118
2022.12.17 13:40:37#clientIp:37.111.226.41
2022.12.17 13:40:37#card type:6
2022.12.17 13:40:37#totalamount:802000
2022.12.17 13:40:40#result:TRANSACTION_ID:HazbDqADXuQ3AgPS7eLO6PiJyEU=
2022.12.17 13:40:40#Forward to DBBL Payment Gateway Page: https://ecom1.dutchbanglabank.com/ecomm2/ClientHandler?card_type=6&trans_id=HazbDqADXuQ3AgPS7eLO6PiJyEU%3D
2022.12.17 13:41:01#=================== Start New Transaction ===================
2022.12.17 13:41:01#txnrefnum:MED2301017
2022.12.17 13:41:01#clientIp:202.134.14.135
2022.12.17 13:41:01#card type:6
2022.12.17 13:41:01#totalamount:1002000
2022.12.17 13:41:04#result:TRANSACTION_ID:OiRZio9Ec5nNe1PuH1W48MXOL2o=
2022.12.17 13:41:04#Forward to DBBL Payment Gateway Page: https://ecom1.dutchbanglabank.com/ecomm2/ClientHandler?card_type=6&trans_id=OiRZio9Ec5nNe1PuH1W48MXOL2o%3D
2022.12.17 13:41:18#---------------------- Complete New Transaction---------------------
2022.12.17 13:41:18#Get trans_id From Post Value:OiRZio9Ec5nNe1PuH1W48MXOL2o=
2022.12.17 13:41:18#clientIp:202.134.14.135
2022.12.17 13:41:18#trans_id:OiRZio9Ec5nNe1PuH1W48MXOL2o=
2022.12.17 13:41:20#result:RESULT>OK^RESULT_CODE>000^3DSECURE>SKIPPED^RRN>235113734113^APPROVAL_CODE>867792^CARD_NUMBER>999999*********7532^AMOUNT>1002000^CARDNAME>mb account^DESCRIPTION>6MED2301017^TRANS_DATE>2022-12-17 07:41:17 PM
2022.12.17 13:41:20#35729917014120
2022.12.17 13:41:20#35729917014120
2022.12.17 13:41:20#35729917014120
2022.12.17 13:41:20#35729917014120
2022.12.17 13:41:20#=================== Transaction Completed =======================
2022.12.17 13:42:26#=================== Start New Transaction ===================
2022.12.17 13:42:26#txnrefnum:MBM2301097
2022.12.17 13:42:26#clientIp:202.134.14.135
2022.12.17 13:42:26#card type:6
2022.12.17 13:42:26#totalamount:802000
2022.12.17 13:42:29#result:TRANSACTION_ID:eiGngoWS0WyBgUboQgUpVwBSu4Q=
2022.12.17 13:42:29#Forward to DBBL Payment Gateway Page: https://ecom1.dutchbanglabank.com/ecomm2/ClientHandler?card_type=6&trans_id=eiGngoWS0WyBgUboQgUpVwBSu4Q%3D
2022.12.17 13:42:46#---------------------- Complete New Transaction---------------------
2022.12.17 13:42:46#Get trans_id From Post Value:eiGngoWS0WyBgUboQgUpVwBSu4Q=
2022.12.17 13:42:46#clientIp:202.134.14.135
2022.12.17 13:42:46#trans_id:eiGngoWS0WyBgUboQgUpVwBSu4Q=
2022.12.17 13:42:48#result:RESULT>OK^RESULT_CODE>000^3DSECURE>SKIPPED^RRN>235113734198^APPROVAL_CODE>862685^CARD_NUMBER>999999*********7532^AMOUNT>802000^CARDNAME>mb account^DESCRIPTION>6MBM2301097^TRANS_DATE>2022-12-17 07:42:45 PM
2022.12.17 13:42:48#35730117014248
2022.12.17 13:42:49#35730117014248
2022.12.17 13:42:49#35730117014248
2022.12.17 13:42:49#35730117014248
2022.12.17 13:42:49#=================== Transaction Completed =======================
2022.12.17 13:43:42#=================== Start New Transaction ===================
2022.12.17 13:43:42#txnrefnum:MBM2306028
2022.12.17 13:43:42#clientIp:202.134.14.135
2022.12.17 13:43:42#card type:6
2022.12.17 13:43:42#totalamount:802000
2022.12.17 13:43:45#result:TRANSACTION_ID:f1yrGPuL9jAN1OTPGeyBTVgpipw=
2022.12.17 13:43:45#Forward to DBBL Payment Gateway Page: https://ecom1.dutchbanglabank.com/ecomm2/ClientHandler?card_type=6&trans_id=f1yrGPuL9jAN1OTPGeyBTVgpipw%3D
2022.12.17 13:44:02#---------------------- Complete New Transaction---------------------
2022.12.17 13:44:02#Get trans_id From Post Value:f1yrGPuL9jAN1OTPGeyBTVgpipw=
2022.12.17 13:44:02#clientIp:202.134.14.135
2022.12.17 13:44:02#trans_id:f1yrGPuL9jAN1OTPGeyBTVgpipw=
2022.12.17 13:44:04#result:RESULT>OK^RESULT_CODE>000^3DSECURE>SKIPPED^RRN>235113734278^APPROVAL_CODE>916810^CARD_NUMBER>999999*********7532^AMOUNT>802000^CARDNAME>mb account^DESCRIPTION>6MBM2306028^TRANS_DATE>2022-12-17 07:44:00 PM
2022.12.17 13:44:04#35730317014404
2022.12.17 13:44:04#35730317014404
2022.12.17 13:44:04#35730317014404
2022.12.17 13:44:04#35730317014404
2022.12.17 13:44:04#=================== Transaction Completed =======================
2022.12.17 13:44:22#=================== Start New Transaction ===================
2022.12.17 13:44:22#txnrefnum:BBM2306016
2022.12.17 13:44:22#clientIp:119.30.41.131
2022.12.17 13:44:22#card type:6
2022.12.17 13:44:22#totalamount:802000
2022.12.17 13:44:24#=================== Start New Transaction ===================
2022.12.17 13:44:24#txnrefnum:BBM2306016
2022.12.17 13:44:24#clientIp:119.30.41.131
2022.12.17 13:44:24#card type:6
2022.12.17 13:44:24#totalamount:802000
2022.12.17 13:44:25#result:TRANSACTION_ID:jSJ8ArfaZ3fLhhU6I6hugLIfzIE=
2022.12.17 13:44:25#Forward to DBBL Payment Gateway Page: https://ecom1.dutchbanglabank.com/ecomm2/ClientHandler?card_type=6&trans_id=jSJ8ArfaZ3fLhhU6I6hugLIfzIE%3D
2022.12.17 13:44:27#result:TRANSACTION_ID:ILKPtjxrCSrptNV2wUYWYeK9E1E=
2022.12.17 13:44:27#Forward to DBBL Payment Gateway Page: https://ecom1.dutchbanglabank.com/ecomm2/ClientHandler?card_type=6&trans_id=ILKPtjxrCSrptNV2wUYWYeK9E1E%3D
2022.12.17 13:50:36#=================== Start New Transaction ===================
2022.12.17 13:50:36#txnrefnum:MBB2109154
2022.12.17 13:50:36#clientIp:37.111.213.138
2022.12.17 13:50:36#card type:6
2022.12.17 13:50:36#totalamount:296000
2022.12.17 13:50:39#result:TRANSACTION_ID:EFzcyGuSlDIlQfeIKiWGNBS7SDo=
2022.12.17 13:50:39#Forward to DBBL Payment Gateway Page: https://ecom1.dutchbanglabank.com/ecomm2/ClientHandler?card_type=6&trans_id=EFzcyGuSlDIlQfeIKiWGNBS7SDo%3D
2022.12.17 13:51:36#---------------------- Complete New Transaction---------------------
2022.12.17 13:51:36#Get trans_id From Post Value:EFzcyGuSlDIlQfeIKiWGNBS7SDo=
2022.12.17 13:51:36#clientIp:37.111.213.138
2022.12.17 13:51:36#trans_id:EFzcyGuSlDIlQfeIKiWGNBS7SDo=
2022.12.17 13:51:37#result:RESULT>OK^RESULT_CODE>000^3DSECURE>SKIPPED^RRN>235113734795^APPROVAL_CODE>932202^CARD_NUMBER>999999*********0656^AMOUNT>296000^CARDNAME>mb account^DESCRIPTION>6MBB2109154^TRANS_DATE>2022-12-17 07:51:34 PM
2022.12.17 13:51:37#35674717015137
2022.12.17 13:51:38#35674717015137
2022.12.17 13:51:38#=================== Transaction Completed =======================
2022.12.17 14:21:00#=================== Start New Transaction ===================
2022.12.17 14:21:00#txnrefnum:BBM2306016
2022.12.17 14:21:00#clientIp:37.111.194.112
2022.12.17 14:21:00#card type:6
2022.12.17 14:21:00#totalamount:802000
2022.12.17 14:21:03#result:TRANSACTION_ID:0LbRotwHcw4IWGwm3R2A2WMO6ko=
2022.12.17 14:21:03#Forward to DBBL Payment Gateway Page: https://ecom1.dutchbanglabank.com/ecomm2/ClientHandler?card_type=6&trans_id=0LbRotwHcw4IWGwm3R2A2WMO6ko%3D
2022.12.17 14:21:08#=================== Start New Transaction ===================
2022.12.17 14:21:08#txnrefnum:BBD2301090
2022.12.17 14:21:08#clientIp:103.242.21.254
2022.12.17 14:21:08#card type:6
2022.12.17 14:21:08#totalamount:802000
2022.12.17 14:21:11#result:TRANSACTION_ID:MsLKNNIPKoW3UcslvfzxBHuqDSk=
2022.12.17 14:21:11#Forward to DBBL Payment Gateway Page: https://ecom1.dutchbanglabank.com/ecomm2/ClientHandler?card_type=6&trans_id=MsLKNNIPKoW3UcslvfzxBHuqDSk%3D
2022.12.17 14:21:53#=================== Start New Transaction ===================
2022.12.17 14:21:53#txnrefnum:
2022.12.17 14:21:53#clientIp:43.224.109.194
2022.12.17 14:21:53#card type:6
2022.12.17 14:21:53#totalamount:0
2022.12.17 14:21:56#result:Sub Merchant Name can not be blank
2022.12.17 14:40:05#=================== Start New Transaction ===================
2022.12.17 14:40:05#txnrefnum:BBD2301070
2022.12.17 14:40:05#clientIp:114.130.185.217
2022.12.17 14:40:05#card type:6
2022.12.17 14:40:05#totalamount:802000
2022.12.17 14:40:08#result:TRANSACTION_ID:EB4cHnEbAlfOqdjvfqPLAChKDt8=
2022.12.17 14:40:08#Forward to DBBL Payment Gateway Page: https://ecom1.dutchbanglabank.com/ecomm2/ClientHandler?card_type=6&trans_id=EB4cHnEbAlfOqdjvfqPLAChKDt8%3D
2022.12.17 14:40:50#=================== Start New Transaction ===================
2022.12.17 14:40:50#txnrefnum:MBM2306140
2022.12.17 14:40:50#clientIp:103.230.104.31
2022.12.17 14:40:50#card type:6
2022.12.17 14:40:50#totalamount:802000
2022.12.17 14:40:53#result:TRANSACTION_ID:loXYoBGmxBcuaUzSlPA1tN36SHI=
2022.12.17 14:40:53#Forward to DBBL Payment Gateway Page: https://ecom1.dutchbanglabank.com/ecomm2/ClientHandler?card_type=6&trans_id=loXYoBGmxBcuaUzSlPA1tN36SHI%3D
2022.12.17 14:41:12#=================== Start New Transaction ===================
2022.12.17 14:43:54#---------------------- Complete New Transaction---------------------
2022.12.17 14:43:54#Get trans_id From Post Value:EB4cHnEbAlfOqdjvfqPLAChKDt8=
2022.12.17 14:43:54#clientIp:114.130.185.217
2022.12.17 14:43:54#trans_id:EB4cHnEbAlfOqdjvfqPLAChKDt8=
2022.12.17 14:43:56#result:RESULT>FAILED^RESULT_CODE>116^3DSECURE>SKIPPED^RRN>235114738034^APPROVAL_CODE>0^CARD_NUMBER>999999*********6896^AMOUNT>802000^CARDNAME>mb account^DESCRIPTION>6BBD2301070^TRANS_DATE>2022-12-17 08:43:53 PM
2022.12.17 14:43:56#Not Sufficient Amount
2022.12.17 14:44:19#=================== Start New Transaction ===================
2022.12.17 14:44:19#txnrefnum:BBD2301070
2022.12.17 14:44:19#clientIp:114.130.185.217
2022.12.17 14:44:19#card type:6
2022.12.17 14:44:19#totalamount:802000
2022.12.17 14:44:22#result:TRANSACTION_ID:6tIhwaLrq1izVtWR4c4hoB5CMwY=
2022.12.17 14:44:22#Forward to DBBL Payment Gateway Page: https://ecom1.dutchbanglabank.com/ecomm2/ClientHandler?card_type=6&trans_id=6tIhwaLrq1izVtWR4c4hoB5CMwY%3D
2022.12.17 14:47:28#=================== Start New Transaction ===================
2022.12.17 14:47:28#txnrefnum:MBD2301213
2022.12.17 14:47:28#clientIp:103.14.72.92
2022.12.17 14:47:28#card type:6
2022.12.17 14:47:28#totalamount:802000
2022.12.17 14:47:31#result:TRANSACTION_ID:plqz8CC5qEugkS55SDnZPI4Ajb4=
2022.12.17 14:47:31#Forward to DBBL Payment Gateway Page: https://ecom1.dutchbanglabank.com/ecomm2/ClientHandler?card_type=6&trans_id=plqz8CC5qEugkS55SDnZPI4Ajb4%3D
2022.12.17 14:48:15#=================== Start New Transaction ===================
2022.12.17 14:48:15#txnrefnum:BBD2301070
2022.12.17 14:48:15#clientIp:114.130.185.217
2022.12.17 14:48:15#card type:6
2022.12.17 14:48:15#totalamount:802000
2022.12.17 14:48:18#result:TRANSACTION_ID:M36kOGkzrJmGVrYE24LsdgmYY10=
2022.12.17 14:48:18#Forward to DBBL Payment Gateway Page: https://ecom1.dutchbanglabank.com/ecomm2/ClientHandler?card_type=6&trans_id=M36kOGkzrJmGVrYE24LsdgmYY10%3D
2022.12.17 14:49:07#---------------------- Complete New Transaction---------------------
2022.12.17 14:49:07#Get trans_id From Post Value:M36kOGkzrJmGVrYE24LsdgmYY10=
2022.12.17 14:49:07#clientIp:114.130.185.217
2022.12.17 14:49:07#trans_id:M36kOGkzrJmGVrYE24LsdgmYY10=
2022.12.17 14:49:09#result:RESULT>OK^RESULT_CODE>000^3DSECURE>SKIPPED^RRN>235114738351^APPROVAL_CODE>203173^CARD_NUMBER>999999*********6896^AMOUNT>802000^CARDNAME>mb account^DESCRIPTION>6BBD2301070^TRANS_DATE>2022-12-17 08:49:06 PM
2022.12.17 14:49:09#35732217024909
2022.12.17 14:49:09#35732217024909
2022.12.17 14:49:09#35732217024909
2022.12.17 14:49:09#35732217024909
2022.12.17 14:49:09#=================== Transaction Completed =======================
2022.12.17 14:49:33#---------------------- Complete New Transaction---------------------
2022.12.17 14:49:33#Get trans_id From Post Value:plqz8CC5qEugkS55SDnZPI4Ajb4=
2022.12.17 14:49:33#clientIp:103.14.72.92
2022.12.17 14:49:33#trans_id:plqz8CC5qEugkS55SDnZPI4Ajb4=
2022.12.17 14:49:35#result:RESULT>OK^RESULT_CODE>000^3DSECURE>SKIPPED^RRN>235114738374^APPROVAL_CODE>084988^CARD_NUMBER>999999*********4013^AMOUNT>802000^CARDNAME>mb account^DESCRIPTION>6MBD2301213^TRANS_DATE>2022-12-17 08:49:31 PM
2022.12.17 14:49:35#35731917024935
2022.12.17 14:49:35#35731917024935
2022.12.17 14:49:35#35731917024935
2022.12.17 14:49:36#35731917024935
2022.12.17 14:49:36#=================== Transaction Completed =======================
2022.12.17 14:51:47#=================== Start New Transaction ===================
2022.12.17 14:51:47#txnrefnum:MBM2304103
2022.12.17 14:51:47#clientIp:103.142.192.75
2022.12.17 14:51:47#card type:6
2022.12.17 14:51:47#totalamount:802000
2022.12.17 14:51:51#result:TRANSACTION_ID:bt5RYt6qQViESlFlLWVRnPhtIBs=
2022.12.17 14:51:51#Forward to DBBL Payment Gateway Page: https://ecom1.dutchbanglabank.com/ecomm2/ClientHandler?card_type=6&trans_id=bt5RYt6qQViESlFlLWVRnPhtIBs%3D
2022.12.17 14:55:28#=================== Start New Transaction ===================
2022.12.17 14:55:28#txnrefnum:MBM2301038
2022.12.17 14:55:28#clientIp:37.111.194.215
2022.12.17 14:55:28#card type:6
2022.12.17 14:55:28#totalamount:802000
2022.12.17 14:55:31#result:TRANSACTION_ID:wPPH8TvbyfUQ0sZiu0Oe8DEiGqU=
2022.12.17 14:55:31#Forward to DBBL Payment Gateway Page: https://ecom1.dutchbanglabank.com/ecomm2/ClientHandler?card_type=6&trans_id=wPPH8TvbyfUQ0sZiu0Oe8DEiGqU%3D
2022.12.17 14:57:09#=================== Start New Transaction ===================
2022.12.17 14:57:09#txnrefnum:MBM2301038
2022.12.17 14:57:09#clientIp:37.111.194.215
2022.12.17 14:57:09#card type:6
2022.12.17 14:57:09#totalamount:802000
2022.12.17 14:57:12#result:TRANSACTION_ID:PeNsnr0XiYAancqxTnb3iIli0GI=
2022.12.17 14:57:12#Forward to DBBL Payment Gateway Page: https://ecom1.dutchbanglabank.com/ecomm2/ClientHandler?card_type=6&trans_id=PeNsnr0XiYAancqxTnb3iIli0GI%3D
2022.12.17 15:03:14#=================== Start New Transaction ===================
2022.12.17 15:03:14#txnrefnum:MBD2301087
2022.12.17 15:03:14#clientIp:103.184.94.6
2022.12.17 15:03:14#card type:6
2022.12.17 15:03:14#totalamount:802000
2022.12.17 15:03:18#result:TRANSACTION_ID:RPaAPisOgSF57B0zYCC6iAh4UO8=
2022.12.17 15:03:18#Forward to DBBL Payment Gateway Page: https://ecom1.dutchbanglabank.com/ecomm2/ClientHandler?card_type=6&trans_id=RPaAPisOgSF57B0zYCC6iAh4UO8%3D
2022.12.17 15:04:03#=================== Start New Transaction ===================
2022.12.17 15:04:03#txnrefnum:MBD2301097
2022.12.17 15:04:03#clientIp:45.248.151.22
2022.12.17 15:04:03#card type:6
2022.12.17 15:04:03#totalamount:802000
2022.12.17 15:04:06#result:TRANSACTION_ID:No624BICSGYU8YeZQbClRFkbeT8=
2022.12.17 15:04:06#Forward to DBBL Payment Gateway Page: https://ecom1.dutchbanglabank.com/ecomm2/ClientHandler?card_type=6&trans_id=No624BICSGYU8YeZQbClRFkbeT8%3D
2022.12.17 15:04:37#---------------------- Complete New Transaction---------------------
2022.12.17 15:04:37#Get trans_id From Post Value:RPaAPisOgSF57B0zYCC6iAh4UO8=
2022.12.17 15:04:37#clientIp:103.184.94.1
2022.12.17 15:04:37#trans_id:RPaAPisOgSF57B0zYCC6iAh4UO8=
2022.12.17 15:04:39#result:RESULT>OK^RESULT_CODE>000^3DSECURE>SKIPPED^RRN>235115739123^APPROVAL_CODE>104187^CARD_NUMBER>999999*********2063^AMOUNT>802000^CARDNAME>mb account^DESCRIPTION>6MBD2301087^TRANS_DATE>2022-12-17 09:04:36 PM
2022.12.17 15:04:39#35732917030439
2022.12.17 15:04:39#35732917030439
2022.12.17 15:04:39#35732917030439
2022.12.17 15:04:39#35732917030439
2022.12.17 15:04:39#=================== Transaction Completed =======================
2022.12.17 15:05:21#=================== Start New Transaction ===================
2022.12.17 15:05:21#txnrefnum:MBM2304103
2022.12.17 15:05:21#clientIp:103.142.192.75
2022.12.17 15:05:21#card type:6
2022.12.17 15:05:21#totalamount:802000
2022.12.17 15:05:24#result:TRANSACTION_ID:oB5l3OyngCBlaSkGa4Y7q3SZrTM=
2022.12.17 15:05:24#Forward to DBBL Payment Gateway Page: https://ecom1.dutchbanglabank.com/ecomm2/ClientHandler?card_type=6&trans_id=oB5l3OyngCBlaSkGa4Y7q3SZrTM%3D
2022.12.17 15:06:29#=================== Start New Transaction ===================
2022.12.17 15:06:29#txnrefnum:MBM2307093
2022.12.17 15:06:29#clientIp:103.184.94.1
2022.12.17 15:06:29#card type:6
2022.12.17 15:06:29#totalamount:802000
2022.12.17 15:06:32#result:TRANSACTION_ID:Iq8fCGGwa0PCQXO5tqkIdutQw4M=
2022.12.17 15:06:32#Forward to DBBL Payment Gateway Page: https://ecom1.dutchbanglabank.com/ecomm2/ClientHandler?card_type=6&trans_id=Iq8fCGGwa0PCQXO5tqkIdutQw4M%3D
2022.12.17 15:06:53#---------------------- Complete New Transaction---------------------
2022.12.17 15:06:53#Get trans_id From Post Value:Iq8fCGGwa0PCQXO5tqkIdutQw4M=
2022.12.17 15:06:53#clientIp:103.184.94.0
2022.12.17 15:06:53#trans_id:Iq8fCGGwa0PCQXO5tqkIdutQw4M=
2022.12.17 15:06:54#result:RESULT>OK^RESULT_CODE>000^3DSECURE>SKIPPED^RRN>235115739243^APPROVAL_CODE>106832^CARD_NUMBER>999999*********2063^AMOUNT>802000^CARDNAME>mb account^DESCRIPTION>6MBM2307093^TRANS_DATE>2022-12-17 09:06:52 PM
2022.12.17 15:06:54#35733517030654
2022.12.17 15:06:55#35733517030654
2022.12.17 15:06:55#35733517030654
2022.12.17 15:06:55#35733517030654
2022.12.17 15:06:55#=================== Transaction Completed =======================
2022.12.17 15:08:00#=================== Start New Transaction ===================
2022.12.17 15:08:00#txnrefnum:MBM2301007
2022.12.17 15:08:00#clientIp:103.184.94.1
2022.12.17 15:08:00#card type:6
2022.12.17 15:08:00#totalamount:802000
2022.12.17 15:08:03#result:TRANSACTION_ID:xEa2cJ2NOx5CplNLnr2PIH9oCH4=
2022.12.17 15:08:03#Forward to DBBL Payment Gateway Page: https://ecom1.dutchbanglabank.com/ecomm2/ClientHandler?card_type=6&trans_id=xEa2cJ2NOx5CplNLnr2PIH9oCH4%3D
2022.12.17 15:08:22#---------------------- Complete New Transaction---------------------
2022.12.17 15:08:22#Get trans_id From Post Value:xEa2cJ2NOx5CplNLnr2PIH9oCH4=
2022.12.17 15:08:22#clientIp:103.184.94.1
2022.12.17 15:08:22#trans_id:xEa2cJ2NOx5CplNLnr2PIH9oCH4=
2022.12.17 15:08:23#result:RESULT>OK^RESULT_CODE>000^3DSECURE>SKIPPED^RRN>235115739314^APPROVAL_CODE>257504^CARD_NUMBER>999999*********2063^AMOUNT>802000^CARDNAME>mb account^DESCRIPTION>6MBM2301007^TRANS_DATE>2022-12-17 09:08:21 PM
2022.12.17 15:08:23#35733717030823
2022.12.17 15:08:24#35733717030823
2022.12.17 15:08:24#35733717030823
2022.12.17 15:08:24#35733717030823
2022.12.17 15:08:24#=================== Transaction Completed =======================
2022.12.17 15:09:09#=================== Start New Transaction ===================
2022.12.17 15:09:09#txnrefnum:MBD2301097
2022.12.17 15:09:09#clientIp:45.248.151.22
2022.12.17 15:09:09#card type:6
2022.12.17 15:09:09#totalamount:802000
2022.12.17 15:09:12#result:TRANSACTION_ID:MxaiYLdjwaMRxbPt0SHpnKRMNjY=
2022.12.17 15:09:12#Forward to DBBL Payment Gateway Page: https://ecom1.dutchbanglabank.com/ecomm2/ClientHandler?card_type=6&trans_id=MxaiYLdjwaMRxbPt0SHpnKRMNjY%3D
2022.12.17 15:09:47#---------------------- Complete New Transaction---------------------
2022.12.17 15:09:47#Get trans_id From Post Value:MxaiYLdjwaMRxbPt0SHpnKRMNjY=
2022.12.17 15:09:47#clientIp:45.248.151.22
2022.12.17 15:09:47#trans_id:MxaiYLdjwaMRxbPt0SHpnKRMNjY=
2022.12.17 15:09:49#=================== Start New Transaction ===================
2022.12.17 15:09:49#txnrefnum:MBM2302056
2022.12.17 15:09:49#clientIp:103.184.94.6
2022.12.17 15:09:49#card type:6
2022.12.17 15:09:49#totalamount:802000
2022.12.17 15:09:49#result:RESULT>OK^RESULT_CODE>000^3DSECURE>SKIPPED^RRN>235115739378^APPROVAL_CODE>261971^CARD_NUMBER>999999*********3478^AMOUNT>802000^CARDNAME>mb account^DESCRIPTION>6MBD2301097^TRANS_DATE>2022-12-17 09:09:46 PM
2022.12.17 15:09:49#35734017030949
2022.12.17 15:09:49#35734017030949
2022.12.17 15:09:49#35734017030949
2022.12.17 15:09:50#35734017030949
2022.12.17 15:09:50#=================== Transaction Completed =======================
2022.12.17 15:09:52#result:TRANSACTION_ID:f28x3hJGX05hfDLUUypNsFQy5Es=
2022.12.17 15:09:52#Forward to DBBL Payment Gateway Page: https://ecom1.dutchbanglabank.com/ecomm2/ClientHandler?card_type=6&trans_id=f28x3hJGX05hfDLUUypNsFQy5Es%3D
2022.12.17 15:10:40#---------------------- Complete New Transaction---------------------
2022.12.17 15:10:40#Get trans_id From Post Value:f28x3hJGX05hfDLUUypNsFQy5Es=
2022.12.17 15:10:40#clientIp:103.184.94.1
2022.12.17 15:10:40#trans_id:f28x3hJGX05hfDLUUypNsFQy5Es=
2022.12.17 15:10:43#result:RESULT>OK^RESULT_CODE>000^3DSECURE>SKIPPED^RRN>235115739409^APPROVAL_CODE>264750^CARD_NUMBER>999999*********2063^AMOUNT>802000^CARDNAME>mb account^DESCRIPTION>6MBM2302056^TRANS_DATE>2022-12-17 09:10:39 PM
2022.12.17 15:10:43#35734117031043
2022.12.17 15:10:43#35734117031043
2022.12.17 15:10:43#35734117031043
2022.12.17 15:10:44#35734117031043
2022.12.17 15:10:44#=================== Transaction Completed =======================
2022.12.17 15:11:43#=================== Start New Transaction ===================
2022.12.17 15:11:43#txnrefnum:MBD2307157
2022.12.17 15:11:43#clientIp:103.184.94.5
2022.12.17 15:11:43#card type:6
2022.12.17 15:11:43#totalamount:802000
2022.12.17 15:11:46#result:TRANSACTION_ID:Z5HPp1n8msK0zLv6jXyKwHU8ldY=
2022.12.17 15:11:46#Forward to DBBL Payment Gateway Page: https://ecom1.dutchbanglabank.com/ecomm2/ClientHandler?card_type=6&trans_id=Z5HPp1n8msK0zLv6jXyKwHU8ldY%3D
2022.12.17 15:12:01#---------------------- Complete New Transaction---------------------
2022.12.17 15:12:01#Get trans_id From Post Value:Z5HPp1n8msK0zLv6jXyKwHU8ldY=
2022.12.17 15:12:01#clientIp:103.184.94.1
2022.12.17 15:12:01#trans_id:Z5HPp1n8msK0zLv6jXyKwHU8ldY=
2022.12.17 15:12:03#result:RESULT>OK^RESULT_CODE>000^3DSECURE>SKIPPED^RRN>235115739475^APPROVAL_CODE>269076^CARD_NUMBER>999999*********2063^AMOUNT>802000^CARDNAME>mb account^DESCRIPTION>6MBD2307157^TRANS_DATE>2022-12-17 09:12:00 PM
2022.12.17 15:12:03#35734317031203
2022.12.17 15:12:03#35734317031203
2022.12.17 15:12:03#35734317031203
2022.12.17 15:12:03#35734317031203
2022.12.17 15:12:03#=================== Transaction Completed =======================
2022.12.17 15:13:03#=================== Start New Transaction ===================
2022.12.17 15:13:03#txnrefnum:MBD2303027
2022.12.17 15:13:03#clientIp:103.184.94.4
2022.12.17 15:13:03#card type:6
2022.12.17 15:13:03#totalamount:802000
2022.12.17 15:13:07#result:TRANSACTION_ID:8S1BtTLSwTtAnR7CwGo49FsBfRA=
2022.12.17 15:13:07#Forward to DBBL Payment Gateway Page: https://ecom1.dutchbanglabank.com/ecomm2/ClientHandler?card_type=6&trans_id=8S1BtTLSwTtAnR7CwGo49FsBfRA%3D
2022.12.17 15:13:23#---------------------- Complete New Transaction---------------------
2022.12.17 15:13:23#Get trans_id From Post Value:8S1BtTLSwTtAnR7CwGo49FsBfRA=
2022.12.17 15:13:23#clientIp:103.184.94.1
2022.12.17 15:13:23#trans_id:8S1BtTLSwTtAnR7CwGo49FsBfRA=
2022.12.17 15:13:25#result:RESULT>OK^RESULT_CODE>000^3DSECURE>SKIPPED^RRN>235115739527^APPROVAL_CODE>273775^CARD_NUMBER>999999*********2063^AMOUNT>802000^CARDNAME>mb account^DESCRIPTION>6MBD2303027^TRANS_DATE>2022-12-17 09:13:22 PM
2022.12.17 15:13:25#35734517031325
2022.12.17 15:13:25#35734517031325
2022.12.17 15:13:25#35734517031325
2022.12.17 15:13:25#35734517031325
2022.12.17 15:13:25#=================== Transaction Completed =======================
2022.12.17 15:14:17#=================== Start New Transaction ===================
2022.12.17 15:14:17#txnrefnum:MBD2308161
2022.12.17 15:14:17#clientIp:103.184.94.1
2022.12.17 15:14:17#card type:6
2022.12.17 15:14:17#totalamount:802000
2022.12.17 15:14:21#result:TRANSACTION_ID:Z3SV6P3JrPPGVLPgWty0K0oW33A=
2022.12.17 15:14:21#Forward to DBBL Payment Gateway Page: https://ecom1.dutchbanglabank.com/ecomm2/ClientHandler?card_type=6&trans_id=Z3SV6P3JrPPGVLPgWty0K0oW33A%3D
2022.12.17 15:14:41#---------------------- Complete New Transaction---------------------
2022.12.17 15:14:41#Get trans_id From Post Value:Z3SV6P3JrPPGVLPgWty0K0oW33A=
2022.12.17 15:14:41#clientIp:103.184.94.6
2022.12.17 15:14:41#trans_id:Z3SV6P3JrPPGVLPgWty0K0oW33A=
2022.12.17 15:14:43#result:RESULT>OK^RESULT_CODE>000^3DSECURE>SKIPPED^RRN>235115739585^APPROVAL_CODE>278072^CARD_NUMBER>999999*********2063^AMOUNT>802000^CARDNAME>mb account^DESCRIPTION>6MBD2308161^TRANS_DATE>2022-12-17 09:14:40 PM
2022.12.17 15:14:43#35734717031443
2022.12.17 15:14:43#35734717031443
2022.12.17 15:14:43#35734717031443
2022.12.17 15:14:43#35734717031443
2022.12.17 15:14:43#=================== Transaction Completed =======================
2022.12.17 15:15:50#=================== Start New Transaction ===================
2022.12.17 15:15:50#txnrefnum:MBM2308041
2022.12.17 15:15:50#clientIp:103.184.94.2
2022.12.17 15:15:50#card type:6
2022.12.17 15:15:50#totalamount:802000
2022.12.17 15:15:53#result:TRANSACTION_ID:miSasHrkFCJc30MMOLLmqUZlDSg=
2022.12.17 15:15:53#Forward to DBBL Payment Gateway Page: https://ecom1.dutchbanglabank.com/ecomm2/ClientHandler?card_type=6&trans_id=miSasHrkFCJc30MMOLLmqUZlDSg%3D
2022.12.17 15:16:08#---------------------- Complete New Transaction---------------------
2022.12.17 15:16:08#Get trans_id From Post Value:miSasHrkFCJc30MMOLLmqUZlDSg=
2022.12.17 15:16:08#clientIp:103.184.94.6
2022.12.17 15:16:08#trans_id:miSasHrkFCJc30MMOLLmqUZlDSg=
2022.12.17 15:16:10#result:RESULT>OK^RESULT_CODE>000^3DSECURE>SKIPPED^RRN>235115739648^APPROVAL_CODE>282698^CARD_NUMBER>999999*********2063^AMOUNT>802000^CARDNAME>mb account^DESCRIPTION>6MBM2308041^TRANS_DATE>2022-12-17 09:16:07 PM
2022.12.17 15:16:10#35734917031610
2022.12.17 15:16:10#35734917031610
2022.12.17 15:16:10#35734917031610
2022.12.17 15:16:10#35734917031610
2022.12.17 15:16:10#=================== Transaction Completed =======================
2022.12.17 15:30:25#=================== Start New Transaction ===================
2022.12.17 15:30:25#txnrefnum:BBD2304026
2022.12.17 15:30:25#clientIp:114.130.185.217
2022.12.17 15:30:25#card type:6
2022.12.17 15:30:25#totalamount:802000
2022.12.17 15:30:28#result:TRANSACTION_ID:2E1e1WNl8CDfBLfj1snRfyovSVk=
2022.12.17 15:30:28#Forward to DBBL Payment Gateway Page: https://ecom1.dutchbanglabank.com/ecomm2/ClientHandler?card_type=6&trans_id=2E1e1WNl8CDfBLfj1snRfyovSVk%3D
2022.12.17 15:31:04#---------------------- Complete New Transaction---------------------
2022.12.17 15:31:04#Get trans_id From Post Value:2E1e1WNl8CDfBLfj1snRfyovSVk=
2022.12.17 15:31:04#clientIp:114.130.185.217
2022.12.17 15:31:04#trans_id:2E1e1WNl8CDfBLfj1snRfyovSVk=
2022.12.17 15:31:06#result:RESULT>OK^RESULT_CODE>000^3DSECURE>SKIPPED^RRN>235115740359^APPROVAL_CODE>113147^CARD_NUMBER>999999*********6896^AMOUNT>802000^CARDNAME>mb account^DESCRIPTION>6BBD2304026^TRANS_DATE>2022-12-17 09:31:02 PM
2022.12.17 15:31:06#35735117033106
2022.12.17 15:31:06#35735117033106
2022.12.17 15:31:06#35735117033106
2022.12.17 15:31:06#35735117033106
2022.12.17 15:31:06#=================== Transaction Completed =======================
2022.12.17 15:33:58#=================== Start New Transaction ===================
2022.12.17 15:33:58#txnrefnum:BBD2307040
2022.12.17 15:33:58#clientIp:103.25.122.35
2022.12.17 15:33:58#card type:6
2022.12.17 15:33:58#totalamount:802000
2022.12.17 15:34:01#result:TRANSACTION_ID:kqcM3foAFSxRuO9npOuhfVe9e8Y=
2022.12.17 15:34:01#Forward to DBBL Payment Gateway Page: https://ecom1.dutchbanglabank.com/ecomm2/ClientHandler?card_type=6&trans_id=kqcM3foAFSxRuO9npOuhfVe9e8Y%3D
2022.12.17 15:34:01#=================== Start New Transaction ===================
2022.12.17 15:34:01#txnrefnum:BBD2307040
2022.12.17 15:34:01#clientIp:103.25.122.35
2022.12.17 15:34:01#card type:6
2022.12.17 15:34:01#totalamount:802000
2022.12.17 15:34:02#=================== Start New Transaction ===================
2022.12.17 15:34:02#txnrefnum:BBD2307040
2022.12.17 15:34:02#clientIp:103.25.122.35
2022.12.17 15:34:02#card type:6
2022.12.17 15:34:02#totalamount:802000
2022.12.17 15:34:04#result:TRANSACTION_ID:XpSqS4PZSPnEu9qrF7rd761mpRE=
2022.12.17 15:34:04#result:TRANSACTION_ID:ZWy5K1WX0AwOkhRqjaf3ic289X4=
2022.12.17 15:34:05#Forward to DBBL Payment Gateway Page: https://ecom1.dutchbanglabank.com/ecomm2/ClientHandler?card_type=6&trans_id=XpSqS4PZSPnEu9qrF7rd761mpRE%3D
2022.12.17 15:34:05#=================== Start New Transaction ===================
2022.12.17 15:34:05#txnrefnum:BBD2307040
2022.12.17 15:34:05#clientIp:103.25.122.35
2022.12.17 15:34:05#card type:6
2022.12.17 15:34:05#totalamount:802000
2022.12.17 15:34:05#Forward to DBBL Payment Gateway Page: https://ecom1.dutchbanglabank.com/ecomm2/ClientHandler?card_type=6&trans_id=ZWy5K1WX0AwOkhRqjaf3ic289X4%3D
2022.12.17 15:34:07#=================== Start New Transaction ===================
2022.12.17 15:34:07#txnrefnum:BBD2307040
2022.12.17 15:34:07#clientIp:103.25.122.35
2022.12.17 15:34:07#card type:6
2022.12.17 15:34:07#totalamount:802000
2022.12.17 15:34:08#result:TRANSACTION_ID:qm0hhXt8pSmutg9muawZgC8dOds=
2022.12.17 15:34:08#Forward to DBBL Payment Gateway Page: https://ecom1.dutchbanglabank.com/ecomm2/ClientHandler?card_type=6&trans_id=qm0hhXt8pSmutg9muawZgC8dOds%3D
2022.12.17 15:34:10#result:TRANSACTION_ID:bY0HHpfMBZ3mFlkG2f3esgScywk=
2022.12.17 15:34:10#Forward to DBBL Payment Gateway Page: https://ecom1.dutchbanglabank.com/ecomm2/ClientHandler?card_type=6&trans_id=bY0HHpfMBZ3mFlkG2f3esgScywk%3D
2022.12.17 16:06:20#=================== Start New Transaction ===================
2022.12.17 16:06:20#txnrefnum:BBM2301048
2022.12.17 16:06:20#clientIp:103.183.69.9
2022.12.17 16:06:20#card type:6
2022.12.17 16:06:20#totalamount:2000
2022.12.17 16:06:23#result:TRANSACTION_ID:WfVd8LS7hTjytyNR3nainooePWM=
2022.12.17 16:06:23#Forward to DBBL Payment Gateway Page: https://ecom1.dutchbanglabank.com/ecomm2/ClientHandler?card_type=6&trans_id=WfVd8LS7hTjytyNR3nainooePWM%3D
2022.12.17 16:08:35#=================== Start New Transaction ===================
2022.12.17 16:08:35#txnrefnum:MBM2303073
2022.12.17 16:08:35#clientIp:103.58.75.12
2022.12.17 16:08:35#card type:6
2022.12.17 16:08:35#totalamount:802000
2022.12.17 16:08:38#result:TRANSACTION_ID:QS3biw96Y9IHFoZ41crj7NPTuKY=
2022.12.17 16:08:39#Forward to DBBL Payment Gateway Page: https://ecom1.dutchbanglabank.com/ecomm2/ClientHandler?card_type=6&trans_id=QS3biw96Y9IHFoZ41crj7NPTuKY%3D
2022.12.17 16:09:10#---------------------- Complete New Transaction---------------------
2022.12.17 16:09:10#Get trans_id From Post Value:QS3biw96Y9IHFoZ41crj7NPTuKY=
2022.12.17 16:09:10#clientIp:103.58.75.12
2022.12.17 16:09:10#trans_id:QS3biw96Y9IHFoZ41crj7NPTuKY=
2022.12.17 16:09:12#result:RESULT>OK^RESULT_CODE>000^3DSECURE>SKIPPED^RRN>235116742112^APPROVAL_CODE>472584^CARD_NUMBER>999999*********5314^AMOUNT>802000^CARDNAME>mb account^DESCRIPTION>6MBM2303073^TRANS_DATE>2022-12-17 10:09:09 PM
2022.12.17 16:09:12#35736617040912
2022.12.17 16:09:12#35736617040912
2022.12.17 16:09:12#35736617040912
2022.12.17 16:09:12#35736617040912
2022.12.17 16:09:12#=================== Transaction Completed =======================
2022.12.17 16:22:45#=================== Start New Transaction ===================
2022.12.17 16:22:45#txnrefnum:MBM2306140
2022.12.17 16:22:45#clientIp:103.230.104.31
2022.12.17 16:22:45#card type:6
2022.12.17 16:22:45#totalamount:802000
2022.12.17 16:22:48#result:TRANSACTION_ID:v5dLfgySOi46zBUUx28lfcG7i2M=
2022.12.17 16:22:49#Forward to DBBL Payment Gateway Page: https://ecom1.dutchbanglabank.com/ecomm2/ClientHandler?card_type=6&trans_id=v5dLfgySOi46zBUUx28lfcG7i2M%3D
2022.12.17 16:24:54#---------------------- Complete New Transaction---------------------
2022.12.17 16:24:54#Get trans_id From Post Value:v5dLfgySOi46zBUUx28lfcG7i2M=
2022.12.17 16:24:54#clientIp:103.230.104.31
2022.12.17 16:24:54#trans_id:v5dLfgySOi46zBUUx28lfcG7i2M=
2022.12.17 16:24:56#result:RESULT>OK^RESULT_CODE>000^3DSECURE>SKIPPED^RRN>235116742738^APPROVAL_CODE>399273^CARD_NUMBER>999999*********6761^AMOUNT>802000^CARDNAME>mb account^DESCRIPTION>6MBM2306140^TRANS_DATE>2022-12-17 10:24:53 PM
2022.12.17 16:24:56#35736817042456
2022.12.17 16:24:57#35736817042456
2022.12.17 16:24:57#35736817042456
2022.12.17 16:24:57#35736817042456
2022.12.17 16:24:57#=================== Transaction Completed =======================
2022.12.17 16:28:16#=================== Start New Transaction ===================
2022.12.17 16:28:16#txnrefnum:MBM2308019
2022.12.17 16:28:16#clientIp:103.200.37.212
2022.12.17 16:28:16#card type:6
2022.12.17 16:28:16#totalamount:802000
2022.12.17 16:28:19#result:TRANSACTION_ID:9WvJ34SCvxgYMS90eqeklg0rzbM=
2022.12.17 16:28:20#Forward to DBBL Payment Gateway Page: https://ecom1.dutchbanglabank.com/ecomm2/ClientHandler?card_type=6&trans_id=9WvJ34SCvxgYMS90eqeklg0rzbM%3D
2022.12.17 16:28:53#---------------------- Complete New Transaction---------------------
2022.12.17 16:28:53#Get trans_id From Post Value:9WvJ34SCvxgYMS90eqeklg0rzbM=
2022.12.17 16:28:53#clientIp:103.200.37.212
2022.12.17 16:28:53#trans_id:9WvJ34SCvxgYMS90eqeklg0rzbM=
2022.12.17 16:28:55#result:RESULT>OK^RESULT_CODE>000^3DSECURE>SKIPPED^RRN>235116742882^APPROVAL_CODE>522416^CARD_NUMBER>999999*********7870^AMOUNT>802000^CARDNAME>mb account^DESCRIPTION>6MBM2308019^TRANS_DATE>2022-12-17 10:28:50 PM
2022.12.17 16:28:55#35736917042855
2022.12.17 16:28:55#35736917042855
2022.12.17 16:28:55#35736917042855
2022.12.17 16:28:55#35736917042855
2022.12.17 16:28:55#=================== Transaction Completed =======================
2022.12.17 16:32:05#=================== Start New Transaction ===================
2022.12.17 16:32:05#txnrefnum:MBD2306126
2022.12.17 16:32:05#clientIp:103.200.37.212
2022.12.17 16:32:05#card type:6
2022.12.17 16:32:05#totalamount:802000
2022.12.17 16:32:09#result:TRANSACTION_ID:WivRSpoiWhPPVvTLyoMwajEcCPk=
2022.12.17 16:32:09#Forward to DBBL Payment Gateway Page: https://ecom1.dutchbanglabank.com/ecomm2/ClientHandler?card_type=6&trans_id=WivRSpoiWhPPVvTLyoMwajEcCPk%3D
2022.12.17 16:32:29#---------------------- Complete New Transaction---------------------
2022.12.17 16:32:29#Get trans_id From Post Value:WivRSpoiWhPPVvTLyoMwajEcCPk=
2022.12.17 16:32:29#clientIp:103.200.37.212
2022.12.17 16:32:29#trans_id:WivRSpoiWhPPVvTLyoMwajEcCPk=
2022.12.17 16:32:31#result:RESULT>OK^RESULT_CODE>000^3DSECURE>SKIPPED^RRN>235116743018^APPROVAL_CODE>527290^CARD_NUMBER>999999*********7870^AMOUNT>802000^CARDNAME>mb account^DESCRIPTION>6MBD2306126^TRANS_DATE>2022-12-17 10:32:27 PM
2022.12.17 16:32:31#35737117043231
2022.12.17 16:32:31#35737117043231
2022.12.17 16:32:31#35737117043231
2022.12.17 16:32:31#35737117043231
2022.12.17 16:32:31#=================== Transaction Completed =======================
2022.12.17 16:34:01#=================== Start New Transaction ===================
2022.12.17 16:34:01#txnrefnum:
2022.12.17 16:34:01#clientIp:37.111.201.56
2022.12.17 16:34:01#card type:6
2022.12.17 16:34:01#totalamount:0
2022.12.17 16:34:04#result:Sub Merchant Name can not be blank
2022.12.17 16:34:11#=================== Start New Transaction ===================
2022.12.17 16:34:11#txnrefnum:MEM2301038
2022.12.17 16:34:11#clientIp:103.200.37.212
2022.12.17 16:34:11#card type:6
2022.12.17 16:34:11#totalamount:1002000
2022.12.17 16:34:14#result:TRANSACTION_ID:36J1aPu2aQPP6FkLw0cNgterxvk=
2022.12.17 16:34:14#Forward to DBBL Payment Gateway Page: https://ecom1.dutchbanglabank.com/ecomm2/ClientHandler?card_type=6&trans_id=36J1aPu2aQPP6FkLw0cNgterxvk%3D
2022.12.17 16:34:36#---------------------- Complete New Transaction---------------------
2022.12.17 16:34:36#Get trans_id From Post Value:36J1aPu2aQPP6FkLw0cNgterxvk=
2022.12.17 16:34:36#clientIp:103.200.37.212
2022.12.17 16:34:36#trans_id:36J1aPu2aQPP6FkLw0cNgterxvk=
2022.12.17 16:34:38#result:RESULT>OK^RESULT_CODE>000^3DSECURE>SKIPPED^RRN>235116743082^APPROVAL_CODE>405597^CARD_NUMBER>999999*********7870^AMOUNT>1002000^CARDNAME>mb account^DESCRIPTION>6MEM2301038^TRANS_DATE>2022-12-17 10:34:34 PM
2022.12.17 16:34:38#35737317043438
2022.12.17 16:34:38#35737317043438
2022.12.17 16:34:38#35737317043438
2022.12.17 16:34:38#35737317043438
2022.12.17 16:34:38#=================== Transaction Completed =======================
2022.12.17 16:36:04#=================== Start New Transaction ===================
2022.12.17 16:36:04#txnrefnum:MBD2306113
2022.12.17 16:36:04#clientIp:123.253.65.224
2022.12.17 16:36:04#card type:6
2022.12.17 16:36:04#totalamount:802000
2022.12.17 16:36:07#result:TRANSACTION_ID:DliyuSvKVdWzDMtCg2aQzn8ssaY=
2022.12.17 16:36:07#Forward to DBBL Payment Gateway Page: https://ecom1.dutchbanglabank.com/ecomm2/ClientHandler?card_type=6&trans_id=DliyuSvKVdWzDMtCg2aQzn8ssaY%3D
2022.12.17 16:57:32#=================== Start New Transaction ===================
2022.12.17 16:57:32#txnrefnum:MBD2008298
2022.12.17 16:57:32#clientIp:103.230.106.3
2022.12.17 16:57:32#card type:6
2022.12.17 16:57:32#totalamount:216000
2022.12.17 16:57:35#result:TRANSACTION_ID:aBPPsor92YJXLGtgNWmxid4DE5Q=
2022.12.17 16:57:35#Forward to DBBL Payment Gateway Page: https://ecom1.dutchbanglabank.com/ecomm2/ClientHandler?card_type=6&trans_id=aBPPsor92YJXLGtgNWmxid4DE5Q%3D
2022.12.17 17:07:06#=================== Start New Transaction ===================
2022.12.17 17:07:06#txnrefnum:MBM2304103
2022.12.17 17:07:06#clientIp:37.111.206.68
2022.12.17 17:07:06#card type:6
2022.12.17 17:07:06#totalamount:802000
2022.12.17 17:07:09#result:TRANSACTION_ID:HnZB8rHnDOBfNlvgLeqkvyfdBS0=
2022.12.17 17:07:09#Forward to DBBL Payment Gateway Page: https://ecom1.dutchbanglabank.com/ecomm2/ClientHandler?card_type=6&trans_id=HnZB8rHnDOBfNlvgLeqkvyfdBS0%3D
2022.12.17 17:08:12#---------------------- Complete New Transaction---------------------
2022.12.17 17:08:12#Get trans_id From Post Value:HnZB8rHnDOBfNlvgLeqkvyfdBS0=
2022.12.17 17:08:12#clientIp:37.111.206.68
2022.12.17 17:08:12#trans_id:HnZB8rHnDOBfNlvgLeqkvyfdBS0=
2022.12.17 17:08:14#result:RESULT>OK^RESULT_CODE>000^3DSECURE>SKIPPED^RRN>235117744374^APPROVAL_CODE>620464^CARD_NUMBER>999999*********7613^AMOUNT>802000^CARDNAME>mb account^DESCRIPTION>6MBM2304103^TRANS_DATE>2022-12-17 11:08:11 PM
2022.12.17 17:08:14#35737817050814
2022.12.17 17:08:14#35737817050814
2022.12.17 17:08:14#35737817050814
2022.12.17 17:08:14#35737817050814
2022.12.17 17:08:14#=================== Transaction Completed =======================
2022.12.17 17:13:37#=================== Start New Transaction ===================
2022.12.17 17:13:37#txnrefnum:MBG2104064
2022.12.17 17:13:37#clientIp:103.184.94.5
2022.12.17 17:13:37#card type:6
2022.12.17 17:13:37#totalamount:2000
2022.12.17 17:13:40#result:TRANSACTION_ID:9BfEAZUDyrmcfk0GGxMX560Ym4Q=
2022.12.17 17:13:40#Forward to DBBL Payment Gateway Page: https://ecom1.dutchbanglabank.com/ecomm2/ClientHandler?card_type=6&trans_id=9BfEAZUDyrmcfk0GGxMX560Ym4Q%3D
2022.12.17 17:14:45#=================== Start New Transaction ===================
2022.12.17 17:14:45#txnrefnum:MBG2104064
2022.12.17 17:14:45#clientIp:103.184.94.1
2022.12.17 17:14:45#card type:6
2022.12.17 17:14:45#totalamount:2000
2022.12.17 17:14:48#result:TRANSACTION_ID:RAYxA1nWgwiHaQF90QkXoXNluzE=
2022.12.17 17:14:48#Forward to DBBL Payment Gateway Page: https://ecom1.dutchbanglabank.com/ecomm2/ClientHandler?card_type=6&trans_id=RAYxA1nWgwiHaQF90QkXoXNluzE%3D
2022.12.17 17:16:12#=================== Start New Transaction ===================
2022.12.17 17:16:12#txnrefnum:MBG2104064
2022.12.17 17:16:12#clientIp:103.184.94.1
2022.12.17 17:16:12#card type:6
2022.12.17 17:16:12#totalamount:2000
2022.12.17 17:16:15#result:TRANSACTION_ID:3dwmSFR5Znt8YlPyqKFlyuZr8rE=
2022.12.17 17:16:16#Forward to DBBL Payment Gateway Page: https://ecom1.dutchbanglabank.com/ecomm2/ClientHandler?card_type=6&trans_id=3dwmSFR5Znt8YlPyqKFlyuZr8rE%3D
2022.12.17 17:17:45#=================== Start New Transaction ===================
2022.12.17 17:17:45#txnrefnum:MBG2104064
2022.12.17 17:17:45#clientIp:103.184.94.1
2022.12.17 17:17:45#card type:6
2022.12.17 17:17:45#totalamount:2000
2022.12.17 17:17:48#result:TRANSACTION_ID:OtsL5bSXciL6pF2lDdJqmLy5gUY=
2022.12.17 17:17:48#Forward to DBBL Payment Gateway Page: https://ecom1.dutchbanglabank.com/ecomm2/ClientHandler?card_type=6&trans_id=OtsL5bSXciL6pF2lDdJqmLy5gUY%3D
2022.12.17 17:18:39#=================== Start New Transaction ===================
2022.12.17 17:18:39#txnrefnum:MBG2104064
2022.12.17 17:18:39#clientIp:103.184.94.3
2022.12.17 17:18:39#card type:6
2022.12.17 17:18:39#totalamount:2000
2022.12.17 17:18:42#result:TRANSACTION_ID:gSHmflSppckXBB6wFPXl4gX6MXM=
2022.12.17 17:18:42#Forward to DBBL Payment Gateway Page: https://ecom1.dutchbanglabank.com/ecomm2/ClientHandler?card_type=6&trans_id=gSHmflSppckXBB6wFPXl4gX6MXM%3D
2022.12.17 17:19:23#=================== Start New Transaction ===================
2022.12.17 17:19:23#txnrefnum:MBG2104064
2022.12.17 17:19:23#clientIp:103.184.94.2
2022.12.17 17:19:23#card type:6
2022.12.17 17:19:23#totalamount:2000
2022.12.17 17:19:26#result:TRANSACTION_ID:7JUcUQPpjXjSvpxygTrBswfoHQQ=
2022.12.17 17:19:27#Forward to DBBL Payment Gateway Page: https://ecom1.dutchbanglabank.com/ecomm2/ClientHandler?card_type=6&trans_id=7JUcUQPpjXjSvpxygTrBswfoHQQ%3D
2022.12.17 17:21:29#=================== Start New Transaction ===================
2022.12.17 17:21:29#txnrefnum:MBB2109154
2022.12.17 17:21:29#clientIp:37.111.213.138
2022.12.17 17:21:29#card type:6
2022.12.17 17:21:29#totalamount:82000
2022.12.17 17:21:32#result:TRANSACTION_ID:YNOS1ea8LV660Cl6PQHoMZJMQsk=
2022.12.17 17:21:32#Forward to DBBL Payment Gateway Page: https://ecom1.dutchbanglabank.com/ecomm2/ClientHandler?card_type=6&trans_id=YNOS1ea8LV660Cl6PQHoMZJMQsk%3D
2022.12.17 17:27:32#=================== Start New Transaction ===================
2022.12.17 17:27:32#txnrefnum:MBG2104064
2022.12.17 17:27:32#clientIp:103.184.94.5
2022.12.17 17:27:32#card type:6
2022.12.17 17:27:32#totalamount:2000
2022.12.17 17:27:35#result:TRANSACTION_ID:mlGeNJnm7JWYcjI6TCFh6PLS7CU=
2022.12.17 17:27:35#Forward to DBBL Payment Gateway Page: https://ecom1.dutchbanglabank.com/ecomm2/ClientHandler?card_type=6&trans_id=mlGeNJnm7JWYcjI6TCFh6PLS7CU%3D
2022.12.17 17:29:01#=================== Start New Transaction ===================
2022.12.17 17:29:01#txnrefnum:MBG2104064
2022.12.17 17:29:01#clientIp:103.184.94.2
2022.12.17 17:29:01#card type:6
2022.12.17 17:29:01#totalamount:2000
2022.12.17 17:29:04#result:TRANSACTION_ID:kl9Wk5Nrpzc7avuMd4O4IKyedME=
2022.12.17 17:29:04#Forward to DBBL Payment Gateway Page: https://ecom1.dutchbanglabank.com/ecomm2/ClientHandler?card_type=6&trans_id=kl9Wk5Nrpzc7avuMd4O4IKyedME%3D
2022.12.17 17:29:43#=================== Start New Transaction ===================
2022.12.17 17:29:43#txnrefnum:MSC22111086
2022.12.17 17:29:43#clientIp:103.200.37.212
2022.12.17 17:29:43#card type:6
2022.12.17 17:29:43#totalamount:2000
2022.12.17 17:29:46#result:TRANSACTION_ID:tl8x92vM0BX47IUUs5X2gcWyofc=
2022.12.17 17:29:46#Forward to DBBL Payment Gateway Page: https://ecom1.dutchbanglabank.com/ecomm2/ClientHandler?card_type=6&trans_id=tl8x92vM0BX47IUUs5X2gcWyofc%3D
2022.12.17 17:31:38#=================== Start New Transaction ===================
2022.12.17 17:31:38#txnrefnum:MBM2010363
2022.12.17 17:31:38#clientIp:103.200.37.212
2022.12.17 17:31:38#card type:6
2022.12.17 17:31:38#totalamount:2000
2022.12.17 17:31:41#result:TRANSACTION_ID:1EdbRUVFFZTuJFQ7t4ZQSqrqg18=
2022.12.17 17:31:41#Forward to DBBL Payment Gateway Page: https://ecom1.dutchbanglabank.com/ecomm2/ClientHandler?card_type=6&trans_id=1EdbRUVFFZTuJFQ7t4ZQSqrqg18%3D
2022.12.17 17:32:19#=================== Start New Transaction ===================
2022.12.17 17:32:19#txnrefnum:MSC22111086
2022.12.17 17:32:19#clientIp:103.200.37.212
2022.12.17 17:32:19#card type:6
2022.12.17 17:32:19#totalamount:2000
2022.12.17 17:32:22#result:TRANSACTION_ID:JAmZN87hKBndao3G3hzmZFi3oUs=
2022.12.17 17:32:22#Forward to DBBL Payment Gateway Page: https://ecom1.dutchbanglabank.com/ecomm2/ClientHandler?card_type=6&trans_id=JAmZN87hKBndao3G3hzmZFi3oUs%3D
2022.12.17 17:33:29#=================== Start New Transaction ===================
2022.12.17 17:33:29#txnrefnum:MSC22111086
2022.12.17 17:33:29#clientIp:103.200.37.212
2022.12.17 17:33:29#card type:6
2022.12.17 17:33:29#totalamount:2000
2022.12.17 17:33:32#result:TRANSACTION_ID:1uI0Y6AwDEpRUCO27d5KEVSZhW0=
2022.12.17 17:33:32#Forward to DBBL Payment Gateway Page: https://ecom1.dutchbanglabank.com/ecomm2/ClientHandler?card_type=6&trans_id=1uI0Y6AwDEpRUCO27d5KEVSZhW0%3D
2022.12.17 17:35:13#=================== Start New Transaction ===================
2022.12.17 17:35:13#txnrefnum:MSC22111086
2022.12.17 17:35:13#clientIp:103.200.37.212
2022.12.17 17:35:13#card type:6
2022.12.17 17:35:13#totalamount:2000
2022.12.17 17:35:16#result:TRANSACTION_ID:ExCX6rRV3HFiQj1hT8aX3MxL4o8=
2022.12.17 17:35:17#Forward to DBBL Payment Gateway Page: https://ecom1.dutchbanglabank.com/ecomm2/ClientHandler?card_type=6&trans_id=ExCX6rRV3HFiQj1hT8aX3MxL4o8%3D
2022.12.17 17:54:55#=================== Start New Transaction ===================
2022.12.17 17:54:55#txnrefnum:MBG2104064
2022.12.17 17:54:55#clientIp:103.184.94.2
2022.12.17 17:54:55#card type:6
2022.12.17 17:54:55#totalamount:2000
2022.12.17 17:54:59#result:TRANSACTION_ID:tF0EaKt66NUnnNFnag5pw9uK6Ss=
2022.12.17 17:54:59#Forward to DBBL Payment Gateway Page: https://ecom1.dutchbanglabank.com/ecomm2/ClientHandler?card_type=6&trans_id=tF0EaKt66NUnnNFnag5pw9uK6Ss%3D
2022.12.17 17:59:55#=================== Start New Transaction ===================
2022.12.17 17:59:55#txnrefnum:MBD2301051
2022.12.17 17:59:55#clientIp:103.140.176.5
2022.12.17 17:59:55#card type:6
2022.12.17 17:59:55#totalamount:802000
2022.12.17 17:59:58#result:TRANSACTION_ID:WOglGOg4eLzu4tmvRb8TfY1NkkU=
2022.12.17 17:59:58#Forward to DBBL Payment Gateway Page: https://ecom1.dutchbanglabank.com/ecomm2/ClientHandler?card_type=6&trans_id=WOglGOg4eLzu4tmvRb8TfY1NkkU%3D
2022.12.17 18:01:37#=================== Start New Transaction ===================
2022.12.17 18:01:37#txnrefnum:
2022.12.17 18:01:37#clientIp:43.224.109.194
2022.12.17 18:01:37#card type:6
2022.12.17 18:01:37#totalamount:0
2022.12.17 18:01:39#result:Sub Merchant Name can not be blank
2022.12.17 18:02:03#---------------------- Complete New Transaction---------------------
2022.12.17 18:02:03#Get trans_id From Post Value:WOglGOg4eLzu4tmvRb8TfY1NkkU=
2022.12.17 18:02:03#clientIp:103.140.176.5
2022.12.17 18:02:03#trans_id:WOglGOg4eLzu4tmvRb8TfY1NkkU=
2022.12.17 18:02:06#result:RESULT>OK^RESULT_CODE>000^3DSECURE>SKIPPED^RRN>235118745955^APPROVAL_CODE>607080^CARD_NUMBER>999999*********6359^AMOUNT>802000^CARDNAME>mb account^DESCRIPTION>6MBD2301051^TRANS_DATE>2022-12-18 12:02:02 AM
2022.12.17 18:02:06#35737917060206
2022.12.17 18:02:06#35737917060206
2022.12.17 18:02:06#35737917060206
2022.12.17 18:02:06#35737917060206
2022.12.17 18:02:06#=================== Transaction Completed =======================
2022.12.17 18:02:25#=================== Start New Transaction ===================
2022.12.17 18:02:25#txnrefnum:MBB2109169
2022.12.17 18:02:25#clientIp:144.48.161.157
2022.12.17 18:02:25#card type:6
2022.12.17 18:02:25#totalamount:216000
2022.12.17 18:02:28#result:TRANSACTION_ID:eSa4GbheSkjKbXVyXVraX2wmKYs=
2022.12.17 18:02:28#Forward to DBBL Payment Gateway Page: https://ecom1.dutchbanglabank.com/ecomm2/ClientHandler?card_type=6&trans_id=eSa4GbheSkjKbXVyXVraX2wmKYs%3D
2022.12.17 18:07:21#=================== Start New Transaction ===================
2022.12.17 18:07:21#txnrefnum:MBG2104064
2022.12.17 18:07:21#clientIp:103.184.94.6
2022.12.17 18:07:21#card type:6
2022.12.17 18:07:21#totalamount:2000
2022.12.17 18:07:24#result:TRANSACTION_ID:Cjxdbb0o9mA4bAqX7bvFIW3r1ws=
2022.12.17 18:07:24#Forward to DBBL Payment Gateway Page: https://ecom1.dutchbanglabank.com/ecomm2/ClientHandler?card_type=6&trans_id=Cjxdbb0o9mA4bAqX7bvFIW3r1ws%3D
2022.12.17 18:09:08#=================== Start New Transaction ===================
2022.12.17 18:09:08#txnrefnum:MBG2104064
2022.12.17 18:09:08#clientIp:103.184.94.0
2022.12.17 18:09:08#card type:6
2022.12.17 18:09:08#totalamount:2000
2022.12.17 18:09:11#result:TRANSACTION_ID:LTX4LLriqryZewSISyIEfgL9mL0=
2022.12.17 18:09:11#Forward to DBBL Payment Gateway Page: https://ecom1.dutchbanglabank.com/ecomm2/ClientHandler?card_type=6&trans_id=LTX4LLriqryZewSISyIEfgL9mL0%3D
2022.12.17 18:13:50#=================== Start New Transaction ===================
2022.12.17 18:13:50#txnrefnum:MBD2302125
2022.12.17 18:13:50#clientIp:103.73.227.21
2022.12.17 18:13:50#card type:6
2022.12.17 18:13:50#totalamount:802000
2022.12.17 18:13:53#result:TRANSACTION_ID:fMGzfEPK74fIot1PCtRQ934EzX0=
2022.12.17 18:13:53#Forward to DBBL Payment Gateway Page: https://ecom1.dutchbanglabank.com/ecomm2/ClientHandler?card_type=6&trans_id=fMGzfEPK74fIot1PCtRQ934EzX0%3D
2022.12.17 18:18:16#---------------------- Complete New Transaction---------------------
2022.12.17 18:18:16#Get trans_id From Post Value:fMGzfEPK74fIot1PCtRQ934EzX0=
2022.12.17 18:18:16#clientIp:103.73.227.21
2022.12.17 18:18:16#trans_id:fMGzfEPK74fIot1PCtRQ934EzX0=
2022.12.17 18:18:19#result:RESULT>OK^RESULT_CODE>000^3DSECURE>SKIPPED^RRN>235118746343^APPROVAL_CODE>678255^CARD_NUMBER>999999*********7072^AMOUNT>802000^CARDNAME>mb account^DESCRIPTION>6MBD2302125^TRANS_DATE>2022-12-18 12:18:14 AM
2022.12.17 18:18:19#35738117061819
2022.12.17 18:18:19#35738117061819
2022.12.17 18:18:19#35738117061819
2022.12.17 18:18:19#35738117061819
2022.12.17 18:18:19#=================== Transaction Completed =======================
2022.12.17 18:19:38#=================== Start New Transaction ===================
2022.12.17 18:19:38#txnrefnum:BBD2304043
2022.12.17 18:19:38#clientIp:103.162.56.90
2022.12.17 18:19:38#card type:6
2022.12.17 18:19:38#totalamount:802000
2022.12.17 18:19:41#result:TRANSACTION_ID:cvSmmYaTTKqBkPQ272ig0zMppNw=
2022.12.17 18:19:41#Forward to DBBL Payment Gateway Page: https://ecom1.dutchbanglabank.com/ecomm2/ClientHandler?card_type=6&trans_id=cvSmmYaTTKqBkPQ272ig0zMppNw%3D
2022.12.17 18:20:01#=================== Start New Transaction ===================
2022.12.17 18:20:01#txnrefnum:MBB2109169
2022.12.17 18:20:01#clientIp:144.48.161.157
2022.12.17 18:20:01#card type:6
2022.12.17 18:20:01#totalamount:216000
2022.12.17 18:20:04#result:TRANSACTION_ID:GvjDmYYGnABizeWCCrGDAz1IADc=
2022.12.17 18:20:04#Forward to DBBL Payment Gateway Page: https://ecom1.dutchbanglabank.com/ecomm2/ClientHandler?card_type=6&trans_id=GvjDmYYGnABizeWCCrGDAz1IADc%3D
2022.12.17 18:20:50#---------------------- Complete New Transaction---------------------
2022.12.17 18:20:50#Get trans_id From Post Value:GvjDmYYGnABizeWCCrGDAz1IADc=
2022.12.17 18:20:50#clientIp:144.48.161.157
2022.12.17 18:20:50#trans_id:GvjDmYYGnABizeWCCrGDAz1IADc=
2022.12.17 18:20:52#result:RESULT>OK^RESULT_CODE>000^3DSECURE>SKIPPED^RRN>235118746399^APPROVAL_CODE>679748^CARD_NUMBER>999999*********7794^AMOUNT>216000^CARDNAME>mb account^DESCRIPTION>6MBB2109169^TRANS_DATE>2022-12-18 12:20:49 AM
2022.12.17 18:20:52#35636517062052
2022.12.17 18:20:52#35636517062052
2022.12.17 18:20:52#=================== Transaction Completed =======================
2022.12.17 18:24:51#=================== Start New Transaction ===================
2022.12.17 18:24:51#txnrefnum:BBM2306009
2022.12.17 18:24:51#clientIp:37.111.198.42
2022.12.17 18:24:51#card type:6
2022.12.17 18:24:51#totalamount:802000
2022.12.17 18:24:54#result:TRANSACTION_ID:hHbuMOHNVtxy0OSHTPDg9ihoIl4=
2022.12.17 18:24:54#Forward to DBBL Payment Gateway Page: https://ecom1.dutchbanglabank.com/ecomm2/ClientHandler?card_type=6&trans_id=hHbuMOHNVtxy0OSHTPDg9ihoIl4%3D
2022.12.17 18:25:26#=================== Start New Transaction ===================
2022.12.17 18:25:26#txnrefnum:BBM2306009
2022.12.17 18:25:26#clientIp:37.111.198.42
2022.12.17 18:25:26#card type:6
2022.12.17 18:25:26#totalamount:802000
2022.12.17 18:25:30#result:TRANSACTION_ID:pxPNVBZSUN07Dm26bO2AVG6oNO4=
2022.12.17 18:25:30#Forward to DBBL Payment Gateway Page: https://ecom1.dutchbanglabank.com/ecomm2/ClientHandler?card_type=6&trans_id=pxPNVBZSUN07Dm26bO2AVG6oNO4%3D
2022.12.17 18:25:59#=================== Start New Transaction ===================
2022.12.17 18:25:59#txnrefnum:MEM2302001
2022.12.17 18:25:59#clientIp:103.237.39.250
2022.12.17 18:25:59#card type:6
2022.12.17 18:25:59#totalamount:1002000
2022.12.17 18:26:02#result:TRANSACTION_ID:mzWL9aSihS2R3lOtSV8unkBvjUk=
2022.12.17 18:26:02#Forward to DBBL Payment Gateway Page: https://ecom1.dutchbanglabank.com/ecomm2/ClientHandler?card_type=6&trans_id=mzWL9aSihS2R3lOtSV8unkBvjUk%3D
2022.12.17 18:26:24#=================== Start New Transaction ===================
2022.12.17 18:26:24#txnrefnum:MEM2302001
2022.12.17 18:26:24#clientIp:103.237.39.250
2022.12.17 18:26:24#card type:6
2022.12.17 18:26:24#totalamount:1002000
2022.12.17 18:26:25#=================== Start New Transaction ===================
2022.12.17 18:26:25#txnrefnum:BBM2306009
2022.12.17 18:26:25#clientIp:37.111.198.42
2022.12.17 18:26:25#card type:6
2022.12.17 18:26:25#totalamount:802000
2022.12.17 18:26:27#result:TRANSACTION_ID:PjabSs5BoMnA9POakAeh1TZWSEU=
2022.12.17 18:26:28#Forward to DBBL Payment Gateway Page: https://ecom1.dutchbanglabank.com/ecomm2/ClientHandler?card_type=6&trans_id=PjabSs5BoMnA9POakAeh1TZWSEU%3D
2022.12.17 18:26:29#result:TRANSACTION_ID:lRre0XihJFxBgw1BpSPa1qJtHjI=
2022.12.17 18:26:29#Forward to DBBL Payment Gateway Page: https://ecom1.dutchbanglabank.com/ecomm2/ClientHandler?card_type=6&trans_id=lRre0XihJFxBgw1BpSPa1qJtHjI%3D
2022.12.17 18:27:00#=================== Start New Transaction ===================
2022.12.17 18:27:00#txnrefnum:MBD2304029
2022.12.17 18:27:00#clientIp:103.154.49.10
2022.12.17 18:27:00#card type:6
2022.12.17 18:27:00#totalamount:802000
2022.12.17 18:27:03#result:TRANSACTION_ID:iG6grSFiwaTw38OFC6bKbmgS184=
2022.12.17 18:27:03#Forward to DBBL Payment Gateway Page: https://ecom1.dutchbanglabank.com/ecomm2/ClientHandler?card_type=6&trans_id=iG6grSFiwaTw38OFC6bKbmgS184%3D
2022.12.17 18:27:55#---------------------- Complete New Transaction---------------------
2022.12.17 18:27:55#Get trans_id From Post Value:iG6grSFiwaTw38OFC6bKbmgS184=
2022.12.17 18:27:55#clientIp:103.154.49.10
2022.12.17 18:27:55#trans_id:iG6grSFiwaTw38OFC6bKbmgS184=
2022.12.17 18:27:57#result:RESULT>OK^RESULT_CODE>000^3DSECURE>SKIPPED^RRN>235118746556^APPROVAL_CODE>683421^CARD_NUMBER>999999*********7304^AMOUNT>802000^CARDNAME>mb account^DESCRIPTION>6MBD2304029^TRANS_DATE>2022-12-18 12:27:54 AM
2022.12.17 18:27:57#35739517062757
2022.12.17 18:27:57#35739517062757
2022.12.17 18:27:57#35739517062757
2022.12.17 18:27:57#35739517062757
2022.12.17 18:27:57#=================== Transaction Completed =======================
2022.12.17 18:28:05#=================== Start New Transaction ===================
2022.12.17 18:28:05#txnrefnum:MEM2301036
2022.12.17 18:28:05#clientIp:103.183.69.21
2022.12.17 18:28:05#card type:6
2022.12.17 18:28:05#totalamount:1002000
2022.12.17 18:28:09#result:TRANSACTION_ID:C1SMFMOZOdVl4HOvETqKZUef7c4=
2022.12.17 18:28:09#Forward to DBBL Payment Gateway Page: https://ecom1.dutchbanglabank.com/ecomm2/ClientHandler?card_type=6&trans_id=C1SMFMOZOdVl4HOvETqKZUef7c4%3D
2022.12.17 18:29:48#=================== Start New Transaction ===================
2022.12.17 18:29:48#txnrefnum:MEM2301036
2022.12.17 18:29:48#clientIp:103.183.69.21
2022.12.17 18:29:48#card type:6
2022.12.17 18:29:48#totalamount:1002000
2022.12.17 18:29:51#result:TRANSACTION_ID:SVGXOKrxWNnc9qNsnKSzdeTegXs=
2022.12.17 18:29:52#Forward to DBBL Payment Gateway Page: https://ecom1.dutchbanglabank.com/ecomm2/ClientHandler?card_type=6&trans_id=SVGXOKrxWNnc9qNsnKSzdeTegXs%3D
2022.12.17 18:30:05#=================== Start New Transaction ===================
2022.12.17 18:30:05#txnrefnum:BBM2306009
2022.12.17 18:30:05#clientIp:37.111.198.42
2022.12.17 18:30:05#card type:6
2022.12.17 18:30:05#totalamount:802000
2022.12.17 18:30:08#result:TRANSACTION_ID:ZLsDXBhdySyPjWtBiJYEXHyKImQ=
2022.12.17 18:30:08#Forward to DBBL Payment Gateway Page: https://ecom1.dutchbanglabank.com/ecomm2/ClientHandler?card_type=6&trans_id=ZLsDXBhdySyPjWtBiJYEXHyKImQ%3D
2022.12.17 18:30:45#---------------------- Complete New Transaction---------------------
2022.12.17 18:30:45#Get trans_id From Post Value:ZLsDXBhdySyPjWtBiJYEXHyKImQ=
2022.12.17 18:30:45#clientIp:37.111.198.42
2022.12.17 18:30:45#trans_id:ZLsDXBhdySyPjWtBiJYEXHyKImQ=
2022.12.17 18:30:47#result:RESULT>OK^RESULT_CODE>000^3DSECURE>SKIPPED^RRN>235118746608^APPROVAL_CODE>684975^CARD_NUMBER>999999*********3776^AMOUNT>802000^CARDNAME>mb account^DESCRIPTION>6BBM2306009^TRANS_DATE>2022-12-18 12:30:43 AM
2022.12.17 18:30:47#35740217063047
2022.12.17 18:30:47#35740217063047
2022.12.17 18:30:47#35740217063047
2022.12.17 18:30:47#35740217063047
2022.12.17 18:30:47#=================== Transaction Completed =======================
2022.12.17 18:30:52#---------------------- Complete New Transaction---------------------
2022.12.17 18:30:52#Get trans_id From Post Value:SVGXOKrxWNnc9qNsnKSzdeTegXs=
2022.12.17 18:30:52#clientIp:103.183.69.21
2022.12.17 18:30:52#trans_id:SVGXOKrxWNnc9qNsnKSzdeTegXs=
2022.12.17 18:30:54#result:RESULT>OK^RESULT_CODE>000^3DSECURE>SKIPPED^RRN>235118746611^APPROVAL_CODE>685030^CARD_NUMBER>999999*********7805^AMOUNT>1002000^CARDNAME>mb account^DESCRIPTION>6MEM2301036^TRANS_DATE>2022-12-18 12:30:49 AM
2022.12.17 18:30:54#35740017063054
2022.12.17 18:30:54#35740017063054
2022.12.17 18:30:54#35740017063054
2022.12.17 18:30:55#35740017063054
2022.12.17 18:30:55#=================== Transaction Completed =======================
2022.12.17 18:35:38#=================== Start New Transaction ===================
2022.12.17 18:35:38#txnrefnum:MEM2301094
2022.12.17 18:35:38#clientIp:103.135.254.173
2022.12.17 18:35:38#card type:6
2022.12.17 18:35:38#totalamount:1002000
2022.12.17 18:35:41#result:TRANSACTION_ID:9O5L5xmqzSSIPwfIA1BWLJXX22M=
2022.12.17 18:35:41#Forward to DBBL Payment Gateway Page: https://ecom1.dutchbanglabank.com/ecomm2/ClientHandler?card_type=6&trans_id=9O5L5xmqzSSIPwfIA1BWLJXX22M%3D
2022.12.17 18:36:18#---------------------- Complete New Transaction---------------------
2022.12.17 18:36:18#Get trans_id From Post Value:9O5L5xmqzSSIPwfIA1BWLJXX22M=
2022.12.17 18:36:18#clientIp:103.135.254.173
2022.12.17 18:36:18#trans_id:9O5L5xmqzSSIPwfIA1BWLJXX22M=
2022.12.17 18:36:20#result:RESULT>OK^RESULT_CODE>000^3DSECURE>SKIPPED^RRN>235118746740^APPROVAL_CODE>687925^CARD_NUMBER>999999*********6277^AMOUNT>1002000^CARDNAME>mb account^DESCRIPTION>6MEM2301094^TRANS_DATE>2022-12-18 12:36:17 AM
2022.12.17 18:36:20#35740317063620
2022.12.17 18:36:20#35740317063620
2022.12.17 18:36:20#35740317063620
2022.12.17 18:36:21#35740317063620
2022.12.17 18:36:21#=================== Transaction Completed =======================
2022.12.17 18:46:08#=================== Start New Transaction ===================
2022.12.17 18:46:08#txnrefnum:MBD2305048
2022.12.17 18:46:08#clientIp:118.179.23.18
2022.12.17 18:46:08#card type:6
2022.12.17 18:46:08#totalamount:802000
2022.12.17 18:46:11#result:TRANSACTION_ID:xSxyPL7YJzDpRwCHFzpxrO6JlsY=
2022.12.17 18:46:12#Forward to DBBL Payment Gateway Page: https://ecom1.dutchbanglabank.com/ecomm2/ClientHandler?card_type=6&trans_id=xSxyPL7YJzDpRwCHFzpxrO6JlsY%3D
2022.12.17 18:51:00#---------------------- Complete New Transaction---------------------
2022.12.17 18:51:00#Get trans_id From Post Value:xSxyPL7YJzDpRwCHFzpxrO6JlsY=
2022.12.17 18:51:00#clientIp:118.179.23.18
2022.12.17 18:51:00#trans_id:xSxyPL7YJzDpRwCHFzpxrO6JlsY=
2022.12.17 18:51:02#result:RESULT>OK^RESULT_CODE>000^3DSECURE>SKIPPED^RRN>235118747116^APPROVAL_CODE>695431^CARD_NUMBER>999999*********6716^AMOUNT>802000^CARDNAME>mb account^DESCRIPTION>6MBD2305048^TRANS_DATE>2022-12-18 12:50:59 AM
2022.12.17 18:51:02#35740517065102
2022.12.17 18:51:03#35740517065102
2022.12.17 18:51:03#35740517065102
2022.12.17 18:51:03#35740517065102
2022.12.17 18:51:03#=================== Transaction Completed =======================
2022.12.17 19:01:57#=================== Start New Transaction ===================
2022.12.17 19:01:57#txnrefnum:MBD2302093
2022.12.17 19:01:57#clientIp:103.166.152.240
2022.12.17 19:01:57#card type:6
2022.12.17 19:01:57#totalamount:802000
2022.12.17 19:02:00#result:TRANSACTION_ID:DUzWQpJ0WTUPrUnXSmEtc9qUPyo=
2022.12.17 19:02:00#Forward to DBBL Payment Gateway Page: https://ecom1.dutchbanglabank.com/ecomm2/ClientHandler?card_type=6&trans_id=DUzWQpJ0WTUPrUnXSmEtc9qUPyo%3D
2022.12.17 19:03:24#---------------------- Complete New Transaction---------------------
2022.12.17 19:03:24#Get trans_id From Post Value:DUzWQpJ0WTUPrUnXSmEtc9qUPyo=
2022.12.17 19:03:24#clientIp:103.166.152.240
2022.12.17 19:03:24#trans_id:DUzWQpJ0WTUPrUnXSmEtc9qUPyo=
2022.12.17 19:03:26#result:RESULT>FAILED^RESULT_CODE>116^3DSECURE>SKIPPED^RRN>235119747290^APPROVAL_CODE>0^CARD_NUMBER>999999*********3378^AMOUNT>802000^CARDNAME>mb account^DESCRIPTION>6MBD2302093^TRANS_DATE>2022-12-18 01:03:22 AM
2022.12.17 19:03:26#Not Sufficient Amount
2022.12.17 19:08:11#=================== Start New Transaction ===================
2022.12.17 19:08:11#txnrefnum:MBD2302093
2022.12.17 19:08:11#clientIp:103.166.152.240
2022.12.17 19:08:11#card type:6
2022.12.17 19:08:11#totalamount:802000
2022.12.17 19:08:14#result:TRANSACTION_ID:p640V1sSUf0C9EVXOjRcc2gaCro=
2022.12.17 19:08:14#Forward to DBBL Payment Gateway Page: https://ecom1.dutchbanglabank.com/ecomm2/ClientHandler?card_type=6&trans_id=p640V1sSUf0C9EVXOjRcc2gaCro%3D
2022.12.17 20:08:06#=================== Start New Transaction ===================
2022.12.17 20:08:06#txnrefnum:MBG2104064
2022.12.17 20:08:06#clientIp:103.184.94.5
2022.12.17 20:08:06#card type:6
2022.12.17 20:08:06#totalamount:2000
2022.12.17 20:08:09#result:TRANSACTION_ID:QSOoE5syaxeOwSsq5EKldhSrxPw=
2022.12.17 20:08:09#Forward to DBBL Payment Gateway Page: https://ecom1.dutchbanglabank.com/ecomm2/ClientHandler?card_type=6&trans_id=QSOoE5syaxeOwSsq5EKldhSrxPw%3D
2022.12.17 20:10:03#=================== Start New Transaction ===================
2022.12.17 20:10:03#txnrefnum:MBG2104064
2022.12.17 20:10:03#clientIp:103.184.94.1
2022.12.17 20:10:03#card type:6
2022.12.17 20:10:03#totalamount:2000
2022.12.17 20:10:06#result:TRANSACTION_ID:52CB2KCPTezExP3RGJPockDnCJQ=
2022.12.17 20:10:06#Forward to DBBL Payment Gateway Page: https://ecom1.dutchbanglabank.com/ecomm2/ClientHandler?card_type=6&trans_id=52CB2KCPTezExP3RGJPockDnCJQ%3D
2022.12.17 20:13:14#=================== Start New Transaction ===================
2022.12.17 20:13:14#txnrefnum:MBG2104064
2022.12.17 20:13:14#clientIp:103.184.94.6
2022.12.17 20:13:14#card type:6
2022.12.17 20:13:14#totalamount:2000
2022.12.17 20:13:17#result:TRANSACTION_ID:do9plujYl4tvwFdgiWUQot2gwxA=
2022.12.17 20:13:17#Forward to DBBL Payment Gateway Page: https://ecom1.dutchbanglabank.com/ecomm2/ClientHandler?card_type=6&trans_id=do9plujYl4tvwFdgiWUQot2gwxA%3D
2022.12.17 20:14:45#=================== Start New Transaction ===================
2022.12.17 20:14:45#txnrefnum:MBG2104064
2022.12.17 20:14:45#clientIp:103.184.94.6
2022.12.17 20:14:45#card type:6
2022.12.17 20:14:45#totalamount:2000
2022.12.17 20:14:48#result:TRANSACTION_ID:m7micJ1kEpPNCNxS0ASlJcvuJWM=
2022.12.17 20:14:48#Forward to DBBL Payment Gateway Page: https://ecom1.dutchbanglabank.com/ecomm2/ClientHandler?card_type=6&trans_id=m7micJ1kEpPNCNxS0ASlJcvuJWM%3D
2022.12.17 20:15:34#=================== Start New Transaction ===================
2022.12.17 20:15:34#txnrefnum:MBG2104064
2022.12.17 20:15:34#clientIp:103.184.94.0
2022.12.17 20:15:34#card type:6
2022.12.17 20:15:34#totalamount:2000
2022.12.17 20:15:37#result:TRANSACTION_ID:X3Ml4eOEm1u0btlIaycOsieDPOE=
2022.12.17 20:15:37#Forward to DBBL Payment Gateway Page: https://ecom1.dutchbanglabank.com/ecomm2/ClientHandler?card_type=6&trans_id=X3Ml4eOEm1u0btlIaycOsieDPOE%3D
2022.12.17 20:17:03#=================== Start New Transaction ===================
2022.12.17 20:17:03#txnrefnum:MBG2104064
2022.12.17 20:17:03#clientIp:103.184.94.1
2022.12.17 20:17:03#card type:6
2022.12.17 20:17:03#totalamount:2000
2022.12.17 20:17:06#result:TRANSACTION_ID:WJflwUaVCXSg5DENMni6GcTGlkw=
2022.12.17 20:17:07#Forward to DBBL Payment Gateway Page: https://ecom1.dutchbanglabank.com/ecomm2/ClientHandler?card_type=6&trans_id=WJflwUaVCXSg5DENMni6GcTGlkw%3D
2022.12.17 20:18:25#=================== Start New Transaction ===================
2022.12.17 20:18:25#txnrefnum:MBG2104064
2022.12.17 20:18:25#clientIp:103.184.94.1
2022.12.17 20:18:25#card type:6
2022.12.17 20:18:25#totalamount:2000
2022.12.17 20:18:28#result:TRANSACTION_ID:hvqMqP1qZ6DUQAp993e7iBLhfiE=
2022.12.17 20:18:28#Forward to DBBL Payment Gateway Page: https://ecom1.dutchbanglabank.com/ecomm2/ClientHandler?card_type=6&trans_id=hvqMqP1qZ6DUQAp993e7iBLhfiE%3D