
2023.3.31 08:21:20#=================== Start New Transaction ===================
2023.3.31 08:21:20#txnrefnum:MSC22110524
2023.3.31 08:21:20#clientIp:103.242.23.181
2023.3.31 08:21:20#card type:6
2023.3.31 08:21:20#totalamount:1022000
2023.3.31 08:21:23#result:TRANSACTION_ID:w5BcOfv5yTfM4fqQOwl9MIXEEaQ=
2023.3.31 08:21:23#Forward to DBBL Payment Gateway Page: https://ecom1.dutchbanglabank.com/ecomm2/ClientHandler?card_type=6&trans_id=w5BcOfv5yTfM4fqQOwl9MIXEEaQ%3D
2023.3.31 08:22:16#---------------------- Complete New Transaction---------------------
2023.3.31 08:22:16#Get trans_id From Post Value:w5BcOfv5yTfM4fqQOwl9MIXEEaQ=
2023.3.31 08:22:18#clientIp:103.242.23.181
2023.3.31 08:22:18#trans_id:w5BcOfv5yTfM4fqQOwl9MIXEEaQ=
2023.3.31 08:22:19#result:RESULT>OK^RESULT_CODE>000^3DSECURE>SKIPPED^RRN>309008141597^APPROVAL_CODE>600105^CARD_NUMBER>999999*********8527^AMOUNT>1022000^CARDNAME>mb account^DESCRIPTION>6MSC22110524^TRANS_DATE>2023-03-31 02:22:15 PM
2023.3.31 08:22:19#33490831082219
2023.3.31 08:22:19#33490831082219
2023.3.31 08:22:19#33490831082219
2023.3.31 08:22:20#33490831082219
2023.3.31 08:22:20#33490831082219
2023.3.31 08:22:20#33490831082219
2023.3.31 08:22:20#33490831082219
2023.3.31 08:22:20#33490831082219
2023.3.31 08:22:20#=================== Transaction Completed =======================
2023.3.31 08:38:24#=================== Start New Transaction ===================
2023.3.31 08:38:24#txnrefnum:MSC22111159
2023.3.31 08:38:24#clientIp:103.140.176.19
2023.3.31 08:38:24#card type:6
2023.3.31 08:38:24#totalamount:522000
2023.3.31 08:38:26#=================== Start New Transaction ===================
2023.3.31 08:38:26#txnrefnum:MSC22111159
2023.3.31 08:38:26#clientIp:103.140.176.19
2023.3.31 08:38:26#card type:6
2023.3.31 08:38:26#totalamount:522000
2023.3.31 08:38:29#result:TRANSACTION_ID:5M8VIG9e3Kfb5ttOjxSS9NinSjs=
2023.3.31 08:38:29#Forward to DBBL Payment Gateway Page: https://ecom1.dutchbanglabank.com/ecomm2/ClientHandler?card_type=6&trans_id=5M8VIG9e3Kfb5ttOjxSS9NinSjs%3D
2023.3.31 08:38:30#result:TRANSACTION_ID:QZCNAoWKnyajvDlOBOLWXclWVu4=
2023.3.31 08:38:31#Forward to DBBL Payment Gateway Page: https://ecom1.dutchbanglabank.com/ecomm2/ClientHandler?card_type=6&trans_id=QZCNAoWKnyajvDlOBOLWXclWVu4%3D
2023.3.31 09:11:51#=================== Start New Transaction ===================
2023.3.31 09:11:51#txnrefnum:MSC22111264
2023.3.31 09:11:51#clientIp:202.134.14.153
2023.3.31 09:11:51#card type:6
2023.3.31 09:11:51#totalamount:424000
2023.3.31 09:11:54#result:TRANSACTION_ID:EsG7bGNkJDvJfcX46FrPOljRha4=
2023.3.31 09:11:54#Forward to DBBL Payment Gateway Page: https://ecom1.dutchbanglabank.com/ecomm2/ClientHandler?card_type=6&trans_id=EsG7bGNkJDvJfcX46FrPOljRha4%3D
2023.3.31 09:14:02#=================== Start New Transaction ===================
2023.3.31 09:14:02#txnrefnum:MSC22111264
2023.3.31 09:14:02#clientIp:202.134.14.153
2023.3.31 09:14:02#card type:6
2023.3.31 09:14:02#totalamount:424000
2023.3.31 09:15:05#=================== Start New Transaction ===================
2023.3.31 09:15:05#txnrefnum:MBD2305058
2023.3.31 09:15:05#clientIp:103.161.68.162
2023.3.31 09:15:05#card type:6
2023.3.31 09:15:05#totalamount:102000
2023.3.31 09:15:17#=================== Start New Transaction ===================
2023.3.31 09:15:17#txnrefnum:MBD2305058
2023.3.31 09:15:17#clientIp:103.161.68.162
2023.3.31 09:15:17#card type:6
2023.3.31 09:15:17#totalamount:102000
2023.3.31 09:16:14#=================== Start New Transaction ===================
2023.3.31 09:16:14#txnrefnum:MSC22111264
2023.3.31 09:16:14#clientIp:202.134.14.153
2023.3.31 09:16:14#card type:6
2023.3.31 09:16:14#totalamount:424000
2023.3.31 09:17:34#=================== Start New Transaction ===================
2023.3.31 09:17:34#txnrefnum:MBD2305058
2023.3.31 09:17:34#clientIp:103.161.68.162
2023.3.31 09:17:34#card type:6
2023.3.31 09:17:34#totalamount:102000
2023.3.31 09:19:46#=================== Start New Transaction ===================
2023.3.31 09:19:46#txnrefnum:MBD2305058
2023.3.31 09:19:46#clientIp:103.161.68.162
2023.3.31 09:19:46#card type:6
2023.3.31 09:19:46#totalamount:102000
2023.3.31 09:21:33#=================== Start New Transaction ===================
2023.3.31 09:21:33#txnrefnum:MBD2305058
2023.3.31 09:21:33#clientIp:103.161.68.162
2023.3.31 09:21:33#card type:6
2023.3.31 09:21:33#totalamount:102000
2023.3.31 09:27:16#=================== Start New Transaction ===================
2023.3.31 09:27:16#txnrefnum:MBD2305058
2023.3.31 09:27:16#clientIp:103.161.68.162
2023.3.31 09:27:16#card type:6
2023.3.31 09:27:16#totalamount:102000
2023.3.31 09:30:19#=================== Start New Transaction ===================
2023.3.31 09:30:19#txnrefnum:MBD2305058
2023.3.31 09:30:19#clientIp:103.161.68.162
2023.3.31 09:30:19#card type:6
2023.3.31 09:30:19#totalamount:2000
2023.3.31 09:31:34#=================== Start New Transaction ===================
2023.3.31 09:31:34#txnrefnum:MBD2305058
2023.3.31 09:31:34#clientIp:103.161.68.162
2023.3.31 09:31:34#card type:6
2023.3.31 09:31:34#totalamount:102000
2023.3.31 10:14:44#=================== Start New Transaction ===================
2023.3.31 10:14:44#txnrefnum:MBD2305058
2023.3.31 10:14:44#clientIp:103.161.68.162
2023.3.31 10:14:44#card type:6
2023.3.31 10:14:44#totalamount:2000
2023.3.31 10:14:45#=================== Start New Transaction ===================
2023.3.31 10:14:45#txnrefnum:MBD2305058
2023.3.31 10:14:45#clientIp:103.161.68.162
2023.3.31 10:14:45#card type:6
2023.3.31 10:14:45#totalamount:2000
2023.3.31 10:14:46#result:TRANSACTION_ID:GS2wneAoVWJ1LvyXCnTFjSR49Sg=
2023.3.31 10:14:47#Forward to DBBL Payment Gateway Page: https://ecom1.dutchbanglabank.com/ecomm2/ClientHandler?card_type=6&trans_id=GS2wneAoVWJ1LvyXCnTFjSR49Sg%3D
2023.3.31 10:14:47#=================== Start New Transaction ===================
2023.3.31 10:14:47#txnrefnum:MBD2305058
2023.3.31 10:14:47#clientIp:103.161.68.162
2023.3.31 10:14:47#card type:6
2023.3.31 10:14:47#totalamount:2000
2023.3.31 10:14:48#result:TRANSACTION_ID:SCmqzpqAFGZSY1DpXE8hRt4j4jA=
2023.3.31 10:14:48#Forward to DBBL Payment Gateway Page: https://ecom1.dutchbanglabank.com/ecomm2/ClientHandler?card_type=6&trans_id=SCmqzpqAFGZSY1DpXE8hRt4j4jA%3D
2023.3.31 10:14:54#result:TRANSACTION_ID:hv2qoWzSrDOFOt54zkOszCSixeI=
2023.3.31 10:14:54#Forward to DBBL Payment Gateway Page: https://ecom1.dutchbanglabank.com/ecomm2/ClientHandler?card_type=6&trans_id=hv2qoWzSrDOFOt54zkOszCSixeI%3D
2023.3.31 10:15:55#---------------------- Complete New Transaction---------------------
2023.3.31 10:15:55#Get trans_id From Post Value:hv2qoWzSrDOFOt54zkOszCSixeI=
2023.3.31 10:15:55#clientIp:103.161.68.162
2023.3.31 10:15:55#trans_id:hv2qoWzSrDOFOt54zkOszCSixeI=
2023.3.31 10:15:57#result:RESULT>FAILED^RESULT_CODE>100^3DSECURE>SKIPPED^RRN>309010148194^APPROVAL_CODE>0^CARD_NUMBER>999999*********2191^AMOUNT>2000^CARDNAME>mb account^DESCRIPTION>6MBD2305058^TRANS_DATE>2023-03-31 04:15:54 PM
2023.3.31 10:15:57#Failed
2023.3.31 10:16:27#=================== Start New Transaction ===================
2023.3.31 10:16:27#txnrefnum:MBD2305058
2023.3.31 10:16:27#clientIp:103.161.68.162
2023.3.31 10:16:27#card type:6
2023.3.31 10:16:27#totalamount:102000
2023.3.31 10:16:30#=================== Start New Transaction ===================
2023.3.31 10:16:30#txnrefnum:MBD2305058
2023.3.31 10:16:30#clientIp:103.161.68.162
2023.3.31 10:16:30#card type:6
2023.3.31 10:16:30#totalamount:102000
2023.3.31 10:16:30#result:TRANSACTION_ID:LvZtcSgstPPSlVkwEHPL1OPnqBE=
2023.3.31 10:16:30#Forward to DBBL Payment Gateway Page: https://ecom1.dutchbanglabank.com/ecomm2/ClientHandler?card_type=6&trans_id=LvZtcSgstPPSlVkwEHPL1OPnqBE%3D
2023.3.31 10:16:33#result:TRANSACTION_ID:TboASG5wuI2PWxNblPbNb89fCf0=
2023.3.31 10:16:33#Forward to DBBL Payment Gateway Page: https://ecom1.dutchbanglabank.com/ecomm2/ClientHandler?card_type=6&trans_id=TboASG5wuI2PWxNblPbNb89fCf0%3D
2023.3.31 10:16:33#=================== Start New Transaction ===================
2023.3.31 10:16:33#txnrefnum:MBD2305058
2023.3.31 10:16:33#clientIp:103.161.68.162
2023.3.31 10:16:33#card type:6
2023.3.31 10:16:33#totalamount:102000
2023.3.31 10:16:36#result:TRANSACTION_ID:cNn7exAkIWMla0KGCHOYbElBZcc=
2023.3.31 10:16:36#Forward to DBBL Payment Gateway Page: https://ecom1.dutchbanglabank.com/ecomm2/ClientHandler?card_type=6&trans_id=cNn7exAkIWMla0KGCHOYbElBZcc%3D
2023.3.31 10:21:05#=================== Start New Transaction ===================
2023.3.31 10:21:05#txnrefnum:MBD2305058
2023.3.31 10:21:05#clientIp:103.161.68.162
2023.3.31 10:21:05#card type:6
2023.3.31 10:21:05#totalamount:102000
2023.3.31 10:21:08#result:TRANSACTION_ID:Pb84XRuvL46nN8dWCb9jDWaSbN0=
2023.3.31 10:21:08#Forward to DBBL Payment Gateway Page: https://ecom1.dutchbanglabank.com/ecomm2/ClientHandler?card_type=6&trans_id=Pb84XRuvL46nN8dWCb9jDWaSbN0%3D
2023.3.31 10:21:59#---------------------- Complete New Transaction---------------------
2023.3.31 10:21:59#Get trans_id From Post Value:Pb84XRuvL46nN8dWCb9jDWaSbN0=
2023.3.31 10:21:59#clientIp:103.161.68.162
2023.3.31 10:21:59#trans_id:Pb84XRuvL46nN8dWCb9jDWaSbN0=
2023.3.31 10:22:01#result:RESULT>FAILED^RESULT_CODE>100^3DSECURE>SKIPPED^RRN>309010148453^APPROVAL_CODE>0^CARD_NUMBER>999999*********2191^AMOUNT>102000^CARDNAME>mb account^DESCRIPTION>6MBD2305058^TRANS_DATE>2023-03-31 04:21:58 PM
2023.3.31 10:22:01#Failed
2023.3.31 10:22:18#=================== Start New Transaction ===================
2023.3.31 10:22:18#txnrefnum:MBD2305058
2023.3.31 10:22:18#clientIp:103.161.68.162
2023.3.31 10:22:18#card type:6
2023.3.31 10:22:18#totalamount:2000
2023.3.31 10:22:21#result:TRANSACTION_ID:29wnWS7tkb3PX6QuduxS0hrHnr8=
2023.3.31 10:22:21#Forward to DBBL Payment Gateway Page: https://ecom1.dutchbanglabank.com/ecomm2/ClientHandler?card_type=6&trans_id=29wnWS7tkb3PX6QuduxS0hrHnr8%3D
2023.3.31 10:22:22#=================== Start New Transaction ===================
2023.3.31 10:22:22#txnrefnum:MBD2305058
2023.3.31 10:22:22#clientIp:103.161.68.162
2023.3.31 10:22:22#card type:6
2023.3.31 10:22:22#totalamount:2000
2023.3.31 10:22:25#result:TRANSACTION_ID:neHpxD2ytin4tayZ7bkjrXcorco=
2023.3.31 10:22:25#Forward to DBBL Payment Gateway Page: https://ecom1.dutchbanglabank.com/ecomm2/ClientHandler?card_type=6&trans_id=neHpxD2ytin4tayZ7bkjrXcorco%3D
2023.3.31 10:23:04#---------------------- Complete New Transaction---------------------
2023.3.31 10:23:04#Get trans_id From Post Value:neHpxD2ytin4tayZ7bkjrXcorco=
2023.3.31 10:23:04#clientIp:103.161.68.162
2023.3.31 10:23:04#trans_id:neHpxD2ytin4tayZ7bkjrXcorco=
2023.3.31 10:23:06#result:RESULT>FAILED^RESULT_CODE>100^3DSECURE>SKIPPED^RRN>309010148506^APPROVAL_CODE>0^CARD_NUMBER>999999*********2191^AMOUNT>2000^CARDNAME>mb account^DESCRIPTION>6MBD2305058^TRANS_DATE>2023-03-31 04:23:03 PM
2023.3.31 10:23:06#Failed
2023.3.31 10:23:31#=================== Start New Transaction ===================
2023.3.31 10:23:31#txnrefnum:MBD2305058
2023.3.31 10:23:31#clientIp:103.161.68.162
2023.3.31 10:23:31#card type:6
2023.3.31 10:23:31#totalamount:2000
2023.3.31 10:23:34#result:TRANSACTION_ID:AwoVjJWCk23B3FqOi9dqukG1S8M=
2023.3.31 10:23:34#Forward to DBBL Payment Gateway Page: https://ecom1.dutchbanglabank.com/ecomm2/ClientHandler?card_type=6&trans_id=AwoVjJWCk23B3FqOi9dqukG1S8M%3D
2023.3.31 10:23:55#=================== Start New Transaction ===================
2023.3.31 10:23:55#txnrefnum:MBD2305058
2023.3.31 10:23:55#clientIp:103.161.68.162
2023.3.31 10:23:55#card type:6
2023.3.31 10:23:55#totalamount:102000
2023.3.31 10:23:58#result:TRANSACTION_ID:1XF2AxPrdDrStpIgYyCzHdTTAaI=
2023.3.31 10:23:58#Forward to DBBL Payment Gateway Page: https://ecom1.dutchbanglabank.com/ecomm2/ClientHandler?card_type=6&trans_id=1XF2AxPrdDrStpIgYyCzHdTTAaI%3D
2023.3.31 10:24:51#---------------------- Complete New Transaction---------------------
2023.3.31 10:24:51#Get trans_id From Post Value:1XF2AxPrdDrStpIgYyCzHdTTAaI=
2023.3.31 10:24:51#clientIp:103.161.68.162
2023.3.31 10:24:51#trans_id:1XF2AxPrdDrStpIgYyCzHdTTAaI=
2023.3.31 10:24:53#result:RESULT>FAILED^RESULT_CODE>100^3DSECURE>SKIPPED^RRN>309010148603^APPROVAL_CODE>0^CARD_NUMBER>999999*********2191^AMOUNT>102000^CARDNAME>mb account^DESCRIPTION>6MBD2305058^TRANS_DATE>2023-03-31 04:24:50 PM
2023.3.31 10:24:53#Failed
2023.3.31 10:30:47#=================== Start New Transaction ===================
2023.3.31 10:30:47#txnrefnum:MED2206221
2023.3.31 10:30:47#clientIp:103.143.139.204
2023.3.31 10:30:47#card type:6
2023.3.31 10:30:47#totalamount:262000
2023.3.31 10:30:49#=================== Start New Transaction ===================
2023.3.31 10:30:49#txnrefnum:MED2206221
2023.3.31 10:30:49#clientIp:103.143.139.204
2023.3.31 10:30:49#card type:6
2023.3.31 10:30:49#totalamount:262000
2023.3.31 10:30:49#result:TRANSACTION_ID:I76i6qSbGUylK53XQKBayIIVy9w=
2023.3.31 10:30:50#Forward to DBBL Payment Gateway Page: https://ecom1.dutchbanglabank.com/ecomm2/ClientHandler?card_type=6&trans_id=I76i6qSbGUylK53XQKBayIIVy9w%3D
2023.3.31 10:30:51#result:TRANSACTION_ID:TgWIjLnwOs3pwVyXsW4WHu3LFcc=
2023.3.31 10:30:52#Forward to DBBL Payment Gateway Page: https://ecom1.dutchbanglabank.com/ecomm2/ClientHandler?card_type=6&trans_id=TgWIjLnwOs3pwVyXsW4WHu3LFcc%3D
2023.3.31 10:57:41#=================== Start New Transaction ===================
2023.3.31 10:57:41#txnrefnum:MSC22111264
2023.3.31 10:57:41#clientIp:202.134.14.153
2023.3.31 10:57:41#card type:6
2023.3.31 10:57:41#totalamount:424000
2023.3.31 10:57:43#result:TRANSACTION_ID:WE7OIYzIt3kxjlia2EJSgua6DTI=
2023.3.31 10:57:44#Forward to DBBL Payment Gateway Page: https://ecom1.dutchbanglabank.com/ecomm2/ClientHandler?card_type=6&trans_id=WE7OIYzIt3kxjlia2EJSgua6DTI%3D
2023.3.31 10:58:37#---------------------- Complete New Transaction---------------------
2023.3.31 10:58:37#Get trans_id From Post Value:WE7OIYzIt3kxjlia2EJSgua6DTI=
2023.3.31 10:58:37#clientIp:202.134.14.153
2023.3.31 10:58:37#trans_id:WE7OIYzIt3kxjlia2EJSgua6DTI=
2023.3.31 10:58:39#result:RESULT>OK^RESULT_CODE>000^3DSECURE>SKIPPED^RRN>309010150361^APPROVAL_CODE>164233^CARD_NUMBER>999999*********8527^AMOUNT>424000^CARDNAME>mb account^DESCRIPTION>6MSC22111264^TRANS_DATE>2023-03-31 04:58:36 PM
2023.3.31 10:58:39#33877331105839
2023.3.31 10:58:39#33877331105839
2023.3.31 10:58:39#33877331105839
2023.3.31 10:58:39#33877331105839
2023.3.31 10:58:39#33877331105839
2023.3.31 10:58:39#33877331105839
2023.3.31 10:58:39#=================== Transaction Completed =======================
2023.3.31 11:48:24#=================== Start New Transaction ===================
2023.3.31 11:48:24#txnrefnum:MBD2305058
2023.3.31 11:48:24#clientIp:103.161.68.162
2023.3.31 11:48:24#card type:6
2023.3.31 11:48:24#totalamount:102000
2023.3.31 11:48:27#result:TRANSACTION_ID:nQUOtKQwytP5oYbRrNNqbo61nVA=
2023.3.31 11:48:27#Forward to DBBL Payment Gateway Page: https://ecom1.dutchbanglabank.com/ecomm2/ClientHandler?card_type=6&trans_id=nQUOtKQwytP5oYbRrNNqbo61nVA%3D
2023.3.31 11:49:45#---------------------- Complete New Transaction---------------------
2023.3.31 11:49:45#Get trans_id From Post Value:nQUOtKQwytP5oYbRrNNqbo61nVA=
2023.3.31 11:49:45#clientIp:103.161.68.162
2023.3.31 11:49:45#trans_id:nQUOtKQwytP5oYbRrNNqbo61nVA=
2023.3.31 11:49:47#result:RESULT>FAILED^RESULT_CODE>100^3DSECURE>SKIPPED^RRN>309011153004^APPROVAL_CODE>0^CARD_NUMBER>999999*********2191^AMOUNT>102000^CARDNAME>mb account^DESCRIPTION>6MBD2305058^TRANS_DATE>2023-03-31 05:49:44 PM
2023.3.31 11:49:47#Failed
2023.3.31 11:51:32#=================== Start New Transaction ===================
2023.3.31 11:51:32#txnrefnum:MBD2305058
2023.3.31 11:51:32#clientIp:103.161.68.162
2023.3.31 11:51:32#card type:6
2023.3.31 11:51:32#totalamount:102000
2023.3.31 11:51:35#result:TRANSACTION_ID:JjdL78Rg9KF9ykZVeUSIfQjp3WE=
2023.3.31 11:51:35#Forward to DBBL Payment Gateway Page: https://ecom1.dutchbanglabank.com/ecomm2/ClientHandler?card_type=6&trans_id=JjdL78Rg9KF9ykZVeUSIfQjp3WE%3D
2023.3.31 11:52:19#---------------------- Complete New Transaction---------------------
2023.3.31 11:52:19#Get trans_id From Post Value:JjdL78Rg9KF9ykZVeUSIfQjp3WE=
2023.3.31 11:52:19#clientIp:103.161.68.162
2023.3.31 11:52:19#trans_id:JjdL78Rg9KF9ykZVeUSIfQjp3WE=
2023.3.31 11:52:20#result:RESULT>FAILED^RESULT_CODE>100^3DSECURE>SKIPPED^RRN>309011153077^APPROVAL_CODE>0^CARD_NUMBER>999999*********2191^AMOUNT>102000^CARDNAME>mb account^DESCRIPTION>6MBD2305058^TRANS_DATE>2023-03-31 05:52:18 PM
2023.3.31 11:52:20#Failed
2023.3.31 12:01:35#=================== Start New Transaction ===================
2023.3.31 12:01:35#txnrefnum:MBD2305058
2023.3.31 12:01:35#clientIp:103.161.68.162
2023.3.31 12:01:35#card type:6
2023.3.31 12:01:35#totalamount:102000
2023.3.31 12:01:37#result:TRANSACTION_ID:fAFoMakPKSGH5PZCNMvO4TWIoTI=
2023.3.31 12:01:37#Forward to DBBL Payment Gateway Page: https://ecom1.dutchbanglabank.com/ecomm2/ClientHandler?card_type=6&trans_id=fAFoMakPKSGH5PZCNMvO4TWIoTI%3D
2023.3.31 12:02:10#---------------------- Complete New Transaction---------------------
2023.3.31 12:02:10#Get trans_id From Post Value:fAFoMakPKSGH5PZCNMvO4TWIoTI=
2023.3.31 12:02:10#clientIp:103.161.68.162
2023.3.31 12:02:10#trans_id:fAFoMakPKSGH5PZCNMvO4TWIoTI=
2023.3.31 12:02:11#result:RESULT>FAILED^RESULT_CODE>100^3DSECURE>SKIPPED^RRN>309012153459^APPROVAL_CODE>0^CARD_NUMBER>999999*********2191^AMOUNT>102000^CARDNAME>mb account^DESCRIPTION>6MBD2305058^TRANS_DATE>2023-03-31 06:02:08 PM
2023.3.31 12:02:11#Failed
2023.3.31 12:58:42#=================== Start New Transaction ===================
2023.3.31 12:58:42#txnrefnum:MBD2008206
2023.3.31 12:58:42#clientIp:103.166.187.57
2023.3.31 12:58:42#card type:6
2023.3.31 12:58:42#totalamount:252000
2023.3.31 12:58:44#result:TRANSACTION_ID:nUI7WoLHBkELWP5xlGVTEB9nGc0=
2023.3.31 12:58:45#Forward to DBBL Payment Gateway Page: https://ecom1.dutchbanglabank.com/ecomm2/ClientHandler?card_type=6&trans_id=nUI7WoLHBkELWP5xlGVTEB9nGc0%3D
2023.3.31 13:02:37#---------------------- Complete New Transaction---------------------
2023.3.31 13:02:37#Get trans_id From Post Value:nUI7WoLHBkELWP5xlGVTEB9nGc0=
2023.3.31 13:02:37#clientIp:103.166.187.57
2023.3.31 13:02:37#trans_id:nUI7WoLHBkELWP5xlGVTEB9nGc0=
2023.3.31 13:02:39#result:RESULT>OK^RESULT_CODE>000^3DSECURE>SKIPPED^RRN>309013155874^APPROVAL_CODE>636496^CARD_NUMBER>999999*********4034^AMOUNT>252000^CARDNAME>mb account^DESCRIPTION>6MBD2008206^TRANS_DATE>2023-03-31 07:02:35 PM
2023.3.31 13:02:39#51708131010239
2023.3.31 13:02:39#51708131010239
2023.3.31 13:02:39#=================== Transaction Completed =======================
2023.3.31 13:47:32#=================== Start New Transaction ===================
2023.3.31 13:47:32#txnrefnum:MBD2303280
2023.3.31 13:47:32#clientIp:103.184.95.0
2023.3.31 13:47:32#card type:6
2023.3.31 13:47:32#totalamount:202000
2023.3.31 13:47:35#result:TRANSACTION_ID:GX5XGB4Pyht9QtQeC5F7LdZDSH0=
2023.3.31 13:47:35#Forward to DBBL Payment Gateway Page: https://ecom1.dutchbanglabank.com/ecomm2/ClientHandler?card_type=6&trans_id=GX5XGB4Pyht9QtQeC5F7LdZDSH0%3D
2023.3.31 13:50:12#---------------------- Complete New Transaction---------------------
2023.3.31 13:50:12#Get trans_id From Post Value:GX5XGB4Pyht9QtQeC5F7LdZDSH0=
2023.3.31 13:50:12#clientIp:103.184.95.0
2023.3.31 13:50:12#trans_id:GX5XGB4Pyht9QtQeC5F7LdZDSH0=
2023.3.31 13:50:13#result:RESULT>OK^RESULT_CODE>000^3DSECURE>SKIPPED^RRN>309013159513^APPROVAL_CODE>820312^CARD_NUMBER>999999*********6591^AMOUNT>202000^CARDNAME>mb account^DESCRIPTION>6MBD2303280^TRANS_DATE>2023-03-31 07:50:11 PM
2023.3.31 13:50:13#52897531015013
2023.3.31 13:50:14#52897531015013
2023.3.31 13:50:14#52897531015013
2023.3.31 13:50:14#52897531015013
2023.3.31 13:50:14#=================== Transaction Completed =======================
2023.3.31 14:13:46#=================== Start New Transaction ===================
2023.3.31 14:13:46#txnrefnum:MBD2305058
2023.3.31 14:13:46#clientIp:103.161.68.162
2023.3.31 14:13:46#card type:6
2023.3.31 14:13:46#totalamount:102000
2023.3.31 14:13:48#result:TRANSACTION_ID:r8PRmjo5L7zSO6PqhnSymBSLi7c=
2023.3.31 14:13:49#Forward to DBBL Payment Gateway Page: https://ecom1.dutchbanglabank.com/ecomm2/ClientHandler?card_type=6&trans_id=r8PRmjo5L7zSO6PqhnSymBSLi7c%3D
2023.3.31 14:14:25#---------------------- Complete New Transaction---------------------
2023.3.31 14:14:25#Get trans_id From Post Value:r8PRmjo5L7zSO6PqhnSymBSLi7c=
2023.3.31 14:14:25#clientIp:103.161.68.162
2023.3.31 14:14:25#trans_id:r8PRmjo5L7zSO6PqhnSymBSLi7c=
2023.3.31 14:14:27#result:RESULT>FAILED^RESULT_CODE>100^3DSECURE>SKIPPED^RRN>309014161214^APPROVAL_CODE>0^CARD_NUMBER>999999*********2191^AMOUNT>102000^CARDNAME>mb account^DESCRIPTION>6MBD2305058^TRANS_DATE>2023-03-31 08:14:24 PM
2023.3.31 14:14:27#Failed
2023.3.31 16:27:32#=================== Start New Transaction ===================
2023.3.31 16:27:32#txnrefnum:BBB2101193
2023.3.31 16:27:32#clientIp:103.204.245.1
2023.3.31 16:27:32#card type:6
2023.3.31 16:27:32#totalamount:102000
2023.3.31 16:27:37#result:TRANSACTION_ID:crskPPHSQ6P71ATBhY5PY8B1xiQ=
2023.3.31 16:27:37#Forward to DBBL Payment Gateway Page: https://ecom1.dutchbanglabank.com/ecomm2/ClientHandler?card_type=6&trans_id=crskPPHSQ6P71ATBhY5PY8B1xiQ%3D
2023.3.31 16:33:18#---------------------- Complete New Transaction---------------------
2023.3.31 16:33:18#Get trans_id From Post Value:crskPPHSQ6P71ATBhY5PY8B1xiQ=
2023.3.31 16:33:18#clientIp:103.204.245.1
2023.3.31 16:33:18#trans_id:crskPPHSQ6P71ATBhY5PY8B1xiQ=
2023.3.31 16:33:20#result:RESULT>TIMEOUT^RESULT_CODE>999^3DSECURE>0^RRN>0^APPROVAL_CODE>0^CARD_NUMBER>0^AMOUNT>102000^CARDNAME>0^DESCRIPTION>6BBB2101193^TRANS_DATE>2023-03-31 10:33:16 PM
2023.3.31 16:33:20#Failed
2023.3.31 16:35:47#=================== Start New Transaction ===================
2023.3.31 16:35:47#txnrefnum:BBB2101193
2023.3.31 16:35:47#clientIp:103.204.245.1
2023.3.31 16:35:47#card type:6
2023.3.31 16:35:47#totalamount:2000
2023.3.31 16:35:49#result:TRANSACTION_ID:uKxulDc9xQwG6WEdRvAnzRKnVN0=
2023.3.31 16:35:50#Forward to DBBL Payment Gateway Page: https://ecom1.dutchbanglabank.com/ecomm2/ClientHandler?card_type=6&trans_id=uKxulDc9xQwG6WEdRvAnzRKnVN0%3D
2023.3.31 16:37:01#=================== Start New Transaction ===================
2023.3.31 16:37:01#txnrefnum:BBB2101193
2023.3.31 16:37:01#clientIp:103.204.245.1
2023.3.31 16:37:01#card type:6
2023.3.31 16:37:01#totalamount:102000
2023.3.31 16:37:04#result:TRANSACTION_ID:nzhNtvKEe2Udz4ystQQMKSPiwg4=
2023.3.31 16:37:04#Forward to DBBL Payment Gateway Page: https://ecom1.dutchbanglabank.com/ecomm2/ClientHandler?card_type=6&trans_id=nzhNtvKEe2Udz4ystQQMKSPiwg4%3D
2023.3.31 16:38:01#---------------------- Complete New Transaction---------------------
2023.3.31 16:38:01#Get trans_id From Post Value:nzhNtvKEe2Udz4ystQQMKSPiwg4=
2023.3.31 16:38:01#clientIp:103.204.245.1
2023.3.31 16:38:01#trans_id:nzhNtvKEe2Udz4ystQQMKSPiwg4=
2023.3.31 16:38:03#result:RESULT>OK^RESULT_CODE>000^3DSECURE>SKIPPED^RRN>309016169511^APPROVAL_CODE>509274^CARD_NUMBER>999999*********9995^AMOUNT>102000^CARDNAME>mb account^DESCRIPTION>6BBB2101193^TRANS_DATE>2023-03-31 10:38:00 PM
2023.3.31 16:38:03#50455231043803
2023.3.31 16:38:03#50455231043803
2023.3.31 16:38:03#=================== Transaction Completed =======================
2023.3.31 16:42:21#=================== Start New Transaction ===================
2023.3.31 16:42:21#txnrefnum:BBM2001054
2023.3.31 16:42:21#clientIp:103.165.186.230
2023.3.31 16:42:21#card type:6
2023.3.31 16:42:21#totalamount:222000
2023.3.31 16:42:24#result:TRANSACTION_ID:22IgNakhryIlH9yGs9TCMkEJjOY=
2023.3.31 16:42:24#Forward to DBBL Payment Gateway Page: https://ecom1.dutchbanglabank.com/ecomm2/ClientHandler?card_type=6&trans_id=22IgNakhryIlH9yGs9TCMkEJjOY%3D
2023.3.31 16:45:45#=================== Start New Transaction ===================
2023.3.31 16:45:45#txnrefnum:BBM2001054
2023.3.31 16:45:45#clientIp:103.253.45.101
2023.3.31 16:45:45#card type:6
2023.3.31 16:45:45#totalamount:222000
2023.3.31 16:45:47#result:TRANSACTION_ID:dlz2lTo2LES1qFexsrMPWTMrBwI=
2023.3.31 16:45:48#Forward to DBBL Payment Gateway Page: https://ecom1.dutchbanglabank.com/ecomm2/ClientHandler?card_type=6&trans_id=dlz2lTo2LES1qFexsrMPWTMrBwI%3D
2023.3.31 16:47:05#---------------------- Complete New Transaction---------------------
2023.3.31 16:47:05#Get trans_id From Post Value:dlz2lTo2LES1qFexsrMPWTMrBwI=
2023.3.31 16:47:05#clientIp:103.253.45.101
2023.3.31 16:47:05#trans_id:dlz2lTo2LES1qFexsrMPWTMrBwI=
2023.3.31 16:47:07#result:RESULT>OK^RESULT_CODE>000^3DSECURE>SKIPPED^RRN>309016169925^APPROVAL_CODE>464655^CARD_NUMBER>999999*********3684^AMOUNT>222000^CARDNAME>mb account^DESCRIPTION>6BBM2001054^TRANS_DATE>2023-03-31 10:47:04 PM
2023.3.31 16:47:07#36528631044707
2023.3.31 16:47:07#36528631044707
2023.3.31 16:47:07#=================== Transaction Completed =======================
2023.3.31 16:52:11#=================== Start New Transaction ===================
2023.3.31 16:52:11#txnrefnum:BBM2006154
2023.3.31 16:52:11#clientIp:103.253.45.101
2023.3.31 16:52:11#card type:6
2023.3.31 16:52:11#totalamount:222000
2023.3.31 16:52:14#result:TRANSACTION_ID:cwzbp39BFHXyjG47VmjmZGhqkNU=
2023.3.31 16:52:14#Forward to DBBL Payment Gateway Page: https://ecom1.dutchbanglabank.com/ecomm2/ClientHandler?card_type=6&trans_id=cwzbp39BFHXyjG47VmjmZGhqkNU%3D
2023.3.31 16:53:09#---------------------- Complete New Transaction---------------------
2023.3.31 16:53:09#Get trans_id From Post Value:cwzbp39BFHXyjG47VmjmZGhqkNU=
2023.3.31 16:53:09#clientIp:103.253.45.101
2023.3.31 16:53:09#trans_id:cwzbp39BFHXyjG47VmjmZGhqkNU=
2023.3.31 16:53:11#result:RESULT>OK^RESULT_CODE>000^3DSECURE>SKIPPED^RRN>309016170197^APPROVAL_CODE>469566^CARD_NUMBER>999999*********3684^AMOUNT>222000^CARDNAME>mb account^DESCRIPTION>6BBM2006154^TRANS_DATE>2023-03-31 10:53:08 PM
2023.3.31 16:53:11#37009431045311
2023.3.31 16:53:11#37009431045311
2023.3.31 16:53:11#=================== Transaction Completed =======================
2023.3.31 17:50:54#=================== Start New Transaction ===================
2023.3.31 17:50:54#txnrefnum:MBD2305058
2023.3.31 17:50:54#clientIp:202.134.10.142
2023.3.31 17:50:54#card type:6
2023.3.31 17:50:54#totalamount:102000
2023.3.31 17:50:57#result:TRANSACTION_ID:5ygTveQbEz0rPEySeVnf9MhA3uw=
2023.3.31 17:50:57#Forward to DBBL Payment Gateway Page: https://ecom1.dutchbanglabank.com/ecomm2/ClientHandler?card_type=6&trans_id=5ygTveQbEz0rPEySeVnf9MhA3uw%3D
2023.3.31 17:51:52#---------------------- Complete New Transaction---------------------
2023.3.31 17:51:52#Get trans_id From Post Value:5ygTveQbEz0rPEySeVnf9MhA3uw=
2023.3.31 17:51:52#clientIp:202.134.10.142
2023.3.31 17:51:52#trans_id:5ygTveQbEz0rPEySeVnf9MhA3uw=
2023.3.31 17:51:54#result:RESULT>OK^RESULT_CODE>000^3DSECURE>SKIPPED^RRN>309017172651^APPROVAL_CODE>618732^CARD_NUMBER>999999*********2191^AMOUNT>102000^CARDNAME>mb account^DESCRIPTION>6MBD2305058^TRANS_DATE>2023-03-31 11:51:51 PM
2023.3.31 17:51:54#48173731055154
2023.3.31 17:51:54#48173731055154
2023.3.31 17:51:54#=================== Transaction Completed =======================