
2022.5.14 01:07:30#=================== Start New Transaction ===================
2022.5.14 01:07:30#txnrefnum:MBG2101441
2022.5.14 01:07:30#clientIp:103.149.56.20
2022.5.14 01:07:30#card type:6
2022.5.14 01:07:30#totalamount:162000
2022.5.14 01:07:34#result:TRANSACTION_ID:WsvT2ZrgTgQOXir9V4PnUUyR4Do=
2022.5.14 01:07:34#Forward to DBBL Payment Gateway Page:/ecomm2/ClientHandler?card_type=6&trans_id=WsvT2ZrgTgQOXir9V4PnUUyR4Do%3D
2022.5.14 02:18:00#=================== Start New Transaction ===================
2022.5.14 02:18:00#txnrefnum:MBM2006126
2022.5.14 02:18:00#clientIp:103.120.220.97
2022.5.14 02:18:00#card type:6
2022.5.14 02:18:00#totalamount:82000
2022.5.14 02:18:04#result:TRANSACTION_ID:P4YqM3B2CWJug9o8B7Z42dKeTtI=
2022.5.14 02:18:04#Forward to DBBL Payment Gateway Page:/ecomm2/ClientHandler?card_type=6&trans_id=P4YqM3B2CWJug9o8B7Z42dKeTtI%3D
2022.5.14 02:18:13#=================== Start New Transaction ===================
2022.5.14 02:18:13#txnrefnum:MBM2006126
2022.5.14 02:18:13#clientIp:103.120.220.97
2022.5.14 02:18:13#card type:6
2022.5.14 02:18:13#totalamount:82000
2022.5.14 02:18:17#result:TRANSACTION_ID:TYYmJyIs42pyKmAgySxumUIQE0c=
2022.5.14 02:18:17#Forward to DBBL Payment Gateway Page:/ecomm2/ClientHandler?card_type=6&trans_id=TYYmJyIs42pyKmAgySxumUIQE0c%3D
2022.5.14 02:31:04#=================== Start New Transaction ===================
2022.5.14 02:31:04#txnrefnum:MBD2207044
2022.5.14 02:31:04#clientIp:110.76.128.237
2022.5.14 02:31:04#card type:6
2022.5.14 02:31:04#totalamount:782000
2022.5.14 02:31:08#result:TRANSACTION_ID:NcV3vbAhhOWT0rEPVsBHSeOXJ0M=
2022.5.14 02:31:08#Forward to DBBL Payment Gateway Page:/ecomm2/ClientHandler?card_type=6&trans_id=NcV3vbAhhOWT0rEPVsBHSeOXJ0M%3D
2022.5.14 03:44:32#=================== Start New Transaction ===================
2022.5.14 03:44:32#txnrefnum:MSC22110514
2022.5.14 03:44:32#clientIp:103.134.40.169
2022.5.14 03:44:32#card type:6
2022.5.14 03:44:32#totalamount:482000
2022.5.14 03:44:36#result:TRANSACTION_ID:4RezFd78TqZ2qJoismgIkTF6eOY=
2022.5.14 03:44:36#Forward to DBBL Payment Gateway Page:/ecomm2/ClientHandler?card_type=6&trans_id=4RezFd78TqZ2qJoismgIkTF6eOY%3D
2022.5.14 03:48:18#=================== Start New Transaction ===================
2022.5.14 03:48:18#txnrefnum:MBM2008034
2022.5.14 03:48:18#clientIp:202.134.10.132
2022.5.14 03:48:18#card type:6
2022.5.14 03:48:18#totalamount:322000
2022.5.14 03:48:22#result:TRANSACTION_ID:Fhmu2foURMC1rf9k4ojF1nlWVuQ=
2022.5.14 03:48:22#Forward to DBBL Payment Gateway Page:/ecomm2/ClientHandler?card_type=6&trans_id=Fhmu2foURMC1rf9k4ojF1nlWVuQ%3D
2022.5.14 03:48:43#=================== Start New Transaction ===================
2022.5.14 03:48:43#txnrefnum:MSC22110514
2022.5.14 03:48:43#clientIp:103.134.40.169
2022.5.14 03:48:43#card type:6
2022.5.14 03:48:43#totalamount:642000
2022.5.14 03:48:46#---------------------- Complete New Transaction---------------------
2022.5.14 03:48:46#Get trans_id From Post Value:Fhmu2foURMC1rf9k4ojF1nlWVuQ=
2022.5.14 03:48:46#clientIp:202.134.10.132
2022.5.14 03:48:46#trans_id:Fhmu2foURMC1rf9k4ojF1nlWVuQ=
2022.5.14 03:48:47#result:TRANSACTION_ID:UfX1UqeCGTdFEk1X2SKqGUs9G2E=
2022.5.14 03:48:47#Forward to DBBL Payment Gateway Page:/ecomm2/ClientHandler?card_type=6&trans_id=UfX1UqeCGTdFEk1X2SKqGUs9G2E%3D
2022.5.14 03:48:48#result:RESULT>OK^RESULT_CODE>000^3DSECURE>SKIPPED^RRN>213409942901^APPROVAL_CODE>949245^CARD_NUMBER>999999*********7532^AMOUNT>322000^CARDNAME>mb account^DESCRIPTION>6MBM2008034^TRANS_DATE>2022-05-14 09:48:45 AM
2022.5.14 03:48:48#21646114034848
2022.5.14 03:48:48#=================== Transaction Completed =======================
2022.5.14 03:48:48#21646114034848
2022.5.14 03:48:48#=================== Transaction Completed =======================
2022.5.14 03:48:48#21646114034848
2022.5.14 03:48:48#=================== Transaction Completed =======================
2022.5.14 03:48:48#21646114034848
2022.5.14 03:48:48#=================== Transaction Completed =======================
2022.5.14 03:50:51#=================== Start New Transaction ===================
2022.5.14 03:50:51#txnrefnum:MSC22110514
2022.5.14 03:50:51#clientIp:103.134.40.169
2022.5.14 03:50:51#card type:6
2022.5.14 03:50:51#totalamount:162000
2022.5.14 03:50:55#result:TRANSACTION_ID:sjgpaiiIlUHOSO4BAw6HUBS7Euk=
2022.5.14 03:50:55#Forward to DBBL Payment Gateway Page:/ecomm2/ClientHandler?card_type=6&trans_id=sjgpaiiIlUHOSO4BAw6HUBS7Euk%3D
2022.5.14 03:52:54#---------------------- Complete New Transaction---------------------
2022.5.14 03:52:54#Get trans_id From Post Value:sjgpaiiIlUHOSO4BAw6HUBS7Euk=
2022.5.14 03:52:54#clientIp:103.134.40.169
2022.5.14 03:52:54#trans_id:sjgpaiiIlUHOSO4BAw6HUBS7Euk=
2022.5.14 03:52:57#result:RESULT>OK^RESULT_CODE>000^3DSECURE>SKIPPED^RRN>213409943072^APPROVAL_CODE>970722^CARD_NUMBER>999999*********2103^AMOUNT>162000^CARDNAME>mb account^DESCRIPTION>6MSC22110514^TRANS_DATE>2022-05-14 09:52:52 AM
2022.5.14 03:52:57#1278514035257
2022.5.14 03:52:57#=================== Transaction Completed =======================
2022.5.14 03:58:08#=================== Start New Transaction ===================
2022.5.14 03:58:08#txnrefnum:MSC22110514
2022.5.14 03:58:08#clientIp:103.134.40.169
2022.5.14 03:58:08#card type:6
2022.5.14 03:58:08#totalamount:482000
2022.5.14 03:58:12#result:TRANSACTION_ID:PAU1cUCDxULhTSUIK0rnZbeqBFk=
2022.5.14 03:58:12#Forward to DBBL Payment Gateway Page:/ecomm2/ClientHandler?card_type=6&trans_id=PAU1cUCDxULhTSUIK0rnZbeqBFk%3D
2022.5.14 03:58:47#---------------------- Complete New Transaction---------------------
2022.5.14 03:58:47#Get trans_id From Post Value:PAU1cUCDxULhTSUIK0rnZbeqBFk=
2022.5.14 03:58:47#clientIp:103.134.40.169
2022.5.14 03:58:47#trans_id:PAU1cUCDxULhTSUIK0rnZbeqBFk=
2022.5.14 03:58:49#result:RESULT>OK^RESULT_CODE>000^3DSECURE>SKIPPED^RRN>213409943319^APPROVAL_CODE>008504^CARD_NUMBER>999999*********2103^AMOUNT>482000^CARDNAME>mb account^DESCRIPTION>6MSC22110514^TRANS_DATE>2022-05-14 09:58:46 AM
2022.5.14 03:58:49#1278714035849
2022.5.14 03:58:49#=================== Transaction Completed =======================
2022.5.14 03:58:49#1278714035849
2022.5.14 03:58:49#=================== Transaction Completed =======================
2022.5.14 03:58:49#1278714035849
2022.5.14 03:58:49#=================== Transaction Completed =======================
2022.5.14 04:03:01#=================== Start New Transaction ===================
2022.5.14 04:03:01#txnrefnum:BBD2006078
2022.5.14 04:03:01#clientIp:37.111.211.214
2022.5.14 04:03:01#card type:6
2022.5.14 04:03:01#totalamount:1022000
2022.5.14 04:03:05#result:TRANSACTION_ID:xdXlaHYRQINXvIHHma5Os9jg6Mw=
2022.5.14 04:03:05#Forward to DBBL Payment Gateway Page:/ecomm2/ClientHandler?card_type=6&trans_id=xdXlaHYRQINXvIHHma5Os9jg6Mw%3D
2022.5.14 04:05:33#=================== Start New Transaction ===================
2022.5.14 04:05:33#txnrefnum:BBD2006078
2022.5.14 04:05:33#clientIp:37.111.211.214
2022.5.14 04:05:33#card type:6
2022.5.14 04:05:33#totalamount:1022000
2022.5.14 04:05:37#result:TRANSACTION_ID:3Ns1BDp03covZ49agiTxSLRyNwo=
2022.5.14 04:05:37#Forward to DBBL Payment Gateway Page:/ecomm2/ClientHandler?card_type=6&trans_id=3Ns1BDp03covZ49agiTxSLRyNwo%3D
2022.5.14 04:07:26#=================== Start New Transaction ===================
2022.5.14 04:07:26#txnrefnum:MBD2006156
2022.5.14 04:07:26#clientIp:202.134.10.132
2022.5.14 04:07:26#card type:6
2022.5.14 04:07:26#totalamount:242000
2022.5.14 04:07:30#result:TRANSACTION_ID:J5NAilw9dzr1Pi0ML7DN1PUrZ8w=
2022.5.14 04:07:30#Forward to DBBL Payment Gateway Page:/ecomm2/ClientHandler?card_type=6&trans_id=J5NAilw9dzr1Pi0ML7DN1PUrZ8w%3D
2022.5.14 04:07:55#---------------------- Complete New Transaction---------------------
2022.5.14 04:07:55#Get trans_id From Post Value:J5NAilw9dzr1Pi0ML7DN1PUrZ8w=
2022.5.14 04:07:55#clientIp:202.134.10.132
2022.5.14 04:07:55#trans_id:J5NAilw9dzr1Pi0ML7DN1PUrZ8w=
2022.5.14 04:07:57#result:RESULT>OK^RESULT_CODE>000^3DSECURE>SKIPPED^RRN>213410943733^APPROVAL_CODE>019604^CARD_NUMBER>999999*********7532^AMOUNT>242000^CARDNAME>mb account^DESCRIPTION>6MBD2006156^TRANS_DATE>2022-05-14 10:07:54 AM
2022.5.14 04:07:57#18092014040757
2022.5.14 04:07:57#=================== Transaction Completed =======================
2022.5.14 04:07:57#18092014040757
2022.5.14 04:07:57#=================== Transaction Completed =======================
2022.5.14 04:07:57#18092014040757
2022.5.14 04:07:57#=================== Transaction Completed =======================
2022.5.14 04:08:59#=================== Start New Transaction ===================
2022.5.14 04:08:59#txnrefnum:BBD2008150
2022.5.14 04:08:59#clientIp:103.58.74.138
2022.5.14 04:08:59#card type:6
2022.5.14 04:08:59#totalamount:702000
2022.5.14 04:09:03#result:TRANSACTION_ID:JZf0ySn6xpLPFFSc6krUtbLfIOs=
2022.5.14 04:09:03#Forward to DBBL Payment Gateway Page:/ecomm2/ClientHandler?card_type=6&trans_id=JZf0ySn6xpLPFFSc6krUtbLfIOs%3D
2022.5.14 04:10:22#---------------------- Complete New Transaction---------------------
2022.5.14 04:10:22#Get trans_id From Post Value:JZf0ySn6xpLPFFSc6krUtbLfIOs=
2022.5.14 04:10:22#clientIp:103.58.74.138
2022.5.14 04:10:22#trans_id:JZf0ySn6xpLPFFSc6krUtbLfIOs=
2022.5.14 04:10:24#result:RESULT>OK^RESULT_CODE>000^3DSECURE>SKIPPED^RRN>213410943849^APPROVAL_CODE>989018^CARD_NUMBER>999999*********7382^AMOUNT>702000^CARDNAME>mb account^DESCRIPTION>6BBD2008150^TRANS_DATE>2022-05-14 10:10:20 AM
2022.5.14 04:10:24#26655814041024
2022.5.14 04:10:24#=================== Transaction Completed =======================
2022.5.14 04:10:24#26655814041024
2022.5.14 04:10:24#=================== Transaction Completed =======================
2022.5.14 04:17:48#=================== Start New Transaction ===================
2022.5.14 04:17:48#txnrefnum:BBD2006078
2022.5.14 04:17:48#clientIp:37.111.211.214
2022.5.14 04:17:48#card type:6
2022.5.14 04:17:48#totalamount:1022000
2022.5.14 04:17:52#result:TRANSACTION_ID:svoL8n8qCbWWgoDWASFaB80IGTw=
2022.5.14 04:17:52#Forward to DBBL Payment Gateway Page:/ecomm2/ClientHandler?card_type=6&trans_id=svoL8n8qCbWWgoDWASFaB80IGTw%3D
2022.5.14 04:18:54#=================== Start New Transaction ===================
2022.5.14 04:18:54#txnrefnum:BBD2006152
2022.5.14 04:18:54#clientIp:103.58.74.138
2022.5.14 04:18:54#card type:6
2022.5.14 04:18:54#totalamount:162000
2022.5.14 04:18:57#result:TRANSACTION_ID:pgLoirAxANSxiZikrbSMdyb8Jxo=
2022.5.14 04:18:58#Forward to DBBL Payment Gateway Page:/ecomm2/ClientHandler?card_type=6&trans_id=pgLoirAxANSxiZikrbSMdyb8Jxo%3D
2022.5.14 04:18:58#=================== Start New Transaction ===================
2022.5.14 04:18:58#txnrefnum:BBD2006152
2022.5.14 04:18:58#clientIp:103.58.74.138
2022.5.14 04:18:58#card type:6
2022.5.14 04:18:58#totalamount:162000
2022.5.14 04:19:02#result:TRANSACTION_ID:Y1HTCgpvyXz3oGK69OWpZcehIYY=
2022.5.14 04:19:02#Forward to DBBL Payment Gateway Page:/ecomm2/ClientHandler?card_type=6&trans_id=Y1HTCgpvyXz3oGK69OWpZcehIYY%3D
2022.5.14 04:20:18#=================== Start New Transaction ===================
2022.5.14 04:20:18#txnrefnum:BBD2201022
2022.5.14 04:20:18#clientIp:103.138.120.179
2022.5.14 04:20:18#card type:6
2022.5.14 04:20:18#totalamount:322000
2022.5.14 04:20:21#result:TRANSACTION_ID:Av74FLEWETykRLc7hdsPNUWZwDw=
2022.5.14 04:20:21#Forward to DBBL Payment Gateway Page:/ecomm2/ClientHandler?card_type=6&trans_id=Av74FLEWETykRLc7hdsPNUWZwDw%3D
2022.5.14 04:20:32#---------------------- Complete New Transaction---------------------
2022.5.14 04:20:32#Get trans_id From Post Value:Y1HTCgpvyXz3oGK69OWpZcehIYY=
2022.5.14 04:20:32#clientIp:103.58.74.138
2022.5.14 04:20:32#trans_id:Y1HTCgpvyXz3oGK69OWpZcehIYY=
2022.5.14 04:20:35#result:RESULT>OK^RESULT_CODE>000^3DSECURE>SKIPPED^RRN>213410944362^APPROVAL_CODE>036962^CARD_NUMBER>999999*********7382^AMOUNT>162000^CARDNAME>mb account^DESCRIPTION>6BBD2006152^TRANS_DATE>2022-05-14 10:20:31 AM
2022.5.14 04:20:35#25263814042035
2022.5.14 04:20:35#=================== Transaction Completed =======================
2022.5.14 04:20:35#25263814042035
2022.5.14 04:20:35#=================== Transaction Completed =======================
2022.5.14 04:21:04#=================== Start New Transaction ===================
2022.5.14 04:21:04#txnrefnum:BBD2006078
2022.5.14 04:21:04#clientIp:37.111.211.214
2022.5.14 04:21:04#card type:6
2022.5.14 04:21:04#totalamount:1022000
2022.5.14 04:21:08#result:TRANSACTION_ID:NWoDiznHvs7xDKWiQkz1dOM79k0=
2022.5.14 04:21:08#Forward to DBBL Payment Gateway Page:/ecomm2/ClientHandler?card_type=6&trans_id=NWoDiznHvs7xDKWiQkz1dOM79k0%3D
2022.5.14 04:23:51#=================== Start New Transaction ===================
2022.5.14 04:23:51#txnrefnum:MBD2207004
2022.5.14 04:23:51#clientIp:202.134.10.132
2022.5.14 04:23:51#card type:6
2022.5.14 04:23:51#totalamount:162000
2022.5.14 04:23:55#result:TRANSACTION_ID:Gby1CTAk7ymLWyrH446sT9XQpZA=
2022.5.14 04:23:55#Forward to DBBL Payment Gateway Page:/ecomm2/ClientHandler?card_type=6&trans_id=Gby1CTAk7ymLWyrH446sT9XQpZA%3D
2022.5.14 04:24:20#---------------------- Complete New Transaction---------------------
2022.5.14 04:24:20#Get trans_id From Post Value:Gby1CTAk7ymLWyrH446sT9XQpZA=
2022.5.14 04:24:20#clientIp:202.134.10.132
2022.5.14 04:24:20#trans_id:Gby1CTAk7ymLWyrH446sT9XQpZA=
2022.5.14 04:24:22#result:RESULT>OK^RESULT_CODE>000^3DSECURE>SKIPPED^RRN>213410944568^APPROVAL_CODE>059460^CARD_NUMBER>999999*********7532^AMOUNT>162000^CARDNAME>mb account^DESCRIPTION>6MBD2207004^TRANS_DATE>2022-05-14 10:24:19 AM
2022.5.14 04:24:22#17041114042422
2022.5.14 04:24:22#=================== Transaction Completed =======================
2022.5.14 04:24:22#17041114042422
2022.5.14 04:24:22#=================== Transaction Completed =======================
2022.5.14 04:38:21#=================== Start New Transaction ===================
2022.5.14 04:38:21#txnrefnum:MSC22111274
2022.5.14 04:38:21#clientIp:103.149.147.134
2022.5.14 04:38:21#card type:6
2022.5.14 04:38:21#totalamount:482000
2022.5.14 04:38:25#result:TRANSACTION_ID:40JSU3hoKcM4kyRPf2UESz2SkXc=
2022.5.14 04:38:25#Forward to DBBL Payment Gateway Page:/ecomm2/ClientHandler?card_type=6&trans_id=40JSU3hoKcM4kyRPf2UESz2SkXc%3D
2022.5.14 04:43:15#=================== Start New Transaction ===================
2022.5.14 04:43:15#txnrefnum:MSC22111274
2022.5.14 04:43:15#clientIp:103.149.147.134
2022.5.14 04:43:15#card type:6
2022.5.14 04:43:15#totalamount:482000
2022.5.14 04:43:19#result:TRANSACTION_ID:SNTk5Xlbw0i9iWCtIuePFuZh468=
2022.5.14 04:43:19#Forward to DBBL Payment Gateway Page:/ecomm2/ClientHandler?card_type=6&trans_id=SNTk5Xlbw0i9iWCtIuePFuZh468%3D
2022.5.14 04:58:11#=================== Start New Transaction ===================
2022.5.14 04:58:11#txnrefnum:BBM2007010
2022.5.14 04:58:11#clientIp:113.11.51.194
2022.5.14 04:58:11#card type:6
2022.5.14 04:58:11#totalamount:962000
2022.5.14 04:58:16#result:TRANSACTION_ID:F5xpgUk3VXjCoqXWP3vgXag3AjI=
2022.5.14 04:58:16#Forward to DBBL Payment Gateway Page:/ecomm2/ClientHandler?card_type=6&trans_id=F5xpgUk3VXjCoqXWP3vgXag3AjI%3D
2022.5.14 04:59:14#=================== Start New Transaction ===================
2022.5.14 04:59:14#txnrefnum:BBM2007010
2022.5.14 04:59:14#clientIp:113.11.51.194
2022.5.14 04:59:14#card type:6
2022.5.14 04:59:14#totalamount:962000
2022.5.14 04:59:18#result:TRANSACTION_ID:FP8xxWsjMScPqfjzYhej6Jaad0U=
2022.5.14 04:59:18#Forward to DBBL Payment Gateway Page:/ecomm2/ClientHandler?card_type=6&trans_id=FP8xxWsjMScPqfjzYhej6Jaad0U%3D
2022.5.14 05:00:05#=================== Start New Transaction ===================
2022.5.14 05:00:05#txnrefnum:BBM2008179
2022.5.14 05:00:05#clientIp:113.11.51.194
2022.5.14 05:00:05#card type:6
2022.5.14 05:00:05#totalamount:242000
2022.5.14 05:00:09#result:TRANSACTION_ID:vxv6Gh6EDXDqdSN5ItbzPLHSSks=
2022.5.14 05:00:09#Forward to DBBL Payment Gateway Page:/ecomm2/ClientHandler?card_type=6&trans_id=vxv6Gh6EDXDqdSN5ItbzPLHSSks%3D
2022.5.14 05:01:06#=================== Start New Transaction ===================
2022.5.14 05:01:06#txnrefnum:BBM2008179
2022.5.14 05:01:06#clientIp:113.11.51.194
2022.5.14 05:01:06#card type:6
2022.5.14 05:01:06#totalamount:242000
2022.5.14 05:01:10#result:TRANSACTION_ID:uOSf7tGlSUNr0lFPeleHxfQyrCs=
2022.5.14 05:01:10#Forward to DBBL Payment Gateway Page:/ecomm2/ClientHandler?card_type=6&trans_id=uOSf7tGlSUNr0lFPeleHxfQyrCs%3D
2022.5.14 05:01:10#=================== Start New Transaction ===================
2022.5.14 05:01:10#txnrefnum:BBM2008179
2022.5.14 05:01:10#clientIp:113.11.51.194
2022.5.14 05:01:10#card type:6
2022.5.14 05:01:10#totalamount:242000
2022.5.14 05:01:14#result:TRANSACTION_ID:ve3H6kvYxUlYV06LCFDT4ymu4iI=
2022.5.14 05:01:14#Forward to DBBL Payment Gateway Page:/ecomm2/ClientHandler?card_type=6&trans_id=ve3H6kvYxUlYV06LCFDT4ymu4iI%3D
2022.5.14 05:02:00#=================== Start New Transaction ===================
2022.5.14 05:02:00#txnrefnum:BBM2008179
2022.5.14 05:02:00#clientIp:113.11.51.194
2022.5.14 05:02:00#card type:6
2022.5.14 05:02:00#totalamount:242000
2022.5.14 05:02:04#result:TRANSACTION_ID:BxCSrWt8VTC5pg88DBjpB29IYas=
2022.5.14 05:02:04#Forward to DBBL Payment Gateway Page:/ecomm2/ClientHandler?card_type=6&trans_id=BxCSrWt8VTC5pg88DBjpB29IYas%3D
2022.5.14 05:10:18#=================== Start New Transaction ===================
2022.5.14 05:10:18#txnrefnum:BBM2008179
2022.5.14 05:10:18#clientIp:113.11.51.194
2022.5.14 05:10:18#card type:6
2022.5.14 05:10:18#totalamount:242000
2022.5.14 05:10:22#result:TRANSACTION_ID:HMQTvhbebipKSQRm4Y86QD1bKmU=
2022.5.14 05:10:22#Forward to DBBL Payment Gateway Page:/ecomm2/ClientHandler?card_type=6&trans_id=HMQTvhbebipKSQRm4Y86QD1bKmU%3D
2022.5.14 05:14:34#=================== Start New Transaction ===================
2022.5.14 05:14:34#txnrefnum:MSC22111308
2022.5.14 05:14:34#clientIp:103.89.24.35
2022.5.14 05:14:34#card type:6
2022.5.14 05:14:34#totalamount:162000
2022.5.14 05:14:37#result:TRANSACTION_ID:yBpkaAiYOKCRRWlnW132YHHl2X8=
2022.5.14 05:14:37#Forward to DBBL Payment Gateway Page:/ecomm2/ClientHandler?card_type=6&trans_id=yBpkaAiYOKCRRWlnW132YHHl2X8%3D
2022.5.14 05:15:49#=================== Start New Transaction ===================
2022.5.14 05:15:49#txnrefnum:BBM2008179
2022.5.14 05:15:49#clientIp:113.11.51.194
2022.5.14 05:15:49#card type:6
2022.5.14 05:15:49#totalamount:242000
2022.5.14 05:15:53#result:TRANSACTION_ID:uV1xp1SFSeSEGSTRRwv62UbXRfw=
2022.5.14 05:15:53#Forward to DBBL Payment Gateway Page:/ecomm2/ClientHandler?card_type=6&trans_id=uV1xp1SFSeSEGSTRRwv62UbXRfw%3D
2022.5.14 05:16:25#=================== Start New Transaction ===================
2022.5.14 05:16:25#txnrefnum:MBB2101356
2022.5.14 05:16:25#clientIp:202.134.14.142
2022.5.14 05:16:25#card type:6
2022.5.14 05:16:25#totalamount:82000
2022.5.14 05:16:29#result:TRANSACTION_ID:jU1FAGj6SUkQKwtbvePZ5PghTa4=
2022.5.14 05:16:29#Forward to DBBL Payment Gateway Page:/ecomm2/ClientHandler?card_type=6&trans_id=jU1FAGj6SUkQKwtbvePZ5PghTa4%3D
2022.5.14 05:17:05#=================== Start New Transaction ===================
2022.5.14 05:17:05#txnrefnum:BBM2008179
2022.5.14 05:17:05#clientIp:113.11.51.194
2022.5.14 05:17:05#card type:6
2022.5.14 05:17:05#totalamount:242000
2022.5.14 05:17:09#result:TRANSACTION_ID:2P6ukKvoL9pCKtQxcmyw01yOSlg=
2022.5.14 05:17:09#Forward to DBBL Payment Gateway Page:/ecomm2/ClientHandler?card_type=6&trans_id=2P6ukKvoL9pCKtQxcmyw01yOSlg%3D
2022.5.14 05:31:26#=================== Start New Transaction ===================
2022.5.14 05:31:26#txnrefnum:BBM2008179
2022.5.14 05:31:26#clientIp:113.11.51.194
2022.5.14 05:31:26#card type:6
2022.5.14 05:31:26#totalamount:242000
2022.5.14 05:31:30#result:TRANSACTION_ID:jTiDSoGPBf1ol0vaaTO99IOuItA=
2022.5.14 05:31:30#Forward to DBBL Payment Gateway Page:/ecomm2/ClientHandler?card_type=6&trans_id=jTiDSoGPBf1ol0vaaTO99IOuItA%3D
2022.5.14 05:32:19#=================== Start New Transaction ===================
2022.5.14 05:32:19#txnrefnum:MBB2108024
2022.5.14 05:32:19#clientIp:202.134.10.132
2022.5.14 05:32:19#card type:6
2022.5.14 05:32:19#totalamount:279400
2022.5.14 05:32:22#result:TRANSACTION_ID:9KeB7oWBXVPybUqD6EDANyIc34I=
2022.5.14 05:32:23#Forward to DBBL Payment Gateway Page:/ecomm2/ClientHandler?card_type=6&trans_id=9KeB7oWBXVPybUqD6EDANyIc34I%3D
2022.5.14 05:33:14#---------------------- Complete New Transaction---------------------
2022.5.14 05:33:14#Get trans_id From Post Value:9KeB7oWBXVPybUqD6EDANyIc34I=
2022.5.14 05:33:17#clientIp:202.134.10.132
2022.5.14 05:33:17#trans_id:9KeB7oWBXVPybUqD6EDANyIc34I=
2022.5.14 05:33:19#result:RESULT>OK^RESULT_CODE>000^3DSECURE>SKIPPED^RRN>213411949108^APPROVAL_CODE>301444^CARD_NUMBER>999999*********7532^AMOUNT>279400^CARDNAME>mb account^DESCRIPTION>6MBB2108024^TRANS_DATE>2022-05-14 11:33:13 AM
2022.5.14 05:33:19#19304114053319
2022.5.14 05:33:19#=================== Transaction Completed =======================
2022.5.14 05:33:19#19304114053319
2022.5.14 05:33:19#=================== Transaction Completed =======================
2022.5.14 05:33:19#19304114053319
2022.5.14 05:33:19#=================== Transaction Completed =======================
2022.5.14 05:33:19#19304114053319
2022.5.14 05:33:19#=================== Transaction Completed =======================
2022.5.14 05:40:40#=================== Start New Transaction ===================
2022.5.14 05:40:40#txnrefnum:BBM2008179
2022.5.14 05:40:40#clientIp:113.11.51.194
2022.5.14 05:40:40#card type:6
2022.5.14 05:40:40#totalamount:242000
2022.5.14 05:40:43#result:TRANSACTION_ID:AmgSFYjr2p8cee9MjTUmR9lsUOA=
2022.5.14 05:40:43#Forward to DBBL Payment Gateway Page:/ecomm2/ClientHandler?card_type=6&trans_id=AmgSFYjr2p8cee9MjTUmR9lsUOA%3D
2022.5.14 05:59:14#=================== Start New Transaction ===================
2022.5.14 05:59:14#txnrefnum:BBM2008179
2022.5.14 05:59:14#clientIp:113.11.51.194
2022.5.14 05:59:14#card type:6
2022.5.14 05:59:14#totalamount:242000
2022.5.14 05:59:18#result:TRANSACTION_ID:IStdaEB5BT4PYbhyIhsnFKDT0No=
2022.5.14 05:59:18#Forward to DBBL Payment Gateway Page:/ecomm2/ClientHandler?card_type=6&trans_id=IStdaEB5BT4PYbhyIhsnFKDT0No%3D
2022.5.14 06:01:14#---------------------- Complete New Transaction---------------------
2022.5.14 06:01:14#Get trans_id From Post Value:IStdaEB5BT4PYbhyIhsnFKDT0No=
2022.5.14 06:01:14#clientIp:113.11.51.194
2022.5.14 06:01:14#trans_id:IStdaEB5BT4PYbhyIhsnFKDT0No=
2022.5.14 06:01:16#result:RESULT>OK^RESULT_CODE>000^3DSECURE>SKIPPED^RRN>213412951363^APPROVAL_CODE>381673^CARD_NUMBER>999999*********1552^AMOUNT>242000^CARDNAME>mb account^DESCRIPTION>6BBM2008179^TRANS_DATE>2022-05-14 12:01:12 PM
2022.5.14 06:01:16#27063714060116
2022.5.14 06:01:16#=================== Transaction Completed =======================
2022.5.14 06:01:16#27063714060116
2022.5.14 06:01:16#=================== Transaction Completed =======================
2022.5.14 06:01:16#27063714060116
2022.5.14 06:01:16#=================== Transaction Completed =======================
2022.5.14 06:04:29#=================== Start New Transaction ===================
2022.5.14 06:04:29#txnrefnum:BBM2007010
2022.5.14 06:04:29#clientIp:113.11.51.194
2022.5.14 06:04:29#card type:6
2022.5.14 06:04:29#totalamount:962000
2022.5.14 06:04:33#result:TRANSACTION_ID:20XJYSVPoHxXCBmB6pVdVOxiaYo=
2022.5.14 06:04:33#Forward to DBBL Payment Gateway Page:/ecomm2/ClientHandler?card_type=6&trans_id=20XJYSVPoHxXCBmB6pVdVOxiaYo%3D
2022.5.14 06:05:49#---------------------- Complete New Transaction---------------------
2022.5.14 06:05:49#Get trans_id From Post Value:20XJYSVPoHxXCBmB6pVdVOxiaYo=
2022.5.14 06:05:49#clientIp:113.11.51.194
2022.5.14 06:05:49#trans_id:20XJYSVPoHxXCBmB6pVdVOxiaYo=
2022.5.14 06:05:51#result:RESULT>OK^RESULT_CODE>000^3DSECURE>SKIPPED^RRN>213412951707^APPROVAL_CODE>400156^CARD_NUMBER>999999*********1552^AMOUNT>962000^CARDNAME>mb account^DESCRIPTION>6BBM2007010^TRANS_DATE>2022-05-14 12:05:46 PM
2022.5.14 06:05:51#26401314060551
2022.5.14 06:05:51#=================== Transaction Completed =======================
2022.5.14 06:05:51#26401314060551
2022.5.14 06:05:51#=================== Transaction Completed =======================
2022.5.14 06:05:51#26401314060551
2022.5.14 06:05:51#=================== Transaction Completed =======================
2022.5.14 06:05:51#26401314060551
2022.5.14 06:05:51#=================== Transaction Completed =======================
2022.5.14 06:16:11#=================== Start New Transaction ===================
2022.5.14 06:16:11#txnrefnum:MBD2201124
2022.5.14 06:16:11#clientIp:202.144.203.22
2022.5.14 06:16:11#card type:6
2022.5.14 06:16:11#totalamount:82000
2022.5.14 06:16:16#result:TRANSACTION_ID:mYi6UwLsSJFD5HM4fcBELXMyxzs=
2022.5.14 06:16:16#Forward to DBBL Payment Gateway Page:/ecomm2/ClientHandler?card_type=6&trans_id=mYi6UwLsSJFD5HM4fcBELXMyxzs%3D
2022.5.14 06:19:58#=================== Start New Transaction ===================
2022.5.14 06:19:58#txnrefnum:MBD2005305
2022.5.14 06:19:58#clientIp:202.134.10.132
2022.5.14 06:19:58#card type:6
2022.5.14 06:19:58#totalamount:402000
2022.5.14 06:20:02#result:TRANSACTION_ID:iFTOcGxxrw0iajCo3O5cDviIvaA=
2022.5.14 06:20:02#Forward to DBBL Payment Gateway Page:/ecomm2/ClientHandler?card_type=6&trans_id=iFTOcGxxrw0iajCo3O5cDviIvaA%3D
2022.5.14 06:20:25#---------------------- Complete New Transaction---------------------
2022.5.14 06:20:25#Get trans_id From Post Value:iFTOcGxxrw0iajCo3O5cDviIvaA=
2022.5.14 06:20:25#clientIp:202.134.10.132
2022.5.14 06:20:25#trans_id:iFTOcGxxrw0iajCo3O5cDviIvaA=
2022.5.14 06:20:27#result:RESULT>OK^RESULT_CODE>000^3DSECURE>SKIPPED^RRN>213412952855^APPROVAL_CODE>420782^CARD_NUMBER>999999*********7532^AMOUNT>402000^CARDNAME>mb account^DESCRIPTION>6MBD2005305^TRANS_DATE>2022-05-14 12:20:24 PM
2022.5.14 06:20:27#16413314062027
2022.5.14 06:20:27#=================== Transaction Completed =======================
2022.5.14 06:20:27#16413314062027
2022.5.14 06:20:27#=================== Transaction Completed =======================
2022.5.14 06:20:27#16413314062027
2022.5.14 06:20:27#=================== Transaction Completed =======================
2022.5.14 06:20:27#16413314062027
2022.5.14 06:20:27#=================== Transaction Completed =======================
2022.5.14 06:20:27#16413314062027
2022.5.14 06:20:27#=================== Transaction Completed =======================
2022.5.14 06:38:03#=================== Start New Transaction ===================
2022.5.14 06:38:03#txnrefnum:BBD2006054
2022.5.14 06:38:03#clientIp:139.99.40.209
2022.5.14 06:38:03#card type:6
2022.5.14 06:38:03#totalamount:1132000
2022.5.14 06:38:06#result:TRANSACTION_ID:yzcu4KspTNFR2ecB2vBjHgEHZb8=
2022.5.14 06:38:06#Forward to DBBL Payment Gateway Page:/ecomm2/ClientHandler?card_type=6&trans_id=yzcu4KspTNFR2ecB2vBjHgEHZb8%3D
2022.5.14 06:43:09#=================== Start New Transaction ===================
2022.5.14 06:43:09#txnrefnum:MBG2106070
2022.5.14 06:43:09#clientIp:103.91.128.198
2022.5.14 06:43:09#card type:6
2022.5.14 06:43:09#totalamount:162000
2022.5.14 06:43:14#result:TRANSACTION_ID:c7Qcftb7XrHuZQ5J05PpH8uBFIc=
2022.5.14 06:43:14#Forward to DBBL Payment Gateway Page:/ecomm2/ClientHandler?card_type=6&trans_id=c7Qcftb7XrHuZQ5J05PpH8uBFIc%3D
2022.5.14 06:51:03#---------------------- Complete New Transaction---------------------
2022.5.14 06:51:03#Get trans_id From Post Value:c7Qcftb7XrHuZQ5J05PpH8uBFIc=
2022.5.14 06:51:03#clientIp:103.91.128.198
2022.5.14 06:51:03#trans_id:c7Qcftb7XrHuZQ5J05PpH8uBFIc=
2022.5.14 06:51:05#result:RESULT>OK^RESULT_CODE>000^3DSECURE>SKIPPED^RRN>213412955149^APPROVAL_CODE>555604^CARD_NUMBER>999999*********7702^AMOUNT>162000^CARDNAME>mb account^DESCRIPTION>6MBG2106070^TRANS_DATE>2022-05-14 12:51:01 PM
2022.5.14 06:51:05#16865914065105
2022.5.14 06:51:05#=================== Transaction Completed =======================
2022.5.14 06:51:05#16865914065105
2022.5.14 06:51:05#=================== Transaction Completed =======================
2022.5.14 06:51:22#=================== Start New Transaction ===================
2022.5.14 06:51:22#txnrefnum:MSC22111290
2022.5.14 06:51:22#clientIp:103.110.163.205
2022.5.14 06:51:22#card type:6
2022.5.14 06:51:22#totalamount:482000
2022.5.14 06:51:25#=================== Start New Transaction ===================
2022.5.14 06:51:25#txnrefnum:MSC22111290
2022.5.14 06:51:25#clientIp:103.110.163.205
2022.5.14 06:51:25#card type:6
2022.5.14 06:51:25#totalamount:482000
2022.5.14 06:51:27#result:TRANSACTION_ID:KMpknfjehGGYP7cNhD9SBLihJEA=
2022.5.14 06:51:27#Forward to DBBL Payment Gateway Page:/ecomm2/ClientHandler?card_type=6&trans_id=KMpknfjehGGYP7cNhD9SBLihJEA%3D
2022.5.14 06:51:29#result:TRANSACTION_ID:2LRY0mROnibkfmH3PkXYxh0dz3k=
2022.5.14 06:51:29#Forward to DBBL Payment Gateway Page:/ecomm2/ClientHandler?card_type=6&trans_id=2LRY0mROnibkfmH3PkXYxh0dz3k%3D
2022.5.14 06:52:50#---------------------- Complete New Transaction---------------------
2022.5.14 06:52:50#Get trans_id From Post Value:2LRY0mROnibkfmH3PkXYxh0dz3k=
2022.5.14 06:52:50#clientIp:103.110.163.205
2022.5.14 06:52:50#trans_id:2LRY0mROnibkfmH3PkXYxh0dz3k=
2022.5.14 06:52:52#result:RESULT>FAILED^RESULT_CODE>116^3DSECURE>SKIPPED^RRN>213412955342^APPROVAL_CODE>0^CARD_NUMBER>999999*********7332^AMOUNT>482000^CARDNAME>mb account^DESCRIPTION>6MSC22111290^TRANS_DATE>2022-05-14 12:52:49 PM
2022.5.14 06:52:52#Not Sufficient Amount
2022.5.14 06:55:38#=================== Start New Transaction ===================
2022.5.14 06:55:38#txnrefnum:MSC22111290
2022.5.14 06:55:38#clientIp:103.110.163.205
2022.5.14 06:55:38#card type:6
2022.5.14 06:55:38#totalamount:482000
2022.5.14 06:55:42#result:TRANSACTION_ID:wOFE6GKUdWYCDcxs0eBSmXjt980=
2022.5.14 06:55:42#Forward to DBBL Payment Gateway Page:/ecomm2/ClientHandler?card_type=6&trans_id=wOFE6GKUdWYCDcxs0eBSmXjt980%3D
2022.5.14 06:56:18#---------------------- Complete New Transaction---------------------
2022.5.14 06:56:18#Get trans_id From Post Value:wOFE6GKUdWYCDcxs0eBSmXjt980=
2022.5.14 06:56:18#clientIp:103.110.163.205
2022.5.14 06:56:18#trans_id:wOFE6GKUdWYCDcxs0eBSmXjt980=
2022.5.14 06:56:20#result:RESULT>OK^RESULT_CODE>000^3DSECURE>SKIPPED^RRN>213412955668^APPROVAL_CODE>613599^CARD_NUMBER>999999*********7332^AMOUNT>482000^CARDNAME>mb account^DESCRIPTION>6MSC22111290^TRANS_DATE>2022-05-14 12:56:17 PM
2022.5.14 06:56:20#1618114065620
2022.5.14 06:56:20#=================== Transaction Completed =======================
2022.5.14 06:56:20#1618114065620
2022.5.14 06:56:20#=================== Transaction Completed =======================
2022.5.14 06:56:20#1618114065620
2022.5.14 06:56:20#=================== Transaction Completed =======================
2022.5.14 06:59:01#=================== Start New Transaction ===================
2022.5.14 06:59:01#txnrefnum:BBM2008018
2022.5.14 06:59:01#clientIp:103.58.74.136
2022.5.14 06:59:01#card type:6
2022.5.14 06:59:01#totalamount:162000
2022.5.14 06:59:05#result:TRANSACTION_ID:i3U3brTwJ0vtPj9gNbzrc7EnHlk=
2022.5.14 06:59:05#Forward to DBBL Payment Gateway Page:/ecomm2/ClientHandler?card_type=6&trans_id=i3U3brTwJ0vtPj9gNbzrc7EnHlk%3D
2022.5.14 06:59:47#---------------------- Complete New Transaction---------------------
2022.5.14 06:59:47#Get trans_id From Post Value:i3U3brTwJ0vtPj9gNbzrc7EnHlk=
2022.5.14 06:59:47#clientIp:103.58.74.136
2022.5.14 06:59:47#trans_id:i3U3brTwJ0vtPj9gNbzrc7EnHlk=
2022.5.14 06:59:49#result:RESULT>OK^RESULT_CODE>000^3DSECURE>SKIPPED^RRN>213412955986^APPROVAL_CODE>567288^CARD_NUMBER>999999*********0605^AMOUNT>162000^CARDNAME>mb account^DESCRIPTION>6BBM2008018^TRANS_DATE>2022-05-14 12:59:46 PM
2022.5.14 06:59:49#27098714065949
2022.5.14 06:59:49#=================== Transaction Completed =======================
2022.5.14 06:59:49#27098714065949
2022.5.14 06:59:49#=================== Transaction Completed =======================
2022.5.14 07:02:19#=================== Start New Transaction ===================
2022.5.14 07:02:19#txnrefnum:MBM2002004
2022.5.14 07:02:19#clientIp:103.85.238.27
2022.5.14 07:02:19#card type:6
2022.5.14 07:02:19#totalamount:242000
2022.5.14 07:02:22#=================== Start New Transaction ===================
2022.5.14 07:02:22#txnrefnum:MBM2002004
2022.5.14 07:02:22#clientIp:103.85.238.27
2022.5.14 07:02:22#card type:6
2022.5.14 07:02:22#totalamount:242000
2022.5.14 07:02:23#result:TRANSACTION_ID:nEZ94rL45Kmo8PmPOZBkdeLp6Hw=
2022.5.14 07:02:23#Forward to DBBL Payment Gateway Page:/ecomm2/ClientHandler?card_type=6&trans_id=nEZ94rL45Kmo8PmPOZBkdeLp6Hw%3D
2022.5.14 07:02:25#result:TRANSACTION_ID:c98WMuvYZuSAPCFCw92aY5Mp9Po=
2022.5.14 07:02:26#Forward to DBBL Payment Gateway Page:/ecomm2/ClientHandler?card_type=6&trans_id=c98WMuvYZuSAPCFCw92aY5Mp9Po%3D
2022.5.14 07:03:16#=================== Start New Transaction ===================
2022.5.14 07:03:16#txnrefnum:MBM2002004
2022.5.14 07:03:16#clientIp:103.85.238.27
2022.5.14 07:03:16#card type:6
2022.5.14 07:03:16#totalamount:242000
2022.5.14 07:03:20#result:TRANSACTION_ID:9QrAJb68d72kY6KQbn1v6e5SZ9k=
2022.5.14 07:03:20#Forward to DBBL Payment Gateway Page:/ecomm2/ClientHandler?card_type=6&trans_id=9QrAJb68d72kY6KQbn1v6e5SZ9k%3D
2022.5.14 07:12:13#=================== Start New Transaction ===================
2022.5.14 07:12:13#txnrefnum:BBB2101205
2022.5.14 07:12:13#clientIp:103.204.247.10
2022.5.14 07:12:13#card type:6
2022.5.14 07:12:13#totalamount:322000
2022.5.14 07:12:18#result:TRANSACTION_ID:GEMvRPjmWxupW1G2JVyNSNGftOA=
2022.5.14 07:12:18#Forward to DBBL Payment Gateway Page:/ecomm2/ClientHandler?card_type=6&trans_id=GEMvRPjmWxupW1G2JVyNSNGftOA%3D
2022.5.14 07:12:49#---------------------- Complete New Transaction---------------------
2022.5.14 07:12:49#Get trans_id From Post Value:GEMvRPjmWxupW1G2JVyNSNGftOA=
2022.5.14 07:12:49#clientIp:103.204.247.10
2022.5.14 07:12:49#trans_id:GEMvRPjmWxupW1G2JVyNSNGftOA=
2022.5.14 07:12:51#result:RESULT>OK^RESULT_CODE>000^3DSECURE>SKIPPED^RRN>213413957051^APPROVAL_CODE>585917^CARD_NUMBER>999999*********2298^AMOUNT>322000^CARDNAME>mb account^DESCRIPTION>6BBB2101205^TRANS_DATE>2022-05-14 01:12:48 PM
2022.5.14 07:12:51#22641814071251
2022.5.14 07:12:51#=================== Transaction Completed =======================
2022.5.14 07:12:51#22641814071251
2022.5.14 07:12:51#=================== Transaction Completed =======================
2022.5.14 07:12:51#22641814071251
2022.5.14 07:12:51#=================== Transaction Completed =======================
2022.5.14 07:12:51#22641814071251
2022.5.14 07:12:51#=================== Transaction Completed =======================
2022.5.14 07:37:18#=================== Start New Transaction ===================
2022.5.14 07:37:18#txnrefnum:BBD2008181
2022.5.14 07:37:18#clientIp:43.243.133.197
2022.5.14 07:37:18#card type:6
2022.5.14 07:37:18#totalamount:451500
2022.5.14 07:37:22#=================== Start New Transaction ===================
2022.5.14 07:37:22#txnrefnum:MSC22110014
2022.5.14 07:37:22#clientIp:103.186.226.29
2022.5.14 07:37:22#card type:6
2022.5.14 07:37:22#totalamount:162000
2022.5.14 07:37:22#result:TRANSACTION_ID:JMpcB44qKdRx8lYqbN3Bu5L6uR8=
2022.5.14 07:37:22#Forward to DBBL Payment Gateway Page:/ecomm2/ClientHandler?card_type=6&trans_id=JMpcB44qKdRx8lYqbN3Bu5L6uR8%3D
2022.5.14 07:37:26#result:TRANSACTION_ID:TSwN1BoFArk0li6h0CMQCTHT8rE=
2022.5.14 07:37:26#Forward to DBBL Payment Gateway Page:/ecomm2/ClientHandler?card_type=6&trans_id=TSwN1BoFArk0li6h0CMQCTHT8rE%3D
2022.5.14 07:44:26#=================== Start New Transaction ===================
2022.5.14 07:44:26#txnrefnum:MBM2002004
2022.5.14 07:44:26#clientIp:119.30.35.78
2022.5.14 07:44:26#card type:6
2022.5.14 07:44:26#totalamount:242000
2022.5.14 07:44:29#result:TRANSACTION_ID:SDTwSSESurvxr6feSo3PPTju83I=
2022.5.14 07:44:29#Forward to DBBL Payment Gateway Page:/ecomm2/ClientHandler?card_type=6&trans_id=SDTwSSESurvxr6feSo3PPTju83I%3D
2022.5.14 08:58:00#=================== Start New Transaction ===================
2022.5.14 08:58:00#txnrefnum:MSC21111206
2022.5.14 08:58:00#clientIp:202.134.14.154
2022.5.14 08:58:00#card type:6
2022.5.14 08:58:00#totalamount:162000
2022.5.14 08:58:04#=================== Start New Transaction ===================
2022.5.14 08:58:04#txnrefnum:MSC21111206
2022.5.14 08:58:04#clientIp:202.134.14.154
2022.5.14 08:58:04#card type:6
2022.5.14 08:58:04#totalamount:162000
2022.5.14 08:58:04#result:TRANSACTION_ID:GGID8xzQowPZUacXAQ0kPKRwZY4=
2022.5.14 08:58:04#Forward to DBBL Payment Gateway Page:/ecomm2/ClientHandler?card_type=6&trans_id=GGID8xzQowPZUacXAQ0kPKRwZY4%3D
2022.5.14 08:58:07#result:TRANSACTION_ID:F6SbpRW4aYyNe44VVj0acs9SU5Q=
2022.5.14 08:58:07#Forward to DBBL Payment Gateway Page:/ecomm2/ClientHandler?card_type=6&trans_id=F6SbpRW4aYyNe44VVj0acs9SU5Q%3D
2022.5.14 08:59:56#---------------------- Complete New Transaction---------------------
2022.5.14 08:59:56#Get trans_id From Post Value:F6SbpRW4aYyNe44VVj0acs9SU5Q=
2022.5.14 08:59:56#clientIp:202.134.14.154
2022.5.14 08:59:56#trans_id:F6SbpRW4aYyNe44VVj0acs9SU5Q=
2022.5.14 08:59:58#result:RESULT>OK^RESULT_CODE>000^3DSECURE>SKIPPED^RRN>213414964742^APPROVAL_CODE>901643^CARD_NUMBER>999999*********4405^AMOUNT>162000^CARDNAME>mb account^DESCRIPTION>6MSC21111206^TRANS_DATE>2022-05-14 02:59:55 PM
2022.5.14 08:59:58#739514085958
2022.5.14 08:59:58#=================== Transaction Completed =======================
2022.5.14 09:21:12#---------------------- Complete New Transaction---------------------
2022.5.14 09:21:12#Get trans_id From Post Value:f2i1mcekv1GdcdG1lQ0uXHhi8m8=
2022.5.14 09:21:12#clientIp:202.134.14.150
2022.5.14 09:21:12#trans_id:f2i1mcekv1GdcdG1lQ0uXHhi8m8=
2022.5.14 09:21:13#result:RESULT>TIMEOUT^RESULT_CODE>999^3DSECURE>0^RRN>0^APPROVAL_CODE>0^CARD_NUMBER>0^AMOUNT>702000^CARDNAME>0^DESCRIPTION>6MBB2101071^TRANS_DATE>2022-05-14 03:21:10 PM
2022.5.14 09:21:13#Failed
2022.5.14 09:25:44#---------------------- Complete New Transaction---------------------
2022.5.14 09:25:44#Get trans_id From Post Value:yzcu4KspTNFR2ecB2vBjHgEHZb8=
2022.5.14 09:25:44#clientIp:209.141.46.120
2022.5.14 09:25:44#trans_id:yzcu4KspTNFR2ecB2vBjHgEHZb8=
2022.5.14 09:25:46#result:RESULT>TIMEOUT^RESULT_CODE>999^3DSECURE>0^RRN>0^APPROVAL_CODE>0^CARD_NUMBER>0^AMOUNT>1132000^CARDNAME>0^DESCRIPTION>6BBD2006054^TRANS_DATE>2022-05-14 03:25:41 PM
2022.5.14 09:25:46#Failed
2022.5.14 10:23:32#=================== Start New Transaction ===================
2022.5.14 10:23:32#txnrefnum:MSC22111274
2022.5.14 10:23:32#clientIp:43.224.109.202
2022.5.14 10:23:32#card type:6
2022.5.14 10:23:32#totalamount:482000
2022.5.14 10:23:36#result:TRANSACTION_ID:Vw8Z3LuNAMgjI5EF9lPdLj1fpyU=
2022.5.14 10:23:36#Forward to DBBL Payment Gateway Page:/ecomm2/ClientHandler?card_type=6&trans_id=Vw8Z3LuNAMgjI5EF9lPdLj1fpyU%3D
2022.5.14 10:25:59#=================== Start New Transaction ===================
2022.5.14 10:25:59#txnrefnum:MBD2009353
2022.5.14 10:25:59#clientIp:202.144.203.14
2022.5.14 10:25:59#card type:6
2022.5.14 10:25:59#totalamount:319000
2022.5.14 10:26:01#=================== Start New Transaction ===================
2022.5.14 10:26:01#txnrefnum:MBD2009353
2022.5.14 10:26:01#clientIp:202.144.203.14
2022.5.14 10:26:01#card type:6
2022.5.14 10:26:01#totalamount:319000
2022.5.14 10:26:03#result:TRANSACTION_ID:EUGhZN3mAHoHfNPSnwi33gQx47U=
2022.5.14 10:26:03#Forward to DBBL Payment Gateway Page:/ecomm2/ClientHandler?card_type=6&trans_id=EUGhZN3mAHoHfNPSnwi33gQx47U%3D
2022.5.14 10:26:04#result:TRANSACTION_ID:ne4HJNOODr46Nqy9ddGzkhVpGl4=
2022.5.14 10:26:04#Forward to DBBL Payment Gateway Page:/ecomm2/ClientHandler?card_type=6&trans_id=ne4HJNOODr46Nqy9ddGzkhVpGl4%3D
2022.5.14 10:27:45#---------------------- Complete New Transaction---------------------
2022.5.14 10:27:45#Get trans_id From Post Value:Vw8Z3LuNAMgjI5EF9lPdLj1fpyU=
2022.5.14 10:27:45#clientIp:43.224.109.202
2022.5.14 10:27:45#trans_id:Vw8Z3LuNAMgjI5EF9lPdLj1fpyU=
2022.5.14 10:27:48#result:RESULT>OK^RESULT_CODE>000^3DSECURE>SKIPPED^RRN>213416970105^APPROVAL_CODE>088404^CARD_NUMBER>999999*********5004^AMOUNT>482000^CARDNAME>mb account^DESCRIPTION>6MSC22111274^TRANS_DATE>2022-05-14 04:27:44 PM
2022.5.14 10:27:48#1516114102748
2022.5.14 10:27:48#=================== Transaction Completed =======================
2022.5.14 10:27:48#1516114102748
2022.5.14 10:27:48#=================== Transaction Completed =======================
2022.5.14 10:27:48#1516114102748
2022.5.14 10:27:48#=================== Transaction Completed =======================
2022.5.14 10:42:23#=================== Start New Transaction ===================
2022.5.14 10:42:23#txnrefnum:MSC22110014
2022.5.14 10:42:23#clientIp:103.230.106.19
2022.5.14 10:42:23#card type:6
2022.5.14 10:42:23#totalamount:482000
2022.5.14 10:42:27#result:TRANSACTION_ID:w8vEm05v6EBpj64S0NyqWfyolmM=
2022.5.14 10:42:27#Forward to DBBL Payment Gateway Page:/ecomm2/ClientHandler?card_type=6&trans_id=w8vEm05v6EBpj64S0NyqWfyolmM%3D
2022.5.14 10:49:16#=================== Start New Transaction ===================
2022.5.14 10:49:16#txnrefnum:MSC22110014
2022.5.14 10:49:16#clientIp:103.230.106.19
2022.5.14 10:49:16#card type:6
2022.5.14 10:49:16#totalamount:482000
2022.5.14 10:49:20#result:TRANSACTION_ID:5NzT8kawRpbuZy63rng4ViwsAO8=
2022.5.14 10:49:20#Forward to DBBL Payment Gateway Page:/ecomm2/ClientHandler?card_type=6&trans_id=5NzT8kawRpbuZy63rng4ViwsAO8%3D
2022.5.14 10:50:35#=================== Start New Transaction ===================
2022.5.14 10:50:35#txnrefnum:MBD2009361
2022.5.14 10:50:35#clientIp:45.127.247.160
2022.5.14 10:50:35#card type:6
2022.5.14 10:50:35#totalamount:289000
2022.5.14 10:50:39#result:TRANSACTION_ID:Va0mlgI1dpVY0dgS3nNyh6RW7SY=
2022.5.14 10:50:39#Forward to DBBL Payment Gateway Page:/ecomm2/ClientHandler?card_type=6&trans_id=Va0mlgI1dpVY0dgS3nNyh6RW7SY%3D
2022.5.14 10:50:43#---------------------- Complete New Transaction---------------------
2022.5.14 10:50:43#Get trans_id From Post Value:5NzT8kawRpbuZy63rng4ViwsAO8=
2022.5.14 10:50:43#clientIp:103.230.106.19
2022.5.14 10:50:43#trans_id:5NzT8kawRpbuZy63rng4ViwsAO8=
2022.5.14 10:50:45#result:RESULT>OK^RESULT_CODE>000^3DSECURE>SKIPPED^RRN>213416971581^APPROVAL_CODE>122467^CARD_NUMBER>999999*********6402^AMOUNT>482000^CARDNAME>mb account^DESCRIPTION>6MSC22110014^TRANS_DATE>2022-05-14 04:50:41 PM
2022.5.14 10:50:45#1458514105045
2022.5.14 10:50:45#=================== Transaction Completed =======================
2022.5.14 10:50:45#1458514105045
2022.5.14 10:50:45#=================== Transaction Completed =======================
2022.5.14 10:50:45#1458514105045
2022.5.14 10:50:45#=================== Transaction Completed =======================
2022.5.14 10:53:10#=================== Start New Transaction ===================
2022.5.14 10:53:10#txnrefnum:MBD2009361
2022.5.14 10:53:10#clientIp:45.127.247.160
2022.5.14 10:53:10#card type:6
2022.5.14 10:53:10#totalamount:289000
2022.5.14 10:53:14#result:TRANSACTION_ID:3CGKiXa2lQNPu9RGYzBvO1SWNQw=
2022.5.14 10:53:14#Forward to DBBL Payment Gateway Page:/ecomm2/ClientHandler?card_type=6&trans_id=3CGKiXa2lQNPu9RGYzBvO1SWNQw%3D
2022.5.14 10:53:29#=================== Start New Transaction ===================
2022.5.14 10:53:29#txnrefnum:MBD2009361
2022.5.14 10:53:29#clientIp:45.127.247.160
2022.5.14 10:53:29#card type:6
2022.5.14 10:53:29#totalamount:289000
2022.5.14 10:53:33#result:TRANSACTION_ID:W06V29PrWhFEgIhi8KOTATJtmuc=
2022.5.14 10:53:33#Forward to DBBL Payment Gateway Page:/ecomm2/ClientHandler?card_type=6&trans_id=W06V29PrWhFEgIhi8KOTATJtmuc%3D
2022.5.14 10:59:23#=================== Start New Transaction ===================
2022.5.14 10:59:23#txnrefnum:MBD2009361
2022.5.14 10:59:23#clientIp:45.127.247.160
2022.5.14 10:59:23#card type:6
2022.5.14 10:59:23#totalamount:289000
2022.5.14 10:59:27#result:TRANSACTION_ID:3aSqYEBJjeWqRKtIl2VpU4gQjg0=
2022.5.14 10:59:27#Forward to DBBL Payment Gateway Page:/ecomm2/ClientHandler?card_type=6&trans_id=3aSqYEBJjeWqRKtIl2VpU4gQjg0%3D
2022.5.14 11:19:50#=================== Start New Transaction ===================
2022.5.14 11:19:50#txnrefnum:MBD2002079
2022.5.14 11:19:50#clientIp:103.161.68.71
2022.5.14 11:19:50#card type:6
2022.5.14 11:19:50#totalamount:162000
2022.5.14 11:19:53#result:TRANSACTION_ID:FemdswEkwTDTxcdeBgAz0ab6vEA=
2022.5.14 11:19:53#Forward to DBBL Payment Gateway Page:/ecomm2/ClientHandler?card_type=6&trans_id=FemdswEkwTDTxcdeBgAz0ab6vEA%3D
2022.5.14 11:24:46#=================== Start New Transaction ===================
2022.5.14 11:24:46#txnrefnum:MBD2008371
2022.5.14 11:24:46#clientIp:103.177.243.4
2022.5.14 11:24:46#card type:6
2022.5.14 11:24:46#totalamount:82000
2022.5.14 11:24:49#result:TRANSACTION_ID:K7VzWHzJGUXxRRQwdVBVNtFhOYE=
2022.5.14 11:24:50#Forward to DBBL Payment Gateway Page:/ecomm2/ClientHandler?card_type=6&trans_id=K7VzWHzJGUXxRRQwdVBVNtFhOYE%3D
2022.5.14 11:25:26#=================== Start New Transaction ===================
2022.5.14 11:25:26#txnrefnum:MBD2008371
2022.5.14 11:25:26#clientIp:103.177.243.4
2022.5.14 11:25:26#card type:6
2022.5.14 11:25:26#totalamount:82000
2022.5.14 11:25:30#result:TRANSACTION_ID:Ieadymbf9uGM8WSMTi9PfksIBss=
2022.5.14 11:25:30#Forward to DBBL Payment Gateway Page:/ecomm2/ClientHandler?card_type=6&trans_id=Ieadymbf9uGM8WSMTi9PfksIBss%3D
2022.5.14 11:32:16#=================== Start New Transaction ===================
2022.5.14 11:32:16#txnrefnum:MBD2008030
2022.5.14 11:32:16#clientIp:123.253.65.104
2022.5.14 11:32:16#card type:6
2022.5.14 11:32:16#totalamount:162000
2022.5.14 11:32:20#result:TRANSACTION_ID:xHlpEVPRglt4wTKTz1zaSni8teQ=
2022.5.14 11:32:20#Forward to DBBL Payment Gateway Page:/ecomm2/ClientHandler?card_type=6&trans_id=xHlpEVPRglt4wTKTz1zaSni8teQ%3D
2022.5.14 11:32:59#---------------------- Complete New Transaction---------------------
2022.5.14 11:32:59#Get trans_id From Post Value:xHlpEVPRglt4wTKTz1zaSni8teQ=
2022.5.14 11:32:59#clientIp:123.253.65.104
2022.5.14 11:32:59#trans_id:xHlpEVPRglt4wTKTz1zaSni8teQ=
2022.5.14 11:33:01#result:RESULT>OK^RESULT_CODE>000^3DSECURE>SKIPPED^RRN>213417974140^APPROVAL_CODE>223528^CARD_NUMBER>999999*********7341^AMOUNT>162000^CARDNAME>mb account^DESCRIPTION>6MBD2008030^TRANS_DATE>2022-05-14 05:32:58 PM
2022.5.14 11:33:01#21048714113301
2022.5.14 11:33:01#=================== Transaction Completed =======================
2022.5.14 11:33:01#21048714113301
2022.5.14 11:33:01#=================== Transaction Completed =======================
2022.5.14 11:45:50#=================== Start New Transaction ===================
2022.5.14 11:45:50#txnrefnum:MBD2009361
2022.5.14 11:45:50#clientIp:103.151.59.144
2022.5.14 11:45:50#card type:6
2022.5.14 11:45:50#totalamount:289000
2022.5.14 11:45:54#result:TRANSACTION_ID:GmClFrhJAwNiDxncX1vosO9gDIE=
2022.5.14 11:45:54#Forward to DBBL Payment Gateway Page:/ecomm2/ClientHandler?card_type=6&trans_id=GmClFrhJAwNiDxncX1vosO9gDIE%3D
2022.5.14 11:47:56#---------------------- Complete New Transaction---------------------
2022.5.14 11:47:56#Get trans_id From Post Value:GmClFrhJAwNiDxncX1vosO9gDIE=
2022.5.14 11:47:56#clientIp:103.151.59.144
2022.5.14 11:47:56#trans_id:GmClFrhJAwNiDxncX1vosO9gDIE=
2022.5.14 11:47:58#result:RESULT>OK^RESULT_CODE>000^3DSECURE>SKIPPED^RRN>213417975042^APPROVAL_CODE>282162^CARD_NUMBER>999999*********1533^AMOUNT>289000^CARDNAME>mb account^DESCRIPTION>6MBD2009361^TRANS_DATE>2022-05-14 05:47:54 PM
2022.5.14 11:47:58#83714114758
2022.5.14 11:47:58#=================== Transaction Completed =======================
2022.5.14 11:49:51#=================== Start New Transaction ===================
2022.5.14 11:49:51#txnrefnum:BBM2008225
2022.5.14 11:49:51#clientIp:103.58.74.136
2022.5.14 11:49:51#card type:6
2022.5.14 11:49:51#totalamount:322000
2022.5.14 11:49:55#result:TRANSACTION_ID:or9v2ZWngI2f7OFSzZ3waURHDUs=
2022.5.14 11:49:55#Forward to DBBL Payment Gateway Page:/ecomm2/ClientHandler?card_type=6&trans_id=or9v2ZWngI2f7OFSzZ3waURHDUs%3D
2022.5.14 11:50:25#---------------------- Complete New Transaction---------------------
2022.5.14 11:50:25#Get trans_id From Post Value:or9v2ZWngI2f7OFSzZ3waURHDUs=
2022.5.14 11:50:25#clientIp:103.58.74.136
2022.5.14 11:50:25#trans_id:or9v2ZWngI2f7OFSzZ3waURHDUs=
2022.5.14 11:50:27#result:RESULT>OK^RESULT_CODE>000^3DSECURE>SKIPPED^RRN>213417975221^APPROVAL_CODE>300172^CARD_NUMBER>999999*********0605^AMOUNT>322000^CARDNAME>mb account^DESCRIPTION>6BBM2008225^TRANS_DATE>2022-05-14 05:50:24 PM
2022.5.14 11:50:27#27259314115027
2022.5.14 11:50:27#=================== Transaction Completed =======================
2022.5.14 11:50:27#27259314115027
2022.5.14 11:50:27#=================== Transaction Completed =======================
2022.5.14 11:50:27#27259314115027
2022.5.14 11:50:27#=================== Transaction Completed =======================
2022.5.14 11:50:27#27259314115027
2022.5.14 11:50:27#=================== Transaction Completed =======================
2022.5.14 12:00:18#=================== Start New Transaction ===================
2022.5.14 12:00:18#txnrefnum:MBB2109119
2022.5.14 12:00:18#clientIp:123.253.65.5
2022.5.14 12:00:18#card type:6
2022.5.14 12:00:18#totalamount:862000
2022.5.14 12:00:21#result:TRANSACTION_ID:FCbXWnP3J38qDREgRr553SSjmGE=
2022.5.14 12:00:21#Forward to DBBL Payment Gateway Page:/ecomm2/ClientHandler?card_type=6&trans_id=FCbXWnP3J38qDREgRr553SSjmGE%3D
2022.5.14 12:01:35#=================== Start New Transaction ===================
2022.5.14 12:01:35#txnrefnum:MBB2109119
2022.5.14 12:01:35#clientIp:37.111.195.238
2022.5.14 12:01:35#card type:6
2022.5.14 12:01:35#totalamount:862000
2022.5.14 12:01:37#=================== Start New Transaction ===================
2022.5.14 12:01:37#txnrefnum:MBB2109119
2022.5.14 12:01:37#clientIp:37.111.195.238
2022.5.14 12:01:37#card type:6
2022.5.14 12:01:37#totalamount:862000
2022.5.14 12:01:39#result:TRANSACTION_ID:GXf1LDOxxBohzkOC0LPymsUzmP0=
2022.5.14 12:01:39#Forward to DBBL Payment Gateway Page:/ecomm2/ClientHandler?card_type=6&trans_id=GXf1LDOxxBohzkOC0LPymsUzmP0%3D
2022.5.14 12:01:41#result:TRANSACTION_ID:gfqleN8lUV9lXNaHPqlcHd00uXw=
2022.5.14 12:01:41#Forward to DBBL Payment Gateway Page:/ecomm2/ClientHandler?card_type=6&trans_id=gfqleN8lUV9lXNaHPqlcHd00uXw%3D
2022.5.14 12:02:16#---------------------- Complete New Transaction---------------------
2022.5.14 12:02:16#Get trans_id From Post Value:gfqleN8lUV9lXNaHPqlcHd00uXw=
2022.5.14 12:02:16#clientIp:37.111.195.238
2022.5.14 12:02:16#trans_id:gfqleN8lUV9lXNaHPqlcHd00uXw=
2022.5.14 12:02:19#result:RESULT>FAILED^RESULT_CODE>100^3DSECURE>SKIPPED^RRN>213418976002^APPROVAL_CODE>0^CARD_NUMBER>999999*********6274^AMOUNT>862000^CARDNAME>mb account^DESCRIPTION>6MBB2109119^TRANS_DATE>2022-05-14 06:02:16 PM
2022.5.14 12:02:19#Failed
2022.5.14 12:35:22#=================== Start New Transaction ===================
2022.5.14 12:35:22#txnrefnum:MBB2102097
2022.5.14 12:35:22#clientIp:103.29.124.1
2022.5.14 12:35:22#card type:6
2022.5.14 12:35:22#totalamount:82000
2022.5.14 12:35:25#result:TRANSACTION_ID:LHSuxxEyQw7ipvRBj1pGdMJHZVM=
2022.5.14 12:35:25#Forward to DBBL Payment Gateway Page:/ecomm2/ClientHandler?card_type=6&trans_id=LHSuxxEyQw7ipvRBj1pGdMJHZVM%3D
2022.5.14 12:36:45#=================== Start New Transaction ===================
2022.5.14 12:36:45#txnrefnum:MBB2102097
2022.5.14 12:36:45#clientIp:103.29.124.1
2022.5.14 12:36:45#card type:6
2022.5.14 12:36:45#totalamount:82000
2022.5.14 12:36:49#result:TRANSACTION_ID:1ytWv1sA36TnHVenopS0AKXr7D0=
2022.5.14 12:36:49#Forward to DBBL Payment Gateway Page:/ecomm2/ClientHandler?card_type=6&trans_id=1ytWv1sA36TnHVenopS0AKXr7D0%3D
2022.5.14 12:37:20#=================== Start New Transaction ===================
2022.5.14 12:37:20#txnrefnum:MBB2102097
2022.5.14 12:37:20#clientIp:103.29.124.1
2022.5.14 12:37:20#card type:6
2022.5.14 12:37:20#totalamount:82000
2022.5.14 12:37:23#result:TRANSACTION_ID:rnLNhVIPsX5Pb8Ga2NctzfTUMOI=
2022.5.14 12:37:24#Forward to DBBL Payment Gateway Page:/ecomm2/ClientHandler?card_type=6&trans_id=rnLNhVIPsX5Pb8Ga2NctzfTUMOI%3D
2022.5.14 12:38:35#---------------------- Complete New Transaction---------------------
2022.5.14 12:38:35#Get trans_id From Post Value:rnLNhVIPsX5Pb8Ga2NctzfTUMOI=
2022.5.14 12:38:35#clientIp:103.29.124.1
2022.5.14 12:38:35#trans_id:rnLNhVIPsX5Pb8Ga2NctzfTUMOI=
2022.5.14 12:38:37#result:RESULT>OK^RESULT_CODE>000^3DSECURE>SKIPPED^RRN>213418978321^APPROVAL_CODE>465879^CARD_NUMBER>999999*********7541^AMOUNT>82000^CARDNAME>mb account^DESCRIPTION>6MBB2102097^TRANS_DATE>2022-05-14 06:38:34 PM
2022.5.14 12:38:37#9782914123837
2022.5.14 12:38:37#=================== Transaction Completed =======================
2022.5.14 12:58:15#=================== Start New Transaction ===================
2022.5.14 12:58:15#txnrefnum:MBD2202070
2022.5.14 12:58:15#clientIp:118.179.145.250
2022.5.14 12:58:15#card type:6
2022.5.14 12:58:15#totalamount:82000
2022.5.14 12:58:19#result:TRANSACTION_ID:qMTpjoTO5oykWnPe1OYI9jrQJqI=
2022.5.14 12:58:19#Forward to DBBL Payment Gateway Page:/ecomm2/ClientHandler?card_type=6&trans_id=qMTpjoTO5oykWnPe1OYI9jrQJqI%3D
2022.5.14 12:59:01#=================== Start New Transaction ===================
2022.5.14 12:59:01#txnrefnum:MBD2202070
2022.5.14 12:59:01#clientIp:118.179.145.250
2022.5.14 12:59:01#card type:6
2022.5.14 12:59:01#totalamount:162000
2022.5.14 12:59:04#result:TRANSACTION_ID:Cw06NVyNu6NgmuvIZ0OOxDDJnWY=
2022.5.14 12:59:05#Forward to DBBL Payment Gateway Page:/ecomm2/ClientHandler?card_type=6&trans_id=Cw06NVyNu6NgmuvIZ0OOxDDJnWY%3D
2022.5.14 13:04:13#=================== Start New Transaction ===================
2022.5.14 13:04:13#txnrefnum:MBD2202070
2022.5.14 13:04:13#clientIp:118.179.145.250
2022.5.14 13:04:13#card type:6
2022.5.14 13:04:13#totalamount:162000
2022.5.14 13:04:17#result:TRANSACTION_ID:7Be8JflrAeF5KnnoBE1pKxu93E8=
2022.5.14 13:04:17#Forward to DBBL Payment Gateway Page:/ecomm2/ClientHandler?card_type=6&trans_id=7Be8JflrAeF5KnnoBE1pKxu93E8%3D
2022.5.14 13:04:52#---------------------- Complete New Transaction---------------------
2022.5.14 13:04:52#Get trans_id From Post Value:7Be8JflrAeF5KnnoBE1pKxu93E8=
2022.5.14 13:04:52#clientIp:118.179.145.250
2022.5.14 13:04:52#trans_id:7Be8JflrAeF5KnnoBE1pKxu93E8=
2022.5.14 13:04:54#result:RESULT>OK^RESULT_CODE>000^3DSECURE>SKIPPED^RRN>213419980006^APPROVAL_CODE>538962^CARD_NUMBER>999999*********9178^AMOUNT>162000^CARDNAME>mb account^DESCRIPTION>6MBD2202070^TRANS_DATE>2022-05-14 07:04:51 PM
2022.5.14 13:04:54#8738314010454
2022.5.14 13:04:54#=================== Transaction Completed =======================
2022.5.14 13:04:54#8738314010454
2022.5.14 13:04:54#=================== Transaction Completed =======================
2022.5.14 13:15:52#=================== Start New Transaction ===================
2022.5.14 13:15:52#txnrefnum:MSC21111261
2022.5.14 13:15:52#clientIp:123.200.15.170
2022.5.14 13:15:52#card type:6
2022.5.14 13:15:52#totalamount:322000
2022.5.14 13:15:55#result:TRANSACTION_ID:pzy4mKXuNQlzRABnr5bzPLHm3tE=
2022.5.14 13:15:56#Forward to DBBL Payment Gateway Page:/ecomm2/ClientHandler?card_type=6&trans_id=pzy4mKXuNQlzRABnr5bzPLHm3tE%3D
2022.5.14 13:15:58#=================== Start New Transaction ===================
2022.5.14 13:15:58#txnrefnum:MSC21111261
2022.5.14 13:15:58#clientIp:123.200.15.170
2022.5.14 13:15:58#card type:6
2022.5.14 13:15:58#totalamount:322000
2022.5.14 13:16:02#result:TRANSACTION_ID:Zw0JCroOOD1GzEzIISDeuXNzqNY=
2022.5.14 13:16:02#Forward to DBBL Payment Gateway Page:/ecomm2/ClientHandler?card_type=6&trans_id=Zw0JCroOOD1GzEzIISDeuXNzqNY%3D
2022.5.14 13:20:30#=================== Start New Transaction ===================
2022.5.14 13:20:30#txnrefnum:MSC21111261
2022.5.14 13:20:30#clientIp:123.200.15.170
2022.5.14 13:20:30#card type:6
2022.5.14 13:20:30#totalamount:322000
2022.5.14 13:20:34#result:TRANSACTION_ID:GtVvBX4Gyav6gidxcaHrWkeMT9g=
2022.5.14 13:20:34#Forward to DBBL Payment Gateway Page:/ecomm2/ClientHandler?card_type=6&trans_id=GtVvBX4Gyav6gidxcaHrWkeMT9g%3D
2022.5.14 13:25:25#=================== Start New Transaction ===================
2022.5.14 13:25:25#txnrefnum:BBM2005003
2022.5.14 13:25:25#clientIp:103.204.247.10
2022.5.14 13:25:25#card type:6
2022.5.14 13:25:25#totalamount:322000
2022.5.14 13:25:29#result:TRANSACTION_ID:OAPSYXYPCL4yRbchB54babYkSs0=
2022.5.14 13:25:29#Forward to DBBL Payment Gateway Page:/ecomm2/ClientHandler?card_type=6&trans_id=OAPSYXYPCL4yRbchB54babYkSs0%3D
2022.5.14 13:26:15#=================== Start New Transaction ===================
2022.5.14 13:26:15#txnrefnum:BBM2005003
2022.5.14 13:26:15#clientIp:103.204.247.10
2022.5.14 13:26:15#card type:6
2022.5.14 13:26:15#totalamount:402000
2022.5.14 13:26:19#result:TRANSACTION_ID:YFkQ2ioIq6SDSKxzCq5xIWQywgw=
2022.5.14 13:26:19#Forward to DBBL Payment Gateway Page:/ecomm2/ClientHandler?card_type=6&trans_id=YFkQ2ioIq6SDSKxzCq5xIWQywgw%3D
2022.5.14 13:26:55#---------------------- Complete New Transaction---------------------
2022.5.14 13:26:55#Get trans_id From Post Value:YFkQ2ioIq6SDSKxzCq5xIWQywgw=
2022.5.14 13:26:55#clientIp:103.204.247.10
2022.5.14 13:26:55#trans_id:YFkQ2ioIq6SDSKxzCq5xIWQywgw=
2022.5.14 13:26:57#result:RESULT>OK^RESULT_CODE>000^3DSECURE>SKIPPED^RRN>213419981373^APPROVAL_CODE>625808^CARD_NUMBER>999999*********2298^AMOUNT>402000^CARDNAME>mb account^DESCRIPTION>6BBM2005003^TRANS_DATE>2022-05-14 07:26:54 PM
2022.5.14 13:26:57#25091414012657
2022.5.14 13:26:57#=================== Transaction Completed =======================
2022.5.14 13:26:57#25091414012657
2022.5.14 13:26:57#=================== Transaction Completed =======================
2022.5.14 13:26:57#25091414012657
2022.5.14 13:26:57#=================== Transaction Completed =======================
2022.5.14 13:26:57#25091414012657
2022.5.14 13:26:57#=================== Transaction Completed =======================
2022.5.14 13:26:57#25091414012657
2022.5.14 13:26:57#=================== Transaction Completed =======================
2022.5.14 13:28:49#=================== Start New Transaction ===================
2022.5.14 13:28:49#txnrefnum:MSC22110057
2022.5.14 13:28:49#clientIp:114.130.157.202
2022.5.14 13:28:49#card type:6
2022.5.14 13:28:49#totalamount:322000
2022.5.14 13:28:53#result:TRANSACTION_ID:nLrwG5MLWHq5iKPajPDPWZ5hUhQ=
2022.5.14 13:28:53#Forward to DBBL Payment Gateway Page:/ecomm2/ClientHandler?card_type=6&trans_id=nLrwG5MLWHq5iKPajPDPWZ5hUhQ%3D
2022.5.14 13:29:13#---------------------- Complete New Transaction---------------------
2022.5.14 13:29:13#Get trans_id From Post Value:nLrwG5MLWHq5iKPajPDPWZ5hUhQ=
2022.5.14 13:29:13#clientIp:114.130.157.202
2022.5.14 13:29:13#trans_id:nLrwG5MLWHq5iKPajPDPWZ5hUhQ=
2022.5.14 13:29:15#result:RESULT>OK^RESULT_CODE>000^3DSECURE>SKIPPED^RRN>213419981511^APPROVAL_CODE>343745^CARD_NUMBER>999999*********7394^AMOUNT>322000^CARDNAME>mb account^DESCRIPTION>6MSC22110057^TRANS_DATE>2022-05-14 07:29:12 PM
2022.5.14 13:29:15#1373314012915
2022.5.14 13:29:15#=================== Transaction Completed =======================
2022.5.14 13:29:15#1373314012915
2022.5.14 13:29:15#=================== Transaction Completed =======================
2022.5.14 13:30:58#=================== Start New Transaction ===================
2022.5.14 13:30:58#txnrefnum:MSC21111261
2022.5.14 13:30:58#clientIp:123.200.15.170
2022.5.14 13:30:58#card type:6
2022.5.14 13:30:58#totalamount:322000
2022.5.14 13:31:02#result:TRANSACTION_ID:BVQC46V8GVcErF7ePnaFCz7pQ3M=
2022.5.14 13:31:02#Forward to DBBL Payment Gateway Page:/ecomm2/ClientHandler?card_type=6&trans_id=BVQC46V8GVcErF7ePnaFCz7pQ3M%3D
2022.5.14 13:32:22#---------------------- Complete New Transaction---------------------
2022.5.14 13:32:22#Get trans_id From Post Value:BVQC46V8GVcErF7ePnaFCz7pQ3M=
2022.5.14 13:32:22#clientIp:123.200.15.170
2022.5.14 13:32:22#trans_id:BVQC46V8GVcErF7ePnaFCz7pQ3M=
2022.5.14 13:32:24#result:RESULT>OK^RESULT_CODE>000^3DSECURE>SKIPPED^RRN>213419981720^APPROVAL_CODE>635604^CARD_NUMBER>999999*********6926^AMOUNT>322000^CARDNAME>mb account^DESCRIPTION>6MSC21111261^TRANS_DATE>2022-05-14 07:32:21 PM
2022.5.14 13:32:24#805314013224
2022.5.14 13:32:24#=================== Transaction Completed =======================
2022.5.14 13:32:24#805314013224
2022.5.14 13:32:24#=================== Transaction Completed =======================
2022.5.14 13:33:11#=================== Start New Transaction ===================
2022.5.14 13:33:11#txnrefnum:MBB2108009
2022.5.14 13:33:11#clientIp:202.144.203.22
2022.5.14 13:33:11#card type:6
2022.5.14 13:33:11#totalamount:82000
2022.5.14 13:33:16#result:TRANSACTION_ID:AQzP4EdyryeSeRZPoFsl1pzV8GE=
2022.5.14 13:33:16#Forward to DBBL Payment Gateway Page:/ecomm2/ClientHandler?card_type=6&trans_id=AQzP4EdyryeSeRZPoFsl1pzV8GE%3D
2022.5.14 13:42:21#=================== Start New Transaction ===================
2022.5.14 13:42:21#txnrefnum:MBM2006022
2022.5.14 13:42:21#clientIp:114.130.156.121
2022.5.14 13:42:21#card type:6
2022.5.14 13:42:21#totalamount:82000
2022.5.14 13:42:25#result:TRANSACTION_ID:huYEAB4AllPQeydRlItmInNUKU8=
2022.5.14 13:42:25#Forward to DBBL Payment Gateway Page:/ecomm2/ClientHandler?card_type=6&trans_id=huYEAB4AllPQeydRlItmInNUKU8%3D
2022.5.14 13:46:41#=================== Start New Transaction ===================
2022.5.14 13:46:41#txnrefnum:MBD2006356
2022.5.14 13:46:41#clientIp:114.130.157.202
2022.5.14 13:46:41#card type:6
2022.5.14 13:46:41#totalamount:322000
2022.5.14 13:46:44#result:TRANSACTION_ID:2iVSWnfdfu1eg50UfPf1cADWrIY=
2022.5.14 13:46:44#Forward to DBBL Payment Gateway Page:/ecomm2/ClientHandler?card_type=6&trans_id=2iVSWnfdfu1eg50UfPf1cADWrIY%3D
2022.5.14 13:47:03#---------------------- Complete New Transaction---------------------
2022.5.14 13:47:03#Get trans_id From Post Value:2iVSWnfdfu1eg50UfPf1cADWrIY=
2022.5.14 13:47:03#clientIp:114.130.157.202
2022.5.14 13:47:03#trans_id:2iVSWnfdfu1eg50UfPf1cADWrIY=
2022.5.14 13:47:05#result:RESULT>OK^RESULT_CODE>000^3DSECURE>SKIPPED^RRN>213419982704^APPROVAL_CODE>691880^CARD_NUMBER>999999*********7394^AMOUNT>322000^CARDNAME>mb account^DESCRIPTION>6MBD2006356^TRANS_DATE>2022-05-14 07:47:02 PM
2022.5.14 13:47:05#18926914014705
2022.5.14 13:47:05#=================== Transaction Completed =======================
2022.5.14 13:51:03#=================== Start New Transaction ===================
2022.5.14 13:51:03#txnrefnum:BBG2103016
2022.5.14 13:51:03#clientIp:118.179.3.83
2022.5.14 13:51:03#card type:6
2022.5.14 13:51:03#totalamount:162000
2022.5.14 13:51:07#result:TRANSACTION_ID:TGZiZNxfhfaPzuLPXyPlvSs8hjU=
2022.5.14 13:51:07#Forward to DBBL Payment Gateway Page:/ecomm2/ClientHandler?card_type=6&trans_id=TGZiZNxfhfaPzuLPXyPlvSs8hjU%3D
2022.5.14 13:52:06#---------------------- Complete New Transaction---------------------
2022.5.14 13:52:06#Get trans_id From Post Value:TGZiZNxfhfaPzuLPXyPlvSs8hjU=
2022.5.14 13:52:06#clientIp:118.179.3.83
2022.5.14 13:52:06#trans_id:TGZiZNxfhfaPzuLPXyPlvSs8hjU=
2022.5.14 13:52:08#result:RESULT>OK^RESULT_CODE>000^3DSECURE>SKIPPED^RRN>213419983037^APPROVAL_CODE>801673^CARD_NUMBER>999999*********8025^AMOUNT>162000^CARDNAME>mb account^DESCRIPTION>6BBG2103016^TRANS_DATE>2022-05-14 07:52:04 PM
2022.5.14 13:52:08#23441114015208
2022.5.14 13:52:08#=================== Transaction Completed =======================
2022.5.14 13:52:08#23441114015208
2022.5.14 13:52:08#=================== Transaction Completed =======================
2022.5.14 13:58:22#=================== Start New Transaction ===================
2022.5.14 13:58:22#txnrefnum:MBD2202032
2022.5.14 13:58:22#clientIp:103.146.68.16
2022.5.14 13:58:22#card type:6
2022.5.14 13:58:22#totalamount:1022000
2022.5.14 13:58:26#result:TRANSACTION_ID:E8Jkq30Yqf8lkuz4i1L4mOALLJs=
2022.5.14 13:58:26#Forward to DBBL Payment Gateway Page:/ecomm2/ClientHandler?card_type=6&trans_id=E8Jkq30Yqf8lkuz4i1L4mOALLJs%3D
2022.5.14 14:10:55#=================== Start New Transaction ===================
2022.5.14 14:10:55#txnrefnum:BBD2201037
2022.5.14 14:10:55#clientIp:43.243.133.198
2022.5.14 14:10:55#card type:6
2022.5.14 14:10:55#totalamount:82000
2022.5.14 14:10:58#result:TRANSACTION_ID:10SLJRs3NqyCeKrycDVR2rFVqUE=
2022.5.14 14:10:59#Forward to DBBL Payment Gateway Page:/ecomm2/ClientHandler?card_type=6&trans_id=10SLJRs3NqyCeKrycDVR2rFVqUE%3D
2022.5.14 14:12:38#=================== Start New Transaction ===================
2022.5.14 14:12:38#txnrefnum:BBD2201037
2022.5.14 14:12:38#clientIp:43.243.133.198
2022.5.14 14:12:38#card type:6
2022.5.14 14:12:38#totalamount:82000
2022.5.14 14:12:41#result:TRANSACTION_ID:QmSBaHTqibtsFizQSPSgq9WVaZo=
2022.5.14 14:12:42#Forward to DBBL Payment Gateway Page:/ecomm2/ClientHandler?card_type=6&trans_id=QmSBaHTqibtsFizQSPSgq9WVaZo%3D
2022.5.14 14:13:12#---------------------- Complete New Transaction---------------------
2022.5.14 14:13:12#Get trans_id From Post Value:QmSBaHTqibtsFizQSPSgq9WVaZo=
2022.5.14 14:13:12#clientIp:43.243.133.198
2022.5.14 14:13:12#trans_id:QmSBaHTqibtsFizQSPSgq9WVaZo=
2022.5.14 14:13:15#result:RESULT>OK^RESULT_CODE>000^3DSECURE>SKIPPED^RRN>213420984392^APPROVAL_CODE>844984^CARD_NUMBER>999999*********7879^AMOUNT>82000^CARDNAME>mb account^DESCRIPTION>6BBD2201037^TRANS_DATE>2022-05-14 08:13:11 PM
2022.5.14 14:13:15#22297314021315
2022.5.14 14:13:15#=================== Transaction Completed =======================
2022.5.14 14:14:41#=================== Start New Transaction ===================
2022.5.14 14:14:41#txnrefnum:BBD2201037
2022.5.14 14:14:41#clientIp:43.243.133.198
2022.5.14 14:14:41#card type:6
2022.5.14 14:14:41#totalamount:82000
2022.5.14 14:14:45#result:TRANSACTION_ID:mUeixS35n9XvuX5SzdSoG15d5lM=
2022.5.14 14:14:45#Forward to DBBL Payment Gateway Page:/ecomm2/ClientHandler?card_type=6&trans_id=mUeixS35n9XvuX5SzdSoG15d5lM%3D
2022.5.14 14:15:08#---------------------- Complete New Transaction---------------------
2022.5.14 14:15:08#Get trans_id From Post Value:mUeixS35n9XvuX5SzdSoG15d5lM=
2022.5.14 14:15:08#clientIp:43.243.133.198
2022.5.14 14:15:08#trans_id:mUeixS35n9XvuX5SzdSoG15d5lM=
2022.5.14 14:15:10#result:RESULT>OK^RESULT_CODE>000^3DSECURE>SKIPPED^RRN>213420984506^APPROVAL_CODE>862564^CARD_NUMBER>999999*********7879^AMOUNT>82000^CARDNAME>mb account^DESCRIPTION>6BBD2201037^TRANS_DATE>2022-05-14 08:15:07 PM
2022.5.14 14:15:10#22297414021510
2022.5.14 14:15:10#=================== Transaction Completed =======================
2022.5.14 14:17:12#=================== Start New Transaction ===================
2022.5.14 14:17:12#txnrefnum:MSC22111308
2022.5.14 14:17:12#clientIp:103.89.24.33
2022.5.14 14:17:12#card type:6
2022.5.14 14:17:12#totalamount:162000
2022.5.14 14:17:17#result:TRANSACTION_ID:9tg706XdYsDGpcynuZjUWJc3J4c=
2022.5.14 14:17:17#Forward to DBBL Payment Gateway Page:/ecomm2/ClientHandler?card_type=6&trans_id=9tg706XdYsDGpcynuZjUWJc3J4c%3D
2022.5.14 14:17:50#---------------------- Complete New Transaction---------------------
2022.5.14 14:17:50#Get trans_id From Post Value:9tg706XdYsDGpcynuZjUWJc3J4c=
2022.5.14 14:17:50#clientIp:103.89.24.33
2022.5.14 14:17:50#trans_id:9tg706XdYsDGpcynuZjUWJc3J4c=
2022.5.14 14:17:53#result:RESULT>OK^RESULT_CODE>000^3DSECURE>SKIPPED^RRN>213420984688^APPROVAL_CODE>904748^CARD_NUMBER>999999*********7795^AMOUNT>162000^CARDNAME>mb account^DESCRIPTION>6MSC22111308^TRANS_DATE>2022-05-14 08:17:49 PM
2022.5.14 14:17:53#1545114021753
2022.5.14 14:17:53#=================== Transaction Completed =======================
2022.5.14 14:24:32#=================== Start New Transaction ===================
2022.5.14 14:24:32#txnrefnum:MBB2101482
2022.5.14 14:24:32#clientIp:123.253.65.107
2022.5.14 14:24:32#card type:6
2022.5.14 14:24:32#totalamount:162000
2022.5.14 14:24:36#result:TRANSACTION_ID:ODfWN52T2a1GfSTMSXPjFEr6tlM=
2022.5.14 14:24:36#Forward to DBBL Payment Gateway Page:/ecomm2/ClientHandler?card_type=6&trans_id=ODfWN52T2a1GfSTMSXPjFEr6tlM%3D
2022.5.14 14:24:37#=================== Start New Transaction ===================
2022.5.14 14:24:37#txnrefnum:MBB2101482
2022.5.14 14:24:37#clientIp:123.253.65.107
2022.5.14 14:24:37#card type:6
2022.5.14 14:24:37#totalamount:162000
2022.5.14 14:24:41#result:TRANSACTION_ID:Y6im6Sirl2KxSGlIAuq1Tt6tF74=
2022.5.14 14:24:41#Forward to DBBL Payment Gateway Page:/ecomm2/ClientHandler?card_type=6&trans_id=Y6im6Sirl2KxSGlIAuq1Tt6tF74%3D
2022.5.14 14:25:21#---------------------- Complete New Transaction---------------------
2022.5.14 14:25:21#Get trans_id From Post Value:Y6im6Sirl2KxSGlIAuq1Tt6tF74=
2022.5.14 14:25:21#clientIp:123.253.65.107
2022.5.14 14:25:21#trans_id:Y6im6Sirl2KxSGlIAuq1Tt6tF74=
2022.5.14 14:25:24#result:RESULT>OK^RESULT_CODE>000^3DSECURE>SKIPPED^RRN>213420985142^APPROVAL_CODE>917446^CARD_NUMBER>999999*********7341^AMOUNT>162000^CARDNAME>mb account^DESCRIPTION>6MBB2101482^TRANS_DATE>2022-05-14 08:25:20 PM
2022.5.14 14:25:24#8141914022524
2022.5.14 14:25:24#=================== Transaction Completed =======================
2022.5.14 14:25:24#8141914022524
2022.5.14 14:25:24#=================== Transaction Completed =======================
2022.5.14 14:35:59#=================== Start New Transaction ===================
2022.5.14 14:35:59#txnrefnum:MBB2106090
2022.5.14 14:35:59#clientIp:202.144.203.12
2022.5.14 14:35:59#card type:6
2022.5.14 14:35:59#totalamount:352000
2022.5.14 14:36:03#result:TRANSACTION_ID:TG9yWOo0dnEbM7ISK3QBsIi2fUU=
2022.5.14 14:36:03#Forward to DBBL Payment Gateway Page:/ecomm2/ClientHandler?card_type=6&trans_id=TG9yWOo0dnEbM7ISK3QBsIi2fUU%3D
2022.5.14 14:36:37#---------------------- Complete New Transaction---------------------
2022.5.14 14:36:37#Get trans_id From Post Value:TG9yWOo0dnEbM7ISK3QBsIi2fUU=
2022.5.14 14:36:37#clientIp:202.144.203.12
2022.5.14 14:36:37#trans_id:TG9yWOo0dnEbM7ISK3QBsIi2fUU=
2022.5.14 14:36:39#result:RESULT>OK^RESULT_CODE>000^3DSECURE>SKIPPED^RRN>213420985840^APPROVAL_CODE>898450^CARD_NUMBER>999999*********0745^AMOUNT>352000^CARDNAME>mb account^DESCRIPTION>6MBB2106090^TRANS_DATE>2022-05-14 08:36:36 PM
2022.5.14 14:36:39#16484114023639
2022.5.14 14:36:39#=================== Transaction Completed =======================
2022.5.14 14:36:39#16484114023639
2022.5.14 14:36:39#=================== Transaction Completed =======================
2022.5.14 14:36:39#16484114023639
2022.5.14 14:36:39#=================== Transaction Completed =======================
2022.5.14 14:36:39#16484114023639
2022.5.14 14:36:39#=================== Transaction Completed =======================
2022.5.14 14:36:39#16484114023639
2022.5.14 14:36:39#=================== Transaction Completed =======================
2022.5.14 15:09:49#=================== Start New Transaction ===================
2022.5.14 15:09:49#txnrefnum:MBD2209081
2022.5.14 15:09:49#clientIp:103.147.106.6
2022.5.14 15:09:49#card type:6
2022.5.14 15:09:49#totalamount:162000
2022.5.14 15:09:53#result:TRANSACTION_ID:S6WNhSJJiuFoDVR8VbDmTOS6hKI=
2022.5.14 15:09:53#Forward to DBBL Payment Gateway Page:/ecomm2/ClientHandler?card_type=6&trans_id=S6WNhSJJiuFoDVR8VbDmTOS6hKI%3D
2022.5.14 15:10:21#---------------------- Complete New Transaction---------------------
2022.5.14 15:10:21#Get trans_id From Post Value:S6WNhSJJiuFoDVR8VbDmTOS6hKI=
2022.5.14 15:10:21#clientIp:103.147.106.6
2022.5.14 15:10:21#trans_id:S6WNhSJJiuFoDVR8VbDmTOS6hKI=
2022.5.14 15:10:23#result:RESULT>OK^RESULT_CODE>000^3DSECURE>SKIPPED^RRN>213421987947^APPROVAL_CODE>064363^CARD_NUMBER>999999*********2039^AMOUNT>162000^CARDNAME>mb account^DESCRIPTION>6MBD2209081^TRANS_DATE>2022-05-14 09:10:20 PM
2022.5.14 15:10:23#20369914031023
2022.5.14 15:10:23#=================== Transaction Completed =======================
2022.5.14 15:10:23#20369914031023
2022.5.14 15:10:23#=================== Transaction Completed =======================
2022.5.14 15:13:00#=================== Start New Transaction ===================
2022.5.14 15:13:00#txnrefnum:MBD2002155
2022.5.14 15:13:00#clientIp:43.224.109.202
2022.5.14 15:13:00#card type:6
2022.5.14 15:13:00#totalamount:802000
2022.5.14 15:13:04#result:TRANSACTION_ID:efP0uZEDObVCZw1P3Eh2VIfbBF4=
2022.5.14 15:13:04#Forward to DBBL Payment Gateway Page:/ecomm2/ClientHandler?card_type=6&trans_id=efP0uZEDObVCZw1P3Eh2VIfbBF4%3D
2022.5.14 16:00:59#=================== Start New Transaction ===================
2022.5.14 16:00:59#txnrefnum:MBD2002088
2022.5.14 16:00:59#clientIp:103.110.163.231
2022.5.14 16:00:59#card type:6
2022.5.14 16:00:59#totalamount:702000
2022.5.14 16:01:03#result:TRANSACTION_ID:8E4ESZThbi3ImVlXlPIht8F3ErI=
2022.5.14 16:01:03#Forward to DBBL Payment Gateway Page:/ecomm2/ClientHandler?card_type=6&trans_id=8E4ESZThbi3ImVlXlPIht8F3ErI%3D
2022.5.14 16:02:05#---------------------- Complete New Transaction---------------------
2022.5.14 16:02:05#Get trans_id From Post Value:8E4ESZThbi3ImVlXlPIht8F3ErI=
2022.5.14 16:02:05#clientIp:103.110.163.231
2022.5.14 16:02:05#trans_id:8E4ESZThbi3ImVlXlPIht8F3ErI=
2022.5.14 16:02:08#result:RESULT>OK^RESULT_CODE>000^3DSECURE>SKIPPED^RRN>213422990893^APPROVAL_CODE>233133^CARD_NUMBER>999999*********8135^AMOUNT>702000^CARDNAME>mb account^DESCRIPTION>6MBD2002088^TRANS_DATE>2022-05-14 10:02:04 PM
2022.5.14 16:02:08#11325514040208
2022.5.14 16:02:08#=================== Transaction Completed =======================
2022.5.14 16:02:08#11325514040208
2022.5.14 16:02:08#=================== Transaction Completed =======================
2022.5.14 16:26:54#=================== Start New Transaction ===================
2022.5.14 16:26:54#txnrefnum:MBM2205217
2022.5.14 16:26:54#clientIp:202.134.13.138
2022.5.14 16:26:54#card type:6
2022.5.14 16:26:54#totalamount:82000
2022.5.14 16:26:58#=================== Start New Transaction ===================
2022.5.14 16:26:58#txnrefnum:MBM2205217
2022.5.14 16:26:58#clientIp:202.134.13.138
2022.5.14 16:26:58#card type:6
2022.5.14 16:26:58#totalamount:82000
2022.5.14 16:26:58#result:TRANSACTION_ID:lrQyhMp6oDMTS9kDOtZNPSkH5Ag=
2022.5.14 16:26:58#Forward to DBBL Payment Gateway Page:/ecomm2/ClientHandler?card_type=6&trans_id=lrQyhMp6oDMTS9kDOtZNPSkH5Ag%3D
2022.5.14 16:27:02#result:TRANSACTION_ID:dgQgcbNS47whtXLzxV4lXuelLVc=
2022.5.14 16:27:02#Forward to DBBL Payment Gateway Page:/ecomm2/ClientHandler?card_type=6&trans_id=dgQgcbNS47whtXLzxV4lXuelLVc%3D
2022.5.14 16:28:09#---------------------- Complete New Transaction---------------------
2022.5.14 16:28:09#Get trans_id From Post Value:dgQgcbNS47whtXLzxV4lXuelLVc=
2022.5.14 16:28:09#clientIp:202.134.13.138
2022.5.14 16:28:09#trans_id:dgQgcbNS47whtXLzxV4lXuelLVc=
2022.5.14 16:28:11#result:RESULT>OK^RESULT_CODE>000^3DSECURE>SKIPPED^RRN>213422992107^APPROVAL_CODE>367606^CARD_NUMBER>999999*********4829^AMOUNT>82000^CARDNAME>mb account^DESCRIPTION>6MBM2205217^TRANS_DATE>2022-05-14 10:28:07 PM
2022.5.14 16:28:11#13570214042811
2022.5.14 16:28:11#=================== Transaction Completed =======================
2022.5.14 16:31:13#=================== Start New Transaction ===================
2022.5.14 16:31:13#txnrefnum:MBM2205217
2022.5.14 16:31:13#clientIp:202.134.13.138
2022.5.14 16:31:13#card type:6
2022.5.14 16:31:13#totalamount:82000
2022.5.14 16:31:17#result:TRANSACTION_ID:wYzItetnuIsaPIrqm8i4DmJVs7A=
2022.5.14 16:31:17#Forward to DBBL Payment Gateway Page:/ecomm2/ClientHandler?card_type=6&trans_id=wYzItetnuIsaPIrqm8i4DmJVs7A%3D
2022.5.14 16:31:58#---------------------- Complete New Transaction---------------------
2022.5.14 16:31:58#Get trans_id From Post Value:wYzItetnuIsaPIrqm8i4DmJVs7A=
2022.5.14 16:31:58#clientIp:202.134.13.138
2022.5.14 16:31:58#trans_id:wYzItetnuIsaPIrqm8i4DmJVs7A=
2022.5.14 16:32:00#result:RESULT>OK^RESULT_CODE>000^3DSECURE>SKIPPED^RRN>213422992290^APPROVAL_CODE>276564^CARD_NUMBER>999999*********4829^AMOUNT>82000^CARDNAME>mb account^DESCRIPTION>6MBM2205217^TRANS_DATE>2022-05-14 10:31:55 PM
2022.5.14 16:32:00#13570314043200
2022.5.14 16:32:00#=================== Transaction Completed =======================
2022.5.14 16:55:24#=================== Start New Transaction ===================
2022.5.14 16:55:24#txnrefnum:MSC21111275
2022.5.14 16:55:24#clientIp:103.135.254.245
2022.5.14 16:55:24#card type:6
2022.5.14 16:55:24#totalamount:2402000
2022.5.14 16:55:28#result:TRANSACTION_ID:P8dVk14f14ja8xX6gvO6Qn129s8=
2022.5.14 16:55:28#Forward to DBBL Payment Gateway Page:/ecomm2/ClientHandler?card_type=6&trans_id=P8dVk14f14ja8xX6gvO6Qn129s8%3D
2022.5.14 17:56:45#=================== Start New Transaction ===================
2022.5.14 17:56:45#txnrefnum:BBD2006054
2022.5.14 17:56:45#clientIp:103.237.36.216
2022.5.14 17:56:45#card type:6
2022.5.14 17:56:45#totalamount:1132000
2022.5.14 17:56:49#result:TRANSACTION_ID:FrzGD8CK3WyX4uWZzwPFlredrAk=
2022.5.14 17:56:49#Forward to DBBL Payment Gateway Page:/ecomm2/ClientHandler?card_type=6&trans_id=FrzGD8CK3WyX4uWZzwPFlredrAk%3D
2022.5.14 17:57:44#---------------------- Complete New Transaction---------------------
2022.5.14 17:57:44#Get trans_id From Post Value:FrzGD8CK3WyX4uWZzwPFlredrAk=
2022.5.14 17:57:44#clientIp:103.237.36.216
2022.5.14 17:57:44#trans_id:FrzGD8CK3WyX4uWZzwPFlredrAk=
2022.5.14 17:57:46#result:RESULT>OK^RESULT_CODE>000^3DSECURE>SKIPPED^RRN>213423995524^APPROVAL_CODE>491939^CARD_NUMBER>999999*********7766^AMOUNT>1132000^CARDNAME>mb account^DESCRIPTION>6BBD2006054^TRANS_DATE>2022-05-14 11:57:43 PM
2022.5.14 17:57:46#25434014055746
2022.5.14 17:57:46#=================== Transaction Completed =======================
2022.5.14 17:57:46#25434014055746
2022.5.14 17:57:46#=================== Transaction Completed =======================
2022.5.14 17:57:46#25434014055746
2022.5.14 17:57:46#=================== Transaction Completed =======================
2022.5.14 17:57:46#25434014055746
2022.5.14 17:57:46#=================== Transaction Completed =======================
2022.5.14 17:57:46#25434014055746
2022.5.14 17:57:46#=================== Transaction Completed =======================
2022.5.14 17:57:46#25434014055746
2022.5.14 17:57:46#=================== Transaction Completed =======================
2022.5.14 17:57:46#25434014055746
2022.5.14 17:57:46#=================== Transaction Completed =======================