
2023.7.5 02:14:42#=================== Start New Transaction ===================
2023.7.5 02:14:42#txnrefnum:BBM2306009
2023.7.5 02:14:42#clientIp:37.111.206.152
2023.7.5 02:14:42#card type:6
2023.7.5 02:14:42#totalamount:102000
2023.7.5 02:14:45#result:TRANSACTION_ID:Zgq32q5WgIyo4JkGHLnCeiaSUoI=
2023.7.5 02:14:45#Forward to DBBL Payment Gateway Page: https://ecom1.dutchbanglabank.com/ecomm2/ClientHandler?card_type=6&trans_id=Zgq32q5WgIyo4JkGHLnCeiaSUoI%3D
2023.7.5 02:15:45#---------------------- Complete New Transaction---------------------
2023.7.5 02:15:45#Get trans_id From Post Value:Zgq32q5WgIyo4JkGHLnCeiaSUoI=
2023.7.5 02:15:45#clientIp:37.111.206.152
2023.7.5 02:15:45#trans_id:Zgq32q5WgIyo4JkGHLnCeiaSUoI=
2023.7.5 02:15:47#result:RESULT>OK^RESULT_CODE>000^3DSECURE>SKIPPED^RRN>318602328648^APPROVAL_CODE>974308^CARD_NUMBER>999999*********3776^AMOUNT>102000^CARDNAME>mb account^DESCRIPTION>6BBM2306009^TRANS_DATE>2023-07-05 08:15:43 AM
2023.7.5 02:15:47#45331505021547
2023.7.5 02:15:47#45331505021547
2023.7.5 02:15:47#=================== Transaction Completed =======================
2023.7.5 04:04:19#=================== Start New Transaction ===================
2023.7.5 04:04:19#txnrefnum:MBD2201063
2023.7.5 04:04:19#clientIp:180.211.141.170
2023.7.5 04:04:19#card type:6
2023.7.5 04:04:19#totalamount:302000
2023.7.5 04:04:22#result:TRANSACTION_ID:mewUdNatkKPDv2ihepUF585jEbU=
2023.7.5 04:04:22#Forward to DBBL Payment Gateway Page: https://ecom1.dutchbanglabank.com/ecomm2/ClientHandler?card_type=6&trans_id=mewUdNatkKPDv2ihepUF585jEbU%3D
2023.7.5 04:04:24#=================== Start New Transaction ===================
2023.7.5 04:04:24#txnrefnum:MBD2201063
2023.7.5 04:04:24#clientIp:180.211.141.170
2023.7.5 04:04:24#card type:6
2023.7.5 04:04:24#totalamount:302000
2023.7.5 04:04:27#result:TRANSACTION_ID:6JwigFudHEjv7Ir4LKIMWyRVwUA=
2023.7.5 04:04:27#Forward to DBBL Payment Gateway Page: https://ecom1.dutchbanglabank.com/ecomm2/ClientHandler?card_type=6&trans_id=6JwigFudHEjv7Ir4LKIMWyRVwUA%3D
2023.7.5 04:04:29#=================== Start New Transaction ===================
2023.7.5 04:04:29#txnrefnum:MBD2201063
2023.7.5 04:04:29#clientIp:180.211.141.170
2023.7.5 04:04:29#card type:6
2023.7.5 04:04:29#totalamount:302000
2023.7.5 04:04:32#result:TRANSACTION_ID:nfKFHNAY5cDRoeoSEYVfzlg2NVQ=
2023.7.5 04:04:33#Forward to DBBL Payment Gateway Page: https://ecom1.dutchbanglabank.com/ecomm2/ClientHandler?card_type=6&trans_id=nfKFHNAY5cDRoeoSEYVfzlg2NVQ%3D
2023.7.5 04:04:40#=================== Start New Transaction ===================
2023.7.5 04:04:40#txnrefnum:MBD2201063
2023.7.5 04:04:40#clientIp:180.211.141.170
2023.7.5 04:04:40#card type:6
2023.7.5 04:04:40#totalamount:302000
2023.7.5 04:04:43#result:TRANSACTION_ID:oafpIf6HSVbobjMyvfxwHtQwFkY=
2023.7.5 04:04:43#Forward to DBBL Payment Gateway Page: https://ecom1.dutchbanglabank.com/ecomm2/ClientHandler?card_type=6&trans_id=oafpIf6HSVbobjMyvfxwHtQwFkY%3D
2023.7.5 04:06:23#---------------------- Complete New Transaction---------------------
2023.7.5 04:06:24#Get trans_id From Post Value:oafpIf6HSVbobjMyvfxwHtQwFkY=
2023.7.5 04:06:24#clientIp:180.211.141.170
2023.7.5 04:06:24#trans_id:oafpIf6HSVbobjMyvfxwHtQwFkY=
2023.7.5 04:06:26#result:RESULT>OK^RESULT_CODE>000^3DSECURE>SKIPPED^RRN>318604334192^APPROVAL_CODE>271618^CARD_NUMBER>999999*********8685^AMOUNT>302000^CARDNAME>mb account^DESCRIPTION>6MBD2201063^TRANS_DATE>2023-07-05 10:06:22 AM
2023.7.5 04:06:26#49661205040626
2023.7.5 04:06:26#49661205040626
2023.7.5 04:06:26#49661205040626
2023.7.5 04:06:26#49661205040626
2023.7.5 04:06:26#49661205040626
2023.7.5 04:06:26#49661205040626
2023.7.5 04:06:26#=================== Transaction Completed =======================
2023.7.5 05:28:36#=================== Start New Transaction ===================
2023.7.5 05:28:36#txnrefnum:MSC23111304
2023.7.5 05:28:36#clientIp:157.119.237.3
2023.7.5 05:28:36#card type:6
2023.7.5 05:28:36#totalamount:182000
2023.7.5 05:28:39#result:TRANSACTION_ID:VdO0W22Cf4SvhPEe8Cr0v423IoQ=
2023.7.5 05:28:39#Forward to DBBL Payment Gateway Page: https://ecom1.dutchbanglabank.com/ecomm2/ClientHandler?card_type=6&trans_id=VdO0W22Cf4SvhPEe8Cr0v423IoQ%3D
2023.7.5 05:29:23#---------------------- Complete New Transaction---------------------
2023.7.5 05:29:23#Get trans_id From Post Value:VdO0W22Cf4SvhPEe8Cr0v423IoQ=
2023.7.5 05:29:23#clientIp:157.119.237.3
2023.7.5 05:29:23#trans_id:VdO0W22Cf4SvhPEe8Cr0v423IoQ=
2023.7.5 05:29:25#result:RESULT>FAILED^RESULT_CODE>100^3DSECURE>SKIPPED^RRN>318605340021^APPROVAL_CODE>0^CARD_NUMBER>999999*********1670^AMOUNT>182000^CARDNAME>mb account^DESCRIPTION>6MSC23111304^TRANS_DATE>2023-07-05 11:29:22 AM
2023.7.5 05:29:25#Failed
2023.7.5 06:15:13#=================== Start New Transaction ===================
2023.7.5 06:15:13#txnrefnum:MSC23111224
2023.7.5 06:15:13#clientIp:27.147.200.232
2023.7.5 06:15:13#card type:6
2023.7.5 06:15:13#totalamount:1012000
2023.7.5 06:15:16#result:TRANSACTION_ID:KJWMWS5eZRRSs3JK0z5kcjeXPPk=
2023.7.5 06:15:17#Forward to DBBL Payment Gateway Page: https://ecom1.dutchbanglabank.com/ecomm2/ClientHandler?card_type=6&trans_id=KJWMWS5eZRRSs3JK0z5kcjeXPPk%3D
2023.7.5 06:40:41#=================== Start New Transaction ===================
2023.7.5 06:40:41#txnrefnum:MBD2003287
2023.7.5 06:40:41#clientIp:123.136.31.130
2023.7.5 06:40:41#card type:6
2023.7.5 06:40:41#totalamount:102000
2023.7.5 06:40:44#result:TRANSACTION_ID:dLPldMEYOYiyXrSvKuDPyBrTuDU=
2023.7.5 06:40:44#Forward to DBBL Payment Gateway Page: https://ecom1.dutchbanglabank.com/ecomm2/ClientHandler?card_type=6&trans_id=dLPldMEYOYiyXrSvKuDPyBrTuDU%3D
2023.7.5 06:41:32#---------------------- Complete New Transaction---------------------
2023.7.5 06:41:32#Get trans_id From Post Value:dLPldMEYOYiyXrSvKuDPyBrTuDU=
2023.7.5 06:41:32#clientIp:123.136.31.130
2023.7.5 06:41:32#trans_id:dLPldMEYOYiyXrSvKuDPyBrTuDU=
2023.7.5 06:41:34#result:RESULT>OK^RESULT_CODE>000^3DSECURE>SKIPPED^RRN>318606346589^APPROVAL_CODE>119217^CARD_NUMBER>999999*********7415^AMOUNT>102000^CARDNAME>mb account^DESCRIPTION>6MBD2003287^TRANS_DATE>2023-07-05 12:41:31 PM
2023.7.5 06:41:34#44975105064134
2023.7.5 06:41:34#44975105064134
2023.7.5 06:41:34#=================== Transaction Completed =======================
2023.7.5 08:09:31#=================== Start New Transaction ===================
2023.7.5 08:09:31#txnrefnum:MSC23111304
2023.7.5 08:09:31#clientIp:103.143.138.45
2023.7.5 08:09:31#card type:6
2023.7.5 08:09:31#totalamount:182000
2023.7.5 08:09:33#result:TRANSACTION_ID:W2oPTGG6GpfuJMkZ1JvYOYPq9lE=
2023.7.5 08:09:34#Forward to DBBL Payment Gateway Page: https://ecom1.dutchbanglabank.com/ecomm2/ClientHandler?card_type=6&trans_id=W2oPTGG6GpfuJMkZ1JvYOYPq9lE%3D
2023.7.5 08:13:19#=================== Start New Transaction ===================
2023.7.5 08:13:19#txnrefnum:MSC23111304
2023.7.5 08:13:19#clientIp:103.143.138.45
2023.7.5 08:13:19#card type:6
2023.7.5 08:13:19#totalamount:182000
2023.7.5 08:13:22#result:TRANSACTION_ID:KYwO6RKYibMnYImbPSvcXS8KXBs=
2023.7.5 08:13:22#Forward to DBBL Payment Gateway Page: https://ecom1.dutchbanglabank.com/ecomm2/ClientHandler?card_type=6&trans_id=KYwO6RKYibMnYImbPSvcXS8KXBs%3D
2023.7.5 08:14:15#---------------------- Complete New Transaction---------------------
2023.7.5 08:14:15#Get trans_id From Post Value:KYwO6RKYibMnYImbPSvcXS8KXBs=
2023.7.5 08:14:15#clientIp:103.143.138.45
2023.7.5 08:14:15#trans_id:KYwO6RKYibMnYImbPSvcXS8KXBs=
2023.7.5 08:14:16#result:RESULT>OK^RESULT_CODE>000^3DSECURE>SKIPPED^RRN>318608356572^APPROVAL_CODE>436349^CARD_NUMBER>999999*********1355^AMOUNT>182000^CARDNAME>mb account^DESCRIPTION>6MSC23111304^TRANS_DATE>2023-07-05 02:14:14 PM
2023.7.5 08:14:16#54867305081416
2023.7.5 08:14:17#54867305081416
2023.7.5 08:14:17#=================== Transaction Completed =======================
2023.7.5 11:06:53#=================== Start New Transaction ===================
2023.7.5 11:06:53#txnrefnum:MBD2301447
2023.7.5 11:06:53#clientIp:119.18.151.65
2023.7.5 11:06:53#card type:6
2023.7.5 11:06:53#totalamount:202000
2023.7.5 11:06:58#result:TRANSACTION_ID:ueobLSPDqZ1ZPv2dBCpaFmEFEcs=
2023.7.5 11:06:58#Forward to DBBL Payment Gateway Page: https://ecom1.dutchbanglabank.com/ecomm2/ClientHandler?card_type=6&trans_id=ueobLSPDqZ1ZPv2dBCpaFmEFEcs%3D
2023.7.5 12:23:47#=================== Start New Transaction ===================
2023.7.5 12:23:47#txnrefnum:MSC22110504
2023.7.5 12:23:47#clientIp:163.47.158.30
2023.7.5 12:23:47#card type:6
2023.7.5 12:23:47#totalamount:2000
2023.7.5 12:23:50#result:TRANSACTION_ID:U2nnEeWbFXHIWdEyChSKCc8YF6A=
2023.7.5 12:23:51#Forward to DBBL Payment Gateway Page: https://ecom1.dutchbanglabank.com/ecomm2/ClientHandler?card_type=6&trans_id=U2nnEeWbFXHIWdEyChSKCc8YF6A%3D
2023.7.5 12:55:13#=================== Start New Transaction ===================
2023.7.5 12:55:13#txnrefnum:MSC23111034
2023.7.5 12:55:13#clientIp:114.130.157.90
2023.7.5 12:55:13#card type:6
2023.7.5 12:55:13#totalamount:462000
2023.7.5 12:55:16#result:TRANSACTION_ID:s5inLOSGJoxFT45hc4ClkZotD2c=
2023.7.5 12:55:16#Forward to DBBL Payment Gateway Page: https://ecom1.dutchbanglabank.com/ecomm2/ClientHandler?card_type=6&trans_id=s5inLOSGJoxFT45hc4ClkZotD2c%3D
2023.7.5 12:57:05#---------------------- Complete New Transaction---------------------
2023.7.5 12:57:05#Get trans_id From Post Value:s5inLOSGJoxFT45hc4ClkZotD2c=
2023.7.5 12:57:06#clientIp:114.130.157.90
2023.7.5 12:57:06#trans_id:s5inLOSGJoxFT45hc4ClkZotD2c=
2023.7.5 12:57:08#result:RESULT>OK^RESULT_CODE>000^3DSECURE>SKIPPED^RRN>318612382124^APPROVAL_CODE>639674^CARD_NUMBER>999999*********3945^AMOUNT>462000^CARDNAME>mb account^DESCRIPTION>6MSC23111034^TRANS_DATE>2023-07-05 06:57:04 PM
2023.7.5 12:57:08#52023705125708
2023.7.5 12:57:08#52023705125708
2023.7.5 12:57:08#52023705125708
2023.7.5 12:57:08#52023705125708
2023.7.5 12:57:08#52023705125708
2023.7.5 12:57:08#52023705125708
2023.7.5 12:57:08#=================== Transaction Completed =======================
2023.7.5 14:34:13#=================== Start New Transaction ===================
2023.7.5 14:34:13#txnrefnum:MSC23110525
2023.7.5 14:34:13#clientIp:103.230.107.51
2023.7.5 14:34:13#card type:6
2023.7.5 14:34:13#totalamount:102000
2023.7.5 14:34:15#result:TRANSACTION_ID:IDL77lDllwqNUzJ8w5OIxP2edDs=
2023.7.5 14:34:16#Forward to DBBL Payment Gateway Page: https://ecom1.dutchbanglabank.com/ecomm2/ClientHandler?card_type=6&trans_id=IDL77lDllwqNUzJ8w5OIxP2edDs%3D
2023.7.5 14:35:13#---------------------- Complete New Transaction---------------------
2023.7.5 14:35:13#Get trans_id From Post Value:IDL77lDllwqNUzJ8w5OIxP2edDs=
2023.7.5 14:35:13#clientIp:103.230.107.51
2023.7.5 14:35:13#trans_id:IDL77lDllwqNUzJ8w5OIxP2edDs=
2023.7.5 14:35:15#result:RESULT>OK^RESULT_CODE>000^3DSECURE>SKIPPED^RRN>318614391213^APPROVAL_CODE>166282^CARD_NUMBER>999999*********8491^AMOUNT>102000^CARDNAME>mb account^DESCRIPTION>6MSC23110525^TRANS_DATE>2023-07-05 08:35:12 PM
2023.7.5 14:35:15#54641805023515
2023.7.5 14:35:15#54641805023515
2023.7.5 14:35:15#=================== Transaction Completed =======================
2023.7.5 15:01:36#=================== Start New Transaction ===================
2023.7.5 15:01:36#txnrefnum:MSC23111002
2023.7.5 15:01:36#clientIp:103.150.254.75
2023.7.5 15:01:36#card type:6
2023.7.5 15:01:36#totalamount:362000
2023.7.5 15:01:39#result:TRANSACTION_ID:ERy3RJLJCA1U6JAJnPFMhxbTEEY=
2023.7.5 15:01:39#Forward to DBBL Payment Gateway Page: https://ecom1.dutchbanglabank.com/ecomm2/ClientHandler?card_type=6&trans_id=ERy3RJLJCA1U6JAJnPFMhxbTEEY%3D
2023.7.5 15:02:01#---------------------- Complete New Transaction---------------------
2023.7.5 15:02:01#Get trans_id From Post Value:ERy3RJLJCA1U6JAJnPFMhxbTEEY=
2023.7.5 15:02:01#clientIp:103.150.254.75
2023.7.5 15:02:01#trans_id:ERy3RJLJCA1U6JAJnPFMhxbTEEY=
2023.7.5 15:02:02#result:RESULT>OK^RESULT_CODE>000^3DSECURE>SKIPPED^RRN>318615393576^APPROVAL_CODE>323001^CARD_NUMBER>999999*********0014^AMOUNT>362000^CARDNAME>mb account^DESCRIPTION>6MSC23111002^TRANS_DATE>2023-07-05 09:02:00 PM
2023.7.5 15:02:02#51967805030202
2023.7.5 15:02:03#51967805030202
2023.7.5 15:02:03#51967805030202
2023.7.5 15:02:03#51967805030202
2023.7.5 15:02:03#=================== Transaction Completed =======================