
2022.10.21 00:03:59#=================== Start New Transaction ===================
2022.10.21 00:03:59#txnrefnum:MSC22110020
2022.10.21 00:03:59#clientIp:119.30.45.57
2022.10.21 00:03:59#card type:6
2022.10.21 00:03:59#totalamount:162000
2022.10.21 00:04:04#result:TRANSACTION_ID:zDBF8zry2I3J7jTfuDQmyNeuUbE=
2022.10.21 00:04:04#Forward to DBBL Payment Gateway Page: https://ecom1.dutchbanglabank.com/ecomm2/ClientHandler?card_type=6&trans_id=zDBF8zry2I3J7jTfuDQmyNeuUbE%3D
2022.10.21 00:05:20#---------------------- Complete New Transaction---------------------
2022.10.21 00:05:20#Get trans_id From Post Value:zDBF8zry2I3J7jTfuDQmyNeuUbE=
2022.10.21 00:05:20#clientIp:119.30.45.57
2022.10.21 00:05:20#trans_id:zDBF8zry2I3J7jTfuDQmyNeuUbE=
2022.10.21 00:05:22#result:RESULT>OK^RESULT_CODE>000^3DSECURE>SKIPPED^RRN>229400646277^APPROVAL_CODE>276693^CARD_NUMBER>999999*********8685^AMOUNT>162000^CARDNAME>mb account^DESCRIPTION>6MSC22110020^TRANS_DATE>2022-10-21 06:05:19 AM
2022.10.21 00:05:22#1461121120522
2022.10.21 00:05:22#1461121120522
2022.10.21 00:05:22#=================== Transaction Completed =======================
2022.10.21 00:06:19#=================== Start New Transaction ===================
2022.10.21 00:06:19#txnrefnum:MSC22110025
2022.10.21 00:06:19#clientIp:119.30.45.57
2022.10.21 00:06:19#card type:6
2022.10.21 00:06:19#totalamount:262000
2022.10.21 00:06:23#result:TRANSACTION_ID:7raG0T4uEFupSFACC9cxYV8mm9A=
2022.10.21 00:06:23#Forward to DBBL Payment Gateway Page: https://ecom1.dutchbanglabank.com/ecomm2/ClientHandler?card_type=6&trans_id=7raG0T4uEFupSFACC9cxYV8mm9A%3D
2022.10.21 00:07:13#---------------------- Complete New Transaction---------------------
2022.10.21 00:07:13#Get trans_id From Post Value:7raG0T4uEFupSFACC9cxYV8mm9A=
2022.10.21 00:07:13#clientIp:119.30.45.57
2022.10.21 00:07:13#trans_id:7raG0T4uEFupSFACC9cxYV8mm9A=
2022.10.21 00:07:15#result:RESULT>OK^RESULT_CODE>000^3DSECURE>SKIPPED^RRN>229400646479^APPROVAL_CODE>276979^CARD_NUMBER>999999*********8685^AMOUNT>262000^CARDNAME>mb account^DESCRIPTION>6MSC22110025^TRANS_DATE>2022-10-21 06:07:11 AM
2022.10.21 00:07:15#1376321120715
2022.10.21 00:07:15#1376321120715
2022.10.21 00:07:15#1376321120715
2022.10.21 00:07:15#1376321120715
2022.10.21 00:07:15#=================== Transaction Completed =======================
2022.10.21 00:08:00#=================== Start New Transaction ===================
2022.10.21 00:08:00#txnrefnum:MSC22110033
2022.10.21 00:08:00#clientIp:119.30.45.57
2022.10.21 00:08:00#card type:6
2022.10.21 00:08:00#totalamount:262000
2022.10.21 00:08:04#result:TRANSACTION_ID:dEhItzJzm2P7Hg6m0zTJpiSm5Xc=
2022.10.21 00:08:04#Forward to DBBL Payment Gateway Page: https://ecom1.dutchbanglabank.com/ecomm2/ClientHandler?card_type=6&trans_id=dEhItzJzm2P7Hg6m0zTJpiSm5Xc%3D
2022.10.21 00:08:46#---------------------- Complete New Transaction---------------------
2022.10.21 00:08:46#Get trans_id From Post Value:dEhItzJzm2P7Hg6m0zTJpiSm5Xc=
2022.10.21 00:08:46#clientIp:119.30.45.57
2022.10.21 00:08:46#trans_id:dEhItzJzm2P7Hg6m0zTJpiSm5Xc=
2022.10.21 00:08:48#result:RESULT>OK^RESULT_CODE>000^3DSECURE>SKIPPED^RRN>229400646597^APPROVAL_CODE>226942^CARD_NUMBER>999999*********8685^AMOUNT>262000^CARDNAME>mb account^DESCRIPTION>6MSC22110033^TRANS_DATE>2022-10-21 06:08:45 AM
2022.10.21 00:08:49#1443621120848
2022.10.21 00:08:49#1443621120848
2022.10.21 00:08:49#1443621120848
2022.10.21 00:08:49#1443621120848
2022.10.21 00:08:49#=================== Transaction Completed =======================
2022.10.21 00:09:30#=================== Start New Transaction ===================
2022.10.21 00:09:30#txnrefnum:MSC22110051
2022.10.21 00:09:30#clientIp:119.30.45.57
2022.10.21 00:09:30#card type:6
2022.10.21 00:09:30#totalamount:262000
2022.10.21 00:09:34#result:TRANSACTION_ID:tB22i5pY2ZNHqoNKLYQYeBOSc9g=
2022.10.21 00:09:34#Forward to DBBL Payment Gateway Page: https://ecom1.dutchbanglabank.com/ecomm2/ClientHandler?card_type=6&trans_id=tB22i5pY2ZNHqoNKLYQYeBOSc9g%3D
2022.10.21 00:10:33#=================== Start New Transaction ===================
2022.10.21 00:10:33#txnrefnum:MSC22110051
2022.10.21 00:10:33#clientIp:119.30.45.57
2022.10.21 00:10:33#card type:6
2022.10.21 00:10:33#totalamount:262000
2022.10.21 00:10:36#result:TRANSACTION_ID:eft9GSbDhaV9ePkxiakpA3AjZqY=
2022.10.21 00:10:37#Forward to DBBL Payment Gateway Page: https://ecom1.dutchbanglabank.com/ecomm2/ClientHandler?card_type=6&trans_id=eft9GSbDhaV9ePkxiakpA3AjZqY%3D
2022.10.21 00:11:57#---------------------- Complete New Transaction---------------------
2022.10.21 00:11:57#Get trans_id From Post Value:eft9GSbDhaV9ePkxiakpA3AjZqY=
2022.10.21 00:11:57#clientIp:119.30.45.57
2022.10.21 00:11:57#trans_id:eft9GSbDhaV9ePkxiakpA3AjZqY=
2022.10.21 00:11:59#result:RESULT>OK^RESULT_CODE>000^3DSECURE>SKIPPED^RRN>229400646633^APPROVAL_CODE>149922^CARD_NUMBER>999999*********8685^AMOUNT>262000^CARDNAME>mb account^DESCRIPTION>6MSC22110051^TRANS_DATE>2022-10-21 06:11:56 AM
2022.10.21 00:12:00#1411221121159
2022.10.21 00:12:00#1411221121159
2022.10.21 00:12:00#1411221121159
2022.10.21 00:12:00#1411221121159
2022.10.21 00:12:00#=================== Transaction Completed =======================
2022.10.21 00:12:34#=================== Start New Transaction ===================
2022.10.21 00:12:34#txnrefnum:MSC22110054
2022.10.21 00:12:34#clientIp:119.30.45.57
2022.10.21 00:12:34#card type:6
2022.10.21 00:12:34#totalamount:422000
2022.10.21 00:12:38#result:TRANSACTION_ID:mE7iPY5jPhcsDndPg29P4Z1w2ms=
2022.10.21 00:12:38#Forward to DBBL Payment Gateway Page: https://ecom1.dutchbanglabank.com/ecomm2/ClientHandler?card_type=6&trans_id=mE7iPY5jPhcsDndPg29P4Z1w2ms%3D
2022.10.21 00:13:16#---------------------- Complete New Transaction---------------------
2022.10.21 00:13:16#Get trans_id From Post Value:mE7iPY5jPhcsDndPg29P4Z1w2ms=
2022.10.21 00:13:16#clientIp:119.30.45.57
2022.10.21 00:13:16#trans_id:mE7iPY5jPhcsDndPg29P4Z1w2ms=
2022.10.21 00:13:18#result:RESULT>OK^RESULT_CODE>000^3DSECURE>SKIPPED^RRN>229400646648^APPROVAL_CODE>277901^CARD_NUMBER>999999*********8685^AMOUNT>422000^CARDNAME>mb account^DESCRIPTION>6MSC22110054^TRANS_DATE>2022-10-21 06:13:15 AM
2022.10.21 00:13:18#1430321121318
2022.10.21 00:13:18#1430321121318
2022.10.21 00:13:18#1430321121318
2022.10.21 00:13:18#1430321121318
2022.10.21 00:13:18#1430321121318
2022.10.21 00:13:18#1430321121318
2022.10.21 00:13:18#=================== Transaction Completed =======================
2022.10.21 02:08:09#=================== Start New Transaction ===================
2022.10.21 02:08:09#txnrefnum:BBB2101137
2022.10.21 02:08:09#clientIp:103.218.25.110
2022.10.21 02:08:09#card type:6
2022.10.21 02:08:09#totalamount:242000
2022.10.21 02:08:11#=================== Start New Transaction ===================
2022.10.21 02:08:11#txnrefnum:BBB2101137
2022.10.21 02:08:11#clientIp:103.218.25.110
2022.10.21 02:08:11#card type:6
2022.10.21 02:08:11#totalamount:242000
2022.10.21 02:08:13#result:TRANSACTION_ID:D0zRhJVbuFldDojxPoXklPs1EQI=
2022.10.21 02:08:13#Forward to DBBL Payment Gateway Page: https://ecom1.dutchbanglabank.com/ecomm2/ClientHandler?card_type=6&trans_id=D0zRhJVbuFldDojxPoXklPs1EQI%3D
2022.10.21 02:08:15#result:TRANSACTION_ID:GimRnsKMISoeCfowBXZuCwxScnY=
2022.10.21 02:08:15#Forward to DBBL Payment Gateway Page: https://ecom1.dutchbanglabank.com/ecomm2/ClientHandler?card_type=6&trans_id=GimRnsKMISoeCfowBXZuCwxScnY%3D
2022.10.21 02:10:33#---------------------- Complete New Transaction---------------------
2022.10.21 02:10:33#Get trans_id From Post Value:GimRnsKMISoeCfowBXZuCwxScnY=
2022.10.21 02:10:33#clientIp:103.218.25.110
2022.10.21 02:10:33#trans_id:GimRnsKMISoeCfowBXZuCwxScnY=
2022.10.21 02:10:35#result:RESULT>OK^RESULT_CODE>000^3DSECURE>SKIPPED^RRN>229402648764^APPROVAL_CODE>409584^CARD_NUMBER>999999*********7552^AMOUNT>242000^CARDNAME>mb account^DESCRIPTION>6BBB2101137^TRANS_DATE>2022-10-21 08:10:32 AM
2022.10.21 02:10:35#22606521021035
2022.10.21 02:10:35#22606521021035
2022.10.21 02:10:35#22606521021035
2022.10.21 02:10:35#22606521021035
2022.10.21 02:10:35#22606521021035
2022.10.21 02:10:35#22606521021035
2022.10.21 02:10:35#=================== Transaction Completed =======================
2022.10.21 02:20:28#=================== Start New Transaction ===================
2022.10.21 02:20:28#txnrefnum:MBB2108052
2022.10.21 02:20:28#clientIp:116.58.203.94
2022.10.21 02:20:28#card type:6
2022.10.21 02:20:28#totalamount:242000
2022.10.21 02:20:32#result:TRANSACTION_ID:B6jtGKhuIdWbOYtFVwFP6ykGr4I=
2022.10.21 02:20:32#Forward to DBBL Payment Gateway Page: https://ecom1.dutchbanglabank.com/ecomm2/ClientHandler?card_type=6&trans_id=B6jtGKhuIdWbOYtFVwFP6ykGr4I%3D
2022.10.21 02:34:00#=================== Start New Transaction ===================
2022.10.21 02:34:00#txnrefnum:MBG2109069
2022.10.21 02:34:00#clientIp:103.155.185.17
2022.10.21 02:34:00#card type:6
2022.10.21 02:34:00#totalamount:82000
2022.10.21 02:34:04#result:TRANSACTION_ID:kH4oPnt0vNumhtG5YpI1dlXNuyk=
2022.10.21 02:34:04#Forward to DBBL Payment Gateway Page: https://ecom1.dutchbanglabank.com/ecomm2/ClientHandler?card_type=6&trans_id=kH4oPnt0vNumhtG5YpI1dlXNuyk%3D
2022.10.21 02:38:09#=================== Start New Transaction ===================
2022.10.21 02:38:09#txnrefnum:MBG2109069
2022.10.21 02:38:09#clientIp:103.155.185.17
2022.10.21 02:38:09#card type:6
2022.10.21 02:38:09#totalamount:82000
2022.10.21 02:38:13#result:TRANSACTION_ID:Q5ZmeMsOSMQguG4EsznnoQ25VYM=
2022.10.21 02:38:13#Forward to DBBL Payment Gateway Page: https://ecom1.dutchbanglabank.com/ecomm2/ClientHandler?card_type=6&trans_id=Q5ZmeMsOSMQguG4EsznnoQ25VYM%3D
2022.10.21 02:39:07#---------------------- Complete New Transaction---------------------
2022.10.21 02:39:07#Get trans_id From Post Value:Q5ZmeMsOSMQguG4EsznnoQ25VYM=
2022.10.21 02:39:07#clientIp:103.155.185.17
2022.10.21 02:39:07#trans_id:Q5ZmeMsOSMQguG4EsznnoQ25VYM=
2022.10.21 02:39:09#result:RESULT>OK^RESULT_CODE>000^3DSECURE>SKIPPED^RRN>229402649796^APPROVAL_CODE>321053^CARD_NUMBER>999999*********2040^AMOUNT>82000^CARDNAME>mb account^DESCRIPTION>6MBG2109069^TRANS_DATE>2022-10-21 08:39:06 AM
2022.10.21 02:39:09#32318221023909
2022.10.21 02:39:09#32318221023909
2022.10.21 02:39:09#=================== Transaction Completed =======================
2022.10.21 04:15:32#=================== Start New Transaction ===================
2022.10.21 04:15:32#txnrefnum:MBD2201230
2022.10.21 04:15:32#clientIp:103.140.176.150
2022.10.21 04:15:32#card type:6
2022.10.21 04:15:32#totalamount:242000
2022.10.21 04:15:36#result:TRANSACTION_ID:oCHilapKyPo3sCUg5zAenISiRUE=
2022.10.21 04:15:36#Forward to DBBL Payment Gateway Page: https://ecom1.dutchbanglabank.com/ecomm2/ClientHandler?card_type=6&trans_id=oCHilapKyPo3sCUg5zAenISiRUE%3D
2022.10.21 04:30:07#=================== Start New Transaction ===================
2022.10.21 04:30:07#txnrefnum:MSC22110520
2022.10.21 04:30:07#clientIp:103.156.215.96
2022.10.21 04:30:07#card type:6
2022.10.21 04:30:07#totalamount:102000
2022.10.21 04:30:11#result:TRANSACTION_ID:rMeurIBZTFNFPSyQzuVsHt3P1Sg=
2022.10.21 04:30:11#Forward to DBBL Payment Gateway Page: https://ecom1.dutchbanglabank.com/ecomm2/ClientHandler?card_type=6&trans_id=rMeurIBZTFNFPSyQzuVsHt3P1Sg%3D
2022.10.21 04:31:47#---------------------- Complete New Transaction---------------------
2022.10.21 04:31:47#Get trans_id From Post Value:rMeurIBZTFNFPSyQzuVsHt3P1Sg=
2022.10.21 04:31:49#clientIp:103.156.215.96
2022.10.21 04:31:49#trans_id:rMeurIBZTFNFPSyQzuVsHt3P1Sg=
2022.10.21 04:31:51#result:RESULT>OK^RESULT_CODE>000^3DSECURE>SKIPPED^RRN>229404654501^APPROVAL_CODE>732034^CARD_NUMBER>999999*********3790^AMOUNT>102000^CARDNAME>mb account^DESCRIPTION>6MSC22110520^TRANS_DATE>2022-10-21 10:31:46 AM
2022.10.21 04:31:51#32393421043151
2022.10.21 04:31:51#32393421043151
2022.10.21 04:31:51#=================== Transaction Completed =======================
2022.10.21 04:40:08#=================== Start New Transaction ===================
2022.10.21 04:40:08#txnrefnum:BBD2003116
2022.10.21 04:40:08#clientIp:114.130.185.146
2022.10.21 04:40:08#card type:6
2022.10.21 04:40:08#totalamount:242000
2022.10.21 04:40:12#result:TRANSACTION_ID:VCsf1OxQYQBv24Vvn1LOQyVH7EU=
2022.10.21 04:40:12#Forward to DBBL Payment Gateway Page: https://ecom1.dutchbanglabank.com/ecomm2/ClientHandler?card_type=6&trans_id=VCsf1OxQYQBv24Vvn1LOQyVH7EU%3D
2022.10.21 04:40:39#=================== Start New Transaction ===================
2022.10.21 04:40:39#txnrefnum:BBD2003116
2022.10.21 04:40:39#clientIp:114.130.185.146
2022.10.21 04:40:39#card type:6
2022.10.21 04:40:39#totalamount:322000
2022.10.21 04:40:43#result:TRANSACTION_ID:Zjj5KpkV8GgGloP8dZvSBiwcwVQ=
2022.10.21 04:40:43#Forward to DBBL Payment Gateway Page: https://ecom1.dutchbanglabank.com/ecomm2/ClientHandler?card_type=6&trans_id=Zjj5KpkV8GgGloP8dZvSBiwcwVQ%3D
2022.10.21 04:41:08#---------------------- Complete New Transaction---------------------
2022.10.21 04:41:08#Get trans_id From Post Value:Zjj5KpkV8GgGloP8dZvSBiwcwVQ=
2022.10.21 04:41:08#clientIp:114.130.185.146
2022.10.21 04:41:08#trans_id:Zjj5KpkV8GgGloP8dZvSBiwcwVQ=
2022.10.21 04:41:10#result:RESULT>OK^RESULT_CODE>000^3DSECURE>SKIPPED^RRN>229404654891^APPROVAL_CODE>744988^CARD_NUMBER>999999*********3728^AMOUNT>322000^CARDNAME>mb account^DESCRIPTION>6BBD2003116^TRANS_DATE>2022-10-21 10:41:07 AM
2022.10.21 04:41:10#23697221044110
2022.10.21 04:41:10#23697221044110
2022.10.21 04:41:10#23697221044110
2022.10.21 04:41:10#23697221044110
2022.10.21 04:41:10#23697221044110
2022.10.21 04:41:10#23697221044110
2022.10.21 04:41:10#23697221044110
2022.10.21 04:41:10#23697221044110
2022.10.21 04:41:10#=================== Transaction Completed =======================
2022.10.21 05:15:07#=================== Start New Transaction ===================
2022.10.21 05:15:07#txnrefnum:MSC22111060
2022.10.21 05:15:07#clientIp:103.138.120.151
2022.10.21 05:15:07#card type:6
2022.10.21 05:15:07#totalamount:102000
2022.10.21 05:15:11#result:TRANSACTION_ID:0aesi4p3PjpXV4DgP0ct6xeSGSY=
2022.10.21 05:15:11#Forward to DBBL Payment Gateway Page: https://ecom1.dutchbanglabank.com/ecomm2/ClientHandler?card_type=6&trans_id=0aesi4p3PjpXV4DgP0ct6xeSGSY%3D
2022.10.21 05:16:28#---------------------- Complete New Transaction---------------------
2022.10.21 05:16:28#Get trans_id From Post Value:0aesi4p3PjpXV4DgP0ct6xeSGSY=
2022.10.21 05:16:28#clientIp:103.138.120.151
2022.10.21 05:16:28#trans_id:0aesi4p3PjpXV4DgP0ct6xeSGSY=
2022.10.21 05:16:30#result:RESULT>OK^RESULT_CODE>000^3DSECURE>SKIPPED^RRN>229405656834^APPROVAL_CODE>852865^CARD_NUMBER>999999*********1474^AMOUNT>102000^CARDNAME>mb account^DESCRIPTION>6MSC22111060^TRANS_DATE>2022-10-21 11:16:27 AM
2022.10.21 05:16:30#32406221051630
2022.10.21 05:16:30#32406221051630
2022.10.21 05:16:30#=================== Transaction Completed =======================
2022.10.21 05:17:11#=================== Start New Transaction ===================
2022.10.21 05:17:11#txnrefnum:MSC22111060
2022.10.21 05:17:11#clientIp:103.138.120.151
2022.10.21 05:17:11#card type:6
2022.10.21 05:17:11#totalamount:162000
2022.10.21 05:17:15#result:TRANSACTION_ID:jKVK6wpriPiqO98vHTqXkrEh6c8=
2022.10.21 05:17:15#Forward to DBBL Payment Gateway Page: https://ecom1.dutchbanglabank.com/ecomm2/ClientHandler?card_type=6&trans_id=jKVK6wpriPiqO98vHTqXkrEh6c8%3D
2022.10.21 05:17:53#---------------------- Complete New Transaction---------------------
2022.10.21 05:17:53#Get trans_id From Post Value:jKVK6wpriPiqO98vHTqXkrEh6c8=
2022.10.21 05:17:53#clientIp:103.138.120.151
2022.10.21 05:17:53#trans_id:jKVK6wpriPiqO98vHTqXkrEh6c8=
2022.10.21 05:17:55#result:RESULT>OK^RESULT_CODE>000^3DSECURE>SKIPPED^RRN>229405656908^APPROVAL_CODE>853981^CARD_NUMBER>999999*********1474^AMOUNT>162000^CARDNAME>mb account^DESCRIPTION>6MSC22111060^TRANS_DATE>2022-10-21 11:17:52 AM
2022.10.21 05:17:55#145121051755
2022.10.21 05:17:55#145121051755
2022.10.21 05:17:55#=================== Transaction Completed =======================
2022.10.21 05:59:53#=================== Start New Transaction ===================
2022.10.21 05:59:53#txnrefnum:MED2007012
2022.10.21 05:59:53#clientIp:103.177.242.0
2022.10.21 05:59:53#card type:6
2022.10.21 05:59:53#totalamount:662000
2022.10.21 05:59:56#result:TRANSACTION_ID:BWYbi0a91rsDJNU10KrYR40cieU=
2022.10.21 05:59:56#Forward to DBBL Payment Gateway Page: https://ecom1.dutchbanglabank.com/ecomm2/ClientHandler?card_type=6&trans_id=BWYbi0a91rsDJNU10KrYR40cieU%3D
2022.10.21 06:31:53#=================== Start New Transaction ===================
2022.10.21 06:31:53#txnrefnum:MSC22110545
2022.10.21 06:31:53#clientIp:103.242.21.252
2022.10.21 06:31:53#card type:6
2022.10.21 06:31:53#totalamount:102000
2022.10.21 06:32:00#result:TRANSACTION_ID:tFRfWBJqb7yvzu1vSHddsMLMLBI=
2022.10.21 06:32:00#Forward to DBBL Payment Gateway Page: https://ecom1.dutchbanglabank.com/ecomm2/ClientHandler?card_type=6&trans_id=tFRfWBJqb7yvzu1vSHddsMLMLBI%3D
2022.10.21 06:33:29#---------------------- Complete New Transaction---------------------
2022.10.21 06:33:29#Get trans_id From Post Value:tFRfWBJqb7yvzu1vSHddsMLMLBI=
2022.10.21 06:33:29#clientIp:103.242.21.252
2022.10.21 06:33:29#trans_id:tFRfWBJqb7yvzu1vSHddsMLMLBI=
2022.10.21 06:33:31#result:RESULT>OK^RESULT_CODE>000^3DSECURE>SKIPPED^RRN>229406660982^APPROVAL_CODE>023818^CARD_NUMBER>999999*********5268^AMOUNT>102000^CARDNAME>mb account^DESCRIPTION>6MSC22110545^TRANS_DATE>2022-10-21 12:33:27 PM
2022.10.21 06:33:31#32392621063331
2022.10.21 06:33:31#32392621063331
2022.10.21 06:33:31#=================== Transaction Completed =======================
2022.10.21 09:42:15#=================== Start New Transaction ===================
2022.10.21 09:42:15#txnrefnum:MSC22111328
2022.10.21 09:42:15#clientIp:37.111.197.186
2022.10.21 09:42:15#card type:6
2022.10.21 09:42:15#totalamount:582000
2022.10.21 09:42:18#result:TRANSACTION_ID:5TDVhG8oYclItPLa0EGVF87e0CM=
2022.10.21 09:42:18#Forward to DBBL Payment Gateway Page: https://ecom1.dutchbanglabank.com/ecomm2/ClientHandler?card_type=6&trans_id=5TDVhG8oYclItPLa0EGVF87e0CM%3D
2022.10.21 09:44:02#=================== Start New Transaction ===================
2022.10.21 09:44:02#txnrefnum:MBD2006044
2022.10.21 09:44:02#clientIp:103.110.161.12
2022.10.21 09:44:02#card type:6
2022.10.21 09:44:02#totalamount:242000
2022.10.21 09:44:05#result:TRANSACTION_ID:OxMILp1PJM5KlEqVIcqA6pfX9vk=
2022.10.21 09:44:05#Forward to DBBL Payment Gateway Page: https://ecom1.dutchbanglabank.com/ecomm2/ClientHandler?card_type=6&trans_id=OxMILp1PJM5KlEqVIcqA6pfX9vk%3D
2022.10.21 09:44:51#---------------------- Complete New Transaction---------------------
2022.10.21 09:44:51#Get trans_id From Post Value:OxMILp1PJM5KlEqVIcqA6pfX9vk=
2022.10.21 09:44:51#clientIp:103.110.161.12
2022.10.21 09:44:51#trans_id:OxMILp1PJM5KlEqVIcqA6pfX9vk=
2022.10.21 09:44:53#result:RESULT>OK^RESULT_CODE>000^3DSECURE>SKIPPED^RRN>229409668784^APPROVAL_CODE>343446^CARD_NUMBER>999999*********1792^AMOUNT>242000^CARDNAME>mb account^DESCRIPTION>6MBD2006044^TRANS_DATE>2022-10-21 03:44:50 PM
2022.10.21 09:44:53#17954421094453
2022.10.21 09:44:53#17954421094453
2022.10.21 09:44:53#17954421094453
2022.10.21 09:44:53#17954421094453
2022.10.21 09:44:53#17954421094453
2022.10.21 09:44:53#17954421094453
2022.10.21 09:44:53#=================== Transaction Completed =======================
2022.10.21 10:19:02#=================== Start New Transaction ===================
2022.10.21 10:19:02#txnrefnum:MSC22111341
2022.10.21 10:19:02#clientIp:202.134.8.134
2022.10.21 10:19:02#card type:6
2022.10.21 10:19:02#totalamount:262000
2022.10.21 10:19:06#result:TRANSACTION_ID:pPSRJ07flLwt7nEjLSE7Hp6wQvQ=
2022.10.21 10:19:06#Forward to DBBL Payment Gateway Page: https://ecom1.dutchbanglabank.com/ecomm2/ClientHandler?card_type=6&trans_id=pPSRJ07flLwt7nEjLSE7Hp6wQvQ%3D
2022.10.21 10:19:58#---------------------- Complete New Transaction---------------------
2022.10.21 10:19:58#Get trans_id From Post Value:pPSRJ07flLwt7nEjLSE7Hp6wQvQ=
2022.10.21 10:19:58#clientIp:202.134.8.134
2022.10.21 10:19:58#trans_id:pPSRJ07flLwt7nEjLSE7Hp6wQvQ=
2022.10.21 10:20:00#result:RESULT>OK^RESULT_CODE>000^3DSECURE>SKIPPED^RRN>229410670779^APPROVAL_CODE>448809^CARD_NUMBER>999999*********6502^AMOUNT>262000^CARDNAME>mb account^DESCRIPTION>6MSC22111341^TRANS_DATE>2022-10-21 04:19:57 PM
2022.10.21 10:20:01#1582721102000
2022.10.21 10:20:01#1582721102000
2022.10.21 10:20:01#1582721102000
2022.10.21 10:20:01#1582721102000
2022.10.21 10:20:01#=================== Transaction Completed =======================
2022.10.21 11:13:18#=================== Start New Transaction ===================
2022.10.21 11:13:18#txnrefnum:MBG2109004
2022.10.21 11:13:18#clientIp:103.144.201.32
2022.10.21 11:13:18#card type:6
2022.10.21 11:13:18#totalamount:402000
2022.10.21 11:13:22#result:TRANSACTION_ID:6UAceDbpbhFLicrXCSV4Nz4cWPQ=
2022.10.21 11:13:22#Forward to DBBL Payment Gateway Page: https://ecom1.dutchbanglabank.com/ecomm2/ClientHandler?card_type=6&trans_id=6UAceDbpbhFLicrXCSV4Nz4cWPQ%3D
2022.10.21 11:15:19#=================== Start New Transaction ===================
2022.10.21 11:15:19#txnrefnum:MBG2109004
2022.10.21 11:15:19#clientIp:103.144.201.32
2022.10.21 11:15:19#card type:6
2022.10.21 11:15:19#totalamount:402000
2022.10.21 11:15:22#=================== Start New Transaction ===================
2022.10.21 11:15:22#txnrefnum:MBG2109004
2022.10.21 11:15:22#clientIp:103.144.201.32
2022.10.21 11:15:22#card type:6
2022.10.21 11:15:22#totalamount:402000
2022.10.21 11:15:23#result:TRANSACTION_ID:nPZEooyJfbEeEZlaBIjQ0SGVoMk=
2022.10.21 11:15:23#Forward to DBBL Payment Gateway Page: https://ecom1.dutchbanglabank.com/ecomm2/ClientHandler?card_type=6&trans_id=nPZEooyJfbEeEZlaBIjQ0SGVoMk%3D
2022.10.21 11:15:26#result:TRANSACTION_ID:vq3tNsB9s2tbVnJESQBDJFNycwU=
2022.10.21 11:15:26#Forward to DBBL Payment Gateway Page: https://ecom1.dutchbanglabank.com/ecomm2/ClientHandler?card_type=6&trans_id=vq3tNsB9s2tbVnJESQBDJFNycwU%3D
2022.10.21 11:16:46#---------------------- Complete New Transaction---------------------
2022.10.21 11:16:46#Get trans_id From Post Value:vq3tNsB9s2tbVnJESQBDJFNycwU=
2022.10.21 11:16:46#clientIp:103.144.201.32
2022.10.21 11:16:46#trans_id:vq3tNsB9s2tbVnJESQBDJFNycwU=
2022.10.21 11:16:48#result:RESULT>OK^RESULT_CODE>000^3DSECURE>SKIPPED^RRN>229411673600^APPROVAL_CODE>647595^CARD_NUMBER>999999*********0038^AMOUNT>402000^CARDNAME>mb account^DESCRIPTION>6MBG2109004^TRANS_DATE>2022-10-21 05:16:45 PM
2022.10.21 11:16:48#21700521111648
2022.10.21 11:16:48#21700521111648
2022.10.21 11:16:48#21700521111648
2022.10.21 11:16:48#21700521111648
2022.10.21 11:16:48#21700521111648
2022.10.21 11:16:48#21700521111648
2022.10.21 11:16:48#21700521111648
2022.10.21 11:16:48#21700521111648
2022.10.21 11:16:48#21700521111648
2022.10.21 11:16:48#21700521111648
2022.10.21 11:16:48#=================== Transaction Completed =======================
2022.10.21 12:54:12#=================== Start New Transaction ===================
2022.10.21 12:54:12#txnrefnum:BBB2101042
2022.10.21 12:54:12#clientIp:202.134.10.139
2022.10.21 12:54:12#card type:6
2022.10.21 12:54:12#totalamount:162000
2022.10.21 12:54:19#=================== Start New Transaction ===================
2022.10.21 12:54:19#txnrefnum:BBB2101042
2022.10.21 12:54:19#clientIp:202.134.10.139
2022.10.21 12:54:19#card type:6
2022.10.21 12:54:19#totalamount:162000
2022.10.21 12:54:19#result:TRANSACTION_ID:OrMak5LO4CSYn79BqTmT1QVvlyA=
2022.10.21 12:54:19#Forward to DBBL Payment Gateway Page: https://ecom1.dutchbanglabank.com/ecomm2/ClientHandler?card_type=6&trans_id=OrMak5LO4CSYn79BqTmT1QVvlyA%3D
2022.10.21 12:54:22#result:TRANSACTION_ID:2CfD8SrB8MzZeoSzE44HkNvlPMI=
2022.10.21 12:54:22#Forward to DBBL Payment Gateway Page: https://ecom1.dutchbanglabank.com/ecomm2/ClientHandler?card_type=6&trans_id=2CfD8SrB8MzZeoSzE44HkNvlPMI%3D
2022.10.21 13:19:31#=================== Start New Transaction ===================
2022.10.21 13:19:31#txnrefnum:BBM2007151
2022.10.21 13:19:31#clientIp:103.138.120.149
2022.10.21 13:19:31#card type:6
2022.10.21 13:19:31#totalamount:242000
2022.10.21 13:19:34#result:TRANSACTION_ID:fSpk7W86ZFXxuOs8PGvo0wNW8lg=
2022.10.21 13:19:34#Forward to DBBL Payment Gateway Page: https://ecom1.dutchbanglabank.com/ecomm2/ClientHandler?card_type=6&trans_id=fSpk7W86ZFXxuOs8PGvo0wNW8lg%3D
2022.10.21 13:20:06#---------------------- Complete New Transaction---------------------
2022.10.21 13:20:06#Get trans_id From Post Value:fSpk7W86ZFXxuOs8PGvo0wNW8lg=
2022.10.21 13:20:06#clientIp:103.138.120.149
2022.10.21 13:20:06#trans_id:fSpk7W86ZFXxuOs8PGvo0wNW8lg=
2022.10.21 13:20:08#result:RESULT>OK^RESULT_CODE>000^3DSECURE>SKIPPED^RRN>229413681551^APPROVAL_CODE>182797^CARD_NUMBER>999999*********1026^AMOUNT>242000^CARDNAME>mb account^DESCRIPTION>6BBM2007151^TRANS_DATE>2022-10-21 07:20:05 PM
2022.10.21 13:20:08#26298621012008
2022.10.21 13:20:08#26298621012008
2022.10.21 13:20:08#26298621012008
2022.10.21 13:20:08#26298621012008
2022.10.21 13:20:08#26298621012008
2022.10.21 13:20:08#26298621012008
2022.10.21 13:20:08#=================== Transaction Completed =======================
2022.10.21 13:56:23#=================== Start New Transaction ===================
2022.10.21 13:56:23#txnrefnum:MBG2101061
2022.10.21 13:56:23#clientIp:43.224.109.195
2022.10.21 13:56:23#card type:6
2022.10.21 13:56:23#totalamount:242000
2022.10.21 13:56:27#result:TRANSACTION_ID:G0E8NR7V7o8SX4l7n9sYKAcitp8=
2022.10.21 13:56:27#Forward to DBBL Payment Gateway Page: https://ecom1.dutchbanglabank.com/ecomm2/ClientHandler?card_type=6&trans_id=G0E8NR7V7o8SX4l7n9sYKAcitp8%3D
2022.10.21 13:56:58#---------------------- Complete New Transaction---------------------
2022.10.21 13:56:58#Get trans_id From Post Value:G0E8NR7V7o8SX4l7n9sYKAcitp8=
2022.10.21 13:56:58#clientIp:43.224.109.195
2022.10.21 13:56:58#trans_id:G0E8NR7V7o8SX4l7n9sYKAcitp8=
2022.10.21 13:57:00#result:RESULT>OK^RESULT_CODE>000^3DSECURE>SKIPPED^RRN>229413684146^APPROVAL_CODE>351926^CARD_NUMBER>999999*********8680^AMOUNT>242000^CARDNAME>mb account^DESCRIPTION>6MBG2101061^TRANS_DATE>2022-10-21 07:56:58 PM
2022.10.21 13:57:00#8280621015700
2022.10.21 13:57:00#8280621015700
2022.10.21 13:57:00#8280621015700
2022.10.21 13:57:00#8280621015700
2022.10.21 13:57:00#8280621015700
2022.10.21 13:57:00#8280621015700
2022.10.21 13:57:00#=================== Transaction Completed =======================
2022.10.21 14:13:14#=================== Start New Transaction ===================
2022.10.21 14:13:14#txnrefnum:MSC22111287
2022.10.21 14:13:14#clientIp:103.200.37.212
2022.10.21 14:13:14#card type:6
2022.10.21 14:13:14#totalamount:422000
2022.10.21 14:13:18#result:TRANSACTION_ID:c7Ymo729gj7GPpMSNXfmMLhAT4A=
2022.10.21 14:13:18#Forward to DBBL Payment Gateway Page: https://ecom1.dutchbanglabank.com/ecomm2/ClientHandler?card_type=6&trans_id=c7Ymo729gj7GPpMSNXfmMLhAT4A%3D
2022.10.21 14:15:52#=================== Start New Transaction ===================
2022.10.21 14:15:52#txnrefnum:MSC22111287
2022.10.21 14:15:52#clientIp:103.200.37.212
2022.10.21 14:15:52#card type:6
2022.10.21 14:15:52#totalamount:422000
2022.10.21 14:15:56#result:TRANSACTION_ID:uB643QalrsDB2XPnFEW1lAmCWCs=
2022.10.21 14:15:56#Forward to DBBL Payment Gateway Page: https://ecom1.dutchbanglabank.com/ecomm2/ClientHandler?card_type=6&trans_id=uB643QalrsDB2XPnFEW1lAmCWCs%3D
2022.10.21 14:16:49#=================== Start New Transaction ===================
2022.10.21 14:16:49#txnrefnum:MSC22111287
2022.10.21 14:16:49#clientIp:103.200.37.212
2022.10.21 14:16:49#card type:6
2022.10.21 14:16:49#totalamount:422000
2022.10.21 14:16:53#result:TRANSACTION_ID:ssDQ48U7dwKZxBM7WSjxugUPLTI=
2022.10.21 14:16:53#Forward to DBBL Payment Gateway Page: https://ecom1.dutchbanglabank.com/ecomm2/ClientHandler?card_type=6&trans_id=ssDQ48U7dwKZxBM7WSjxugUPLTI%3D
2022.10.21 14:19:46#=================== Start New Transaction ===================
2022.10.21 14:19:46#txnrefnum:MSC22111287
2022.10.21 14:19:46#clientIp:103.200.37.212
2022.10.21 14:19:46#card type:6
2022.10.21 14:19:46#totalamount:422000
2022.10.21 14:19:50#result:TRANSACTION_ID:LQcorzn1FKHphGv0Jhfo42OxtUc=
2022.10.21 14:19:50#Forward to DBBL Payment Gateway Page: https://ecom1.dutchbanglabank.com/ecomm2/ClientHandler?card_type=6&trans_id=LQcorzn1FKHphGv0Jhfo42OxtUc%3D
2022.10.21 14:25:58#=================== Start New Transaction ===================
2022.10.21 14:25:58#txnrefnum:MSC22110006
2022.10.21 14:25:58#clientIp:103.237.37.231
2022.10.21 14:25:58#card type:6
2022.10.21 14:25:58#totalamount:102000
2022.10.21 14:26:02#result:TRANSACTION_ID:nA47SvdHawPtYOY2QqkBFnbTjpA=
2022.10.21 14:26:02#Forward to DBBL Payment Gateway Page: https://ecom1.dutchbanglabank.com/ecomm2/ClientHandler?card_type=6&trans_id=nA47SvdHawPtYOY2QqkBFnbTjpA%3D
2022.10.21 14:26:34#---------------------- Complete New Transaction---------------------
2022.10.21 14:26:34#Get trans_id From Post Value:LQcorzn1FKHphGv0Jhfo42OxtUc=
2022.10.21 14:26:34#clientIp:103.200.37.212
2022.10.21 14:26:34#trans_id:LQcorzn1FKHphGv0Jhfo42OxtUc=
2022.10.21 14:26:36#result:RESULT>TIMEOUT^RESULT_CODE>999^3DSECURE>0^RRN>0^APPROVAL_CODE>0^CARD_NUMBER>0^AMOUNT>422000^CARDNAME>0^DESCRIPTION>6MSC22111287^TRANS_DATE>2022-10-21 08:26:33 PM
2022.10.21 14:26:36#Failed
2022.10.21 14:27:26#---------------------- Complete New Transaction---------------------
2022.10.21 14:27:26#Get trans_id From Post Value:nA47SvdHawPtYOY2QqkBFnbTjpA=
2022.10.21 14:27:26#clientIp:103.237.37.231
2022.10.21 14:27:26#trans_id:nA47SvdHawPtYOY2QqkBFnbTjpA=
2022.10.21 14:27:28#result:RESULT>OK^RESULT_CODE>000^3DSECURE>SKIPPED^RRN>229414686050^APPROVAL_CODE>396652^CARD_NUMBER>999999*********1301^AMOUNT>102000^CARDNAME>mb account^DESCRIPTION>6MSC22110006^TRANS_DATE>2022-10-21 08:27:26 PM
2022.10.21 14:27:28#32396821022728
2022.10.21 14:27:28#32396821022728
2022.10.21 14:27:28#=================== Transaction Completed =======================
2022.10.21 14:28:07#=================== Start New Transaction ===================
2022.10.21 14:28:07#txnrefnum:MSC22111287
2022.10.21 14:28:07#clientIp:103.200.37.212
2022.10.21 14:28:07#card type:6
2022.10.21 14:28:07#totalamount:422000
2022.10.21 14:28:10#result:TRANSACTION_ID:obzvs0xc8Syaoh1UnMI8DPzD2qY=
2022.10.21 14:28:11#Forward to DBBL Payment Gateway Page: https://ecom1.dutchbanglabank.com/ecomm2/ClientHandler?card_type=6&trans_id=obzvs0xc8Syaoh1UnMI8DPzD2qY%3D
2022.10.21 14:28:56#---------------------- Complete New Transaction---------------------
2022.10.21 14:28:56#Get trans_id From Post Value:obzvs0xc8Syaoh1UnMI8DPzD2qY=
2022.10.21 14:28:56#clientIp:103.200.37.212
2022.10.21 14:28:56#trans_id:obzvs0xc8Syaoh1UnMI8DPzD2qY=
2022.10.21 14:28:58#result:RESULT>OK^RESULT_CODE>000^3DSECURE>SKIPPED^RRN>229414686136^APPROVAL_CODE>398784^CARD_NUMBER>999999*********7285^AMOUNT>422000^CARDNAME>mb account^DESCRIPTION>6MSC22111287^TRANS_DATE>2022-10-21 08:28:55 PM
2022.10.21 14:28:58#1604321022858
2022.10.21 14:28:58#1604321022858
2022.10.21 14:28:58#1604321022858
2022.10.21 14:28:58#1604321022858
2022.10.21 14:28:58#1604321022858
2022.10.21 14:28:58#1604321022858
2022.10.21 14:28:58#=================== Transaction Completed =======================
2022.10.21 14:29:36#=================== Start New Transaction ===================
2022.10.21 14:29:36#txnrefnum:MSC22111287
2022.10.21 14:29:36#clientIp:103.200.37.212
2022.10.21 14:29:36#card type:6
2022.10.21 14:29:36#totalamount:2000
2022.10.21 14:29:40#result:TRANSACTION_ID:VnP2g5J0ssbBNY08pNH2Y9S9jgk=
2022.10.21 14:29:40#Forward to DBBL Payment Gateway Page: https://ecom1.dutchbanglabank.com/ecomm2/ClientHandler?card_type=6&trans_id=VnP2g5J0ssbBNY08pNH2Y9S9jgk%3D
2022.10.21 15:02:15#=================== Start New Transaction ===================
2022.10.21 15:02:15#txnrefnum:MBB2108071
2022.10.21 15:02:15#clientIp:103.142.70.246
2022.10.21 15:02:15#card type:6
2022.10.21 15:02:15#totalamount:2000
2022.10.21 15:02:19#result:TRANSACTION_ID:7QGPEZkucPVSRdTthEPGOgIgEzA=
2022.10.21 15:02:19#Forward to DBBL Payment Gateway Page: https://ecom1.dutchbanglabank.com/ecomm2/ClientHandler?card_type=6&trans_id=7QGPEZkucPVSRdTthEPGOgIgEzA%3D
2022.10.21 15:02:58#=================== Start New Transaction ===================
2022.10.21 15:02:58#txnrefnum:MBB2108071
2022.10.21 15:02:58#clientIp:103.142.70.246
2022.10.21 15:02:58#card type:6
2022.10.21 15:02:58#totalamount:2000
2022.10.21 15:03:02#result:TRANSACTION_ID:SRL62T5FFun4KUM6It7oqwiu4FQ=
2022.10.21 15:03:02#Forward to DBBL Payment Gateway Page: https://ecom1.dutchbanglabank.com/ecomm2/ClientHandler?card_type=6&trans_id=SRL62T5FFun4KUM6It7oqwiu4FQ%3D
2022.10.21 15:03:09#=================== Start New Transaction ===================
2022.10.21 15:03:09#txnrefnum:MBG2109083
2022.10.21 15:03:09#clientIp:104.28.240.85
2022.10.21 15:03:09#card type:6
2022.10.21 15:03:09#totalamount:162000
2022.10.21 15:03:13#result:TRANSACTION_ID:Lttp43z00xAGOMw7BSbttWf9ovU=
2022.10.21 15:03:13#Forward to DBBL Payment Gateway Page: https://ecom1.dutchbanglabank.com/ecomm2/ClientHandler?card_type=6&trans_id=Lttp43z00xAGOMw7BSbttWf9ovU%3D
2022.10.21 15:03:33#=================== Start New Transaction ===================
2022.10.21 15:03:33#txnrefnum:MBG2109083
2022.10.21 15:03:33#clientIp:104.28.240.85
2022.10.21 15:03:33#card type:6
2022.10.21 15:03:33#totalamount:162100
2022.10.21 15:03:36#result:TRANSACTION_ID:yI8YUUAHmIBrFYPGlV7goSTuXPM=
2022.10.21 15:03:37#Forward to DBBL Payment Gateway Page: https://ecom1.dutchbanglabank.com/ecomm2/ClientHandler?card_type=6&trans_id=yI8YUUAHmIBrFYPGlV7goSTuXPM%3D
2022.10.21 15:03:39#=================== Start New Transaction ===================
2022.10.21 15:03:39#txnrefnum:MBG2109083
2022.10.21 15:03:39#clientIp:104.28.240.85
2022.10.21 15:03:39#card type:6
2022.10.21 15:03:39#totalamount:162100
2022.10.21 15:03:43#result:TRANSACTION_ID:a0YYpMY6SE7O9wYVDtfOwZfgqeQ=
2022.10.21 15:03:43#Forward to DBBL Payment Gateway Page: https://ecom1.dutchbanglabank.com/ecomm2/ClientHandler?card_type=6&trans_id=a0YYpMY6SE7O9wYVDtfOwZfgqeQ%3D
2022.10.21 15:03:43#=================== Start New Transaction ===================
2022.10.21 15:03:43#txnrefnum:MBB2108071
2022.10.21 15:03:43#clientIp:103.142.70.246
2022.10.21 15:03:43#card type:6
2022.10.21 15:03:43#totalamount:2000
2022.10.21 15:03:47#result:TRANSACTION_ID:VXsBiuAP77zCGHTJfCkZIZkE4Os=
2022.10.21 15:03:47#Forward to DBBL Payment Gateway Page: https://ecom1.dutchbanglabank.com/ecomm2/ClientHandler?card_type=6&trans_id=VXsBiuAP77zCGHTJfCkZIZkE4Os%3D
2022.10.21 15:05:32#---------------------- Complete New Transaction---------------------
2022.10.21 15:05:32#Get trans_id From Post Value:a0YYpMY6SE7O9wYVDtfOwZfgqeQ=
2022.10.21 15:05:32#clientIp:104.28.240.85
2022.10.21 15:05:32#trans_id:a0YYpMY6SE7O9wYVDtfOwZfgqeQ=
2022.10.21 15:05:35#result:RESULT>OK^RESULT_CODE>000^3DSECURE>SKIPPED^RRN>229415688379^APPROVAL_CODE>619187^CARD_NUMBER>999999*********5314^AMOUNT>162100^CARDNAME>mb account^DESCRIPTION>6MBG2109083^TRANS_DATE>2022-10-21 09:05:30 PM
2022.10.21 15:05:35#21925321030535
2022.10.21 15:05:35#21925321030535
2022.10.21 15:05:35#21925321030535
2022.10.21 15:05:35#21925321030535
2022.10.21 15:05:35#21925321030535
2022.10.21 15:05:35#21925321030535
2022.10.21 15:05:35#=================== Transaction Completed =======================
2022.10.21 15:06:55#=================== Start New Transaction ===================
2022.10.21 15:06:55#txnrefnum:MBB2108071
2022.10.21 15:06:55#clientIp:103.142.70.246
2022.10.21 15:06:55#card type:6
2022.10.21 15:06:55#totalamount:2000
2022.10.21 15:06:59#result:TRANSACTION_ID:hjuCTSCvfW65YPg7h0emU7Uatto=
2022.10.21 15:06:59#Forward to DBBL Payment Gateway Page: https://ecom1.dutchbanglabank.com/ecomm2/ClientHandler?card_type=6&trans_id=hjuCTSCvfW65YPg7h0emU7Uatto%3D
2022.10.21 15:16:32#---------------------- Complete New Transaction---------------------
2022.10.21 15:16:32#Get trans_id From Post Value:hjuCTSCvfW65YPg7h0emU7Uatto=
2022.10.21 15:16:32#clientIp:103.142.70.246
2022.10.21 15:16:32#trans_id:hjuCTSCvfW65YPg7h0emU7Uatto=
2022.10.21 15:16:34#result:RESULT>TIMEOUT^RESULT_CODE>999^3DSECURE>0^RRN>0^APPROVAL_CODE>0^CARD_NUMBER>0^AMOUNT>2000^CARDNAME>0^DESCRIPTION>6MBB2108071^TRANS_DATE>2022-10-21 09:16:31 PM
2022.10.21 15:16:34#Failed
2022.10.21 15:23:40#=================== Start New Transaction ===================
2022.10.21 15:23:40#txnrefnum:BBD2002048
2022.10.21 15:23:40#clientIp:202.134.10.137
2022.10.21 15:23:40#card type:6
2022.10.21 15:23:40#totalamount:2000
2022.10.21 15:23:44#result:TRANSACTION_ID:IYUT1SKJtGn17UxE5KSmIDBPu6w=
2022.10.21 15:23:44#Forward to DBBL Payment Gateway Page: https://ecom1.dutchbanglabank.com/ecomm2/ClientHandler?card_type=6&trans_id=IYUT1SKJtGn17UxE5KSmIDBPu6w%3D
2022.10.21 15:26:40#=================== Start New Transaction ===================
2022.10.21 15:26:40#txnrefnum:MBB2108071
2022.10.21 15:26:40#clientIp:103.142.70.246
2022.10.21 15:26:40#card type:6
2022.10.21 15:26:40#totalamount:562000
2022.10.21 15:26:44#result:TRANSACTION_ID:E6j5OUdHyIhzlX652VZucUJgWvU=
2022.10.21 15:26:44#Forward to DBBL Payment Gateway Page: https://ecom1.dutchbanglabank.com/ecomm2/ClientHandler?card_type=6&trans_id=E6j5OUdHyIhzlX652VZucUJgWvU%3D
2022.10.21 15:34:39#=================== Start New Transaction ===================
2022.10.21 15:34:39#txnrefnum:MBB2108071
2022.10.21 15:34:39#clientIp:103.142.70.246
2022.10.21 15:34:39#card type:6
2022.10.21 15:34:39#totalamount:562000
2022.10.21 15:34:43#result:TRANSACTION_ID:abUY22RNyOyXfAI9goH2NnAUiWA=
2022.10.21 15:34:43#Forward to DBBL Payment Gateway Page: https://ecom1.dutchbanglabank.com/ecomm2/ClientHandler?card_type=6&trans_id=abUY22RNyOyXfAI9goH2NnAUiWA%3D
2022.10.21 15:36:20#---------------------- Complete New Transaction---------------------
2022.10.21 15:36:20#Get trans_id From Post Value:abUY22RNyOyXfAI9goH2NnAUiWA=
2022.10.21 15:36:20#clientIp:103.142.70.246
2022.10.21 15:36:20#trans_id:abUY22RNyOyXfAI9goH2NnAUiWA=
2022.10.21 15:36:22#result:RESULT>OK^RESULT_CODE>000^3DSECURE>SKIPPED^RRN>229415690110^APPROVAL_CODE>593499^CARD_NUMBER>999999*********4571^AMOUNT>562000^CARDNAME>mb account^DESCRIPTION>6MBB2108071^TRANS_DATE>2022-10-21 09:36:18 PM
2022.10.21 15:36:22#19676521033622
2022.10.21 15:36:22#19676521033622
2022.10.21 15:36:22#19676521033622
2022.10.21 15:36:22#19676521033622
2022.10.21 15:36:22#19676521033622
2022.10.21 15:36:22#19676521033622
2022.10.21 15:36:22#19676521033622
2022.10.21 15:36:22#19676521033622
2022.10.21 15:36:22#19676521033622
2022.10.21 15:36:22#19676521033622
2022.10.21 15:36:22#19676521033622
2022.10.21 15:36:22#19676521033622
2022.10.21 15:36:22#19676521033622
2022.10.21 15:36:22#19676521033622
2022.10.21 15:36:22#=================== Transaction Completed =======================
2022.10.21 15:38:13#=================== Start New Transaction ===================
2022.10.21 15:38:13#txnrefnum:MBB2108071
2022.10.21 15:38:13#clientIp:103.142.70.246
2022.10.21 15:38:13#card type:6
2022.10.21 15:38:13#totalamount:2000
2022.10.21 15:38:17#result:TRANSACTION_ID:KoHRyA99eROfScssAPLYXIcGBLg=
2022.10.21 15:38:17#Forward to DBBL Payment Gateway Page: https://ecom1.dutchbanglabank.com/ecomm2/ClientHandler?card_type=6&trans_id=KoHRyA99eROfScssAPLYXIcGBLg%3D
2022.10.21 15:39:18#---------------------- Complete New Transaction---------------------
2022.10.21 15:39:18#Get trans_id From Post Value:KoHRyA99eROfScssAPLYXIcGBLg=
2022.10.21 15:39:18#clientIp:103.142.70.246
2022.10.21 15:39:18#trans_id:KoHRyA99eROfScssAPLYXIcGBLg=
2022.10.21 15:39:20#result:RESULT>OK^RESULT_CODE>000^3DSECURE>SKIPPED^RRN>229415690275^APPROVAL_CODE>715742^CARD_NUMBER>999999*********4571^AMOUNT>2000^CARDNAME>mb account^DESCRIPTION>6MBB2108071^TRANS_DATE>2022-10-21 09:39:17 PM
2022.10.21 15:39:20#=================== Transaction Completed =======================
2022.10.21 16:09:42#=================== Start New Transaction ===================
2022.10.21 16:09:42#txnrefnum:BBM2002013
2022.10.21 16:09:42#clientIp:103.89.24.234
2022.10.21 16:09:42#card type:6
2022.10.21 16:09:42#totalamount:2000
2022.10.21 16:09:46#result:TRANSACTION_ID:YSZr9NHRiyqFF6zECcbG8bW6DTw=
2022.10.21 16:09:46#Forward to DBBL Payment Gateway Page: https://ecom1.dutchbanglabank.com/ecomm2/ClientHandler?card_type=6&trans_id=YSZr9NHRiyqFF6zECcbG8bW6DTw%3D
2022.10.21 16:12:29#=================== Start New Transaction ===================
2022.10.21 16:12:29#txnrefnum:BBM2002013
2022.10.21 16:12:29#clientIp:103.89.24.234
2022.10.21 16:12:29#card type:6
2022.10.21 16:12:29#totalamount:402000
2022.10.21 16:12:32#result:TRANSACTION_ID:8qBIh2R88iq5W6sH9jAPfzTQgqo=
2022.10.21 16:12:32#Forward to DBBL Payment Gateway Page: https://ecom1.dutchbanglabank.com/ecomm2/ClientHandler?card_type=6&trans_id=8qBIh2R88iq5W6sH9jAPfzTQgqo%3D
2022.10.21 16:13:45#=================== Start New Transaction ===================
2022.10.21 16:13:45#txnrefnum:BBM2002013
2022.10.21 16:13:45#clientIp:103.89.24.234
2022.10.21 16:13:45#card type:6
2022.10.21 16:13:45#totalamount:402000
2022.10.21 16:13:49#result:TRANSACTION_ID:Q280UiUHsm8WpREcLVJESoLZhg0=
2022.10.21 16:13:49#Forward to DBBL Payment Gateway Page: https://ecom1.dutchbanglabank.com/ecomm2/ClientHandler?card_type=6&trans_id=Q280UiUHsm8WpREcLVJESoLZhg0%3D
2022.10.21 16:15:00#---------------------- Complete New Transaction---------------------
2022.10.21 16:15:00#Get trans_id From Post Value:Q280UiUHsm8WpREcLVJESoLZhg0=
2022.10.21 16:15:00#clientIp:103.89.24.234
2022.10.21 16:15:00#trans_id:Q280UiUHsm8WpREcLVJESoLZhg0=
2022.10.21 16:15:02#result:RESULT>OK^RESULT_CODE>000^3DSECURE>SKIPPED^RRN>229416692294^APPROVAL_CODE>779799^CARD_NUMBER>999999*********1137^AMOUNT>402000^CARDNAME>mb account^DESCRIPTION>6BBM2002013^TRANS_DATE>2022-10-21 10:14:59 PM
2022.10.21 16:15:02#23406521041502
2022.10.21 16:15:02#23406521041502
2022.10.21 16:15:02#23406521041502
2022.10.21 16:15:02#23406521041502
2022.10.21 16:15:02#23406521041502
2022.10.21 16:15:02#23406521041502
2022.10.21 16:15:02#23406521041502
2022.10.21 16:15:02#23406521041502
2022.10.21 16:15:02#23406521041502
2022.10.21 16:15:02#23406521041502
2022.10.21 16:15:02#=================== Transaction Completed =======================
2022.10.21 16:27:08#=================== Start New Transaction ===================
2022.10.21 16:27:08#txnrefnum:MBD2008016
2022.10.21 16:27:08#clientIp:103.200.38.39
2022.10.21 16:27:08#card type:6
2022.10.21 16:27:08#totalamount:402000
2022.10.21 16:27:12#result:TRANSACTION_ID:CHES3IOhkEtSqDNIvL4hMS80Geg=
2022.10.21 16:27:12#Forward to DBBL Payment Gateway Page: https://ecom1.dutchbanglabank.com/ecomm2/ClientHandler?card_type=6&trans_id=CHES3IOhkEtSqDNIvL4hMS80Geg%3D
2022.10.21 16:27:13#=================== Start New Transaction ===================
2022.10.21 16:27:13#txnrefnum:MBD2008016
2022.10.21 16:27:13#clientIp:103.200.38.39
2022.10.21 16:27:13#card type:6
2022.10.21 16:27:13#totalamount:402000
2022.10.21 16:27:16#result:TRANSACTION_ID:HC8XLSev5rXLOSXDxPHoqo4qIGg=
2022.10.21 16:27:16#Forward to DBBL Payment Gateway Page: https://ecom1.dutchbanglabank.com/ecomm2/ClientHandler?card_type=6&trans_id=HC8XLSev5rXLOSXDxPHoqo4qIGg%3D
2022.10.21 16:27:16#=================== Start New Transaction ===================
2022.10.21 16:27:16#txnrefnum:MBD2008016
2022.10.21 16:27:16#clientIp:103.200.38.39
2022.10.21 16:27:16#card type:6
2022.10.21 16:27:16#totalamount:402000
2022.10.21 16:27:20#result:TRANSACTION_ID:Yk8zqQKycr5f4Sq1c7EM2PwHvSY=
2022.10.21 16:27:20#Forward to DBBL Payment Gateway Page: https://ecom1.dutchbanglabank.com/ecomm2/ClientHandler?card_type=6&trans_id=Yk8zqQKycr5f4Sq1c7EM2PwHvSY%3D
2022.10.21 16:31:35#=================== Start New Transaction ===================
2022.10.21 16:31:35#txnrefnum:MBG2109069
2022.10.21 16:31:35#clientIp:103.155.185.22
2022.10.21 16:31:35#card type:6
2022.10.21 16:31:35#totalamount:482000
2022.10.21 16:31:39#result:TRANSACTION_ID:h2bA9Y85TPQxWOBAljI6PL9qAuY=
2022.10.21 16:31:39#Forward to DBBL Payment Gateway Page: https://ecom1.dutchbanglabank.com/ecomm2/ClientHandler?card_type=6&trans_id=h2bA9Y85TPQxWOBAljI6PL9qAuY%3D
2022.10.21 16:32:41#---------------------- Complete New Transaction---------------------
2022.10.21 16:32:41#Get trans_id From Post Value:h2bA9Y85TPQxWOBAljI6PL9qAuY=
2022.10.21 16:32:41#clientIp:103.155.185.22
2022.10.21 16:32:41#trans_id:h2bA9Y85TPQxWOBAljI6PL9qAuY=
2022.10.21 16:32:43#result:RESULT>OK^RESULT_CODE>000^3DSECURE>SKIPPED^RRN>229416693106^APPROVAL_CODE>880838^CARD_NUMBER>999999*********2040^AMOUNT>482000^CARDNAME>mb account^DESCRIPTION>6MBG2109069^TRANS_DATE>2022-10-21 10:32:40 PM
2022.10.21 16:32:43#21919021043243
2022.10.21 16:32:43#21919021043243
2022.10.21 16:32:43#21919021043243
2022.10.21 16:32:43#21919021043243
2022.10.21 16:32:43#21919021043243
2022.10.21 16:32:43#21919021043243
2022.10.21 16:32:43#21919021043243
2022.10.21 16:32:43#21919021043243
2022.10.21 16:32:43#21919021043243
2022.10.21 16:32:43#21919021043243
2022.10.21 16:32:43#21919021043243
2022.10.21 16:32:43#21919021043243
2022.10.21 16:32:43#=================== Transaction Completed =======================
2022.10.21 16:33:10#=================== Start New Transaction ===================
2022.10.21 16:33:10#txnrefnum:MBD2008016
2022.10.21 16:33:10#clientIp:103.200.38.39
2022.10.21 16:33:10#card type:6
2022.10.21 16:33:10#totalamount:722000
2022.10.21 16:33:12#=================== Start New Transaction ===================
2022.10.21 16:33:12#txnrefnum:MBD2008016
2022.10.21 16:33:12#clientIp:103.200.38.39
2022.10.21 16:33:12#card type:6
2022.10.21 16:33:12#totalamount:722000
2022.10.21 16:33:14#result:TRANSACTION_ID:Cf8cSd9Z7hTJprdLAphSgUVkolY=
2022.10.21 16:33:14#Forward to DBBL Payment Gateway Page: https://ecom1.dutchbanglabank.com/ecomm2/ClientHandler?card_type=6&trans_id=Cf8cSd9Z7hTJprdLAphSgUVkolY%3D
2022.10.21 16:33:14#=================== Start New Transaction ===================
2022.10.21 16:33:14#txnrefnum:MBD2008016
2022.10.21 16:33:14#clientIp:103.200.38.39
2022.10.21 16:33:14#card type:6
2022.10.21 16:33:14#totalamount:722000
2022.10.21 16:33:16#result:TRANSACTION_ID:LaxF0FPSe0FWYEA8Jpu3dNsHSLM=
2022.10.21 16:33:16#Forward to DBBL Payment Gateway Page: https://ecom1.dutchbanglabank.com/ecomm2/ClientHandler?card_type=6&trans_id=LaxF0FPSe0FWYEA8Jpu3dNsHSLM%3D
2022.10.21 16:33:17#result:TRANSACTION_ID:VD6yMP855TuLwA27jl8yG8zSwrM=
2022.10.21 16:33:17#Forward to DBBL Payment Gateway Page: https://ecom1.dutchbanglabank.com/ecomm2/ClientHandler?card_type=6&trans_id=VD6yMP855TuLwA27jl8yG8zSwrM%3D
2022.10.21 23:59:58#=================== Start New Transaction ===================
2022.10.21 23:59:58#txnrefnum:MBB2108046
2022.10.21 23:59:58#clientIp:37.111.205.76
2022.10.21 23:59:58#card type:6
2022.10.21 23:59:58#totalamount:2000