
2022.5.9 00:31:05#=================== Start New Transaction ===================
2022.5.9 00:31:05#txnrefnum:MBM2008056
2022.5.9 00:31:05#clientIp:43.224.109.192
2022.5.9 00:31:05#card type:6
2022.5.9 00:31:05#totalamount:1642000
2022.5.9 00:31:10#result:TRANSACTION_ID:IY41TKemzS9Mc58fXOmXEGkmaNM=
2022.5.9 00:31:10#Forward to DBBL Payment Gateway Page:/ecomm2/ClientHandler?card_type=6&trans_id=IY41TKemzS9Mc58fXOmXEGkmaNM%3D
2022.5.9 00:33:43#=================== Start New Transaction ===================
2022.5.9 00:33:43#txnrefnum:MBM2008056
2022.5.9 00:33:43#clientIp:43.224.109.192
2022.5.9 00:33:43#card type:6
2022.5.9 00:33:43#totalamount:1322000
2022.5.9 00:33:47#result:TRANSACTION_ID:Fv6hEgrujJ0iItK9s1zOnSSv6oc=
2022.5.9 00:33:47#Forward to DBBL Payment Gateway Page:/ecomm2/ClientHandler?card_type=6&trans_id=Fv6hEgrujJ0iItK9s1zOnSSv6oc%3D
2022.5.9 02:23:09#=================== Start New Transaction ===================
2022.5.9 02:23:09#txnrefnum:MBM2006140
2022.5.9 02:23:09#clientIp:37.111.210.203
2022.5.9 02:23:09#card type:6
2022.5.9 02:23:09#totalamount:2202000
2022.5.9 02:23:13#result:TRANSACTION_ID:hxazkDUs54U3NbOBUSfl7ZlAPjs=
2022.5.9 02:23:13#Forward to DBBL Payment Gateway Page:/ecomm2/ClientHandler?card_type=6&trans_id=hxazkDUs54U3NbOBUSfl7ZlAPjs%3D
2022.5.9 03:04:06#=================== Start New Transaction ===================
2022.5.9 03:04:06#txnrefnum:MSC22111048
2022.5.9 03:04:06#clientIp:37.111.211.215
2022.5.9 03:04:06#card type:6
2022.5.9 03:04:06#totalamount:162000
2022.5.9 03:04:10#result:TRANSACTION_ID:Ja2k0VKySXpUJGX1pejfVynnAMk=
2022.5.9 03:04:10#Forward to DBBL Payment Gateway Page:/ecomm2/ClientHandler?card_type=6&trans_id=Ja2k0VKySXpUJGX1pejfVynnAMk%3D
2022.5.9 03:04:56#---------------------- Complete New Transaction---------------------
2022.5.9 03:04:56#Get trans_id From Post Value:Ja2k0VKySXpUJGX1pejfVynnAMk=
2022.5.9 03:04:56#clientIp:37.111.211.215
2022.5.9 03:04:56#trans_id:Ja2k0VKySXpUJGX1pejfVynnAMk=
2022.5.9 03:04:58#result:RESULT>OK^RESULT_CODE>000^3DSECURE>SKIPPED^RRN>212909552694^APPROVAL_CODE>098325^CARD_NUMBER>999999*********1167^AMOUNT>162000^CARDNAME>mb account^DESCRIPTION>6MSC22111048^TRANS_DATE>2022-05-09 09:04:55 AM
2022.5.9 03:04:58#245409030458
2022.5.9 03:04:58#=================== Transaction Completed =======================
2022.5.9 04:11:15#=================== Start New Transaction ===================
2022.5.9 04:11:15#txnrefnum:MBD2009387
2022.5.9 04:11:15#clientIp:37.111.212.147
2022.5.9 04:11:15#card type:6
2022.5.9 04:11:15#totalamount:319000
2022.5.9 04:11:19#result:TRANSACTION_ID:jUEf3PDrB1BSPlVgJ330jJzAfSM=
2022.5.9 04:11:19#Forward to DBBL Payment Gateway Page:/ecomm2/ClientHandler?card_type=6&trans_id=jUEf3PDrB1BSPlVgJ330jJzAfSM%3D
2022.5.9 04:11:48#---------------------- Complete New Transaction---------------------
2022.5.9 04:11:48#Get trans_id From Post Value:jUEf3PDrB1BSPlVgJ330jJzAfSM=
2022.5.9 04:11:48#clientIp:37.111.212.147
2022.5.9 04:11:48#trans_id:jUEf3PDrB1BSPlVgJ330jJzAfSM=
2022.5.9 04:11:50#result:RESULT>OK^RESULT_CODE>000^3DSECURE>SKIPPED^RRN>212910557003^APPROVAL_CODE>281892^CARD_NUMBER>999999*********1167^AMOUNT>319000^CARDNAME>mb account^DESCRIPTION>6MBD2009387^TRANS_DATE>2022-05-09 10:11:46 AM
2022.5.9 04:11:50#87609041150
2022.5.9 04:11:50#=================== Transaction Completed =======================
2022.5.9 04:19:59#=================== Start New Transaction ===================
2022.5.9 04:19:59#txnrefnum:MBD2209455
2022.5.9 04:19:59#clientIp:180.211.141.22
2022.5.9 04:19:59#card type:6
2022.5.9 04:19:59#totalamount:1482000
2022.5.9 04:20:01#=================== Start New Transaction ===================
2022.5.9 04:20:01#txnrefnum:MBD2209455
2022.5.9 04:20:01#clientIp:180.211.141.22
2022.5.9 04:20:01#card type:6
2022.5.9 04:20:01#totalamount:1482000
2022.5.9 04:20:03#result:TRANSACTION_ID:54Ds7lclAtRQN3SdGizd3y0OQtg=
2022.5.9 04:20:03#Forward to DBBL Payment Gateway Page:/ecomm2/ClientHandler?card_type=6&trans_id=54Ds7lclAtRQN3SdGizd3y0OQtg%3D
2022.5.9 04:20:05#result:TRANSACTION_ID:G9AhSytAcwof76gsv1Gzz9TA6Ss=
2022.5.9 04:20:05#Forward to DBBL Payment Gateway Page:/ecomm2/ClientHandler?card_type=6&trans_id=G9AhSytAcwof76gsv1Gzz9TA6Ss%3D
2022.5.9 04:20:51#=================== Start New Transaction ===================
2022.5.9 04:20:51#txnrefnum:MBD2209455
2022.5.9 04:20:51#clientIp:180.211.141.22
2022.5.9 04:20:51#card type:6
2022.5.9 04:20:51#totalamount:1482000
2022.5.9 04:20:55#result:TRANSACTION_ID:C4yv3Vy4tmDQhmSRdw4uOAiCUfw=
2022.5.9 04:20:55#Forward to DBBL Payment Gateway Page:/ecomm2/ClientHandler?card_type=6&trans_id=C4yv3Vy4tmDQhmSRdw4uOAiCUfw%3D
2022.5.9 04:22:31#=================== Start New Transaction ===================
2022.5.9 04:22:31#txnrefnum:MBD2209455
2022.5.9 04:22:31#clientIp:180.211.141.22
2022.5.9 04:22:31#card type:6
2022.5.9 04:22:31#totalamount:1482000
2022.5.9 04:22:35#result:TRANSACTION_ID:D49f3zB7kQJB2FHQXj35Z21gcvw=
2022.5.9 04:22:35#Forward to DBBL Payment Gateway Page:/ecomm2/ClientHandler?card_type=6&trans_id=D49f3zB7kQJB2FHQXj35Z21gcvw%3D
2022.5.9 04:22:35#=================== Start New Transaction ===================
2022.5.9 04:22:35#txnrefnum:MBD2209455
2022.5.9 04:22:35#clientIp:180.211.141.22
2022.5.9 04:22:35#card type:6
2022.5.9 04:22:35#totalamount:1482000
2022.5.9 04:22:41#result:TRANSACTION_ID:7rczKTJySEAsHKadM8l8g8Sh6sU=
2022.5.9 04:22:41#Forward to DBBL Payment Gateway Page:/ecomm2/ClientHandler?card_type=6&trans_id=7rczKTJySEAsHKadM8l8g8Sh6sU%3D
2022.5.9 04:24:43#=================== Start New Transaction ===================
2022.5.9 04:24:43#txnrefnum:MBD2005111
2022.5.9 04:24:43#clientIp:123.49.41.35
2022.5.9 04:24:43#card type:6
2022.5.9 04:24:43#totalamount:1642000
2022.5.9 04:24:47#result:TRANSACTION_ID:Q6EPnCoVhlwmpPV53hDcGPlb3WI=
2022.5.9 04:24:47#Forward to DBBL Payment Gateway Page:/ecomm2/ClientHandler?card_type=6&trans_id=Q6EPnCoVhlwmpPV53hDcGPlb3WI%3D
2022.5.9 04:25:59#=================== Start New Transaction ===================
2022.5.9 04:25:59#txnrefnum:MBD2005111
2022.5.9 04:25:59#clientIp:123.49.41.35
2022.5.9 04:25:59#card type:6
2022.5.9 04:25:59#totalamount:1642000
2022.5.9 04:26:03#result:TRANSACTION_ID:HIKeH08jArHxfLcqbsmJk3yxBq0=
2022.5.9 04:26:03#Forward to DBBL Payment Gateway Page:/ecomm2/ClientHandler?card_type=6&trans_id=HIKeH08jArHxfLcqbsmJk3yxBq0%3D
2022.5.9 04:31:20#=================== Start New Transaction ===================
2022.5.9 04:31:20#txnrefnum:MBD2005111
2022.5.9 04:31:20#clientIp:123.49.41.35
2022.5.9 04:31:20#card type:6
2022.5.9 04:31:20#totalamount:1642000
2022.5.9 04:31:24#result:TRANSACTION_ID:MDJIaXqgk0DlkDPixFXjEC4QQqM=
2022.5.9 04:31:24#Forward to DBBL Payment Gateway Page:/ecomm2/ClientHandler?card_type=6&trans_id=MDJIaXqgk0DlkDPixFXjEC4QQqM%3D
2022.5.9 04:41:21#=================== Start New Transaction ===================
2022.5.9 04:41:21#txnrefnum:MBD2005111
2022.5.9 04:41:21#clientIp:123.49.41.35
2022.5.9 04:41:21#card type:6
2022.5.9 04:41:21#totalamount:1642000
2022.5.9 04:41:25#result:TRANSACTION_ID:hv10Wa9ynDis85kjlKHBvmD0jGY=
2022.5.9 04:41:25#Forward to DBBL Payment Gateway Page:/ecomm2/ClientHandler?card_type=6&trans_id=hv10Wa9ynDis85kjlKHBvmD0jGY%3D
2022.5.9 04:42:48#---------------------- Complete New Transaction---------------------
2022.5.9 04:42:48#Get trans_id From Post Value:Fv6hEgrujJ0iItK9s1zOnSSv6oc=
2022.5.9 04:42:48#clientIp:175.29.187.26
2022.5.9 04:42:48#trans_id:Fv6hEgrujJ0iItK9s1zOnSSv6oc=
2022.5.9 04:42:50#result:RESULT>TIMEOUT^RESULT_CODE>999^3DSECURE>0^RRN>0^APPROVAL_CODE>0^CARD_NUMBER>0^AMOUNT>1322000^CARDNAME>0^DESCRIPTION>6MBM2008056^TRANS_DATE>2022-05-09 10:42:45 AM
2022.5.9 04:42:50#Failed
2022.5.9 05:15:53#=================== Start New Transaction ===================
2022.5.9 05:15:53#txnrefnum:MSC22111088
2022.5.9 05:15:53#clientIp:37.111.212.147
2022.5.9 05:15:53#card type:6
2022.5.9 05:15:53#totalamount:322000
2022.5.9 05:15:57#result:TRANSACTION_ID:JRLYG79UgO0cXPGqfvEIIEQ2q2c=
2022.5.9 05:15:57#Forward to DBBL Payment Gateway Page:/ecomm2/ClientHandler?card_type=6&trans_id=JRLYG79UgO0cXPGqfvEIIEQ2q2c%3D
2022.5.9 05:24:24#=================== Start New Transaction ===================
2022.5.9 05:24:24#txnrefnum:MSC22111345
2022.5.9 05:24:24#clientIp:103.146.68.18
2022.5.9 05:24:24#card type:6
2022.5.9 05:24:24#totalamount:162000
2022.5.9 05:24:30#result:TRANSACTION_ID:R3ivStPKnOusKPJlWnj2LKuVb5o=
2022.5.9 05:24:30#Forward to DBBL Payment Gateway Page:/ecomm2/ClientHandler?card_type=6&trans_id=R3ivStPKnOusKPJlWnj2LKuVb5o%3D
2022.5.9 05:25:22#---------------------- Complete New Transaction---------------------
2022.5.9 05:25:22#Get trans_id From Post Value:R3ivStPKnOusKPJlWnj2LKuVb5o=
2022.5.9 05:25:22#clientIp:103.146.68.18
2022.5.9 05:25:22#trans_id:R3ivStPKnOusKPJlWnj2LKuVb5o=
2022.5.9 05:25:25#result:RESULT>OK^RESULT_CODE>000^3DSECURE>SKIPPED^RRN>212911564044^APPROVAL_CODE>559568^CARD_NUMBER>999999*********6445^AMOUNT>162000^CARDNAME>mb account^DESCRIPTION>6MSC22111345^TRANS_DATE>2022-05-09 11:25:20 AM
2022.5.9 05:25:25#1609709052525
2022.5.9 05:25:25#=================== Transaction Completed =======================
2022.5.9 05:26:51#=================== Start New Transaction ===================
2022.5.9 05:26:51#txnrefnum:MSC22111345
2022.5.9 05:26:51#clientIp:103.146.68.18
2022.5.9 05:26:51#card type:6
2022.5.9 05:26:51#totalamount:162000
2022.5.9 05:26:55#result:TRANSACTION_ID:iPMeCDfSG3FTgEYWFZKVYViT7Y8=
2022.5.9 05:26:55#Forward to DBBL Payment Gateway Page:/ecomm2/ClientHandler?card_type=6&trans_id=iPMeCDfSG3FTgEYWFZKVYViT7Y8%3D
2022.5.9 05:27:41#---------------------- Complete New Transaction---------------------
2022.5.9 05:27:41#Get trans_id From Post Value:iPMeCDfSG3FTgEYWFZKVYViT7Y8=
2022.5.9 05:27:41#clientIp:103.146.68.18
2022.5.9 05:27:41#trans_id:iPMeCDfSG3FTgEYWFZKVYViT7Y8=
2022.5.9 05:27:43#result:RESULT>OK^RESULT_CODE>000^3DSECURE>SKIPPED^RRN>212911564300^APPROVAL_CODE>618650^CARD_NUMBER>999999*********6445^AMOUNT>162000^CARDNAME>mb account^DESCRIPTION>6MSC22111345^TRANS_DATE>2022-05-09 11:27:40 AM
2022.5.9 05:27:43#1609809052743
2022.5.9 05:27:43#=================== Transaction Completed =======================
2022.5.9 05:33:37#=================== Start New Transaction ===================
2022.5.9 05:33:37#txnrefnum:MSC22111090
2022.5.9 05:33:37#clientIp:37.111.212.147
2022.5.9 05:33:37#card type:6
2022.5.9 05:33:37#totalamount:482000
2022.5.9 05:33:45#result:TRANSACTION_ID:HZWdamM4xS20t3ZpEVHnybdOqyA=
2022.5.9 05:33:45#Forward to DBBL Payment Gateway Page:/ecomm2/ClientHandler?card_type=6&trans_id=HZWdamM4xS20t3ZpEVHnybdOqyA%3D
2022.5.9 05:34:53#=================== Start New Transaction ===================
2022.5.9 05:34:53#txnrefnum:MBD2002034
2022.5.9 05:34:53#clientIp:37.111.212.147
2022.5.9 05:34:53#card type:6
2022.5.9 05:34:53#totalamount:1322000
2022.5.9 05:34:58#result:TRANSACTION_ID:NPl2kUGajETKqV80MwTzlsQPE1w=
2022.5.9 05:34:58#Forward to DBBL Payment Gateway Page:/ecomm2/ClientHandler?card_type=6&trans_id=NPl2kUGajETKqV80MwTzlsQPE1w%3D
2022.5.9 05:36:39#=================== Start New Transaction ===================
2022.5.9 05:36:39#txnrefnum:MSC22111086
2022.5.9 05:36:39#clientIp:37.111.212.147
2022.5.9 05:36:39#card type:6
2022.5.9 05:36:39#totalamount:162000
2022.5.9 05:36:44#result:TRANSACTION_ID:YVchEQF2NNS69EmuOKq91Ru7Pi4=
2022.5.9 05:36:44#Forward to DBBL Payment Gateway Page:/ecomm2/ClientHandler?card_type=6&trans_id=YVchEQF2NNS69EmuOKq91Ru7Pi4%3D
2022.5.9 05:48:54#=================== Start New Transaction ===================
2022.5.9 05:48:54#txnrefnum:MSC22111086
2022.5.9 05:48:54#clientIp:37.111.212.147
2022.5.9 05:48:54#card type:6
2022.5.9 05:48:54#totalamount:322000
2022.5.9 05:48:58#result:TRANSACTION_ID:wkB9GegBRzpx0lmYojniu5GVoTk=
2022.5.9 05:48:58#Forward to DBBL Payment Gateway Page:/ecomm2/ClientHandler?card_type=6&trans_id=wkB9GegBRzpx0lmYojniu5GVoTk%3D
2022.5.9 06:02:09#=================== Start New Transaction ===================
2022.5.9 06:02:09#txnrefnum:MBD2006261
2022.5.9 06:02:09#clientIp:202.83.124.117
2022.5.9 06:02:09#card type:6
2022.5.9 06:02:09#totalamount:1562000
2022.5.9 06:02:13#result:TRANSACTION_ID:zxit7RBUCqXRvSBAyifKbDFPwTk=
2022.5.9 06:02:13#Forward to DBBL Payment Gateway Page:/ecomm2/ClientHandler?card_type=6&trans_id=zxit7RBUCqXRvSBAyifKbDFPwTk%3D
2022.5.9 06:02:44#=================== Start New Transaction ===================
2022.5.9 06:02:44#txnrefnum:MBD2006262
2022.5.9 06:02:44#clientIp:202.83.124.117
2022.5.9 06:02:44#card type:6
2022.5.9 06:02:44#totalamount:1562000
2022.5.9 06:02:48#result:TRANSACTION_ID:1d5bQx5h6fGdcc6kCPqlyAdZVTE=
2022.5.9 06:02:48#Forward to DBBL Payment Gateway Page:/ecomm2/ClientHandler?card_type=6&trans_id=1d5bQx5h6fGdcc6kCPqlyAdZVTE%3D
2022.5.9 06:03:20#=================== Start New Transaction ===================
2022.5.9 06:03:20#txnrefnum:MSC22111086
2022.5.9 06:03:20#clientIp:37.111.212.147
2022.5.9 06:03:20#card type:6
2022.5.9 06:03:20#totalamount:322000
2022.5.9 06:03:24#result:TRANSACTION_ID:HPozOpPJksBSwJXqm6pD0CjfTVw=
2022.5.9 06:03:24#Forward to DBBL Payment Gateway Page:/ecomm2/ClientHandler?card_type=6&trans_id=HPozOpPJksBSwJXqm6pD0CjfTVw%3D
2022.5.9 06:06:28#=================== Start New Transaction ===================
2022.5.9 06:06:28#txnrefnum:MBD2009271
2022.5.9 06:06:28#clientIp:37.111.212.147
2022.5.9 06:06:28#card type:6
2022.5.9 06:06:28#totalamount:331000
2022.5.9 06:06:32#result:TRANSACTION_ID:r4b18CExMobZoSqrrcvcfZQzT64=
2022.5.9 06:06:32#Forward to DBBL Payment Gateway Page:/ecomm2/ClientHandler?card_type=6&trans_id=r4b18CExMobZoSqrrcvcfZQzT64%3D
2022.5.9 06:07:05#---------------------- Complete New Transaction---------------------
2022.5.9 06:07:05#Get trans_id From Post Value:r4b18CExMobZoSqrrcvcfZQzT64=
2022.5.9 06:07:08#clientIp:37.111.212.147
2022.5.9 06:07:08#trans_id:r4b18CExMobZoSqrrcvcfZQzT64=
2022.5.9 06:07:10#result:RESULT>OK^RESULT_CODE>000^3DSECURE>SKIPPED^RRN>212912568924^APPROVAL_CODE>693115^CARD_NUMBER>999999*********1167^AMOUNT>331000^CARDNAME>mb account^DESCRIPTION>6MBD2009271^TRANS_DATE>2022-05-09 12:07:03 PM
2022.5.9 06:07:10#73709060710
2022.5.9 06:07:10#=================== Transaction Completed =======================
2022.5.9 06:08:23#=================== Start New Transaction ===================
2022.5.9 06:08:23#txnrefnum:MBM2004190
2022.5.9 06:08:23#clientIp:43.224.109.205
2022.5.9 06:08:23#card type:6
2022.5.9 06:08:23#totalamount:1322000
2022.5.9 06:08:27#result:TRANSACTION_ID:or6ST39Dq1reBVC4FqeZLsoPpSg=
2022.5.9 06:08:27#Forward to DBBL Payment Gateway Page:/ecomm2/ClientHandler?card_type=6&trans_id=or6ST39Dq1reBVC4FqeZLsoPpSg%3D
2022.5.9 06:14:42#=================== Start New Transaction ===================
2022.5.9 06:14:42#txnrefnum:MBD2005311
2022.5.9 06:14:42#clientIp:45.120.114.173
2022.5.9 06:14:42#card type:6
2022.5.9 06:14:42#totalamount:1642000
2022.5.9 06:14:46#result:TRANSACTION_ID:BBGx1oMGQIIjunCoPldjCcsrYlE=
2022.5.9 06:14:46#Forward to DBBL Payment Gateway Page:/ecomm2/ClientHandler?card_type=6&trans_id=BBGx1oMGQIIjunCoPldjCcsrYlE%3D
2022.5.9 06:16:35#=================== Start New Transaction ===================
2022.5.9 06:16:35#txnrefnum:MSC21111175
2022.5.9 06:16:35#clientIp:37.111.212.147
2022.5.9 06:16:35#card type:6
2022.5.9 06:16:35#totalamount:702000
2022.5.9 06:16:39#result:TRANSACTION_ID:FUcmTtIE0DrmEixTV0Qiilunb9Q=
2022.5.9 06:16:39#Forward to DBBL Payment Gateway Page:/ecomm2/ClientHandler?card_type=6&trans_id=FUcmTtIE0DrmEixTV0Qiilunb9Q%3D
2022.5.9 06:17:03#---------------------- Complete New Transaction---------------------
2022.5.9 06:17:03#Get trans_id From Post Value:FUcmTtIE0DrmEixTV0Qiilunb9Q=
2022.5.9 06:17:03#clientIp:37.111.212.147
2022.5.9 06:17:03#trans_id:FUcmTtIE0DrmEixTV0Qiilunb9Q=
2022.5.9 06:17:05#result:RESULT>OK^RESULT_CODE>000^3DSECURE>SKIPPED^RRN>212912570041^APPROVAL_CODE>761177^CARD_NUMBER>999999*********1167^AMOUNT>702000^CARDNAME>mb account^DESCRIPTION>6MSC21111175^TRANS_DATE>2022-05-09 12:17:02 PM
2022.5.9 06:17:05#701909061705
2022.5.9 06:17:05#=================== Transaction Completed =======================
2022.5.9 06:17:05#701909061705
2022.5.9 06:17:05#=================== Transaction Completed =======================
2022.5.9 06:17:05#701909061705
2022.5.9 06:17:05#=================== Transaction Completed =======================
2022.5.9 06:17:05#701909061705
2022.5.9 06:17:05#=================== Transaction Completed =======================
2022.5.9 06:17:05#701909061705
2022.5.9 06:17:05#=================== Transaction Completed =======================
2022.5.9 07:47:48#=================== Start New Transaction ===================
2022.5.9 07:47:48#txnrefnum:MBD2009223
2022.5.9 07:47:48#clientIp:116.12.39.10
2022.5.9 07:47:48#card type:6
2022.5.9 07:47:48#totalamount:301000
2022.5.9 07:47:52#result:TRANSACTION_ID:QctQqr6bmNJyU3F2xgrC6viMvPo=
2022.5.9 07:47:52#Forward to DBBL Payment Gateway Page:/ecomm2/ClientHandler?card_type=6&trans_id=QctQqr6bmNJyU3F2xgrC6viMvPo%3D
2022.5.9 07:49:56#---------------------- Complete New Transaction---------------------
2022.5.9 07:49:56#Get trans_id From Post Value:QctQqr6bmNJyU3F2xgrC6viMvPo=
2022.5.9 07:49:56#clientIp:116.12.39.10
2022.5.9 07:49:56#trans_id:QctQqr6bmNJyU3F2xgrC6viMvPo=
2022.5.9 07:49:59#result:RESULT>OK^RESULT_CODE>000^3DSECURE>SKIPPED^RRN>212913580305^APPROVAL_CODE>944785^CARD_NUMBER>999999*********6388^AMOUNT>301000^CARDNAME>mb account^DESCRIPTION>6MBD2009223^TRANS_DATE>2022-05-09 01:49:55 PM
2022.5.9 07:49:59#69009074959
2022.5.9 07:49:59#=================== Transaction Completed =======================