
2023.3.25 03:39:45#=================== Start New Transaction ===================
2023.3.25 03:39:45#txnrefnum:MBM2301285
2023.3.25 03:39:45#clientIp:103.14.72.94
2023.3.25 03:39:45#card type:6
2023.3.25 03:39:45#totalamount:102000
2023.3.25 03:39:49#result:TRANSACTION_ID:pProGqhJDjHRTrRrsbdllDRzkpY=
2023.3.25 03:39:49#Forward to DBBL Payment Gateway Page: https://ecom1.dutchbanglabank.com/ecomm2/ClientHandler?card_type=6&trans_id=pProGqhJDjHRTrRrsbdllDRzkpY%3D
2023.3.25 03:40:39#---------------------- Complete New Transaction---------------------
2023.3.25 03:40:39#Get trans_id From Post Value:pProGqhJDjHRTrRrsbdllDRzkpY=
2023.3.25 03:40:39#clientIp:103.14.72.94
2023.3.25 03:40:39#trans_id:pProGqhJDjHRTrRrsbdllDRzkpY=
2023.3.25 03:40:41#result:RESULT>OK^RESULT_CODE>000^3DSECURE>SKIPPED^RRN>308403727268^APPROVAL_CODE>441373^CARD_NUMBER>999999*********5879^AMOUNT>102000^CARDNAME>mb account^DESCRIPTION>6MBM2301285^TRANS_DATE>2023-03-25 09:40:38 AM
2023.3.25 03:40:41#49010125034041
2023.3.25 03:40:41#49010125034041
2023.3.25 03:40:41#=================== Transaction Completed =======================
2023.3.25 04:31:02#=================== Start New Transaction ===================
2023.3.25 04:31:02#txnrefnum:MBG2108044
2023.3.25 04:31:02#clientIp:202.134.13.136
2023.3.25 04:31:02#card type:6
2023.3.25 04:31:02#totalamount:202000
2023.3.25 04:31:05#result:TRANSACTION_ID:UapPXJlTHdF0khqQ3HTaV4mEQVI=
2023.3.25 04:31:05#Forward to DBBL Payment Gateway Page: https://ecom1.dutchbanglabank.com/ecomm2/ClientHandler?card_type=6&trans_id=UapPXJlTHdF0khqQ3HTaV4mEQVI%3D
2023.3.25 04:31:20#---------------------- Complete New Transaction---------------------
2023.3.25 04:31:20#Get trans_id From Post Value:UapPXJlTHdF0khqQ3HTaV4mEQVI=
2023.3.25 04:31:20#clientIp:202.134.13.136
2023.3.25 04:31:20#trans_id:UapPXJlTHdF0khqQ3HTaV4mEQVI=
2023.3.25 04:31:22#result:RESULT>OK^RESULT_CODE>000^3DSECURE>SKIPPED^RRN>308404729051^APPROVAL_CODE>619042^CARD_NUMBER>999999*********7532^AMOUNT>202000^CARDNAME>mb account^DESCRIPTION>6MBG2108044^TRANS_DATE>2023-03-25 10:31:18 AM
2023.3.25 04:31:22#38606125043122
2023.3.25 04:31:22#38606125043122
2023.3.25 04:31:22#38606125043122
2023.3.25 04:31:22#38606125043122
2023.3.25 04:31:22#=================== Transaction Completed =======================
2023.3.25 04:40:58#=================== Start New Transaction ===================
2023.3.25 04:40:58#txnrefnum:MBB2104102
2023.3.25 04:40:58#clientIp:202.134.13.136
2023.3.25 04:40:58#card type:6
2023.3.25 04:40:58#totalamount:222000
2023.3.25 04:41:00#result:TRANSACTION_ID:gRbHPLCxXb6Q7gKd3q53EErm4uQ=
2023.3.25 04:41:00#Forward to DBBL Payment Gateway Page: https://ecom1.dutchbanglabank.com/ecomm2/ClientHandler?card_type=6&trans_id=gRbHPLCxXb6Q7gKd3q53EErm4uQ%3D
2023.3.25 04:41:15#---------------------- Complete New Transaction---------------------
2023.3.25 04:41:15#Get trans_id From Post Value:gRbHPLCxXb6Q7gKd3q53EErm4uQ=
2023.3.25 04:41:15#clientIp:202.134.13.136
2023.3.25 04:41:15#trans_id:gRbHPLCxXb6Q7gKd3q53EErm4uQ=
2023.3.25 04:41:17#result:RESULT>OK^RESULT_CODE>000^3DSECURE>SKIPPED^RRN>308404729517^APPROVAL_CODE>684230^CARD_NUMBER>999999*********7532^AMOUNT>222000^CARDNAME>mb account^DESCRIPTION>6MBB2104102^TRANS_DATE>2023-03-25 10:41:14 AM
2023.3.25 04:41:17#36743325044117
2023.3.25 04:41:17#36743325044117
2023.3.25 04:41:17#=================== Transaction Completed =======================
2023.3.25 04:43:45#=================== Start New Transaction ===================
2023.3.25 04:43:45#txnrefnum:MBG2103134
2023.3.25 04:43:45#clientIp:202.134.13.136
2023.3.25 04:43:45#card type:6
2023.3.25 04:43:45#totalamount:222000
2023.3.25 04:43:48#result:TRANSACTION_ID:HXccoFw3OnktGPVhMPqVP7btaQk=
2023.3.25 04:43:48#Forward to DBBL Payment Gateway Page: https://ecom1.dutchbanglabank.com/ecomm2/ClientHandler?card_type=6&trans_id=HXccoFw3OnktGPVhMPqVP7btaQk%3D
2023.3.25 04:44:04#---------------------- Complete New Transaction---------------------
2023.3.25 04:44:04#Get trans_id From Post Value:HXccoFw3OnktGPVhMPqVP7btaQk=
2023.3.25 04:44:04#clientIp:202.134.13.136
2023.3.25 04:44:04#trans_id:HXccoFw3OnktGPVhMPqVP7btaQk=
2023.3.25 04:44:05#result:RESULT>OK^RESULT_CODE>000^3DSECURE>SKIPPED^RRN>308404729641^APPROVAL_CODE>638298^CARD_NUMBER>999999*********7532^AMOUNT>222000^CARDNAME>mb account^DESCRIPTION>6MBG2103134^TRANS_DATE>2023-03-25 10:44:02 AM
2023.3.25 04:44:05#36664125044405
2023.3.25 04:44:05#36664125044405
2023.3.25 04:44:05#=================== Transaction Completed =======================
2023.3.25 04:56:13#=================== Start New Transaction ===================
2023.3.25 04:56:13#txnrefnum:MBM2304161
2023.3.25 04:56:13#clientIp:202.134.13.134
2023.3.25 04:56:13#card type:6
2023.3.25 04:56:13#totalamount:202000
2023.3.25 04:56:16#result:TRANSACTION_ID:Gt0Iq6pPVTgjgJJt6f6881ZS0fQ=
2023.3.25 04:56:16#Forward to DBBL Payment Gateway Page: https://ecom1.dutchbanglabank.com/ecomm2/ClientHandler?card_type=6&trans_id=Gt0Iq6pPVTgjgJJt6f6881ZS0fQ%3D
2023.3.25 04:56:34#---------------------- Complete New Transaction---------------------
2023.3.25 04:56:34#Get trans_id From Post Value:Gt0Iq6pPVTgjgJJt6f6881ZS0fQ=
2023.3.25 04:56:34#clientIp:202.134.13.134
2023.3.25 04:56:34#trans_id:Gt0Iq6pPVTgjgJJt6f6881ZS0fQ=
2023.3.25 04:56:36#result:RESULT>OK^RESULT_CODE>000^3DSECURE>SKIPPED^RRN>308404730258^APPROVAL_CODE>718519^CARD_NUMBER>999999*********7532^AMOUNT>202000^CARDNAME>mb account^DESCRIPTION>6MBM2304161^TRANS_DATE>2023-03-25 10:56:32 AM
2023.3.25 04:56:36#47142925045636
2023.3.25 04:56:36#47142925045636
2023.3.25 04:56:36#47142925045636
2023.3.25 04:56:36#47142925045636
2023.3.25 04:56:36#=================== Transaction Completed =======================
2023.3.25 04:56:52#=================== Start New Transaction ===================
2023.3.25 04:56:52#txnrefnum:BBM2005141
2023.3.25 04:56:52#clientIp:103.58.73.253
2023.3.25 04:56:52#card type:6
2023.3.25 04:56:52#totalamount:392000
2023.3.25 04:56:55#result:TRANSACTION_ID:mHK4JyS5NKEbHPShoirTy4YvvU0=
2023.3.25 04:56:55#Forward to DBBL Payment Gateway Page: https://ecom1.dutchbanglabank.com/ecomm2/ClientHandler?card_type=6&trans_id=mHK4JyS5NKEbHPShoirTy4YvvU0%3D
2023.3.25 05:02:17#=================== Start New Transaction ===================
2023.3.25 05:02:17#txnrefnum:MBD2203105
2023.3.25 05:02:17#clientIp:114.130.156.134
2023.3.25 05:02:17#card type:6
2023.3.25 05:02:17#totalamount:922000
2023.3.25 05:02:20#result:TRANSACTION_ID:ql9cMP5tCm80BXSB3mTUfnYM3fs=
2023.3.25 05:02:20#Forward to DBBL Payment Gateway Page: https://ecom1.dutchbanglabank.com/ecomm2/ClientHandler?card_type=6&trans_id=ql9cMP5tCm80BXSB3mTUfnYM3fs%3D
2023.3.25 05:03:05#---------------------- Complete New Transaction---------------------
2023.3.25 05:03:05#Get trans_id From Post Value:ql9cMP5tCm80BXSB3mTUfnYM3fs=
2023.3.25 05:03:05#clientIp:114.130.156.134
2023.3.25 05:03:05#trans_id:ql9cMP5tCm80BXSB3mTUfnYM3fs=
2023.3.25 05:03:07#result:RESULT>OK^RESULT_CODE>000^3DSECURE>SKIPPED^RRN>308405730566^APPROVAL_CODE>784174^CARD_NUMBER>999999*********3945^AMOUNT>922000^CARDNAME>mb account^DESCRIPTION>6MBD2203105^TRANS_DATE>2023-03-25 11:03:04 AM
2023.3.25 05:03:07#36571025050307
2023.3.25 05:03:07#36571025050307
2023.3.25 05:03:07#36571025050307
2023.3.25 05:03:07#36571025050307
2023.3.25 05:03:07#36571025050307
2023.3.25 05:03:07#36571025050307
2023.3.25 05:03:07#36571025050307
2023.3.25 05:03:07#36571025050307
2023.3.25 05:03:07#=================== Transaction Completed =======================
2023.3.25 05:03:26#---------------------- Complete New Transaction---------------------
2023.3.25 05:03:26#Get trans_id From Post Value:VjAdfPBbfIqCeFBK5C6AHclP6t8=
2023.3.25 05:03:26#clientIp:114.130.156.203
2023.3.25 05:03:26#trans_id:VjAdfPBbfIqCeFBK5C6AHclP6t8=
2023.3.25 05:03:28#result:RESULT>TIMEOUT^RESULT_CODE>999^3DSECURE>0^RRN>0^APPROVAL_CODE>0^CARD_NUMBER>0^AMOUNT>2000^CARDNAME>0^DESCRIPTION>6MBM2002169^TRANS_DATE>2023-03-25 11:03:26 AM
2023.3.25 05:03:28#Failed
2023.3.25 05:08:29#=================== Start New Transaction ===================
2023.3.25 05:08:29#txnrefnum:MBM2002169
2023.3.25 05:08:29#clientIp:114.130.156.203
2023.3.25 05:08:29#card type:6
2023.3.25 05:08:29#totalamount:202000
2023.3.25 05:08:31#result:TRANSACTION_ID:yQwPJRWLQnRphjAIPeFeftElmpc=
2023.3.25 05:08:32#Forward to DBBL Payment Gateway Page: https://ecom1.dutchbanglabank.com/ecomm2/ClientHandler?card_type=6&trans_id=yQwPJRWLQnRphjAIPeFeftElmpc%3D
2023.3.25 05:09:57#---------------------- Complete New Transaction---------------------
2023.3.25 05:09:57#Get trans_id From Post Value:yQwPJRWLQnRphjAIPeFeftElmpc=
2023.3.25 05:09:57#clientIp:114.130.156.203
2023.3.25 05:09:57#trans_id:yQwPJRWLQnRphjAIPeFeftElmpc=
2023.3.25 05:09:59#result:RESULT>OK^RESULT_CODE>000^3DSECURE>SKIPPED^RRN>308405730924^APPROVAL_CODE>843285^CARD_NUMBER>999999*********5651^AMOUNT>202000^CARDNAME>mb account^DESCRIPTION>6MBM2002169^TRANS_DATE>2023-03-25 11:09:57 AM
2023.3.25 05:09:59#47908525050959
2023.3.25 05:09:59#47908525050959
2023.3.25 05:09:59#47908525050959
2023.3.25 05:10:00#47908525050959
2023.3.25 05:10:00#=================== Transaction Completed =======================
2023.3.25 05:10:26#=================== Start New Transaction ===================
2023.3.25 05:10:26#txnrefnum:BBM2005141
2023.3.25 05:10:26#clientIp:114.130.156.7
2023.3.25 05:10:26#card type:6
2023.3.25 05:10:26#totalamount:202000
2023.3.25 05:10:29#result:TRANSACTION_ID:XxhwazA6h1SwS4yyqknPoandDok=
2023.3.25 05:10:29#Forward to DBBL Payment Gateway Page: https://ecom1.dutchbanglabank.com/ecomm2/ClientHandler?card_type=6&trans_id=XxhwazA6h1SwS4yyqknPoandDok%3D
2023.3.25 05:10:55#---------------------- Complete New Transaction---------------------
2023.3.25 05:10:55#Get trans_id From Post Value:XxhwazA6h1SwS4yyqknPoandDok=
2023.3.25 05:10:55#clientIp:114.130.156.7
2023.3.25 05:10:55#trans_id:XxhwazA6h1SwS4yyqknPoandDok=
2023.3.25 05:10:57#result:RESULT>OK^RESULT_CODE>000^3DSECURE>SKIPPED^RRN>308405730972^APPROVAL_CODE>805204^CARD_NUMBER>999999*********6896^AMOUNT>202000^CARDNAME>mb account^DESCRIPTION>6BBM2005141^TRANS_DATE>2023-03-25 11:10:54 AM
2023.3.25 05:10:57#31094825051057
2023.3.25 05:10:57#31094825051057
2023.3.25 05:10:57#31094825051057
2023.3.25 05:10:57#31094825051057
2023.3.25 05:10:57#=================== Transaction Completed =======================
2023.3.25 05:27:18#=================== Start New Transaction ===================
2023.3.25 05:27:18#txnrefnum:MBD2006286
2023.3.25 05:27:18#clientIp:103.58.75.10
2023.3.25 05:27:18#card type:6
2023.3.25 05:27:18#totalamount:202000
2023.3.25 05:27:20#result:TRANSACTION_ID:kAXLzMnPZGC9s2ZPRwHBTidSMAs=
2023.3.25 05:27:21#Forward to DBBL Payment Gateway Page: https://ecom1.dutchbanglabank.com/ecomm2/ClientHandler?card_type=6&trans_id=kAXLzMnPZGC9s2ZPRwHBTidSMAs%3D
2023.3.25 05:27:29#=================== Start New Transaction ===================
2023.3.25 05:27:29#txnrefnum:BBM2006037
2023.3.25 05:27:29#clientIp:103.237.37.212
2023.3.25 05:27:29#card type:6
2023.3.25 05:27:29#totalamount:102000
2023.3.25 05:27:32#result:TRANSACTION_ID:WYggJTzG1T58vJux6Y2YUohS8rs=
2023.3.25 05:27:32#Forward to DBBL Payment Gateway Page: https://ecom1.dutchbanglabank.com/ecomm2/ClientHandler?card_type=6&trans_id=WYggJTzG1T58vJux6Y2YUohS8rs%3D
2023.3.25 05:30:10#=================== Start New Transaction ===================
2023.3.25 05:30:10#txnrefnum:BBM2006037
2023.3.25 05:30:10#clientIp:103.237.37.212
2023.3.25 05:30:10#card type:6
2023.3.25 05:30:10#totalamount:102000
2023.3.25 05:30:13#result:TRANSACTION_ID:b23PuWFBVViLWvOQWf5QSzmPgrw=
2023.3.25 05:30:13#Forward to DBBL Payment Gateway Page: https://ecom1.dutchbanglabank.com/ecomm2/ClientHandler?card_type=6&trans_id=b23PuWFBVViLWvOQWf5QSzmPgrw%3D
2023.3.25 05:32:44#=================== Start New Transaction ===================
2023.3.25 05:32:44#txnrefnum:MBD2006286
2023.3.25 05:32:44#clientIp:103.58.75.10
2023.3.25 05:32:44#card type:6
2023.3.25 05:32:44#totalamount:202000
2023.3.25 05:32:47#result:TRANSACTION_ID:UjSqC6vAOWgjFHsUq91PY99sLxc=
2023.3.25 05:32:47#Forward to DBBL Payment Gateway Page: https://ecom1.dutchbanglabank.com/ecomm2/ClientHandler?card_type=6&trans_id=UjSqC6vAOWgjFHsUq91PY99sLxc%3D
2023.3.25 05:33:12#=================== Start New Transaction ===================
2023.3.25 05:33:12#txnrefnum:BBM2006037
2023.3.25 05:33:12#clientIp:103.237.37.212
2023.3.25 05:33:12#card type:6
2023.3.25 05:33:12#totalamount:102000
2023.3.25 05:33:15#result:TRANSACTION_ID:IFIeRh2TaOoxshq2Nw7Lcjwdy40=
2023.3.25 05:33:15#Forward to DBBL Payment Gateway Page: https://ecom1.dutchbanglabank.com/ecomm2/ClientHandler?card_type=6&trans_id=IFIeRh2TaOoxshq2Nw7Lcjwdy40%3D
2023.3.25 05:33:42#---------------------- Complete New Transaction---------------------
2023.3.25 05:33:42#Get trans_id From Post Value:UjSqC6vAOWgjFHsUq91PY99sLxc=
2023.3.25 05:33:42#clientIp:103.58.75.10
2023.3.25 05:33:42#trans_id:UjSqC6vAOWgjFHsUq91PY99sLxc=
2023.3.25 05:33:42#---------------------- Complete New Transaction---------------------
2023.3.25 05:33:42#Get trans_id From Post Value:IFIeRh2TaOoxshq2Nw7Lcjwdy40=
2023.3.25 05:33:42#clientIp:103.237.37.212
2023.3.25 05:33:42#trans_id:IFIeRh2TaOoxshq2Nw7Lcjwdy40=
2023.3.25 05:33:44#result:RESULT>OK^RESULT_CODE>000^3DSECURE>SKIPPED^RRN>308405732317^APPROVAL_CODE>983756^CARD_NUMBER>999999*********3961^AMOUNT>102000^CARDNAME>mb account^DESCRIPTION>6BBM2006037^TRANS_DATE>2023-03-25 11:33:40 AM
2023.3.25 05:33:44#result:RESULT>OK^RESULT_CODE>000^3DSECURE>SKIPPED^RRN>308405732318^APPROVAL_CODE>983789^CARD_NUMBER>999999*********1830^AMOUNT>202000^CARDNAME>mb account^DESCRIPTION>6MBD2006286^TRANS_DATE>2023-03-25 11:33:41 AM
2023.3.25 05:33:44#39248225053344
2023.3.25 05:33:44#40306525053344
2023.3.25 05:33:44#39248225053344
2023.3.25 05:33:44#=================== Transaction Completed =======================
2023.3.25 05:33:44#40306525053344
2023.3.25 05:33:44#40306525053344
2023.3.25 05:33:44#40306525053344
2023.3.25 05:33:44#=================== Transaction Completed =======================
2023.3.25 05:39:50#=================== Start New Transaction ===================
2023.3.25 05:39:50#txnrefnum:MBD2204301
2023.3.25 05:39:50#clientIp:202.134.13.134
2023.3.25 05:39:50#card type:6
2023.3.25 05:39:50#totalamount:302000
2023.3.25 05:39:53#result:TRANSACTION_ID:RcCRSTkXcKTPMCRO30lhO5d18G8=
2023.3.25 05:39:53#Forward to DBBL Payment Gateway Page: https://ecom1.dutchbanglabank.com/ecomm2/ClientHandler?card_type=6&trans_id=RcCRSTkXcKTPMCRO30lhO5d18G8%3D
2023.3.25 05:40:29#---------------------- Complete New Transaction---------------------
2023.3.25 05:40:29#Get trans_id From Post Value:RcCRSTkXcKTPMCRO30lhO5d18G8=
2023.3.25 05:40:29#clientIp:202.134.13.134
2023.3.25 05:40:29#trans_id:RcCRSTkXcKTPMCRO30lhO5d18G8=
2023.3.25 05:40:31#result:RESULT>OK^RESULT_CODE>000^3DSECURE>SKIPPED^RRN>308405732766^APPROVAL_CODE>922962^CARD_NUMBER>999999*********7532^AMOUNT>302000^CARDNAME>mb account^DESCRIPTION>6MBD2204301^TRANS_DATE>2023-03-25 11:40:27 AM
2023.3.25 05:40:31#48083725054031
2023.3.25 05:40:31#48083725054031
2023.3.25 05:40:31#48083725054031
2023.3.25 05:40:31#48083725054031
2023.3.25 05:40:31#48083725054031
2023.3.25 05:40:31#48083725054031
2023.3.25 05:40:31#=================== Transaction Completed =======================
2023.3.25 05:43:18#=================== Start New Transaction ===================
2023.3.25 05:43:18#txnrefnum:BBM2302020
2023.3.25 05:43:18#clientIp:202.53.162.2
2023.3.25 05:43:18#card type:6
2023.3.25 05:43:18#totalamount:102000
2023.3.25 05:43:20#result:TRANSACTION_ID:PPSel1CaSyWaIkHvQHoKpGIGBJg=
2023.3.25 05:43:21#Forward to DBBL Payment Gateway Page: https://ecom1.dutchbanglabank.com/ecomm2/ClientHandler?card_type=6&trans_id=PPSel1CaSyWaIkHvQHoKpGIGBJg%3D
2023.3.25 05:43:53#---------------------- Complete New Transaction---------------------
2023.3.25 05:43:53#Get trans_id From Post Value:PPSel1CaSyWaIkHvQHoKpGIGBJg=
2023.3.25 05:43:53#clientIp:202.53.162.0
2023.3.25 05:43:53#trans_id:PPSel1CaSyWaIkHvQHoKpGIGBJg=
2023.3.25 05:43:55#result:RESULT>OK^RESULT_CODE>000^3DSECURE>SKIPPED^RRN>308405732988^APPROVAL_CODE>006369^CARD_NUMBER>999999*********2298^AMOUNT>102000^CARDNAME>mb account^DESCRIPTION>6BBM2302020^TRANS_DATE>2023-03-25 11:43:51 AM
2023.3.25 05:43:55#50061325054355
2023.3.25 05:43:55#50061325054355
2023.3.25 05:43:55#=================== Transaction Completed =======================
2023.3.25 05:45:11#=================== Start New Transaction ===================
2023.3.25 05:45:11#txnrefnum:BBM2003033
2023.3.25 05:45:11#clientIp:202.53.162.0
2023.3.25 05:45:11#card type:6
2023.3.25 05:45:11#totalamount:102000
2023.3.25 05:45:14#result:TRANSACTION_ID:qTXdU0HouutJIGkq1gPxH6pt0EE=
2023.3.25 05:45:14#Forward to DBBL Payment Gateway Page: https://ecom1.dutchbanglabank.com/ecomm2/ClientHandler?card_type=6&trans_id=qTXdU0HouutJIGkq1gPxH6pt0EE%3D
2023.3.25 05:45:53#---------------------- Complete New Transaction---------------------
2023.3.25 05:45:53#Get trans_id From Post Value:qTXdU0HouutJIGkq1gPxH6pt0EE=
2023.3.25 05:45:53#clientIp:202.53.162.1
2023.3.25 05:45:53#trans_id:qTXdU0HouutJIGkq1gPxH6pt0EE=
2023.3.25 05:45:54#result:RESULT>OK^RESULT_CODE>000^3DSECURE>SKIPPED^RRN>308405733144^APPROVAL_CODE>035803^CARD_NUMBER>999999*********2298^AMOUNT>102000^CARDNAME>mb account^DESCRIPTION>6BBM2003033^TRANS_DATE>2023-03-25 11:45:52 AM
2023.3.25 05:45:54#44619325054554
2023.3.25 05:45:55#44619325054554
2023.3.25 05:45:55#=================== Transaction Completed =======================
2023.3.25 06:28:55#=================== Start New Transaction ===================
2023.3.25 06:28:55#txnrefnum:BBD2305046
2023.3.25 06:28:55#clientIp:103.89.24.216
2023.3.25 06:28:55#card type:6
2023.3.25 06:28:55#totalamount:102000
2023.3.25 06:28:58#result:TRANSACTION_ID:iSvOrjlAhnWp8JCy1BCxEjYxNOw=
2023.3.25 06:28:58#Forward to DBBL Payment Gateway Page: https://ecom1.dutchbanglabank.com/ecomm2/ClientHandler?card_type=6&trans_id=iSvOrjlAhnWp8JCy1BCxEjYxNOw%3D
2023.3.25 06:29:52#---------------------- Complete New Transaction---------------------
2023.3.25 06:29:52#Get trans_id From Post Value:iSvOrjlAhnWp8JCy1BCxEjYxNOw=
2023.3.25 06:29:52#clientIp:103.89.24.216
2023.3.25 06:29:52#trans_id:iSvOrjlAhnWp8JCy1BCxEjYxNOw=
2023.3.25 06:29:54#result:RESULT>OK^RESULT_CODE>000^3DSECURE>SKIPPED^RRN>308406736479^APPROVAL_CODE>219175^CARD_NUMBER>999999*********9539^AMOUNT>102000^CARDNAME>mb account^DESCRIPTION>6BBD2305046^TRANS_DATE>2023-03-25 12:29:51 PM
2023.3.25 06:29:54#52859125062954
2023.3.25 06:29:54#52859125062954
2023.3.25 06:29:54#=================== Transaction Completed =======================
2023.3.25 06:43:26#=================== Start New Transaction ===================
2023.3.25 06:43:26#txnrefnum:BBM2005060
2023.3.25 06:43:26#clientIp:103.166.89.139
2023.3.25 06:43:26#card type:6
2023.3.25 06:43:26#totalamount:202000
2023.3.25 06:43:29#result:TRANSACTION_ID:BtlKOz2RhJQV7SlYR80xaGxqt4U=
2023.3.25 06:43:29#Forward to DBBL Payment Gateway Page: https://ecom1.dutchbanglabank.com/ecomm2/ClientHandler?card_type=6&trans_id=BtlKOz2RhJQV7SlYR80xaGxqt4U%3D
2023.3.25 06:44:08#---------------------- Complete New Transaction---------------------
2023.3.25 06:44:08#Get trans_id From Post Value:BtlKOz2RhJQV7SlYR80xaGxqt4U=
2023.3.25 06:44:08#clientIp:103.166.89.139
2023.3.25 06:44:08#trans_id:BtlKOz2RhJQV7SlYR80xaGxqt4U=
2023.3.25 06:44:09#result:RESULT>OK^RESULT_CODE>000^3DSECURE>SKIPPED^RRN>308406737557^APPROVAL_CODE>292458^CARD_NUMBER>999999*********3481^AMOUNT>202000^CARDNAME>mb account^DESCRIPTION>6BBM2005060^TRANS_DATE>2023-03-25 12:44:07 PM
2023.3.25 06:44:09#41279725064409
2023.3.25 06:44:10#41279725064409
2023.3.25 06:44:10#41279725064409
2023.3.25 06:44:10#41279725064409
2023.3.25 06:44:10#=================== Transaction Completed =======================
2023.3.25 06:58:05#=================== Start New Transaction ===================
2023.3.25 06:58:05#txnrefnum:BBD2005111
2023.3.25 06:58:05#clientIp:103.58.73.253
2023.3.25 06:58:05#card type:6
2023.3.25 06:58:05#totalamount:722000
2023.3.25 06:58:08#result:TRANSACTION_ID:X08ciInSDsag2AMhkFqnsFHkNOM=
2023.3.25 06:58:08#Forward to DBBL Payment Gateway Page: https://ecom1.dutchbanglabank.com/ecomm2/ClientHandler?card_type=6&trans_id=X08ciInSDsag2AMhkFqnsFHkNOM%3D
2023.3.25 07:02:27#---------------------- Complete New Transaction---------------------
2023.3.25 07:02:27#Get trans_id From Post Value:X08ciInSDsag2AMhkFqnsFHkNOM=
2023.3.25 07:02:27#clientIp:103.58.73.253
2023.3.25 07:02:27#trans_id:X08ciInSDsag2AMhkFqnsFHkNOM=
2023.3.25 07:02:29#result:RESULT>OK^RESULT_CODE>000^3DSECURE>SKIPPED^RRN>308407739042^APPROVAL_CODE>351368^CARD_NUMBER>999999*********9970^AMOUNT>722000^CARDNAME>mb account^DESCRIPTION>6BBD2005111^TRANS_DATE>2023-03-25 01:02:26 PM
2023.3.25 07:02:29#36854925070229
2023.3.25 07:02:29#36854925070229
2023.3.25 07:02:29#36854925070229
2023.3.25 07:02:29#36854925070229
2023.3.25 07:02:29#=================== Transaction Completed =======================
2023.3.25 07:48:29#=================== Start New Transaction ===================
2023.3.25 07:48:29#txnrefnum:BBD2007181
2023.3.25 07:48:29#clientIp:118.179.3.85
2023.3.25 07:48:29#card type:6
2023.3.25 07:48:29#totalamount:202000
2023.3.25 07:48:32#result:TRANSACTION_ID:XS03CmPT0LDvBSq3SvQ3hPLQuGw=
2023.3.25 07:48:32#Forward to DBBL Payment Gateway Page: https://ecom1.dutchbanglabank.com/ecomm2/ClientHandler?card_type=6&trans_id=XS03CmPT0LDvBSq3SvQ3hPLQuGw%3D
2023.3.25 07:49:20#---------------------- Complete New Transaction---------------------
2023.3.25 07:49:20#Get trans_id From Post Value:XS03CmPT0LDvBSq3SvQ3hPLQuGw=
2023.3.25 07:49:20#clientIp:118.179.3.85
2023.3.25 07:49:20#trans_id:XS03CmPT0LDvBSq3SvQ3hPLQuGw=
2023.3.25 07:49:22#result:RESULT>OK^RESULT_CODE>000^3DSECURE>SKIPPED^RRN>308407742147^APPROVAL_CODE>460766^CARD_NUMBER>999999*********7205^AMOUNT>202000^CARDNAME>mb account^DESCRIPTION>6BBD2007181^TRANS_DATE>2023-03-25 01:49:19 PM
2023.3.25 07:49:22#37580125074922
2023.3.25 07:49:22#37580125074922
2023.3.25 07:49:22#37580125074922
2023.3.25 07:49:22#37580125074922
2023.3.25 07:49:22#=================== Transaction Completed =======================
2023.3.25 08:02:45#=================== Start New Transaction ===================
2023.3.25 08:02:45#txnrefnum:MBD2207022
2023.3.25 08:02:45#clientIp:114.130.157.135
2023.3.25 08:02:45#card type:6
2023.3.25 08:02:45#totalamount:102000
2023.3.25 08:02:48#result:TRANSACTION_ID:6xPY1Mtz86QeqMJAeUj5ekODovE=
2023.3.25 08:02:48#Forward to DBBL Payment Gateway Page: https://ecom1.dutchbanglabank.com/ecomm2/ClientHandler?card_type=6&trans_id=6xPY1Mtz86QeqMJAeUj5ekODovE%3D
2023.3.25 08:03:39#---------------------- Complete New Transaction---------------------
2023.3.25 08:03:39#Get trans_id From Post Value:6xPY1Mtz86QeqMJAeUj5ekODovE=
2023.3.25 08:03:39#clientIp:114.130.157.135
2023.3.25 08:03:39#trans_id:6xPY1Mtz86QeqMJAeUj5ekODovE=
2023.3.25 08:03:41#result:RESULT>OK^RESULT_CODE>000^3DSECURE>SKIPPED^RRN>308408743253^APPROVAL_CODE>472636^CARD_NUMBER>999999*********2755^AMOUNT>102000^CARDNAME>mb account^DESCRIPTION>6MBD2207022^TRANS_DATE>2023-03-25 02:03:38 PM
2023.3.25 08:03:41#42293725080341
2023.3.25 08:03:41#42293725080341
2023.3.25 08:03:41#=================== Transaction Completed =======================
2023.3.25 08:05:51#=================== Start New Transaction ===================
2023.3.25 08:05:51#txnrefnum:MBM2209333
2023.3.25 08:05:51#clientIp:114.130.157.135
2023.3.25 08:05:51#card type:6
2023.3.25 08:05:51#totalamount:102000
2023.3.25 08:05:54#result:TRANSACTION_ID:ukjBALbrwwl9pxMO8SrbyOPgkyE=
2023.3.25 08:05:54#Forward to DBBL Payment Gateway Page: https://ecom1.dutchbanglabank.com/ecomm2/ClientHandler?card_type=6&trans_id=ukjBALbrwwl9pxMO8SrbyOPgkyE%3D
2023.3.25 08:06:22#---------------------- Complete New Transaction---------------------
2023.3.25 08:06:22#Get trans_id From Post Value:ukjBALbrwwl9pxMO8SrbyOPgkyE=
2023.3.25 08:06:22#clientIp:114.130.157.135
2023.3.25 08:06:22#trans_id:ukjBALbrwwl9pxMO8SrbyOPgkyE=
2023.3.25 08:06:24#result:RESULT>OK^RESULT_CODE>000^3DSECURE>SKIPPED^RRN>308408743454^APPROVAL_CODE>573264^CARD_NUMBER>999999*********2755^AMOUNT>102000^CARDNAME>mb account^DESCRIPTION>6MBM2209333^TRANS_DATE>2023-03-25 02:06:21 PM
2023.3.25 08:06:24#38812525080624
2023.3.25 08:06:24#38812525080624
2023.3.25 08:06:24#=================== Transaction Completed =======================
2023.3.25 10:09:59#=================== Start New Transaction ===================
2023.3.25 10:09:59#txnrefnum:BBD2007006
2023.3.25 10:09:59#clientIp:103.237.37.212
2023.3.25 10:09:59#card type:6
2023.3.25 10:09:59#totalamount:202000
2023.3.25 10:10:06#result:TRANSACTION_ID:yiVA712kKid7DiXKYmz6GzUlQdU=
2023.3.25 10:10:06#Forward to DBBL Payment Gateway Page: https://ecom1.dutchbanglabank.com/ecomm2/ClientHandler?card_type=6&trans_id=yiVA712kKid7DiXKYmz6GzUlQdU%3D
2023.3.25 10:10:58#---------------------- Complete New Transaction---------------------
2023.3.25 10:10:58#Get trans_id From Post Value:yiVA712kKid7DiXKYmz6GzUlQdU=
2023.3.25 10:11:00#clientIp:103.237.37.212
2023.3.25 10:11:00#trans_id:yiVA712kKid7DiXKYmz6GzUlQdU=
2023.3.25 10:11:02#result:RESULT>OK^RESULT_CODE>000^3DSECURE>SKIPPED^RRN>308410752508^APPROVAL_CODE>971840^CARD_NUMBER>999999*********5687^AMOUNT>202000^CARDNAME>mb account^DESCRIPTION>6BBD2007006^TRANS_DATE>2023-03-25 04:10:57 PM
2023.3.25 10:11:02#37418125101102
2023.3.25 10:11:02#37418125101102
2023.3.25 10:11:02#37418125101102
2023.3.25 10:11:02#37418125101102
2023.3.25 10:11:02#=================== Transaction Completed =======================
2023.3.25 13:14:34#=================== Start New Transaction ===================
2023.3.25 13:14:34#txnrefnum:BBB2106065
2023.3.25 13:14:34#clientIp:114.130.156.100
2023.3.25 13:14:34#card type:6
2023.3.25 13:14:34#totalamount:502000
2023.3.25 13:14:37#result:TRANSACTION_ID:wUNbjrmi97wpVSU3CV9igdIPby0=
2023.3.25 13:14:37#Forward to DBBL Payment Gateway Page: https://ecom1.dutchbanglabank.com/ecomm2/ClientHandler?card_type=6&trans_id=wUNbjrmi97wpVSU3CV9igdIPby0%3D
2023.3.25 13:15:01#---------------------- Complete New Transaction---------------------
2023.3.25 13:15:01#Get trans_id From Post Value:wUNbjrmi97wpVSU3CV9igdIPby0=
2023.3.25 13:15:01#clientIp:114.130.156.100
2023.3.25 13:15:01#trans_id:wUNbjrmi97wpVSU3CV9igdIPby0=
2023.3.25 13:15:02#result:RESULT>OK^RESULT_CODE>000^3DSECURE>SKIPPED^RRN>308413761650^APPROVAL_CODE>632094^CARD_NUMBER>999999*********8580^AMOUNT>502000^CARDNAME>mb account^DESCRIPTION>6BBB2106065^TRANS_DATE>2023-03-25 07:14:59 PM
2023.3.25 13:15:02#41175325011502
2023.3.25 13:15:03#41175325011502
2023.3.25 13:15:03#41175325011502
2023.3.25 13:15:03#41175325011502
2023.3.25 13:15:03#41175325011502
2023.3.25 13:15:03#41175325011502
2023.3.25 13:15:03#41175325011502
2023.3.25 13:15:03#41175325011502
2023.3.25 13:15:03#41175325011502
2023.3.25 13:15:03#41175325011502
2023.3.25 13:15:03#=================== Transaction Completed =======================
2023.3.25 13:41:55#=================== Start New Transaction ===================
2023.3.25 13:41:55#txnrefnum:MBG2102071
2023.3.25 13:41:55#clientIp:103.172.216.13
2023.3.25 13:41:55#card type:6
2023.3.25 13:41:55#totalamount:202000
2023.3.25 13:41:58#result:TRANSACTION_ID:FXo5QTzFsRW4xtvxePhtFblaAUQ=
2023.3.25 13:41:58#Forward to DBBL Payment Gateway Page: https://ecom1.dutchbanglabank.com/ecomm2/ClientHandler?card_type=6&trans_id=FXo5QTzFsRW4xtvxePhtFblaAUQ%3D
2023.3.25 13:43:20#---------------------- Complete New Transaction---------------------
2023.3.25 13:43:20#Get trans_id From Post Value:FXo5QTzFsRW4xtvxePhtFblaAUQ=
2023.3.25 13:43:20#clientIp:103.172.216.13
2023.3.25 13:43:20#trans_id:FXo5QTzFsRW4xtvxePhtFblaAUQ=
2023.3.25 13:43:21#result:RESULT>OK^RESULT_CODE>000^3DSECURE>SKIPPED^RRN>308413763603^APPROVAL_CODE>982369^CARD_NUMBER>999999*********9980^AMOUNT>202000^CARDNAME>mb account^DESCRIPTION>6MBG2102071^TRANS_DATE>2023-03-25 07:43:19 PM
2023.3.25 13:43:21#46708525014321
2023.3.25 13:43:22#46708525014321
2023.3.25 13:43:22#46708525014321
2023.3.25 13:43:22#46708525014321
2023.3.25 13:43:22#=================== Transaction Completed =======================