
2022.7.3 01:50:08#=================== Start New Transaction ===================
2022.7.3 01:50:08#txnrefnum:MBM2201052
2022.7.3 01:50:08#clientIp:103.142.192.38
2022.7.3 01:50:08#card type:6
2022.7.3 01:50:08#totalamount:222000
2022.7.3 01:50:12#result:TRANSACTION_ID:zdIOEzLoEzXgv70krzBNhWXCFeE=
2022.7.3 01:50:12#Forward to DBBL Payment Gateway Page: https://ecom1.dutchbanglabank.com/ecomm2/ClientHandler?card_type=6&trans_id=zdIOEzLoEzXgv70krzBNhWXCFeE%3D
2022.7.3 03:21:58#=================== Start New Transaction ===================
2022.7.3 03:21:58#txnrefnum:MBM2006140
2022.7.3 03:21:58#clientIp:202.134.13.138
2022.7.3 03:21:58#card type:6
2022.7.3 03:21:58#totalamount:82000
2022.7.3 03:22:02#result:TRANSACTION_ID:odsPMZXW1BDTtp1AEBS3oOK8Eys=
2022.7.3 03:22:02#Forward to DBBL Payment Gateway Page: https://ecom1.dutchbanglabank.com/ecomm2/ClientHandler?card_type=6&trans_id=odsPMZXW1BDTtp1AEBS3oOK8Eys%3D
2022.7.3 05:10:55#=================== Start New Transaction ===================
2022.7.3 05:10:55#txnrefnum:MBB2101553
2022.7.3 05:10:55#clientIp:119.30.39.133
2022.7.3 05:10:55#card type:6
2022.7.3 05:10:55#totalamount:82000
2022.7.3 05:11:00#=================== Start New Transaction ===================
2022.7.3 05:11:00#txnrefnum:MBB2101553
2022.7.3 05:11:00#clientIp:119.30.39.133
2022.7.3 05:11:00#card type:6
2022.7.3 05:11:00#totalamount:82000
2022.7.3 05:11:03#=================== Start New Transaction ===================
2022.7.3 05:11:03#txnrefnum:MBB2101553
2022.7.3 05:11:03#clientIp:119.30.39.133
2022.7.3 05:11:03#card type:6
2022.7.3 05:11:03#totalamount:82000
2022.7.3 05:11:05#result:TRANSACTION_ID:UPJth4P79O3eDPq9eK116lEYhOE=
2022.7.3 05:11:05#Forward to DBBL Payment Gateway Page: https://ecom1.dutchbanglabank.com/ecomm2/ClientHandler?card_type=6&trans_id=UPJth4P79O3eDPq9eK116lEYhOE%3D
2022.7.3 05:11:09#result:TRANSACTION_ID:3O9phzFxeOSMRXNESgwfZ3xBZgQ=
2022.7.3 05:11:09#Forward to DBBL Payment Gateway Page: https://ecom1.dutchbanglabank.com/ecomm2/ClientHandler?card_type=6&trans_id=3O9phzFxeOSMRXNESgwfZ3xBZgQ%3D
2022.7.3 05:11:12#=================== Start New Transaction ===================
2022.7.3 05:11:12#txnrefnum:MBB2101553
2022.7.3 05:11:12#clientIp:119.30.39.133
2022.7.3 05:11:12#card type:6
2022.7.3 05:11:12#totalamount:82000
2022.7.3 05:11:16#result:TRANSACTION_ID:lYg7KmYaNd4Zi4mNPve4rOU7oV4=
2022.7.3 05:11:16#Forward to DBBL Payment Gateway Page: https://ecom1.dutchbanglabank.com/ecomm2/ClientHandler?card_type=6&trans_id=lYg7KmYaNd4Zi4mNPve4rOU7oV4%3D
2022.7.3 05:11:16#=================== Start New Transaction ===================
2022.7.3 05:11:16#txnrefnum:MBB2101553
2022.7.3 05:11:16#clientIp:119.30.39.133
2022.7.3 05:11:16#card type:6
2022.7.3 05:11:16#totalamount:82000
2022.7.3 05:11:23#result:TRANSACTION_ID:SdacTxZDaCs4LadA5amx2gnDD9s=
2022.7.3 05:11:23#Forward to DBBL Payment Gateway Page: https://ecom1.dutchbanglabank.com/ecomm2/ClientHandler?card_type=6&trans_id=SdacTxZDaCs4LadA5amx2gnDD9s%3D
2022.7.3 05:11:23#=================== Start New Transaction ===================
2022.7.3 05:11:23#txnrefnum:MBB2101553
2022.7.3 05:11:23#clientIp:119.30.39.133
2022.7.3 05:11:23#card type:6
2022.7.3 05:11:23#totalamount:82000
2022.7.3 05:11:25#result:TRANSACTION_ID:hpw9KVsWz3r3jjAyrtzDOGaaRZw=
2022.7.3 05:11:25#Forward to DBBL Payment Gateway Page: https://ecom1.dutchbanglabank.com/ecomm2/ClientHandler?card_type=6&trans_id=hpw9KVsWz3r3jjAyrtzDOGaaRZw%3D
2022.7.3 05:11:25#=================== Start New Transaction ===================
2022.7.3 05:11:25#txnrefnum:MBB2101553
2022.7.3 05:11:25#clientIp:119.30.39.133
2022.7.3 05:11:25#card type:6
2022.7.3 05:11:25#totalamount:82000
2022.7.3 05:11:32#result:TRANSACTION_ID:wlSYunQM2dZgzoFmUAzLqGD6LEU=
2022.7.3 05:11:32#Forward to DBBL Payment Gateway Page: https://ecom1.dutchbanglabank.com/ecomm2/ClientHandler?card_type=6&trans_id=wlSYunQM2dZgzoFmUAzLqGD6LEU%3D
2022.7.3 05:11:32#=================== Start New Transaction ===================
2022.7.3 05:11:32#txnrefnum:MBB2101553
2022.7.3 05:11:32#clientIp:119.30.39.133
2022.7.3 05:11:32#card type:6
2022.7.3 05:11:32#totalamount:82000
2022.7.3 05:11:34#result:TRANSACTION_ID:rYbvRKZQd8DhxTzGYSGI17aoJqM=
2022.7.3 05:11:34#Forward to DBBL Payment Gateway Page: https://ecom1.dutchbanglabank.com/ecomm2/ClientHandler?card_type=6&trans_id=rYbvRKZQd8DhxTzGYSGI17aoJqM%3D
2022.7.3 05:11:34#=================== Start New Transaction ===================
2022.7.3 05:11:34#txnrefnum:MBB2101553
2022.7.3 05:11:34#clientIp:119.30.39.133
2022.7.3 05:11:34#card type:6
2022.7.3 05:11:34#totalamount:82000
2022.7.3 05:11:45#result:TRANSACTION_ID:A0A5uepJcJijdNS29rhvNPRczuU=
2022.7.3 05:11:46#Forward to DBBL Payment Gateway Page: https://ecom1.dutchbanglabank.com/ecomm2/ClientHandler?card_type=6&trans_id=A0A5uepJcJijdNS29rhvNPRczuU%3D
2022.7.3 05:11:46#=================== Start New Transaction ===================
2022.7.3 05:11:46#txnrefnum:MBB2101553
2022.7.3 05:11:46#clientIp:119.30.39.133
2022.7.3 05:11:46#card type:6
2022.7.3 05:11:46#totalamount:82000
2022.7.3 05:11:48#result:TRANSACTION_ID:RHgIpmwzcAOxBwQSLf3XP2eNb3E=
2022.7.3 05:11:48#Forward to DBBL Payment Gateway Page: https://ecom1.dutchbanglabank.com/ecomm2/ClientHandler?card_type=6&trans_id=RHgIpmwzcAOxBwQSLf3XP2eNb3E%3D
2022.7.3 05:11:48#=================== Start New Transaction ===================
2022.7.3 05:11:48#txnrefnum:MBB2101553
2022.7.3 05:11:48#clientIp:119.30.39.133
2022.7.3 05:11:48#card type:6
2022.7.3 05:11:48#totalamount:82000
2022.7.3 05:11:57#result:TRANSACTION_ID:ZLu2ulSeLd1gorDgrPUie2vzESE=
2022.7.3 05:11:57#Forward to DBBL Payment Gateway Page: https://ecom1.dutchbanglabank.com/ecomm2/ClientHandler?card_type=6&trans_id=ZLu2ulSeLd1gorDgrPUie2vzESE%3D
2022.7.3 05:11:58#=================== Start New Transaction ===================
2022.7.3 05:11:58#txnrefnum:MBB2101553
2022.7.3 05:11:58#clientIp:119.30.39.133
2022.7.3 05:11:58#card type:6
2022.7.3 05:11:58#totalamount:82000
2022.7.3 05:12:00#result:TRANSACTION_ID:YaDFjhctDP2AbJkfLCozyybqyyo=
2022.7.3 05:12:00#Forward to DBBL Payment Gateway Page: https://ecom1.dutchbanglabank.com/ecomm2/ClientHandler?card_type=6&trans_id=YaDFjhctDP2AbJkfLCozyybqyyo%3D
2022.7.3 05:12:00#=================== Start New Transaction ===================
2022.7.3 05:12:00#txnrefnum:MBB2101553
2022.7.3 05:12:00#clientIp:119.30.39.133
2022.7.3 05:12:00#card type:6
2022.7.3 05:12:00#totalamount:82000
2022.7.3 05:12:10#result:TRANSACTION_ID:Insu2SSyFVvETfu37oAePnfqsDg=
2022.7.3 05:12:10#Forward to DBBL Payment Gateway Page: https://ecom1.dutchbanglabank.com/ecomm2/ClientHandler?card_type=6&trans_id=Insu2SSyFVvETfu37oAePnfqsDg%3D
2022.7.3 05:12:10#=================== Start New Transaction ===================
2022.7.3 05:12:10#txnrefnum:MBB2101553
2022.7.3 05:12:10#clientIp:119.30.39.133
2022.7.3 05:12:10#card type:6
2022.7.3 05:12:10#totalamount:82000
2022.7.3 05:12:11#result:TRANSACTION_ID:2KhRa7vnw099jcOUe4D6Xeqc1CQ=
2022.7.3 05:12:11#Forward to DBBL Payment Gateway Page: https://ecom1.dutchbanglabank.com/ecomm2/ClientHandler?card_type=6&trans_id=2KhRa7vnw099jcOUe4D6Xeqc1CQ%3D
2022.7.3 05:12:21#result:TRANSACTION_ID:PbylI6LWqjtD7cMLTqV2ukfPjTU=
2022.7.3 05:12:21#Forward to DBBL Payment Gateway Page: https://ecom1.dutchbanglabank.com/ecomm2/ClientHandler?card_type=6&trans_id=PbylI6LWqjtD7cMLTqV2ukfPjTU%3D
2022.7.3 05:12:37#=================== Start New Transaction ===================
2022.7.3 05:12:37#txnrefnum:MBB2101553
2022.7.3 05:12:37#clientIp:103.120.220.44
2022.7.3 05:12:37#card type:6
2022.7.3 05:12:37#totalamount:82000
2022.7.3 05:12:47#result:TRANSACTION_ID:80SvF2sHUFTnFzFzSPlQcwfyTcc=
2022.7.3 05:12:47#Forward to DBBL Payment Gateway Page: https://ecom1.dutchbanglabank.com/ecomm2/ClientHandler?card_type=6&trans_id=80SvF2sHUFTnFzFzSPlQcwfyTcc%3D
2022.7.3 05:31:54#=================== Start New Transaction ===================
2022.7.3 05:31:54#txnrefnum:MSC22111388
2022.7.3 05:31:54#clientIp:43.224.109.198
2022.7.3 05:31:54#card type:6
2022.7.3 05:31:54#totalamount:162000
2022.7.3 05:32:00#result:TRANSACTION_ID:fmfEPIQcOXquRMRjAfhxMulFtGU=
2022.7.3 05:32:01#Forward to DBBL Payment Gateway Page: https://ecom1.dutchbanglabank.com/ecomm2/ClientHandler?card_type=6&trans_id=fmfEPIQcOXquRMRjAfhxMulFtGU%3D
2022.7.3 05:35:46#---------------------- Complete New Transaction---------------------
2022.7.3 05:35:46#Get trans_id From Post Value:fmfEPIQcOXquRMRjAfhxMulFtGU=
2022.7.3 05:35:55#clientIp:43.224.109.198
2022.7.3 05:35:55#trans_id:fmfEPIQcOXquRMRjAfhxMulFtGU=
2022.7.3 05:36:01#result:RESULT>OK^RESULT_CODE>000^3DSECURE>SKIPPED^RRN>218405663020^APPROVAL_CODE>396189^CARD_NUMBER>999999*********0449^AMOUNT>162000^CARDNAME>mb account^DESCRIPTION>6MSC22111388^TRANS_DATE>2022-07-03 11:35:45 AM
2022.7.3 05:36:01#32128703053601
2022.7.3 05:36:01#=================== Transaction Completed =======================
2022.7.3 05:54:37#=================== Start New Transaction ===================
2022.7.3 05:54:37#txnrefnum:MSC21111330
2022.7.3 05:54:37#clientIp:103.162.230.239
2022.7.3 05:54:37#card type:6
2022.7.3 05:54:37#totalamount:2000
2022.7.3 05:54:38#=================== Start New Transaction ===================
2022.7.3 05:54:38#txnrefnum:MSC21111330
2022.7.3 05:54:38#clientIp:103.162.230.239
2022.7.3 05:54:38#card type:6
2022.7.3 05:54:38#totalamount:2000
2022.7.3 05:54:52#result:TRANSACTION_ID:PBT4IDdfmQqZK9ymeVDjL0v9pSA=
2022.7.3 05:54:52#Forward to DBBL Payment Gateway Page: https://ecom1.dutchbanglabank.com/ecomm2/ClientHandler?card_type=6&trans_id=PBT4IDdfmQqZK9ymeVDjL0v9pSA%3D
2022.7.3 05:54:57#result:TRANSACTION_ID:9Naj5rnK7D4F65zDl7isXXjWgBg=
2022.7.3 05:54:57#Forward to DBBL Payment Gateway Page: https://ecom1.dutchbanglabank.com/ecomm2/ClientHandler?card_type=6&trans_id=9Naj5rnK7D4F65zDl7isXXjWgBg%3D
2022.7.3 06:27:01#=================== Start New Transaction ===================
2022.7.3 06:27:01#txnrefnum:MBD2003113
2022.7.3 06:27:01#clientIp:119.30.39.130
2022.7.3 06:27:01#card type:6
2022.7.3 06:27:01#totalamount:462000
2022.7.3 06:27:15#result:TRANSACTION_ID:PiW8nHyU7FFbBkSgICShZcrJmpg=
2022.7.3 06:27:15#Forward to DBBL Payment Gateway Page: https://ecom1.dutchbanglabank.com/ecomm2/ClientHandler?card_type=6&trans_id=PiW8nHyU7FFbBkSgICShZcrJmpg%3D
2022.7.3 06:28:42#---------------------- Complete New Transaction---------------------
2022.7.3 06:28:42#Get trans_id From Post Value:PiW8nHyU7FFbBkSgICShZcrJmpg=
2022.7.3 06:28:42#clientIp:119.30.39.130
2022.7.3 06:28:42#trans_id:PiW8nHyU7FFbBkSgICShZcrJmpg=
2022.7.3 06:28:47#result:RESULT>OK^RESULT_CODE>000^3DSECURE>SKIPPED^RRN>218406668882^APPROVAL_CODE>707117^CARD_NUMBER>999999*********5808^AMOUNT>462000^CARDNAME>mb account^DESCRIPTION>6MBD2003113^TRANS_DATE>2022-07-03 12:28:39 PM
2022.7.3 06:28:47#12811703062847
2022.7.3 06:28:47#12811703062847
2022.7.3 06:28:47#12811703062847
2022.7.3 06:28:47#12811703062847
2022.7.3 06:28:47#12811703062847
2022.7.3 06:28:47#12811703062847
2022.7.3 06:28:47#=================== Transaction Completed =======================
2022.7.3 06:39:11#=================== Start New Transaction ===================
2022.7.3 06:39:11#txnrefnum:MBD2209041
2022.7.3 06:39:11#clientIp:43.224.109.198
2022.7.3 06:39:11#card type:6
2022.7.3 06:39:11#totalamount:242000
2022.7.3 06:39:14#=================== Start New Transaction ===================
2022.7.3 06:39:14#txnrefnum:MBD2209041
2022.7.3 06:39:14#clientIp:43.224.109.198
2022.7.3 06:39:14#card type:6
2022.7.3 06:39:14#totalamount:242000
2022.7.3 06:39:22#result:TRANSACTION_ID:dBsyRp7qBw6JPJPXU2HUCDgzpP0=
2022.7.3 06:39:22#Forward to DBBL Payment Gateway Page: https://ecom1.dutchbanglabank.com/ecomm2/ClientHandler?card_type=6&trans_id=dBsyRp7qBw6JPJPXU2HUCDgzpP0%3D
2022.7.3 06:39:24#result:TRANSACTION_ID:KYmaoprLFCluza4Ma9u9Bu0Pkj8=
2022.7.3 06:39:24#Forward to DBBL Payment Gateway Page: https://ecom1.dutchbanglabank.com/ecomm2/ClientHandler?card_type=6&trans_id=KYmaoprLFCluza4Ma9u9Bu0Pkj8%3D
2022.7.3 06:39:25#=================== Start New Transaction ===================
2022.7.3 06:39:25#txnrefnum:MBD2209041
2022.7.3 06:39:25#clientIp:43.224.109.198
2022.7.3 06:39:25#card type:6
2022.7.3 06:39:25#totalamount:242000
2022.7.3 06:39:33#result:TRANSACTION_ID:CeqVG6prABSStdTWTNPPj6FhIB4=
2022.7.3 06:39:33#Forward to DBBL Payment Gateway Page: https://ecom1.dutchbanglabank.com/ecomm2/ClientHandler?card_type=6&trans_id=CeqVG6prABSStdTWTNPPj6FhIB4%3D
2022.7.3 06:40:25#---------------------- Complete New Transaction---------------------
2022.7.3 06:40:25#Get trans_id From Post Value:CeqVG6prABSStdTWTNPPj6FhIB4=
2022.7.3 06:40:25#clientIp:43.224.109.198
2022.7.3 06:40:25#trans_id:CeqVG6prABSStdTWTNPPj6FhIB4=
2022.7.3 06:40:28#result:RESULT>OK^RESULT_CODE>000^3DSECURE>SKIPPED^RRN>218406670210^APPROVAL_CODE>724167^CARD_NUMBER>999999*********0449^AMOUNT>242000^CARDNAME>mb account^DESCRIPTION>6MBD2209041^TRANS_DATE>2022-07-03 12:40:23 PM
2022.7.3 06:40:28#20321903064028
2022.7.3 06:40:28#20321903064028
2022.7.3 06:40:28#20321903064028
2022.7.3 06:40:28#=================== Transaction Completed =======================
2022.7.3 06:48:09#=================== Start New Transaction ===================
2022.7.3 06:48:09#txnrefnum:BBD2007015
2022.7.3 06:48:09#clientIp:114.130.157.47
2022.7.3 06:48:09#card type:6
2022.7.3 06:48:09#totalamount:402000
2022.7.3 06:48:20#result:TRANSACTION_ID:9d20B7j8MCGuYVkFOzEpCzd4nyE=
2022.7.3 06:48:20#Forward to DBBL Payment Gateway Page: https://ecom1.dutchbanglabank.com/ecomm2/ClientHandler?card_type=6&trans_id=9d20B7j8MCGuYVkFOzEpCzd4nyE%3D
2022.7.3 06:48:52#---------------------- Complete New Transaction---------------------
2022.7.3 06:48:52#Get trans_id From Post Value:9d20B7j8MCGuYVkFOzEpCzd4nyE=
2022.7.3 06:48:52#clientIp:114.130.157.47
2022.7.3 06:48:52#trans_id:9d20B7j8MCGuYVkFOzEpCzd4nyE=
2022.7.3 06:48:56#result:RESULT>OK^RESULT_CODE>000^3DSECURE>SKIPPED^RRN>218406671257^APPROVAL_CODE>781820^CARD_NUMBER>999999*********3728^AMOUNT>402000^CARDNAME>mb account^DESCRIPTION>6BBD2007015^TRANS_DATE>2022-07-03 12:48:50 PM
2022.7.3 06:48:56#25944103064856
2022.7.3 06:48:56#25944103064856
2022.7.3 06:48:56#25944103064856
2022.7.3 06:48:56#25944103064856
2022.7.3 06:48:56#25944103064856
2022.7.3 06:48:56#=================== Transaction Completed =======================
2022.7.3 07:15:22#=================== Start New Transaction ===================
2022.7.3 07:15:22#txnrefnum:MSC21111061
2022.7.3 07:15:22#clientIp:43.224.109.198
2022.7.3 07:15:22#card type:6
2022.7.3 07:15:22#totalamount:1585000
2022.7.3 07:15:26#result:TRANSACTION_ID:USnLkPIghONREu4mG7DlW2CycT0=
2022.7.3 07:15:26#Forward to DBBL Payment Gateway Page: https://ecom1.dutchbanglabank.com/ecomm2/ClientHandler?card_type=6&trans_id=USnLkPIghONREu4mG7DlW2CycT0%3D
2022.7.3 07:16:53#=================== Start New Transaction ===================
2022.7.3 07:16:53#txnrefnum:MSC21111061
2022.7.3 07:16:53#clientIp:43.224.109.198
2022.7.3 07:16:53#card type:6
2022.7.3 07:16:53#totalamount:1585000
2022.7.3 07:16:58#=================== Start New Transaction ===================
2022.7.3 07:16:58#txnrefnum:MSC21111061
2022.7.3 07:16:58#clientIp:43.224.109.198
2022.7.3 07:16:58#card type:6
2022.7.3 07:16:58#totalamount:1585000
2022.7.3 07:17:03#result:TRANSACTION_ID:wv1j0WDNC7ynPaS4walMTVEPXC4=
2022.7.3 07:17:03#Forward to DBBL Payment Gateway Page: https://ecom1.dutchbanglabank.com/ecomm2/ClientHandler?card_type=6&trans_id=wv1j0WDNC7ynPaS4walMTVEPXC4%3D
2022.7.3 07:17:03#=================== Start New Transaction ===================
2022.7.3 07:17:03#txnrefnum:MSC21111061
2022.7.3 07:17:03#clientIp:43.224.109.198
2022.7.3 07:17:03#card type:6
2022.7.3 07:17:03#totalamount:1585000
2022.7.3 07:17:09#result:TRANSACTION_ID:JAqGJZTSBYChs8s8fTo8oKY00sI=
2022.7.3 07:17:09#Forward to DBBL Payment Gateway Page: https://ecom1.dutchbanglabank.com/ecomm2/ClientHandler?card_type=6&trans_id=JAqGJZTSBYChs8s8fTo8oKY00sI%3D
2022.7.3 07:17:13#result:TRANSACTION_ID:MwPm80iz233zd2axizUqt57eO70=
2022.7.3 07:17:13#Forward to DBBL Payment Gateway Page: https://ecom1.dutchbanglabank.com/ecomm2/ClientHandler?card_type=6&trans_id=MwPm80iz233zd2axizUqt57eO70%3D
2022.7.3 07:18:00#---------------------- Complete New Transaction---------------------
2022.7.3 07:18:00#Get trans_id From Post Value:MwPm80iz233zd2axizUqt57eO70=
2022.7.3 07:18:00#clientIp:43.224.109.198
2022.7.3 07:18:00#trans_id:MwPm80iz233zd2axizUqt57eO70=
2022.7.3 07:18:05#result:RESULT>OK^RESULT_CODE>000^3DSECURE>SKIPPED^RRN>218407675043^APPROVAL_CODE>917706^CARD_NUMBER>999999*********0449^AMOUNT>1585000^CARDNAME>mb account^DESCRIPTION>6MSC21111061^TRANS_DATE>2022-07-03 01:17:59 PM
2022.7.3 07:18:05#564503071805
2022.7.3 07:18:05#564503071805
2022.7.3 07:18:05#564503071805
2022.7.3 07:18:05#564503071805
2022.7.3 07:18:05#564503071805
2022.7.3 07:18:05#564503071805
2022.7.3 07:18:05#564503071805
2022.7.3 07:18:05#564503071805
2022.7.3 07:18:05#564503071805
2022.7.3 07:18:05#564503071805
2022.7.3 07:18:05#=================== Transaction Completed =======================
2022.7.3 07:33:21#=================== Start New Transaction ===================
2022.7.3 07:33:21#txnrefnum:MBD2203314
2022.7.3 07:33:21#clientIp:43.224.109.198
2022.7.3 07:33:21#card type:6
2022.7.3 07:33:21#totalamount:82000
2022.7.3 07:33:25#result:TRANSACTION_ID:RUTvx1XEoiv5Q5K80cLScYSHo3s=
2022.7.3 07:33:25#Forward to DBBL Payment Gateway Page: https://ecom1.dutchbanglabank.com/ecomm2/ClientHandler?card_type=6&trans_id=RUTvx1XEoiv5Q5K80cLScYSHo3s%3D
2022.7.3 07:34:59#---------------------- Complete New Transaction---------------------
2022.7.3 07:34:59#Get trans_id From Post Value:RUTvx1XEoiv5Q5K80cLScYSHo3s=
2022.7.3 07:34:59#clientIp:43.224.109.198
2022.7.3 07:34:59#trans_id:RUTvx1XEoiv5Q5K80cLScYSHo3s=
2022.7.3 07:35:01#result:RESULT>OK^RESULT_CODE>000^3DSECURE>SKIPPED^RRN>218407677171^APPROVAL_CODE>966145^CARD_NUMBER>999999*********0449^AMOUNT>82000^CARDNAME>mb account^DESCRIPTION>6MBD2203314^TRANS_DATE>2022-07-03 01:34:57 PM
2022.7.3 07:35:01#10558403073501
2022.7.3 07:35:01#=================== Transaction Completed =======================
2022.7.3 07:55:39#=================== Start New Transaction ===================
2022.7.3 07:55:39#txnrefnum:MBD2201443
2022.7.3 07:55:39#clientIp:103.67.157.28
2022.7.3 07:55:39#card type:6
2022.7.3 07:55:39#totalamount:82000
2022.7.3 07:55:44#result:TRANSACTION_ID:9KalERv0Mkf98mSEJ59d60PROtc=
2022.7.3 07:55:44#Forward to DBBL Payment Gateway Page: https://ecom1.dutchbanglabank.com/ecomm2/ClientHandler?card_type=6&trans_id=9KalERv0Mkf98mSEJ59d60PROtc%3D
2022.7.3 08:36:07#=================== Start New Transaction ===================
2022.7.3 08:36:07#txnrefnum:MBB2101553
2022.7.3 08:36:07#clientIp:103.120.220.44
2022.7.3 08:36:07#card type:6
2022.7.3 08:36:07#totalamount:82000
2022.7.3 08:36:08#=================== Start New Transaction ===================
2022.7.3 08:36:08#txnrefnum:MBB2101553
2022.7.3 08:36:08#clientIp:103.120.220.44
2022.7.3 08:36:08#card type:6
2022.7.3 08:36:08#totalamount:82000
2022.7.3 08:36:09#=================== Start New Transaction ===================
2022.7.3 08:36:09#txnrefnum:MBB2101553
2022.7.3 08:36:09#clientIp:103.120.220.44
2022.7.3 08:36:09#card type:6
2022.7.3 08:36:09#totalamount:82000
2022.7.3 08:36:16#result:TRANSACTION_ID:aU3srwJIybQg7MXTcjK7fKW0YKw=
2022.7.3 08:36:16#Forward to DBBL Payment Gateway Page: https://ecom1.dutchbanglabank.com/ecomm2/ClientHandler?card_type=6&trans_id=aU3srwJIybQg7MXTcjK7fKW0YKw%3D
2022.7.3 08:36:16#result:TRANSACTION_ID:K6LrZqbhMVenvZG0taiu1iBzPVY=
2022.7.3 08:36:16#Forward to DBBL Payment Gateway Page: https://ecom1.dutchbanglabank.com/ecomm2/ClientHandler?card_type=6&trans_id=K6LrZqbhMVenvZG0taiu1iBzPVY%3D
2022.7.3 08:36:16#=================== Start New Transaction ===================
2022.7.3 08:36:16#txnrefnum:MBB2101553
2022.7.3 08:36:16#clientIp:103.120.220.44
2022.7.3 08:36:16#card type:6
2022.7.3 08:36:16#totalamount:82000
2022.7.3 08:36:18#result:TRANSACTION_ID:y5VP7yabcrUriMRHn8dP2a5Glmg=
2022.7.3 08:36:18#Forward to DBBL Payment Gateway Page: https://ecom1.dutchbanglabank.com/ecomm2/ClientHandler?card_type=6&trans_id=y5VP7yabcrUriMRHn8dP2a5Glmg%3D
2022.7.3 08:36:23#result:TRANSACTION_ID:fcsSLP6K63CsZMY4BSLBD6xojHQ=
2022.7.3 08:36:23#Forward to DBBL Payment Gateway Page: https://ecom1.dutchbanglabank.com/ecomm2/ClientHandler?card_type=6&trans_id=fcsSLP6K63CsZMY4BSLBD6xojHQ%3D
2022.7.3 08:36:23#=================== Start New Transaction ===================
2022.7.3 08:36:23#txnrefnum:MBB2101553
2022.7.3 08:36:23#clientIp:103.120.220.44
2022.7.3 08:36:23#card type:6
2022.7.3 08:36:23#totalamount:82000
2022.7.3 08:36:24#=================== Start New Transaction ===================
2022.7.3 08:36:24#txnrefnum:MBB2101553
2022.7.3 08:36:24#clientIp:103.120.220.44
2022.7.3 08:36:24#card type:6
2022.7.3 08:36:24#totalamount:82000
2022.7.3 08:36:33#result:TRANSACTION_ID:39JlPJJ4l7Fo7By6wPBJI67thX4=
2022.7.3 08:36:33#Forward to DBBL Payment Gateway Page: https://ecom1.dutchbanglabank.com/ecomm2/ClientHandler?card_type=6&trans_id=39JlPJJ4l7Fo7By6wPBJI67thX4%3D
2022.7.3 08:36:34#result:TRANSACTION_ID:qPxuI1QKLNRPHtEnnxTKDqzRnzw=
2022.7.3 08:36:34#Forward to DBBL Payment Gateway Page: https://ecom1.dutchbanglabank.com/ecomm2/ClientHandler?card_type=6&trans_id=qPxuI1QKLNRPHtEnnxTKDqzRnzw%3D
2022.7.3 08:36:49#---------------------- Complete New Transaction---------------------
2022.7.3 08:36:49#Get trans_id From Post Value:odsPMZXW1BDTtp1AEBS3oOK8Eys=
2022.7.3 08:36:49#clientIp:103.184.94.4
2022.7.3 08:36:49#trans_id:odsPMZXW1BDTtp1AEBS3oOK8Eys=
2022.7.3 08:36:54#result:RESULT>TIMEOUT^RESULT_CODE>999^3DSECURE>0^RRN>0^APPROVAL_CODE>0^CARD_NUMBER>0^AMOUNT>82000^CARDNAME>0^DESCRIPTION>6MBM2006140^TRANS_DATE>2022-07-03 02:36:48 PM
2022.7.3 08:36:54#Failed
2022.7.3 08:38:35#---------------------- Complete New Transaction---------------------
2022.7.3 08:38:35#Get trans_id From Post Value:qPxuI1QKLNRPHtEnnxTKDqzRnzw=
2022.7.3 08:38:35#clientIp:103.120.220.44
2022.7.3 08:38:35#trans_id:qPxuI1QKLNRPHtEnnxTKDqzRnzw=
2022.7.3 08:38:38#result:RESULT>OK^RESULT_CODE>000^3DSECURE>SKIPPED^RRN>218408683998^APPROVAL_CODE>182421^CARD_NUMBER>999999*********7520^AMOUNT>82000^CARDNAME>mb account^DESCRIPTION>6MBB2101553^TRANS_DATE>2022-07-03 02:38:33 PM
2022.7.3 08:38:38#8179203083838
2022.7.3 08:38:38#=================== Transaction Completed =======================
2022.7.3 11:30:36#=================== Start New Transaction ===================
2022.7.3 11:30:36#txnrefnum:MBD2004259
2022.7.3 11:30:36#clientIp:103.152.143.189
2022.7.3 11:30:36#card type:6
2022.7.3 11:30:36#totalamount:82000
2022.7.3 11:30:38#=================== Start New Transaction ===================
2022.7.3 11:30:38#txnrefnum:MBD2004259
2022.7.3 11:30:38#clientIp:103.152.143.189
2022.7.3 11:30:38#card type:6
2022.7.3 11:30:38#totalamount:82000
2022.7.3 11:31:07#result:TRANSACTION_ID:vATF6GfcHQxYkSPwX62paZcHRDU=
2022.7.3 11:31:07#Forward to DBBL Payment Gateway Page: https://ecom1.dutchbanglabank.com/ecomm2/ClientHandler?card_type=6&trans_id=vATF6GfcHQxYkSPwX62paZcHRDU%3D
2022.7.3 11:31:15#result:TRANSACTION_ID:OeS7Vg0fUenqv5AFIAED8W1yR64=
2022.7.3 11:31:15#Forward to DBBL Payment Gateway Page: https://ecom1.dutchbanglabank.com/ecomm2/ClientHandler?card_type=6&trans_id=OeS7Vg0fUenqv5AFIAED8W1yR64%3D
2022.7.3 11:31:46#---------------------- Complete New Transaction---------------------
2022.7.3 11:31:46#Get trans_id From Post Value:OeS7Vg0fUenqv5AFIAED8W1yR64=
2022.7.3 11:31:46#clientIp:103.152.143.189
2022.7.3 11:31:46#trans_id:OeS7Vg0fUenqv5AFIAED8W1yR64=
2022.7.3 11:31:58#result:RESULT>OK^RESULT_CODE>000^3DSECURE>SKIPPED^RRN>218411700349^APPROVAL_CODE>828032^CARD_NUMBER>999999*********1612^AMOUNT>82000^CARDNAME>mb account^DESCRIPTION>6MBD2004259^TRANS_DATE>2022-07-03 05:31:46 PM
2022.7.3 11:31:58#14169703113158
2022.7.3 11:31:58#=================== Transaction Completed =======================
2022.7.3 13:33:08#=================== Start New Transaction ===================
2022.7.3 13:33:08#txnrefnum:BBD2207005
2022.7.3 13:33:08#clientIp:123.253.65.224
2022.7.3 13:33:08#card type:6
2022.7.3 13:33:08#totalamount:82000
2022.7.3 13:33:45#result:TRANSACTION_ID:wi7CGDSCPCg5MbmySk11wSXpMFY=
2022.7.3 13:33:46#Forward to DBBL Payment Gateway Page: https://ecom1.dutchbanglabank.com/ecomm2/ClientHandler?card_type=6&trans_id=wi7CGDSCPCg5MbmySk11wSXpMFY%3D
2022.7.3 13:34:10#---------------------- Complete New Transaction---------------------
2022.7.3 13:34:10#Get trans_id From Post Value:wi7CGDSCPCg5MbmySk11wSXpMFY=
2022.7.3 13:34:10#clientIp:123.253.65.224
2022.7.3 13:34:10#trans_id:wi7CGDSCPCg5MbmySk11wSXpMFY=
2022.7.3 13:34:19#result:RESULT>OK^RESULT_CODE>000^3DSECURE>SKIPPED^RRN>218413712182^APPROVAL_CODE>299955^CARD_NUMBER>999999*********0313^AMOUNT>82000^CARDNAME>mb account^DESCRIPTION>6BBD2207005^TRANS_DATE>2022-07-03 07:34:09 PM
2022.7.3 13:34:19#31001603013419
2022.7.3 13:34:19#=================== Transaction Completed =======================
2022.7.3 13:45:06#=================== Start New Transaction ===================
2022.7.3 13:45:06#txnrefnum:MBD2008017
2022.7.3 13:45:06#clientIp:114.130.156.186
2022.7.3 13:45:06#card type:6
2022.7.3 13:45:06#totalamount:482000
2022.7.3 13:45:45#result:TRANSACTION_ID:zRtqPiUwwPfPrnV73dcAbpdvwTc=
2022.7.3 13:45:45#Forward to DBBL Payment Gateway Page: https://ecom1.dutchbanglabank.com/ecomm2/ClientHandler?card_type=6&trans_id=zRtqPiUwwPfPrnV73dcAbpdvwTc%3D
2022.7.3 13:46:03#---------------------- Complete New Transaction---------------------
2022.7.3 13:46:03#Get trans_id From Post Value:zRtqPiUwwPfPrnV73dcAbpdvwTc=
2022.7.3 13:46:03#clientIp:114.130.156.186
2022.7.3 13:46:03#trans_id:zRtqPiUwwPfPrnV73dcAbpdvwTc=
2022.7.3 13:46:09#result:RESULT>OK^RESULT_CODE>000^3DSECURE>SKIPPED^RRN>218413713336^APPROVAL_CODE>666129^CARD_NUMBER>999999*********7394^AMOUNT>482000^CARDNAME>mb account^DESCRIPTION>6MBD2008017^TRANS_DATE>2022-07-03 07:46:02 PM
2022.7.3 13:46:09#21034103014609
2022.7.3 13:46:09#21034103014609
2022.7.3 13:46:09#21034103014609
2022.7.3 13:46:09#21034103014609
2022.7.3 13:46:09#21034103014609
2022.7.3 13:46:09#21034103014609
2022.7.3 13:46:09#=================== Transaction Completed =======================
2022.7.3 14:03:27#=================== Start New Transaction ===================
2022.7.3 14:03:27#txnrefnum:MSC22111391
2022.7.3 14:03:27#clientIp:103.91.130.34
2022.7.3 14:03:27#card type:6
2022.7.3 14:03:27#totalamount:102000
2022.7.3 14:04:03#result:TRANSACTION_ID:lsx17v4VSC86eusxKd96ifhJIVI=
2022.7.3 14:04:03#Forward to DBBL Payment Gateway Page: https://ecom1.dutchbanglabank.com/ecomm2/ClientHandler?card_type=6&trans_id=lsx17v4VSC86eusxKd96ifhJIVI%3D
2022.7.3 14:33:08#=================== Start New Transaction ===================
2022.7.3 14:33:08#txnrefnum:MBB2106153
2022.7.3 14:33:08#clientIp:103.58.75.15
2022.7.3 14:33:08#card type:6
2022.7.3 14:33:08#totalamount:82000
2022.7.3 14:33:12#=================== Start New Transaction ===================
2022.7.3 14:33:12#txnrefnum:MBB2106153
2022.7.3 14:33:12#clientIp:103.58.75.15
2022.7.3 14:33:12#card type:6
2022.7.3 14:33:12#totalamount:82000
2022.7.3 14:33:38#result:TRANSACTION_ID:tvz0E91ejRoKaMuBAFYrAI20qNE=
2022.7.3 14:33:38#Forward to DBBL Payment Gateway Page: https://ecom1.dutchbanglabank.com/ecomm2/ClientHandler?card_type=6&trans_id=tvz0E91ejRoKaMuBAFYrAI20qNE%3D
2022.7.3 14:33:39#result:TRANSACTION_ID:RAdJknqFSS8SlJsELkZmfVRQwlg=
2022.7.3 14:33:39#Forward to DBBL Payment Gateway Page: https://ecom1.dutchbanglabank.com/ecomm2/ClientHandler?card_type=6&trans_id=RAdJknqFSS8SlJsELkZmfVRQwlg%3D
2022.7.3 14:34:53#=================== Start New Transaction ===================
2022.7.3 14:34:53#txnrefnum:MBB2106153
2022.7.3 14:34:53#clientIp:103.58.75.15
2022.7.3 14:34:53#card type:6
2022.7.3 14:34:53#totalamount:82000
2022.7.3 14:35:23#result:TRANSACTION_ID:PkOVKVbV2IAt4C20EVcLZPRtfUY=
2022.7.3 14:35:23#Forward to DBBL Payment Gateway Page: https://ecom1.dutchbanglabank.com/ecomm2/ClientHandler?card_type=6&trans_id=PkOVKVbV2IAt4C20EVcLZPRtfUY%3D
2022.7.3 14:38:09#=================== Start New Transaction ===================
2022.7.3 14:38:09#txnrefnum:MBB2106153
2022.7.3 14:38:09#clientIp:103.58.75.15
2022.7.3 14:38:09#card type:6
2022.7.3 14:38:09#totalamount:82000
2022.7.3 14:38:36#result:TRANSACTION_ID:VdSu1bK4e5t3ApwFwIusGSYdARc=
2022.7.3 14:38:36#Forward to DBBL Payment Gateway Page: https://ecom1.dutchbanglabank.com/ecomm2/ClientHandler?card_type=6&trans_id=VdSu1bK4e5t3ApwFwIusGSYdARc%3D
2022.7.3 14:39:50#---------------------- Complete New Transaction---------------------
2022.7.3 14:39:50#Get trans_id From Post Value:VdSu1bK4e5t3ApwFwIusGSYdARc=
2022.7.3 14:39:50#clientIp:103.58.75.15
2022.7.3 14:39:50#trans_id:VdSu1bK4e5t3ApwFwIusGSYdARc=
2022.7.3 14:39:56#result:RESULT>OK^RESULT_CODE>000^3DSECURE>SKIPPED^RRN>218414718562^APPROVAL_CODE>979387^CARD_NUMBER>999999*********5314^AMOUNT>82000^CARDNAME>mb account^DESCRIPTION>6MBB2106153^TRANS_DATE>2022-07-03 08:39:49 PM
2022.7.3 14:39:56#16533803023956
2022.7.3 14:39:56#=================== Transaction Completed =======================
2022.7.3 15:37:52#=================== Start New Transaction ===================
2022.7.3 15:37:52#txnrefnum:MSC22111381
2022.7.3 15:37:52#clientIp:119.30.38.13
2022.7.3 15:37:52#card type:6
2022.7.3 15:37:52#totalamount:262000
2022.7.3 15:38:09#=================== Start New Transaction ===================
2022.7.3 15:38:09#txnrefnum:MSC22111381
2022.7.3 15:38:09#clientIp:119.30.38.13
2022.7.3 15:38:09#card type:6
2022.7.3 15:38:09#totalamount:262000
2022.7.3 15:38:21#result:TRANSACTION_ID:RlSPzqhPSAOrWhgd9x35Xnl4SoM=
2022.7.3 15:38:21#Forward to DBBL Payment Gateway Page: https://ecom1.dutchbanglabank.com/ecomm2/ClientHandler?card_type=6&trans_id=RlSPzqhPSAOrWhgd9x35Xnl4SoM%3D
2022.7.3 15:38:31#result:TRANSACTION_ID:WI82LMo5bdy8gZW08JduNkhadFs=
2022.7.3 15:38:31#Forward to DBBL Payment Gateway Page: https://ecom1.dutchbanglabank.com/ecomm2/ClientHandler?card_type=6&trans_id=WI82LMo5bdy8gZW08JduNkhadFs%3D
2022.7.3 16:02:32#=================== Start New Transaction ===================
2022.7.3 16:02:32#txnrefnum:MSC22111381
2022.7.3 16:02:32#clientIp:103.62.140.119
2022.7.3 16:02:32#card type:6
2022.7.3 16:02:32#totalamount:262000
2022.7.3 16:02:44#result:TRANSACTION_ID:DKkIjnRE81GuxxD2PV4aRfXlQnw=
2022.7.3 16:02:44#Forward to DBBL Payment Gateway Page: https://ecom1.dutchbanglabank.com/ecomm2/ClientHandler?card_type=6&trans_id=DKkIjnRE81GuxxD2PV4aRfXlQnw%3D
2022.7.3 16:04:21#---------------------- Complete New Transaction---------------------
2022.7.3 16:04:21#Get trans_id From Post Value:DKkIjnRE81GuxxD2PV4aRfXlQnw=
2022.7.3 16:04:21#clientIp:103.62.140.119
2022.7.3 16:04:21#trans_id:DKkIjnRE81GuxxD2PV4aRfXlQnw=
2022.7.3 16:04:24#result:RESULT>OK^RESULT_CODE>000^3DSECURE>SKIPPED^RRN>218416725795^APPROVAL_CODE>475912^CARD_NUMBER>999999*********8527^AMOUNT>262000^CARDNAME>mb account^DESCRIPTION>6MSC22111381^TRANS_DATE>2022-07-03 10:04:20 PM
2022.7.3 16:04:24#32104503040424
2022.7.3 16:04:24#32104503040424
2022.7.3 16:04:24#=================== Transaction Completed =======================
2022.7.3 16:30:04#=================== Start New Transaction ===================
2022.7.3 16:30:04#txnrefnum:MBD2209142
2022.7.3 16:30:04#clientIp:103.140.176.150
2022.7.3 16:30:04#card type:6
2022.7.3 16:30:04#totalamount:82000
2022.7.3 16:30:11#result:TRANSACTION_ID:bvOZZ7HDJkiwCPxSzS4AV4X6cOI=
2022.7.3 16:30:11#Forward to DBBL Payment Gateway Page: https://ecom1.dutchbanglabank.com/ecomm2/ClientHandler?card_type=6&trans_id=bvOZZ7HDJkiwCPxSzS4AV4X6cOI%3D
2022.7.3 16:33:03#---------------------- Complete New Transaction---------------------
2022.7.3 16:33:03#Get trans_id From Post Value:bvOZZ7HDJkiwCPxSzS4AV4X6cOI=
2022.7.3 16:33:03#clientIp:103.140.176.150
2022.7.3 16:33:03#trans_id:bvOZZ7HDJkiwCPxSzS4AV4X6cOI=
2022.7.3 16:33:06#result:RESULT>OK^RESULT_CODE>000^3DSECURE>SKIPPED^RRN>218416728215^APPROVAL_CODE>623346^CARD_NUMBER>999999*********6179^AMOUNT>82000^CARDNAME>mb account^DESCRIPTION>6MBD2209142^TRANS_DATE>2022-07-03 10:33:02 PM
2022.7.3 16:33:06#20443403043306
2022.7.3 16:33:06#=================== Transaction Completed =======================
2022.7.3 17:12:48#=================== Start New Transaction ===================
2022.7.3 17:12:48#txnrefnum:MSC22111072
2022.7.3 17:12:48#clientIp:103.152.143.189
2022.7.3 17:12:48#card type:6
2022.7.3 17:12:48#totalamount:262000
2022.7.3 17:12:53#result:TRANSACTION_ID:aN11aYgBP0WQizQkbcujbsBEi40=
2022.7.3 17:12:53#Forward to DBBL Payment Gateway Page: https://ecom1.dutchbanglabank.com/ecomm2/ClientHandler?card_type=6&trans_id=aN11aYgBP0WQizQkbcujbsBEi40%3D
2022.7.3 17:13:36#---------------------- Complete New Transaction---------------------
2022.7.3 17:13:36#Get trans_id From Post Value:aN11aYgBP0WQizQkbcujbsBEi40=
2022.7.3 17:13:36#clientIp:103.152.143.189
2022.7.3 17:13:36#trans_id:aN11aYgBP0WQizQkbcujbsBEi40=
2022.7.3 17:13:41#result:RESULT>OK^RESULT_CODE>000^3DSECURE>SKIPPED^RRN>218417730904^APPROVAL_CODE>774108^CARD_NUMBER>999999*********3945^AMOUNT>262000^CARDNAME>mb account^DESCRIPTION>6MSC22111072^TRANS_DATE>2022-07-03 11:13:35 PM
2022.7.3 17:13:41#173603051341
2022.7.3 17:13:41#173603051341
2022.7.3 17:13:41#=================== Transaction Completed =======================