
2022.6.27 00:57:47#=================== Start New Transaction ===================
2022.6.27 00:57:47#txnrefnum:MSC22111038
2022.6.27 00:57:47#clientIp:119.30.39.175
2022.6.27 00:57:47#card type:6
2022.6.27 00:57:47#totalamount:262000
2022.6.27 00:57:51#result:TRANSACTION_ID:Sn0B7a5LwFchOu6294bZpDlcrKw=
2022.6.27 00:57:51#Forward to DBBL Payment Gateway Page: https://ecom1.dutchbanglabank.com/ecomm2/ClientHandler?card_type=6&trans_id=Sn0B7a5LwFchOu6294bZpDlcrKw%3D
2022.6.27 00:58:09#---------------------- Complete New Transaction---------------------
2022.6.27 00:58:09#Get trans_id From Post Value:Sn0B7a5LwFchOu6294bZpDlcrKw=
2022.6.27 00:58:11#clientIp:119.30.39.175
2022.6.27 00:58:11#trans_id:Sn0B7a5LwFchOu6294bZpDlcrKw=
2022.6.27 00:58:13#result:RESULT>OK^RESULT_CODE>000^3DSECURE>SKIPPED^RRN>217800178979^APPROVAL_CODE>877765^CARD_NUMBER>999999*********1168^AMOUNT>262000^CARDNAME>mb account^DESCRIPTION>6MSC22111038^TRANS_DATE>2022-06-27 06:58:07 AM
2022.6.27 00:58:13#249227125813
2022.6.27 00:58:13#249227125813
2022.6.27 00:58:13#=================== Transaction Completed =======================
2022.6.27 00:59:26#=================== Start New Transaction ===================
2022.6.27 00:59:26#txnrefnum:MSC22110511
2022.6.27 00:59:26#clientIp:119.30.39.175
2022.6.27 00:59:26#card type:6
2022.6.27 00:59:26#totalamount:102000
2022.6.27 00:59:30#result:TRANSACTION_ID:qFF1OiqSesW7E3mxzxmyNnlj4m4=
2022.6.27 00:59:30#Forward to DBBL Payment Gateway Page: https://ecom1.dutchbanglabank.com/ecomm2/ClientHandler?card_type=6&trans_id=qFF1OiqSesW7E3mxzxmyNnlj4m4%3D
2022.6.27 00:59:44#---------------------- Complete New Transaction---------------------
2022.6.27 00:59:44#Get trans_id From Post Value:qFF1OiqSesW7E3mxzxmyNnlj4m4=
2022.6.27 00:59:44#clientIp:119.30.39.175
2022.6.27 00:59:44#trans_id:qFF1OiqSesW7E3mxzxmyNnlj4m4=
2022.6.27 00:59:47#result:RESULT>OK^RESULT_CODE>000^3DSECURE>SKIPPED^RRN>217800179003^APPROVAL_CODE>994762^CARD_NUMBER>999999*********1168^AMOUNT>102000^CARDNAME>mb account^DESCRIPTION>6MSC22110511^TRANS_DATE>2022-06-27 06:59:43 AM
2022.6.27 00:59:47#32055027125947
2022.6.27 00:59:47#=================== Transaction Completed =======================
2022.6.27 01:10:13#=================== Start New Transaction ===================
2022.6.27 01:10:13#txnrefnum:MBM2201601
2022.6.27 01:10:13#clientIp:119.30.39.175
2022.6.27 01:10:13#card type:6
2022.6.27 01:10:13#totalamount:382000
2022.6.27 01:10:17#result:TRANSACTION_ID:VSSjZxXriEQIs2d92BRd2kEkC7g=
2022.6.27 01:10:17#Forward to DBBL Payment Gateway Page: https://ecom1.dutchbanglabank.com/ecomm2/ClientHandler?card_type=6&trans_id=VSSjZxXriEQIs2d92BRd2kEkC7g%3D
2022.6.27 01:10:59#---------------------- Complete New Transaction---------------------
2022.6.27 01:10:59#Get trans_id From Post Value:VSSjZxXriEQIs2d92BRd2kEkC7g=
2022.6.27 01:10:59#clientIp:119.30.39.175
2022.6.27 01:10:59#trans_id:VSSjZxXriEQIs2d92BRd2kEkC7g=
2022.6.27 01:11:01#result:RESULT>OK^RESULT_CODE>000^3DSECURE>SKIPPED^RRN>217801179220^APPROVAL_CODE>999644^CARD_NUMBER>999999*********1168^AMOUNT>382000^CARDNAME>mb account^DESCRIPTION>6MBM2201601^TRANS_DATE>2022-06-27 07:10:58 AM
2022.6.27 01:11:01#7423327011101
2022.6.27 01:11:01#7423327011101
2022.6.27 01:11:01#7423327011101
2022.6.27 01:11:01#7423327011101
2022.6.27 01:11:01#7423327011101
2022.6.27 01:11:01#=================== Transaction Completed =======================
2022.6.27 02:36:37#=================== Start New Transaction ===================
2022.6.27 02:36:37#txnrefnum:MBM2003084
2022.6.27 02:36:37#clientIp:119.30.39.175
2022.6.27 02:36:37#card type:6
2022.6.27 02:36:37#totalamount:222000
2022.6.27 02:36:41#result:TRANSACTION_ID:7J5fPRpqPJqqklKbhA3bfMakUo4=
2022.6.27 02:36:41#Forward to DBBL Payment Gateway Page: https://ecom1.dutchbanglabank.com/ecomm2/ClientHandler?card_type=6&trans_id=7J5fPRpqPJqqklKbhA3bfMakUo4%3D
2022.6.27 02:37:52#=================== Start New Transaction ===================
2022.6.27 02:37:52#txnrefnum:MBM2003084
2022.6.27 02:37:52#clientIp:37.111.215.127
2022.6.27 02:37:52#card type:6
2022.6.27 02:37:52#totalamount:222000
2022.6.27 02:37:56#result:TRANSACTION_ID:fzCSpTQtJntagzloTlKmPKbcdjc=
2022.6.27 02:37:56#Forward to DBBL Payment Gateway Page: https://ecom1.dutchbanglabank.com/ecomm2/ClientHandler?card_type=6&trans_id=fzCSpTQtJntagzloTlKmPKbcdjc%3D
2022.6.27 02:38:26#---------------------- Complete New Transaction---------------------
2022.6.27 02:38:26#Get trans_id From Post Value:fzCSpTQtJntagzloTlKmPKbcdjc=
2022.6.27 02:38:26#clientIp:37.111.215.127
2022.6.27 02:38:26#trans_id:fzCSpTQtJntagzloTlKmPKbcdjc=
2022.6.27 02:38:29#result:RESULT>OK^RESULT_CODE>000^3DSECURE>SKIPPED^RRN>217802181928^APPROVAL_CODE>158765^CARD_NUMBER>999999*********1168^AMOUNT>222000^CARDNAME>mb account^DESCRIPTION>6MBM2003084^TRANS_DATE>2022-06-27 08:38:25 AM
2022.6.27 02:38:29#13155327023829
2022.6.27 02:38:29#13155327023829
2022.6.27 02:38:29#13155327023829
2022.6.27 02:38:29#=================== Transaction Completed =======================
2022.6.27 03:03:57#=================== Start New Transaction ===================
2022.6.27 03:03:57#txnrefnum:BBG2103083
2022.6.27 03:03:57#clientIp:114.130.156.174
2022.6.27 03:03:57#card type:6
2022.6.27 03:03:57#totalamount:62000
2022.6.27 03:04:01#result:TRANSACTION_ID:PevLVS1uiYuu55U9OBgGJZGSosA=
2022.6.27 03:04:01#Forward to DBBL Payment Gateway Page: https://ecom1.dutchbanglabank.com/ecomm2/ClientHandler?card_type=6&trans_id=PevLVS1uiYuu55U9OBgGJZGSosA%3D
2022.6.27 03:04:39#---------------------- Complete New Transaction---------------------
2022.6.27 03:04:39#Get trans_id From Post Value:PevLVS1uiYuu55U9OBgGJZGSosA=
2022.6.27 03:04:39#clientIp:114.130.156.174
2022.6.27 03:04:39#trans_id:PevLVS1uiYuu55U9OBgGJZGSosA=
2022.6.27 03:04:41#result:RESULT>OK^RESULT_CODE>000^3DSECURE>SKIPPED^RRN>217803183026^APPROVAL_CODE>190139^CARD_NUMBER>999999*********8580^AMOUNT>62000^CARDNAME>mb account^DESCRIPTION>6BBG2103083^TRANS_DATE>2022-06-27 09:04:38 AM
2022.6.27 03:04:41#30798527030441
2022.6.27 03:04:41#=================== Transaction Completed =======================
2022.6.27 03:05:37#=================== Start New Transaction ===================
2022.6.27 03:05:37#txnrefnum:BBM2007219
2022.6.27 03:05:37#clientIp:114.130.156.174
2022.6.27 03:05:37#card type:6
2022.6.27 03:05:37#totalamount:82000
2022.6.27 03:05:42#result:TRANSACTION_ID:bNPY2NQrSi1Z7gVGTLtvcHvx6SM=
2022.6.27 03:05:42#Forward to DBBL Payment Gateway Page: https://ecom1.dutchbanglabank.com/ecomm2/ClientHandler?card_type=6&trans_id=bNPY2NQrSi1Z7gVGTLtvcHvx6SM%3D
2022.6.27 03:06:15#---------------------- Complete New Transaction---------------------
2022.6.27 03:06:15#Get trans_id From Post Value:bNPY2NQrSi1Z7gVGTLtvcHvx6SM=
2022.6.27 03:06:15#clientIp:114.130.156.174
2022.6.27 03:06:15#trans_id:bNPY2NQrSi1Z7gVGTLtvcHvx6SM=
2022.6.27 03:06:18#result:RESULT>OK^RESULT_CODE>000^3DSECURE>SKIPPED^RRN>217803183099^APPROVAL_CODE>080759^CARD_NUMBER>999999*********8580^AMOUNT>82000^CARDNAME>mb account^DESCRIPTION>6BBM2007219^TRANS_DATE>2022-06-27 09:06:14 AM
2022.6.27 03:06:18#31388327030618
2022.6.27 03:06:18#=================== Transaction Completed =======================
2022.6.27 03:44:12#=================== Start New Transaction ===================
2022.6.27 03:44:12#txnrefnum:MBB2104055
2022.6.27 03:44:12#clientIp:37.111.215.127
2022.6.27 03:44:12#card type:6
2022.6.27 03:44:12#totalamount:462000
2022.6.27 03:44:16#result:TRANSACTION_ID:levWP3fASrgsnaR0mHoSJEYFj1U=
2022.6.27 03:44:16#Forward to DBBL Payment Gateway Page: https://ecom1.dutchbanglabank.com/ecomm2/ClientHandler?card_type=6&trans_id=levWP3fASrgsnaR0mHoSJEYFj1U%3D
2022.6.27 03:44:53#---------------------- Complete New Transaction---------------------
2022.6.27 03:44:53#Get trans_id From Post Value:levWP3fASrgsnaR0mHoSJEYFj1U=
2022.6.27 03:44:53#clientIp:37.111.215.127
2022.6.27 03:44:53#trans_id:levWP3fASrgsnaR0mHoSJEYFj1U=
2022.6.27 03:44:56#result:RESULT>OK^RESULT_CODE>000^3DSECURE>SKIPPED^RRN>217803185282^APPROVAL_CODE>274537^CARD_NUMBER>999999*********1168^AMOUNT>462000^CARDNAME>mb account^DESCRIPTION>6MBB2104055^TRANS_DATE>2022-06-27 09:44:52 AM
2022.6.27 03:44:56#12847727034456
2022.6.27 03:44:56#12847727034456
2022.6.27 03:44:56#12847727034456
2022.6.27 03:44:56#12847727034456
2022.6.27 03:44:56#12847727034456
2022.6.27 03:44:56#12847727034456
2022.6.27 03:44:56#=================== Transaction Completed =======================
2022.6.27 03:46:53#=================== Start New Transaction ===================
2022.6.27 03:46:53#txnrefnum:MSC22111063
2022.6.27 03:46:53#clientIp:37.111.215.127
2022.6.27 03:46:53#card type:6
2022.6.27 03:46:53#totalamount:422000
2022.6.27 03:46:59#result:TRANSACTION_ID:CAUhcVKnuDHCBuQtfN0X30kFISo=
2022.6.27 03:46:59#Forward to DBBL Payment Gateway Page: https://ecom1.dutchbanglabank.com/ecomm2/ClientHandler?card_type=6&trans_id=CAUhcVKnuDHCBuQtfN0X30kFISo%3D
2022.6.27 03:47:29#---------------------- Complete New Transaction---------------------
2022.6.27 03:47:29#Get trans_id From Post Value:CAUhcVKnuDHCBuQtfN0X30kFISo=
2022.6.27 03:47:29#clientIp:37.111.215.127
2022.6.27 03:47:29#trans_id:CAUhcVKnuDHCBuQtfN0X30kFISo=
2022.6.27 03:47:31#result:RESULT>OK^RESULT_CODE>000^3DSECURE>SKIPPED^RRN>217803185445^APPROVAL_CODE>278338^CARD_NUMBER>999999*********1168^AMOUNT>422000^CARDNAME>mb account^DESCRIPTION>6MSC22111063^TRANS_DATE>2022-06-27 09:47:28 AM
2022.6.27 03:47:32#279227034731
2022.6.27 03:47:32#279227034731
2022.6.27 03:47:32#279227034731
2022.6.27 03:47:32#=================== Transaction Completed =======================
2022.6.27 03:56:47#=================== Start New Transaction ===================
2022.6.27 03:56:47#txnrefnum:BBG2109035
2022.6.27 03:56:47#clientIp:114.130.156.174
2022.6.27 03:56:47#card type:6
2022.6.27 03:56:47#totalamount:1022000
2022.6.27 03:56:53#result:TRANSACTION_ID:XTUZp9zYvF2wp3KCj5iPWkHViMo=
2022.6.27 03:56:53#Forward to DBBL Payment Gateway Page: https://ecom1.dutchbanglabank.com/ecomm2/ClientHandler?card_type=6&trans_id=XTUZp9zYvF2wp3KCj5iPWkHViMo%3D
2022.6.27 03:57:22#---------------------- Complete New Transaction---------------------
2022.6.27 03:57:22#Get trans_id From Post Value:XTUZp9zYvF2wp3KCj5iPWkHViMo=
2022.6.27 03:57:22#clientIp:114.130.156.174
2022.6.27 03:57:22#trans_id:XTUZp9zYvF2wp3KCj5iPWkHViMo=
2022.6.27 03:57:25#result:RESULT>OK^RESULT_CODE>000^3DSECURE>SKIPPED^RRN>217803186153^APPROVAL_CODE>323761^CARD_NUMBER>999999*********8580^AMOUNT>1022000^CARDNAME>mb account^DESCRIPTION>6BBG2109035^TRANS_DATE>2022-06-27 09:57:20 AM
2022.6.27 03:57:25#27086427035725
2022.6.27 03:57:25#27086427035725
2022.6.27 03:57:25#27086427035725
2022.6.27 03:57:25#27086427035725
2022.6.27 03:57:25#27086427035725
2022.6.27 03:57:25#27086427035725
2022.6.27 03:57:25#=================== Transaction Completed =======================
2022.6.27 04:00:26#=================== Start New Transaction ===================
2022.6.27 04:00:26#txnrefnum:BBM2007239
2022.6.27 04:00:26#clientIp:119.30.38.154
2022.6.27 04:00:26#card type:6
2022.6.27 04:00:26#totalamount:242000
2022.6.27 04:00:30#result:TRANSACTION_ID:1X4wSKWvmpt5kiqXH8UOHDDeNMk=
2022.6.27 04:00:30#Forward to DBBL Payment Gateway Page: https://ecom1.dutchbanglabank.com/ecomm2/ClientHandler?card_type=6&trans_id=1X4wSKWvmpt5kiqXH8UOHDDeNMk%3D
2022.6.27 04:00:51#---------------------- Complete New Transaction---------------------
2022.6.27 04:00:51#Get trans_id From Post Value:1X4wSKWvmpt5kiqXH8UOHDDeNMk=
2022.6.27 04:00:51#clientIp:119.30.38.154
2022.6.27 04:00:51#trans_id:1X4wSKWvmpt5kiqXH8UOHDDeNMk=
2022.6.27 04:00:54#result:RESULT>OK^RESULT_CODE>000^3DSECURE>SKIPPED^RRN>217804186424^APPROVAL_CODE>372814^CARD_NUMBER>999999*********0266^AMOUNT>242000^CARDNAME>mb account^DESCRIPTION>6BBM2007239^TRANS_DATE>2022-06-27 10:00:49 AM
2022.6.27 04:00:54#26461527040054
2022.6.27 04:00:54#26461527040054
2022.6.27 04:00:54#26461527040054
2022.6.27 04:00:54#=================== Transaction Completed =======================
2022.6.27 04:40:04#=================== Start New Transaction ===================
2022.6.27 04:40:04#txnrefnum:MBM2001032
2022.6.27 04:40:04#clientIp:27.54.148.174
2022.6.27 04:40:04#card type:6
2022.6.27 04:40:04#totalamount:2922000
2022.6.27 04:40:12#result:TRANSACTION_ID:bou4rLfr0uwRc11JM8I4vgtS51E=
2022.6.27 04:40:12#Forward to DBBL Payment Gateway Page: https://ecom1.dutchbanglabank.com/ecomm2/ClientHandler?card_type=6&trans_id=bou4rLfr0uwRc11JM8I4vgtS51E%3D
2022.6.27 05:05:49#=================== Start New Transaction ===================
2022.6.27 05:05:49#txnrefnum:BBM2008148
2022.6.27 05:05:49#clientIp:37.111.212.94
2022.6.27 05:05:49#card type:6
2022.6.27 05:05:49#totalamount:402000
2022.6.27 05:05:53#result:TRANSACTION_ID:Jv6U5GmWD43BjW6P7AmuLD9OddI=
2022.6.27 05:05:53#Forward to DBBL Payment Gateway Page: https://ecom1.dutchbanglabank.com/ecomm2/ClientHandler?card_type=6&trans_id=Jv6U5GmWD43BjW6P7AmuLD9OddI%3D
2022.6.27 05:31:07#=================== Start New Transaction ===================
2022.6.27 05:31:07#txnrefnum:MBD2209119
2022.6.27 05:31:07#clientIp:202.134.10.130
2022.6.27 05:31:07#card type:6
2022.6.27 05:31:07#totalamount:402000
2022.6.27 05:31:12#result:TRANSACTION_ID:Kiq5zuSYwkpukLv0zgtJU3bc54o=
2022.6.27 05:31:12#Forward to DBBL Payment Gateway Page: https://ecom1.dutchbanglabank.com/ecomm2/ClientHandler?card_type=6&trans_id=Kiq5zuSYwkpukLv0zgtJU3bc54o%3D
2022.6.27 05:31:27#=================== Start New Transaction ===================
2022.6.27 05:31:27#txnrefnum:BBD2201016
2022.6.27 05:31:27#clientIp:37.111.206.13
2022.6.27 05:31:27#card type:6
2022.6.27 05:31:27#totalamount:2000
2022.6.27 05:31:40#---------------------- Complete New Transaction---------------------
2022.6.27 05:31:40#Get trans_id From Post Value:Kiq5zuSYwkpukLv0zgtJU3bc54o=
2022.6.27 05:31:40#clientIp:202.134.10.130
2022.6.27 05:31:40#trans_id:Kiq5zuSYwkpukLv0zgtJU3bc54o=
2022.6.27 05:31:41#result:TRANSACTION_ID:fU7uBPH5uGcmG4jNEMfVilJ6yEk=
2022.6.27 05:31:41#Forward to DBBL Payment Gateway Page: https://ecom1.dutchbanglabank.com/ecomm2/ClientHandler?card_type=6&trans_id=fU7uBPH5uGcmG4jNEMfVilJ6yEk%3D
2022.6.27 05:31:43#result:RESULT>OK^RESULT_CODE>000^3DSECURE>SKIPPED^RRN>217805194538^APPROVAL_CODE>870154^CARD_NUMBER>999999*********7532^AMOUNT>402000^CARDNAME>mb account^DESCRIPTION>6MBD2209119^TRANS_DATE>2022-06-27 11:31:38 AM
2022.6.27 05:31:44#20415327053143
2022.6.27 05:31:44#20415327053143
2022.6.27 05:31:44#20415327053143
2022.6.27 05:31:44#20415327053143
2022.6.27 05:31:44#20415327053143
2022.6.27 05:31:44#=================== Transaction Completed =======================
2022.6.27 05:31:56#=================== Start New Transaction ===================
2022.6.27 05:31:56#txnrefnum:MBM2007017
2022.6.27 05:31:56#clientIp:37.111.215.127
2022.6.27 05:31:56#card type:6
2022.6.27 05:31:56#totalamount:82000
2022.6.27 05:32:02#result:TRANSACTION_ID:qutAdVqxh2X11D9ShJ5kHEOhrI0=
2022.6.27 05:32:02#Forward to DBBL Payment Gateway Page: https://ecom1.dutchbanglabank.com/ecomm2/ClientHandler?card_type=6&trans_id=qutAdVqxh2X11D9ShJ5kHEOhrI0%3D
2022.6.27 05:32:19#---------------------- Complete New Transaction---------------------
2022.6.27 05:32:19#Get trans_id From Post Value:qutAdVqxh2X11D9ShJ5kHEOhrI0=
2022.6.27 05:32:19#clientIp:37.111.215.127
2022.6.27 05:32:19#trans_id:qutAdVqxh2X11D9ShJ5kHEOhrI0=
2022.6.27 05:32:21#result:RESULT>OK^RESULT_CODE>000^3DSECURE>SKIPPED^RRN>217805194611^APPROVAL_CODE>816753^CARD_NUMBER>999999*********1168^AMOUNT>82000^CARDNAME>mb account^DESCRIPTION>6MBM2007017^TRANS_DATE>2022-06-27 11:32:18 AM
2022.6.27 05:32:21#19711327053221
2022.6.27 05:32:21#=================== Transaction Completed =======================
2022.6.27 05:34:32#=================== Start New Transaction ===================
2022.6.27 05:34:32#txnrefnum:MBD2003220
2022.6.27 05:34:32#clientIp:37.111.215.127
2022.6.27 05:34:32#card type:6
2022.6.27 05:34:32#totalamount:142000
2022.6.27 05:34:41#result:TRANSACTION_ID:TvGGNoyewLPWskcwRRuw6Z5ZJbI=
2022.6.27 05:34:41#Forward to DBBL Payment Gateway Page: https://ecom1.dutchbanglabank.com/ecomm2/ClientHandler?card_type=6&trans_id=TvGGNoyewLPWskcwRRuw6Z5ZJbI%3D
2022.6.27 05:35:00#---------------------- Complete New Transaction---------------------
2022.6.27 05:35:00#Get trans_id From Post Value:TvGGNoyewLPWskcwRRuw6Z5ZJbI=
2022.6.27 05:35:00#clientIp:37.111.215.127
2022.6.27 05:35:00#trans_id:TvGGNoyewLPWskcwRRuw6Z5ZJbI=
2022.6.27 05:35:04#result:RESULT>OK^RESULT_CODE>000^3DSECURE>SKIPPED^RRN>217805194888^APPROVAL_CODE>912729^CARD_NUMBER>999999*********1168^AMOUNT>142000^CARDNAME>mb account^DESCRIPTION>6MBD2003220^TRANS_DATE>2022-06-27 11:34:59 AM
2022.6.27 05:35:04#12945427053504
2022.6.27 05:35:04#12945427053504
2022.6.27 05:35:04#=================== Transaction Completed =======================
2022.6.27 05:44:36#=================== Start New Transaction ===================
2022.6.27 05:44:36#txnrefnum:BBM2006063
2022.6.27 05:44:36#clientIp:119.30.47.224
2022.6.27 05:44:36#card type:6
2022.6.27 05:44:36#totalamount:82000
2022.6.27 05:44:41#result:TRANSACTION_ID:TzzcDRWTlwttAoBBlZmKg8Zo5V8=
2022.6.27 05:44:41#Forward to DBBL Payment Gateway Page: https://ecom1.dutchbanglabank.com/ecomm2/ClientHandler?card_type=6&trans_id=TzzcDRWTlwttAoBBlZmKg8Zo5V8%3D
2022.6.27 05:45:15#---------------------- Complete New Transaction---------------------
2022.6.27 05:45:15#Get trans_id From Post Value:TzzcDRWTlwttAoBBlZmKg8Zo5V8=
2022.6.27 05:45:15#clientIp:119.30.47.224
2022.6.27 05:45:15#trans_id:TzzcDRWTlwttAoBBlZmKg8Zo5V8=
2022.6.27 05:45:18#result:RESULT>OK^RESULT_CODE>000^3DSECURE>SKIPPED^RRN>217805195977^APPROVAL_CODE>836313^CARD_NUMBER>999999*********6246^AMOUNT>82000^CARDNAME>mb account^DESCRIPTION>6BBM2006063^TRANS_DATE>2022-06-27 11:45:14 AM
2022.6.27 05:45:18#25544927054518
2022.6.27 05:45:18#=================== Transaction Completed =======================
2022.6.27 05:45:40#=================== Start New Transaction ===================
2022.6.27 05:45:40#txnrefnum:MBD2007086
2022.6.27 05:45:40#clientIp:202.134.10.130
2022.6.27 05:45:40#card type:6
2022.6.27 05:45:40#totalamount:482000
2022.6.27 05:45:44#result:TRANSACTION_ID:LosuEqqYymdlzbx8JCCIPmkd7Xw=
2022.6.27 05:45:44#Forward to DBBL Payment Gateway Page: https://ecom1.dutchbanglabank.com/ecomm2/ClientHandler?card_type=6&trans_id=LosuEqqYymdlzbx8JCCIPmkd7Xw%3D
2022.6.27 05:46:23#---------------------- Complete New Transaction---------------------
2022.6.27 05:46:23#Get trans_id From Post Value:LosuEqqYymdlzbx8JCCIPmkd7Xw=
2022.6.27 05:46:23#clientIp:202.134.10.130
2022.6.27 05:46:23#trans_id:LosuEqqYymdlzbx8JCCIPmkd7Xw=
2022.6.27 05:46:26#result:RESULT>OK^RESULT_CODE>000^3DSECURE>SKIPPED^RRN>217805196108^APPROVAL_CODE>930659^CARD_NUMBER>999999*********7532^AMOUNT>482000^CARDNAME>mb account^DESCRIPTION>6MBD2007086^TRANS_DATE>2022-06-27 11:46:22 AM
2022.6.27 05:46:26#19230927054626
2022.6.27 05:46:26#19230927054626
2022.6.27 05:46:26#19230927054626
2022.6.27 05:46:26#19230927054626
2022.6.27 05:46:26#19230927054626
2022.6.27 05:46:26#19230927054626
2022.6.27 05:46:26#=================== Transaction Completed =======================
2022.6.27 05:47:38#=================== Start New Transaction ===================
2022.6.27 05:47:38#txnrefnum:BBD2207082
2022.6.27 05:47:38#clientIp:119.30.47.224
2022.6.27 05:47:38#card type:6
2022.6.27 05:47:38#totalamount:82000
2022.6.27 05:47:42#result:TRANSACTION_ID:VmpN7eD8TfD8Fi5fg9mPeZtTrzQ=
2022.6.27 05:47:43#Forward to DBBL Payment Gateway Page: https://ecom1.dutchbanglabank.com/ecomm2/ClientHandler?card_type=6&trans_id=VmpN7eD8TfD8Fi5fg9mPeZtTrzQ%3D
2022.6.27 05:48:12#---------------------- Complete New Transaction---------------------
2022.6.27 05:48:12#Get trans_id From Post Value:VmpN7eD8TfD8Fi5fg9mPeZtTrzQ=
2022.6.27 05:48:12#clientIp:119.30.47.224
2022.6.27 05:48:12#trans_id:VmpN7eD8TfD8Fi5fg9mPeZtTrzQ=
2022.6.27 05:48:14#result:RESULT>OK^RESULT_CODE>000^3DSECURE>SKIPPED^RRN>217805196310^APPROVAL_CODE>840233^CARD_NUMBER>999999*********6246^AMOUNT>82000^CARDNAME>mb account^DESCRIPTION>6BBD2207082^TRANS_DATE>2022-06-27 11:48:10 AM
2022.6.27 05:48:14#24644227054814
2022.6.27 05:48:14#=================== Transaction Completed =======================
2022.6.27 06:03:06#=================== Start New Transaction ===================
2022.6.27 06:03:06#txnrefnum:MBM2008194
2022.6.27 06:03:06#clientIp:202.134.10.130
2022.6.27 06:03:06#card type:6
2022.6.27 06:03:06#totalamount:162000
2022.6.27 06:03:10#=================== Start New Transaction ===================
2022.6.27 06:03:10#txnrefnum:BBG2109030
2022.6.27 06:03:10#clientIp:119.30.47.204
2022.6.27 06:03:10#card type:6
2022.6.27 06:03:10#totalamount:82000
2022.6.27 06:03:14#result:TRANSACTION_ID:9CF0Xg3yRqSMOkzaSwfKpZQK2eE=
2022.6.27 06:03:14#Forward to DBBL Payment Gateway Page: https://ecom1.dutchbanglabank.com/ecomm2/ClientHandler?card_type=6&trans_id=9CF0Xg3yRqSMOkzaSwfKpZQK2eE%3D
2022.6.27 06:03:18#result:TRANSACTION_ID:27j2x1E4xiDeeV5SgwA2mnPEIrA=
2022.6.27 06:03:18#Forward to DBBL Payment Gateway Page: https://ecom1.dutchbanglabank.com/ecomm2/ClientHandler?card_type=6&trans_id=27j2x1E4xiDeeV5SgwA2mnPEIrA%3D
2022.6.27 06:04:02#---------------------- Complete New Transaction---------------------
2022.6.27 06:04:02#Get trans_id From Post Value:9CF0Xg3yRqSMOkzaSwfKpZQK2eE=
2022.6.27 06:04:02#clientIp:202.134.10.130
2022.6.27 06:04:02#trans_id:9CF0Xg3yRqSMOkzaSwfKpZQK2eE=
2022.6.27 06:04:06#result:RESULT>OK^RESULT_CODE>000^3DSECURE>SKIPPED^RRN>217806197950^APPROVAL_CODE>100119^CARD_NUMBER>999999*********7532^AMOUNT>162000^CARDNAME>mb account^DESCRIPTION>6MBM2008194^TRANS_DATE>2022-06-27 12:04:01 PM
2022.6.27 06:04:06#21875727060406
2022.6.27 06:04:06#21875727060406
2022.6.27 06:04:06#=================== Transaction Completed =======================
2022.6.27 06:04:50#=================== Start New Transaction ===================
2022.6.27 06:04:50#txnrefnum:BBG2109030
2022.6.27 06:04:50#clientIp:119.30.47.204
2022.6.27 06:04:50#card type:6
2022.6.27 06:04:50#totalamount:322000
2022.6.27 06:04:55#=================== Start New Transaction ===================
2022.6.27 06:04:55#txnrefnum:BBG2106010
2022.6.27 06:04:55#clientIp:119.30.47.224
2022.6.27 06:04:55#card type:6
2022.6.27 06:04:55#totalamount:242000
2022.6.27 06:04:55#=================== Start New Transaction ===================
2022.6.27 06:04:55#txnrefnum:BBG2106010
2022.6.27 06:04:55#clientIp:119.30.47.224
2022.6.27 06:04:55#card type:6
2022.6.27 06:04:55#totalamount:242000
2022.6.27 06:05:03#result:TRANSACTION_ID:uUuulfKB4jSVsWShlnrzXVfDE8M=
2022.6.27 06:05:03#Forward to DBBL Payment Gateway Page: https://ecom1.dutchbanglabank.com/ecomm2/ClientHandler?card_type=6&trans_id=uUuulfKB4jSVsWShlnrzXVfDE8M%3D
2022.6.27 06:05:05#result:TRANSACTION_ID:xoAhPsQtOelMmUqdMho5AZ6UipY=
2022.6.27 06:05:05#Forward to DBBL Payment Gateway Page: https://ecom1.dutchbanglabank.com/ecomm2/ClientHandler?card_type=6&trans_id=xoAhPsQtOelMmUqdMho5AZ6UipY%3D
2022.6.27 06:05:06#=================== Start New Transaction ===================
2022.6.27 06:05:06#txnrefnum:BBG2106010
2022.6.27 06:05:06#clientIp:119.30.47.224
2022.6.27 06:05:06#card type:6
2022.6.27 06:05:06#totalamount:242000
2022.6.27 06:05:07#result:TRANSACTION_ID:NcAIpcvFGo3YKB1b0uv8vZOaSzc=
2022.6.27 06:05:07#Forward to DBBL Payment Gateway Page: https://ecom1.dutchbanglabank.com/ecomm2/ClientHandler?card_type=6&trans_id=NcAIpcvFGo3YKB1b0uv8vZOaSzc%3D
2022.6.27 06:05:13#result:TRANSACTION_ID:oMnvTPhESbkPHqnHMNk3EX8b1Og=
2022.6.27 06:05:13#Forward to DBBL Payment Gateway Page: https://ecom1.dutchbanglabank.com/ecomm2/ClientHandler?card_type=6&trans_id=oMnvTPhESbkPHqnHMNk3EX8b1Og%3D
2022.6.27 06:05:44#---------------------- Complete New Transaction---------------------
2022.6.27 06:05:44#Get trans_id From Post Value:oMnvTPhESbkPHqnHMNk3EX8b1Og=
2022.6.27 06:05:44#clientIp:119.30.47.224
2022.6.27 06:05:44#trans_id:oMnvTPhESbkPHqnHMNk3EX8b1Og=
2022.6.27 06:05:51#result:RESULT>OK^RESULT_CODE>000^3DSECURE>SKIPPED^RRN>217806198093^APPROVAL_CODE>021217^CARD_NUMBER>999999*********6246^AMOUNT>242000^CARDNAME>mb account^DESCRIPTION>6BBG2106010^TRANS_DATE>2022-06-27 12:05:42 PM
2022.6.27 06:05:51#24930927060551
2022.6.27 06:05:51#24930927060551
2022.6.27 06:05:51#24930927060551
2022.6.27 06:05:51#=================== Transaction Completed =======================
2022.6.27 06:05:54#=================== Start New Transaction ===================
2022.6.27 06:05:54#txnrefnum:MBM2005162
2022.6.27 06:05:54#clientIp:202.134.10.130
2022.6.27 06:05:54#card type:6
2022.6.27 06:05:54#totalamount:162000
2022.6.27 06:06:10#result:TRANSACTION_ID:UVhNpIx6ihQ22DmwUzEoQ9SaYhE=
2022.6.27 06:06:10#Forward to DBBL Payment Gateway Page: https://ecom1.dutchbanglabank.com/ecomm2/ClientHandler?card_type=6&trans_id=UVhNpIx6ihQ22DmwUzEoQ9SaYhE%3D
2022.6.27 06:06:35#---------------------- Complete New Transaction---------------------
2022.6.27 06:06:35#Get trans_id From Post Value:UVhNpIx6ihQ22DmwUzEoQ9SaYhE=
2022.6.27 06:06:35#clientIp:202.134.10.130
2022.6.27 06:06:35#trans_id:UVhNpIx6ihQ22DmwUzEoQ9SaYhE=
2022.6.27 06:06:37#---------------------- Complete New Transaction---------------------
2022.6.27 06:06:37#Get trans_id From Post Value:uUuulfKB4jSVsWShlnrzXVfDE8M=
2022.6.27 06:06:37#clientIp:119.30.47.204
2022.6.27 06:06:37#trans_id:uUuulfKB4jSVsWShlnrzXVfDE8M=
2022.6.27 06:06:43#result:RESULT>OK^RESULT_CODE>000^3DSECURE>SKIPPED^RRN>217806198205^APPROVAL_CODE>105043^CARD_NUMBER>999999*********7443^AMOUNT>322000^CARDNAME>mb account^DESCRIPTION>6BBG2109030^TRANS_DATE>2022-06-27 12:06:36 PM
2022.6.27 06:06:43#27174527060643
2022.6.27 06:06:43#27174527060643
2022.6.27 06:06:43#27174527060643
2022.6.27 06:06:43#27174527060643
2022.6.27 06:06:43#=================== Transaction Completed =======================
2022.6.27 06:06:45#result:RESULT>OK^RESULT_CODE>000^3DSECURE>SKIPPED^RRN>217806198200^APPROVAL_CODE>104980^CARD_NUMBER>999999*********7532^AMOUNT>162000^CARDNAME>mb account^DESCRIPTION>6MBM2005162^TRANS_DATE>2022-06-27 12:06:33 PM
2022.6.27 06:06:45#16770127060645
2022.6.27 06:06:45#16770127060645
2022.6.27 06:06:45#=================== Transaction Completed =======================
2022.6.27 06:10:38#=================== Start New Transaction ===================
2022.6.27 06:10:38#txnrefnum:MBM2008016
2022.6.27 06:10:38#clientIp:37.111.215.127
2022.6.27 06:10:38#card type:6
2022.6.27 06:10:38#totalamount:162000
2022.6.27 06:10:42#result:TRANSACTION_ID:ydUj7Eq2Ap3SZlZOzuF9Zb8VB7g=
2022.6.27 06:10:42#Forward to DBBL Payment Gateway Page: https://ecom1.dutchbanglabank.com/ecomm2/ClientHandler?card_type=6&trans_id=ydUj7Eq2Ap3SZlZOzuF9Zb8VB7g%3D
2022.6.27 06:10:59#---------------------- Complete New Transaction---------------------
2022.6.27 06:10:59#Get trans_id From Post Value:ydUj7Eq2Ap3SZlZOzuF9Zb8VB7g=
2022.6.27 06:10:59#clientIp:37.111.215.127
2022.6.27 06:10:59#trans_id:ydUj7Eq2Ap3SZlZOzuF9Zb8VB7g=
2022.6.27 06:11:02#result:RESULT>OK^RESULT_CODE>000^3DSECURE>SKIPPED^RRN>217806198690^APPROVAL_CODE>114899^CARD_NUMBER>999999*********1168^AMOUNT>162000^CARDNAME>mb account^DESCRIPTION>6MBM2008016^TRANS_DATE>2022-06-27 12:10:58 PM
2022.6.27 06:11:02#21693127061102
2022.6.27 06:11:02#21693127061102
2022.6.27 06:11:02#=================== Transaction Completed =======================
2022.6.27 06:11:48#=================== Start New Transaction ===================
2022.6.27 06:11:48#txnrefnum:MBD2006395
2022.6.27 06:11:48#clientIp:202.134.10.130
2022.6.27 06:11:48#card type:6
2022.6.27 06:11:48#totalamount:322000
2022.6.27 06:11:57#result:TRANSACTION_ID:yuu3dPi05mWXRyIaH3B7cRYPWPw=
2022.6.27 06:11:57#Forward to DBBL Payment Gateway Page: https://ecom1.dutchbanglabank.com/ecomm2/ClientHandler?card_type=6&trans_id=yuu3dPi05mWXRyIaH3B7cRYPWPw%3D
2022.6.27 06:12:03#=================== Start New Transaction ===================
2022.6.27 06:12:03#txnrefnum:MBM2007053
2022.6.27 06:12:03#clientIp:37.111.215.127
2022.6.27 06:12:03#card type:6
2022.6.27 06:12:03#totalamount:162000
2022.6.27 06:12:16#result:TRANSACTION_ID:TOC6H9EthBYDwCyIS54SJmkZV3k=
2022.6.27 06:12:16#Forward to DBBL Payment Gateway Page: https://ecom1.dutchbanglabank.com/ecomm2/ClientHandler?card_type=6&trans_id=TOC6H9EthBYDwCyIS54SJmkZV3k%3D
2022.6.27 06:12:35#---------------------- Complete New Transaction---------------------
2022.6.27 06:12:35#Get trans_id From Post Value:TOC6H9EthBYDwCyIS54SJmkZV3k=
2022.6.27 06:12:35#clientIp:37.111.215.127
2022.6.27 06:12:35#trans_id:TOC6H9EthBYDwCyIS54SJmkZV3k=
2022.6.27 06:12:38#=================== Start New Transaction ===================
2022.6.27 06:12:38#txnrefnum:BBM2008140
2022.6.27 06:12:38#clientIp:119.30.47.224
2022.6.27 06:12:38#card type:6
2022.6.27 06:12:38#totalamount:402000
2022.6.27 06:12:40#result:RESULT>OK^RESULT_CODE>000^3DSECURE>SKIPPED^RRN>217806198873^APPROVAL_CODE>118480^CARD_NUMBER>999999*********1168^AMOUNT>162000^CARDNAME>mb account^DESCRIPTION>6MBM2007053^TRANS_DATE>2022-06-27 12:12:33 PM
2022.6.27 06:12:40#19754327061240
2022.6.27 06:12:40#19754327061240
2022.6.27 06:12:40#=================== Transaction Completed =======================
2022.6.27 06:12:47#result:TRANSACTION_ID:EnjP90P5pwzHzldg0rJHnthkB6o=
2022.6.27 06:12:47#Forward to DBBL Payment Gateway Page: https://ecom1.dutchbanglabank.com/ecomm2/ClientHandler?card_type=6&trans_id=EnjP90P5pwzHzldg0rJHnthkB6o%3D
2022.6.27 06:12:53#---------------------- Complete New Transaction---------------------
2022.6.27 06:12:53#Get trans_id From Post Value:yuu3dPi05mWXRyIaH3B7cRYPWPw=
2022.6.27 06:12:53#clientIp:202.134.10.130
2022.6.27 06:12:53#trans_id:yuu3dPi05mWXRyIaH3B7cRYPWPw=
2022.6.27 06:12:56#result:RESULT>OK^RESULT_CODE>000^3DSECURE>SKIPPED^RRN>217806198916^APPROVAL_CODE>072126^CARD_NUMBER>999999*********7532^AMOUNT>322000^CARDNAME>mb account^DESCRIPTION>6MBD2006395^TRANS_DATE>2022-06-27 12:12:52 PM
2022.6.27 06:12:56#18421827061256
2022.6.27 06:12:56#18421827061256
2022.6.27 06:12:56#18421827061256
2022.6.27 06:12:56#18421827061256
2022.6.27 06:12:56#=================== Transaction Completed =======================
2022.6.27 06:13:26#---------------------- Complete New Transaction---------------------
2022.6.27 06:13:26#Get trans_id From Post Value:EnjP90P5pwzHzldg0rJHnthkB6o=
2022.6.27 06:13:26#clientIp:119.30.47.224
2022.6.27 06:13:26#trans_id:EnjP90P5pwzHzldg0rJHnthkB6o=
2022.6.27 06:13:29#result:RESULT>OK^RESULT_CODE>000^3DSECURE>SKIPPED^RRN>217806198981^APPROVAL_CODE>073336^CARD_NUMBER>999999*********6246^AMOUNT>402000^CARDNAME>mb account^DESCRIPTION>6BBM2008140^TRANS_DATE>2022-06-27 12:13:25 PM
2022.6.27 06:13:29#31509127061329
2022.6.27 06:13:29#31509127061329
2022.6.27 06:13:29#=================== Transaction Completed =======================
2022.6.27 06:13:42#=================== Start New Transaction ===================
2022.6.27 06:13:42#txnrefnum:MSC22111104
2022.6.27 06:13:42#clientIp:37.111.215.127
2022.6.27 06:13:42#card type:6
2022.6.27 06:13:42#totalamount:262000
2022.6.27 06:13:53#result:TRANSACTION_ID:P8aeWGSJzIdiCydLOyJIMVOVAMw=
2022.6.27 06:13:53#Forward to DBBL Payment Gateway Page: https://ecom1.dutchbanglabank.com/ecomm2/ClientHandler?card_type=6&trans_id=P8aeWGSJzIdiCydLOyJIMVOVAMw%3D
2022.6.27 06:14:09#---------------------- Complete New Transaction---------------------
2022.6.27 06:14:09#Get trans_id From Post Value:P8aeWGSJzIdiCydLOyJIMVOVAMw=
2022.6.27 06:14:09#clientIp:37.111.215.127
2022.6.27 06:14:09#trans_id:P8aeWGSJzIdiCydLOyJIMVOVAMw=
2022.6.27 06:14:13#result:RESULT>OK^RESULT_CODE>000^3DSECURE>SKIPPED^RRN>217806199059^APPROVAL_CODE>034679^CARD_NUMBER>999999*********1168^AMOUNT>262000^CARDNAME>mb account^DESCRIPTION>6MSC22111104^TRANS_DATE>2022-06-27 12:14:08 PM
2022.6.27 06:14:13#177227061413
2022.6.27 06:14:13#177227061413
2022.6.27 06:14:13#=================== Transaction Completed =======================
2022.6.27 06:14:57#=================== Start New Transaction ===================
2022.6.27 06:14:57#txnrefnum:BBD2201013
2022.6.27 06:14:57#clientIp:103.204.247.18
2022.6.27 06:14:57#card type:6
2022.6.27 06:14:57#totalamount:62000
2022.6.27 06:15:05#result:TRANSACTION_ID:HTxFZdYmZnOzP7AyJp1TgAzRBY0=
2022.6.27 06:15:05#Forward to DBBL Payment Gateway Page: https://ecom1.dutchbanglabank.com/ecomm2/ClientHandler?card_type=6&trans_id=HTxFZdYmZnOzP7AyJp1TgAzRBY0%3D
2022.6.27 06:15:24#=================== Start New Transaction ===================
2022.6.27 06:15:24#txnrefnum:MSC22111065
2022.6.27 06:15:24#clientIp:37.111.215.127
2022.6.27 06:15:24#card type:6
2022.6.27 06:15:24#totalamount:262000
2022.6.27 06:15:33#result:TRANSACTION_ID:zs8aPtTy7QsqyINjjXUrJzBzgd0=
2022.6.27 06:15:33#Forward to DBBL Payment Gateway Page: https://ecom1.dutchbanglabank.com/ecomm2/ClientHandler?card_type=6&trans_id=zs8aPtTy7QsqyINjjXUrJzBzgd0%3D
2022.6.27 06:15:49#---------------------- Complete New Transaction---------------------
2022.6.27 06:15:49#Get trans_id From Post Value:HTxFZdYmZnOzP7AyJp1TgAzRBY0=
2022.6.27 06:15:49#clientIp:103.204.247.18
2022.6.27 06:15:49#trans_id:HTxFZdYmZnOzP7AyJp1TgAzRBY0=
2022.6.27 06:15:53#result:RESULT>OK^RESULT_CODE>000^3DSECURE>SKIPPED^RRN>217806199263^APPROVAL_CODE>077913^CARD_NUMBER>999999*********2298^AMOUNT>62000^CARDNAME>mb account^DESCRIPTION>6BBD2201013^TRANS_DATE>2022-06-27 12:15:49 PM
2022.6.27 06:15:53#30537527061553
2022.6.27 06:15:53#=================== Transaction Completed =======================
2022.6.27 06:15:54#---------------------- Complete New Transaction---------------------
2022.6.27 06:15:54#Get trans_id From Post Value:zs8aPtTy7QsqyINjjXUrJzBzgd0=
2022.6.27 06:15:54#clientIp:37.111.215.127
2022.6.27 06:15:54#trans_id:zs8aPtTy7QsqyINjjXUrJzBzgd0=
2022.6.27 06:15:57#result:RESULT>OK^RESULT_CODE>000^3DSECURE>SKIPPED^RRN>217806199273^APPROVAL_CODE>126797^CARD_NUMBER>999999*********1168^AMOUNT>262000^CARDNAME>mb account^DESCRIPTION>6MSC22111065^TRANS_DATE>2022-06-27 12:15:52 PM
2022.6.27 06:15:57#210827061557
2022.6.27 06:15:57#210827061557
2022.6.27 06:15:57#=================== Transaction Completed =======================
2022.6.27 06:16:49#=================== Start New Transaction ===================
2022.6.27 06:16:49#txnrefnum:BBG2106042
2022.6.27 06:16:49#clientIp:103.204.247.18
2022.6.27 06:16:49#card type:6
2022.6.27 06:16:49#totalamount:82000
2022.6.27 06:16:53#result:TRANSACTION_ID:CbNvpSPS3Ru4JdC9zlg21nGGfZw=
2022.6.27 06:16:54#Forward to DBBL Payment Gateway Page: https://ecom1.dutchbanglabank.com/ecomm2/ClientHandler?card_type=6&trans_id=CbNvpSPS3Ru4JdC9zlg21nGGfZw%3D
2022.6.27 06:17:20#---------------------- Complete New Transaction---------------------
2022.6.27 06:17:20#Get trans_id From Post Value:CbNvpSPS3Ru4JdC9zlg21nGGfZw=
2022.6.27 06:17:20#clientIp:103.204.247.18
2022.6.27 06:17:20#trans_id:CbNvpSPS3Ru4JdC9zlg21nGGfZw=
2022.6.27 06:17:24#result:RESULT>OK^RESULT_CODE>000^3DSECURE>SKIPPED^RRN>217806199468^APPROVAL_CODE>130522^CARD_NUMBER>999999*********2298^AMOUNT>82000^CARDNAME>mb account^DESCRIPTION>6BBG2106042^TRANS_DATE>2022-06-27 12:17:19 PM
2022.6.27 06:17:24#31102127061724
2022.6.27 06:17:24#=================== Transaction Completed =======================
2022.6.27 06:19:31#=================== Start New Transaction ===================
2022.6.27 06:19:31#txnrefnum:BBD2008078
2022.6.27 06:19:31#clientIp:103.204.247.18
2022.6.27 06:19:31#card type:6
2022.6.27 06:19:31#totalamount:322000
2022.6.27 06:19:35#result:TRANSACTION_ID:UXjbzqj3PzhqLQ1YrFJe2eDVAfM=
2022.6.27 06:19:35#Forward to DBBL Payment Gateway Page: https://ecom1.dutchbanglabank.com/ecomm2/ClientHandler?card_type=6&trans_id=UXjbzqj3PzhqLQ1YrFJe2eDVAfM%3D
2022.6.27 06:21:07#---------------------- Complete New Transaction---------------------
2022.6.27 06:21:07#Get trans_id From Post Value:UXjbzqj3PzhqLQ1YrFJe2eDVAfM=
2022.6.27 06:21:07#clientIp:103.204.247.18
2022.6.27 06:21:07#trans_id:UXjbzqj3PzhqLQ1YrFJe2eDVAfM=
2022.6.27 06:21:10#result:RESULT>OK^RESULT_CODE>000^3DSECURE>SKIPPED^RRN>217806199981^APPROVAL_CODE>144219^CARD_NUMBER>999999*********2298^AMOUNT>322000^CARDNAME>mb account^DESCRIPTION>6BBD2008078^TRANS_DATE>2022-06-27 12:21:06 PM
2022.6.27 06:21:10#26766227062110
2022.6.27 06:21:10#26766227062110
2022.6.27 06:21:10#26766227062110
2022.6.27 06:21:10#26766227062110
2022.6.27 06:21:10#=================== Transaction Completed =======================
2022.6.27 06:21:54#=================== Start New Transaction ===================
2022.6.27 06:21:54#txnrefnum:BBD2205010
2022.6.27 06:21:54#clientIp:114.130.156.174
2022.6.27 06:21:54#card type:6
2022.6.27 06:21:54#totalamount:562000
2022.6.27 06:22:03#result:TRANSACTION_ID:vk3jR4RgQvKVudLQRUxONITS2GM=
2022.6.27 06:22:03#Forward to DBBL Payment Gateway Page: https://ecom1.dutchbanglabank.com/ecomm2/ClientHandler?card_type=6&trans_id=vk3jR4RgQvKVudLQRUxONITS2GM%3D
2022.6.27 06:22:41#=================== Start New Transaction ===================
2022.6.27 06:22:41#txnrefnum:BBD2205010
2022.6.27 06:22:41#clientIp:114.130.156.174
2022.6.27 06:22:41#card type:6
2022.6.27 06:22:41#totalamount:562000
2022.6.27 06:24:34#=================== Start New Transaction ===================
2022.6.27 06:24:34#txnrefnum:BBD2205010
2022.6.27 06:24:34#clientIp:114.130.156.174
2022.6.27 06:24:34#card type:6
2022.6.27 06:24:34#totalamount:562000
2022.6.27 06:24:42#=================== Start New Transaction ===================
2022.6.27 06:24:42#txnrefnum:BBD2205010
2022.6.27 06:24:42#clientIp:114.130.156.174
2022.6.27 06:24:42#card type:6
2022.6.27 06:24:42#totalamount:562000
2022.6.27 06:25:01#=================== Start New Transaction ===================
2022.6.27 06:25:01#txnrefnum:BBD2205010
2022.6.27 06:25:01#clientIp:114.130.156.174
2022.6.27 06:25:01#card type:6
2022.6.27 06:25:01#totalamount:562000
2022.6.27 06:25:32#=================== Start New Transaction ===================
2022.6.27 06:25:32#txnrefnum:BBD2205010
2022.6.27 06:25:32#clientIp:114.130.156.174
2022.6.27 06:25:32#card type:6
2022.6.27 06:25:32#totalamount:562000
2022.6.27 06:25:38#result:TRANSACTION_ID:NvFCnVCiXelSyhWSy7CAaQY64oE=
2022.6.27 06:25:39#Forward to DBBL Payment Gateway Page: https://ecom1.dutchbanglabank.com/ecomm2/ClientHandler?card_type=6&trans_id=NvFCnVCiXelSyhWSy7CAaQY64oE%3D
2022.6.27 06:26:41#=================== Start New Transaction ===================
2022.6.27 06:26:41#txnrefnum:BBD2205010
2022.6.27 06:26:41#clientIp:114.130.156.174
2022.6.27 06:26:41#card type:6
2022.6.27 06:26:41#totalamount:562000
2022.6.27 06:27:39#result:TRANSACTION_ID:S4njZDF6QEn5q6Mcrp9dEwQsrP0=
2022.6.27 06:27:39#Forward to DBBL Payment Gateway Page: https://ecom1.dutchbanglabank.com/ecomm2/ClientHandler?card_type=6&trans_id=S4njZDF6QEn5q6Mcrp9dEwQsrP0%3D
2022.6.27 06:28:34#---------------------- Complete New Transaction---------------------
2022.6.27 06:28:34#Get trans_id From Post Value:S4njZDF6QEn5q6Mcrp9dEwQsrP0=
2022.6.27 06:28:34#clientIp:114.130.156.174
2022.6.27 06:28:34#trans_id:S4njZDF6QEn5q6Mcrp9dEwQsrP0=
2022.6.27 06:28:48#result:RESULT>OK^RESULT_CODE>000^3DSECURE>SKIPPED^RRN>217806200697^APPROVAL_CODE>154451^CARD_NUMBER>999999*********8580^AMOUNT>562000^CARDNAME>mb account^DESCRIPTION>6BBD2205010^TRANS_DATE>2022-06-27 12:28:33 PM
2022.6.27 06:28:48#23789227062848
2022.6.27 06:28:48#23789227062848
2022.6.27 06:28:48#23789227062848
2022.6.27 06:28:48#23789227062848
2022.6.27 06:28:48#23789227062848
2022.6.27 06:28:48#23789227062848
2022.6.27 06:28:48#23789227062848
2022.6.27 06:28:48#=================== Transaction Completed =======================
2022.6.27 06:31:59#=================== Start New Transaction ===================
2022.6.27 06:31:59#txnrefnum:MBD2007281
2022.6.27 06:31:59#clientIp:202.134.10.130
2022.6.27 06:31:59#card type:6
2022.6.27 06:31:59#totalamount:242000
2022.6.27 06:32:11#=================== Start New Transaction ===================
2022.6.27 06:32:11#txnrefnum:MSC22111303
2022.6.27 06:32:11#clientIp:37.111.215.127
2022.6.27 06:32:11#card type:6
2022.6.27 06:32:11#totalamount:262000
2022.6.27 06:32:13#=================== Start New Transaction ===================
2022.6.27 06:32:13#txnrefnum:MBD2007281
2022.6.27 06:32:13#clientIp:202.134.10.130
2022.6.27 06:32:13#card type:6
2022.6.27 06:32:13#totalamount:242000
2022.6.27 06:32:39#result:TRANSACTION_ID:Wb56eBzZwVTkX78Z0AxlA1Iy65g=
2022.6.27 06:32:39#Forward to DBBL Payment Gateway Page: https://ecom1.dutchbanglabank.com/ecomm2/ClientHandler?card_type=6&trans_id=Wb56eBzZwVTkX78Z0AxlA1Iy65g%3D
2022.6.27 06:32:40#result:TRANSACTION_ID:itqiOq91uP7u8ywVcR9mKvOe6YY=
2022.6.27 06:32:40#Forward to DBBL Payment Gateway Page: https://ecom1.dutchbanglabank.com/ecomm2/ClientHandler?card_type=6&trans_id=itqiOq91uP7u8ywVcR9mKvOe6YY%3D
2022.6.27 06:32:49#=================== Start New Transaction ===================
2022.6.27 06:32:49#txnrefnum:BBB2109001
2022.6.27 06:32:49#clientIp:37.111.193.101
2022.6.27 06:32:49#card type:6
2022.6.27 06:32:49#totalamount:82000
2022.6.27 06:32:53#=================== Start New Transaction ===================
2022.6.27 06:32:53#txnrefnum:MBD2007281
2022.6.27 06:32:53#clientIp:202.134.10.130
2022.6.27 06:32:53#card type:6
2022.6.27 06:32:53#totalamount:242000
2022.6.27 06:33:20#result:TRANSACTION_ID:J4v32u2TXpzQffz40xxn7oe00s0=
2022.6.27 06:33:20#Forward to DBBL Payment Gateway Page: https://ecom1.dutchbanglabank.com/ecomm2/ClientHandler?card_type=6&trans_id=J4v32u2TXpzQffz40xxn7oe00s0%3D
2022.6.27 06:33:31#result:TRANSACTION_ID:SdwoLidtNdkh1Pv0tuXtARWqtlU=
2022.6.27 06:33:31#Forward to DBBL Payment Gateway Page: https://ecom1.dutchbanglabank.com/ecomm2/ClientHandler?card_type=6&trans_id=SdwoLidtNdkh1Pv0tuXtARWqtlU%3D
2022.6.27 06:33:46#---------------------- Complete New Transaction---------------------
2022.6.27 06:33:46#Get trans_id From Post Value:Wb56eBzZwVTkX78Z0AxlA1Iy65g=
2022.6.27 06:33:46#clientIp:37.111.215.127
2022.6.27 06:33:46#trans_id:Wb56eBzZwVTkX78Z0AxlA1Iy65g=
2022.6.27 06:33:48#---------------------- Complete New Transaction---------------------
2022.6.27 06:33:48#Get trans_id From Post Value:J4v32u2TXpzQffz40xxn7oe00s0=
2022.6.27 06:33:48#clientIp:37.111.193.101
2022.6.27 06:33:48#trans_id:J4v32u2TXpzQffz40xxn7oe00s0=
2022.6.27 06:33:59#result:RESULT>OK^RESULT_CODE>000^3DSECURE>SKIPPED^RRN>217806201259^APPROVAL_CODE>216393^CARD_NUMBER>999999*********0266^AMOUNT>82000^CARDNAME>mb account^DESCRIPTION>6BBB2109001^TRANS_DATE>2022-06-27 12:33:46 PM
2022.6.27 06:33:59#31424627063359
2022.6.27 06:33:59#=================== Transaction Completed =======================
2022.6.27 06:34:03#result:RESULT>OK^RESULT_CODE>000^3DSECURE>SKIPPED^RRN>217806201254^APPROVAL_CODE>162958^CARD_NUMBER>999999*********1168^AMOUNT>262000^CARDNAME>mb account^DESCRIPTION>6MSC22111303^TRANS_DATE>2022-06-27 12:33:43 PM
2022.6.27 06:34:03#1647227063403
2022.6.27 06:34:03#1647227063403
2022.6.27 06:34:03#=================== Transaction Completed =======================
2022.6.27 06:34:56#=================== Start New Transaction ===================
2022.6.27 06:34:56#txnrefnum:BBB2103064
2022.6.27 06:34:56#clientIp:37.111.193.101
2022.6.27 06:34:56#card type:6
2022.6.27 06:34:56#totalamount:62000
2022.6.27 06:35:50#=================== Start New Transaction ===================
2022.6.27 06:35:50#txnrefnum:MBD2007281
2022.6.27 06:35:50#clientIp:37.111.215.127
2022.6.27 06:35:50#card type:6
2022.6.27 06:35:50#totalamount:242000
2022.6.27 06:36:21#result:TRANSACTION_ID:ZphDVNLqWRtIqQ0RizHo2PeHskc=
2022.6.27 06:36:21#Forward to DBBL Payment Gateway Page: https://ecom1.dutchbanglabank.com/ecomm2/ClientHandler?card_type=6&trans_id=ZphDVNLqWRtIqQ0RizHo2PeHskc%3D
2022.6.27 06:36:26#=================== Start New Transaction ===================
2022.6.27 06:36:26#txnrefnum:BBB2103064
2022.6.27 06:36:26#clientIp:37.111.193.101
2022.6.27 06:36:26#card type:6
2022.6.27 06:36:26#totalamount:62000
2022.6.27 06:37:01#result:TRANSACTION_ID:wsze7coHqySbqhwWzJTSet7IKvs=
2022.6.27 06:37:01#Forward to DBBL Payment Gateway Page: https://ecom1.dutchbanglabank.com/ecomm2/ClientHandler?card_type=6&trans_id=wsze7coHqySbqhwWzJTSet7IKvs%3D
2022.6.27 06:37:04#---------------------- Complete New Transaction---------------------
2022.6.27 06:37:04#Get trans_id From Post Value:ZphDVNLqWRtIqQ0RizHo2PeHskc=
2022.6.27 06:37:04#clientIp:37.111.215.127
2022.6.27 06:37:04#trans_id:ZphDVNLqWRtIqQ0RizHo2PeHskc=
2022.6.27 06:37:07#=================== Start New Transaction ===================
2022.6.27 06:37:07#txnrefnum:MSC22111301
2022.6.27 06:37:07#clientIp:103.204.247.18
2022.6.27 06:37:07#card type:6
2022.6.27 06:37:07#totalamount:262000
2022.6.27 06:37:12#result:RESULT>OK^RESULT_CODE>000^3DSECURE>SKIPPED^RRN>217806201610^APPROVAL_CODE>168539^CARD_NUMBER>999999*********1168^AMOUNT>242000^CARDNAME>mb account^DESCRIPTION>6MBD2007281^TRANS_DATE>2022-06-27 12:37:01 PM
2022.6.27 06:37:12#19508427063712
2022.6.27 06:37:12#19508427063712
2022.6.27 06:37:12#19508427063712
2022.6.27 06:37:12#=================== Transaction Completed =======================
2022.6.27 06:37:22#=================== Start New Transaction ===================
2022.6.27 06:37:22#txnrefnum:MSC22111301
2022.6.27 06:37:22#clientIp:103.204.247.18
2022.6.27 06:37:22#card type:6
2022.6.27 06:37:22#totalamount:262000
2022.6.27 06:37:24#---------------------- Complete New Transaction---------------------
2022.6.27 06:37:24#Get trans_id From Post Value:wsze7coHqySbqhwWzJTSet7IKvs=
2022.6.27 06:37:24#clientIp:37.111.193.101
2022.6.27 06:37:24#trans_id:wsze7coHqySbqhwWzJTSet7IKvs=
2022.6.27 06:37:37#result:RESULT>OK^RESULT_CODE>000^3DSECURE>SKIPPED^RRN>217806201644^APPROVAL_CODE>263877^CARD_NUMBER>999999*********0266^AMOUNT>62000^CARDNAME>mb account^DESCRIPTION>6BBB2103064^TRANS_DATE>2022-06-27 12:37:21 PM
2022.6.27 06:37:37#30753227063737
2022.6.27 06:37:37#=================== Transaction Completed =======================
2022.6.27 06:37:39#result:TRANSACTION_ID:VH8oMG54iYGDJnzUhSxN09X9l5w=
2022.6.27 06:37:39#Forward to DBBL Payment Gateway Page: https://ecom1.dutchbanglabank.com/ecomm2/ClientHandler?card_type=6&trans_id=VH8oMG54iYGDJnzUhSxN09X9l5w%3D
2022.6.27 06:37:39#=================== Start New Transaction ===================
2022.6.27 06:37:39#txnrefnum:MSC22111301
2022.6.27 06:37:39#clientIp:103.204.247.18
2022.6.27 06:37:39#card type:6
2022.6.27 06:37:39#totalamount:262000
2022.6.27 06:38:00#result:TRANSACTION_ID:SIpWsFRono5EyezM6wZgU1giIDE=
2022.6.27 06:38:00#Forward to DBBL Payment Gateway Page: https://ecom1.dutchbanglabank.com/ecomm2/ClientHandler?card_type=6&trans_id=SIpWsFRono5EyezM6wZgU1giIDE%3D
2022.6.27 06:38:02#result:TRANSACTION_ID:PA8jIgIDBiAWv9p180YoeQaiEQk=
2022.6.27 06:38:02#Forward to DBBL Payment Gateway Page: https://ecom1.dutchbanglabank.com/ecomm2/ClientHandler?card_type=6&trans_id=PA8jIgIDBiAWv9p180YoeQaiEQk%3D
2022.6.27 06:38:09#=================== Start New Transaction ===================
2022.6.27 06:38:09#txnrefnum:MSC22111301
2022.6.27 06:38:09#clientIp:103.204.247.18
2022.6.27 06:38:09#card type:6
2022.6.27 06:38:09#totalamount:262000
2022.6.27 06:38:22#=================== Start New Transaction ===================
2022.6.27 06:38:22#txnrefnum:MSC22111301
2022.6.27 06:38:22#clientIp:103.204.247.18
2022.6.27 06:38:22#card type:6
2022.6.27 06:38:22#totalamount:262000
2022.6.27 06:38:35#=================== Start New Transaction ===================
2022.6.27 06:38:35#txnrefnum:MSC22111301
2022.6.27 06:38:35#clientIp:103.204.247.18
2022.6.27 06:38:35#card type:6
2022.6.27 06:38:35#totalamount:262000
2022.6.27 06:38:36#=================== Start New Transaction ===================
2022.6.27 06:38:36#txnrefnum:MSC22111301
2022.6.27 06:38:36#clientIp:103.204.247.18
2022.6.27 06:38:36#card type:6
2022.6.27 06:38:36#totalamount:262000
2022.6.27 06:38:52#result:TRANSACTION_ID:ylDrkb1cPOll3NCMBFgxOqYpbxQ=
2022.6.27 06:38:52#Forward to DBBL Payment Gateway Page: https://ecom1.dutchbanglabank.com/ecomm2/ClientHandler?card_type=6&trans_id=ylDrkb1cPOll3NCMBFgxOqYpbxQ%3D
2022.6.27 06:38:55#result:TRANSACTION_ID:WlZ12xlQOETGlRpTslaB1MlZIFw=
2022.6.27 06:38:55#Forward to DBBL Payment Gateway Page: https://ecom1.dutchbanglabank.com/ecomm2/ClientHandler?card_type=6&trans_id=WlZ12xlQOETGlRpTslaB1MlZIFw%3D
2022.6.27 06:38:58#result:TRANSACTION_ID:YFie29t1pQxwLLegIoG8GMJjSzo=
2022.6.27 06:38:58#Forward to DBBL Payment Gateway Page: https://ecom1.dutchbanglabank.com/ecomm2/ClientHandler?card_type=6&trans_id=YFie29t1pQxwLLegIoG8GMJjSzo%3D
2022.6.27 06:38:58#=================== Start New Transaction ===================
2022.6.27 06:38:58#txnrefnum:MSC22111301
2022.6.27 06:38:58#clientIp:103.204.247.18
2022.6.27 06:38:58#card type:6
2022.6.27 06:38:58#totalamount:262000
2022.6.27 06:39:08#result:TRANSACTION_ID:vuKpt0S7IZjq03gsjOWqOjqz1Ec=
2022.6.27 06:39:08#Forward to DBBL Payment Gateway Page: https://ecom1.dutchbanglabank.com/ecomm2/ClientHandler?card_type=6&trans_id=vuKpt0S7IZjq03gsjOWqOjqz1Ec%3D
2022.6.27 06:39:08#=================== Start New Transaction ===================
2022.6.27 06:39:08#txnrefnum:MSC22111301
2022.6.27 06:39:08#clientIp:103.204.247.18
2022.6.27 06:39:08#card type:6
2022.6.27 06:39:08#totalamount:262000
2022.6.27 06:39:31#result:TRANSACTION_ID:EhYUZWKwqnOKXECQYYZsqszYIx8=
2022.6.27 06:39:31#Forward to DBBL Payment Gateway Page: https://ecom1.dutchbanglabank.com/ecomm2/ClientHandler?card_type=6&trans_id=EhYUZWKwqnOKXECQYYZsqszYIx8%3D
2022.6.27 06:39:40#result:TRANSACTION_ID:3L3DsoZsvjAKiKSW4VmWC3Nhr6c=
2022.6.27 06:39:40#Forward to DBBL Payment Gateway Page: https://ecom1.dutchbanglabank.com/ecomm2/ClientHandler?card_type=6&trans_id=3L3DsoZsvjAKiKSW4VmWC3Nhr6c%3D
2022.6.27 06:39:49#=================== Start New Transaction ===================
2022.6.27 06:39:49#txnrefnum:MSC22111301
2022.6.27 06:39:49#clientIp:103.204.247.18
2022.6.27 06:39:49#card type:6
2022.6.27 06:39:49#totalamount:262000
2022.6.27 06:40:01#=================== Start New Transaction ===================
2022.6.27 06:40:01#txnrefnum:MSC22111301
2022.6.27 06:40:01#clientIp:103.204.247.18
2022.6.27 06:40:01#card type:6
2022.6.27 06:40:01#totalamount:262000
2022.6.27 06:40:04#=================== Start New Transaction ===================
2022.6.27 06:40:04#txnrefnum:MSC22111301
2022.6.27 06:40:04#clientIp:103.204.247.18
2022.6.27 06:40:04#card type:6
2022.6.27 06:40:04#totalamount:262000
2022.6.27 06:40:18#=================== Start New Transaction ===================
2022.6.27 06:40:18#txnrefnum:MSC22111301
2022.6.27 06:40:18#clientIp:103.204.247.18
2022.6.27 06:40:18#card type:6
2022.6.27 06:40:18#totalamount:262000
2022.6.27 06:40:21#result:TRANSACTION_ID:OXCS4uPOmOOBTWR4GlhJQESis3Q=
2022.6.27 06:40:21#Forward to DBBL Payment Gateway Page: https://ecom1.dutchbanglabank.com/ecomm2/ClientHandler?card_type=6&trans_id=OXCS4uPOmOOBTWR4GlhJQESis3Q%3D
2022.6.27 06:40:31#result:TRANSACTION_ID:GFa9HYHShOWWehnGeBOWufCoGZo=
2022.6.27 06:40:31#Forward to DBBL Payment Gateway Page: https://ecom1.dutchbanglabank.com/ecomm2/ClientHandler?card_type=6&trans_id=GFa9HYHShOWWehnGeBOWufCoGZo%3D
2022.6.27 06:40:43#result:TRANSACTION_ID:0ViSAct65S42irjCJbPRXX7CxgU=
2022.6.27 06:40:43#Forward to DBBL Payment Gateway Page: https://ecom1.dutchbanglabank.com/ecomm2/ClientHandler?card_type=6&trans_id=0ViSAct65S42irjCJbPRXX7CxgU%3D
2022.6.27 06:40:43#=================== Start New Transaction ===================
2022.6.27 06:40:43#txnrefnum:MSC22111301
2022.6.27 06:40:43#clientIp:103.204.247.18
2022.6.27 06:40:43#card type:6
2022.6.27 06:40:43#totalamount:262000
2022.6.27 06:40:45#result:TRANSACTION_ID:PUV3eNXsQBKGPhLebkFkRhPo3lo=
2022.6.27 06:40:45#Forward to DBBL Payment Gateway Page: https://ecom1.dutchbanglabank.com/ecomm2/ClientHandler?card_type=6&trans_id=PUV3eNXsQBKGPhLebkFkRhPo3lo%3D
2022.6.27 06:41:16#result:TRANSACTION_ID:bSaSIDkKr8Pqer2YunzKPR5e7Jk=
2022.6.27 06:41:16#Forward to DBBL Payment Gateway Page: https://ecom1.dutchbanglabank.com/ecomm2/ClientHandler?card_type=6&trans_id=bSaSIDkKr8Pqer2YunzKPR5e7Jk%3D
2022.6.27 06:45:51#=================== Start New Transaction ===================
2022.6.27 06:45:51#txnrefnum:MBD2007098
2022.6.27 06:45:51#clientIp:202.134.10.130
2022.6.27 06:45:51#card type:6
2022.6.27 06:45:51#totalamount:322000
2022.6.27 06:46:19#result:TRANSACTION_ID:qSPcwpGONmOSSFUmX8F5SSqV7yU=
2022.6.27 06:46:19#Forward to DBBL Payment Gateway Page: https://ecom1.dutchbanglabank.com/ecomm2/ClientHandler?card_type=6&trans_id=qSPcwpGONmOSSFUmX8F5SSqV7yU%3D
2022.6.27 06:46:42#---------------------- Complete New Transaction---------------------
2022.6.27 06:46:42#Get trans_id From Post Value:qSPcwpGONmOSSFUmX8F5SSqV7yU=
2022.6.27 06:46:42#clientIp:202.134.10.130
2022.6.27 06:46:42#trans_id:qSPcwpGONmOSSFUmX8F5SSqV7yU=
2022.6.27 06:46:49#result:RESULT>OK^RESULT_CODE>000^3DSECURE>SKIPPED^RRN>217806202642^APPROVAL_CODE>183999^CARD_NUMBER>999999*********7532^AMOUNT>322000^CARDNAME>mb account^DESCRIPTION>6MBD2007098^TRANS_DATE>2022-06-27 12:46:41 PM
2022.6.27 06:46:49#19245527064649
2022.6.27 06:46:49#19245527064649
2022.6.27 06:46:49#19245527064649
2022.6.27 06:46:49#19245527064649
2022.6.27 06:46:49#=================== Transaction Completed =======================
2022.6.27 06:57:32#=================== Start New Transaction ===================
2022.6.27 06:57:32#txnrefnum:BBD2008142
2022.6.27 06:57:32#clientIp:103.204.247.18
2022.6.27 06:57:32#card type:6
2022.6.27 06:57:32#totalamount:402000
2022.6.27 06:57:33#=================== Start New Transaction ===================
2022.6.27 06:57:33#txnrefnum:MBD2203027
2022.6.27 06:57:33#clientIp:37.111.215.127
2022.6.27 06:57:33#card type:6
2022.6.27 06:57:33#totalamount:82000
2022.6.27 06:57:57#=================== Start New Transaction ===================
2022.6.27 06:57:57#txnrefnum:BBD2008142
2022.6.27 06:57:57#clientIp:103.204.247.18
2022.6.27 06:57:57#card type:6
2022.6.27 06:57:57#totalamount:402000
2022.6.27 06:58:06#result:TRANSACTION_ID:Zg24gGRbRgCXh4b2cvPTdnSkhjc=
2022.6.27 06:58:06#Forward to DBBL Payment Gateway Page: https://ecom1.dutchbanglabank.com/ecomm2/ClientHandler?card_type=6&trans_id=Zg24gGRbRgCXh4b2cvPTdnSkhjc%3D
2022.6.27 06:58:06#result:TRANSACTION_ID:oWFoa3mzbv46eYUDZifEUJC0Ips=
2022.6.27 06:58:06#Forward to DBBL Payment Gateway Page: https://ecom1.dutchbanglabank.com/ecomm2/ClientHandler?card_type=6&trans_id=oWFoa3mzbv46eYUDZifEUJC0Ips%3D
2022.6.27 06:58:25#result:TRANSACTION_ID:eSwQlGhbueNBdBSNn5JPmYdTOE4=
2022.6.27 06:58:26#Forward to DBBL Payment Gateway Page: https://ecom1.dutchbanglabank.com/ecomm2/ClientHandler?card_type=6&trans_id=eSwQlGhbueNBdBSNn5JPmYdTOE4%3D
2022.6.27 06:58:36#---------------------- Complete New Transaction---------------------
2022.6.27 06:58:36#Get trans_id From Post Value:oWFoa3mzbv46eYUDZifEUJC0Ips=
2022.6.27 06:58:36#clientIp:37.111.215.127
2022.6.27 06:58:36#trans_id:oWFoa3mzbv46eYUDZifEUJC0Ips=
2022.6.27 06:58:42#result:RESULT>OK^RESULT_CODE>000^3DSECURE>SKIPPED^RRN>217806203788^APPROVAL_CODE>398035^CARD_NUMBER>999999*********1168^AMOUNT>82000^CARDNAME>mb account^DESCRIPTION>6MBD2203027^TRANS_DATE>2022-06-27 12:58:33 PM
2022.6.27 06:58:42#10401227065842
2022.6.27 06:58:42#=================== Transaction Completed =======================
2022.6.27 06:58:59#---------------------- Complete New Transaction---------------------
2022.6.27 06:58:59#Get trans_id From Post Value:eSwQlGhbueNBdBSNn5JPmYdTOE4=
2022.6.27 06:58:59#clientIp:103.204.247.18
2022.6.27 06:58:59#trans_id:eSwQlGhbueNBdBSNn5JPmYdTOE4=
2022.6.27 06:59:12#result:RESULT>FAILED^RESULT_CODE>116^3DSECURE>SKIPPED^RRN>217806203839^APPROVAL_CODE>0^CARD_NUMBER>999999*********2298^AMOUNT>402000^CARDNAME>mb account^DESCRIPTION>6BBD2008142^TRANS_DATE>2022-06-27 12:58:58 PM
2022.6.27 06:59:12#Not Sufficient Amount
2022.6.27 07:00:48#=================== Start New Transaction ===================
2022.6.27 07:00:48#txnrefnum:BBD2008142
2022.6.27 07:00:48#clientIp:103.204.247.18
2022.6.27 07:00:48#card type:6
2022.6.27 07:00:48#totalamount:402000
2022.6.27 07:01:04#result:TRANSACTION_ID:wh5MWETPqEV2YQDG7ovkAVJRjCo=
2022.6.27 07:01:04#Forward to DBBL Payment Gateway Page: https://ecom1.dutchbanglabank.com/ecomm2/ClientHandler?card_type=6&trans_id=wh5MWETPqEV2YQDG7ovkAVJRjCo%3D
2022.6.27 07:01:33#---------------------- Complete New Transaction---------------------
2022.6.27 07:01:33#Get trans_id From Post Value:wh5MWETPqEV2YQDG7ovkAVJRjCo=
2022.6.27 07:01:33#clientIp:103.204.247.18
2022.6.27 07:01:33#trans_id:wh5MWETPqEV2YQDG7ovkAVJRjCo=
2022.6.27 07:01:40#result:RESULT>FAILED^RESULT_CODE>103^3DSECURE>SKIPPED^RRN>217807204096^APPROVAL_CODE>0^CARD_NUMBER>999999*********2298^AMOUNT>402000^CARDNAME>mb account^DESCRIPTION>6BBD2008142^TRANS_DATE>2022-06-27 01:01:32 PM
2022.6.27 07:01:40#Failed
2022.6.27 07:02:09#=================== Start New Transaction ===================
2022.6.27 07:02:09#txnrefnum:BBD2008142
2022.6.27 07:02:09#clientIp:103.204.247.18
2022.6.27 07:02:09#card type:6
2022.6.27 07:02:09#totalamount:402000
2022.6.27 07:02:32#=================== Start New Transaction ===================
2022.6.27 07:02:32#txnrefnum:BBD2008142
2022.6.27 07:02:32#clientIp:103.204.247.18
2022.6.27 07:02:32#card type:6
2022.6.27 07:02:32#totalamount:402000
2022.6.27 07:02:33#result:TRANSACTION_ID:jPFQZWFiApH69CNOhnTcuUCRQ8o=
2022.6.27 07:02:33#Forward to DBBL Payment Gateway Page: https://ecom1.dutchbanglabank.com/ecomm2/ClientHandler?card_type=6&trans_id=jPFQZWFiApH69CNOhnTcuUCRQ8o%3D
2022.6.27 07:02:45#=================== Start New Transaction ===================
2022.6.27 07:02:45#txnrefnum:BBD2008142
2022.6.27 07:02:45#clientIp:103.204.247.18
2022.6.27 07:02:45#card type:6
2022.6.27 07:02:45#totalamount:402000
2022.6.27 07:03:03#result:TRANSACTION_ID:7nsp42N1Se3iwnjwTEaBiXh7Tj0=
2022.6.27 07:03:03#Forward to DBBL Payment Gateway Page: https://ecom1.dutchbanglabank.com/ecomm2/ClientHandler?card_type=6&trans_id=7nsp42N1Se3iwnjwTEaBiXh7Tj0%3D
2022.6.27 07:03:18#=================== Start New Transaction ===================
2022.6.27 07:03:18#txnrefnum:BBD2008142
2022.6.27 07:03:18#clientIp:103.204.247.18
2022.6.27 07:03:18#card type:6
2022.6.27 07:03:18#totalamount:402000
2022.6.27 07:03:22#result:TRANSACTION_ID:55XMSXGqsQLUbtGMSzkESrvNxuo=
2022.6.27 07:03:22#Forward to DBBL Payment Gateway Page: https://ecom1.dutchbanglabank.com/ecomm2/ClientHandler?card_type=6&trans_id=55XMSXGqsQLUbtGMSzkESrvNxuo%3D
2022.6.27 07:03:22#=================== Start New Transaction ===================
2022.6.27 07:03:22#txnrefnum:BBD2008142
2022.6.27 07:03:22#clientIp:103.204.247.18
2022.6.27 07:03:22#card type:6
2022.6.27 07:03:22#totalamount:402000
2022.6.27 07:03:41#=================== Start New Transaction ===================
2022.6.27 07:03:41#txnrefnum:MBD2003073
2022.6.27 07:03:41#clientIp:27.54.148.174
2022.6.27 07:03:41#card type:6
2022.6.27 07:03:41#totalamount:462000
2022.6.27 07:03:47#result:TRANSACTION_ID:A7xHV7JNj3TKiiOy5PPPgjXWWCg=
2022.6.27 07:03:47#Forward to DBBL Payment Gateway Page: https://ecom1.dutchbanglabank.com/ecomm2/ClientHandler?card_type=6&trans_id=A7xHV7JNj3TKiiOy5PPPgjXWWCg%3D
2022.6.27 07:03:47#=================== Start New Transaction ===================
2022.6.27 07:03:47#txnrefnum:BBD2008142
2022.6.27 07:03:47#clientIp:103.204.247.18
2022.6.27 07:03:47#card type:6
2022.6.27 07:03:47#totalamount:402000
2022.6.27 07:03:57#result:TRANSACTION_ID:eKbP5oc5SqxcDsRxKS4b3PexPSs=
2022.6.27 07:03:57#Forward to DBBL Payment Gateway Page: https://ecom1.dutchbanglabank.com/ecomm2/ClientHandler?card_type=6&trans_id=eKbP5oc5SqxcDsRxKS4b3PexPSs%3D
2022.6.27 07:04:03#=================== Start New Transaction ===================
2022.6.27 07:04:03#txnrefnum:BBD2008142
2022.6.27 07:04:03#clientIp:103.204.247.18
2022.6.27 07:04:03#card type:6
2022.6.27 07:04:03#totalamount:402000
2022.6.27 07:04:14#result:TRANSACTION_ID:SEakqRODNewd9o40k7k30Nv1Z8c=
2022.6.27 07:04:14#Forward to DBBL Payment Gateway Page: https://ecom1.dutchbanglabank.com/ecomm2/ClientHandler?card_type=6&trans_id=SEakqRODNewd9o40k7k30Nv1Z8c%3D
2022.6.27 07:04:19#result:TRANSACTION_ID:dSgCkI5z2XrAUxBal5nJo4LrIB8=
2022.6.27 07:04:19#Forward to DBBL Payment Gateway Page: https://ecom1.dutchbanglabank.com/ecomm2/ClientHandler?card_type=6&trans_id=dSgCkI5z2XrAUxBal5nJo4LrIB8%3D
2022.6.27 07:04:47#---------------------- Complete New Transaction---------------------
2022.6.27 07:04:47#Get trans_id From Post Value:dSgCkI5z2XrAUxBal5nJo4LrIB8=
2022.6.27 07:04:47#clientIp:103.204.247.18
2022.6.27 07:04:47#trans_id:dSgCkI5z2XrAUxBal5nJo4LrIB8=
2022.6.27 07:04:54#result:RESULT>OK^RESULT_CODE>000^3DSECURE>SKIPPED^RRN>217807204458^APPROVAL_CODE>410726^CARD_NUMBER>999999*********2298^AMOUNT>402000^CARDNAME>mb account^DESCRIPTION>6BBD2008142^TRANS_DATE>2022-06-27 01:04:46 PM
2022.6.27 07:04:54#26790127070454
2022.6.27 07:04:54#26790127070454
2022.6.27 07:04:54#26790127070454
2022.6.27 07:04:54#26790127070454
2022.6.27 07:04:54#26790127070454
2022.6.27 07:04:54#=================== Transaction Completed =======================
2022.6.27 07:06:38#=================== Start New Transaction ===================
2022.6.27 07:06:38#txnrefnum:BBM2007134
2022.6.27 07:06:38#clientIp:103.204.247.18
2022.6.27 07:06:38#card type:6
2022.6.27 07:06:38#totalamount:242000
2022.6.27 07:07:03#result:TRANSACTION_ID:r92gZqvcuqFYP0PFuzPgquS3930=
2022.6.27 07:07:03#Forward to DBBL Payment Gateway Page: https://ecom1.dutchbanglabank.com/ecomm2/ClientHandler?card_type=6&trans_id=r92gZqvcuqFYP0PFuzPgquS3930%3D
2022.6.27 07:07:48#---------------------- Complete New Transaction---------------------
2022.6.27 07:07:48#Get trans_id From Post Value:r92gZqvcuqFYP0PFuzPgquS3930=
2022.6.27 07:07:48#clientIp:103.204.247.18
2022.6.27 07:07:48#trans_id:r92gZqvcuqFYP0PFuzPgquS3930=
2022.6.27 07:07:56#result:RESULT>OK^RESULT_CODE>000^3DSECURE>SKIPPED^RRN>217807204750^APPROVAL_CODE>441560^CARD_NUMBER>999999*********2298^AMOUNT>242000^CARDNAME>mb account^DESCRIPTION>6BBM2007134^TRANS_DATE>2022-06-27 01:07:46 PM
2022.6.27 07:07:56#26465127070756
2022.6.27 07:07:56#26465127070756
2022.6.27 07:07:56#26465127070756
2022.6.27 07:07:56#=================== Transaction Completed =======================
2022.6.27 07:11:02#=================== Start New Transaction ===================
2022.6.27 07:11:02#txnrefnum:MSC22111086
2022.6.27 07:11:02#clientIp:37.111.215.127
2022.6.27 07:11:02#card type:6
2022.6.27 07:11:02#totalamount:482000
2022.6.27 07:11:26#result:TRANSACTION_ID:PzsS2CNDHYaJoPZH2JjPsSqhijE=
2022.6.27 07:11:26#Forward to DBBL Payment Gateway Page: https://ecom1.dutchbanglabank.com/ecomm2/ClientHandler?card_type=6&trans_id=PzsS2CNDHYaJoPZH2JjPsSqhijE%3D
2022.6.27 07:14:47#=================== Start New Transaction ===================
2022.6.27 07:14:47#txnrefnum:MBD2203027
2022.6.27 07:14:47#clientIp:37.111.215.127
2022.6.27 07:14:47#card type:6
2022.6.27 07:14:47#totalamount:82000
2022.6.27 07:15:08#result:TRANSACTION_ID:vZYmHIT107wlBeJ3seJEc4pThS8=
2022.6.27 07:15:08#Forward to DBBL Payment Gateway Page: https://ecom1.dutchbanglabank.com/ecomm2/ClientHandler?card_type=6&trans_id=vZYmHIT107wlBeJ3seJEc4pThS8%3D
2022.6.27 07:36:04#=================== Start New Transaction ===================
2022.6.27 07:36:04#txnrefnum:MBD2203115
2022.6.27 07:36:04#clientIp:202.134.10.130
2022.6.27 07:36:04#card type:6
2022.6.27 07:36:04#totalamount:162000
2022.6.27 07:36:19#result:TRANSACTION_ID:96voxZwIlnwXYRE4C3Yd7gVSPVM=
2022.6.27 07:36:19#Forward to DBBL Payment Gateway Page: https://ecom1.dutchbanglabank.com/ecomm2/ClientHandler?card_type=6&trans_id=96voxZwIlnwXYRE4C3Yd7gVSPVM%3D
2022.6.27 07:36:40#---------------------- Complete New Transaction---------------------
2022.6.27 07:36:40#Get trans_id From Post Value:96voxZwIlnwXYRE4C3Yd7gVSPVM=
2022.6.27 07:36:40#clientIp:202.134.10.130
2022.6.27 07:36:40#trans_id:96voxZwIlnwXYRE4C3Yd7gVSPVM=
2022.6.27 07:36:50#result:RESULT>OK^RESULT_CODE>000^3DSECURE>SKIPPED^RRN>217807207710^APPROVAL_CODE>512006^CARD_NUMBER>999999*********7532^AMOUNT>162000^CARDNAME>mb account^DESCRIPTION>6MBD2203115^TRANS_DATE>2022-06-27 01:36:39 PM
2022.6.27 07:36:50#10506727073650
2022.6.27 07:36:50#10506727073650
2022.6.27 07:36:50#=================== Transaction Completed =======================
2022.6.27 08:07:08#=================== Start New Transaction ===================
2022.6.27 08:07:08#txnrefnum:MSC22111378
2022.6.27 08:07:08#clientIp:202.134.10.130
2022.6.27 08:07:08#card type:6
2022.6.27 08:07:08#totalamount:262000
2022.6.27 08:07:17#result:TRANSACTION_ID:qy7ASozWQKzuEwp9PSxEZtjZqSw=
2022.6.27 08:07:17#Forward to DBBL Payment Gateway Page: https://ecom1.dutchbanglabank.com/ecomm2/ClientHandler?card_type=6&trans_id=qy7ASozWQKzuEwp9PSxEZtjZqSw%3D
2022.6.27 08:13:23#=================== Start New Transaction ===================
2022.6.27 08:13:23#txnrefnum:MSC22111378
2022.6.27 08:13:23#clientIp:202.134.10.130
2022.6.27 08:13:23#card type:6
2022.6.27 08:13:23#totalamount:262000
2022.6.27 08:13:33#result:TRANSACTION_ID:20ahyHV1yevLVdQtYsE0AUl88mQ=
2022.6.27 08:13:33#Forward to DBBL Payment Gateway Page: https://ecom1.dutchbanglabank.com/ecomm2/ClientHandler?card_type=6&trans_id=20ahyHV1yevLVdQtYsE0AUl88mQ%3D
2022.6.27 08:14:01#---------------------- Complete New Transaction---------------------
2022.6.27 08:14:01#Get trans_id From Post Value:20ahyHV1yevLVdQtYsE0AUl88mQ=
2022.6.27 08:14:01#clientIp:202.134.10.130
2022.6.27 08:14:01#trans_id:20ahyHV1yevLVdQtYsE0AUl88mQ=
2022.6.27 08:14:04#result:RESULT>OK^RESULT_CODE>000^3DSECURE>SKIPPED^RRN>217808211040^APPROVAL_CODE>768125^CARD_NUMBER>999999*********7532^AMOUNT>262000^CARDNAME>mb account^DESCRIPTION>6MSC22111378^TRANS_DATE>2022-06-27 02:14:00 PM
2022.6.27 08:14:04#31543927081404
2022.6.27 08:14:04#31543927081404
2022.6.27 08:14:04#=================== Transaction Completed =======================
2022.6.27 08:16:38#=================== Start New Transaction ===================
2022.6.27 08:16:38#txnrefnum:MSC22111379
2022.6.27 08:16:38#clientIp:202.134.10.130
2022.6.27 08:16:38#card type:6
2022.6.27 08:16:38#totalamount:262000
2022.6.27 08:16:43#result:TRANSACTION_ID:EV83SIjGL9fYWF8cHkRDKOwivto=
2022.6.27 08:16:43#Forward to DBBL Payment Gateway Page: https://ecom1.dutchbanglabank.com/ecomm2/ClientHandler?card_type=6&trans_id=EV83SIjGL9fYWF8cHkRDKOwivto%3D
2022.6.27 08:17:03#---------------------- Complete New Transaction---------------------
2022.6.27 08:17:03#Get trans_id From Post Value:EV83SIjGL9fYWF8cHkRDKOwivto=
2022.6.27 08:17:03#clientIp:202.134.10.130
2022.6.27 08:17:03#trans_id:EV83SIjGL9fYWF8cHkRDKOwivto=
2022.6.27 08:17:06#result:RESULT>OK^RESULT_CODE>000^3DSECURE>SKIPPED^RRN>217808211315^APPROVAL_CODE>665420^CARD_NUMBER>999999*********7532^AMOUNT>262000^CARDNAME>mb account^DESCRIPTION>6MSC22111379^TRANS_DATE>2022-06-27 02:17:02 PM
2022.6.27 08:17:06#31542727081706
2022.6.27 08:17:06#31542727081706
2022.6.27 08:17:06#=================== Transaction Completed =======================
2022.6.27 08:57:59#=================== Start New Transaction ===================
2022.6.27 08:57:59#txnrefnum:MBD2003102
2022.6.27 08:57:59#clientIp:113.11.75.140
2022.6.27 08:57:59#card type:6
2022.6.27 08:57:59#totalamount:82000
2022.6.27 08:58:05#result:TRANSACTION_ID:IqCFq2RleoOfPufsxLHK7YLZ1D4=
2022.6.27 08:58:05#Forward to DBBL Payment Gateway Page: https://ecom1.dutchbanglabank.com/ecomm2/ClientHandler?card_type=6&trans_id=IqCFq2RleoOfPufsxLHK7YLZ1D4%3D
2022.6.27 08:59:21#=================== Start New Transaction ===================
2022.6.27 08:59:21#txnrefnum:MBD2003102
2022.6.27 08:59:21#clientIp:113.11.75.140
2022.6.27 08:59:21#card type:6
2022.6.27 08:59:21#totalamount:2000
2022.6.27 08:59:27#result:TRANSACTION_ID:3Z52krenSbAOuNebhXD3YsSp3u4=
2022.6.27 08:59:28#Forward to DBBL Payment Gateway Page: https://ecom1.dutchbanglabank.com/ecomm2/ClientHandler?card_type=6&trans_id=3Z52krenSbAOuNebhXD3YsSp3u4%3D
2022.6.27 09:24:04#=================== Start New Transaction ===================
2022.6.27 09:24:04#txnrefnum:MBD2004009
2022.6.27 09:24:04#clientIp:43.245.120.15
2022.6.27 09:24:04#card type:6
2022.6.27 09:24:04#totalamount:482000
2022.6.27 09:24:11#result:TRANSACTION_ID:bBeYq5BhzfJOsKFvX6r3OdhDqgY=
2022.6.27 09:24:11#Forward to DBBL Payment Gateway Page: https://ecom1.dutchbanglabank.com/ecomm2/ClientHandler?card_type=6&trans_id=bBeYq5BhzfJOsKFvX6r3OdhDqgY%3D
2022.6.27 09:24:40#---------------------- Complete New Transaction---------------------
2022.6.27 09:24:40#Get trans_id From Post Value:bBeYq5BhzfJOsKFvX6r3OdhDqgY=
2022.6.27 09:24:40#clientIp:43.245.120.15
2022.6.27 09:24:40#trans_id:bBeYq5BhzfJOsKFvX6r3OdhDqgY=
2022.6.27 09:24:44#result:RESULT>OK^RESULT_CODE>000^3DSECURE>SKIPPED^RRN>217809217574^APPROVAL_CODE>938926^CARD_NUMBER>999999*********7532^AMOUNT>482000^CARDNAME>mb account^DESCRIPTION>6MBD2004009^TRANS_DATE>2022-06-27 03:24:39 PM
2022.6.27 09:24:44#13911327092444
2022.6.27 09:24:44#13911327092444
2022.6.27 09:24:44#13911327092444
2022.6.27 09:24:44#13911327092444
2022.6.27 09:24:44#13911327092444
2022.6.27 09:24:44#13911327092444
2022.6.27 09:24:44#=================== Transaction Completed =======================
2022.6.27 12:36:31#=================== Start New Transaction ===================
2022.6.27 12:36:31#txnrefnum:MSC22110012
2022.6.27 12:36:31#clientIp:103.152.143.188
2022.6.27 12:36:31#card type:6
2022.6.27 12:36:31#totalamount:262000
2022.6.27 12:36:41#result:TRANSACTION_ID:y4A1j0VnxmsNAsRXNxfmGPTExiw=
2022.6.27 12:36:41#Forward to DBBL Payment Gateway Page: https://ecom1.dutchbanglabank.com/ecomm2/ClientHandler?card_type=6&trans_id=y4A1j0VnxmsNAsRXNxfmGPTExiw%3D
2022.6.27 12:37:43#---------------------- Complete New Transaction---------------------
2022.6.27 12:37:43#Get trans_id From Post Value:y4A1j0VnxmsNAsRXNxfmGPTExiw=
2022.6.27 12:37:43#clientIp:103.152.143.188
2022.6.27 12:37:43#trans_id:y4A1j0VnxmsNAsRXNxfmGPTExiw=
2022.6.27 12:37:46#result:RESULT>OK^RESULT_CODE>000^3DSECURE>SKIPPED^RRN>217812232293^APPROVAL_CODE>817053^CARD_NUMBER>999999*********1380^AMOUNT>262000^CARDNAME>mb account^DESCRIPTION>6MSC22110012^TRANS_DATE>2022-06-27 06:37:42 PM
2022.6.27 12:37:46#1409627123746
2022.6.27 12:37:46#1409627123746
2022.6.27 12:37:46#=================== Transaction Completed =======================
2022.6.27 14:34:16#=================== Start New Transaction ===================
2022.6.27 14:34:16#txnrefnum:BEM2201213
2022.6.27 14:34:16#clientIp:103.138.120.247
2022.6.27 14:34:16#card type:6
2022.6.27 14:34:16#totalamount:112000
2022.6.27 14:34:38#=================== Start New Transaction ===================
2022.6.27 14:34:38#txnrefnum:BEM2201213
2022.6.27 14:34:38#clientIp:103.138.120.247
2022.6.27 14:34:38#card type:6
2022.6.27 14:34:38#totalamount:112000
2022.6.27 14:34:48#result:TRANSACTION_ID:KUfWW115wYh9qwdQLnpXCNToRHU=
2022.6.27 14:34:48#Forward to DBBL Payment Gateway Page: https://ecom1.dutchbanglabank.com/ecomm2/ClientHandler?card_type=6&trans_id=KUfWW115wYh9qwdQLnpXCNToRHU%3D
2022.6.27 14:34:52#result:TRANSACTION_ID:dpHM8BZJ9zu88rJU5IJORIjnfeU=
2022.6.27 14:34:52#Forward to DBBL Payment Gateway Page: https://ecom1.dutchbanglabank.com/ecomm2/ClientHandler?card_type=6&trans_id=dpHM8BZJ9zu88rJU5IJORIjnfeU%3D
2022.6.27 14:35:39#---------------------- Complete New Transaction---------------------
2022.6.27 14:35:39#Get trans_id From Post Value:dpHM8BZJ9zu88rJU5IJORIjnfeU=
2022.6.27 14:35:39#clientIp:103.138.120.247
2022.6.27 14:35:39#trans_id:dpHM8BZJ9zu88rJU5IJORIjnfeU=
2022.6.27 14:35:44#result:RESULT>OK^RESULT_CODE>000^3DSECURE>SKIPPED^RRN>217814241682^APPROVAL_CODE>672661^CARD_NUMBER>999999*********1026^AMOUNT>112000^CARDNAME>mb account^DESCRIPTION>6BEM2201213^TRANS_DATE>2022-06-27 08:35:38 PM
2022.6.27 14:35:44#22358827023544
2022.6.27 14:35:44#=================== Transaction Completed =======================
2022.6.27 15:01:54#=================== Start New Transaction ===================
2022.6.27 15:01:54#txnrefnum:MBD2209531
2022.6.27 15:01:54#clientIp:103.91.128.155
2022.6.27 15:01:54#card type:6
2022.6.27 15:01:54#totalamount:702000
2022.6.27 15:01:58#=================== Start New Transaction ===================
2022.6.27 15:01:58#txnrefnum:MBD2209531
2022.6.27 15:01:58#clientIp:103.91.128.155
2022.6.27 15:01:58#card type:6
2022.6.27 15:01:58#totalamount:702000
2022.6.27 15:02:00#result:TRANSACTION_ID:QzbDLmPGneLAY4IFjrgtjhkLDCQ=
2022.6.27 15:02:00#Forward to DBBL Payment Gateway Page: https://ecom1.dutchbanglabank.com/ecomm2/ClientHandler?card_type=6&trans_id=QzbDLmPGneLAY4IFjrgtjhkLDCQ%3D
2022.6.27 15:02:03#result:TRANSACTION_ID:2cBc77d1Ol2fkxuWWF2uohPwlQI=
2022.6.27 15:02:03#Forward to DBBL Payment Gateway Page: https://ecom1.dutchbanglabank.com/ecomm2/ClientHandler?card_type=6&trans_id=2cBc77d1Ol2fkxuWWF2uohPwlQI%3D
2022.6.27 15:05:58#---------------------- Complete New Transaction---------------------
2022.6.27 15:05:58#Get trans_id From Post Value:2cBc77d1Ol2fkxuWWF2uohPwlQI=
2022.6.27 15:05:58#clientIp:103.91.128.155
2022.6.27 15:05:58#trans_id:2cBc77d1Ol2fkxuWWF2uohPwlQI=
2022.6.27 15:06:01#result:RESULT>OK^RESULT_CODE>000^3DSECURE>SKIPPED^RRN>217815244155^APPROVAL_CODE>869960^CARD_NUMBER>999999*********7678^AMOUNT>702000^CARDNAME>mb account^DESCRIPTION>6MBD2209531^TRANS_DATE>2022-06-27 09:05:56 PM
2022.6.27 15:06:01#32118327030601
2022.6.27 15:06:01#32118327030601
2022.6.27 15:06:01#=================== Transaction Completed =======================
2022.6.27 15:33:40#=================== Start New Transaction ===================
2022.6.27 15:33:40#txnrefnum:MSC22110541
2022.6.27 15:33:40#clientIp:37.111.193.237
2022.6.27 15:33:40#card type:6
2022.6.27 15:33:40#totalamount:422000
2022.6.27 15:33:48#=================== Start New Transaction ===================
2022.6.27 15:33:48#txnrefnum:MSC22111064
2022.6.27 15:33:48#clientIp:103.204.246.90
2022.6.27 15:33:48#card type:6
2022.6.27 15:33:48#totalamount:262000
2022.6.27 15:33:50#result:TRANSACTION_ID:m3JY0C6XA48nq9GZuJchdxTi4Tw=
2022.6.27 15:33:50#Forward to DBBL Payment Gateway Page: https://ecom1.dutchbanglabank.com/ecomm2/ClientHandler?card_type=6&trans_id=m3JY0C6XA48nq9GZuJchdxTi4Tw%3D
2022.6.27 15:33:50#=================== Start New Transaction ===================
2022.6.27 15:33:50#txnrefnum:MSC22111064
2022.6.27 15:33:50#clientIp:103.204.246.90
2022.6.27 15:33:50#card type:6
2022.6.27 15:33:50#totalamount:262000
2022.6.27 15:33:54#result:TRANSACTION_ID:MlqO0hXSJ4YNPl3IX3PKy34N7sg=
2022.6.27 15:33:54#Forward to DBBL Payment Gateway Page: https://ecom1.dutchbanglabank.com/ecomm2/ClientHandler?card_type=6&trans_id=MlqO0hXSJ4YNPl3IX3PKy34N7sg%3D
2022.6.27 15:33:57#result:TRANSACTION_ID:H24H5554uV08TTPrSyMe6x9nva8=
2022.6.27 15:33:57#Forward to DBBL Payment Gateway Page: https://ecom1.dutchbanglabank.com/ecomm2/ClientHandler?card_type=6&trans_id=H24H5554uV08TTPrSyMe6x9nva8%3D
2022.6.27 15:34:19#=================== Start New Transaction ===================
2022.6.27 15:34:19#txnrefnum:MBD2004258
2022.6.27 15:34:19#clientIp:210.1.246.20
2022.6.27 15:34:19#card type:6
2022.6.27 15:34:19#totalamount:82000
2022.6.27 15:34:24#result:TRANSACTION_ID:SO2SPpKLVWApPDFGZSZL1v24fus=
2022.6.27 15:34:24#Forward to DBBL Payment Gateway Page: https://ecom1.dutchbanglabank.com/ecomm2/ClientHandler?card_type=6&trans_id=SO2SPpKLVWApPDFGZSZL1v24fus%3D
2022.6.27 15:34:49#---------------------- Complete New Transaction---------------------
2022.6.27 15:34:49#Get trans_id From Post Value:m3JY0C6XA48nq9GZuJchdxTi4Tw=
2022.6.27 15:34:49#clientIp:37.111.193.237
2022.6.27 15:34:49#trans_id:m3JY0C6XA48nq9GZuJchdxTi4Tw=
2022.6.27 15:34:55#result:RESULT>OK^RESULT_CODE>000^3DSECURE>SKIPPED^RRN>217815246337^APPROVAL_CODE>031300^CARD_NUMBER>999999*********9376^AMOUNT>422000^CARDNAME>mb account^DESCRIPTION>6MSC22110541^TRANS_DATE>2022-06-27 09:34:48 PM
2022.6.27 15:34:55#1297927033455
2022.6.27 15:34:55#1297927033455
2022.6.27 15:34:55#1297927033455
2022.6.27 15:34:55#=================== Transaction Completed =======================
2022.6.27 15:35:50#---------------------- Complete New Transaction---------------------
2022.6.27 15:35:50#Get trans_id From Post Value:SO2SPpKLVWApPDFGZSZL1v24fus=
2022.6.27 15:35:50#clientIp:210.1.246.20
2022.6.27 15:35:50#trans_id:SO2SPpKLVWApPDFGZSZL1v24fus=
2022.6.27 15:35:53#result:RESULT>OK^RESULT_CODE>000^3DSECURE>SKIPPED^RRN>217815246429^APPROVAL_CODE>066206^CARD_NUMBER>999999*********8202^AMOUNT>82000^CARDNAME>mb account^DESCRIPTION>6MBD2004258^TRANS_DATE>2022-06-27 09:35:49 PM
2022.6.27 15:35:53#14168527033553
2022.6.27 15:35:53#=================== Transaction Completed =======================
2022.6.27 15:38:13#=================== Start New Transaction ===================
2022.6.27 15:38:13#txnrefnum:MSC22111064
2022.6.27 15:38:13#clientIp:103.204.246.90
2022.6.27 15:38:13#card type:6
2022.6.27 15:38:13#totalamount:262000
2022.6.27 15:38:20#result:TRANSACTION_ID:xbD0tDPbqzbSuG9QejYfxZnCH1A=
2022.6.27 15:38:20#Forward to DBBL Payment Gateway Page: https://ecom1.dutchbanglabank.com/ecomm2/ClientHandler?card_type=6&trans_id=xbD0tDPbqzbSuG9QejYfxZnCH1A%3D
2022.6.27 15:40:47#=================== Start New Transaction ===================
2022.6.27 15:40:47#txnrefnum:MSC22111064
2022.6.27 15:40:47#clientIp:103.204.246.90
2022.6.27 15:40:47#card type:6
2022.6.27 15:40:47#totalamount:262000
2022.6.27 15:40:51#=================== Start New Transaction ===================
2022.6.27 15:40:51#txnrefnum:MSC22111064
2022.6.27 15:40:51#clientIp:103.204.246.90
2022.6.27 15:40:51#card type:6
2022.6.27 15:40:51#totalamount:262000
2022.6.27 15:40:53#=================== Start New Transaction ===================
2022.6.27 15:40:53#txnrefnum:MSC22111064
2022.6.27 15:40:53#clientIp:103.204.246.90
2022.6.27 15:40:53#card type:6
2022.6.27 15:40:53#totalamount:262000
2022.6.27 15:40:58#result:TRANSACTION_ID:XbMKnktrzPHj8bFn9a82aHH3o4M=
2022.6.27 15:40:58#Forward to DBBL Payment Gateway Page: https://ecom1.dutchbanglabank.com/ecomm2/ClientHandler?card_type=6&trans_id=XbMKnktrzPHj8bFn9a82aHH3o4M%3D
2022.6.27 15:41:00#result:TRANSACTION_ID:tRi4re5FN8xVxF8cehPnBYrRVIc=
2022.6.27 15:41:00#Forward to DBBL Payment Gateway Page: https://ecom1.dutchbanglabank.com/ecomm2/ClientHandler?card_type=6&trans_id=tRi4re5FN8xVxF8cehPnBYrRVIc%3D
2022.6.27 15:41:02#result:TRANSACTION_ID:5VOQz8BqmfimSPbNoFqLMr5PV0k=
2022.6.27 15:41:02#Forward to DBBL Payment Gateway Page: https://ecom1.dutchbanglabank.com/ecomm2/ClientHandler?card_type=6&trans_id=5VOQz8BqmfimSPbNoFqLMr5PV0k%3D
2022.6.27 15:42:17#---------------------- Complete New Transaction---------------------
2022.6.27 15:42:17#Get trans_id From Post Value:5VOQz8BqmfimSPbNoFqLMr5PV0k=
2022.6.27 15:42:17#clientIp:103.204.246.90
2022.6.27 15:42:17#trans_id:5VOQz8BqmfimSPbNoFqLMr5PV0k=
2022.6.27 15:42:21#result:RESULT>OK^RESULT_CODE>000^3DSECURE>SKIPPED^RRN>217815247018^APPROVAL_CODE>104320^CARD_NUMBER>999999*********2234^AMOUNT>262000^CARDNAME>mb account^DESCRIPTION>6MSC22111064^TRANS_DATE>2022-06-27 09:42:16 PM
2022.6.27 15:42:21#140027034221
2022.6.27 15:42:21#140027034221
2022.6.27 15:42:21#=================== Transaction Completed =======================
2022.6.27 16:18:58#=================== Start New Transaction ===================
2022.6.27 16:18:58#txnrefnum:MBG2101212
2022.6.27 16:18:58#clientIp:43.245.123.42
2022.6.27 16:18:58#card type:6
2022.6.27 16:18:58#totalamount:82000
2022.6.27 16:19:06#result:TRANSACTION_ID:Vf9JKEhZskKGcg2glWHV3sCS6DQ=
2022.6.27 16:19:06#Forward to DBBL Payment Gateway Page: https://ecom1.dutchbanglabank.com/ecomm2/ClientHandler?card_type=6&trans_id=Vf9JKEhZskKGcg2glWHV3sCS6DQ%3D
2022.6.27 16:19:54#---------------------- Complete New Transaction---------------------
2022.6.27 16:19:54#Get trans_id From Post Value:Vf9JKEhZskKGcg2glWHV3sCS6DQ=
2022.6.27 16:19:54#clientIp:43.245.123.42
2022.6.27 16:19:54#trans_id:Vf9JKEhZskKGcg2glWHV3sCS6DQ=
2022.6.27 16:19:58#result:RESULT>OK^RESULT_CODE>000^3DSECURE>SKIPPED^RRN>217816249758^APPROVAL_CODE>362386^CARD_NUMBER>999999*********1281^AMOUNT>82000^CARDNAME>mb account^DESCRIPTION>6MBG2101212^TRANS_DATE>2022-06-27 10:19:53 PM
2022.6.27 16:19:58#8338827041958
2022.6.27 16:19:58#=================== Transaction Completed =======================
2022.6.27 16:50:33#=================== Start New Transaction ===================
2022.6.27 16:50:33#txnrefnum:MBM2003132
2022.6.27 16:50:33#clientIp:113.11.113.30
2022.6.27 16:50:33#card type:6
2022.6.27 16:50:33#totalamount:162000
2022.6.27 16:50:37#result:TRANSACTION_ID:ciKKO0skE6wWJfHkZtTFqclvhPA=
2022.6.27 16:50:38#Forward to DBBL Payment Gateway Page: https://ecom1.dutchbanglabank.com/ecomm2/ClientHandler?card_type=6&trans_id=ciKKO0skE6wWJfHkZtTFqclvhPA%3D
2022.6.27 16:53:18#=================== Start New Transaction ===================
2022.6.27 16:53:18#txnrefnum:MBM2003132
2022.6.27 16:53:18#clientIp:116.206.254.106
2022.6.27 16:53:18#card type:6
2022.6.27 16:53:18#totalamount:162000
2022.6.27 16:53:23#result:TRANSACTION_ID:HrTl0vjwiUokjPH2ADHmP3TshOM=
2022.6.27 16:53:23#Forward to DBBL Payment Gateway Page: https://ecom1.dutchbanglabank.com/ecomm2/ClientHandler?card_type=6&trans_id=HrTl0vjwiUokjPH2ADHmP3TshOM%3D
2022.6.27 16:55:18#=================== Start New Transaction ===================
2022.6.27 16:55:18#txnrefnum:MBM2003132
2022.6.27 16:55:18#clientIp:116.206.254.106
2022.6.27 16:55:18#card type:6
2022.6.27 16:55:18#totalamount:162000
2022.6.27 16:55:24#result:TRANSACTION_ID:Ty7N4lm4GELg6ylnJPjKTZrX908=
2022.6.27 16:55:24#Forward to DBBL Payment Gateway Page: https://ecom1.dutchbanglabank.com/ecomm2/ClientHandler?card_type=6&trans_id=Ty7N4lm4GELg6ylnJPjKTZrX908%3D
2022.6.27 16:55:56#---------------------- Complete New Transaction---------------------
2022.6.27 16:55:56#Get trans_id From Post Value:Ty7N4lm4GELg6ylnJPjKTZrX908=
2022.6.27 16:55:56#clientIp:116.206.254.106
2022.6.27 16:55:56#trans_id:Ty7N4lm4GELg6ylnJPjKTZrX908=
2022.6.27 16:56:00#result:RESULT>OK^RESULT_CODE>000^3DSECURE>SKIPPED^RRN>217816252002^APPROVAL_CODE>426011^CARD_NUMBER>999999*********1954^AMOUNT>162000^CARDNAME>mb account^DESCRIPTION>6MBM2003132^TRANS_DATE>2022-06-27 10:55:55 PM
2022.6.27 16:56:01#13197327045600
2022.6.27 16:56:01#13197327045600
2022.6.27 16:56:01#=================== Transaction Completed =======================