
2022.8.31 02:17:00#=================== Start New Transaction ===================
2022.8.31 02:17:00#txnrefnum:MBM2209263
2022.8.31 02:17:00#clientIp:37.111.194.245
2022.8.31 02:17:00#card type:6
2022.8.31 02:17:00#totalamount:82000
2022.8.31 02:17:06#result:TRANSACTION_ID:Sg2CLvn6itWr60I6RcCrFu4mcd8=
2022.8.31 02:17:06#Forward to DBBL Payment Gateway Page: https://ecom1.dutchbanglabank.com/ecomm2/ClientHandler?card_type=6&trans_id=Sg2CLvn6itWr60I6RcCrFu4mcd8%3D
2022.8.31 02:17:25#---------------------- Complete New Transaction---------------------
2022.8.31 02:17:25#Get trans_id From Post Value:Sg2CLvn6itWr60I6RcCrFu4mcd8=
2022.8.31 02:17:25#clientIp:37.111.194.245
2022.8.31 02:17:25#trans_id:Sg2CLvn6itWr60I6RcCrFu4mcd8=
2022.8.31 02:17:27#result:RESULT>OK^RESULT_CODE>000^3DSECURE>SKIPPED^RRN>224302829814^APPROVAL_CODE>569498^CARD_NUMBER>999999*********1168^AMOUNT>82000^CARDNAME>mb account^DESCRIPTION>6MBM2209263^TRANS_DATE>2022-08-31 08:17:24 AM
2022.8.31 02:17:27#20149631021727
2022.8.31 02:17:27#20149631021727
2022.8.31 02:17:27#=================== Transaction Completed =======================
2022.8.31 02:24:18#=================== Start New Transaction ===================
2022.8.31 02:24:18#txnrefnum:MBD2007097
2022.8.31 02:24:18#clientIp:37.111.194.245
2022.8.31 02:24:18#card type:6
2022.8.31 02:24:18#totalamount:242000
2022.8.31 02:24:22#result:TRANSACTION_ID:is1qkTAg78dF8sBkl8O3qXQf7kM=
2022.8.31 02:24:22#Forward to DBBL Payment Gateway Page: https://ecom1.dutchbanglabank.com/ecomm2/ClientHandler?card_type=6&trans_id=is1qkTAg78dF8sBkl8O3qXQf7kM%3D
2022.8.31 02:24:37#---------------------- Complete New Transaction---------------------
2022.8.31 02:24:37#Get trans_id From Post Value:is1qkTAg78dF8sBkl8O3qXQf7kM=
2022.8.31 02:24:37#clientIp:37.111.194.245
2022.8.31 02:24:37#trans_id:is1qkTAg78dF8sBkl8O3qXQf7kM=
2022.8.31 02:24:39#result:RESULT>OK^RESULT_CODE>000^3DSECURE>SKIPPED^RRN>224302830091^APPROVAL_CODE>642173^CARD_NUMBER>999999*********1168^AMOUNT>242000^CARDNAME>mb account^DESCRIPTION>6MBD2007097^TRANS_DATE>2022-08-31 08:24:36 AM
2022.8.31 02:24:39#19244431022439
2022.8.31 02:24:39#19244431022439
2022.8.31 02:24:39#19244431022439
2022.8.31 02:24:39#19244431022439
2022.8.31 02:24:39#19244431022439
2022.8.31 02:24:39#19244431022439
2022.8.31 02:24:39#=================== Transaction Completed =======================
2022.8.31 02:27:24#=================== Start New Transaction ===================
2022.8.31 02:27:24#txnrefnum:MBM2207184
2022.8.31 02:27:24#clientIp:202.134.14.155
2022.8.31 02:27:24#card type:6
2022.8.31 02:27:24#totalamount:162000
2022.8.31 02:27:28#result:TRANSACTION_ID:0EyydER0PnjSivSimbFYs3J6AEM=
2022.8.31 02:27:28#Forward to DBBL Payment Gateway Page: https://ecom1.dutchbanglabank.com/ecomm2/ClientHandler?card_type=6&trans_id=0EyydER0PnjSivSimbFYs3J6AEM%3D
2022.8.31 02:28:01#---------------------- Complete New Transaction---------------------
2022.8.31 02:28:01#Get trans_id From Post Value:0EyydER0PnjSivSimbFYs3J6AEM=
2022.8.31 02:28:01#clientIp:202.134.14.155
2022.8.31 02:28:01#trans_id:0EyydER0PnjSivSimbFYs3J6AEM=
2022.8.31 02:28:03#result:RESULT>OK^RESULT_CODE>000^3DSECURE>SKIPPED^RRN>224302830200^APPROVAL_CODE>643901^CARD_NUMBER>999999*********7532^AMOUNT>162000^CARDNAME>mb account^DESCRIPTION>6MBM2207184^TRANS_DATE>2022-08-31 08:28:00 AM
2022.8.31 02:28:03#17000631022803
2022.8.31 02:28:03#17000631022803
2022.8.31 02:28:03#17000631022803
2022.8.31 02:28:03#17000631022803
2022.8.31 02:28:03#=================== Transaction Completed =======================
2022.8.31 02:42:21#=================== Start New Transaction ===================
2022.8.31 02:42:21#txnrefnum:MBG2106017
2022.8.31 02:42:21#clientIp:37.111.194.245
2022.8.31 02:42:21#card type:6
2022.8.31 02:42:21#totalamount:242000
2022.8.31 02:42:25#result:TRANSACTION_ID:izSdm2OPRDSRs6uqwbwWSZ8EOjg=
2022.8.31 02:42:25#Forward to DBBL Payment Gateway Page: https://ecom1.dutchbanglabank.com/ecomm2/ClientHandler?card_type=6&trans_id=izSdm2OPRDSRs6uqwbwWSZ8EOjg%3D
2022.8.31 02:42:44#---------------------- Complete New Transaction---------------------
2022.8.31 02:42:44#Get trans_id From Post Value:izSdm2OPRDSRs6uqwbwWSZ8EOjg=
2022.8.31 02:42:44#clientIp:37.111.194.245
2022.8.31 02:42:44#trans_id:izSdm2OPRDSRs6uqwbwWSZ8EOjg=
2022.8.31 02:42:46#result:RESULT>OK^RESULT_CODE>000^3DSECURE>SKIPPED^RRN>224302830734^APPROVAL_CODE>650197^CARD_NUMBER>999999*********1168^AMOUNT>242000^CARDNAME>mb account^DESCRIPTION>6MBG2106017^TRANS_DATE>2022-08-31 08:42:42 AM
2022.8.31 02:42:46#16843431024246
2022.8.31 02:42:46#16843431024246
2022.8.31 02:42:46#16843431024246
2022.8.31 02:42:46#16843431024246
2022.8.31 02:42:46#16843431024246
2022.8.31 02:42:46#16843431024246
2022.8.31 02:42:46#=================== Transaction Completed =======================
2022.8.31 03:37:59#=================== Start New Transaction ===================
2022.8.31 03:37:59#txnrefnum:BBD2007018
2022.8.31 03:37:59#clientIp:157.119.238.34
2022.8.31 03:37:59#card type:6
2022.8.31 03:37:59#totalamount:242000
2022.8.31 03:38:03#result:TRANSACTION_ID:EzFQf34ddYFQv6tALVFxWGUzkng=
2022.8.31 03:38:03#Forward to DBBL Payment Gateway Page: https://ecom1.dutchbanglabank.com/ecomm2/ClientHandler?card_type=6&trans_id=EzFQf34ddYFQv6tALVFxWGUzkng%3D
2022.8.31 03:38:37#---------------------- Complete New Transaction---------------------
2022.8.31 03:38:37#Get trans_id From Post Value:EzFQf34ddYFQv6tALVFxWGUzkng=
2022.8.31 03:38:37#clientIp:157.119.238.34
2022.8.31 03:38:37#trans_id:EzFQf34ddYFQv6tALVFxWGUzkng=
2022.8.31 03:38:39#result:RESULT>OK^RESULT_CODE>000^3DSECURE>SKIPPED^RRN>224303834005^APPROVAL_CODE>793006^CARD_NUMBER>999999*********2298^AMOUNT>242000^CARDNAME>mb account^DESCRIPTION>6BBD2007018^TRANS_DATE>2022-08-31 09:38:37 AM
2022.8.31 03:38:39#26032131033839
2022.8.31 03:38:39#26032131033839
2022.8.31 03:38:39#26032131033839
2022.8.31 03:38:39#26032131033839
2022.8.31 03:38:39#26032131033839
2022.8.31 03:38:39#26032131033839
2022.8.31 03:38:39#=================== Transaction Completed =======================
2022.8.31 03:45:45#=================== Start New Transaction ===================
2022.8.31 03:45:45#txnrefnum:MEM2005021
2022.8.31 03:45:45#clientIp:37.111.194.245
2022.8.31 03:45:45#card type:6
2022.8.31 03:45:45#totalamount:222000
2022.8.31 03:45:49#result:TRANSACTION_ID:p3xbmswb9IFfvVR2phf8lHUZV78=
2022.8.31 03:45:49#Forward to DBBL Payment Gateway Page: https://ecom1.dutchbanglabank.com/ecomm2/ClientHandler?card_type=6&trans_id=p3xbmswb9IFfvVR2phf8lHUZV78%3D
2022.8.31 03:46:24#---------------------- Complete New Transaction---------------------
2022.8.31 03:46:24#Get trans_id From Post Value:p3xbmswb9IFfvVR2phf8lHUZV78=
2022.8.31 03:46:26#clientIp:37.111.194.245
2022.8.31 03:46:26#trans_id:p3xbmswb9IFfvVR2phf8lHUZV78=
2022.8.31 03:46:27#result:RESULT>OK^RESULT_CODE>000^3DSECURE>SKIPPED^RRN>224303834538^APPROVAL_CODE>755055^CARD_NUMBER>999999*********1168^AMOUNT>222000^CARDNAME>mb account^DESCRIPTION>6MEM2005021^TRANS_DATE>2022-08-31 09:46:22 AM
2022.8.31 03:46:28#16513331034627
2022.8.31 03:46:28#16513331034627
2022.8.31 03:46:28#16513331034627
2022.8.31 03:46:28#16513331034627
2022.8.31 03:46:28#=================== Transaction Completed =======================
2022.8.31 03:48:05#=================== Start New Transaction ===================
2022.8.31 03:48:05#txnrefnum:MEM2005036
2022.8.31 03:48:05#clientIp:37.111.194.245
2022.8.31 03:48:05#card type:6
2022.8.31 03:48:05#totalamount:332000
2022.8.31 03:48:08#result:TRANSACTION_ID:l8zWXlm8SLMjzoncZW4oPBYLHDs=
2022.8.31 03:48:08#Forward to DBBL Payment Gateway Page: https://ecom1.dutchbanglabank.com/ecomm2/ClientHandler?card_type=6&trans_id=l8zWXlm8SLMjzoncZW4oPBYLHDs%3D
2022.8.31 03:48:43#---------------------- Complete New Transaction---------------------
2022.8.31 03:48:43#Get trans_id From Post Value:l8zWXlm8SLMjzoncZW4oPBYLHDs=
2022.8.31 03:48:43#clientIp:37.111.194.245
2022.8.31 03:48:43#trans_id:l8zWXlm8SLMjzoncZW4oPBYLHDs=
2022.8.31 03:48:45#result:RESULT>OK^RESULT_CODE>000^3DSECURE>SKIPPED^RRN>224303834639^APPROVAL_CODE>847236^CARD_NUMBER>999999*********1168^AMOUNT>332000^CARDNAME>mb account^DESCRIPTION>6MEM2005036^TRANS_DATE>2022-08-31 09:48:40 AM
2022.8.31 03:48:45#16603431034845
2022.8.31 03:48:45#16603431034845
2022.8.31 03:48:45#16603431034845
2022.8.31 03:48:45#16603431034845
2022.8.31 03:48:45#16603431034845
2022.8.31 03:48:45#16603431034845
2022.8.31 03:48:45#=================== Transaction Completed =======================
2022.8.31 04:05:48#=================== Start New Transaction ===================
2022.8.31 04:05:48#txnrefnum:MSC22110039
2022.8.31 04:05:48#clientIp:103.89.24.44
2022.8.31 04:05:48#card type:6
2022.8.31 04:05:48#totalamount:162000
2022.8.31 04:05:51#result:TRANSACTION_ID:ULobZiikMIhW3jSN719G6zwcNu4=
2022.8.31 04:05:51#Forward to DBBL Payment Gateway Page: https://ecom1.dutchbanglabank.com/ecomm2/ClientHandler?card_type=6&trans_id=ULobZiikMIhW3jSN719G6zwcNu4%3D
2022.8.31 04:11:54#---------------------- Complete New Transaction---------------------
2022.8.31 04:11:54#Get trans_id From Post Value:ULobZiikMIhW3jSN719G6zwcNu4=
2022.8.31 04:11:54#clientIp:103.89.24.44
2022.8.31 04:11:54#trans_id:ULobZiikMIhW3jSN719G6zwcNu4=
2022.8.31 04:11:57#result:RESULT>TIMEOUT^RESULT_CODE>999^3DSECURE>0^RRN>0^APPROVAL_CODE>0^CARD_NUMBER>0^AMOUNT>162000^CARDNAME>0^DESCRIPTION>6MSC22110039^TRANS_DATE>2022-08-31 10:11:54 AM
2022.8.31 04:11:57#Failed
2022.8.31 04:12:48#=================== Start New Transaction ===================
2022.8.31 04:12:48#txnrefnum:MSC22110039
2022.8.31 04:12:48#clientIp:103.89.24.44
2022.8.31 04:12:48#card type:6
2022.8.31 04:12:48#totalamount:162000
2022.8.31 04:12:52#result:TRANSACTION_ID:GgvVpZyK2gVWJmBMS9Xlk7LJ4js=
2022.8.31 04:12:52#Forward to DBBL Payment Gateway Page: https://ecom1.dutchbanglabank.com/ecomm2/ClientHandler?card_type=6&trans_id=GgvVpZyK2gVWJmBMS9Xlk7LJ4js%3D
2022.8.31 04:13:33#---------------------- Complete New Transaction---------------------
2022.8.31 04:13:33#Get trans_id From Post Value:GgvVpZyK2gVWJmBMS9Xlk7LJ4js=
2022.8.31 04:13:33#clientIp:103.89.24.44
2022.8.31 04:13:33#trans_id:GgvVpZyK2gVWJmBMS9Xlk7LJ4js=
2022.8.31 04:13:35#result:RESULT>OK^RESULT_CODE>000^3DSECURE>SKIPPED^RRN>224304835913^APPROVAL_CODE>779688^CARD_NUMBER>999999*********1121^AMOUNT>162000^CARDNAME>mb account^DESCRIPTION>6MSC22110039^TRANS_DATE>2022-08-31 10:13:32 AM
2022.8.31 04:13:35#1400231041335
2022.8.31 04:13:35#1400231041335
2022.8.31 04:13:35#=================== Transaction Completed =======================
2022.8.31 04:25:49#=================== Start New Transaction ===================
2022.8.31 04:25:49#txnrefnum:MBD2008041
2022.8.31 04:25:49#clientIp:103.137.80.226
2022.8.31 04:25:49#card type:6
2022.8.31 04:25:49#totalamount:2000
2022.8.31 04:26:05#result:TRANSACTION_ID:r4DI8dFLAOxfnyewxW2AmZhrcaw=
2022.8.31 04:26:06#Forward to DBBL Payment Gateway Page: https://ecom1.dutchbanglabank.com/ecomm2/ClientHandler?card_type=6&trans_id=r4DI8dFLAOxfnyewxW2AmZhrcaw%3D
2022.8.31 04:47:32#=================== Start New Transaction ===================
2022.8.31 04:47:32#txnrefnum:MBD2008147
2022.8.31 04:47:32#clientIp:37.111.194.245
2022.8.31 04:47:32#card type:6
2022.8.31 04:47:32#totalamount:242000
2022.8.31 04:47:49#result:TRANSACTION_ID:VJo19ViHbDuEQ1tXbkHLZol5lmk=
2022.8.31 04:47:49#Forward to DBBL Payment Gateway Page: https://ecom1.dutchbanglabank.com/ecomm2/ClientHandler?card_type=6&trans_id=VJo19ViHbDuEQ1tXbkHLZol5lmk%3D
2022.8.31 04:48:07#---------------------- Complete New Transaction---------------------
2022.8.31 04:48:07#Get trans_id From Post Value:VJo19ViHbDuEQ1tXbkHLZol5lmk=
2022.8.31 04:48:07#clientIp:37.111.194.245
2022.8.31 04:48:07#trans_id:VJo19ViHbDuEQ1tXbkHLZol5lmk=
2022.8.31 04:48:16#result:RESULT>OK^RESULT_CODE>000^3DSECURE>SKIPPED^RRN>224304837979^APPROVAL_CODE>071512^CARD_NUMBER>999999*********1168^AMOUNT>242000^CARDNAME>mb account^DESCRIPTION>6MBD2008147^TRANS_DATE>2022-08-31 10:48:05 AM
2022.8.31 04:48:16#21550531044816
2022.8.31 04:48:16#21550531044816
2022.8.31 04:48:16#21550531044816
2022.8.31 04:48:16#21550531044816
2022.8.31 04:48:16#21550531044816
2022.8.31 04:48:16#21550531044816
2022.8.31 04:48:16#=================== Transaction Completed =======================
2022.8.31 04:49:02#=================== Start New Transaction ===================
2022.8.31 04:49:02#txnrefnum:MBD2002022
2022.8.31 04:49:02#clientIp:37.111.194.245
2022.8.31 04:49:02#card type:6
2022.8.31 04:49:02#totalamount:242000
2022.8.31 04:49:23#result:TRANSACTION_ID:FojObS9uQjtb35g4a38EjWLC8CQ=
2022.8.31 04:49:23#Forward to DBBL Payment Gateway Page: https://ecom1.dutchbanglabank.com/ecomm2/ClientHandler?card_type=6&trans_id=FojObS9uQjtb35g4a38EjWLC8CQ%3D
2022.8.31 04:49:39#---------------------- Complete New Transaction---------------------
2022.8.31 04:49:39#Get trans_id From Post Value:FojObS9uQjtb35g4a38EjWLC8CQ=
2022.8.31 04:49:39#clientIp:37.111.194.245
2022.8.31 04:49:39#trans_id:FojObS9uQjtb35g4a38EjWLC8CQ=
2022.8.31 04:49:46#result:RESULT>OK^RESULT_CODE>000^3DSECURE>SKIPPED^RRN>224304838099^APPROVAL_CODE>133952^CARD_NUMBER>999999*********1168^AMOUNT>242000^CARDNAME>mb account^DESCRIPTION>6MBD2002022^TRANS_DATE>2022-08-31 10:49:38 AM
2022.8.31 04:49:46#11251631044946
2022.8.31 04:49:46#11251631044946
2022.8.31 04:49:46#11251631044946
2022.8.31 04:49:46#11251631044946
2022.8.31 04:49:46#11251631044946
2022.8.31 04:49:46#11251631044946
2022.8.31 04:49:46#=================== Transaction Completed =======================
2022.8.31 04:57:16#=================== Start New Transaction ===================
2022.8.31 04:57:16#txnrefnum:MSC22111190
2022.8.31 04:57:16#clientIp:37.111.194.245
2022.8.31 04:57:16#card type:6
2022.8.31 04:57:16#totalamount:162000
2022.8.31 04:57:32#result:TRANSACTION_ID:KZRaqgSFax3Uf3fOfFUHvT5XqW0=
2022.8.31 04:57:32#Forward to DBBL Payment Gateway Page: https://ecom1.dutchbanglabank.com/ecomm2/ClientHandler?card_type=6&trans_id=KZRaqgSFax3Uf3fOfFUHvT5XqW0%3D
2022.8.31 04:58:02#---------------------- Complete New Transaction---------------------
2022.8.31 04:58:02#Get trans_id From Post Value:KZRaqgSFax3Uf3fOfFUHvT5XqW0=
2022.8.31 04:58:02#clientIp:37.111.194.245
2022.8.31 04:58:02#trans_id:KZRaqgSFax3Uf3fOfFUHvT5XqW0=
2022.8.31 04:58:14#result:RESULT>OK^RESULT_CODE>000^3DSECURE>SKIPPED^RRN>224304838603^APPROVAL_CODE>150123^CARD_NUMBER>999999*********1168^AMOUNT>162000^CARDNAME>mb account^DESCRIPTION>6MSC22111190^TRANS_DATE>2022-08-31 10:58:01 AM
2022.8.31 04:58:14#1729031045814
2022.8.31 04:58:14#1729031045814
2022.8.31 04:58:14#=================== Transaction Completed =======================
2022.8.31 05:00:14#=================== Start New Transaction ===================
2022.8.31 05:00:14#txnrefnum:MBM2203645
2022.8.31 05:00:14#clientIp:27.54.148.174
2022.8.31 05:00:14#card type:6
2022.8.31 05:00:14#totalamount:82000
2022.8.31 05:06:52#=================== Start New Transaction ===================
2022.8.31 05:06:52#txnrefnum:MEM2203547
2022.8.31 05:06:52#clientIp:103.144.201.32
2022.8.31 05:06:52#card type:6
2022.8.31 05:06:52#totalamount:332000
2022.8.31 05:07:21#result:TRANSACTION_ID:QiKjtHCDizSK4wCP2yhsYPNSIt0=
2022.8.31 05:07:21#Forward to DBBL Payment Gateway Page: https://ecom1.dutchbanglabank.com/ecomm2/ClientHandler?card_type=6&trans_id=QiKjtHCDizSK4wCP2yhsYPNSIt0%3D
2022.8.31 05:08:16#---------------------- Complete New Transaction---------------------
2022.8.31 05:08:16#Get trans_id From Post Value:QiKjtHCDizSK4wCP2yhsYPNSIt0=
2022.8.31 05:08:16#clientIp:103.144.201.32
2022.8.31 05:08:16#trans_id:QiKjtHCDizSK4wCP2yhsYPNSIt0=
2022.8.31 05:08:24#result:RESULT>OK^RESULT_CODE>000^3DSECURE>SKIPPED^RRN>224305839187^APPROVAL_CODE>200500^CARD_NUMBER>999999*********8981^AMOUNT>332000^CARDNAME>mb account^DESCRIPTION>6MEM2203547^TRANS_DATE>2022-08-31 11:08:15 AM
2022.8.31 05:08:24#10838131050824
2022.8.31 05:08:24#10838131050824
2022.8.31 05:08:24#10838131050824
2022.8.31 05:08:24#10838131050824
2022.8.31 05:08:24#10838131050824
2022.8.31 05:08:24#10838131050824
2022.8.31 05:08:24#=================== Transaction Completed =======================
2022.8.31 05:22:03#=================== Start New Transaction ===================
2022.8.31 05:22:03#txnrefnum:MED2007035
2022.8.31 05:22:03#clientIp:37.111.194.245
2022.8.31 05:22:03#card type:6
2022.8.31 05:22:03#totalamount:662000
2022.8.31 05:22:26#result:TRANSACTION_ID:c8tTXdJ0RgyUP07EHtPCeYYE3Xk=
2022.8.31 05:22:26#Forward to DBBL Payment Gateway Page: https://ecom1.dutchbanglabank.com/ecomm2/ClientHandler?card_type=6&trans_id=c8tTXdJ0RgyUP07EHtPCeYYE3Xk%3D
2022.8.31 05:23:01#---------------------- Complete New Transaction---------------------
2022.8.31 05:23:01#Get trans_id From Post Value:c8tTXdJ0RgyUP07EHtPCeYYE3Xk=
2022.8.31 05:23:01#clientIp:37.111.194.245
2022.8.31 05:23:01#trans_id:c8tTXdJ0RgyUP07EHtPCeYYE3Xk=
2022.8.31 05:23:13#result:RESULT>OK^RESULT_CODE>000^3DSECURE>SKIPPED^RRN>224305840159^APPROVAL_CODE>258816^CARD_NUMBER>999999*********1168^AMOUNT>662000^CARDNAME>mb account^DESCRIPTION>6MED2007035^TRANS_DATE>2022-08-31 11:23:00 AM
2022.8.31 05:23:13#19603431052313
2022.8.31 05:23:13#19603431052313
2022.8.31 05:23:13#19603431052313
2022.8.31 05:23:13#19603431052313
2022.8.31 05:23:13#19603431052313
2022.8.31 05:23:13#19603431052313
2022.8.31 05:23:13#19603431052313
2022.8.31 05:23:13#19603431052313
2022.8.31 05:23:13#19603431052313
2022.8.31 05:23:13#19603431052313
2022.8.31 05:23:13#19603431052313
2022.8.31 05:23:13#19603431052313
2022.8.31 05:23:13#=================== Transaction Completed =======================
2022.8.31 05:26:19#=================== Start New Transaction ===================
2022.8.31 05:26:19#txnrefnum:MBD2201066
2022.8.31 05:26:19#clientIp:37.111.194.245
2022.8.31 05:26:19#card type:6
2022.8.31 05:26:19#totalamount:162000
2022.8.31 05:27:42#=================== Start New Transaction ===================
2022.8.31 05:27:42#txnrefnum:MBD2201066
2022.8.31 05:27:42#clientIp:37.111.194.245
2022.8.31 05:27:42#card type:6
2022.8.31 05:27:42#totalamount:162000
2022.8.31 05:29:24#=================== Start New Transaction ===================
2022.8.31 05:29:24#txnrefnum:MBD2201066
2022.8.31 05:29:24#clientIp:37.111.194.245
2022.8.31 05:29:24#card type:6
2022.8.31 05:29:24#totalamount:162000
2022.8.31 05:30:12#result:TRANSACTION_ID:DJpaYYMDdDMcMpjzlkAiS6NgE78=
2022.8.31 05:30:12#Forward to DBBL Payment Gateway Page: https://ecom1.dutchbanglabank.com/ecomm2/ClientHandler?card_type=6&trans_id=DJpaYYMDdDMcMpjzlkAiS6NgE78%3D
2022.8.31 05:30:32#---------------------- Complete New Transaction---------------------
2022.8.31 05:30:32#Get trans_id From Post Value:DJpaYYMDdDMcMpjzlkAiS6NgE78=
2022.8.31 05:30:32#clientIp:37.111.194.245
2022.8.31 05:30:32#trans_id:DJpaYYMDdDMcMpjzlkAiS6NgE78=
2022.8.31 05:30:35#=================== Start New Transaction ===================
2022.8.31 05:30:35#txnrefnum:MEM2201128
2022.8.31 05:30:35#clientIp:202.134.14.155
2022.8.31 05:30:35#card type:6
2022.8.31 05:30:35#totalamount:222000
2022.8.31 05:30:46#result:RESULT>OK^RESULT_CODE>000^3DSECURE>SKIPPED^RRN>224305840687^APPROVAL_CODE>277315^CARD_NUMBER>999999*********1168^AMOUNT>162000^CARDNAME>mb account^DESCRIPTION>6MBD2201066^TRANS_DATE>2022-08-31 11:30:30 AM
2022.8.31 05:30:46#6423831053046
2022.8.31 05:30:46#6423831053046
2022.8.31 05:30:46#6423831053046
2022.8.31 05:30:46#6423831053046
2022.8.31 05:30:46#=================== Transaction Completed =======================
2022.8.31 05:30:50#=================== Start New Transaction ===================
2022.8.31 05:30:50#txnrefnum:MEM2201128
2022.8.31 05:30:50#clientIp:202.134.14.155
2022.8.31 05:30:50#card type:6
2022.8.31 05:30:50#totalamount:222000
2022.8.31 05:31:41#=================== Start New Transaction ===================
2022.8.31 05:31:41#txnrefnum:MBB2102023
2022.8.31 05:31:41#clientIp:37.111.194.245
2022.8.31 05:31:41#card type:6
2022.8.31 05:31:41#totalamount:162000
2022.8.31 05:31:46#result:TRANSACTION_ID:5jGzOnmBcVrQO6nsvsv0qtXo7Us=
2022.8.31 05:31:46#Forward to DBBL Payment Gateway Page: https://ecom1.dutchbanglabank.com/ecomm2/ClientHandler?card_type=6&trans_id=5jGzOnmBcVrQO6nsvsv0qtXo7Us%3D
2022.8.31 05:32:38#---------------------- Complete New Transaction---------------------
2022.8.31 05:32:38#Get trans_id From Post Value:5jGzOnmBcVrQO6nsvsv0qtXo7Us=
2022.8.31 05:32:38#clientIp:202.134.14.155
2022.8.31 05:32:38#trans_id:5jGzOnmBcVrQO6nsvsv0qtXo7Us=
2022.8.31 05:32:53#result:RESULT>OK^RESULT_CODE>000^3DSECURE>SKIPPED^RRN>224305840819^APPROVAL_CODE>298149^CARD_NUMBER>999999*********7532^AMOUNT>222000^CARDNAME>mb account^DESCRIPTION>6MEM2201128^TRANS_DATE>2022-08-31 11:32:36 AM
2022.8.31 05:32:53#7357631053253
2022.8.31 05:32:53#7357631053253
2022.8.31 05:32:53#7357631053253
2022.8.31 05:32:53#7357631053253
2022.8.31 05:32:53#=================== Transaction Completed =======================
2022.8.31 05:33:00#=================== Start New Transaction ===================
2022.8.31 05:33:00#txnrefnum:MBB2102023
2022.8.31 05:33:00#clientIp:37.111.194.245
2022.8.31 05:33:00#card type:6
2022.8.31 05:33:00#totalamount:162000
2022.8.31 05:34:49#=================== Start New Transaction ===================
2022.8.31 05:34:52#=================== Start New Transaction ===================
2022.8.31 05:35:09#=================== Start New Transaction ===================
2022.8.31 05:35:09#txnrefnum:MBB2102023
2022.8.31 05:35:09#clientIp:37.111.194.245
2022.8.31 05:35:09#card type:6
2022.8.31 05:35:09#totalamount:162000
2022.8.31 05:35:43#=================== Start New Transaction ===================
2022.8.31 05:35:43#txnrefnum:MBB2102023
2022.8.31 05:35:43#clientIp:37.111.194.245
2022.8.31 05:35:43#card type:6
2022.8.31 05:35:43#totalamount:162000
2022.8.31 05:36:18#=================== Start New Transaction ===================
2022.8.31 05:36:18#txnrefnum:MBD2006166
2022.8.31 05:36:18#clientIp:113.11.117.227
2022.8.31 05:36:18#card type:6
2022.8.31 05:36:18#totalamount:82000
2022.8.31 05:36:19#=================== Start New Transaction ===================
2022.8.31 05:36:19#txnrefnum:MBB2102023
2022.8.31 05:36:19#clientIp:37.111.194.245
2022.8.31 05:36:19#card type:6
2022.8.31 05:36:19#totalamount:162000
2022.8.31 05:36:38#=================== Start New Transaction ===================
2022.8.31 05:36:38#txnrefnum:MBD2006166
2022.8.31 05:36:38#clientIp:113.11.117.227
2022.8.31 05:36:38#card type:6
2022.8.31 05:36:38#totalamount:82000
2022.8.31 05:36:52#result:TRANSACTION_ID:kOgsSWn3xUTmzQ8izeYQiTiQT5Y=
2022.8.31 05:36:52#Forward to DBBL Payment Gateway Page: https://ecom1.dutchbanglabank.com/ecomm2/ClientHandler?card_type=6&trans_id=kOgsSWn3xUTmzQ8izeYQiTiQT5Y%3D
2022.8.31 05:37:10#---------------------- Complete New Transaction---------------------
2022.8.31 05:37:10#Get trans_id From Post Value:kOgsSWn3xUTmzQ8izeYQiTiQT5Y=
2022.8.31 05:37:10#clientIp:37.111.194.245
2022.8.31 05:37:10#trans_id:kOgsSWn3xUTmzQ8izeYQiTiQT5Y=
2022.8.31 05:37:19#=================== Start New Transaction ===================
2022.8.31 05:37:19#txnrefnum:MBD2006166
2022.8.31 05:37:19#clientIp:113.11.117.227
2022.8.31 05:37:19#card type:6
2022.8.31 05:37:19#totalamount:82000
2022.8.31 05:37:23#result:RESULT>OK^RESULT_CODE>000^3DSECURE>SKIPPED^RRN>224305841109^APPROVAL_CODE>395491^CARD_NUMBER>999999*********1168^AMOUNT>162000^CARDNAME>mb account^DESCRIPTION>6MBB2102023^TRANS_DATE>2022-08-31 11:37:08 AM
2022.8.31 05:37:23#9624731053723
2022.8.31 05:37:23#9624731053723
2022.8.31 05:37:23#9624731053723
2022.8.31 05:37:23#9624731053723
2022.8.31 05:37:23#=================== Transaction Completed =======================
2022.8.31 06:02:48#=================== Start New Transaction ===================
2022.8.31 06:02:48#txnrefnum:MSC22111086
2022.8.31 06:02:48#clientIp:37.111.194.245
2022.8.31 06:02:48#card type:6
2022.8.31 06:02:48#totalamount:162000
2022.8.31 06:03:11#result:TRANSACTION_ID:KLSuwfXpkRYNWvjmdpexRvSu44o=
2022.8.31 06:03:11#Forward to DBBL Payment Gateway Page: https://ecom1.dutchbanglabank.com/ecomm2/ClientHandler?card_type=6&trans_id=KLSuwfXpkRYNWvjmdpexRvSu44o%3D
2022.8.31 06:13:39#=================== Start New Transaction ===================
2022.8.31 06:13:39#txnrefnum:MSC22110604
2022.8.31 06:13:39#clientIp:37.111.194.245
2022.8.31 06:13:39#card type:6
2022.8.31 06:13:39#totalamount:322000
2022.8.31 06:14:18#=================== Start New Transaction ===================
2022.8.31 06:14:18#txnrefnum:MEM2201145
2022.8.31 06:14:18#clientIp:202.134.14.155
2022.8.31 06:14:18#card type:6
2022.8.31 06:14:18#totalamount:282000
2022.8.31 06:14:19#=================== Start New Transaction ===================
2022.8.31 06:14:19#txnrefnum:BBD2008159
2022.8.31 06:14:19#clientIp:157.119.238.34
2022.8.31 06:14:19#card type:6
2022.8.31 06:14:19#totalamount:162000
2022.8.31 06:14:19#=================== Start New Transaction ===================
2022.8.31 06:14:19#txnrefnum:MSC22110604
2022.8.31 06:14:19#clientIp:37.111.194.245
2022.8.31 06:14:19#card type:6
2022.8.31 06:14:19#totalamount:322000
2022.8.31 06:14:36#=================== Start New Transaction ===================
2022.8.31 06:14:36#txnrefnum:BBD2008159
2022.8.31 06:14:36#clientIp:157.119.238.34
2022.8.31 06:14:36#card type:6
2022.8.31 06:14:36#totalamount:162000
2022.8.31 06:14:54#result:TRANSACTION_ID:C7wmtp3hOhtwVGV8alEyT9EEMjk=
2022.8.31 06:14:54#Forward to DBBL Payment Gateway Page: https://ecom1.dutchbanglabank.com/ecomm2/ClientHandler?card_type=6&trans_id=C7wmtp3hOhtwVGV8alEyT9EEMjk%3D
2022.8.31 06:15:03#result:TRANSACTION_ID:9QX8lJpQ7ERBFcSgcEWYY7HSHFI=
2022.8.31 06:15:03#Forward to DBBL Payment Gateway Page: https://ecom1.dutchbanglabank.com/ecomm2/ClientHandler?card_type=6&trans_id=9QX8lJpQ7ERBFcSgcEWYY7HSHFI%3D
2022.8.31 06:15:10#=================== Start New Transaction ===================
2022.8.31 06:15:10#txnrefnum:MEM2201145
2022.8.31 06:15:10#clientIp:202.134.14.155
2022.8.31 06:15:10#card type:6
2022.8.31 06:15:10#totalamount:282000
2022.8.31 06:15:13#---------------------- Complete New Transaction---------------------
2022.8.31 06:15:13#Get trans_id From Post Value:C7wmtp3hOhtwVGV8alEyT9EEMjk=
2022.8.31 06:15:13#clientIp:37.111.194.245
2022.8.31 06:15:13#trans_id:C7wmtp3hOhtwVGV8alEyT9EEMjk=
2022.8.31 06:15:15#result:TRANSACTION_ID:tilpqpKPFrhSMctnn8CwGp02WVQ=
2022.8.31 06:15:15#Forward to DBBL Payment Gateway Page: https://ecom1.dutchbanglabank.com/ecomm2/ClientHandler?card_type=6&trans_id=tilpqpKPFrhSMctnn8CwGp02WVQ%3D
2022.8.31 06:15:19#result:RESULT>OK^RESULT_CODE>000^3DSECURE>SKIPPED^RRN>224306843708^APPROVAL_CODE>540426^CARD_NUMBER>999999*********1168^AMOUNT>322000^CARDNAME>mb account^DESCRIPTION>6MSC22110604^TRANS_DATE>2022-08-31 12:15:11 PM
2022.8.31 06:15:19#1327031061519
2022.8.31 06:15:19#1327031061519
2022.8.31 06:15:19#1327031061519
2022.8.31 06:15:19#1327031061519
2022.8.31 06:15:19#=================== Transaction Completed =======================
2022.8.31 06:15:47#result:TRANSACTION_ID:mJmTvzFQ5SCp83Vlei3aRPPMdqs=
2022.8.31 06:15:47#Forward to DBBL Payment Gateway Page: https://ecom1.dutchbanglabank.com/ecomm2/ClientHandler?card_type=6&trans_id=mJmTvzFQ5SCp83Vlei3aRPPMdqs%3D
2022.8.31 06:16:13#---------------------- Complete New Transaction---------------------
2022.8.31 06:16:13#Get trans_id From Post Value:9QX8lJpQ7ERBFcSgcEWYY7HSHFI=
2022.8.31 06:16:13#clientIp:157.119.238.34
2022.8.31 06:16:13#trans_id:9QX8lJpQ7ERBFcSgcEWYY7HSHFI=
2022.8.31 06:16:16#=================== Start New Transaction ===================
2022.8.31 06:16:16#txnrefnum:MSC22110565
2022.8.31 06:16:16#clientIp:37.111.194.245
2022.8.31 06:16:16#card type:6
2022.8.31 06:16:16#totalamount:482000
2022.8.31 06:16:20#result:RESULT>OK^RESULT_CODE>000^3DSECURE>SKIPPED^RRN>224306843780^APPROVAL_CODE>595679^CARD_NUMBER>999999*********2298^AMOUNT>162000^CARDNAME>mb account^DESCRIPTION>6BBD2008159^TRANS_DATE>2022-08-31 12:16:12 PM
2022.8.31 06:16:20#26874731061620
2022.8.31 06:16:20#26874731061620
2022.8.31 06:16:20#26874731061620
2022.8.31 06:16:20#26874731061620
2022.8.31 06:16:20#=================== Transaction Completed =======================
2022.8.31 06:16:24#---------------------- Complete New Transaction---------------------
2022.8.31 06:16:24#Get trans_id From Post Value:mJmTvzFQ5SCp83Vlei3aRPPMdqs=
2022.8.31 06:16:24#clientIp:202.134.14.155
2022.8.31 06:16:24#trans_id:mJmTvzFQ5SCp83Vlei3aRPPMdqs=
2022.8.31 06:16:30#result:RESULT>OK^RESULT_CODE>000^3DSECURE>SKIPPED^RRN>224306843794^APPROVAL_CODE>596091^CARD_NUMBER>999999*********7532^AMOUNT>282000^CARDNAME>mb account^DESCRIPTION>6MEM2201145^TRANS_DATE>2022-08-31 12:16:22 PM
2022.8.31 06:16:30#32243131061630
2022.8.31 06:16:30#32243131061630
2022.8.31 06:16:30#32243131061630
2022.8.31 06:16:30#32243131061630
2022.8.31 06:16:30#32243131061630
2022.8.31 06:16:30#32243131061630
2022.8.31 06:16:30#=================== Transaction Completed =======================
2022.8.31 06:16:36#result:TRANSACTION_ID:jDA2yueDkF357wzKaRIWvjNzTYc=
2022.8.31 06:16:36#Forward to DBBL Payment Gateway Page: https://ecom1.dutchbanglabank.com/ecomm2/ClientHandler?card_type=6&trans_id=jDA2yueDkF357wzKaRIWvjNzTYc%3D
2022.8.31 06:16:59#---------------------- Complete New Transaction---------------------
2022.8.31 06:16:59#Get trans_id From Post Value:jDA2yueDkF357wzKaRIWvjNzTYc=
2022.8.31 06:16:59#clientIp:37.111.194.245
2022.8.31 06:16:59#trans_id:jDA2yueDkF357wzKaRIWvjNzTYc=
2022.8.31 06:17:16#result:RESULT>OK^RESULT_CODE>000^3DSECURE>SKIPPED^RRN>224306843845^APPROVAL_CODE>497414^CARD_NUMBER>999999*********1168^AMOUNT>482000^CARDNAME>mb account^DESCRIPTION>6MSC22110565^TRANS_DATE>2022-08-31 12:16:58 PM
2022.8.31 06:17:16#1291031061716
2022.8.31 06:17:16#1291031061716
2022.8.31 06:17:16#1291031061716
2022.8.31 06:17:16#1291031061716
2022.8.31 06:17:16#1291031061716
2022.8.31 06:17:16#1291031061716
2022.8.31 06:17:16#=================== Transaction Completed =======================
2022.8.31 06:18:03#=================== Start New Transaction ===================
2022.8.31 06:18:03#txnrefnum:MSC22111042
2022.8.31 06:18:03#clientIp:37.111.194.245
2022.8.31 06:18:03#card type:6
2022.8.31 06:18:03#totalamount:162000
2022.8.31 06:18:33#result:TRANSACTION_ID:AIEJUx5tKPOafq3jyX7M32nCLUk=
2022.8.31 06:18:33#Forward to DBBL Payment Gateway Page: https://ecom1.dutchbanglabank.com/ecomm2/ClientHandler?card_type=6&trans_id=AIEJUx5tKPOafq3jyX7M32nCLUk%3D
2022.8.31 06:18:51#---------------------- Complete New Transaction---------------------
2022.8.31 06:18:51#Get trans_id From Post Value:AIEJUx5tKPOafq3jyX7M32nCLUk=
2022.8.31 06:18:51#clientIp:37.111.194.245
2022.8.31 06:18:51#trans_id:AIEJUx5tKPOafq3jyX7M32nCLUk=
2022.8.31 06:18:58#result:RESULT>OK^RESULT_CODE>000^3DSECURE>SKIPPED^RRN>224306843995^APPROVAL_CODE>499354^CARD_NUMBER>999999*********1168^AMOUNT>162000^CARDNAME>mb account^DESCRIPTION>6MSC22111042^TRANS_DATE>2022-08-31 12:18:48 PM
2022.8.31 06:18:58#281831061858
2022.8.31 06:18:58#281831061858
2022.8.31 06:18:58#=================== Transaction Completed =======================
2022.8.31 06:19:34#=================== Start New Transaction ===================
2022.8.31 06:19:34#txnrefnum:MSC22111043
2022.8.31 06:19:34#clientIp:37.111.194.245
2022.8.31 06:19:34#card type:6
2022.8.31 06:19:34#totalamount:162000
2022.8.31 06:20:01#result:TRANSACTION_ID:WpMK19jXGYoKoSEEGF2XhenzLM4=
2022.8.31 06:20:01#Forward to DBBL Payment Gateway Page: https://ecom1.dutchbanglabank.com/ecomm2/ClientHandler?card_type=6&trans_id=WpMK19jXGYoKoSEEGF2XhenzLM4%3D
2022.8.31 06:20:19#---------------------- Complete New Transaction---------------------
2022.8.31 06:20:19#Get trans_id From Post Value:WpMK19jXGYoKoSEEGF2XhenzLM4=
2022.8.31 06:20:19#clientIp:37.111.194.245
2022.8.31 06:20:19#trans_id:WpMK19jXGYoKoSEEGF2XhenzLM4=
2022.8.31 06:20:35#result:RESULT>OK^RESULT_CODE>000^3DSECURE>SKIPPED^RRN>224306844105^APPROVAL_CODE>501060^CARD_NUMBER>999999*********1168^AMOUNT>162000^CARDNAME>mb account^DESCRIPTION>6MSC22111043^TRANS_DATE>2022-08-31 12:20:17 PM
2022.8.31 06:20:35#283031062035
2022.8.31 06:20:35#283031062035
2022.8.31 06:20:35#=================== Transaction Completed =======================
2022.8.31 06:20:44#=================== Start New Transaction ===================
2022.8.31 06:20:44#txnrefnum:MSC22110548
2022.8.31 06:20:44#clientIp:202.134.14.155
2022.8.31 06:20:44#card type:6
2022.8.31 06:20:44#totalamount:322000
2022.8.31 06:20:59#=================== Start New Transaction ===================
2022.8.31 06:20:59#txnrefnum:MSC22110548
2022.8.31 06:20:59#clientIp:202.134.14.155
2022.8.31 06:20:59#card type:6
2022.8.31 06:20:59#totalamount:322000
2022.8.31 06:21:09#result:TRANSACTION_ID:vU8bJn9att4SCShZPXiwIJDRH3I=
2022.8.31 06:21:09#Forward to DBBL Payment Gateway Page: https://ecom1.dutchbanglabank.com/ecomm2/ClientHandler?card_type=6&trans_id=vU8bJn9att4SCShZPXiwIJDRH3I%3D
2022.8.31 06:21:23#=================== Start New Transaction ===================
2022.8.31 06:21:23#txnrefnum:MSC22111108
2022.8.31 06:21:23#clientIp:37.111.194.245
2022.8.31 06:21:23#card type:6
2022.8.31 06:21:23#totalamount:322000
2022.8.31 06:21:44#=================== Start New Transaction ===================
2022.8.31 06:21:44#txnrefnum:MSC22110548
2022.8.31 06:21:44#clientIp:202.134.14.155
2022.8.31 06:21:44#card type:6
2022.8.31 06:21:44#totalamount:322000
2022.8.31 06:22:05#result:TRANSACTION_ID:PG2002JOF1PLybecBSU58sOMhI0=
2022.8.31 06:22:05#Forward to DBBL Payment Gateway Page: https://ecom1.dutchbanglabank.com/ecomm2/ClientHandler?card_type=6&trans_id=PG2002JOF1PLybecBSU58sOMhI0%3D
2022.8.31 06:22:10#result:TRANSACTION_ID:lqIjOYREpSbVjRA0HnZGYvEZZhY=
2022.8.31 06:22:10#Forward to DBBL Payment Gateway Page: https://ecom1.dutchbanglabank.com/ecomm2/ClientHandler?card_type=6&trans_id=lqIjOYREpSbVjRA0HnZGYvEZZhY%3D
2022.8.31 06:22:25#---------------------- Complete New Transaction---------------------
2022.8.31 06:22:25#Get trans_id From Post Value:PG2002JOF1PLybecBSU58sOMhI0=
2022.8.31 06:22:25#clientIp:202.134.14.155
2022.8.31 06:22:25#trans_id:PG2002JOF1PLybecBSU58sOMhI0=
2022.8.31 06:22:27#---------------------- Complete New Transaction---------------------
2022.8.31 06:22:27#Get trans_id From Post Value:lqIjOYREpSbVjRA0HnZGYvEZZhY=
2022.8.31 06:22:27#clientIp:37.111.194.245
2022.8.31 06:22:27#trans_id:lqIjOYREpSbVjRA0HnZGYvEZZhY=
2022.8.31 06:22:31#result:RESULT>OK^RESULT_CODE>000^3DSECURE>SKIPPED^RRN>224306844265^APPROVAL_CODE>609933^CARD_NUMBER>999999*********7532^AMOUNT>322000^CARDNAME>mb account^DESCRIPTION>6MSC22110548^TRANS_DATE>2022-08-31 12:22:24 PM
2022.8.31 06:22:32#1311431062231
2022.8.31 06:22:32#1311431062231
2022.8.31 06:22:32#1311431062231
2022.8.31 06:22:32#1311431062231
2022.8.31 06:22:32#=================== Transaction Completed =======================
2022.8.31 06:22:33#result:RESULT>OK^RESULT_CODE>000^3DSECURE>SKIPPED^RRN>224306844267^APPROVAL_CODE>609997^CARD_NUMBER>999999*********1168^AMOUNT>322000^CARDNAME>mb account^DESCRIPTION>6MSC22111108^TRANS_DATE>2022-08-31 12:22:25 PM
2022.8.31 06:22:33#221731062233
2022.8.31 06:22:33#221731062233
2022.8.31 06:22:33#221731062233
2022.8.31 06:22:33#221731062233
2022.8.31 06:22:33#=================== Transaction Completed =======================
2022.8.31 06:41:05#=================== Start New Transaction ===================
2022.8.31 06:41:05#txnrefnum:MBD2001007
2022.8.31 06:41:05#clientIp:37.111.194.245
2022.8.31 06:41:05#card type:6
2022.8.31 06:41:05#totalamount:82000
2022.8.31 06:41:27#result:TRANSACTION_ID:0aMYkaO0LRw55XULML89XYPMSmU=
2022.8.31 06:41:27#Forward to DBBL Payment Gateway Page: https://ecom1.dutchbanglabank.com/ecomm2/ClientHandler?card_type=6&trans_id=0aMYkaO0LRw55XULML89XYPMSmU%3D
2022.8.31 06:41:48#---------------------- Complete New Transaction---------------------
2022.8.31 06:41:48#Get trans_id From Post Value:0aMYkaO0LRw55XULML89XYPMSmU=
2022.8.31 06:41:48#clientIp:37.111.194.245
2022.8.31 06:41:48#trans_id:0aMYkaO0LRw55XULML89XYPMSmU=
2022.8.31 06:41:54#result:RESULT>OK^RESULT_CODE>000^3DSECURE>SKIPPED^RRN>224306845655^APPROVAL_CODE>523064^CARD_NUMBER>999999*********1168^AMOUNT>82000^CARDNAME>mb account^DESCRIPTION>6MBD2001007^TRANS_DATE>2022-08-31 12:41:47 PM
2022.8.31 06:41:54#9569531064154
2022.8.31 06:41:54#9569531064154
2022.8.31 06:41:54#=================== Transaction Completed =======================
2022.8.31 06:55:30#=================== Start New Transaction ===================
2022.8.31 06:55:30#txnrefnum:MBD2005167
2022.8.31 06:55:30#clientIp:37.111.194.245
2022.8.31 06:55:30#card type:6
2022.8.31 06:55:30#totalamount:162000
2022.8.31 06:55:50#result:TRANSACTION_ID:jJBMymVUKXVZ2qm3n4AQDVRfXdA=
2022.8.31 06:55:50#Forward to DBBL Payment Gateway Page: https://ecom1.dutchbanglabank.com/ecomm2/ClientHandler?card_type=6&trans_id=jJBMymVUKXVZ2qm3n4AQDVRfXdA%3D
2022.8.31 06:56:08#---------------------- Complete New Transaction---------------------
2022.8.31 06:56:08#Get trans_id From Post Value:jJBMymVUKXVZ2qm3n4AQDVRfXdA=
2022.8.31 06:56:08#clientIp:37.111.194.245
2022.8.31 06:56:08#trans_id:jJBMymVUKXVZ2qm3n4AQDVRfXdA=
2022.8.31 06:56:14#result:RESULT>OK^RESULT_CODE>000^3DSECURE>SKIPPED^RRN>224306846686^APPROVAL_CODE>739623^CARD_NUMBER>999999*********1168^AMOUNT>162000^CARDNAME>mb account^DESCRIPTION>6MBD2005167^TRANS_DATE>2022-08-31 12:56:06 PM
2022.8.31 06:56:14#16269731065614
2022.8.31 06:56:14#16269731065614
2022.8.31 06:56:14#16269731065614
2022.8.31 06:56:14#16269731065614
2022.8.31 06:56:14#=================== Transaction Completed =======================
2022.8.31 07:53:24#=================== Start New Transaction ===================
2022.8.31 07:53:24#txnrefnum:MBD2008042
2022.8.31 07:53:24#clientIp:37.111.194.245
2022.8.31 07:53:24#card type:6
2022.8.31 07:53:24#totalamount:162000
2022.8.31 07:53:29#result:TRANSACTION_ID:isEeTQS504HWISHjCD019yHRLbc=
2022.8.31 07:53:29#Forward to DBBL Payment Gateway Page: https://ecom1.dutchbanglabank.com/ecomm2/ClientHandler?card_type=6&trans_id=isEeTQS504HWISHjCD019yHRLbc%3D
2022.8.31 07:53:52#---------------------- Complete New Transaction---------------------
2022.8.31 07:53:52#Get trans_id From Post Value:isEeTQS504HWISHjCD019yHRLbc=
2022.8.31 07:53:52#clientIp:37.111.194.245
2022.8.31 07:53:52#trans_id:isEeTQS504HWISHjCD019yHRLbc=
2022.8.31 07:53:55#result:RESULT>OK^RESULT_CODE>000^3DSECURE>SKIPPED^RRN>224307850681^APPROVAL_CODE>909142^CARD_NUMBER>999999*********1168^AMOUNT>162000^CARDNAME>mb account^DESCRIPTION>6MBD2008042^TRANS_DATE>2022-08-31 01:53:50 PM
2022.8.31 07:53:55#21061131075355
2022.8.31 07:53:55#21061131075355
2022.8.31 07:53:55#21061131075355
2022.8.31 07:53:55#21061131075355
2022.8.31 07:53:55#=================== Transaction Completed =======================
2022.8.31 07:58:53#=================== Start New Transaction ===================
2022.8.31 07:58:53#txnrefnum:MBD2008041
2022.8.31 07:58:53#clientIp:202.134.8.129
2022.8.31 07:58:53#card type:6
2022.8.31 07:58:53#totalamount:162000
2022.8.31 07:59:03#result:TRANSACTION_ID:Nmwxi57bxZZe2LwyY3XUSiplYZA=
2022.8.31 07:59:03#Forward to DBBL Payment Gateway Page: https://ecom1.dutchbanglabank.com/ecomm2/ClientHandler?card_type=6&trans_id=Nmwxi57bxZZe2LwyY3XUSiplYZA%3D
2022.8.31 08:00:59#---------------------- Complete New Transaction---------------------
2022.8.31 08:00:59#Get trans_id From Post Value:Nmwxi57bxZZe2LwyY3XUSiplYZA=
2022.8.31 08:00:59#clientIp:202.134.8.129
2022.8.31 08:00:59#trans_id:Nmwxi57bxZZe2LwyY3XUSiplYZA=
2022.8.31 08:01:05#result:RESULT>OK^RESULT_CODE>000^3DSECURE>SKIPPED^RRN>224308851180^APPROVAL_CODE>921366^CARD_NUMBER>999999*********7532^AMOUNT>162000^CARDNAME>mb account^DESCRIPTION>6MBD2008041^TRANS_DATE>2022-08-31 02:00:58 PM
2022.8.31 08:01:05#21059831080105
2022.8.31 08:01:05#21059831080105
2022.8.31 08:01:05#21059831080105
2022.8.31 08:01:05#21059831080105
2022.8.31 08:01:05#=================== Transaction Completed =======================
2022.8.31 08:07:26#=================== Start New Transaction ===================
2022.8.31 08:07:26#txnrefnum:MED2008014
2022.8.31 08:07:26#clientIp:202.134.8.129
2022.8.31 08:07:26#card type:6
2022.8.31 08:07:26#totalamount:522000
2022.8.31 08:07:38#result:TRANSACTION_ID:zYwlk6Rtocs3KD85VXeRatzounw=
2022.8.31 08:07:38#Forward to DBBL Payment Gateway Page: https://ecom1.dutchbanglabank.com/ecomm2/ClientHandler?card_type=6&trans_id=zYwlk6Rtocs3KD85VXeRatzounw%3D
2022.8.31 08:07:59#---------------------- Complete New Transaction---------------------
2022.8.31 08:07:59#Get trans_id From Post Value:zYwlk6Rtocs3KD85VXeRatzounw=
2022.8.31 08:07:59#clientIp:202.134.8.129
2022.8.31 08:07:59#trans_id:zYwlk6Rtocs3KD85VXeRatzounw=
2022.8.31 08:08:04#result:RESULT>OK^RESULT_CODE>000^3DSECURE>SKIPPED^RRN>224308851638^APPROVAL_CODE>932487^CARD_NUMBER>999999*********7532^AMOUNT>522000^CARDNAME>mb account^DESCRIPTION>6MED2008014^TRANS_DATE>2022-08-31 02:07:57 PM
2022.8.31 08:08:04#21410131080804
2022.8.31 08:08:04#21410131080804
2022.8.31 08:08:04#21410131080804
2022.8.31 08:08:04#21410131080804
2022.8.31 08:08:04#21410131080804
2022.8.31 08:08:04#21410131080804
2022.8.31 08:08:04#21410131080804
2022.8.31 08:08:04#21410131080804
2022.8.31 08:08:04#21410131080804
2022.8.31 08:08:04#21410131080804
2022.8.31 08:08:04#=================== Transaction Completed =======================
2022.8.31 08:14:11#=================== Start New Transaction ===================
2022.8.31 08:14:11#txnrefnum:MBD2008047
2022.8.31 08:14:11#clientIp:37.111.194.245
2022.8.31 08:14:11#card type:6
2022.8.31 08:14:11#totalamount:402000
2022.8.31 08:14:26#result:TRANSACTION_ID:EBBPRlrFjGjta99HM0fPECe5kkU=
2022.8.31 08:14:26#Forward to DBBL Payment Gateway Page: https://ecom1.dutchbanglabank.com/ecomm2/ClientHandler?card_type=6&trans_id=EBBPRlrFjGjta99HM0fPECe5kkU%3D
2022.8.31 08:14:45#---------------------- Complete New Transaction---------------------
2022.8.31 08:14:45#Get trans_id From Post Value:EBBPRlrFjGjta99HM0fPECe5kkU=
2022.8.31 08:14:45#clientIp:37.111.194.245
2022.8.31 08:14:45#trans_id:EBBPRlrFjGjta99HM0fPECe5kkU=
2022.8.31 08:14:49#result:RESULT>OK^RESULT_CODE>000^3DSECURE>SKIPPED^RRN>224308852062^APPROVAL_CODE>039791^CARD_NUMBER>999999*********1168^AMOUNT>402000^CARDNAME>mb account^DESCRIPTION>6MBD2008047^TRANS_DATE>2022-08-31 02:14:43 PM
2022.8.31 08:14:49#21065931081449
2022.8.31 08:14:49#21065931081449
2022.8.31 08:14:49#21065931081449
2022.8.31 08:14:49#21065931081449
2022.8.31 08:14:49#21065931081449
2022.8.31 08:14:49#21065931081449
2022.8.31 08:14:49#21065931081449
2022.8.31 08:14:49#21065931081449
2022.8.31 08:14:49#21065931081449
2022.8.31 08:14:49#21065931081449
2022.8.31 08:14:49#=================== Transaction Completed =======================
2022.8.31 08:18:22#=================== Start New Transaction ===================
2022.8.31 08:18:22#txnrefnum:MBM2206367
2022.8.31 08:18:22#clientIp:37.111.194.245
2022.8.31 08:18:22#card type:6
2022.8.31 08:18:22#totalamount:162000
2022.8.31 08:18:37#result:TRANSACTION_ID:ngngEBtur3AC6Kt094APQBXoDak=
2022.8.31 08:18:37#Forward to DBBL Payment Gateway Page: https://ecom1.dutchbanglabank.com/ecomm2/ClientHandler?card_type=6&trans_id=ngngEBtur3AC6Kt094APQBXoDak%3D
2022.8.31 08:18:57#---------------------- Complete New Transaction---------------------
2022.8.31 08:18:57#Get trans_id From Post Value:ngngEBtur3AC6Kt094APQBXoDak=
2022.8.31 08:18:57#clientIp:37.111.194.245
2022.8.31 08:18:57#trans_id:ngngEBtur3AC6Kt094APQBXoDak=
2022.8.31 08:19:04#result:RESULT>OK^RESULT_CODE>000^3DSECURE>SKIPPED^RRN>224308852337^APPROVAL_CODE>044604^CARD_NUMBER>999999*********1168^AMOUNT>162000^CARDNAME>mb account^DESCRIPTION>6MBM2206367^TRANS_DATE>2022-08-31 02:18:55 PM
2022.8.31 08:19:04#14848931081904
2022.8.31 08:19:04#14848931081904
2022.8.31 08:19:04#14848931081904
2022.8.31 08:19:04#14848931081904
2022.8.31 08:19:04#=================== Transaction Completed =======================
2022.8.31 08:20:21#=================== Start New Transaction ===================
2022.8.31 08:20:21#txnrefnum:MBD2008031
2022.8.31 08:20:21#clientIp:37.111.194.245
2022.8.31 08:20:21#card type:6
2022.8.31 08:20:21#totalamount:162000
2022.8.31 08:20:45#result:TRANSACTION_ID:MYV3kQsScS8CcASAmzfqDRTRrbI=
2022.8.31 08:20:45#Forward to DBBL Payment Gateway Page: https://ecom1.dutchbanglabank.com/ecomm2/ClientHandler?card_type=6&trans_id=MYV3kQsScS8CcASAmzfqDRTRrbI%3D
2022.8.31 08:21:04#---------------------- Complete New Transaction---------------------
2022.8.31 08:21:04#Get trans_id From Post Value:MYV3kQsScS8CcASAmzfqDRTRrbI=
2022.8.31 08:21:04#clientIp:37.111.194.245
2022.8.31 08:21:04#trans_id:MYV3kQsScS8CcASAmzfqDRTRrbI=
2022.8.31 08:21:10#result:RESULT>OK^RESULT_CODE>000^3DSECURE>SKIPPED^RRN>224308852463^APPROVAL_CODE>981584^CARD_NUMBER>999999*********1168^AMOUNT>162000^CARDNAME>mb account^DESCRIPTION>6MBD2008031^TRANS_DATE>2022-08-31 02:21:02 PM
2022.8.31 08:21:10#21050231082110
2022.8.31 08:21:10#21050231082110
2022.8.31 08:21:10#21050231082110
2022.8.31 08:21:10#21050231082110
2022.8.31 08:21:10#=================== Transaction Completed =======================
2022.8.31 08:34:24#=================== Start New Transaction ===================
2022.8.31 08:34:24#txnrefnum:MBG2105066
2022.8.31 08:34:24#clientIp:37.111.194.245
2022.8.31 08:34:24#card type:6
2022.8.31 08:34:24#totalamount:242000
2022.8.31 08:34:51#result:TRANSACTION_ID:51ehCBPaxjFOqMfg5JaLjybqZVg=
2022.8.31 08:34:51#Forward to DBBL Payment Gateway Page: https://ecom1.dutchbanglabank.com/ecomm2/ClientHandler?card_type=6&trans_id=51ehCBPaxjFOqMfg5JaLjybqZVg%3D
2022.8.31 08:35:21#---------------------- Complete New Transaction---------------------
2022.8.31 08:35:21#Get trans_id From Post Value:51ehCBPaxjFOqMfg5JaLjybqZVg=
2022.8.31 08:35:21#clientIp:37.111.194.245
2022.8.31 08:35:21#trans_id:51ehCBPaxjFOqMfg5JaLjybqZVg=
2022.8.31 08:35:27#result:RESULT>OK^RESULT_CODE>000^3DSECURE>SKIPPED^RRN>224308853063^APPROVAL_CODE>066009^CARD_NUMBER>999999*********1168^AMOUNT>242000^CARDNAME>mb account^DESCRIPTION>6MBG2105066^TRANS_DATE>2022-08-31 02:35:15 PM
2022.8.31 08:35:27#14659431083527
2022.8.31 08:35:27#14659431083527
2022.8.31 08:35:27#14659431083527
2022.8.31 08:35:27#14659431083527
2022.8.31 08:35:27#14659431083527
2022.8.31 08:35:27#14659431083527
2022.8.31 08:35:27#=================== Transaction Completed =======================
2022.8.31 08:55:46#=================== Start New Transaction ===================
2022.8.31 08:55:46#txnrefnum:MBD2204305
2022.8.31 08:55:46#clientIp:202.134.8.129
2022.8.31 08:55:46#card type:6
2022.8.31 08:55:46#totalamount:702000
2022.8.31 08:56:07#result:TRANSACTION_ID:zXfoB4F9De1cyfYsFIHRPnhAkL8=
2022.8.31 08:56:07#Forward to DBBL Payment Gateway Page: https://ecom1.dutchbanglabank.com/ecomm2/ClientHandler?card_type=6&trans_id=zXfoB4F9De1cyfYsFIHRPnhAkL8%3D
2022.8.31 08:56:32#---------------------- Complete New Transaction---------------------
2022.8.31 08:56:32#Get trans_id From Post Value:zXfoB4F9De1cyfYsFIHRPnhAkL8=
2022.8.31 08:56:32#clientIp:202.134.8.129
2022.8.31 08:56:32#trans_id:zXfoB4F9De1cyfYsFIHRPnhAkL8=
2022.8.31 08:56:38#result:RESULT>OK^RESULT_CODE>000^3DSECURE>SKIPPED^RRN>224308854324^APPROVAL_CODE>198510^CARD_NUMBER>999999*********7532^AMOUNT>702000^CARDNAME>mb account^DESCRIPTION>6MBD2204305^TRANS_DATE>2022-08-31 02:56:31 PM
2022.8.31 08:56:38#32248131085638
2022.8.31 08:56:38#32248131085638
2022.8.31 08:56:38#32248131085638
2022.8.31 08:56:38#32248131085638
2022.8.31 08:56:38#=================== Transaction Completed =======================
2022.8.31 09:13:06#=================== Start New Transaction ===================
2022.8.31 09:13:06#txnrefnum:MBD2004050
2022.8.31 09:13:06#clientIp:202.134.8.129
2022.8.31 09:13:06#card type:6
2022.8.31 09:13:06#totalamount:162000
2022.8.31 09:13:34#result:TRANSACTION_ID:xBTgPjzzuybJoTNqqT9gV3FVjkI=
2022.8.31 09:13:34#Forward to DBBL Payment Gateway Page: https://ecom1.dutchbanglabank.com/ecomm2/ClientHandler?card_type=6&trans_id=xBTgPjzzuybJoTNqqT9gV3FVjkI%3D
2022.8.31 09:14:14#=================== Start New Transaction ===================
2022.8.31 09:14:14#txnrefnum:MBD2004050
2022.8.31 09:14:14#clientIp:202.134.8.129
2022.8.31 09:14:14#card type:6
2022.8.31 09:14:14#totalamount:242000
2022.8.31 09:14:30#result:TRANSACTION_ID:KoP4jJtGLouOVTrLVHLvyEDLFXM=
2022.8.31 09:14:30#Forward to DBBL Payment Gateway Page: https://ecom1.dutchbanglabank.com/ecomm2/ClientHandler?card_type=6&trans_id=KoP4jJtGLouOVTrLVHLvyEDLFXM%3D
2022.8.31 09:14:54#---------------------- Complete New Transaction---------------------
2022.8.31 09:14:54#Get trans_id From Post Value:KoP4jJtGLouOVTrLVHLvyEDLFXM=
2022.8.31 09:14:54#clientIp:202.134.8.129
2022.8.31 09:14:54#trans_id:KoP4jJtGLouOVTrLVHLvyEDLFXM=
2022.8.31 09:15:04#result:RESULT>OK^RESULT_CODE>000^3DSECURE>SKIPPED^RRN>224309855464^APPROVAL_CODE>226104^CARD_NUMBER>999999*********7532^AMOUNT>242000^CARDNAME>mb account^DESCRIPTION>6MBD2004050^TRANS_DATE>2022-08-31 03:14:53 PM
2022.8.31 09:15:04#13947831091504
2022.8.31 09:15:04#13947831091504
2022.8.31 09:15:04#13947831091504
2022.8.31 09:15:04#13947831091504
2022.8.31 09:15:04#13947831091504
2022.8.31 09:15:04#13947831091504
2022.8.31 09:15:04#=================== Transaction Completed =======================
2022.8.31 09:56:47#=================== Start New Transaction ===================
2022.8.31 09:56:47#txnrefnum:BBM2009046
2022.8.31 09:56:47#clientIp:103.177.122.242
2022.8.31 09:56:47#card type:6
2022.8.31 09:56:47#totalamount:283500
2022.8.31 09:57:08#result:TRANSACTION_ID:2P6MIeuKrucUQgi5nvRYBLRLSPQ=
2022.8.31 09:57:08#Forward to DBBL Payment Gateway Page: https://ecom1.dutchbanglabank.com/ecomm2/ClientHandler?card_type=6&trans_id=2P6MIeuKrucUQgi5nvRYBLRLSPQ%3D
2022.8.31 12:55:34#=================== Start New Transaction ===================
2022.8.31 12:55:34#txnrefnum:MBM2201132
2022.8.31 12:55:34#clientIp:103.25.121.58
2022.8.31 12:55:34#card type:6
2022.8.31 12:55:34#totalamount:162000
2022.8.31 12:55:57#result:TRANSACTION_ID:ECA3MU3SBeFBzzxuu636GohMLf4=
2022.8.31 12:55:57#Forward to DBBL Payment Gateway Page: https://ecom1.dutchbanglabank.com/ecomm2/ClientHandler?card_type=6&trans_id=ECA3MU3SBeFBzzxuu636GohMLf4%3D
2022.8.31 13:39:09#---------------------- Complete New Transaction---------------------
2022.8.31 13:39:09#Get trans_id From Post Value:ECA3MU3SBeFBzzxuu636GohMLf4=
2022.8.31 13:39:09#clientIp:103.25.121.58
2022.8.31 13:39:09#trans_id:ECA3MU3SBeFBzzxuu636GohMLf4=
2022.8.31 13:39:14#result:RESULT>TIMEOUT^RESULT_CODE>999^3DSECURE>0^RRN>0^APPROVAL_CODE>0^CARD_NUMBER>0^AMOUNT>162000^CARDNAME>0^DESCRIPTION>6MBM2201132^TRANS_DATE>2022-08-31 07:39:08 PM
2022.8.31 13:39:14#Failed
2022.8.31 13:57:50#=================== Start New Transaction ===================
2022.8.31 13:57:50#txnrefnum:MSC22110050
2022.8.31 13:57:50#clientIp:103.166.89.139
2022.8.31 13:57:50#card type:6
2022.8.31 13:57:50#totalamount:322000
2022.8.31 13:58:04#result:TRANSACTION_ID:quIijqJPrzkOwpA8WdFGGuzhS08=
2022.8.31 13:58:04#Forward to DBBL Payment Gateway Page: https://ecom1.dutchbanglabank.com/ecomm2/ClientHandler?card_type=6&trans_id=quIijqJPrzkOwpA8WdFGGuzhS08%3D
2022.8.31 13:59:00#---------------------- Complete New Transaction---------------------
2022.8.31 13:59:00#Get trans_id From Post Value:quIijqJPrzkOwpA8WdFGGuzhS08=
2022.8.31 13:59:00#clientIp:103.166.89.139
2022.8.31 13:59:00#trans_id:quIijqJPrzkOwpA8WdFGGuzhS08=
2022.8.31 13:59:07#result:RESULT>OK^RESULT_CODE>000^3DSECURE>SKIPPED^RRN>224313869464^APPROVAL_CODE>600296^CARD_NUMBER>999999*********0403^AMOUNT>322000^CARDNAME>mb account^DESCRIPTION>6MSC22110050^TRANS_DATE>2022-08-31 07:58:55 PM
2022.8.31 13:59:07#1451831015907
2022.8.31 13:59:07#1451831015907
2022.8.31 13:59:07#1451831015907
2022.8.31 13:59:07#1451831015907
2022.8.31 13:59:07#=================== Transaction Completed =======================
2022.8.31 14:01:51#=================== Start New Transaction ===================
2022.8.31 14:01:51#txnrefnum:MED2007028
2022.8.31 14:01:51#clientIp:103.91.128.156
2022.8.31 14:01:51#card type:6
2022.8.31 14:01:51#totalamount:302000
2022.8.31 14:02:08#result:TRANSACTION_ID:LUUw5jVmPQCBmMJTyjKuDvx4d3Q=
2022.8.31 14:02:08#Forward to DBBL Payment Gateway Page: https://ecom1.dutchbanglabank.com/ecomm2/ClientHandler?card_type=6&trans_id=LUUw5jVmPQCBmMJTyjKuDvx4d3Q%3D
2022.8.31 14:22:26#=================== Start New Transaction ===================
2022.8.31 14:22:26#txnrefnum:MBM2201132
2022.8.31 14:22:26#clientIp:103.25.121.58
2022.8.31 14:22:26#card type:6
2022.8.31 14:22:26#totalamount:162000
2022.8.31 14:22:50#result:TRANSACTION_ID:QOpnKwMZeJdfGcxAyftxbgN563A=
2022.8.31 14:22:50#Forward to DBBL Payment Gateway Page: https://ecom1.dutchbanglabank.com/ecomm2/ClientHandler?card_type=6&trans_id=QOpnKwMZeJdfGcxAyftxbgN563A%3D
2022.8.31 14:23:25#---------------------- Complete New Transaction---------------------
2022.8.31 14:23:25#Get trans_id From Post Value:QOpnKwMZeJdfGcxAyftxbgN563A=
2022.8.31 14:23:25#clientIp:103.25.121.58
2022.8.31 14:23:25#trans_id:QOpnKwMZeJdfGcxAyftxbgN563A=
2022.8.31 14:23:31#result:RESULT>OK^RESULT_CODE>000^3DSECURE>SKIPPED^RRN>224314871479^APPROVAL_CODE>701691^CARD_NUMBER>999999*********2288^AMOUNT>162000^CARDNAME>mb account^DESCRIPTION>6MBM2201132^TRANS_DATE>2022-08-31 08:23:24 PM
2022.8.31 14:23:31#7151131022331
2022.8.31 14:23:31#7151131022331
2022.8.31 14:23:31#7151131022331
2022.8.31 14:23:31#7151131022331
2022.8.31 14:23:31#=================== Transaction Completed =======================
2022.8.31 14:34:35#=================== Start New Transaction ===================
2022.8.31 14:34:35#txnrefnum:BBM2003138
2022.8.31 14:34:35#clientIp:103.134.38.18
2022.8.31 14:34:35#card type:6
2022.8.31 14:34:35#totalamount:2000
2022.8.31 14:34:50#result:TRANSACTION_ID:OGADfh08bjSm6ScBySulErrG6lc=
2022.8.31 14:34:50#Forward to DBBL Payment Gateway Page: https://ecom1.dutchbanglabank.com/ecomm2/ClientHandler?card_type=6&trans_id=OGADfh08bjSm6ScBySulErrG6lc%3D
2022.8.31 14:35:32#=================== Start New Transaction ===================
2022.8.31 14:35:32#txnrefnum:BBM2003138
2022.8.31 14:35:32#clientIp:103.134.38.18
2022.8.31 14:35:32#card type:6
2022.8.31 14:35:32#totalamount:82000
2022.8.31 14:35:43#=================== Start New Transaction ===================
2022.8.31 14:35:43#txnrefnum:BBM2003138
2022.8.31 14:35:43#clientIp:103.134.38.18
2022.8.31 14:35:43#card type:6
2022.8.31 14:35:43#totalamount:82000
2022.8.31 14:35:50#result:TRANSACTION_ID:hO37U5Adc7cOI9XHuS2twmSgTSo=
2022.8.31 14:35:50#Forward to DBBL Payment Gateway Page: https://ecom1.dutchbanglabank.com/ecomm2/ClientHandler?card_type=6&trans_id=hO37U5Adc7cOI9XHuS2twmSgTSo%3D
2022.8.31 14:35:57#=================== Start New Transaction ===================
2022.8.31 14:35:57#txnrefnum:BBM2003138
2022.8.31 14:35:57#clientIp:103.134.38.18
2022.8.31 14:35:57#card type:6
2022.8.31 14:35:57#totalamount:82000
2022.8.31 14:36:00#result:TRANSACTION_ID:0agPtcKnR8vxShT7ZqCZI26RR3s=
2022.8.31 14:36:00#Forward to DBBL Payment Gateway Page: https://ecom1.dutchbanglabank.com/ecomm2/ClientHandler?card_type=6&trans_id=0agPtcKnR8vxShT7ZqCZI26RR3s%3D
2022.8.31 14:36:10#result:TRANSACTION_ID:IdCfFNeAsqCiNaMx2Gzc5fkG6cg=
2022.8.31 14:36:10#Forward to DBBL Payment Gateway Page: https://ecom1.dutchbanglabank.com/ecomm2/ClientHandler?card_type=6&trans_id=IdCfFNeAsqCiNaMx2Gzc5fkG6cg%3D
2022.8.31 14:37:30#---------------------- Complete New Transaction---------------------
2022.8.31 14:37:30#Get trans_id From Post Value:IdCfFNeAsqCiNaMx2Gzc5fkG6cg=
2022.8.31 14:37:30#clientIp:103.134.38.18
2022.8.31 14:37:30#trans_id:IdCfFNeAsqCiNaMx2Gzc5fkG6cg=
2022.8.31 14:37:34#result:RESULT>OK^RESULT_CODE>000^3DSECURE>SKIPPED^RRN>224314872094^APPROVAL_CODE>723389^CARD_NUMBER>999999*********8573^AMOUNT>82000^CARDNAME>mb account^DESCRIPTION>6BBM2003138^TRANS_DATE>2022-08-31 08:37:29 PM
2022.8.31 14:37:35#23932431023734
2022.8.31 14:37:35#23932431023734
2022.8.31 14:37:35#=================== Transaction Completed =======================
2022.8.31 14:39:02#=================== Start New Transaction ===================
2022.8.31 14:39:02#txnrefnum:BBM2003138
2022.8.31 14:39:02#clientIp:103.134.38.18
2022.8.31 14:39:02#card type:6
2022.8.31 14:39:02#totalamount:82000
2022.8.31 14:39:14#result:TRANSACTION_ID:dMzUR75ek1pnyY2bg488JuEkRPY=
2022.8.31 14:39:14#Forward to DBBL Payment Gateway Page: https://ecom1.dutchbanglabank.com/ecomm2/ClientHandler?card_type=6&trans_id=dMzUR75ek1pnyY2bg488JuEkRPY%3D
2022.8.31 14:40:09#---------------------- Complete New Transaction---------------------
2022.8.31 14:40:09#Get trans_id From Post Value:dMzUR75ek1pnyY2bg488JuEkRPY=
2022.8.31 14:40:09#clientIp:103.134.38.18
2022.8.31 14:40:09#trans_id:dMzUR75ek1pnyY2bg488JuEkRPY=
2022.8.31 14:40:16#result:RESULT>OK^RESULT_CODE>000^3DSECURE>SKIPPED^RRN>224314872176^APPROVAL_CODE>844464^CARD_NUMBER>999999*********8573^AMOUNT>82000^CARDNAME>mb account^DESCRIPTION>6BBM2003138^TRANS_DATE>2022-08-31 08:40:08 PM
2022.8.31 14:40:16#23932531024016
2022.8.31 14:40:16#23932531024016
2022.8.31 14:40:16#=================== Transaction Completed =======================
2022.8.31 14:41:52#=================== Start New Transaction ===================
2022.8.31 14:41:52#txnrefnum:BBM2003138
2022.8.31 14:41:52#clientIp:103.134.38.18
2022.8.31 14:41:52#card type:6
2022.8.31 14:41:52#totalamount:82000
2022.8.31 14:42:06#result:TRANSACTION_ID:aWmwrstREbze4KP1LBvSXeOdjXc=
2022.8.31 14:42:06#Forward to DBBL Payment Gateway Page: https://ecom1.dutchbanglabank.com/ecomm2/ClientHandler?card_type=6&trans_id=aWmwrstREbze4KP1LBvSXeOdjXc%3D
2022.8.31 14:42:58#---------------------- Complete New Transaction---------------------
2022.8.31 14:42:58#Get trans_id From Post Value:aWmwrstREbze4KP1LBvSXeOdjXc=
2022.8.31 14:42:58#clientIp:103.134.38.18
2022.8.31 14:42:58#trans_id:aWmwrstREbze4KP1LBvSXeOdjXc=
2022.8.31 14:43:03#result:RESULT>OK^RESULT_CODE>000^3DSECURE>SKIPPED^RRN>224314872291^APPROVAL_CODE>848143^CARD_NUMBER>999999*********8573^AMOUNT>82000^CARDNAME>mb account^DESCRIPTION>6BBM2003138^TRANS_DATE>2022-08-31 08:42:55 PM
2022.8.31 14:43:03#23932631024303
2022.8.31 14:43:03#23932631024303
2022.8.31 14:43:03#=================== Transaction Completed =======================
2022.8.31 15:41:30#=================== Start New Transaction ===================
2022.8.31 15:41:30#txnrefnum:MSC22110055
2022.8.31 15:41:30#clientIp:103.146.150.73
2022.8.31 15:41:30#card type:6
2022.8.31 15:41:30#totalamount:162000
2022.8.31 15:41:44#result:TRANSACTION_ID:jfd2DVtCNPW9mgEzoip5JW40ai8=
2022.8.31 15:41:44#Forward to DBBL Payment Gateway Page: https://ecom1.dutchbanglabank.com/ecomm2/ClientHandler?card_type=6&trans_id=jfd2DVtCNPW9mgEzoip5JW40ai8%3D
2022.8.31 15:43:49#---------------------- Complete New Transaction---------------------
2022.8.31 15:43:49#Get trans_id From Post Value:jfd2DVtCNPW9mgEzoip5JW40ai8=
2022.8.31 15:43:49#clientIp:103.146.150.73
2022.8.31 15:43:49#trans_id:jfd2DVtCNPW9mgEzoip5JW40ai8=
2022.8.31 15:43:55#result:RESULT>OK^RESULT_CODE>000^3DSECURE>SKIPPED^RRN>224315875782^APPROVAL_CODE>160328^CARD_NUMBER>999999*********3860^AMOUNT>162000^CARDNAME>mb account^DESCRIPTION>6MSC22110055^TRANS_DATE>2022-08-31 09:43:47 PM
2022.8.31 15:43:55#1438531034355
2022.8.31 15:43:55#1438531034355
2022.8.31 15:43:55#=================== Transaction Completed =======================
2022.8.31 15:44:42#=================== Start New Transaction ===================
2022.8.31 15:44:42#txnrefnum:MSC22110055
2022.8.31 15:44:42#clientIp:103.146.150.73
2022.8.31 15:44:42#card type:6
2022.8.31 15:44:42#totalamount:162000
2022.8.31 15:44:56#result:TRANSACTION_ID:60gkMY4Oun8pJnvgJxCwvSjwblA=
2022.8.31 15:44:56#Forward to DBBL Payment Gateway Page: https://ecom1.dutchbanglabank.com/ecomm2/ClientHandler?card_type=6&trans_id=60gkMY4Oun8pJnvgJxCwvSjwblA%3D
2022.8.31 15:45:55#---------------------- Complete New Transaction---------------------
2022.8.31 15:45:55#Get trans_id From Post Value:60gkMY4Oun8pJnvgJxCwvSjwblA=
2022.8.31 15:45:55#clientIp:103.146.150.73
2022.8.31 15:45:55#trans_id:60gkMY4Oun8pJnvgJxCwvSjwblA=
2022.8.31 15:45:59#result:RESULT>OK^RESULT_CODE>000^3DSECURE>SKIPPED^RRN>224315875905^APPROVAL_CODE>163997^CARD_NUMBER>999999*********3860^AMOUNT>162000^CARDNAME>mb account^DESCRIPTION>6MSC22110055^TRANS_DATE>2022-08-31 09:45:53 PM
2022.8.31 15:45:59#1438631034559
2022.8.31 15:45:59#1438631034559
2022.8.31 15:45:59#=================== Transaction Completed =======================
2022.8.31 16:45:23#=================== Start New Transaction ===================
2022.8.31 16:45:23#txnrefnum:MSC22110029
2022.8.31 16:45:23#clientIp:37.111.236.96
2022.8.31 16:45:23#card type:6
2022.8.31 16:45:23#totalamount:482000
2022.8.31 16:45:34#result:TRANSACTION_ID:plVN20SRyjAQRMPOzAPjq07d4os=
2022.8.31 16:45:34#Forward to DBBL Payment Gateway Page: https://ecom1.dutchbanglabank.com/ecomm2/ClientHandler?card_type=6&trans_id=plVN20SRyjAQRMPOzAPjq07d4os%3D
2022.8.31 16:46:25#---------------------- Complete New Transaction---------------------
2022.8.31 16:46:25#Get trans_id From Post Value:plVN20SRyjAQRMPOzAPjq07d4os=
2022.8.31 16:46:25#clientIp:37.111.236.96
2022.8.31 16:46:25#trans_id:plVN20SRyjAQRMPOzAPjq07d4os=
2022.8.31 16:46:30#result:RESULT>OK^RESULT_CODE>000^3DSECURE>SKIPPED^RRN>224316879618^APPROVAL_CODE>487493^CARD_NUMBER>999999*********8685^AMOUNT>482000^CARDNAME>mb account^DESCRIPTION>6MSC22110029^TRANS_DATE>2022-08-31 10:46:25 PM
2022.8.31 16:46:30#1372331044630
2022.8.31 16:46:30#1372331044630
2022.8.31 16:46:30#1372331044630
2022.8.31 16:46:30#1372331044630
2022.8.31 16:46:30#1372331044630
2022.8.31 16:46:30#1372331044630
2022.8.31 16:46:30#=================== Transaction Completed =======================
2022.8.31 16:47:11#=================== Start New Transaction ===================
2022.8.31 16:47:11#txnrefnum:MSC22110097
2022.8.31 16:47:11#clientIp:37.111.236.96
2022.8.31 16:47:11#card type:6
2022.8.31 16:47:11#totalamount:162000
2022.8.31 16:47:22#result:TRANSACTION_ID:pLyQqro5oI3dgRe4uO8DjvU9y3g=
2022.8.31 16:47:22#Forward to DBBL Payment Gateway Page: https://ecom1.dutchbanglabank.com/ecomm2/ClientHandler?card_type=6&trans_id=pLyQqro5oI3dgRe4uO8DjvU9y3g%3D
2022.8.31 16:48:10#---------------------- Complete New Transaction---------------------
2022.8.31 16:48:10#Get trans_id From Post Value:pLyQqro5oI3dgRe4uO8DjvU9y3g=
2022.8.31 16:48:10#clientIp:37.111.236.96
2022.8.31 16:48:10#trans_id:pLyQqro5oI3dgRe4uO8DjvU9y3g=
2022.8.31 16:48:13#result:RESULT>OK^RESULT_CODE>000^3DSECURE>SKIPPED^RRN>224316879755^APPROVAL_CODE>397330^CARD_NUMBER>999999*********8685^AMOUNT>162000^CARDNAME>mb account^DESCRIPTION>6MSC22110097^TRANS_DATE>2022-08-31 10:48:07 PM
2022.8.31 16:48:13#1386931044813
2022.8.31 16:48:13#1386931044813
2022.8.31 16:48:13#=================== Transaction Completed =======================
2022.8.31 16:49:13#=================== Start New Transaction ===================
2022.8.31 16:49:13#txnrefnum:MSC22110062
2022.8.31 16:49:13#clientIp:37.111.236.96
2022.8.31 16:49:13#card type:6
2022.8.31 16:49:13#totalamount:162000
2022.8.31 16:49:21#result:TRANSACTION_ID:6NbAnPbCSnoj2ouDbPTsrJVGUkA=
2022.8.31 16:49:21#Forward to DBBL Payment Gateway Page: https://ecom1.dutchbanglabank.com/ecomm2/ClientHandler?card_type=6&trans_id=6NbAnPbCSnoj2ouDbPTsrJVGUkA%3D
2022.8.31 16:50:03#---------------------- Complete New Transaction---------------------
2022.8.31 16:50:03#Get trans_id From Post Value:6NbAnPbCSnoj2ouDbPTsrJVGUkA=
2022.8.31 16:50:03#clientIp:37.111.236.96
2022.8.31 16:50:03#trans_id:6NbAnPbCSnoj2ouDbPTsrJVGUkA=
2022.8.31 16:50:06#result:RESULT>OK^RESULT_CODE>000^3DSECURE>SKIPPED^RRN>224316879900^APPROVAL_CODE>398618^CARD_NUMBER>999999*********8685^AMOUNT>162000^CARDNAME>mb account^DESCRIPTION>6MSC22110062^TRANS_DATE>2022-08-31 10:50:02 PM
2022.8.31 16:50:06#1413331045006
2022.8.31 16:50:06#1413331045006
2022.8.31 16:50:06#=================== Transaction Completed =======================
2022.8.31 17:24:49#=================== Start New Transaction ===================
2022.8.31 17:24:49#txnrefnum:MSC22110037
2022.8.31 17:24:49#clientIp:103.136.159.123
2022.8.31 17:24:49#card type:6
2022.8.31 17:24:49#totalamount:322000
2022.8.31 17:24:54#result:TRANSACTION_ID:qJOSxbDcUOCysw9gPq8DDt9jPz0=
2022.8.31 17:24:54#Forward to DBBL Payment Gateway Page: https://ecom1.dutchbanglabank.com/ecomm2/ClientHandler?card_type=6&trans_id=qJOSxbDcUOCysw9gPq8DDt9jPz0%3D
2022.8.31 17:25:46#---------------------- Complete New Transaction---------------------
2022.8.31 17:25:46#Get trans_id From Post Value:qJOSxbDcUOCysw9gPq8DDt9jPz0=
2022.8.31 17:25:46#clientIp:103.136.159.123
2022.8.31 17:25:46#trans_id:qJOSxbDcUOCysw9gPq8DDt9jPz0=
2022.8.31 17:25:50#result:RESULT>OK^RESULT_CODE>000^3DSECURE>SKIPPED^RRN>224317881722^APPROVAL_CODE>530250^CARD_NUMBER>999999*********9788^AMOUNT>322000^CARDNAME>mb account^DESCRIPTION>6MSC22110037^TRANS_DATE>2022-08-31 11:25:45 PM
2022.8.31 17:25:50#1408531052550
2022.8.31 17:25:50#1408531052550
2022.8.31 17:25:50#1408531052550
2022.8.31 17:25:50#1408531052550
2022.8.31 17:25:50#=================== Transaction Completed =======================