
2022.5.15 02:47:39#=================== Start New Transaction ===================
2022.5.15 02:47:39#txnrefnum:MEM2004066
2022.5.15 02:47:39#clientIp:202.134.8.137
2022.5.15 02:47:39#card type:6
2022.5.15 02:47:39#totalamount:2202000
2022.5.15 02:47:46#result:TRANSACTION_ID:l1u0yDSqjpGFnsNcsPTAhHTx2PM=
2022.5.15 02:47:46#Forward to DBBL Payment Gateway Page:/ecomm2/ClientHandler?card_type=6&trans_id=l1u0yDSqjpGFnsNcsPTAhHTx2PM%3D
2022.5.15 03:59:05#=================== Start New Transaction ===================
2022.5.15 03:59:05#txnrefnum:MBM2006157
2022.5.15 03:59:05#clientIp:115.127.37.254
2022.5.15 03:59:05#card type:6
2022.5.15 03:59:05#totalamount:162000
2022.5.15 03:59:09#result:TRANSACTION_ID:ur36vznhemWiutQh2cW94OHuIog=
2022.5.15 03:59:09#Forward to DBBL Payment Gateway Page:/ecomm2/ClientHandler?card_type=6&trans_id=ur36vznhemWiutQh2cW94OHuIog%3D
2022.5.15 04:02:35#=================== Start New Transaction ===================
2022.5.15 04:02:35#txnrefnum:MBM2006157
2022.5.15 04:02:35#clientIp:115.127.37.254
2022.5.15 04:02:35#card type:6
2022.5.15 04:02:35#totalamount:162000
2022.5.15 04:02:40#result:TRANSACTION_ID:9ivdcP208pLbZkMwS9SwxHimGbU=
2022.5.15 04:02:40#Forward to DBBL Payment Gateway Page:/ecomm2/ClientHandler?card_type=6&trans_id=9ivdcP208pLbZkMwS9SwxHimGbU%3D
2022.5.15 04:05:41#=================== Start New Transaction ===================
2022.5.15 04:05:41#txnrefnum:BBD2206055
2022.5.15 04:05:41#clientIp:114.130.156.224
2022.5.15 04:05:41#card type:6
2022.5.15 04:05:41#totalamount:322000
2022.5.15 04:05:44#result:TRANSACTION_ID:nyoqk2wIv7ZtamolxHYLGfTztOE=
2022.5.15 04:05:44#Forward to DBBL Payment Gateway Page:/ecomm2/ClientHandler?card_type=6&trans_id=nyoqk2wIv7ZtamolxHYLGfTztOE%3D
2022.5.15 04:08:40#=================== Start New Transaction ===================
2022.5.15 04:08:40#txnrefnum:MBM2006157
2022.5.15 04:08:40#clientIp:115.127.37.254
2022.5.15 04:08:40#card type:6
2022.5.15 04:08:40#totalamount:162000
2022.5.15 04:08:43#result:TRANSACTION_ID:i2xdOBsvdB8YOfSY7VSPXg6rL3A=
2022.5.15 04:08:44#Forward to DBBL Payment Gateway Page:/ecomm2/ClientHandler?card_type=6&trans_id=i2xdOBsvdB8YOfSY7VSPXg6rL3A%3D
2022.5.15 04:09:24#---------------------- Complete New Transaction---------------------
2022.5.15 04:09:24#Get trans_id From Post Value:nyoqk2wIv7ZtamolxHYLGfTztOE=
2022.5.15 04:09:24#clientIp:114.130.156.224
2022.5.15 04:09:24#trans_id:nyoqk2wIv7ZtamolxHYLGfTztOE=
2022.5.15 04:09:26#result:RESULT>OK^RESULT_CODE>000^3DSECURE>SKIPPED^RRN>213510005143^APPROVAL_CODE>848991^CARD_NUMBER>999999*********6896^AMOUNT>322000^CARDNAME>mb account^DESCRIPTION>6BBD2206055^TRANS_DATE>2022-05-15 10:09:23 AM
2022.5.15 04:09:26#24170815040926
2022.5.15 04:09:26#=================== Transaction Completed =======================
2022.5.15 04:09:26#24170815040926
2022.5.15 04:09:26#=================== Transaction Completed =======================
2022.5.15 04:09:26#24170815040926
2022.5.15 04:09:26#=================== Transaction Completed =======================
2022.5.15 04:09:26#24170815040926
2022.5.15 04:09:26#=================== Transaction Completed =======================
2022.5.15 04:14:12#=================== Start New Transaction ===================
2022.5.15 04:14:12#txnrefnum:MEM2002011
2022.5.15 04:14:12#clientIp:115.127.37.254
2022.5.15 04:14:12#card type:6
2022.5.15 04:14:12#totalamount:222000
2022.5.15 04:14:16#result:TRANSACTION_ID:qlT3P2dIzaloaIRUsuKfU1rAhnY=
2022.5.15 04:14:16#Forward to DBBL Payment Gateway Page:/ecomm2/ClientHandler?card_type=6&trans_id=qlT3P2dIzaloaIRUsuKfU1rAhnY%3D
2022.5.15 04:16:46#=================== Start New Transaction ===================
2022.5.15 04:16:46#txnrefnum:MEM2002011
2022.5.15 04:16:46#clientIp:115.127.37.254
2022.5.15 04:16:46#card type:6
2022.5.15 04:16:46#totalamount:222000
2022.5.15 04:16:50#result:TRANSACTION_ID:sosuk2Tp4U0YmJGKltPU3lnlCfQ=
2022.5.15 04:16:50#Forward to DBBL Payment Gateway Page:/ecomm2/ClientHandler?card_type=6&trans_id=sosuk2Tp4U0YmJGKltPU3lnlCfQ%3D
2022.5.15 04:20:03#=================== Start New Transaction ===================
2022.5.15 04:20:03#txnrefnum:MEM2002011
2022.5.15 04:20:03#clientIp:115.127.37.254
2022.5.15 04:20:03#card type:6
2022.5.15 04:20:03#totalamount:222000
2022.5.15 04:20:07#result:TRANSACTION_ID:I8lIHrJpSOmj92Jl7PixgE1P1nc=
2022.5.15 04:20:07#Forward to DBBL Payment Gateway Page:/ecomm2/ClientHandler?card_type=6&trans_id=I8lIHrJpSOmj92Jl7PixgE1P1nc%3D
2022.5.15 04:24:01#=================== Start New Transaction ===================
2022.5.15 04:24:01#txnrefnum:MBD2203369
2022.5.15 04:24:01#clientIp:37.111.205.194
2022.5.15 04:24:01#card type:6
2022.5.15 04:24:01#totalamount:82000
2022.5.15 04:24:05#result:TRANSACTION_ID:JQSAp9OWbbmzHPSQupiPY6YMmP0=
2022.5.15 04:24:05#Forward to DBBL Payment Gateway Page:/ecomm2/ClientHandler?card_type=6&trans_id=JQSAp9OWbbmzHPSQupiPY6YMmP0%3D
2022.5.15 04:24:24#=================== Start New Transaction ===================
2022.5.15 04:24:24#txnrefnum:MBM2007305
2022.5.15 04:24:24#clientIp:103.111.9.227
2022.5.15 04:24:24#card type:6
2022.5.15 04:24:24#totalamount:272000
2022.5.15 04:24:28#result:TRANSACTION_ID:lwt410ndDjOcDSHGKABmF1i3QFA=
2022.5.15 04:24:28#Forward to DBBL Payment Gateway Page:/ecomm2/ClientHandler?card_type=6&trans_id=lwt410ndDjOcDSHGKABmF1i3QFA%3D
2022.5.15 04:25:13#=================== Start New Transaction ===================
2022.5.15 04:25:13#txnrefnum:MEM2002011
2022.5.15 04:25:13#clientIp:115.127.37.254
2022.5.15 04:25:13#card type:6
2022.5.15 04:25:13#totalamount:222000
2022.5.15 04:25:17#result:TRANSACTION_ID:pcf706q38S2Vjrb9dEtLX1cUXzw=
2022.5.15 04:25:17#Forward to DBBL Payment Gateway Page:/ecomm2/ClientHandler?card_type=6&trans_id=pcf706q38S2Vjrb9dEtLX1cUXzw%3D
2022.5.15 04:25:41#=================== Start New Transaction ===================
2022.5.15 04:25:41#txnrefnum:MBM2005058
2022.5.15 04:25:41#clientIp:202.134.14.156
2022.5.15 04:25:41#card type:6
2022.5.15 04:25:41#totalamount:162000
2022.5.15 04:25:45#result:TRANSACTION_ID:Le2wOJLPgf3yvWSkgxvNCOdyWFg=
2022.5.15 04:25:45#Forward to DBBL Payment Gateway Page:/ecomm2/ClientHandler?card_type=6&trans_id=Le2wOJLPgf3yvWSkgxvNCOdyWFg%3D
2022.5.15 04:26:07#---------------------- Complete New Transaction---------------------
2022.5.15 04:26:07#Get trans_id From Post Value:pcf706q38S2Vjrb9dEtLX1cUXzw=
2022.5.15 04:26:07#clientIp:115.127.37.254
2022.5.15 04:26:07#trans_id:pcf706q38S2Vjrb9dEtLX1cUXzw=
2022.5.15 04:26:09#---------------------- Complete New Transaction---------------------
2022.5.15 04:26:09#Get trans_id From Post Value:Le2wOJLPgf3yvWSkgxvNCOdyWFg=
2022.5.15 04:26:09#clientIp:202.134.14.156
2022.5.15 04:26:09#trans_id:Le2wOJLPgf3yvWSkgxvNCOdyWFg=
2022.5.15 04:26:09#result:RESULT>OK^RESULT_CODE>000^3DSECURE>SKIPPED^RRN>213510006000^APPROVAL_CODE>964231^CARD_NUMBER>999999*********5099^AMOUNT>222000^CARDNAME>mb account^DESCRIPTION>6MEM2002011^TRANS_DATE>2022-05-15 10:26:06 AM
2022.5.15 04:26:09#11580215042609
2022.5.15 04:26:09#=================== Transaction Completed =======================
2022.5.15 04:26:09#11580215042609
2022.5.15 04:26:09#=================== Transaction Completed =======================
2022.5.15 04:26:11#result:RESULT>OK^RESULT_CODE>000^3DSECURE>SKIPPED^RRN>213510006001^APPROVAL_CODE>946690^CARD_NUMBER>999999*********7532^AMOUNT>162000^CARDNAME>mb account^DESCRIPTION>6MBM2005058^TRANS_DATE>2022-05-15 10:26:07 AM
2022.5.15 04:26:11#16670115042611
2022.5.15 04:26:11#=================== Transaction Completed =======================
2022.5.15 04:26:11#16670115042611
2022.5.15 04:26:11#=================== Transaction Completed =======================
2022.5.15 04:26:25#=================== Start New Transaction ===================
2022.5.15 04:26:25#txnrefnum:MBD2203369
2022.5.15 04:26:25#clientIp:37.111.205.194
2022.5.15 04:26:25#card type:6
2022.5.15 04:26:25#totalamount:162000
2022.5.15 04:26:28#result:TRANSACTION_ID:qXxf7sJVgKNhhRMgBFw5O6OVFqY=
2022.5.15 04:26:28#Forward to DBBL Payment Gateway Page:/ecomm2/ClientHandler?card_type=6&trans_id=qXxf7sJVgKNhhRMgBFw5O6OVFqY%3D
2022.5.15 04:28:54#=================== Start New Transaction ===================
2022.5.15 04:28:54#txnrefnum:MBM2006157
2022.5.15 04:28:54#clientIp:115.127.37.254
2022.5.15 04:28:54#card type:6
2022.5.15 04:28:54#totalamount:162000
2022.5.15 04:28:58#result:TRANSACTION_ID:jE46y9NxB3OQxzH5iIAadddWZHU=
2022.5.15 04:28:58#Forward to DBBL Payment Gateway Page:/ecomm2/ClientHandler?card_type=6&trans_id=jE46y9NxB3OQxzH5iIAadddWZHU%3D
2022.5.15 04:29:47#---------------------- Complete New Transaction---------------------
2022.5.15 04:29:47#Get trans_id From Post Value:jE46y9NxB3OQxzH5iIAadddWZHU=
2022.5.15 04:29:47#clientIp:115.127.37.254
2022.5.15 04:29:47#trans_id:jE46y9NxB3OQxzH5iIAadddWZHU=
2022.5.15 04:29:49#result:RESULT>OK^RESULT_CODE>000^3DSECURE>SKIPPED^RRN>213510006196^APPROVAL_CODE>970189^CARD_NUMBER>999999*********5099^AMOUNT>162000^CARDNAME>mb account^DESCRIPTION>6MBM2006157^TRANS_DATE>2022-05-15 10:29:46 AM
2022.5.15 04:29:49#17721215042949
2022.5.15 04:29:49#=================== Transaction Completed =======================
2022.5.15 04:29:49#17721215042949
2022.5.15 04:29:49#=================== Transaction Completed =======================
2022.5.15 04:32:12#=================== Start New Transaction ===================
2022.5.15 04:32:12#txnrefnum:MBM2007305
2022.5.15 04:32:12#clientIp:103.111.9.227
2022.5.15 04:32:12#card type:6
2022.5.15 04:32:12#totalamount:272000
2022.5.15 04:32:16#result:TRANSACTION_ID:ivhOHnlAu6jPOS877hLwFQj9srM=
2022.5.15 04:32:16#Forward to DBBL Payment Gateway Page:/ecomm2/ClientHandler?card_type=6&trans_id=ivhOHnlAu6jPOS877hLwFQj9srM%3D
2022.5.15 04:32:16#=================== Start New Transaction ===================
2022.5.15 04:32:16#txnrefnum:MBM2007305
2022.5.15 04:32:16#clientIp:103.111.9.227
2022.5.15 04:32:16#card type:6
2022.5.15 04:32:16#totalamount:272000
2022.5.15 04:32:20#result:TRANSACTION_ID:fDxPBe58oHv0ahSTh3hqC0nN1u8=
2022.5.15 04:32:20#Forward to DBBL Payment Gateway Page:/ecomm2/ClientHandler?card_type=6&trans_id=fDxPBe58oHv0ahSTh3hqC0nN1u8%3D
2022.5.15 04:42:25#=================== Start New Transaction ===================
2022.5.15 04:42:25#txnrefnum:MBM2007305
2022.5.15 04:42:25#clientIp:103.111.9.227
2022.5.15 04:42:25#card type:6
2022.5.15 04:42:25#totalamount:272000
2022.5.15 04:42:29#result:TRANSACTION_ID:wWsyCIWm81zFuAeCDcsdsWIMSQo=
2022.5.15 04:42:29#Forward to DBBL Payment Gateway Page:/ecomm2/ClientHandler?card_type=6&trans_id=wWsyCIWm81zFuAeCDcsdsWIMSQo%3D
2022.5.15 04:45:48#=================== Start New Transaction ===================
2022.5.15 04:45:48#txnrefnum:MBM2007305
2022.5.15 04:45:48#clientIp:103.111.9.227
2022.5.15 04:45:48#card type:6
2022.5.15 04:45:48#totalamount:272000
2022.5.15 04:45:52#result:TRANSACTION_ID:dJStMWlmFggrP9eqpVHA4hSEVQQ=
2022.5.15 04:45:52#Forward to DBBL Payment Gateway Page:/ecomm2/ClientHandler?card_type=6&trans_id=dJStMWlmFggrP9eqpVHA4hSEVQQ%3D
2022.5.15 04:46:47#=================== Start New Transaction ===================
2022.5.15 04:46:47#txnrefnum:MBD2209404
2022.5.15 04:46:47#clientIp:103.130.114.90
2022.5.15 04:46:47#card type:6
2022.5.15 04:46:47#totalamount:322000
2022.5.15 04:46:51#result:TRANSACTION_ID:5ak5rkF9prvV19lP68kLqDXbSsg=
2022.5.15 04:46:51#Forward to DBBL Payment Gateway Page:/ecomm2/ClientHandler?card_type=6&trans_id=5ak5rkF9prvV19lP68kLqDXbSsg%3D
2022.5.15 04:47:18#=================== Start New Transaction ===================
2022.5.15 04:47:18#txnrefnum:MBD2209404
2022.5.15 04:47:18#clientIp:103.130.114.90
2022.5.15 04:47:18#card type:6
2022.5.15 04:47:18#totalamount:322000
2022.5.15 04:47:22#result:TRANSACTION_ID:HHqOf63JxUpnUDUJUdWewMS2hLc=
2022.5.15 04:47:22#Forward to DBBL Payment Gateway Page:/ecomm2/ClientHandler?card_type=6&trans_id=HHqOf63JxUpnUDUJUdWewMS2hLc%3D
2022.5.15 04:48:33#---------------------- Complete New Transaction---------------------
2022.5.15 04:48:33#Get trans_id From Post Value:HHqOf63JxUpnUDUJUdWewMS2hLc=
2022.5.15 04:48:33#clientIp:103.130.114.90
2022.5.15 04:48:33#trans_id:HHqOf63JxUpnUDUJUdWewMS2hLc=
2022.5.15 04:48:35#result:RESULT>OK^RESULT_CODE>000^3DSECURE>SKIPPED^RRN>213510007355^APPROVAL_CODE>898822^CARD_NUMBER>999999*********9123^AMOUNT>322000^CARDNAME>mb account^DESCRIPTION>6MBD2209404^TRANS_DATE>2022-05-15 10:48:32 AM
2022.5.15 04:48:35#20553315044835
2022.5.15 04:48:35#=================== Transaction Completed =======================
2022.5.15 04:48:35#20553315044835
2022.5.15 04:48:35#=================== Transaction Completed =======================
2022.5.15 04:48:35#20553315044835
2022.5.15 04:48:35#=================== Transaction Completed =======================
2022.5.15 04:48:35#20553315044835
2022.5.15 04:48:35#=================== Transaction Completed =======================
2022.5.15 04:49:02#=================== Start New Transaction ===================
2022.5.15 04:49:02#txnrefnum:MSC22110027
2022.5.15 04:49:02#clientIp:202.134.10.142
2022.5.15 04:49:02#card type:6
2022.5.15 04:49:02#totalamount:482000
2022.5.15 04:49:06#result:TRANSACTION_ID:LkrI4Pfm9Qb29WO2bPgeoRUspEY=
2022.5.15 04:49:06#Forward to DBBL Payment Gateway Page:/ecomm2/ClientHandler?card_type=6&trans_id=LkrI4Pfm9Qb29WO2bPgeoRUspEY%3D
2022.5.15 04:51:59#=================== Start New Transaction ===================
2022.5.15 04:51:59#txnrefnum:MSC22110027
2022.5.15 04:51:59#clientIp:202.134.10.142
2022.5.15 04:51:59#card type:6
2022.5.15 04:51:59#totalamount:482000
2022.5.15 04:52:04#result:TRANSACTION_ID:RwnLYeILdXBh36ZruEweDQ2bytk=
2022.5.15 04:52:04#Forward to DBBL Payment Gateway Page:/ecomm2/ClientHandler?card_type=6&trans_id=RwnLYeILdXBh36ZruEweDQ2bytk%3D
2022.5.15 04:53:57#=================== Start New Transaction ===================
2022.5.15 04:53:57#txnrefnum:MBM2007305
2022.5.15 04:53:57#clientIp:103.111.9.227
2022.5.15 04:53:57#card type:6
2022.5.15 04:53:57#totalamount:272000
2022.5.15 04:54:01#result:TRANSACTION_ID:pSKftfzksu8tlDz9SJMLH8PPXRo=
2022.5.15 04:54:01#Forward to DBBL Payment Gateway Page:/ecomm2/ClientHandler?card_type=6&trans_id=pSKftfzksu8tlDz9SJMLH8PPXRo%3D
2022.5.15 04:54:10#=================== Start New Transaction ===================
2022.5.15 04:54:10#txnrefnum:MSC22110027
2022.5.15 04:54:10#clientIp:202.134.10.142
2022.5.15 04:54:10#card type:6
2022.5.15 04:54:10#totalamount:482000
2022.5.15 04:54:13#result:TRANSACTION_ID:kmjOIcZQq76Cc84GdA8cEtRBxaE=
2022.5.15 04:54:14#Forward to DBBL Payment Gateway Page:/ecomm2/ClientHandler?card_type=6&trans_id=kmjOIcZQq76Cc84GdA8cEtRBxaE%3D
2022.5.15 04:54:36#=================== Start New Transaction ===================
2022.5.15 04:54:36#txnrefnum:MSC22111305
2022.5.15 04:54:36#clientIp:103.58.74.139
2022.5.15 04:54:36#card type:6
2022.5.15 04:54:36#totalamount:162000
2022.5.15 04:54:44#result:TRANSACTION_ID:SKwpYLX3FrbKBezcP1psItXMdQk=
2022.5.15 04:54:44#Forward to DBBL Payment Gateway Page:/ecomm2/ClientHandler?card_type=6&trans_id=SKwpYLX3FrbKBezcP1psItXMdQk%3D
2022.5.15 04:55:03#=================== Start New Transaction ===================
2022.5.15 04:55:03#txnrefnum:MBM2007305
2022.5.15 04:55:03#clientIp:103.111.9.227
2022.5.15 04:55:03#card type:6
2022.5.15 04:55:03#totalamount:272000
2022.5.15 04:55:07#result:TRANSACTION_ID:OK2AO4go7IZz6dINNiXiGvr7yF8=
2022.5.15 04:55:07#Forward to DBBL Payment Gateway Page:/ecomm2/ClientHandler?card_type=6&trans_id=OK2AO4go7IZz6dINNiXiGvr7yF8%3D
2022.5.15 04:55:07#---------------------- Complete New Transaction---------------------
2022.5.15 04:55:07#Get trans_id From Post Value:kmjOIcZQq76Cc84GdA8cEtRBxaE=
2022.5.15 04:55:07#clientIp:202.134.10.142
2022.5.15 04:55:07#trans_id:kmjOIcZQq76Cc84GdA8cEtRBxaE=
2022.5.15 04:55:09#result:RESULT>OK^RESULT_CODE>000^3DSECURE>SKIPPED^RRN>213510007751^APPROVAL_CODE>104928^CARD_NUMBER>999999*********3024^AMOUNT>482000^CARDNAME>mb account^DESCRIPTION>6MSC22110027^TRANS_DATE>2022-05-15 10:55:06 AM
2022.5.15 04:55:09#1469315045509
2022.5.15 04:55:09#=================== Transaction Completed =======================
2022.5.15 04:55:09#1469315045509
2022.5.15 04:55:09#=================== Transaction Completed =======================
2022.5.15 04:55:09#1469315045509
2022.5.15 04:55:09#=================== Transaction Completed =======================
2022.5.15 05:00:19#=================== Start New Transaction ===================
2022.5.15 05:00:19#txnrefnum:MBD2007215
2022.5.15 05:00:19#clientIp:202.134.14.156
2022.5.15 05:00:19#card type:6
2022.5.15 05:00:19#totalamount:322000
2022.5.15 05:00:23#result:TRANSACTION_ID:SFwxouMeV8mOHlsbbLw0CEz4qMA=
2022.5.15 05:00:23#Forward to DBBL Payment Gateway Page:/ecomm2/ClientHandler?card_type=6&trans_id=SFwxouMeV8mOHlsbbLw0CEz4qMA%3D
2022.5.15 05:00:47#---------------------- Complete New Transaction---------------------
2022.5.15 05:00:47#Get trans_id From Post Value:SFwxouMeV8mOHlsbbLw0CEz4qMA=
2022.5.15 05:00:47#clientIp:202.134.14.156
2022.5.15 05:00:47#trans_id:SFwxouMeV8mOHlsbbLw0CEz4qMA=
2022.5.15 05:00:50#result:RESULT>OK^RESULT_CODE>000^3DSECURE>SKIPPED^RRN>213511008138^APPROVAL_CODE>048273^CARD_NUMBER>999999*********7532^AMOUNT>322000^CARDNAME>mb account^DESCRIPTION>6MBD2007215^TRANS_DATE>2022-05-15 11:00:46 AM
2022.5.15 05:00:50#19406115050050
2022.5.15 05:00:50#=================== Transaction Completed =======================
2022.5.15 05:00:50#19406115050050
2022.5.15 05:00:50#=================== Transaction Completed =======================
2022.5.15 05:00:50#19406115050050
2022.5.15 05:00:50#=================== Transaction Completed =======================
2022.5.15 05:00:50#19406115050050
2022.5.15 05:00:50#=================== Transaction Completed =======================
2022.5.15 05:03:30#=================== Start New Transaction ===================
2022.5.15 05:03:30#txnrefnum:MSC22111305
2022.5.15 05:03:30#clientIp:103.58.74.139
2022.5.15 05:03:30#card type:6
2022.5.15 05:03:30#totalamount:162000
2022.5.15 05:03:33#result:TRANSACTION_ID:hZLQ6P2GqLlPWR9DepDvW4tNBS0=
2022.5.15 05:03:33#Forward to DBBL Payment Gateway Page:/ecomm2/ClientHandler?card_type=6&trans_id=hZLQ6P2GqLlPWR9DepDvW4tNBS0%3D
2022.5.15 05:04:29#=================== Start New Transaction ===================
2022.5.15 05:04:29#txnrefnum:MSC22111305
2022.5.15 05:04:29#clientIp:103.58.74.139
2022.5.15 05:04:29#card type:6
2022.5.15 05:04:29#totalamount:162000
2022.5.15 05:04:33#result:TRANSACTION_ID:JdstukCaMmO5ETNipvHpfIjUgVA=
2022.5.15 05:04:33#Forward to DBBL Payment Gateway Page:/ecomm2/ClientHandler?card_type=6&trans_id=JdstukCaMmO5ETNipvHpfIjUgVA%3D
2022.5.15 05:07:06#=================== Start New Transaction ===================
2022.5.15 05:07:06#txnrefnum:MSC22111305
2022.5.15 05:07:06#clientIp:103.58.74.139
2022.5.15 05:07:06#card type:6
2022.5.15 05:07:06#totalamount:162000
2022.5.15 05:07:10#result:TRANSACTION_ID:ePsshbjRIM9XwfMnGfUTWwQDOkI=
2022.5.15 05:07:10#Forward to DBBL Payment Gateway Page:/ecomm2/ClientHandler?card_type=6&trans_id=ePsshbjRIM9XwfMnGfUTWwQDOkI%3D
2022.5.15 05:08:17#---------------------- Complete New Transaction---------------------
2022.5.15 05:08:17#Get trans_id From Post Value:ePsshbjRIM9XwfMnGfUTWwQDOkI=
2022.5.15 05:08:17#clientIp:103.58.74.139
2022.5.15 05:08:17#trans_id:ePsshbjRIM9XwfMnGfUTWwQDOkI=
2022.5.15 05:08:19#result:RESULT>OK^RESULT_CODE>000^3DSECURE>SKIPPED^RRN>213511008582^APPROVAL_CODE>119247^CARD_NUMBER>999999*********5916^AMOUNT>162000^CARDNAME>mb account^DESCRIPTION>6MSC22111305^TRANS_DATE>2022-05-15 11:08:15 AM
2022.5.15 05:08:19#1482515050819
2022.5.15 05:08:19#=================== Transaction Completed =======================
2022.5.15 05:10:12#=================== Start New Transaction ===================
2022.5.15 05:10:12#txnrefnum:MSC22111305
2022.5.15 05:10:12#clientIp:103.58.74.139
2022.5.15 05:10:12#card type:6
2022.5.15 05:10:12#totalamount:162000
2022.5.15 05:10:16#result:TRANSACTION_ID:suTJPf5Wdtpw0POJqlwqrk5Nh3A=
2022.5.15 05:10:16#Forward to DBBL Payment Gateway Page:/ecomm2/ClientHandler?card_type=6&trans_id=suTJPf5Wdtpw0POJqlwqrk5Nh3A%3D
2022.5.15 05:12:17#=================== Start New Transaction ===================
2022.5.15 05:12:17#txnrefnum:MSC22111305
2022.5.15 05:12:17#clientIp:103.58.74.139
2022.5.15 05:12:17#card type:6
2022.5.15 05:12:17#totalamount:162000
2022.5.15 05:12:21#result:TRANSACTION_ID:XM0opoSR6hEWDqPB7xoec8SP51A=
2022.5.15 05:12:21#Forward to DBBL Payment Gateway Page:/ecomm2/ClientHandler?card_type=6&trans_id=XM0opoSR6hEWDqPB7xoec8SP51A%3D
2022.5.15 05:13:23#=================== Start New Transaction ===================
2022.5.15 05:13:23#txnrefnum:MSC22111305
2022.5.15 05:13:23#clientIp:103.58.74.139
2022.5.15 05:13:23#card type:6
2022.5.15 05:13:23#totalamount:162000
2022.5.15 05:13:28#result:TRANSACTION_ID:k8uPPnt3pBRlOjpzO97aBlnyN9o=
2022.5.15 05:13:28#Forward to DBBL Payment Gateway Page:/ecomm2/ClientHandler?card_type=6&trans_id=k8uPPnt3pBRlOjpzO97aBlnyN9o%3D
2022.5.15 05:16:15#=================== Start New Transaction ===================
2022.5.15 05:16:15#txnrefnum:MBB2101092
2022.5.15 05:16:15#clientIp:119.30.38.5
2022.5.15 05:16:15#card type:6
2022.5.15 05:16:15#totalamount:82000
2022.5.15 05:16:20#result:TRANSACTION_ID:BclVyOBCSXw0rebkSK9FAbau4Gs=
2022.5.15 05:16:20#Forward to DBBL Payment Gateway Page:/ecomm2/ClientHandler?card_type=6&trans_id=BclVyOBCSXw0rebkSK9FAbau4Gs%3D
2022.5.15 05:16:21#=================== Start New Transaction ===================
2022.5.15 05:16:21#txnrefnum:MBB2101092
2022.5.15 05:16:21#clientIp:119.30.38.5
2022.5.15 05:16:21#card type:6
2022.5.15 05:16:21#totalamount:82000
2022.5.15 05:16:23#=================== Start New Transaction ===================
2022.5.15 05:16:23#txnrefnum:MBB2101092
2022.5.15 05:16:23#clientIp:119.30.38.5
2022.5.15 05:16:23#card type:6
2022.5.15 05:16:23#totalamount:82000
2022.5.15 05:16:25#result:TRANSACTION_ID:rxjc0nJNwoD8Sj1PBGSIKApM2Q0=
2022.5.15 05:16:25#Forward to DBBL Payment Gateway Page:/ecomm2/ClientHandler?card_type=6&trans_id=rxjc0nJNwoD8Sj1PBGSIKApM2Q0%3D
2022.5.15 05:16:26#result:TRANSACTION_ID:pISB95ZeydeRKSimDAKdlERD4HQ=
2022.5.15 05:16:26#Forward to DBBL Payment Gateway Page:/ecomm2/ClientHandler?card_type=6&trans_id=pISB95ZeydeRKSimDAKdlERD4HQ%3D
2022.5.15 05:16:34#=================== Start New Transaction ===================
2022.5.15 05:16:34#txnrefnum:MSC22111305
2022.5.15 05:16:34#clientIp:103.58.74.139
2022.5.15 05:16:34#card type:6
2022.5.15 05:16:34#totalamount:162000
2022.5.15 05:16:37#result:TRANSACTION_ID:MorRAnZaNJKN7EWs5FZzz3HMn3o=
2022.5.15 05:16:38#Forward to DBBL Payment Gateway Page:/ecomm2/ClientHandler?card_type=6&trans_id=MorRAnZaNJKN7EWs5FZzz3HMn3o%3D
2022.5.15 05:19:11#=================== Start New Transaction ===================
2022.5.15 05:19:11#txnrefnum:MSC22111305
2022.5.15 05:19:11#clientIp:103.58.74.139
2022.5.15 05:19:11#card type:6
2022.5.15 05:19:11#totalamount:162000
2022.5.15 05:19:15#result:TRANSACTION_ID:75vnIReUzBMNj9Do5hvGrLO0OTQ=
2022.5.15 05:19:15#Forward to DBBL Payment Gateway Page:/ecomm2/ClientHandler?card_type=6&trans_id=75vnIReUzBMNj9Do5hvGrLO0OTQ%3D
2022.5.15 05:19:24#=================== Start New Transaction ===================
2022.5.15 05:19:24#txnrefnum:MBB2101092
2022.5.15 05:19:24#clientIp:119.30.38.5
2022.5.15 05:19:24#card type:6
2022.5.15 05:19:24#totalamount:82000
2022.5.15 05:19:28#result:TRANSACTION_ID:Dc8hkmP2ws9YZGqMnEdeodaPkaI=
2022.5.15 05:19:28#Forward to DBBL Payment Gateway Page:/ecomm2/ClientHandler?card_type=6&trans_id=Dc8hkmP2ws9YZGqMnEdeodaPkaI%3D
2022.5.15 05:23:09#=================== Start New Transaction ===================
2022.5.15 05:23:09#txnrefnum:MSC22111305
2022.5.15 05:23:09#clientIp:103.58.74.139
2022.5.15 05:23:09#card type:6
2022.5.15 05:23:09#totalamount:162000
2022.5.15 05:23:13#result:TRANSACTION_ID:4VjhPrMdU6upqwFTHolTqhD2LN4=
2022.5.15 05:23:13#Forward to DBBL Payment Gateway Page:/ecomm2/ClientHandler?card_type=6&trans_id=4VjhPrMdU6upqwFTHolTqhD2LN4%3D
2022.5.15 05:24:15#---------------------- Complete New Transaction---------------------
2022.5.15 05:24:15#Get trans_id From Post Value:4VjhPrMdU6upqwFTHolTqhD2LN4=
2022.5.15 05:24:15#clientIp:103.58.74.139
2022.5.15 05:24:15#trans_id:4VjhPrMdU6upqwFTHolTqhD2LN4=
2022.5.15 05:24:18#result:RESULT>OK^RESULT_CODE>000^3DSECURE>SKIPPED^RRN>213511009664^APPROVAL_CODE>185700^CARD_NUMBER>999999*********5916^AMOUNT>162000^CARDNAME>mb account^DESCRIPTION>6MSC22111305^TRANS_DATE>2022-05-15 11:24:13 AM
2022.5.15 05:24:18#1482615052418
2022.5.15 05:24:18#=================== Transaction Completed =======================
2022.5.15 05:40:11#=================== Start New Transaction ===================
2022.5.15 05:40:11#txnrefnum:MBD2003160
2022.5.15 05:40:11#clientIp:202.134.14.156
2022.5.15 05:40:11#card type:6
2022.5.15 05:40:11#totalamount:82000
2022.5.15 05:40:15#result:TRANSACTION_ID:07OsBpKzi4rIg000dHZzFdTHPKc=
2022.5.15 05:40:15#Forward to DBBL Payment Gateway Page:/ecomm2/ClientHandler?card_type=6&trans_id=07OsBpKzi4rIg000dHZzFdTHPKc%3D
2022.5.15 05:40:40#---------------------- Complete New Transaction---------------------
2022.5.15 05:40:40#Get trans_id From Post Value:07OsBpKzi4rIg000dHZzFdTHPKc=
2022.5.15 05:40:42#clientIp:202.134.14.156
2022.5.15 05:40:42#trans_id:07OsBpKzi4rIg000dHZzFdTHPKc=
2022.5.15 05:40:44#result:RESULT>OK^RESULT_CODE>000^3DSECURE>SKIPPED^RRN>213511010690^APPROVAL_CODE>303377^CARD_NUMBER>999999*********7532^AMOUNT>82000^CARDNAME>mb account^DESCRIPTION>6MBD2003160^TRANS_DATE>2022-05-15 11:40:40 AM
2022.5.15 05:40:44#12876815054044
2022.5.15 05:40:44#=================== Transaction Completed =======================
2022.5.15 05:43:58#=================== Start New Transaction ===================
2022.5.15 05:43:58#txnrefnum:MBD2003186
2022.5.15 05:43:58#clientIp:202.134.14.156
2022.5.15 05:43:58#card type:6
2022.5.15 05:43:58#totalamount:82000
2022.5.15 05:44:02#result:TRANSACTION_ID:wexOMItQzPuSrosw3YWTNipEsoI=
2022.5.15 05:44:02#=================== Start New Transaction ===================
2022.5.15 05:44:02#txnrefnum:MBD2202032
2022.5.15 05:44:02#clientIp:103.146.68.16
2022.5.15 05:44:02#card type:6
2022.5.15 05:44:02#totalamount:1022000
2022.5.15 05:44:02#Forward to DBBL Payment Gateway Page:/ecomm2/ClientHandler?card_type=6&trans_id=wexOMItQzPuSrosw3YWTNipEsoI%3D
2022.5.15 05:44:05#result:TRANSACTION_ID:9A2JKgBBLSwX8amqttEYeI88i9Q=
2022.5.15 05:44:05#Forward to DBBL Payment Gateway Page:/ecomm2/ClientHandler?card_type=6&trans_id=9A2JKgBBLSwX8amqttEYeI88i9Q%3D
2022.5.15 05:44:41#---------------------- Complete New Transaction---------------------
2022.5.15 05:44:41#Get trans_id From Post Value:wexOMItQzPuSrosw3YWTNipEsoI=
2022.5.15 05:44:41#clientIp:202.134.14.156
2022.5.15 05:44:41#trans_id:wexOMItQzPuSrosw3YWTNipEsoI=
2022.5.15 05:44:43#result:RESULT>OK^RESULT_CODE>000^3DSECURE>SKIPPED^RRN>213511010934^APPROVAL_CODE>309443^CARD_NUMBER>999999*********7532^AMOUNT>82000^CARDNAME>mb account^DESCRIPTION>6MBD2003186^TRANS_DATE>2022-05-15 11:44:39 AM
2022.5.15 05:44:43#12900815054443
2022.5.15 05:44:43#=================== Transaction Completed =======================
2022.5.15 05:45:55#=================== Start New Transaction ===================
2022.5.15 05:45:55#txnrefnum:BBM2009206
2022.5.15 05:45:55#clientIp:103.58.74.136
2022.5.15 05:45:55#card type:6
2022.5.15 05:45:55#totalamount:162000
2022.5.15 05:45:59#result:TRANSACTION_ID:PKGLGOA63o4KbFGUTqRmYXIjR7A=
2022.5.15 05:45:59#Forward to DBBL Payment Gateway Page:/ecomm2/ClientHandler?card_type=6&trans_id=PKGLGOA63o4KbFGUTqRmYXIjR7A%3D
2022.5.15 05:46:45#---------------------- Complete New Transaction---------------------
2022.5.15 05:46:45#Get trans_id From Post Value:PKGLGOA63o4KbFGUTqRmYXIjR7A=
2022.5.15 05:46:45#clientIp:103.58.74.136
2022.5.15 05:46:45#trans_id:PKGLGOA63o4KbFGUTqRmYXIjR7A=
2022.5.15 05:46:47#result:RESULT>FAILED^RESULT_CODE>116^3DSECURE>SKIPPED^RRN>213511011075^APPROVAL_CODE>0^CARD_NUMBER>999999*********0605^AMOUNT>162000^CARDNAME>mb account^DESCRIPTION>6BBM2009206^TRANS_DATE>2022-05-15 11:46:44 AM
2022.5.15 05:46:47#Not Sufficient Amount
2022.5.15 05:47:01#=================== Start New Transaction ===================
2022.5.15 05:47:01#txnrefnum:MSC21111236
2022.5.15 05:47:01#clientIp:202.134.10.142
2022.5.15 05:47:01#card type:6
2022.5.15 05:47:01#totalamount:322000
2022.5.15 05:47:06#result:TRANSACTION_ID:T7bsKVSbA7rSVXebawc5ZBAVHOo=
2022.5.15 05:47:06#Forward to DBBL Payment Gateway Page:/ecomm2/ClientHandler?card_type=6&trans_id=T7bsKVSbA7rSVXebawc5ZBAVHOo%3D
2022.5.15 05:47:07#=================== Start New Transaction ===================
2022.5.15 05:47:07#txnrefnum:MBM2003077
2022.5.15 05:47:07#clientIp:202.134.14.156
2022.5.15 05:47:07#card type:6
2022.5.15 05:47:07#totalamount:82000
2022.5.15 05:47:11#result:TRANSACTION_ID:cOSPTkNazUJPZxSXybHSYZyhMWM=
2022.5.15 05:47:11#Forward to DBBL Payment Gateway Page:/ecomm2/ClientHandler?card_type=6&trans_id=cOSPTkNazUJPZxSXybHSYZyhMWM%3D
2022.5.15 05:47:34#---------------------- Complete New Transaction---------------------
2022.5.15 05:47:34#Get trans_id From Post Value:cOSPTkNazUJPZxSXybHSYZyhMWM=
2022.5.15 05:47:34#clientIp:202.134.14.156
2022.5.15 05:47:34#trans_id:cOSPTkNazUJPZxSXybHSYZyhMWM=
2022.5.15 05:47:36#result:RESULT>OK^RESULT_CODE>000^3DSECURE>SKIPPED^RRN>213511011138^APPROVAL_CODE>312251^CARD_NUMBER>999999*********7532^AMOUNT>82000^CARDNAME>mb account^DESCRIPTION>6MBM2003077^TRANS_DATE>2022-05-15 11:47:33 AM
2022.5.15 05:47:36#13148015054736
2022.5.15 05:47:36#=================== Transaction Completed =======================
2022.5.15 05:47:43#=================== Start New Transaction ===================
2022.5.15 05:47:43#txnrefnum:BBM2009206
2022.5.15 05:47:43#clientIp:103.58.74.136
2022.5.15 05:47:43#card type:6
2022.5.15 05:47:43#totalamount:162000
2022.5.15 05:47:46#=================== Start New Transaction ===================
2022.5.15 05:47:46#txnrefnum:BBD2201255
2022.5.15 05:47:46#clientIp:103.204.247.10
2022.5.15 05:47:46#card type:6
2022.5.15 05:47:46#totalamount:242000
2022.5.15 05:47:47#result:TRANSACTION_ID:v1qbjtOpbwuJw8MJJpJlzNj8jYo=
2022.5.15 05:47:47#Forward to DBBL Payment Gateway Page:/ecomm2/ClientHandler?card_type=6&trans_id=v1qbjtOpbwuJw8MJJpJlzNj8jYo%3D
2022.5.15 05:47:50#result:TRANSACTION_ID:EhPxlH3sdOhjllSiBCaDDep66dY=
2022.5.15 05:47:50#Forward to DBBL Payment Gateway Page:/ecomm2/ClientHandler?card_type=6&trans_id=EhPxlH3sdOhjllSiBCaDDep66dY%3D
2022.5.15 05:47:52#---------------------- Complete New Transaction---------------------
2022.5.15 05:47:52#Get trans_id From Post Value:T7bsKVSbA7rSVXebawc5ZBAVHOo=
2022.5.15 05:47:52#clientIp:202.134.10.142
2022.5.15 05:47:52#trans_id:T7bsKVSbA7rSVXebawc5ZBAVHOo=
2022.5.15 05:47:54#result:RESULT>OK^RESULT_CODE>000^3DSECURE>SKIPPED^RRN>213511011161^APPROVAL_CODE>218345^CARD_NUMBER>999999*********2369^AMOUNT>322000^CARDNAME>mb account^DESCRIPTION>6MSC21111236^TRANS_DATE>2022-05-15 11:47:51 AM
2022.5.15 05:47:54#774615054754
2022.5.15 05:47:54#=================== Transaction Completed =======================
2022.5.15 05:47:54#774615054754
2022.5.15 05:47:54#=================== Transaction Completed =======================
2022.5.15 05:48:03#=================== Start New Transaction ===================
2022.5.15 05:48:03#txnrefnum:MBD2008369
2022.5.15 05:48:03#clientIp:103.204.246.38
2022.5.15 05:48:03#card type:6
2022.5.15 05:48:03#totalamount:242000
2022.5.15 05:48:07#result:TRANSACTION_ID:RwTqrhp70WNaP3V9XXe9VgkBXGw=
2022.5.15 05:48:07#Forward to DBBL Payment Gateway Page:/ecomm2/ClientHandler?card_type=6&trans_id=RwTqrhp70WNaP3V9XXe9VgkBXGw%3D
2022.5.15 05:48:21#---------------------- Complete New Transaction---------------------
2022.5.15 05:48:21#Get trans_id From Post Value:EhPxlH3sdOhjllSiBCaDDep66dY=
2022.5.15 05:48:21#clientIp:103.204.247.10
2022.5.15 05:48:21#trans_id:EhPxlH3sdOhjllSiBCaDDep66dY=
2022.5.15 05:48:23#result:RESULT>OK^RESULT_CODE>000^3DSECURE>SKIPPED^RRN>213511011193^APPROVAL_CODE>268047^CARD_NUMBER>999999*********2298^AMOUNT>242000^CARDNAME>mb account^DESCRIPTION>6BBD2201255^TRANS_DATE>2022-05-15 11:48:20 AM
2022.5.15 05:48:23#22334515054823
2022.5.15 05:48:23#=================== Transaction Completed =======================
2022.5.15 05:48:23#22334515054823
2022.5.15 05:48:23#=================== Transaction Completed =======================
2022.5.15 05:48:23#22334515054823
2022.5.15 05:48:23#=================== Transaction Completed =======================
2022.5.15 05:49:16#---------------------- Complete New Transaction---------------------
2022.5.15 05:49:16#Get trans_id From Post Value:v1qbjtOpbwuJw8MJJpJlzNj8jYo=
2022.5.15 05:49:16#clientIp:103.58.74.136
2022.5.15 05:49:16#trans_id:v1qbjtOpbwuJw8MJJpJlzNj8jYo=
2022.5.15 05:49:20#result:RESULT>OK^RESULT_CODE>000^3DSECURE>SKIPPED^RRN>213511011262^APPROVAL_CODE>269526^CARD_NUMBER>999999*********0605^AMOUNT>162000^CARDNAME>mb account^DESCRIPTION>6BBM2009206^TRANS_DATE>2022-05-15 11:49:15 AM
2022.5.15 05:49:20#27179115054920
2022.5.15 05:49:20#=================== Transaction Completed =======================
2022.5.15 05:49:20#27179115054920
2022.5.15 05:49:20#=================== Transaction Completed =======================
2022.5.15 05:52:58#=================== Start New Transaction ===================
2022.5.15 05:52:58#txnrefnum:MBD2003055
2022.5.15 05:52:58#clientIp:202.134.14.156
2022.5.15 05:52:58#card type:6
2022.5.15 05:52:58#totalamount:322000
2022.5.15 05:53:02#result:TRANSACTION_ID:cjKloEtXwwa3FvkcjLmnmqcfP0c=
2022.5.15 05:53:03#Forward to DBBL Payment Gateway Page:/ecomm2/ClientHandler?card_type=6&trans_id=cjKloEtXwwa3FvkcjLmnmqcfP0c%3D
2022.5.15 05:53:26#---------------------- Complete New Transaction---------------------
2022.5.15 05:53:26#Get trans_id From Post Value:cjKloEtXwwa3FvkcjLmnmqcfP0c=
2022.5.15 05:53:26#clientIp:202.134.14.156
2022.5.15 05:53:26#trans_id:cjKloEtXwwa3FvkcjLmnmqcfP0c=
2022.5.15 05:53:28#result:RESULT>OK^RESULT_CODE>000^3DSECURE>SKIPPED^RRN>213511011564^APPROVAL_CODE>225985^CARD_NUMBER>999999*********7532^AMOUNT>322000^CARDNAME>mb account^DESCRIPTION>6MBD2003055^TRANS_DATE>2022-05-15 11:53:25 AM
2022.5.15 05:53:28#12749315055328
2022.5.15 05:53:28#=================== Transaction Completed =======================
2022.5.15 05:53:28#12749315055328
2022.5.15 05:53:28#=================== Transaction Completed =======================
2022.5.15 05:53:28#12749315055328
2022.5.15 05:53:28#=================== Transaction Completed =======================
2022.5.15 05:53:28#12749315055328
2022.5.15 05:53:28#=================== Transaction Completed =======================
2022.5.15 05:55:09#=================== Start New Transaction ===================
2022.5.15 05:55:09#txnrefnum:MBD2006030
2022.5.15 05:55:09#clientIp:202.134.14.156
2022.5.15 05:55:09#card type:6
2022.5.15 05:55:09#totalamount:402000
2022.5.15 05:55:13#result:TRANSACTION_ID:nAAhAiRaSOlHd7AdOtkNuKp49og=
2022.5.15 05:55:13#Forward to DBBL Payment Gateway Page:/ecomm2/ClientHandler?card_type=6&trans_id=nAAhAiRaSOlHd7AdOtkNuKp49og%3D
2022.5.15 05:55:44#---------------------- Complete New Transaction---------------------
2022.5.15 05:55:44#Get trans_id From Post Value:nAAhAiRaSOlHd7AdOtkNuKp49og=
2022.5.15 05:55:44#clientIp:202.134.14.156
2022.5.15 05:55:44#trans_id:nAAhAiRaSOlHd7AdOtkNuKp49og=
2022.5.15 05:55:46#result:RESULT>OK^RESULT_CODE>000^3DSECURE>SKIPPED^RRN>213511011723^APPROVAL_CODE>280943^CARD_NUMBER>999999*********7532^AMOUNT>402000^CARDNAME>mb account^DESCRIPTION>6MBD2006030^TRANS_DATE>2022-05-15 11:55:43 AM
2022.5.15 05:55:46#17941815055546
2022.5.15 05:55:46#=================== Transaction Completed =======================
2022.5.15 05:55:46#17941815055546
2022.5.15 05:55:46#=================== Transaction Completed =======================
2022.5.15 05:55:46#17941815055546
2022.5.15 05:55:46#=================== Transaction Completed =======================
2022.5.15 05:55:46#17941815055546
2022.5.15 05:55:46#=================== Transaction Completed =======================
2022.5.15 05:55:46#17941815055546
2022.5.15 05:55:46#=================== Transaction Completed =======================
2022.5.15 05:58:15#=================== Start New Transaction ===================
2022.5.15 05:58:15#txnrefnum:MBD2005022
2022.5.15 05:58:15#clientIp:202.134.14.156
2022.5.15 05:58:15#card type:6
2022.5.15 05:58:15#totalamount:402000
2022.5.15 05:58:19#result:TRANSACTION_ID:CFg2GDIyxT210jQJv1H5mBPpS0o=
2022.5.15 05:58:19#Forward to DBBL Payment Gateway Page:/ecomm2/ClientHandler?card_type=6&trans_id=CFg2GDIyxT210jQJv1H5mBPpS0o%3D
2022.5.15 05:59:27#---------------------- Complete New Transaction---------------------
2022.5.15 05:59:27#Get trans_id From Post Value:CFg2GDIyxT210jQJv1H5mBPpS0o=
2022.5.15 05:59:27#clientIp:202.134.14.156
2022.5.15 05:59:27#trans_id:CFg2GDIyxT210jQJv1H5mBPpS0o=
2022.5.15 05:59:29#result:RESULT>OK^RESULT_CODE>000^3DSECURE>SKIPPED^RRN>213511011975^APPROVAL_CODE>315687^CARD_NUMBER>999999*********7532^AMOUNT>402000^CARDNAME>mb account^DESCRIPTION>6MBD2005022^TRANS_DATE>2022-05-15 11:59:25 AM
2022.5.15 05:59:29#16124115055929
2022.5.15 05:59:29#=================== Transaction Completed =======================
2022.5.15 05:59:29#16124115055929
2022.5.15 05:59:29#=================== Transaction Completed =======================
2022.5.15 05:59:29#16124115055929
2022.5.15 05:59:29#=================== Transaction Completed =======================
2022.5.15 05:59:29#16124115055929
2022.5.15 05:59:29#=================== Transaction Completed =======================
2022.5.15 05:59:29#16124115055929
2022.5.15 05:59:29#=================== Transaction Completed =======================
2022.5.15 06:01:58#=================== Start New Transaction ===================
2022.5.15 06:01:58#txnrefnum:MBG2108026
2022.5.15 06:01:58#clientIp:202.134.14.156
2022.5.15 06:01:58#card type:6
2022.5.15 06:01:58#totalamount:322000
2022.5.15 06:02:01#result:TRANSACTION_ID:TOjaEPzwafw5U8ykjjhSc58KJIw=
2022.5.15 06:02:01#Forward to DBBL Payment Gateway Page:/ecomm2/ClientHandler?card_type=6&trans_id=TOjaEPzwafw5U8ykjjhSc58KJIw%3D
2022.5.15 06:03:40#---------------------- Complete New Transaction---------------------
2022.5.15 06:03:40#Get trans_id From Post Value:TOjaEPzwafw5U8ykjjhSc58KJIw=
2022.5.15 06:03:40#clientIp:202.134.14.156
2022.5.15 06:03:40#trans_id:TOjaEPzwafw5U8ykjjhSc58KJIw=
2022.5.15 06:03:42#result:RESULT>OK^RESULT_CODE>000^3DSECURE>SKIPPED^RRN>213512012268^APPROVAL_CODE>241560^CARD_NUMBER>999999*********7532^AMOUNT>322000^CARDNAME>mb account^DESCRIPTION>6MBG2108026^TRANS_DATE>2022-05-15 12:03:39 PM
2022.5.15 06:03:42#19882515060342
2022.5.15 06:03:42#=================== Transaction Completed =======================
2022.5.15 06:03:42#19882515060342
2022.5.15 06:03:42#=================== Transaction Completed =======================
2022.5.15 06:03:42#19882515060342
2022.5.15 06:03:42#=================== Transaction Completed =======================
2022.5.15 06:03:42#19882515060342
2022.5.15 06:03:42#=================== Transaction Completed =======================
2022.5.15 06:08:48#=================== Start New Transaction ===================
2022.5.15 06:08:48#txnrefnum:MSC22110003
2022.5.15 06:08:48#clientIp:37.111.214.146
2022.5.15 06:08:48#card type:6
2022.5.15 06:08:48#totalamount:162000
2022.5.15 06:08:52#result:TRANSACTION_ID:Ed1BrSYCTXR2vqFiSrB4yQ3VDSU=
2022.5.15 06:08:52#Forward to DBBL Payment Gateway Page:/ecomm2/ClientHandler?card_type=6&trans_id=Ed1BrSYCTXR2vqFiSrB4yQ3VDSU%3D
2022.5.15 06:10:49#---------------------- Complete New Transaction---------------------
2022.5.15 06:10:49#Get trans_id From Post Value:Ed1BrSYCTXR2vqFiSrB4yQ3VDSU=
2022.5.15 06:10:49#clientIp:37.111.214.146
2022.5.15 06:10:49#trans_id:Ed1BrSYCTXR2vqFiSrB4yQ3VDSU=
2022.5.15 06:10:51#result:RESULT>OK^RESULT_CODE>000^3DSECURE>SKIPPED^RRN>213512012776^APPROVAL_CODE>326504^CARD_NUMBER>999999*********2189^AMOUNT>162000^CARDNAME>mb account^DESCRIPTION>6MSC22110003^TRANS_DATE>2022-05-15 12:10:48 PM
2022.5.15 06:10:51#1405915061051
2022.5.15 06:10:51#=================== Transaction Completed =======================
2022.5.15 06:13:44#=================== Start New Transaction ===================
2022.5.15 06:13:44#txnrefnum:MBB2107017
2022.5.15 06:13:44#clientIp:202.134.14.156
2022.5.15 06:13:44#card type:6
2022.5.15 06:13:44#totalamount:192000
2022.5.15 06:13:48#result:TRANSACTION_ID:6LYCxe5LNjCQexmsydbxetKa1B4=
2022.5.15 06:13:48#Forward to DBBL Payment Gateway Page:/ecomm2/ClientHandler?card_type=6&trans_id=6LYCxe5LNjCQexmsydbxetKa1B4%3D
2022.5.15 06:14:16#---------------------- Complete New Transaction---------------------
2022.5.15 06:14:16#Get trans_id From Post Value:6LYCxe5LNjCQexmsydbxetKa1B4=
2022.5.15 06:14:16#clientIp:202.134.14.156
2022.5.15 06:14:16#trans_id:6LYCxe5LNjCQexmsydbxetKa1B4=
2022.5.15 06:14:18#result:RESULT>OK^RESULT_CODE>000^3DSECURE>SKIPPED^RRN>213512013040^APPROVAL_CODE>332444^CARD_NUMBER>999999*********7532^AMOUNT>192000^CARDNAME>mb account^DESCRIPTION>6MBB2107017^TRANS_DATE>2022-05-15 12:14:14 PM
2022.5.15 06:14:18#18051215061418
2022.5.15 06:14:18#=================== Transaction Completed =======================
2022.5.15 06:14:18#18051215061418
2022.5.15 06:14:18#=================== Transaction Completed =======================
2022.5.15 06:14:18#18051215061418
2022.5.15 06:14:18#=================== Transaction Completed =======================
2022.5.15 06:28:47#=================== Start New Transaction ===================
2022.5.15 06:28:47#txnrefnum:MBM2209247
2022.5.15 06:28:47#clientIp:43.224.109.202
2022.5.15 06:28:47#card type:6
2022.5.15 06:28:47#totalamount:82000
2022.5.15 06:28:51#result:TRANSACTION_ID:RkbrISHCv0HG4wPEyygBjPmjjWQ=
2022.5.15 06:28:51#Forward to DBBL Payment Gateway Page:/ecomm2/ClientHandler?card_type=6&trans_id=RkbrISHCv0HG4wPEyygBjPmjjWQ%3D
2022.5.15 06:33:06#---------------------- Complete New Transaction---------------------
2022.5.15 06:33:06#Get trans_id From Post Value:RkbrISHCv0HG4wPEyygBjPmjjWQ=
2022.5.15 06:33:06#clientIp:43.224.109.202
2022.5.15 06:33:06#trans_id:RkbrISHCv0HG4wPEyygBjPmjjWQ=
2022.5.15 06:33:08#result:RESULT>OK^RESULT_CODE>000^3DSECURE>SKIPPED^RRN>213512014303^APPROVAL_CODE>374174^CARD_NUMBER>999999*********5004^AMOUNT>82000^CARDNAME>mb account^DESCRIPTION>6MBM2209247^TRANS_DATE>2022-05-15 12:33:04 PM
2022.5.15 06:33:08#20130015063308
2022.5.15 06:33:08#=================== Transaction Completed =======================
2022.5.15 06:38:03#=================== Start New Transaction ===================
2022.5.15 06:38:03#txnrefnum:BBG2109030
2022.5.15 06:38:03#clientIp:37.111.210.140
2022.5.15 06:38:03#card type:6
2022.5.15 06:38:03#totalamount:82000
2022.5.15 06:38:07#result:TRANSACTION_ID:XNaUUW6u1SudjPCAc3hkFMBzCzU=
2022.5.15 06:38:07#Forward to DBBL Payment Gateway Page:/ecomm2/ClientHandler?card_type=6&trans_id=XNaUUW6u1SudjPCAc3hkFMBzCzU%3D
2022.5.15 06:40:22#=================== Start New Transaction ===================
2022.5.15 06:40:22#txnrefnum:BBG2109030
2022.5.15 06:40:22#clientIp:37.111.210.140
2022.5.15 06:40:22#card type:6
2022.5.15 06:40:22#totalamount:82000
2022.5.15 06:40:26#result:TRANSACTION_ID:bwWq9nIQiwPBA3AVfpfHYVtg6Lk=
2022.5.15 06:40:26#Forward to DBBL Payment Gateway Page:/ecomm2/ClientHandler?card_type=6&trans_id=bwWq9nIQiwPBA3AVfpfHYVtg6Lk%3D
2022.5.15 06:41:16#---------------------- Complete New Transaction---------------------
2022.5.15 06:41:16#Get trans_id From Post Value:bwWq9nIQiwPBA3AVfpfHYVtg6Lk=
2022.5.15 06:41:16#clientIp:37.111.210.140
2022.5.15 06:41:16#trans_id:bwWq9nIQiwPBA3AVfpfHYVtg6Lk=
2022.5.15 06:41:19#result:RESULT>OK^RESULT_CODE>000^3DSECURE>SKIPPED^RRN>213512014909^APPROVAL_CODE>436746^CARD_NUMBER>999999*********7443^AMOUNT>82000^CARDNAME>mb account^DESCRIPTION>6BBG2109030^TRANS_DATE>2022-05-15 12:41:15 PM
2022.5.15 06:41:19#27174415064119
2022.5.15 06:41:19#=================== Transaction Completed =======================
2022.5.15 07:01:43#=================== Start New Transaction ===================
2022.5.15 07:01:43#txnrefnum:MSC21111060
2022.5.15 07:01:43#clientIp:103.110.163.204
2022.5.15 07:01:43#card type:6
2022.5.15 07:01:43#totalamount:962000
2022.5.15 07:01:47#result:TRANSACTION_ID:toNdDWY2QAzfAxVXOLA8zQFdSj8=
2022.5.15 07:01:47#Forward to DBBL Payment Gateway Page:/ecomm2/ClientHandler?card_type=6&trans_id=toNdDWY2QAzfAxVXOLA8zQFdSj8%3D
2022.5.15 07:05:57#=================== Start New Transaction ===================
2022.5.15 07:05:57#txnrefnum:MSC21111060
2022.5.15 07:05:57#clientIp:103.110.163.204
2022.5.15 07:05:57#card type:6
2022.5.15 07:05:57#totalamount:642000
2022.5.15 07:06:01#result:TRANSACTION_ID:tqiPsbcZOCVF59Pmu3iQXWpnQuk=
2022.5.15 07:06:01#Forward to DBBL Payment Gateway Page:/ecomm2/ClientHandler?card_type=6&trans_id=tqiPsbcZOCVF59Pmu3iQXWpnQuk%3D
2022.5.15 07:06:24#---------------------- Complete New Transaction---------------------
2022.5.15 07:06:24#Get trans_id From Post Value:tqiPsbcZOCVF59Pmu3iQXWpnQuk=
2022.5.15 07:06:24#clientIp:103.110.163.204
2022.5.15 07:06:24#trans_id:tqiPsbcZOCVF59Pmu3iQXWpnQuk=
2022.5.15 07:06:27#result:RESULT>OK^RESULT_CODE>000^3DSECURE>SKIPPED^RRN>213513016568^APPROVAL_CODE>509919^CARD_NUMBER>999999*********8206^AMOUNT>642000^CARDNAME>mb account^DESCRIPTION>6MSC21111060^TRANS_DATE>2022-05-15 01:06:21 PM
2022.5.15 07:06:27#563815070627
2022.5.15 07:06:27#=================== Transaction Completed =======================
2022.5.15 07:06:27#563815070627
2022.5.15 07:06:27#=================== Transaction Completed =======================
2022.5.15 07:06:27#563815070627
2022.5.15 07:06:27#=================== Transaction Completed =======================
2022.5.15 07:06:27#563815070627
2022.5.15 07:06:27#=================== Transaction Completed =======================
2022.5.15 07:13:55#=================== Start New Transaction ===================
2022.5.15 07:13:55#txnrefnum:MSC21110047
2022.5.15 07:13:55#clientIp:123.253.65.224
2022.5.15 07:13:55#card type:6
2022.5.15 07:13:55#totalamount:62000
2022.5.15 07:13:59#result:TRANSACTION_ID:vqzInVgzYSAO47oUtuUWVTh5UJQ=
2022.5.15 07:13:59#Forward to DBBL Payment Gateway Page:/ecomm2/ClientHandler?card_type=6&trans_id=vqzInVgzYSAO47oUtuUWVTh5UJQ%3D
2022.5.15 07:19:57#=================== Start New Transaction ===================
2022.5.15 07:19:57#txnrefnum:MSC21110047
2022.5.15 07:19:57#clientIp:123.253.65.224
2022.5.15 07:19:57#card type:6
2022.5.15 07:19:57#totalamount:382000
2022.5.15 07:20:01#result:TRANSACTION_ID:B1T2BHqHP8b51rfZWTV09MQa2ns=
2022.5.15 07:20:01#Forward to DBBL Payment Gateway Page:/ecomm2/ClientHandler?card_type=6&trans_id=B1T2BHqHP8b51rfZWTV09MQa2ns%3D
2022.5.15 07:58:13#=================== Start New Transaction ===================
2022.5.15 07:58:13#txnrefnum:BBG2103038
2022.5.15 07:58:13#clientIp:103.166.89.135
2022.5.15 07:58:13#card type:6
2022.5.15 07:58:13#totalamount:242000
2022.5.15 07:58:16#result:TRANSACTION_ID:5A573tlEovPnVfeGPaydGif4cZc=
2022.5.15 07:58:17#Forward to DBBL Payment Gateway Page:/ecomm2/ClientHandler?card_type=6&trans_id=5A573tlEovPnVfeGPaydGif4cZc%3D
2022.5.15 07:58:53#---------------------- Complete New Transaction---------------------
2022.5.15 07:58:53#Get trans_id From Post Value:5A573tlEovPnVfeGPaydGif4cZc=
2022.5.15 07:58:53#clientIp:103.166.89.135
2022.5.15 07:58:53#trans_id:5A573tlEovPnVfeGPaydGif4cZc=
2022.5.15 07:58:55#result:RESULT>OK^RESULT_CODE>000^3DSECURE>SKIPPED^RRN>213513020218^APPROVAL_CODE>666767^CARD_NUMBER>999999*********1332^AMOUNT>242000^CARDNAME>mb account^DESCRIPTION>6BBG2103038^TRANS_DATE>2022-05-15 01:58:52 PM
2022.5.15 07:58:55#23451915075855
2022.5.15 07:58:55#=================== Transaction Completed =======================
2022.5.15 07:58:55#23451915075855
2022.5.15 07:58:55#=================== Transaction Completed =======================
2022.5.15 07:58:55#23451915075855
2022.5.15 07:58:55#=================== Transaction Completed =======================
2022.5.15 08:12:25#---------------------- Complete New Transaction---------------------
2022.5.15 08:12:25#Get trans_id From Post Value:D82mf4cQZeIQqjSuqpxCPDaAxlk=
2022.5.15 08:12:25#clientIp:103.177.242.4
2022.5.15 08:12:25#trans_id:D82mf4cQZeIQqjSuqpxCPDaAxlk=
2022.5.15 08:12:27#result:RESULT>TIMEOUT^RESULT_CODE>999^3DSECURE>0^RRN>0^APPROVAL_CODE>0^CARD_NUMBER>0^AMOUNT>1482000^CARDNAME>0^DESCRIPTION>6MBD2007418^TRANS_DATE>2022-05-15 02:12:22 PM
2022.5.15 08:12:27#Failed
2022.5.15 08:49:48#=================== Start New Transaction ===================
2022.5.15 08:49:48#txnrefnum:MBG2101014
2022.5.15 08:49:48#clientIp:103.29.124.3
2022.5.15 08:49:48#card type:6
2022.5.15 08:49:48#totalamount:162000
2022.5.15 08:49:52#result:TRANSACTION_ID:uiZLxY8ScUDoFDV2vtfjS9sH5k8=
2022.5.15 08:49:52#Forward to DBBL Payment Gateway Page:/ecomm2/ClientHandler?card_type=6&trans_id=uiZLxY8ScUDoFDV2vtfjS9sH5k8%3D
2022.5.15 09:48:16#=================== Start New Transaction ===================
2022.5.15 09:48:16#txnrefnum:MBD2207028
2022.5.15 09:48:16#clientIp:103.149.147.134
2022.5.15 09:48:16#card type:6
2022.5.15 09:48:16#totalamount:162000
2022.5.15 09:48:20#result:TRANSACTION_ID:7czkgniD7MtbypCPnwk8L92F9O0=
2022.5.15 09:48:20#Forward to DBBL Payment Gateway Page:/ecomm2/ClientHandler?card_type=6&trans_id=7czkgniD7MtbypCPnwk8L92F9O0%3D
2022.5.15 09:51:25#=================== Start New Transaction ===================
2022.5.15 09:51:25#txnrefnum:MBD2207028
2022.5.15 09:51:25#clientIp:103.149.147.134
2022.5.15 09:51:25#card type:6
2022.5.15 09:51:25#totalamount:242000
2022.5.15 09:51:29#result:TRANSACTION_ID:JMjaUNjiCiZGunwGPkkBXQTO9G8=
2022.5.15 09:51:29#Forward to DBBL Payment Gateway Page:/ecomm2/ClientHandler?card_type=6&trans_id=JMjaUNjiCiZGunwGPkkBXQTO9G8%3D
2022.5.15 09:52:30#---------------------- Complete New Transaction---------------------
2022.5.15 09:52:30#Get trans_id From Post Value:JMjaUNjiCiZGunwGPkkBXQTO9G8=
2022.5.15 09:52:30#clientIp:103.149.147.134
2022.5.15 09:52:30#trans_id:JMjaUNjiCiZGunwGPkkBXQTO9G8=
2022.5.15 09:52:32#result:RESULT>FAILED^RESULT_CODE>116^3DSECURE>SKIPPED^RRN>213515026873^APPROVAL_CODE>0^CARD_NUMBER>999999*********3506^AMOUNT>242000^CARDNAME>mb account^DESCRIPTION>6MBD2207028^TRANS_DATE>2022-05-15 03:52:28 PM
2022.5.15 09:52:32#Not Sufficient Amount
2022.5.15 10:32:25#=================== Start New Transaction ===================
2022.5.15 10:32:25#txnrefnum:MBD2009404
2022.5.15 10:32:25#clientIp:103.110.163.204
2022.5.15 10:32:25#card type:6
2022.5.15 10:32:25#totalamount:1169000
2022.5.15 10:32:29#result:TRANSACTION_ID:NUXHaNLRKiNSS4li5GEZ9sHmmuQ=
2022.5.15 10:32:29#Forward to DBBL Payment Gateway Page:/ecomm2/ClientHandler?card_type=6&trans_id=NUXHaNLRKiNSS4li5GEZ9sHmmuQ%3D
2022.5.15 10:34:31#=================== Start New Transaction ===================
2022.5.15 10:34:31#txnrefnum:MBD2009404
2022.5.15 10:34:31#clientIp:103.110.163.204
2022.5.15 10:34:31#card type:6
2022.5.15 10:34:31#totalamount:1169000
2022.5.15 10:34:35#result:TRANSACTION_ID:8ifBMAQuibCbMoLM33TyOscGPwM=
2022.5.15 10:34:35#Forward to DBBL Payment Gateway Page:/ecomm2/ClientHandler?card_type=6&trans_id=8ifBMAQuibCbMoLM33TyOscGPwM%3D
2022.5.15 10:34:42#=================== Start New Transaction ===================
2022.5.15 10:34:42#txnrefnum:MBD2009404
2022.5.15 10:34:42#clientIp:103.110.163.204
2022.5.15 10:34:42#card type:6
2022.5.15 10:34:42#totalamount:1169000
2022.5.15 10:34:45#result:TRANSACTION_ID:HGTp0srq7qerSesIziYGY5n0Ons=
2022.5.15 10:34:45#Forward to DBBL Payment Gateway Page:/ecomm2/ClientHandler?card_type=6&trans_id=HGTp0srq7qerSesIziYGY5n0Ons%3D
2022.5.15 10:36:25#=================== Start New Transaction ===================
2022.5.15 10:36:25#txnrefnum:MEG2103006
2022.5.15 10:36:25#clientIp:114.130.156.68
2022.5.15 10:36:25#card type:6
2022.5.15 10:36:25#totalamount:222000
2022.5.15 10:36:29#result:TRANSACTION_ID:uQvucrRgP11mqbPahFkMVgFxlsg=
2022.5.15 10:36:29#Forward to DBBL Payment Gateway Page:/ecomm2/ClientHandler?card_type=6&trans_id=uQvucrRgP11mqbPahFkMVgFxlsg%3D
2022.5.15 11:44:44#=================== Start New Transaction ===================
2022.5.15 11:44:44#txnrefnum:MBD2006237
2022.5.15 11:44:44#clientIp:103.146.68.23
2022.5.15 11:44:44#card type:6
2022.5.15 11:44:44#totalamount:272000
2022.5.15 11:44:48#result:TRANSACTION_ID:m5qOPPtWO3L3qy1PCTtZAchAOxs=
2022.5.15 11:44:49#Forward to DBBL Payment Gateway Page:/ecomm2/ClientHandler?card_type=6&trans_id=m5qOPPtWO3L3qy1PCTtZAchAOxs%3D
2022.5.15 11:44:49#=================== Start New Transaction ===================
2022.5.15 11:44:49#txnrefnum:MBD2006237
2022.5.15 11:44:49#clientIp:103.146.68.23
2022.5.15 11:44:49#card type:6
2022.5.15 11:44:49#totalamount:272000
2022.5.15 11:44:53#result:TRANSACTION_ID:yv20n5knB0x57eYWEVuEhk65uHU=
2022.5.15 11:44:53#Forward to DBBL Payment Gateway Page:/ecomm2/ClientHandler?card_type=6&trans_id=yv20n5knB0x57eYWEVuEhk65uHU%3D
2022.5.15 12:15:07#=================== Start New Transaction ===================
2022.5.15 12:15:07#txnrefnum:MBD2009320
2022.5.15 12:15:07#clientIp:103.110.163.224
2022.5.15 12:15:07#card type:6
2022.5.15 12:15:07#totalamount:381000
2022.5.15 12:15:11#result:TRANSACTION_ID:HdAml50pMPYeu2XMmrPBPvT8BBM=
2022.5.15 12:15:11#Forward to DBBL Payment Gateway Page:/ecomm2/ClientHandler?card_type=6&trans_id=HdAml50pMPYeu2XMmrPBPvT8BBM%3D
2022.5.15 12:16:48#---------------------- Complete New Transaction---------------------
2022.5.15 12:16:48#Get trans_id From Post Value:HdAml50pMPYeu2XMmrPBPvT8BBM=
2022.5.15 12:16:48#clientIp:103.110.163.224
2022.5.15 12:16:48#trans_id:HdAml50pMPYeu2XMmrPBPvT8BBM=
2022.5.15 12:16:51#result:RESULT>OK^RESULT_CODE>000^3DSECURE>SKIPPED^RRN>213518035158^APPROVAL_CODE>315099^CARD_NUMBER>999999*********3111^AMOUNT>381000^CARDNAME>mb account^DESCRIPTION>6MBD2009320^TRANS_DATE>2022-05-15 06:16:47 PM
2022.5.15 12:16:51#78715121651
2022.5.15 12:16:51#=================== Transaction Completed =======================
2022.5.15 12:20:35#=================== Start New Transaction ===================
2022.5.15 12:20:35#txnrefnum:MBD2008014
2022.5.15 12:20:35#clientIp:103.176.237.30
2022.5.15 12:20:35#card type:6
2022.5.15 12:20:35#totalamount:722000
2022.5.15 12:20:39#result:TRANSACTION_ID:ZVv7SLqvTPhwQRR8y3mxVLbG5e8=
2022.5.15 12:20:39#Forward to DBBL Payment Gateway Page:/ecomm2/ClientHandler?card_type=6&trans_id=ZVv7SLqvTPhwQRR8y3mxVLbG5e8%3D
2022.5.15 12:22:22#=================== Start New Transaction ===================
2022.5.15 12:22:22#txnrefnum:MBD2008014
2022.5.15 12:22:22#clientIp:103.176.237.30
2022.5.15 12:22:22#card type:6
2022.5.15 12:22:22#totalamount:802000
2022.5.15 12:22:26#result:TRANSACTION_ID:1UqcdEAGESZ02hOmNfgl61CCDx0=
2022.5.15 12:22:26#Forward to DBBL Payment Gateway Page:/ecomm2/ClientHandler?card_type=6&trans_id=1UqcdEAGESZ02hOmNfgl61CCDx0%3D
2022.5.15 12:22:34#=================== Start New Transaction ===================
2022.5.15 12:22:34#txnrefnum:MBM2006287
2022.5.15 12:22:34#clientIp:43.224.109.207
2022.5.15 12:22:34#card type:6
2022.5.15 12:22:34#totalamount:1152000
2022.5.15 12:22:38#result:TRANSACTION_ID:bKNRAwMOrPEUiuhUOruFvkcn4AM=
2022.5.15 12:22:38#Forward to DBBL Payment Gateway Page:/ecomm2/ClientHandler?card_type=6&trans_id=bKNRAwMOrPEUiuhUOruFvkcn4AM%3D
2022.5.15 12:25:53#=================== Start New Transaction ===================
2022.5.15 12:25:53#txnrefnum:MBM2006287
2022.5.15 12:25:53#clientIp:43.224.109.207
2022.5.15 12:25:53#card type:6
2022.5.15 12:25:53#totalamount:1152000
2022.5.15 12:25:56#result:TRANSACTION_ID:w3BRDSWmvOGFA4SwLHPT4C2iOvw=
2022.5.15 12:25:57#Forward to DBBL Payment Gateway Page:/ecomm2/ClientHandler?card_type=6&trans_id=w3BRDSWmvOGFA4SwLHPT4C2iOvw%3D
2022.5.15 12:26:58#=================== Start New Transaction ===================
2022.5.15 12:26:58#txnrefnum:MBG2103041
2022.5.15 12:26:58#clientIp:103.146.151.172
2022.5.15 12:26:58#card type:6
2022.5.15 12:26:58#totalamount:882000
2022.5.15 12:27:01#result:TRANSACTION_ID:R6PpledI9SbLADMBSLlwP25MXeY=
2022.5.15 12:27:02#Forward to DBBL Payment Gateway Page:/ecomm2/ClientHandler?card_type=6&trans_id=R6PpledI9SbLADMBSLlwP25MXeY%3D
2022.5.15 12:29:55#=================== Start New Transaction ===================
2022.5.15 12:29:55#txnrefnum:MBM2006287
2022.5.15 12:29:55#clientIp:43.224.109.207
2022.5.15 12:29:55#card type:6
2022.5.15 12:29:55#totalamount:1152000
2022.5.15 12:29:59#result:TRANSACTION_ID:gKct4ctXaDgJKMp5m2ady1IpjnI=
2022.5.15 12:29:59#Forward to DBBL Payment Gateway Page:/ecomm2/ClientHandler?card_type=6&trans_id=gKct4ctXaDgJKMp5m2ady1IpjnI%3D
2022.5.15 12:34:40#=================== Start New Transaction ===================
2022.5.15 12:34:40#txnrefnum:MBD2004137
2022.5.15 12:34:40#clientIp:103.146.151.172
2022.5.15 12:34:40#card type:6
2022.5.15 12:34:40#totalamount:722000
2022.5.15 12:34:44#result:TRANSACTION_ID:09ukactcHxZMqYlgpQS8cMxIRaM=
2022.5.15 12:34:44#Forward to DBBL Payment Gateway Page:/ecomm2/ClientHandler?card_type=6&trans_id=09ukactcHxZMqYlgpQS8cMxIRaM%3D
2022.5.15 13:01:22#=================== Start New Transaction ===================
2022.5.15 13:01:22#txnrefnum:MSC22111305
2022.5.15 13:01:22#clientIp:43.243.133.197
2022.5.15 13:01:22#card type:6
2022.5.15 13:01:22#totalamount:482000
2022.5.15 13:01:26#result:TRANSACTION_ID:1QRON82KXsNe2IDgWWiVj1lFa60=
2022.5.15 13:01:26#Forward to DBBL Payment Gateway Page:/ecomm2/ClientHandler?card_type=6&trans_id=1QRON82KXsNe2IDgWWiVj1lFa60%3D
2022.5.15 13:23:52#=================== Start New Transaction ===================
2022.5.15 13:23:52#txnrefnum:MSC22111044
2022.5.15 13:23:52#clientIp:103.166.89.61
2022.5.15 13:23:52#card type:6
2022.5.15 13:23:52#totalamount:162000
2022.5.15 13:23:55#result:TRANSACTION_ID:mFOKjhkpIyTzEXCzLMmbBFKkfVs=
2022.5.15 13:23:55#Forward to DBBL Payment Gateway Page:/ecomm2/ClientHandler?card_type=6&trans_id=mFOKjhkpIyTzEXCzLMmbBFKkfVs%3D
2022.5.15 13:36:06#---------------------- Complete New Transaction---------------------
2022.5.15 13:36:06#Get trans_id From Post Value:mFOKjhkpIyTzEXCzLMmbBFKkfVs=
2022.5.15 13:36:06#clientIp:103.166.89.61
2022.5.15 13:36:06#trans_id:mFOKjhkpIyTzEXCzLMmbBFKkfVs=
2022.5.15 13:36:08#result:RESULT>TIMEOUT^RESULT_CODE>999^3DSECURE>0^RRN>0^APPROVAL_CODE>0^CARD_NUMBER>0^AMOUNT>162000^CARDNAME>0^DESCRIPTION>6MSC22111044^TRANS_DATE>2022-05-15 07:36:05 PM
2022.5.15 13:36:08#Failed
2022.5.15 13:36:26#=================== Start New Transaction ===================
2022.5.15 13:36:26#txnrefnum:MSC22111044
2022.5.15 13:36:26#clientIp:103.166.89.61
2022.5.15 13:36:26#card type:6
2022.5.15 13:36:26#totalamount:162000
2022.5.15 13:36:30#result:TRANSACTION_ID:QztRMGmqFOMjrnhlBO1GV2cXgZo=
2022.5.15 13:36:30#Forward to DBBL Payment Gateway Page:/ecomm2/ClientHandler?card_type=6&trans_id=QztRMGmqFOMjrnhlBO1GV2cXgZo%3D
2022.5.15 13:37:07#---------------------- Complete New Transaction---------------------
2022.5.15 13:37:07#Get trans_id From Post Value:QztRMGmqFOMjrnhlBO1GV2cXgZo=
2022.5.15 13:37:07#clientIp:103.166.89.60
2022.5.15 13:37:07#trans_id:QztRMGmqFOMjrnhlBO1GV2cXgZo=
2022.5.15 13:37:09#result:RESULT>OK^RESULT_CODE>000^3DSECURE>SKIPPED^RRN>213519040063^APPROVAL_CODE>586653^CARD_NUMBER>999999*********2423^AMOUNT>162000^CARDNAME>mb account^DESCRIPTION>6MSC22111044^TRANS_DATE>2022-05-15 07:37:06 PM
2022.5.15 13:37:09#285015013709
2022.5.15 13:37:09#=================== Transaction Completed =======================
2022.5.15 13:37:55#=================== Start New Transaction ===================
2022.5.15 13:37:55#txnrefnum:MSC22111044
2022.5.15 13:37:55#clientIp:103.166.89.63
2022.5.15 13:37:55#card type:6
2022.5.15 13:37:55#totalamount:162000
2022.5.15 13:37:59#result:TRANSACTION_ID:vHtgcerNEuyLJqN1JtmE8YYkmSI=
2022.5.15 13:37:59#Forward to DBBL Payment Gateway Page:/ecomm2/ClientHandler?card_type=6&trans_id=vHtgcerNEuyLJqN1JtmE8YYkmSI%3D
2022.5.15 13:38:26#=================== Start New Transaction ===================
2022.5.15 13:38:26#txnrefnum:MBD2006165
2022.5.15 13:38:26#clientIp:123.253.65.108
2022.5.15 13:38:26#card type:6
2022.5.15 13:38:26#totalamount:322000
2022.5.15 13:38:30#result:TRANSACTION_ID:E4h9XPpL07ha7nmq5lPHIW6QpfM=
2022.5.15 13:38:30#Forward to DBBL Payment Gateway Page:/ecomm2/ClientHandler?card_type=6&trans_id=E4h9XPpL07ha7nmq5lPHIW6QpfM%3D
2022.5.15 13:38:32#---------------------- Complete New Transaction---------------------
2022.5.15 13:38:32#Get trans_id From Post Value:vHtgcerNEuyLJqN1JtmE8YYkmSI=
2022.5.15 13:38:32#clientIp:103.166.89.61
2022.5.15 13:38:32#trans_id:vHtgcerNEuyLJqN1JtmE8YYkmSI=
2022.5.15 13:38:35#result:RESULT>OK^RESULT_CODE>000^3DSECURE>SKIPPED^RRN>213519040146^APPROVAL_CODE>529860^CARD_NUMBER>999999*********2423^AMOUNT>162000^CARDNAME>mb account^DESCRIPTION>6MSC22111044^TRANS_DATE>2022-05-15 07:38:31 PM
2022.5.15 13:38:35#285115013835
2022.5.15 13:38:35#=================== Transaction Completed =======================
2022.5.15 13:39:30#=================== Start New Transaction ===================
2022.5.15 13:39:30#txnrefnum:MBD2006165
2022.5.15 13:39:30#clientIp:123.253.65.108
2022.5.15 13:39:30#card type:6
2022.5.15 13:39:30#totalamount:322000
2022.5.15 13:39:34#result:TRANSACTION_ID:8kLw71vM4nepgzYqMZZn4b3ePHw=
2022.5.15 13:39:35#Forward to DBBL Payment Gateway Page:/ecomm2/ClientHandler?card_type=6&trans_id=8kLw71vM4nepgzYqMZZn4b3ePHw%3D
2022.5.15 13:41:20#=================== Start New Transaction ===================
2022.5.15 13:41:20#txnrefnum:MBM2006022
2022.5.15 13:41:20#clientIp:114.130.156.161
2022.5.15 13:41:20#card type:6
2022.5.15 13:41:20#totalamount:82000
2022.5.15 13:41:24#result:TRANSACTION_ID:Smj5H3SDTisUXXoBn7XoJxZp9Ls=
2022.5.15 13:41:24#Forward to DBBL Payment Gateway Page:/ecomm2/ClientHandler?card_type=6&trans_id=Smj5H3SDTisUXXoBn7XoJxZp9Ls%3D
2022.5.15 13:41:48#=================== Start New Transaction ===================
2022.5.15 13:41:48#txnrefnum:MBG2101014
2022.5.15 13:41:48#clientIp:103.29.124.3
2022.5.15 13:41:48#card type:6
2022.5.15 13:41:48#totalamount:162000
2022.5.15 13:41:52#result:TRANSACTION_ID:WQxG19nTKEEPdVaDJBeIdv97t9o=
2022.5.15 13:41:52#Forward to DBBL Payment Gateway Page:/ecomm2/ClientHandler?card_type=6&trans_id=WQxG19nTKEEPdVaDJBeIdv97t9o%3D
2022.5.15 13:44:58#=================== Start New Transaction ===================
2022.5.15 13:44:58#txnrefnum:MBD2006165
2022.5.15 13:44:58#clientIp:43.224.109.75
2022.5.15 13:44:58#card type:6
2022.5.15 13:44:58#totalamount:322000
2022.5.15 13:45:02#result:TRANSACTION_ID:FOiT5EYMCaR8uzmYMx2NeEt8Y9s=
2022.5.15 13:45:02#Forward to DBBL Payment Gateway Page:/ecomm2/ClientHandler?card_type=6&trans_id=FOiT5EYMCaR8uzmYMx2NeEt8Y9s%3D
2022.5.15 13:45:51#---------------------- Complete New Transaction---------------------
2022.5.15 13:45:51#Get trans_id From Post Value:FOiT5EYMCaR8uzmYMx2NeEt8Y9s=
2022.5.15 13:45:51#clientIp:43.224.109.75
2022.5.15 13:45:51#trans_id:FOiT5EYMCaR8uzmYMx2NeEt8Y9s=
2022.5.15 13:45:53#result:RESULT>OK^RESULT_CODE>000^3DSECURE>SKIPPED^RRN>213519040633^APPROVAL_CODE>652406^CARD_NUMBER>999999*********5905^AMOUNT>322000^CARDNAME>mb account^DESCRIPTION>6MBD2006165^TRANS_DATE>2022-05-15 07:45:50 PM
2022.5.15 13:45:53#18102615014553
2022.5.15 13:45:53#=================== Transaction Completed =======================
2022.5.15 13:45:53#18102615014553
2022.5.15 13:45:53#=================== Transaction Completed =======================
2022.5.15 13:45:53#18102615014553
2022.5.15 13:45:53#=================== Transaction Completed =======================
2022.5.15 13:45:53#18102615014553
2022.5.15 13:45:53#=================== Transaction Completed =======================
2022.5.15 13:46:36#=================== Start New Transaction ===================
2022.5.15 13:46:36#txnrefnum:BBD2006016
2022.5.15 13:46:36#clientIp:103.58.74.136
2022.5.15 13:46:36#card type:6
2022.5.15 13:46:36#totalamount:162000
2022.5.15 13:46:40#result:TRANSACTION_ID:Ms7FRAbPivltgJ4BYITIDU57mD0=
2022.5.15 13:46:40#Forward to DBBL Payment Gateway Page:/ecomm2/ClientHandler?card_type=6&trans_id=Ms7FRAbPivltgJ4BYITIDU57mD0%3D
2022.5.15 13:46:44#=================== Start New Transaction ===================
2022.5.15 13:46:44#txnrefnum:BBD2006016
2022.5.15 13:46:44#clientIp:103.58.74.136
2022.5.15 13:46:44#card type:6
2022.5.15 13:46:44#totalamount:162000
2022.5.15 13:46:48#result:TRANSACTION_ID:QWbIO8fvv5zowHoa6wiexFf97Mc=
2022.5.15 13:46:48#Forward to DBBL Payment Gateway Page:/ecomm2/ClientHandler?card_type=6&trans_id=QWbIO8fvv5zowHoa6wiexFf97Mc%3D
2022.5.15 13:47:22#---------------------- Complete New Transaction---------------------
2022.5.15 13:47:22#Get trans_id From Post Value:QWbIO8fvv5zowHoa6wiexFf97Mc=
2022.5.15 13:47:22#clientIp:103.58.74.136
2022.5.15 13:47:22#trans_id:QWbIO8fvv5zowHoa6wiexFf97Mc=
2022.5.15 13:47:24#result:RESULT>OK^RESULT_CODE>000^3DSECURE>SKIPPED^RRN>213519040749^APPROVAL_CODE>655347^CARD_NUMBER>999999*********0605^AMOUNT>162000^CARDNAME>mb account^DESCRIPTION>6BBD2006016^TRANS_DATE>2022-05-15 07:47:21 PM
2022.5.15 13:47:24#25406715014724
2022.5.15 13:47:24#=================== Transaction Completed =======================
2022.5.15 13:47:24#25406715014724
2022.5.15 13:47:24#=================== Transaction Completed =======================
2022.5.15 13:54:42#=================== Start New Transaction ===================
2022.5.15 13:54:42#txnrefnum:BBM2003138
2022.5.15 13:54:42#clientIp:37.111.213.210
2022.5.15 13:54:42#card type:6
2022.5.15 13:54:42#totalamount:82000
2022.5.15 13:54:46#=================== Start New Transaction ===================
2022.5.15 13:54:46#txnrefnum:BBM2003138
2022.5.15 13:54:46#clientIp:37.111.213.210
2022.5.15 13:54:46#card type:6
2022.5.15 13:54:46#totalamount:82000
2022.5.15 13:54:46#result:TRANSACTION_ID:ixOISkuQlsW3b6qokWOB6q4IbjE=
2022.5.15 13:54:46#Forward to DBBL Payment Gateway Page:/ecomm2/ClientHandler?card_type=6&trans_id=ixOISkuQlsW3b6qokWOB6q4IbjE%3D
2022.5.15 13:54:51#result:TRANSACTION_ID:aLBSpGxkDSObw2UUXtgpyPGlaQ0=
2022.5.15 13:54:51#Forward to DBBL Payment Gateway Page:/ecomm2/ClientHandler?card_type=6&trans_id=aLBSpGxkDSObw2UUXtgpyPGlaQ0%3D
2022.5.15 13:58:18#=================== Start New Transaction ===================
2022.5.15 13:58:18#txnrefnum:MBM2002012
2022.5.15 13:58:18#clientIp:202.144.203.11
2022.5.15 13:58:18#card type:6
2022.5.15 13:58:18#totalamount:162000
2022.5.15 13:58:22#result:TRANSACTION_ID:JcGYaYcJFrYCTwnZvEwUSMDIRBc=
2022.5.15 13:58:22#Forward to DBBL Payment Gateway Page:/ecomm2/ClientHandler?card_type=6&trans_id=JcGYaYcJFrYCTwnZvEwUSMDIRBc%3D
2022.5.15 14:02:31#=================== Start New Transaction ===================
2022.5.15 14:02:31#txnrefnum:MBM2002012
2022.5.15 14:02:31#clientIp:202.144.203.11
2022.5.15 14:02:31#card type:6
2022.5.15 14:02:31#totalamount:162000
2022.5.15 14:02:35#result:TRANSACTION_ID:ZSIGTYjQ30aCKiBhrCaWSwOsMIw=
2022.5.15 14:02:35#Forward to DBBL Payment Gateway Page:/ecomm2/ClientHandler?card_type=6&trans_id=ZSIGTYjQ30aCKiBhrCaWSwOsMIw%3D
2022.5.15 14:06:35#=================== Start New Transaction ===================
2022.5.15 14:06:35#txnrefnum:BBM2003138
2022.5.15 14:06:35#clientIp:103.58.74.136
2022.5.15 14:06:35#card type:6
2022.5.15 14:06:35#totalamount:82000
2022.5.15 14:06:39#result:TRANSACTION_ID:Mled5EtUx6OSG4HdTfSfPp2YD7M=
2022.5.15 14:06:39#Forward to DBBL Payment Gateway Page:/ecomm2/ClientHandler?card_type=6&trans_id=Mled5EtUx6OSG4HdTfSfPp2YD7M%3D
2022.5.15 14:07:19#---------------------- Complete New Transaction---------------------
2022.5.15 14:07:19#Get trans_id From Post Value:Mled5EtUx6OSG4HdTfSfPp2YD7M=
2022.5.15 14:07:19#clientIp:103.58.74.136
2022.5.15 14:07:19#trans_id:Mled5EtUx6OSG4HdTfSfPp2YD7M=
2022.5.15 14:07:21#result:RESULT>OK^RESULT_CODE>000^3DSECURE>SKIPPED^RRN>213520042130^APPROVAL_CODE>711395^CARD_NUMBER>999999*********8573^AMOUNT>82000^CARDNAME>mb account^DESCRIPTION>6BBM2003138^TRANS_DATE>2022-05-15 08:07:19 PM
2022.5.15 14:07:21#23932015020721
2022.5.15 14:07:21#=================== Transaction Completed =======================
2022.5.15 14:08:36#=================== Start New Transaction ===================
2022.5.15 14:08:36#txnrefnum:BBM2003138
2022.5.15 14:08:36#clientIp:103.58.74.136
2022.5.15 14:08:36#card type:6
2022.5.15 14:08:36#totalamount:82000
2022.5.15 14:08:40#result:TRANSACTION_ID:nsmsdYqewkHIZXMcrRYgaiqjPuU=
2022.5.15 14:08:40#Forward to DBBL Payment Gateway Page:/ecomm2/ClientHandler?card_type=6&trans_id=nsmsdYqewkHIZXMcrRYgaiqjPuU%3D
2022.5.15 14:09:26#---------------------- Complete New Transaction---------------------
2022.5.15 14:09:26#Get trans_id From Post Value:nsmsdYqewkHIZXMcrRYgaiqjPuU=
2022.5.15 14:09:26#clientIp:103.58.74.136
2022.5.15 14:09:26#trans_id:nsmsdYqewkHIZXMcrRYgaiqjPuU=
2022.5.15 14:09:28#result:RESULT>OK^RESULT_CODE>000^3DSECURE>SKIPPED^RRN>213520042256^APPROVAL_CODE>697781^CARD_NUMBER>999999*********8573^AMOUNT>82000^CARDNAME>mb account^DESCRIPTION>6BBM2003138^TRANS_DATE>2022-05-15 08:09:25 PM
2022.5.15 14:09:28#23932115020928
2022.5.15 14:09:28#=================== Transaction Completed =======================
2022.5.15 14:11:02#=================== Start New Transaction ===================
2022.5.15 14:11:02#txnrefnum:MBG2101014
2022.5.15 14:11:02#clientIp:103.29.124.3
2022.5.15 14:11:02#card type:6
2022.5.15 14:11:02#totalamount:162000
2022.5.15 14:11:05#result:TRANSACTION_ID:sShj8VMsQuu4OkKsxSDnbvEuoKw=
2022.5.15 14:11:06#Forward to DBBL Payment Gateway Page:/ecomm2/ClientHandler?card_type=6&trans_id=sShj8VMsQuu4OkKsxSDnbvEuoKw%3D
2022.5.15 14:11:13#=================== Start New Transaction ===================
2022.5.15 14:11:13#txnrefnum:BBM2003138
2022.5.15 14:11:13#clientIp:103.58.74.136
2022.5.15 14:11:13#card type:6
2022.5.15 14:11:13#totalamount:82000
2022.5.15 14:11:16#result:TRANSACTION_ID:TGCaCfMvDW1wkgJ1rK2UbtfPIPc=
2022.5.15 14:11:16#Forward to DBBL Payment Gateway Page:/ecomm2/ClientHandler?card_type=6&trans_id=TGCaCfMvDW1wkgJ1rK2UbtfPIPc%3D
2022.5.15 14:12:07#---------------------- Complete New Transaction---------------------
2022.5.15 14:12:07#Get trans_id From Post Value:TGCaCfMvDW1wkgJ1rK2UbtfPIPc=
2022.5.15 14:12:07#clientIp:103.58.74.136
2022.5.15 14:12:07#trans_id:TGCaCfMvDW1wkgJ1rK2UbtfPIPc=
2022.5.15 14:12:09#result:RESULT>OK^RESULT_CODE>000^3DSECURE>SKIPPED^RRN>213520042406^APPROVAL_CODE>800403^CARD_NUMBER>999999*********8573^AMOUNT>82000^CARDNAME>mb account^DESCRIPTION>6BBM2003138^TRANS_DATE>2022-05-15 08:12:05 PM
2022.5.15 14:12:09#23932215021209
2022.5.15 14:12:09#=================== Transaction Completed =======================
2022.5.15 14:12:25#---------------------- Complete New Transaction---------------------
2022.5.15 14:12:25#Get trans_id From Post Value:sShj8VMsQuu4OkKsxSDnbvEuoKw=
2022.5.15 14:12:25#clientIp:103.29.124.3
2022.5.15 14:12:25#trans_id:sShj8VMsQuu4OkKsxSDnbvEuoKw=
2022.5.15 14:12:28#result:RESULT>OK^RESULT_CODE>000^3DSECURE>SKIPPED^RRN>213520042421^APPROVAL_CODE>717638^CARD_NUMBER>999999*********5558^AMOUNT>162000^CARDNAME>mb account^DESCRIPTION>6MBG2101014^TRANS_DATE>2022-05-15 08:12:24 PM
2022.5.15 14:12:28#8259515021228
2022.5.15 14:12:28#=================== Transaction Completed =======================
2022.5.15 14:12:28#8259515021228
2022.5.15 14:12:28#=================== Transaction Completed =======================
2022.5.15 14:13:28#=================== Start New Transaction ===================
2022.5.15 14:13:28#txnrefnum:BBM2003138
2022.5.15 14:13:28#clientIp:103.58.74.136
2022.5.15 14:13:28#card type:6
2022.5.15 14:13:28#totalamount:82000
2022.5.15 14:13:32#result:TRANSACTION_ID:121XaZt7GGJGVXIlDOnCuxmUx2w=
2022.5.15 14:13:32#Forward to DBBL Payment Gateway Page:/ecomm2/ClientHandler?card_type=6&trans_id=121XaZt7GGJGVXIlDOnCuxmUx2w%3D
2022.5.15 14:14:04#---------------------- Complete New Transaction---------------------
2022.5.15 14:14:04#Get trans_id From Post Value:121XaZt7GGJGVXIlDOnCuxmUx2w=
2022.5.15 14:14:04#clientIp:103.58.74.136
2022.5.15 14:14:04#trans_id:121XaZt7GGJGVXIlDOnCuxmUx2w=
2022.5.15 14:14:06#result:RESULT>OK^RESULT_CODE>000^3DSECURE>SKIPPED^RRN>213520042552^APPROVAL_CODE>757060^CARD_NUMBER>999999*********8573^AMOUNT>82000^CARDNAME>mb account^DESCRIPTION>6BBM2003138^TRANS_DATE>2022-05-15 08:14:04 PM
2022.5.15 14:14:06#23932315021406
2022.5.15 14:14:06#=================== Transaction Completed =======================
2022.5.15 14:15:31#=================== Start New Transaction ===================
2022.5.15 14:15:31#txnrefnum:BBD2007159
2022.5.15 14:15:31#clientIp:157.119.238.10
2022.5.15 14:15:31#card type:6
2022.5.15 14:15:31#totalamount:162000
2022.5.15 14:15:35#result:TRANSACTION_ID:EH7GJh9YGWFARNXBnicPl3AJ1KE=
2022.5.15 14:15:35#Forward to DBBL Payment Gateway Page:/ecomm2/ClientHandler?card_type=6&trans_id=EH7GJh9YGWFARNXBnicPl3AJ1KE%3D
2022.5.15 14:16:59#=================== Start New Transaction ===================
2022.5.15 14:16:59#txnrefnum:MBD2002253
2022.5.15 14:16:59#clientIp:45.115.114.70
2022.5.15 14:16:59#card type:6
2022.5.15 14:16:59#totalamount:242000
2022.5.15 14:17:03#result:TRANSACTION_ID:C4b71xTqlXBYbeGwJcQ4ingT6Nc=
2022.5.15 14:17:03#Forward to DBBL Payment Gateway Page:/ecomm2/ClientHandler?card_type=6&trans_id=C4b71xTqlXBYbeGwJcQ4ingT6Nc%3D
2022.5.15 14:17:29#---------------------- Complete New Transaction---------------------
2022.5.15 14:17:29#Get trans_id From Post Value:EH7GJh9YGWFARNXBnicPl3AJ1KE=
2022.5.15 14:17:29#clientIp:157.119.238.10
2022.5.15 14:17:29#trans_id:EH7GJh9YGWFARNXBnicPl3AJ1KE=
2022.5.15 14:17:31#result:RESULT>OK^RESULT_CODE>000^3DSECURE>SKIPPED^RRN>213520042765^APPROVAL_CODE>807197^CARD_NUMBER>999999*********3511^AMOUNT>162000^CARDNAME>mb account^DESCRIPTION>6BBD2007159^TRANS_DATE>2022-05-15 08:17:28 PM
2022.5.15 14:17:31#26047515021731
2022.5.15 14:17:31#=================== Transaction Completed =======================
2022.5.15 14:17:31#26047515021731
2022.5.15 14:17:31#=================== Transaction Completed =======================
2022.5.15 14:19:06#---------------------- Complete New Transaction---------------------
2022.5.15 14:19:06#Get trans_id From Post Value:C4b71xTqlXBYbeGwJcQ4ingT6Nc=
2022.5.15 14:19:06#clientIp:45.115.114.70
2022.5.15 14:19:06#trans_id:C4b71xTqlXBYbeGwJcQ4ingT6Nc=
2022.5.15 14:19:08#result:RESULT>OK^RESULT_CODE>000^3DSECURE>SKIPPED^RRN>213520042855^APPROVAL_CODE>809379^CARD_NUMBER>999999*********0056^AMOUNT>242000^CARDNAME>mb account^DESCRIPTION>6MBD2002253^TRANS_DATE>2022-05-15 08:19:04 PM
2022.5.15 14:19:08#11514015021908
2022.5.15 14:19:08#=================== Transaction Completed =======================
2022.5.15 14:19:08#11514015021908
2022.5.15 14:19:08#=================== Transaction Completed =======================
2022.5.15 14:19:08#11514015021908
2022.5.15 14:19:08#=================== Transaction Completed =======================
2022.5.15 15:15:28#=================== Start New Transaction ===================
2022.5.15 15:15:28#txnrefnum:MBD2002070
2022.5.15 15:15:28#clientIp:103.152.103.37
2022.5.15 15:15:28#card type:6
2022.5.15 15:15:28#totalamount:162000
2022.5.15 15:15:32#result:TRANSACTION_ID:z1VAKf3J3R3ceUgeMlq7iRlz0n4=
2022.5.15 15:15:32#Forward to DBBL Payment Gateway Page:/ecomm2/ClientHandler?card_type=6&trans_id=z1VAKf3J3R3ceUgeMlq7iRlz0n4%3D
2022.5.15 15:16:39#---------------------- Complete New Transaction---------------------
2022.5.15 15:16:39#Get trans_id From Post Value:z1VAKf3J3R3ceUgeMlq7iRlz0n4=
2022.5.15 15:16:39#clientIp:103.152.103.36
2022.5.15 15:16:39#trans_id:z1VAKf3J3R3ceUgeMlq7iRlz0n4=
2022.5.15 15:16:41#result:RESULT>OK^RESULT_CODE>000^3DSECURE>SKIPPED^RRN>213521046466^APPROVAL_CODE>004885^CARD_NUMBER>999999*********8721^AMOUNT>162000^CARDNAME>mb account^DESCRIPTION>6MBD2002070^TRANS_DATE>2022-05-15 09:16:37 PM
2022.5.15 15:16:41#11289715031641
2022.5.15 15:16:41#=================== Transaction Completed =======================
2022.5.15 15:16:41#11289715031641
2022.5.15 15:16:41#=================== Transaction Completed =======================
2022.5.15 15:16:58#=================== Start New Transaction ===================
2022.5.15 15:16:58#txnrefnum:MBD2207044
2022.5.15 15:16:58#clientIp:110.76.128.237
2022.5.15 15:16:58#card type:6
2022.5.15 15:16:58#totalamount:782000
2022.5.15 15:17:02#result:TRANSACTION_ID:TPHl5riSA3E002vKPsmhsy3Nfnc=
2022.5.15 15:17:02#Forward to DBBL Payment Gateway Page:/ecomm2/ClientHandler?card_type=6&trans_id=TPHl5riSA3E002vKPsmhsy3Nfnc%3D
2022.5.15 15:47:02#=================== Start New Transaction ===================
2022.5.15 15:47:02#txnrefnum:MBD2002198
2022.5.15 15:47:02#clientIp:43.224.109.76
2022.5.15 15:47:02#card type:6
2022.5.15 15:47:02#totalamount:642000
2022.5.15 15:47:05#result:TRANSACTION_ID:hMAokitLAlHxPyRv8sqX6QPVDpY=
2022.5.15 15:47:05#Forward to DBBL Payment Gateway Page:/ecomm2/ClientHandler?card_type=6&trans_id=hMAokitLAlHxPyRv8sqX6QPVDpY%3D
2022.5.15 15:58:20#=================== Start New Transaction ===================
2022.5.15 15:58:20#txnrefnum:MBM2007211
2022.5.15 15:58:20#clientIp:103.134.169.39
2022.5.15 15:58:20#card type:6
2022.5.15 15:58:20#totalamount:242000
2022.5.15 15:58:24#result:TRANSACTION_ID:bsfbwJtAsAe0TTIN4AX4x9o9Yzo=
2022.5.15 15:58:24#Forward to DBBL Payment Gateway Page:/ecomm2/ClientHandler?card_type=6&trans_id=bsfbwJtAsAe0TTIN4AX4x9o9Yzo%3D
2022.5.15 16:01:08#=================== Start New Transaction ===================
2022.5.15 16:01:08#txnrefnum:BBM2203064
2022.5.15 16:01:08#clientIp:103.166.89.105
2022.5.15 16:01:08#card type:6
2022.5.15 16:01:08#totalamount:162000
2022.5.15 16:01:12#result:TRANSACTION_ID:Aqk21sec9YlHrKSXc6Uq7mn9fys=
2022.5.15 16:01:12#Forward to DBBL Payment Gateway Page:/ecomm2/ClientHandler?card_type=6&trans_id=Aqk21sec9YlHrKSXc6Uq7mn9fys%3D
2022.5.15 16:01:39#=================== Start New Transaction ===================
2022.5.15 16:01:39#txnrefnum:BBM2203064
2022.5.15 16:01:39#clientIp:103.166.89.105
2022.5.15 16:01:39#card type:6
2022.5.15 16:01:39#totalamount:162000
2022.5.15 16:01:43#result:TRANSACTION_ID:xt1AStxtb4DnXOcOuzrWewI3jco=
2022.5.15 16:01:43#Forward to DBBL Payment Gateway Page:/ecomm2/ClientHandler?card_type=6&trans_id=xt1AStxtb4DnXOcOuzrWewI3jco%3D
2022.5.15 16:02:38#---------------------- Complete New Transaction---------------------
2022.5.15 16:02:38#Get trans_id From Post Value:bsfbwJtAsAe0TTIN4AX4x9o9Yzo=
2022.5.15 16:02:38#clientIp:103.134.169.39
2022.5.15 16:02:38#trans_id:bsfbwJtAsAe0TTIN4AX4x9o9Yzo=
2022.5.15 16:02:40#result:RESULT>OK^RESULT_CODE>000^3DSECURE>SKIPPED^RRN>213522049137^APPROVAL_CODE>981834^CARD_NUMBER>999999*********7175^AMOUNT>242000^CARDNAME>mb account^DESCRIPTION>6MBM2007211^TRANS_DATE>2022-05-15 10:02:37 PM
2022.5.15 16:02:40#19943715040240
2022.5.15 16:02:40#=================== Transaction Completed =======================
2022.5.15 16:02:40#19943715040240
2022.5.15 16:02:40#=================== Transaction Completed =======================
2022.5.15 16:02:40#19943715040240
2022.5.15 16:02:40#=================== Transaction Completed =======================
2022.5.15 16:03:16#---------------------- Complete New Transaction---------------------
2022.5.15 16:03:16#Get trans_id From Post Value:xt1AStxtb4DnXOcOuzrWewI3jco=
2022.5.15 16:03:16#clientIp:103.166.89.105
2022.5.15 16:03:16#trans_id:xt1AStxtb4DnXOcOuzrWewI3jco=
2022.5.15 16:03:19#result:RESULT>OK^RESULT_CODE>000^3DSECURE>SKIPPED^RRN>213522049167^APPROVAL_CODE>128400^CARD_NUMBER>999999*********0684^AMOUNT>162000^CARDNAME>mb account^DESCRIPTION>6BBM2203064^TRANS_DATE>2022-05-15 10:03:15 PM
2022.5.15 16:03:19#23017515040319
2022.5.15 16:03:19#=================== Transaction Completed =======================
2022.5.15 16:03:19#23017515040319
2022.5.15 16:03:19#=================== Transaction Completed =======================
2022.5.15 16:07:05#=================== Start New Transaction ===================
2022.5.15 16:07:05#txnrefnum:MBD2206187
2022.5.15 16:07:05#clientIp:103.204.246.10
2022.5.15 16:07:05#card type:6
2022.5.15 16:07:05#totalamount:162000
2022.5.15 16:07:06#=================== Start New Transaction ===================
2022.5.15 16:07:06#txnrefnum:MBD2206187
2022.5.15 16:07:06#clientIp:103.204.246.10
2022.5.15 16:07:06#card type:6
2022.5.15 16:07:06#totalamount:162000
2022.5.15 16:07:09#result:TRANSACTION_ID:9gsWdFiftKnqUllnqJCiIFkLWwU=
2022.5.15 16:07:09#Forward to DBBL Payment Gateway Page:/ecomm2/ClientHandler?card_type=6&trans_id=9gsWdFiftKnqUllnqJCiIFkLWwU%3D
2022.5.15 16:07:10#result:TRANSACTION_ID:46OPHKCjenzyjRbdllvy2OssTPE=
2022.5.15 16:07:10#Forward to DBBL Payment Gateway Page:/ecomm2/ClientHandler?card_type=6&trans_id=46OPHKCjenzyjRbdllvy2OssTPE%3D
2022.5.15 16:36:48#=================== Start New Transaction ===================
2022.5.15 16:36:48#txnrefnum:MEM2004066
2022.5.15 16:36:48#clientIp:123.253.65.4
2022.5.15 16:36:48#card type:6
2022.5.15 16:36:48#totalamount:3102000
2022.5.15 16:36:52#result:TRANSACTION_ID:dGpXrS8JiVqlCzBmjSnJSmB1eVQ=
2022.5.15 16:36:52#Forward to DBBL Payment Gateway Page:/ecomm2/ClientHandler?card_type=6&trans_id=dGpXrS8JiVqlCzBmjSnJSmB1eVQ%3D
2022.5.15 16:58:02#=================== Start New Transaction ===================
2022.5.15 16:58:02#txnrefnum:MBD2002198
2022.5.15 16:58:02#clientIp:43.224.109.72
2022.5.15 16:58:02#card type:6
2022.5.15 16:58:02#totalamount:642000
2022.5.15 16:58:06#result:TRANSACTION_ID:TG05mvAWHVLMHkFIzcOTOPGfMl0=
2022.5.15 16:58:06#Forward to DBBL Payment Gateway Page:/ecomm2/ClientHandler?card_type=6&trans_id=TG05mvAWHVLMHkFIzcOTOPGfMl0%3D
2022.5.15 17:00:49#=================== Start New Transaction ===================
2022.5.15 17:00:49#txnrefnum:MBD2007034
2022.5.15 17:00:49#clientIp:45.115.114.70
2022.5.15 17:00:49#card type:6
2022.5.15 17:00:49#totalamount:162000
2022.5.15 17:00:53#result:TRANSACTION_ID:ciivU4Shjt0nljOf7kx3fRwuQwg=
2022.5.15 17:00:53#Forward to DBBL Payment Gateway Page:/ecomm2/ClientHandler?card_type=6&trans_id=ciivU4Shjt0nljOf7kx3fRwuQwg%3D
2022.5.15 17:05:34#=================== Start New Transaction ===================
2022.5.15 17:05:34#txnrefnum:MSC22111147
2022.5.15 17:05:34#clientIp:37.111.198.23
2022.5.15 17:05:34#card type:6
2022.5.15 17:05:34#totalamount:162000
2022.5.15 17:05:38#result:TRANSACTION_ID:PkUSn7pSLtBrxSeScWSPmgCPeks=
2022.5.15 17:05:38#Forward to DBBL Payment Gateway Page:/ecomm2/ClientHandler?card_type=6&trans_id=PkUSn7pSLtBrxSeScWSPmgCPeks%3D
2022.5.15 17:26:43#=================== Start New Transaction ===================
2022.5.15 17:26:43#txnrefnum:MSC22110050
2022.5.15 17:26:43#clientIp:103.166.89.97
2022.5.15 17:26:43#card type:6
2022.5.15 17:26:43#totalamount:482000
2022.5.15 17:26:47#result:TRANSACTION_ID:KLPqVTxICQTMmnaUt46Lg5EjaMA=
2022.5.15 17:26:47#Forward to DBBL Payment Gateway Page:/ecomm2/ClientHandler?card_type=6&trans_id=KLPqVTxICQTMmnaUt46Lg5EjaMA%3D
2022.5.15 17:27:32#=================== Start New Transaction ===================
2022.5.15 17:27:32#txnrefnum:MBD2201116
2022.5.15 17:27:32#clientIp:103.134.173.1
2022.5.15 17:27:32#card type:6
2022.5.15 17:27:32#totalamount:82000
2022.5.15 17:27:36#result:TRANSACTION_ID:6P6iAsyPQDWXMB0JEWrurXwVmCM=
2022.5.15 17:27:36#Forward to DBBL Payment Gateway Page:/ecomm2/ClientHandler?card_type=6&trans_id=6P6iAsyPQDWXMB0JEWrurXwVmCM%3D
2022.5.15 17:29:12#=================== Start New Transaction ===================
2022.5.15 17:29:12#txnrefnum:MSC22110050
2022.5.15 17:29:12#clientIp:103.166.89.97
2022.5.15 17:29:12#card type:6
2022.5.15 17:29:12#totalamount:482000
2022.5.15 17:29:16#result:TRANSACTION_ID:nIKwXh7965CUld7cSxpSDVrjSxE=
2022.5.15 17:29:16#Forward to DBBL Payment Gateway Page:/ecomm2/ClientHandler?card_type=6&trans_id=nIKwXh7965CUld7cSxpSDVrjSxE%3D
2022.5.15 17:39:31#=================== Start New Transaction ===================
2022.5.15 17:39:31#txnrefnum:MSC22110050
2022.5.15 17:39:31#clientIp:103.166.89.97
2022.5.15 17:39:31#card type:6
2022.5.15 17:39:31#totalamount:482000
2022.5.15 17:39:34#result:TRANSACTION_ID:tGJ8Do9MvA4fSUGTGPudoSazxds=
2022.5.15 17:39:35#Forward to DBBL Payment Gateway Page:/ecomm2/ClientHandler?card_type=6&trans_id=tGJ8Do9MvA4fSUGTGPudoSazxds%3D
2022.5.15 17:45:21#=================== Start New Transaction ===================
2022.5.15 17:45:21#txnrefnum:MSC22110050
2022.5.15 17:45:21#clientIp:103.166.89.97
2022.5.15 17:45:21#card type:6
2022.5.15 17:45:21#totalamount:482000
2022.5.15 17:45:25#result:TRANSACTION_ID:822KBSS3JD2n6QRfUY2LlEMvhGU=
2022.5.15 17:45:25#Forward to DBBL Payment Gateway Page:/ecomm2/ClientHandler?card_type=6&trans_id=822KBSS3JD2n6QRfUY2LlEMvhGU%3D
2022.5.15 17:59:07#=================== Start New Transaction ===================
2022.5.15 17:59:07#txnrefnum:MSC22111336
2022.5.15 17:59:07#clientIp:114.130.157.165
2022.5.15 17:59:07#card type:6
2022.5.15 17:59:07#totalamount:322000
2022.5.15 17:59:10#=================== Start New Transaction ===================
2022.5.15 17:59:10#txnrefnum:MSC22111336
2022.5.15 17:59:10#clientIp:114.130.157.165
2022.5.15 17:59:10#card type:6
2022.5.15 17:59:10#totalamount:322000
2022.5.15 17:59:11#result:TRANSACTION_ID:uJ8qnRx7k4YjmOZEdHHkTaoKDS8=
2022.5.15 17:59:11#Forward to DBBL Payment Gateway Page:/ecomm2/ClientHandler?card_type=6&trans_id=uJ8qnRx7k4YjmOZEdHHkTaoKDS8%3D
2022.5.15 17:59:14#result:TRANSACTION_ID:NlCz7Oc7sTmIJCvED7n0ZW88T90=
2022.5.15 17:59:14#Forward to DBBL Payment Gateway Page:/ecomm2/ClientHandler?card_type=6&trans_id=NlCz7Oc7sTmIJCvED7n0ZW88T90%3D
2022.5.15 18:07:12#=================== Start New Transaction ===================
2022.5.15 18:07:12#txnrefnum:MSC22111336
2022.5.15 18:07:12#clientIp:114.130.157.165
2022.5.15 18:07:12#card type:6
2022.5.15 18:07:12#totalamount:322000
2022.5.15 18:07:16#result:TRANSACTION_ID:7GsBn7i80vyQE0ZDScsqwxThogI=
2022.5.15 18:07:16#Forward to DBBL Payment Gateway Page:/ecomm2/ClientHandler?card_type=6&trans_id=7GsBn7i80vyQE0ZDScsqwxThogI%3D
2022.5.15 18:10:33#=================== Start New Transaction ===================
2022.5.15 18:10:33#txnrefnum:MSC22111336
2022.5.15 18:10:33#clientIp:114.130.157.165
2022.5.15 18:10:33#card type:6
2022.5.15 18:10:33#totalamount:322000
2022.5.15 18:10:37#result:TRANSACTION_ID:Lrqn30LjS4LXe9knv9XJJmG0AVc=
2022.5.15 18:10:37#Forward to DBBL Payment Gateway Page:/ecomm2/ClientHandler?card_type=6&trans_id=Lrqn30LjS4LXe9knv9XJJmG0AVc%3D
2022.5.15 18:24:20#=================== Start New Transaction ===================
2022.5.15 18:24:20#txnrefnum:BBM2008148
2022.5.15 18:24:20#clientIp:37.111.248.149
2022.5.15 18:24:20#card type:6
2022.5.15 18:24:20#totalamount:1011500
2022.5.15 18:24:23#result:TRANSACTION_ID:OlY8Pz5yUMUDI3HkOcjKWHp7HvA=
2022.5.15 18:24:23#Forward to DBBL Payment Gateway Page:/ecomm2/ClientHandler?card_type=6&trans_id=OlY8Pz5yUMUDI3HkOcjKWHp7HvA%3D
2022.5.15 18:34:27#=================== Start New Transaction ===================
2022.5.15 18:34:27#txnrefnum:BBM2008148
2022.5.15 18:34:27#clientIp:37.111.248.149
2022.5.15 18:34:27#card type:6
2022.5.15 18:34:27#totalamount:1011500
2022.5.15 18:34:31#result:TRANSACTION_ID:hrt2aYXHSCzHi2qCV9YlJE5eaYI=
2022.5.15 18:34:31#Forward to DBBL Payment Gateway Page:/ecomm2/ClientHandler?card_type=6&trans_id=hrt2aYXHSCzHi2qCV9YlJE5eaYI%3D
2022.5.15 19:47:35#=================== Start New Transaction ===================
2022.5.15 19:47:35#txnrefnum:MBB2109143
2022.5.15 19:47:35#clientIp:118.179.17.179
2022.5.15 19:47:35#card type:6
2022.5.15 19:47:35#totalamount:82000
2022.5.15 19:47:39#result:TRANSACTION_ID:9jdIlGk3W0eWdvTtRwEMTkrv4S0=
2022.5.15 19:47:39#Forward to DBBL Payment Gateway Page:/ecomm2/ClientHandler?card_type=6&trans_id=9jdIlGk3W0eWdvTtRwEMTkrv4S0%3D