
2022.11.25 00:18:49#=================== Start New Transaction ===================
2022.11.25 00:18:49#txnrefnum:MSC22110618
2022.11.25 00:18:49#clientIp:103.153.66.63
2022.11.25 00:18:49#card type:6
2022.11.25 00:18:49#totalamount:2000
2022.11.25 00:18:52#result:TRANSACTION_ID:6TGITa2ZPkfmGPX3Abo0SkwuvKU=
2022.11.25 00:18:52#Forward to DBBL Payment Gateway Page: https://ecom1.dutchbanglabank.com/ecomm2/ClientHandler?card_type=6&trans_id=6TGITa2ZPkfmGPX3Abo0SkwuvKU%3D
2022.11.25 00:20:02#=================== Start New Transaction ===================
2022.11.25 00:20:02#txnrefnum:MSC22110618
2022.11.25 00:20:02#clientIp:103.153.66.63
2022.11.25 00:20:02#card type:6
2022.11.25 00:20:02#totalamount:2000
2022.11.25 00:20:04#result:TRANSACTION_ID:ezc7c6s0jHQHASvk14k3ZV4lDIM=
2022.11.25 00:20:04#Forward to DBBL Payment Gateway Page: https://ecom1.dutchbanglabank.com/ecomm2/ClientHandler?card_type=6&trans_id=ezc7c6s0jHQHASvk14k3ZV4lDIM%3D
2022.11.25 03:54:50#=================== Start New Transaction ===================
2022.11.25 03:54:50#txnrefnum:MBM2201428
2022.11.25 03:54:50#clientIp:123.253.65.105
2022.11.25 03:54:50#card type:6
2022.11.25 03:54:50#totalamount:462000
2022.11.25 03:54:54#result:TRANSACTION_ID:X6yZBp8r0y6mHndii7l4VjzsBrE=
2022.11.25 03:54:54#Forward to DBBL Payment Gateway Page: https://ecom1.dutchbanglabank.com/ecomm2/ClientHandler?card_type=6&trans_id=X6yZBp8r0y6mHndii7l4VjzsBrE%3D
2022.11.25 03:55:55#---------------------- Complete New Transaction---------------------
2022.11.25 03:55:55#Get trans_id From Post Value:X6yZBp8r0y6mHndii7l4VjzsBrE=
2022.11.25 03:55:55#clientIp:123.253.65.105
2022.11.25 03:55:55#trans_id:X6yZBp8r0y6mHndii7l4VjzsBrE=
2022.11.25 03:55:57#result:RESULT>OK^RESULT_CODE>000^3DSECURE>SKIPPED^RRN>232903165431^APPROVAL_CODE>468055^CARD_NUMBER>999999*********7371^AMOUNT>462000^CARDNAME>mb account^DESCRIPTION>6MBM2201428^TRANS_DATE>2022-11-25 09:55:54 AM
2022.11.25 03:55:57#6126825035557
2022.11.25 03:55:57#6126825035557
2022.11.25 03:55:57#6126825035557
2022.11.25 03:55:57#6126825035557
2022.11.25 03:55:57#6126825035557
2022.11.25 03:55:57#6126825035557
2022.11.25 03:55:57#6126825035557
2022.11.25 03:55:57#6126825035557
2022.11.25 03:55:57#6126825035557
2022.11.25 03:55:57#6126825035557
2022.11.25 03:55:57#6126825035557
2022.11.25 03:55:57#6126825035557
2022.11.25 03:55:57#=================== Transaction Completed =======================
2022.11.25 04:44:46#=================== Start New Transaction ===================
2022.11.25 04:44:46#txnrefnum:BBM2007132
2022.11.25 04:44:46#clientIp:103.85.233.16
2022.11.25 04:44:46#card type:6
2022.11.25 04:44:46#totalamount:962000
2022.11.25 04:44:49#result:TRANSACTION_ID:Pvdtq8XmSCwKJKZU9X2MP4P8A4c=
2022.11.25 04:44:49#Forward to DBBL Payment Gateway Page: https://ecom1.dutchbanglabank.com/ecomm2/ClientHandler?card_type=6&trans_id=Pvdtq8XmSCwKJKZU9X2MP4P8A4c%3D
2022.11.25 04:45:10#---------------------- Complete New Transaction---------------------
2022.11.25 04:45:10#Get trans_id From Post Value:Pvdtq8XmSCwKJKZU9X2MP4P8A4c=
2022.11.25 04:45:11#clientIp:103.85.233.16
2022.11.25 04:45:11#trans_id:Pvdtq8XmSCwKJKZU9X2MP4P8A4c=
2022.11.25 04:45:13#result:RESULT>OK^RESULT_CODE>000^3DSECURE>SKIPPED^RRN>232904168142^APPROVAL_CODE>644074^CARD_NUMBER>999999*********5499^AMOUNT>962000^CARDNAME>mb account^DESCRIPTION>6BBM2007132^TRANS_DATE>2022-11-25 10:45:09 AM
2022.11.25 04:45:13#26346125044513
2022.11.25 04:45:13#26346125044513
2022.11.25 04:45:13#26346125044513
2022.11.25 04:45:13#26346125044513
2022.11.25 04:45:13#26346125044513
2022.11.25 04:45:13#26346125044513
2022.11.25 04:45:13#26346125044513
2022.11.25 04:45:13#26346125044513
2022.11.25 04:45:13#26346125044513
2022.11.25 04:45:13#26346125044513
2022.11.25 04:45:13#26346125044513
2022.11.25 04:45:13#26346125044513
2022.11.25 04:45:13#26346125044513
2022.11.25 04:45:13#26346125044513
2022.11.25 04:45:13#26346125044513
2022.11.25 04:45:14#26346125044513
2022.11.25 04:45:14#26346125044513
2022.11.25 04:45:14#26346125044513
2022.11.25 04:45:14#26346125044513
2022.11.25 04:45:14#26346125044513
2022.11.25 04:45:14#26346125044513
2022.11.25 04:45:14#26346125044513
2022.11.25 04:45:14#26346125044513
2022.11.25 04:45:14#26346125044513
2022.11.25 04:45:14#=================== Transaction Completed =======================
2022.11.25 05:55:47#=================== Start New Transaction ===================
2022.11.25 05:55:47#txnrefnum:MBG2103172
2022.11.25 05:55:47#clientIp:202.134.8.194
2022.11.25 05:55:47#card type:6
2022.11.25 05:55:47#totalamount:622000
2022.11.25 05:55:49#result:TRANSACTION_ID:IsYPP88FtAFq9P7P1POUbSSJrMc=
2022.11.25 05:55:50#Forward to DBBL Payment Gateway Page: https://ecom1.dutchbanglabank.com/ecomm2/ClientHandler?card_type=6&trans_id=IsYPP88FtAFq9P7P1POUbSSJrMc%3D
2022.11.25 05:56:13#---------------------- Complete New Transaction---------------------
2022.11.25 05:56:13#Get trans_id From Post Value:IsYPP88FtAFq9P7P1POUbSSJrMc=
2022.11.25 05:56:13#clientIp:202.134.8.194
2022.11.25 05:56:13#trans_id:IsYPP88FtAFq9P7P1POUbSSJrMc=
2022.11.25 05:56:14#result:RESULT>OK^RESULT_CODE>000^3DSECURE>SKIPPED^RRN>232905171795^APPROVAL_CODE>905710^CARD_NUMBER>999999*********9465^AMOUNT>622000^CARDNAME>mb account^DESCRIPTION>6MBG2103172^TRANS_DATE>2022-11-25 11:56:12 AM
2022.11.25 05:56:14#11887625055614
2022.11.25 05:56:14#11887625055614
2022.11.25 05:56:14#11887625055614
2022.11.25 05:56:15#11887625055614
2022.11.25 05:56:15#11887625055614
2022.11.25 05:56:15#11887625055614
2022.11.25 05:56:15#11887625055614
2022.11.25 05:56:15#11887625055614
2022.11.25 05:56:15#11887625055614
2022.11.25 05:56:15#11887625055614
2022.11.25 05:56:15#11887625055614
2022.11.25 05:56:15#11887625055614
2022.11.25 05:56:15#11887625055614
2022.11.25 05:56:15#11887625055614
2022.11.25 05:56:15#11887625055614
2022.11.25 05:56:15#11887625055614
2022.11.25 05:56:15#=================== Transaction Completed =======================
2022.11.25 05:57:26#=================== Start New Transaction ===================
2022.11.25 05:57:26#txnrefnum:MBG2106158
2022.11.25 05:57:26#clientIp:43.224.109.195
2022.11.25 05:57:26#card type:6
2022.11.25 05:57:26#totalamount:642000
2022.11.25 05:57:29#result:TRANSACTION_ID:NlPksTE2VltvioPxyYfdTUTUHS4=
2022.11.25 05:57:29#Forward to DBBL Payment Gateway Page: https://ecom1.dutchbanglabank.com/ecomm2/ClientHandler?card_type=6&trans_id=NlPksTE2VltvioPxyYfdTUTUHS4%3D
2022.11.25 05:57:46#---------------------- Complete New Transaction---------------------
2022.11.25 05:57:46#Get trans_id From Post Value:NlPksTE2VltvioPxyYfdTUTUHS4=
2022.11.25 05:57:46#clientIp:43.224.109.195
2022.11.25 05:57:46#trans_id:NlPksTE2VltvioPxyYfdTUTUHS4=
2022.11.25 05:57:47#result:RESULT>OK^RESULT_CODE>000^3DSECURE>SKIPPED^RRN>232905171864^APPROVAL_CODE>791129^CARD_NUMBER>999999*********9465^AMOUNT>642000^CARDNAME>mb account^DESCRIPTION>6MBG2106158^TRANS_DATE>2022-11-25 11:57:44 AM
2022.11.25 05:57:47#16826525055747
2022.11.25 05:57:47#16826525055747
2022.11.25 05:57:47#16826525055747
2022.11.25 05:57:48#16826525055747
2022.11.25 05:57:48#16826525055747
2022.11.25 05:57:48#16826525055747
2022.11.25 05:57:48#16826525055747
2022.11.25 05:57:48#16826525055747
2022.11.25 05:57:48#16826525055747
2022.11.25 05:57:48#16826525055747
2022.11.25 05:57:48#16826525055747
2022.11.25 05:57:48#16826525055747
2022.11.25 05:57:48#16826525055747
2022.11.25 05:57:48#16826525055747
2022.11.25 05:57:48#16826525055747
2022.11.25 05:57:48#16826525055747
2022.11.25 05:57:48#=================== Transaction Completed =======================
2022.11.25 06:02:38#=================== Start New Transaction ===================
2022.11.25 06:02:38#txnrefnum:BBB2106107
2022.11.25 06:02:38#clientIp:114.130.184.55
2022.11.25 06:02:38#card type:6
2022.11.25 06:02:38#totalamount:642000
2022.11.25 06:02:40#result:TRANSACTION_ID:S8QojzAdoPFlYKJX0EzHIsgEbok=
2022.11.25 06:02:41#Forward to DBBL Payment Gateway Page: https://ecom1.dutchbanglabank.com/ecomm2/ClientHandler?card_type=6&trans_id=S8QojzAdoPFlYKJX0EzHIsgEbok%3D
2022.11.25 06:03:02#---------------------- Complete New Transaction---------------------
2022.11.25 06:03:02#Get trans_id From Post Value:S8QojzAdoPFlYKJX0EzHIsgEbok=
2022.11.25 06:03:02#clientIp:114.130.184.55
2022.11.25 06:03:02#trans_id:S8QojzAdoPFlYKJX0EzHIsgEbok=
2022.11.25 06:03:04#result:RESULT>OK^RESULT_CODE>000^3DSECURE>SKIPPED^RRN>232906172132^APPROVAL_CODE>795305^CARD_NUMBER>999999*********6896^AMOUNT>642000^CARDNAME>mb account^DESCRIPTION>6BBB2106107^TRANS_DATE>2022-11-25 12:03:02 PM
2022.11.25 06:03:04#24835025060304
2022.11.25 06:03:04#24835025060304
2022.11.25 06:03:04#24835025060304
2022.11.25 06:03:04#24835025060304
2022.11.25 06:03:05#24835025060304
2022.11.25 06:03:05#24835025060304
2022.11.25 06:03:05#24835025060304
2022.11.25 06:03:05#24835025060304
2022.11.25 06:03:05#24835025060304
2022.11.25 06:03:05#24835025060304
2022.11.25 06:03:05#24835025060304
2022.11.25 06:03:05#24835025060304
2022.11.25 06:03:05#24835025060304
2022.11.25 06:03:05#24835025060304
2022.11.25 06:03:05#24835025060304
2022.11.25 06:03:05#24835025060304
2022.11.25 06:03:05#=================== Transaction Completed =======================
2022.11.25 06:08:33#=================== Start New Transaction ===================
2022.11.25 06:08:33#txnrefnum:MEM2209354
2022.11.25 06:08:33#clientIp:182.48.82.31
2022.11.25 06:08:33#card type:6
2022.11.25 06:08:33#totalamount:332000
2022.11.25 06:08:36#result:TRANSACTION_ID:Pry8g8Cfs9B4A9WNSIWQyHSMbiU=
2022.11.25 06:08:36#Forward to DBBL Payment Gateway Page: https://ecom1.dutchbanglabank.com/ecomm2/ClientHandler?card_type=6&trans_id=Pry8g8Cfs9B4A9WNSIWQyHSMbiU%3D
2022.11.25 06:09:35#---------------------- Complete New Transaction---------------------
2022.11.25 06:09:35#Get trans_id From Post Value:Pry8g8Cfs9B4A9WNSIWQyHSMbiU=
2022.11.25 06:09:35#clientIp:182.48.82.29
2022.11.25 06:09:35#trans_id:Pry8g8Cfs9B4A9WNSIWQyHSMbiU=
2022.11.25 06:09:37#result:RESULT>OK^RESULT_CODE>000^3DSECURE>SKIPPED^RRN>232906172510^APPROVAL_CODE>922766^CARD_NUMBER>999999*********9893^AMOUNT>332000^CARDNAME>mb account^DESCRIPTION>6MEM2209354^TRANS_DATE>2022-11-25 12:09:34 PM
2022.11.25 06:09:37#20258225060937
2022.11.25 06:09:37#20258225060937
2022.11.25 06:09:37#20258225060937
2022.11.25 06:09:37#20258225060937
2022.11.25 06:09:37#20258225060937
2022.11.25 06:09:37#20258225060937
2022.11.25 06:09:37#=================== Transaction Completed =======================
2022.11.25 06:10:13#=================== Start New Transaction ===================
2022.11.25 06:10:13#txnrefnum:MBD2209099
2022.11.25 06:10:13#clientIp:45.120.99.245
2022.11.25 06:10:13#card type:6
2022.11.25 06:10:13#totalamount:322000
2022.11.25 06:10:15#result:TRANSACTION_ID:ZO7q65qnLEKPa8kKF5fiKKHj178=
2022.11.25 06:10:15#Forward to DBBL Payment Gateway Page: https://ecom1.dutchbanglabank.com/ecomm2/ClientHandler?card_type=6&trans_id=ZO7q65qnLEKPa8kKF5fiKKHj178%3D
2022.11.25 06:17:27#=================== Start New Transaction ===================
2022.11.25 06:17:27#txnrefnum:MBD2209099
2022.11.25 06:17:27#clientIp:45.120.99.245
2022.11.25 06:17:27#card type:6
2022.11.25 06:17:27#totalamount:322000
2022.11.25 06:17:30#result:TRANSACTION_ID:D9BQXNB9s016wL4uKjwzrkHgwJo=
2022.11.25 06:17:30#Forward to DBBL Payment Gateway Page: https://ecom1.dutchbanglabank.com/ecomm2/ClientHandler?card_type=6&trans_id=D9BQXNB9s016wL4uKjwzrkHgwJo%3D
2022.11.25 06:18:30#---------------------- Complete New Transaction---------------------
2022.11.25 06:18:30#Get trans_id From Post Value:D9BQXNB9s016wL4uKjwzrkHgwJo=
2022.11.25 06:18:30#clientIp:45.120.99.245
2022.11.25 06:18:30#trans_id:D9BQXNB9s016wL4uKjwzrkHgwJo=
2022.11.25 06:18:31#result:RESULT>OK^RESULT_CODE>000^3DSECURE>SKIPPED^RRN>232906172991^APPROVAL_CODE>875899^CARD_NUMBER>999999*********5463^AMOUNT>322000^CARDNAME>mb account^DESCRIPTION>6MBD2209099^TRANS_DATE>2022-11-25 12:18:29 PM
2022.11.25 06:18:32#20392125061831
2022.11.25 06:18:32#20392125061831
2022.11.25 06:18:32#20392125061831
2022.11.25 06:18:32#20392125061831
2022.11.25 06:18:32#20392125061831
2022.11.25 06:18:32#20392125061831
2022.11.25 06:18:32#20392125061831
2022.11.25 06:18:32#20392125061831
2022.11.25 06:18:32#=================== Transaction Completed =======================
2022.11.25 08:30:57#---------------------- Complete New Transaction---------------------
2022.11.25 08:30:57#Get trans_id From Post Value:IUnYEsFzpdQGTKIwehMTjkm6wXE=
2022.11.25 08:30:57#clientIp:103.184.94.5
2022.11.25 08:30:57#trans_id:IUnYEsFzpdQGTKIwehMTjkm6wXE=
2022.11.25 08:30:59#result:RESULT>TIMEOUT^RESULT_CODE>999^3DSECURE>0^RRN>0^APPROVAL_CODE>0^CARD_NUMBER>0^AMOUNT>382000^CARDNAME>0^DESCRIPTION>6MBB2102136^TRANS_DATE>2022-11-25 02:30:57 PM
2022.11.25 08:30:59#Failed
2022.11.25 10:37:52#=================== Start New Transaction ===================
2022.11.25 10:37:52#txnrefnum:MEM2007017
2022.11.25 10:37:52#clientIp:202.144.203.10
2022.11.25 10:37:52#card type:6
2022.11.25 10:37:52#totalamount:162000
2022.11.25 10:37:56#result:TRANSACTION_ID:98Po2S6ROI9WEYpg433oeFPx9Dc=
2022.11.25 10:37:56#Forward to DBBL Payment Gateway Page: https://ecom1.dutchbanglabank.com/ecomm2/ClientHandler?card_type=6&trans_id=98Po2S6ROI9WEYpg433oeFPx9Dc%3D
2022.11.25 10:38:22#---------------------- Complete New Transaction---------------------
2022.11.25 10:38:22#Get trans_id From Post Value:98Po2S6ROI9WEYpg433oeFPx9Dc=
2022.11.25 10:38:22#clientIp:202.144.203.10
2022.11.25 10:38:22#trans_id:98Po2S6ROI9WEYpg433oeFPx9Dc=
2022.11.25 10:38:24#result:RESULT>OK^RESULT_CODE>000^3DSECURE>SKIPPED^RRN>232910184100^APPROVAL_CODE>505164^CARD_NUMBER>999999*********6609^AMOUNT>162000^CARDNAME>mb account^DESCRIPTION>6MEM2007017^TRANS_DATE>2022-11-25 04:38:21 PM
2022.11.25 10:38:24#20059825103824
2022.11.25 10:38:24#20059825103824
2022.11.25 10:38:24#20059825103824
2022.11.25 10:38:24#20059825103824
2022.11.25 10:38:24#=================== Transaction Completed =======================
2022.11.25 11:40:33#=================== Start New Transaction ===================
2022.11.25 11:40:33#txnrefnum:MBD2004357
2022.11.25 11:40:33#clientIp:103.138.120.164
2022.11.25 11:40:33#card type:6
2022.11.25 11:40:33#totalamount:642000
2022.11.25 11:40:35#result:TRANSACTION_ID:1aaPMVrnKxT3pAuNSzkotjQayGo=
2022.11.25 11:40:35#Forward to DBBL Payment Gateway Page: https://ecom1.dutchbanglabank.com/ecomm2/ClientHandler?card_type=6&trans_id=1aaPMVrnKxT3pAuNSzkotjQayGo%3D
2022.11.25 11:41:41#---------------------- Complete New Transaction---------------------
2022.11.25 11:41:41#Get trans_id From Post Value:1aaPMVrnKxT3pAuNSzkotjQayGo=
2022.11.25 11:41:41#clientIp:103.138.120.164
2022.11.25 11:41:41#trans_id:1aaPMVrnKxT3pAuNSzkotjQayGo=
2022.11.25 11:41:43#result:RESULT>OK^RESULT_CODE>000^3DSECURE>SKIPPED^RRN>232911187571^APPROVAL_CODE>757212^CARD_NUMBER>999999*********4313^AMOUNT>642000^CARDNAME>mb account^DESCRIPTION>6MBD2004357^TRANS_DATE>2022-11-25 05:41:41 PM
2022.11.25 11:41:43#14266925114143
2022.11.25 11:41:43#14266925114143
2022.11.25 11:41:43#14266925114143
2022.11.25 11:41:43#14266925114143
2022.11.25 11:41:43#14266925114143
2022.11.25 11:41:44#14266925114143
2022.11.25 11:41:44#14266925114143
2022.11.25 11:41:44#14266925114143
2022.11.25 11:41:44#14266925114143
2022.11.25 11:41:44#14266925114143
2022.11.25 11:41:44#14266925114143
2022.11.25 11:41:44#14266925114143
2022.11.25 11:41:44#14266925114143
2022.11.25 11:41:44#14266925114143
2022.11.25 11:41:44#14266925114143
2022.11.25 11:41:44#14266925114143
2022.11.25 11:41:44#=================== Transaction Completed =======================
2022.11.25 12:46:55#=================== Start New Transaction ===================
2022.11.25 12:46:55#txnrefnum:BBM2007012
2022.11.25 12:46:55#clientIp:103.178.73.25
2022.11.25 12:46:55#card type:6
2022.11.25 12:46:55#totalamount:482000
2022.11.25 12:46:58#result:TRANSACTION_ID:fzHsWkP8Cscr8c3xKDVdNWNa1fA=
2022.11.25 12:46:58#Forward to DBBL Payment Gateway Page: https://ecom1.dutchbanglabank.com/ecomm2/ClientHandler?card_type=6&trans_id=fzHsWkP8Cscr8c3xKDVdNWNa1fA%3D
2022.11.25 12:47:28#---------------------- Complete New Transaction---------------------
2022.11.25 12:47:28#Get trans_id From Post Value:fzHsWkP8Cscr8c3xKDVdNWNa1fA=
2022.11.25 12:47:28#clientIp:103.178.73.25
2022.11.25 12:47:28#trans_id:fzHsWkP8Cscr8c3xKDVdNWNa1fA=
2022.11.25 12:47:30#result:RESULT>OK^RESULT_CODE>000^3DSECURE>SKIPPED^RRN>232912191751^APPROVAL_CODE>079450^CARD_NUMBER>999999*********8011^AMOUNT>482000^CARDNAME>mb account^DESCRIPTION>6BBM2007012^TRANS_DATE>2022-11-25 06:47:27 PM
2022.11.25 12:47:30#26286625124730
2022.11.25 12:47:30#26286625124730
2022.11.25 12:47:30#26286625124730
2022.11.25 12:47:30#26286625124730
2022.11.25 12:47:30#26286625124730
2022.11.25 12:47:30#26286625124730
2022.11.25 12:47:30#26286625124730
2022.11.25 12:47:31#26286625124730
2022.11.25 12:47:31#26286625124730
2022.11.25 12:47:31#26286625124730
2022.11.25 12:47:31#26286625124730
2022.11.25 12:47:31#26286625124730
2022.11.25 12:47:31#=================== Transaction Completed =======================
2022.11.25 12:52:09#=================== Start New Transaction ===================
2022.11.25 12:52:09#txnrefnum:MBM2209251
2022.11.25 12:52:09#clientIp:103.96.36.234
2022.11.25 12:52:09#card type:6
2022.11.25 12:52:09#totalamount:642000
2022.11.25 12:52:12#result:TRANSACTION_ID:E5jE2cwzC6YABWDdLWUjhtEHKYE=
2022.11.25 12:52:12#Forward to DBBL Payment Gateway Page: https://ecom1.dutchbanglabank.com/ecomm2/ClientHandler?card_type=6&trans_id=E5jE2cwzC6YABWDdLWUjhtEHKYE%3D
2022.11.25 13:04:38#=================== Start New Transaction ===================
2022.11.25 13:04:38#txnrefnum:MBD2004415
2022.11.25 13:04:38#clientIp:116.58.202.143
2022.11.25 13:04:38#card type:6
2022.11.25 13:04:38#totalamount:82000
2022.11.25 13:04:40#result:TRANSACTION_ID:VbGLS9BWcki9pDUDP0w8zkW9P8k=
2022.11.25 13:04:41#Forward to DBBL Payment Gateway Page: https://ecom1.dutchbanglabank.com/ecomm2/ClientHandler?card_type=6&trans_id=VbGLS9BWcki9pDUDP0w8zkW9P8k%3D
2022.11.25 13:18:13#---------------------- Complete New Transaction---------------------
2022.11.25 13:18:13#Get trans_id From Post Value:E5jE2cwzC6YABWDdLWUjhtEHKYE=
2022.11.25 13:18:13#clientIp:103.96.36.234
2022.11.25 13:18:13#trans_id:E5jE2cwzC6YABWDdLWUjhtEHKYE=
2022.11.25 13:18:16#result:RESULT>TIMEOUT^RESULT_CODE>999^3DSECURE>0^RRN>0^APPROVAL_CODE>0^CARD_NUMBER>0^AMOUNT>642000^CARDNAME>0^DESCRIPTION>6MBM2209251^TRANS_DATE>2022-11-25 07:18:12 PM
2022.11.25 13:18:16#Failed
2022.11.25 13:18:51#=================== Start New Transaction ===================
2022.11.25 13:18:51#txnrefnum:MBM2209251
2022.11.25 13:18:51#clientIp:103.96.36.234
2022.11.25 13:18:51#card type:6
2022.11.25 13:18:51#totalamount:642000
2022.11.25 13:18:54#=================== Start New Transaction ===================
2022.11.25 13:18:54#txnrefnum:MBM2209251
2022.11.25 13:18:54#clientIp:103.96.36.234
2022.11.25 13:18:54#card type:6
2022.11.25 13:18:54#totalamount:642000
2022.11.25 13:18:54#result:TRANSACTION_ID:gjXcqoM7ACmr1tjYOXZt7eKrafc=
2022.11.25 13:18:54#Forward to DBBL Payment Gateway Page: https://ecom1.dutchbanglabank.com/ecomm2/ClientHandler?card_type=6&trans_id=gjXcqoM7ACmr1tjYOXZt7eKrafc%3D
2022.11.25 13:18:57#result:TRANSACTION_ID:AeF3SrLJ2g8AK0p2dU9MejXfXiA=
2022.11.25 13:18:57#Forward to DBBL Payment Gateway Page: https://ecom1.dutchbanglabank.com/ecomm2/ClientHandler?card_type=6&trans_id=AeF3SrLJ2g8AK0p2dU9MejXfXiA%3D
2022.11.25 13:19:16#---------------------- Complete New Transaction---------------------
2022.11.25 13:19:16#Get trans_id From Post Value:AeF3SrLJ2g8AK0p2dU9MejXfXiA=
2022.11.25 13:19:16#clientIp:103.96.36.234
2022.11.25 13:19:16#trans_id:AeF3SrLJ2g8AK0p2dU9MejXfXiA=
2022.11.25 13:19:18#result:RESULT>OK^RESULT_CODE>000^3DSECURE>SKIPPED^RRN>232913193725^APPROVAL_CODE>192664^CARD_NUMBER>999999*********8884^AMOUNT>642000^CARDNAME>mb account^DESCRIPTION>6MBM2209251^TRANS_DATE>2022-11-25 07:19:15 PM
2022.11.25 13:19:18#20134925011918
2022.11.25 13:19:18#20134925011918
2022.11.25 13:19:18#20134925011918
2022.11.25 13:19:18#20134925011918
2022.11.25 13:19:18#20134925011918
2022.11.25 13:19:18#20134925011918
2022.11.25 13:19:18#20134925011918
2022.11.25 13:19:18#20134925011918
2022.11.25 13:19:18#20134925011918
2022.11.25 13:19:18#20134925011918
2022.11.25 13:19:18#20134925011918
2022.11.25 13:19:19#20134925011918
2022.11.25 13:19:19#20134925011918
2022.11.25 13:19:19#20134925011918
2022.11.25 13:19:19#20134925011918
2022.11.25 13:19:19#20134925011918
2022.11.25 13:19:19#=================== Transaction Completed =======================
2022.11.25 13:28:19#=================== Start New Transaction ===================
2022.11.25 13:28:19#txnrefnum:BBD2008077
2022.11.25 13:28:19#clientIp:157.119.236.104
2022.11.25 13:28:19#card type:6
2022.11.25 13:28:19#totalamount:162000
2022.11.25 13:28:21#result:TRANSACTION_ID:nx1CY6exkgkCAFbL6BQN9QOSwBE=
2022.11.25 13:28:22#Forward to DBBL Payment Gateway Page: https://ecom1.dutchbanglabank.com/ecomm2/ClientHandler?card_type=6&trans_id=nx1CY6exkgkCAFbL6BQN9QOSwBE%3D
2022.11.25 13:29:06#---------------------- Complete New Transaction---------------------
2022.11.25 13:29:06#Get trans_id From Post Value:nx1CY6exkgkCAFbL6BQN9QOSwBE=
2022.11.25 13:29:06#clientIp:157.119.236.104
2022.11.25 13:29:06#trans_id:nx1CY6exkgkCAFbL6BQN9QOSwBE=
2022.11.25 13:29:08#result:RESULT>OK^RESULT_CODE>000^3DSECURE>SKIPPED^RRN>232913194336^APPROVAL_CODE>271421^CARD_NUMBER>999999*********1121^AMOUNT>162000^CARDNAME>mb account^DESCRIPTION>6BBD2008077^TRANS_DATE>2022-11-25 07:29:05 PM
2022.11.25 13:29:08#26931225012908
2022.11.25 13:29:08#26931225012908
2022.11.25 13:29:08#26931225012908
2022.11.25 13:29:08#26931225012908
2022.11.25 13:29:08#=================== Transaction Completed =======================
2022.11.25 13:57:44#=================== Start New Transaction ===================
2022.11.25 13:57:44#txnrefnum:MEM2201601
2022.11.25 13:57:44#clientIp:45.127.247.3
2022.11.25 13:57:44#card type:6
2022.11.25 13:57:44#totalamount:392000
2022.11.25 13:57:46#result:TRANSACTION_ID:kmiQySQSk3CJXcZPWqGiqVNK4bk=
2022.11.25 13:57:46#Forward to DBBL Payment Gateway Page: https://ecom1.dutchbanglabank.com/ecomm2/ClientHandler?card_type=6&trans_id=kmiQySQSk3CJXcZPWqGiqVNK4bk%3D
2022.11.25 14:17:41#=================== Start New Transaction ===================
2022.11.25 14:17:41#txnrefnum:MBM2206311
2022.11.25 14:17:41#clientIp:103.58.72.12
2022.11.25 14:17:41#card type:6
2022.11.25 14:17:41#totalamount:402000
2022.11.25 14:17:43#result:TRANSACTION_ID:XxGoKCAlLAhGKTyn7ZpwrJXEkSE=
2022.11.25 14:17:44#Forward to DBBL Payment Gateway Page: https://ecom1.dutchbanglabank.com/ecomm2/ClientHandler?card_type=6&trans_id=XxGoKCAlLAhGKTyn7ZpwrJXEkSE%3D
2022.11.25 14:18:20#---------------------- Complete New Transaction---------------------
2022.11.25 14:18:20#Get trans_id From Post Value:XxGoKCAlLAhGKTyn7ZpwrJXEkSE=
2022.11.25 14:18:20#clientIp:103.58.72.12
2022.11.25 14:18:20#trans_id:XxGoKCAlLAhGKTyn7ZpwrJXEkSE=
2022.11.25 14:18:21#result:RESULT>OK^RESULT_CODE>000^3DSECURE>SKIPPED^RRN>232914197244^APPROVAL_CODE>512895^CARD_NUMBER>999999*********0014^AMOUNT>402000^CARDNAME>mb account^DESCRIPTION>6MBM2206311^TRANS_DATE>2022-11-25 08:18:19 PM
2022.11.25 14:18:21#24357525021821
2022.11.25 14:18:21#24357525021821
2022.11.25 14:18:21#24357525021821
2022.11.25 14:18:22#24357525021821
2022.11.25 14:18:22#24357525021821
2022.11.25 14:18:22#24357525021821
2022.11.25 14:18:22#24357525021821
2022.11.25 14:18:22#24357525021821
2022.11.25 14:18:22#24357525021821
2022.11.25 14:18:22#24357525021821
2022.11.25 14:18:22#=================== Transaction Completed =======================
2022.11.25 14:19:19#=================== Start New Transaction ===================
2022.11.25 14:19:19#txnrefnum:MBD2209012
2022.11.25 14:19:19#clientIp:123.253.65.105
2022.11.25 14:19:19#card type:6
2022.11.25 14:19:19#totalamount:562000
2022.11.25 14:19:22#result:TRANSACTION_ID:ccZc7b3bTSFGROdK8Wuao1ol9pc=
2022.11.25 14:19:22#Forward to DBBL Payment Gateway Page: https://ecom1.dutchbanglabank.com/ecomm2/ClientHandler?card_type=6&trans_id=ccZc7b3bTSFGROdK8Wuao1ol9pc%3D
2022.11.25 14:20:31#---------------------- Complete New Transaction---------------------
2022.11.25 14:20:31#Get trans_id From Post Value:ccZc7b3bTSFGROdK8Wuao1ol9pc=
2022.11.25 14:20:31#clientIp:123.253.65.105
2022.11.25 14:20:31#trans_id:ccZc7b3bTSFGROdK8Wuao1ol9pc=
2022.11.25 14:20:33#result:RESULT>OK^RESULT_CODE>000^3DSECURE>SKIPPED^RRN>232914197367^APPROVAL_CODE>557197^CARD_NUMBER>999999*********9800^AMOUNT>562000^CARDNAME>mb account^DESCRIPTION>6MBD2209012^TRANS_DATE>2022-11-25 08:20:30 PM
2022.11.25 14:20:33#20287425022033
2022.11.25 14:20:33#20287425022033
2022.11.25 14:20:33#20287425022033
2022.11.25 14:20:33#20287425022033
2022.11.25 14:20:33#20287425022033
2022.11.25 14:20:33#20287425022033
2022.11.25 14:20:33#20287425022033
2022.11.25 14:20:33#20287425022033
2022.11.25 14:20:33#20287425022033
2022.11.25 14:20:33#20287425022033
2022.11.25 14:20:33#20287425022033
2022.11.25 14:20:34#20287425022033
2022.11.25 14:20:34#20287425022033
2022.11.25 14:20:34#20287425022033
2022.11.25 14:20:34#=================== Transaction Completed =======================
2022.11.25 15:10:12#=================== Start New Transaction ===================
2022.11.25 15:10:12#txnrefnum:MBD2006413
2022.11.25 15:10:12#clientIp:103.140.176.150
2022.11.25 15:10:12#card type:6
2022.11.25 15:10:12#totalamount:162000
2022.11.25 15:10:14#result:TRANSACTION_ID:P5dtTbPMgU4YcStEiqvtXg5ugv4=
2022.11.25 15:10:14#Forward to DBBL Payment Gateway Page: https://ecom1.dutchbanglabank.com/ecomm2/ClientHandler?card_type=6&trans_id=P5dtTbPMgU4YcStEiqvtXg5ugv4%3D
2022.11.25 15:10:19#=================== Start New Transaction ===================
2022.11.25 15:10:19#txnrefnum:MBD2006414
2022.11.25 15:10:19#clientIp:103.140.176.150
2022.11.25 15:10:19#card type:6
2022.11.25 15:10:19#totalamount:162000
2022.11.25 15:10:22#result:TRANSACTION_ID:nOruOIA6NEzZzKl1co1JjXzeSHg=
2022.11.25 15:10:22#Forward to DBBL Payment Gateway Page: https://ecom1.dutchbanglabank.com/ecomm2/ClientHandler?card_type=6&trans_id=nOruOIA6NEzZzKl1co1JjXzeSHg%3D
2022.11.25 15:11:18#---------------------- Complete New Transaction---------------------
2022.11.25 15:11:18#Get trans_id From Post Value:P5dtTbPMgU4YcStEiqvtXg5ugv4=
2022.11.25 15:11:18#clientIp:103.140.176.150
2022.11.25 15:11:18#trans_id:P5dtTbPMgU4YcStEiqvtXg5ugv4=
2022.11.25 15:11:20#result:RESULT>OK^RESULT_CODE>000^3DSECURE>SKIPPED^RRN>232915199918^APPROVAL_CODE>488449^CARD_NUMBER>999999*********6179^AMOUNT>162000^CARDNAME>mb account^DESCRIPTION>6MBD2006413^TRANS_DATE>2022-11-25 09:11:16 PM
2022.11.25 15:11:20#18444325031120
2022.11.25 15:11:20#18444325031120
2022.11.25 15:11:20#18444325031120
2022.11.25 15:11:20#18444325031120
2022.11.25 15:11:20#=================== Transaction Completed =======================
2022.11.25 15:11:49#---------------------- Complete New Transaction---------------------
2022.11.25 15:11:49#Get trans_id From Post Value:nOruOIA6NEzZzKl1co1JjXzeSHg=
2022.11.25 15:11:49#clientIp:103.140.176.150
2022.11.25 15:11:49#trans_id:nOruOIA6NEzZzKl1co1JjXzeSHg=
2022.11.25 15:11:51#result:RESULT>OK^RESULT_CODE>000^3DSECURE>SKIPPED^RRN>232915199946^APPROVAL_CODE>702685^CARD_NUMBER>999999*********6179^AMOUNT>162000^CARDNAME>mb account^DESCRIPTION>6MBD2006414^TRANS_DATE>2022-11-25 09:11:46 PM
2022.11.25 15:11:51#18445425031151
2022.11.25 15:11:51#18445425031151
2022.11.25 15:11:51#18445425031151
2022.11.25 15:11:51#18445425031151
2022.11.25 15:11:51#=================== Transaction Completed =======================
2022.11.25 16:21:49#=================== Start New Transaction ===================
2022.11.25 16:21:49#txnrefnum:MBD2207014
2022.11.25 16:21:49#clientIp:103.166.153.225
2022.11.25 16:21:49#card type:6
2022.11.25 16:21:49#totalamount:642000
2022.11.25 16:21:50#=================== Start New Transaction ===================
2022.11.25 16:21:50#txnrefnum:MBD2207014
2022.11.25 16:21:50#clientIp:103.166.153.225
2022.11.25 16:21:50#card type:6
2022.11.25 16:21:50#totalamount:642000
2022.11.25 16:21:52#result:TRANSACTION_ID:5C0eUPUK4WAuWzDnYRwpuv421Ck=
2022.11.25 16:21:52#Forward to DBBL Payment Gateway Page: https://ecom1.dutchbanglabank.com/ecomm2/ClientHandler?card_type=6&trans_id=5C0eUPUK4WAuWzDnYRwpuv421Ck%3D
2022.11.25 16:21:53#result:TRANSACTION_ID:ZmSPbR7afqMTmepv3YoPfIIII90=
2022.11.25 16:21:53#Forward to DBBL Payment Gateway Page: https://ecom1.dutchbanglabank.com/ecomm2/ClientHandler?card_type=6&trans_id=ZmSPbR7afqMTmepv3YoPfIIII90%3D