
2022.11.11 01:54:31#=================== Start New Transaction ===================
2022.11.11 01:54:31#txnrefnum:MBD2202404
2022.11.11 01:54:31#clientIp:37.111.202.6
2022.11.11 01:54:31#card type:6
2022.11.11 01:54:31#totalamount:542000
2022.11.11 01:54:34#result:TRANSACTION_ID:ucFb4sgUZScZOLIiUGTYQPAOpZ0=
2022.11.11 01:54:34#Forward to DBBL Payment Gateway Page: https://ecom1.dutchbanglabank.com/ecomm2/ClientHandler?card_type=6&trans_id=ucFb4sgUZScZOLIiUGTYQPAOpZ0%3D
2022.11.11 01:56:13#---------------------- Complete New Transaction---------------------
2022.11.11 01:56:13#Get trans_id From Post Value:ucFb4sgUZScZOLIiUGTYQPAOpZ0=
2022.11.11 01:56:13#clientIp:37.111.202.6
2022.11.11 01:56:13#trans_id:ucFb4sgUZScZOLIiUGTYQPAOpZ0=
2022.11.11 01:56:15#result:RESULT>OK^RESULT_CODE>000^3DSECURE>SKIPPED^RRN>231501187026^APPROVAL_CODE>484485^CARD_NUMBER>999999*********9347^AMOUNT>542000^CARDNAME>mb account^DESCRIPTION>6MBD2202404^TRANS_DATE>2022-11-11 07:56:12 AM
2022.11.11 01:56:15#8958611015615
2022.11.11 01:56:15#8958611015615
2022.11.11 01:56:15#8958611015615
2022.11.11 01:56:15#8958611015615
2022.11.11 01:56:15#8958611015615
2022.11.11 01:56:15#8958611015615
2022.11.11 01:56:15#8958611015615
2022.11.11 01:56:15#8958611015615
2022.11.11 01:56:15#8958611015615
2022.11.11 01:56:15#8958611015615
2022.11.11 01:56:15#8958611015615
2022.11.11 01:56:15#8958611015615
2022.11.11 01:56:15#8958611015615
2022.11.11 01:56:15#8958611015615
2022.11.11 01:56:15#=================== Transaction Completed =======================
2022.11.11 02:18:09#=================== Start New Transaction ===================
2022.11.11 02:18:09#txnrefnum:MEM2003024
2022.11.11 02:18:09#clientIp:103.154.49.15
2022.11.11 02:18:09#card type:6
2022.11.11 02:18:09#totalamount:62000
2022.11.11 02:18:12#result:TRANSACTION_ID:jWXz1DEEUr2sRefBKpF2m4KCjcM=
2022.11.11 02:18:12#Forward to DBBL Payment Gateway Page: https://ecom1.dutchbanglabank.com/ecomm2/ClientHandler?card_type=6&trans_id=jWXz1DEEUr2sRefBKpF2m4KCjcM%3D
2022.11.11 02:19:19#---------------------- Complete New Transaction---------------------
2022.11.11 02:19:19#Get trans_id From Post Value:jWXz1DEEUr2sRefBKpF2m4KCjcM=
2022.11.11 02:19:19#clientIp:103.154.49.15
2022.11.11 02:19:19#trans_id:jWXz1DEEUr2sRefBKpF2m4KCjcM=
2022.11.11 02:19:20#result:RESULT>OK^RESULT_CODE>000^3DSECURE>SKIPPED^RRN>231502188122^APPROVAL_CODE>811844^CARD_NUMBER>999999*********8174^AMOUNT>62000^CARDNAME>mb account^DESCRIPTION>6MEM2003024^TRANS_DATE>2022-11-11 08:19:18 AM
2022.11.11 02:19:21#32697511021920
2022.11.11 02:19:21#32697511021920
2022.11.11 02:19:21#=================== Transaction Completed =======================
2022.11.11 02:23:54#=================== Start New Transaction ===================
2022.11.11 02:23:54#txnrefnum:MEM2003024
2022.11.11 02:23:54#clientIp:103.154.49.15
2022.11.11 02:23:54#card type:6
2022.11.11 02:23:54#totalamount:332000
2022.11.11 02:23:57#result:TRANSACTION_ID:Zka3T91JWlK9Pa0qoty9x5yGybY=
2022.11.11 02:23:57#Forward to DBBL Payment Gateway Page: https://ecom1.dutchbanglabank.com/ecomm2/ClientHandler?card_type=6&trans_id=Zka3T91JWlK9Pa0qoty9x5yGybY%3D
2022.11.11 02:24:53#---------------------- Complete New Transaction---------------------
2022.11.11 02:24:53#Get trans_id From Post Value:Zka3T91JWlK9Pa0qoty9x5yGybY=
2022.11.11 02:24:53#clientIp:103.154.49.15
2022.11.11 02:24:53#trans_id:Zka3T91JWlK9Pa0qoty9x5yGybY=
2022.11.11 02:24:55#result:RESULT>OK^RESULT_CODE>000^3DSECURE>SKIPPED^RRN>231502188370^APPROVAL_CODE>817755^CARD_NUMBER>999999*********8174^AMOUNT>332000^CARDNAME>mb account^DESCRIPTION>6MEM2003024^TRANS_DATE>2022-11-11 08:24:52 AM
2022.11.11 02:24:55#13032111022455
2022.11.11 02:24:55#13032111022455
2022.11.11 02:24:55#13032111022455
2022.11.11 02:24:55#13032111022455
2022.11.11 02:24:55#13032111022455
2022.11.11 02:24:55#13032111022455
2022.11.11 02:24:55#=================== Transaction Completed =======================
2022.11.11 03:11:57#=================== Start New Transaction ===================
2022.11.11 03:11:57#txnrefnum:BBD2002028
2022.11.11 03:11:57#clientIp:202.134.14.130
2022.11.11 03:11:57#card type:6
2022.11.11 03:11:57#totalamount:442000
2022.11.11 03:12:01#result:TRANSACTION_ID:Jguwl1XUorV5Sc1jWQYXJDyUPqE=
2022.11.11 03:12:01#Forward to DBBL Payment Gateway Page: https://ecom1.dutchbanglabank.com/ecomm2/ClientHandler?card_type=6&trans_id=Jguwl1XUorV5Sc1jWQYXJDyUPqE%3D
2022.11.11 03:14:40#=================== Start New Transaction ===================
2022.11.11 03:14:40#txnrefnum:BBD2002028
2022.11.11 03:14:40#clientIp:202.134.14.130
2022.11.11 03:14:40#card type:6
2022.11.11 03:14:40#totalamount:442000
2022.11.11 03:14:43#result:TRANSACTION_ID:Fh2B78SKxSPRSR2wxlXouxcupeE=
2022.11.11 03:14:43#Forward to DBBL Payment Gateway Page: https://ecom1.dutchbanglabank.com/ecomm2/ClientHandler?card_type=6&trans_id=Fh2B78SKxSPRSR2wxlXouxcupeE%3D
2022.11.11 03:17:28#---------------------- Complete New Transaction---------------------
2022.11.11 03:17:28#Get trans_id From Post Value:Fh2B78SKxSPRSR2wxlXouxcupeE=
2022.11.11 03:17:28#clientIp:202.134.14.130
2022.11.11 03:17:28#trans_id:Fh2B78SKxSPRSR2wxlXouxcupeE=
2022.11.11 03:17:29#result:RESULT>OK^RESULT_CODE>000^3DSECURE>SKIPPED^RRN>231503190562^APPROVAL_CODE>924495^CARD_NUMBER>999999*********5989^AMOUNT>442000^CARDNAME>mb account^DESCRIPTION>6BBD2002028^TRANS_DATE>2022-11-11 09:17:27 AM
2022.11.11 03:17:29#30721511031729
2022.11.11 03:17:29#30721511031729
2022.11.11 03:17:29#30721511031729
2022.11.11 03:17:29#30721511031729
2022.11.11 03:17:29#30721511031729
2022.11.11 03:17:29#30721511031729
2022.11.11 03:17:29#=================== Transaction Completed =======================
2022.11.11 03:21:15#=================== Start New Transaction ===================
2022.11.11 03:21:15#txnrefnum:BBD2002028
2022.11.11 03:21:15#clientIp:202.134.14.130
2022.11.11 03:21:15#card type:6
2022.11.11 03:21:15#totalamount:702000
2022.11.11 03:21:17#result:TRANSACTION_ID:vE7NH47o9naQdiQtMNKyN61JA8M=
2022.11.11 03:21:18#Forward to DBBL Payment Gateway Page: https://ecom1.dutchbanglabank.com/ecomm2/ClientHandler?card_type=6&trans_id=vE7NH47o9naQdiQtMNKyN61JA8M%3D
2022.11.11 04:05:22#=================== Start New Transaction ===================
2022.11.11 04:05:22#txnrefnum:BBM2005014
2022.11.11 04:05:22#clientIp:103.162.230.252
2022.11.11 04:05:22#card type:6
2022.11.11 04:05:22#totalamount:242000
2022.11.11 04:05:25#result:TRANSACTION_ID:QpP5pPm70ook7imvDuAePWha3gQ=
2022.11.11 04:05:25#Forward to DBBL Payment Gateway Page: https://ecom1.dutchbanglabank.com/ecomm2/ClientHandler?card_type=6&trans_id=QpP5pPm70ook7imvDuAePWha3gQ%3D
2022.11.11 04:06:42#---------------------- Complete New Transaction---------------------
2022.11.11 04:06:42#Get trans_id From Post Value:QpP5pPm70ook7imvDuAePWha3gQ=
2022.11.11 04:06:44#clientIp:103.162.230.252
2022.11.11 04:06:44#trans_id:QpP5pPm70ook7imvDuAePWha3gQ=
2022.11.11 04:06:45#result:RESULT>OK^RESULT_CODE>000^3DSECURE>SKIPPED^RRN>231504193283^APPROVAL_CODE>083795^CARD_NUMBER>999999*********9200^AMOUNT>242000^CARDNAME>mb account^DESCRIPTION>6BBM2005014^TRANS_DATE>2022-11-11 10:06:39 AM
2022.11.11 04:06:45#24969911040645
2022.11.11 04:06:45#24969911040645
2022.11.11 04:06:45#24969911040645
2022.11.11 04:06:45#24969911040645
2022.11.11 04:06:45#24969911040645
2022.11.11 04:06:45#24969911040645
2022.11.11 04:06:45#=================== Transaction Completed =======================
2022.11.11 04:39:26#=================== Start New Transaction ===================
2022.11.11 04:39:26#txnrefnum:BBD2007084
2022.11.11 04:39:26#clientIp:103.173.10.42
2022.11.11 04:39:26#card type:6
2022.11.11 04:39:26#totalamount:562000
2022.11.11 04:39:29#result:TRANSACTION_ID:zgXp8sA3mnGv20lGciTm6lTP99M=
2022.11.11 04:39:29#Forward to DBBL Payment Gateway Page: https://ecom1.dutchbanglabank.com/ecomm2/ClientHandler?card_type=6&trans_id=zgXp8sA3mnGv20lGciTm6lTP99M%3D
2022.11.11 04:40:39#---------------------- Complete New Transaction---------------------
2022.11.11 04:40:39#Get trans_id From Post Value:zgXp8sA3mnGv20lGciTm6lTP99M=
2022.11.11 04:40:39#clientIp:103.173.10.42
2022.11.11 04:40:39#trans_id:zgXp8sA3mnGv20lGciTm6lTP99M=
2022.11.11 04:40:41#result:RESULT>OK^RESULT_CODE>000^3DSECURE>SKIPPED^RRN>231504195951^APPROVAL_CODE>226737^CARD_NUMBER>999999*********8697^AMOUNT>562000^CARDNAME>mb account^DESCRIPTION>6BBD2007084^TRANS_DATE>2022-11-11 10:40:38 AM
2022.11.11 04:40:41#26140211044041
2022.11.11 04:40:41#26140211044041
2022.11.11 04:40:41#26140211044041
2022.11.11 04:40:41#26140211044041
2022.11.11 04:40:41#26140211044041
2022.11.11 04:40:41#26140211044041
2022.11.11 04:40:41#26140211044041
2022.11.11 04:40:41#26140211044041
2022.11.11 04:40:41#26140211044041
2022.11.11 04:40:41#26140211044041
2022.11.11 04:40:41#26140211044041
2022.11.11 04:40:41#26140211044041
2022.11.11 04:40:41#26140211044041
2022.11.11 04:40:41#26140211044041
2022.11.11 04:40:41#=================== Transaction Completed =======================
2022.11.11 04:43:12#=================== Start New Transaction ===================
2022.11.11 04:43:12#txnrefnum:MBD2007190
2022.11.11 04:43:12#clientIp:123.136.24.129
2022.11.11 04:43:12#card type:6
2022.11.11 04:43:12#totalamount:322000
2022.11.11 04:43:15#result:TRANSACTION_ID:CwBiQys7Ojtm9SkbzQRYvkSAoVI=
2022.11.11 04:43:15#Forward to DBBL Payment Gateway Page: https://ecom1.dutchbanglabank.com/ecomm2/ClientHandler?card_type=6&trans_id=CwBiQys7Ojtm9SkbzQRYvkSAoVI%3D
2022.11.11 04:44:34#---------------------- Complete New Transaction---------------------
2022.11.11 04:44:34#Get trans_id From Post Value:CwBiQys7Ojtm9SkbzQRYvkSAoVI=
2022.11.11 04:44:34#clientIp:123.136.24.129
2022.11.11 04:44:34#trans_id:CwBiQys7Ojtm9SkbzQRYvkSAoVI=
2022.11.11 04:44:35#result:RESULT>OK^RESULT_CODE>000^3DSECURE>SKIPPED^RRN>231504196267^APPROVAL_CODE>287859^CARD_NUMBER>999999*********5531^AMOUNT>322000^CARDNAME>mb account^DESCRIPTION>6MBD2007190^TRANS_DATE>2022-11-11 10:44:31 AM
2022.11.11 04:44:35#19363711044435
2022.11.11 04:44:35#19363711044435
2022.11.11 04:44:35#19363711044435
2022.11.11 04:44:35#19363711044435
2022.11.11 04:44:35#19363711044435
2022.11.11 04:44:35#19363711044435
2022.11.11 04:44:35#19363711044435
2022.11.11 04:44:35#19363711044435
2022.11.11 04:44:35#=================== Transaction Completed =======================
2022.11.11 04:56:32#=================== Start New Transaction ===================
2022.11.11 04:56:32#txnrefnum:BBD2203022
2022.11.11 04:56:32#clientIp:114.130.185.145
2022.11.11 04:56:32#card type:6
2022.11.11 04:56:32#totalamount:622000
2022.11.11 04:56:36#result:TRANSACTION_ID:VuTufGfs4vihYPrjfTv1fSYuiUw=
2022.11.11 04:56:36#Forward to DBBL Payment Gateway Page: https://ecom1.dutchbanglabank.com/ecomm2/ClientHandler?card_type=6&trans_id=VuTufGfs4vihYPrjfTv1fSYuiUw%3D
2022.11.11 04:57:18#---------------------- Complete New Transaction---------------------
2022.11.11 04:57:18#Get trans_id From Post Value:VuTufGfs4vihYPrjfTv1fSYuiUw=
2022.11.11 04:57:18#clientIp:114.130.185.145
2022.11.11 04:57:18#trans_id:VuTufGfs4vihYPrjfTv1fSYuiUw=
2022.11.11 04:57:19#result:RESULT>FAILED^RESULT_CODE>116^3DSECURE>SKIPPED^RRN>231504197309^APPROVAL_CODE>0^CARD_NUMBER>999999*********6896^AMOUNT>622000^CARDNAME>mb account^DESCRIPTION>6BBD2203022^TRANS_DATE>2022-11-11 10:57:16 AM
2022.11.11 04:57:19#Not Sufficient Amount
2022.11.11 04:57:29#=================== Start New Transaction ===================
2022.11.11 04:57:29#txnrefnum:BBD2203022
2022.11.11 04:57:29#clientIp:114.130.185.145
2022.11.11 04:57:29#card type:6
2022.11.11 04:57:29#totalamount:622000
2022.11.11 04:57:32#result:TRANSACTION_ID:nPSpmIdywNPsM0iQ95pWKUSreTU=
2022.11.11 04:57:32#Forward to DBBL Payment Gateway Page: https://ecom1.dutchbanglabank.com/ecomm2/ClientHandler?card_type=6&trans_id=nPSpmIdywNPsM0iQ95pWKUSreTU%3D
2022.11.11 04:57:42#=================== Start New Transaction ===================
2022.11.11 04:57:42#txnrefnum:BBD2008096
2022.11.11 04:57:42#clientIp:157.119.238.34
2022.11.11 04:57:42#card type:6
2022.11.11 04:57:42#totalamount:242000
2022.11.11 04:57:45#result:TRANSACTION_ID:qvWfP4FVvbvQBx2SKD5ub9pGIFI=
2022.11.11 04:57:45#Forward to DBBL Payment Gateway Page: https://ecom1.dutchbanglabank.com/ecomm2/ClientHandler?card_type=6&trans_id=qvWfP4FVvbvQBx2SKD5ub9pGIFI%3D
2022.11.11 04:58:39#---------------------- Complete New Transaction---------------------
2022.11.11 04:58:39#Get trans_id From Post Value:qvWfP4FVvbvQBx2SKD5ub9pGIFI=
2022.11.11 04:58:39#clientIp:157.119.238.34
2022.11.11 04:58:39#trans_id:qvWfP4FVvbvQBx2SKD5ub9pGIFI=
2022.11.11 04:58:41#result:RESULT>OK^RESULT_CODE>000^3DSECURE>SKIPPED^RRN>231504197433^APPROVAL_CODE>358618^CARD_NUMBER>999999*********9995^AMOUNT>242000^CARDNAME>mb account^DESCRIPTION>6BBD2008096^TRANS_DATE>2022-11-11 10:58:38 AM
2022.11.11 04:58:41#26848611045841
2022.11.11 04:58:41#26848611045841
2022.11.11 04:58:41#26848611045841
2022.11.11 04:58:41#26848611045841
2022.11.11 04:58:41#26848611045841
2022.11.11 04:58:41#26848611045841
2022.11.11 04:58:41#=================== Transaction Completed =======================
2022.11.11 04:58:52#=================== Start New Transaction ===================
2022.11.11 04:58:53#txnrefnum:BBD2203022
2022.11.11 04:58:53#clientIp:114.130.185.145
2022.11.11 04:58:53#card type:6
2022.11.11 04:58:53#totalamount:622000
2022.11.11 04:58:55#result:TRANSACTION_ID:UJm2B3rRh1xNMEZu5uevNw5xSa4=
2022.11.11 04:58:55#Forward to DBBL Payment Gateway Page: https://ecom1.dutchbanglabank.com/ecomm2/ClientHandler?card_type=6&trans_id=UJm2B3rRh1xNMEZu5uevNw5xSa4%3D
2022.11.11 04:59:12#---------------------- Complete New Transaction---------------------
2022.11.11 04:59:12#Get trans_id From Post Value:UJm2B3rRh1xNMEZu5uevNw5xSa4=
2022.11.11 04:59:12#clientIp:114.130.185.145
2022.11.11 04:59:12#trans_id:UJm2B3rRh1xNMEZu5uevNw5xSa4=
2022.11.11 04:59:13#result:RESULT>OK^RESULT_CODE>000^3DSECURE>SKIPPED^RRN>231504197481^APPROVAL_CODE>359393^CARD_NUMBER>999999*********6175^AMOUNT>622000^CARDNAME>mb account^DESCRIPTION>6BBD2203022^TRANS_DATE>2022-11-11 10:59:10 AM
2022.11.11 04:59:13#22879711045913
2022.11.11 04:59:13#22879711045913
2022.11.11 04:59:13#22879711045913
2022.11.11 04:59:13#22879711045913
2022.11.11 04:59:13#22879711045913
2022.11.11 04:59:13#22879711045913
2022.11.11 04:59:13#22879711045913
2022.11.11 04:59:13#22879711045913
2022.11.11 04:59:13#22879711045913
2022.11.11 04:59:13#22879711045913
2022.11.11 04:59:13#22879711045913
2022.11.11 04:59:13#22879711045913
2022.11.11 04:59:13#22879711045913
2022.11.11 04:59:13#22879711045913
2022.11.11 04:59:13#22879711045913
2022.11.11 04:59:13#22879711045913
2022.11.11 04:59:13#=================== Transaction Completed =======================
2022.11.11 05:01:06#=================== Start New Transaction ===================
2022.11.11 05:01:06#txnrefnum:BBB2101193
2022.11.11 05:01:06#clientIp:157.119.238.34
2022.11.11 05:01:06#card type:6
2022.11.11 05:01:06#totalamount:222000
2022.11.11 05:01:09#result:TRANSACTION_ID:akaFPbVJb3vK7exfPhKlPc0PmOM=
2022.11.11 05:01:09#Forward to DBBL Payment Gateway Page: https://ecom1.dutchbanglabank.com/ecomm2/ClientHandler?card_type=6&trans_id=akaFPbVJb3vK7exfPhKlPc0PmOM%3D
2022.11.11 05:01:40#=================== Start New Transaction ===================
2022.11.11 05:01:40#txnrefnum:BBD2006189
2022.11.11 05:01:40#clientIp:114.130.185.145
2022.11.11 05:01:40#card type:6
2022.11.11 05:01:40#totalamount:482000
2022.11.11 05:01:43#result:TRANSACTION_ID:2busW9CdPKTG8pTAqlCW8zIcab4=
2022.11.11 05:01:44#Forward to DBBL Payment Gateway Page: https://ecom1.dutchbanglabank.com/ecomm2/ClientHandler?card_type=6&trans_id=2busW9CdPKTG8pTAqlCW8zIcab4%3D
2022.11.11 05:02:03#---------------------- Complete New Transaction---------------------
2022.11.11 05:02:03#Get trans_id From Post Value:akaFPbVJb3vK7exfPhKlPc0PmOM=
2022.11.11 05:02:03#clientIp:157.119.238.34
2022.11.11 05:02:03#trans_id:akaFPbVJb3vK7exfPhKlPc0PmOM=
2022.11.11 05:02:05#result:RESULT>OK^RESULT_CODE>000^3DSECURE>SKIPPED^RRN>231505197740^APPROVAL_CODE>401034^CARD_NUMBER>999999*********9995^AMOUNT>222000^CARDNAME>mb account^DESCRIPTION>6BBB2101193^TRANS_DATE>2022-11-11 11:02:01 AM
2022.11.11 05:02:05#22636711050205
2022.11.11 05:02:05#22636711050205
2022.11.11 05:02:05#22636711050205
2022.11.11 05:02:05#22636711050205
2022.11.11 05:02:05#22636711050205
2022.11.11 05:02:05#22636711050205
2022.11.11 05:02:05#=================== Transaction Completed =======================
2022.11.11 05:02:14#---------------------- Complete New Transaction---------------------
2022.11.11 05:02:14#Get trans_id From Post Value:2busW9CdPKTG8pTAqlCW8zIcab4=
2022.11.11 05:02:14#clientIp:114.130.185.145
2022.11.11 05:02:14#trans_id:2busW9CdPKTG8pTAqlCW8zIcab4=
2022.11.11 05:02:16#result:RESULT>OK^RESULT_CODE>000^3DSECURE>SKIPPED^RRN>231505197748^APPROVAL_CODE>363729^CARD_NUMBER>999999*********6175^AMOUNT>482000^CARDNAME>mb account^DESCRIPTION>6BBD2006189^TRANS_DATE>2022-11-11 11:02:13 AM
2022.11.11 05:02:16#25465911050216
2022.11.11 05:02:16#25465911050216
2022.11.11 05:02:16#25465911050216
2022.11.11 05:02:16#25465911050216
2022.11.11 05:02:16#25465911050216
2022.11.11 05:02:16#25465911050216
2022.11.11 05:02:16#25465911050216
2022.11.11 05:02:16#25465911050216
2022.11.11 05:02:16#25465911050216
2022.11.11 05:02:16#25465911050216
2022.11.11 05:02:16#25465911050216
2022.11.11 05:02:16#25465911050216
2022.11.11 05:02:16#=================== Transaction Completed =======================
2022.11.11 05:03:47#=================== Start New Transaction ===================
2022.11.11 05:03:47#txnrefnum:BBM2006170
2022.11.11 05:03:47#clientIp:114.130.185.145
2022.11.11 05:03:47#card type:6
2022.11.11 05:03:47#totalamount:482000
2022.11.11 05:03:49#result:TRANSACTION_ID:MQqsB2FZjUTBg37PWLQXvQpsC0A=
2022.11.11 05:03:49#Forward to DBBL Payment Gateway Page: https://ecom1.dutchbanglabank.com/ecomm2/ClientHandler?card_type=6&trans_id=MQqsB2FZjUTBg37PWLQXvQpsC0A%3D
2022.11.11 05:04:21#---------------------- Complete New Transaction---------------------
2022.11.11 05:04:21#Get trans_id From Post Value:MQqsB2FZjUTBg37PWLQXvQpsC0A=
2022.11.11 05:04:21#clientIp:114.130.185.145
2022.11.11 05:04:21#trans_id:MQqsB2FZjUTBg37PWLQXvQpsC0A=
2022.11.11 05:04:23#result:RESULT>OK^RESULT_CODE>000^3DSECURE>SKIPPED^RRN>231505197906^APPROVAL_CODE>367480^CARD_NUMBER>999999*********6175^AMOUNT>482000^CARDNAME>mb account^DESCRIPTION>6BBM2006170^TRANS_DATE>2022-11-11 11:04:20 AM
2022.11.11 05:04:23#25649511050423
2022.11.11 05:04:23#25649511050423
2022.11.11 05:04:23#25649511050423
2022.11.11 05:04:23#25649511050423
2022.11.11 05:04:23#25649511050423
2022.11.11 05:04:23#25649511050423
2022.11.11 05:04:23#25649511050423
2022.11.11 05:04:23#25649511050423
2022.11.11 05:04:23#25649511050423
2022.11.11 05:04:23#25649511050423
2022.11.11 05:04:23#25649511050423
2022.11.11 05:04:23#25649511050423
2022.11.11 05:04:23#=================== Transaction Completed =======================
2022.11.11 05:05:21#=================== Start New Transaction ===================
2022.11.11 05:05:21#txnrefnum:BBD2006183
2022.11.11 05:05:21#clientIp:114.130.185.145
2022.11.11 05:05:21#card type:6
2022.11.11 05:05:21#totalamount:82000
2022.11.11 05:05:23#result:TRANSACTION_ID:7HMM3CesMycydoJF6y8TqGvbEvs=
2022.11.11 05:05:23#Forward to DBBL Payment Gateway Page: https://ecom1.dutchbanglabank.com/ecomm2/ClientHandler?card_type=6&trans_id=7HMM3CesMycydoJF6y8TqGvbEvs%3D
2022.11.11 05:05:39#---------------------- Complete New Transaction---------------------
2022.11.11 05:05:39#Get trans_id From Post Value:7HMM3CesMycydoJF6y8TqGvbEvs=
2022.11.11 05:05:39#clientIp:114.130.185.145
2022.11.11 05:05:39#trans_id:7HMM3CesMycydoJF6y8TqGvbEvs=
2022.11.11 05:05:41#result:RESULT>OK^RESULT_CODE>000^3DSECURE>SKIPPED^RRN>231505197998^APPROVAL_CODE>448921^CARD_NUMBER>999999*********6175^AMOUNT>82000^CARDNAME>mb account^DESCRIPTION>6BBD2006183^TRANS_DATE>2022-11-11 11:05:38 AM
2022.11.11 05:05:41#33358711050541
2022.11.11 05:05:41#33358711050541
2022.11.11 05:05:41#=================== Transaction Completed =======================
2022.11.11 05:07:39#=================== Start New Transaction ===================
2022.11.11 05:07:39#txnrefnum:MEM2203298
2022.11.11 05:07:39#clientIp:37.111.193.148
2022.11.11 05:07:39#card type:6
2022.11.11 05:07:39#totalamount:62000
2022.11.11 05:07:42#result:TRANSACTION_ID:WcFGXickhRxhvjFLWRlGPC1RZb4=
2022.11.11 05:07:42#Forward to DBBL Payment Gateway Page: https://ecom1.dutchbanglabank.com/ecomm2/ClientHandler?card_type=6&trans_id=WcFGXickhRxhvjFLWRlGPC1RZb4%3D
2022.11.11 05:07:45#=================== Start New Transaction ===================
2022.11.11 05:07:45#txnrefnum:BBG2109008
2022.11.11 05:07:45#clientIp:114.130.185.145
2022.11.11 05:07:45#card type:6
2022.11.11 05:07:45#totalamount:162000
2022.11.11 05:07:47#result:TRANSACTION_ID:DOhMUN3QYFwty9FTUXeazOFKxhQ=
2022.11.11 05:07:48#Forward to DBBL Payment Gateway Page: https://ecom1.dutchbanglabank.com/ecomm2/ClientHandler?card_type=6&trans_id=DOhMUN3QYFwty9FTUXeazOFKxhQ%3D
2022.11.11 05:08:12#---------------------- Complete New Transaction---------------------
2022.11.11 05:08:12#Get trans_id From Post Value:DOhMUN3QYFwty9FTUXeazOFKxhQ=
2022.11.11 05:08:12#clientIp:114.130.185.145
2022.11.11 05:08:12#trans_id:DOhMUN3QYFwty9FTUXeazOFKxhQ=
2022.11.11 05:08:14#result:RESULT>OK^RESULT_CODE>000^3DSECURE>SKIPPED^RRN>231505198208^APPROVAL_CODE>452974^CARD_NUMBER>999999*********6175^AMOUNT>162000^CARDNAME>mb account^DESCRIPTION>6BBG2109008^TRANS_DATE>2022-11-11 11:08:11 AM
2022.11.11 05:08:14#27170211050814
2022.11.11 05:08:14#27170211050814
2022.11.11 05:08:14#27170211050814
2022.11.11 05:08:14#27170211050814
2022.11.11 05:08:14#=================== Transaction Completed =======================
2022.11.11 05:10:37#---------------------- Complete New Transaction---------------------
2022.11.11 05:10:37#Get trans_id From Post Value:WcFGXickhRxhvjFLWRlGPC1RZb4=
2022.11.11 05:10:37#clientIp:37.111.193.148
2022.11.11 05:10:37#trans_id:WcFGXickhRxhvjFLWRlGPC1RZb4=
2022.11.11 05:10:38#result:RESULT>OK^RESULT_CODE>000^3DSECURE>SKIPPED^RRN>231505198396^APPROVAL_CODE>378502^CARD_NUMBER>999999*********4606^AMOUNT>62000^CARDNAME>mb account^DESCRIPTION>6MEM2203298^TRANS_DATE>2022-11-11 11:10:35 AM
2022.11.11 05:10:39#32600111051038
2022.11.11 05:10:39#32600111051038
2022.11.11 05:10:39#=================== Transaction Completed =======================
2022.11.11 05:28:24#=================== Start New Transaction ===================
2022.11.11 05:28:24#txnrefnum:BEG2102005
2022.11.11 05:28:24#clientIp:123.253.65.227
2022.11.11 05:28:24#card type:6
2022.11.11 05:28:24#totalamount:392000
2022.11.11 05:28:26#result:TRANSACTION_ID:HtoDMMnSTkMJIopHSUBmx6xtPxo=
2022.11.11 05:28:26#Forward to DBBL Payment Gateway Page: https://ecom1.dutchbanglabank.com/ecomm2/ClientHandler?card_type=6&trans_id=HtoDMMnSTkMJIopHSUBmx6xtPxo%3D
2022.11.11 05:29:39#---------------------- Complete New Transaction---------------------
2022.11.11 05:29:39#Get trans_id From Post Value:HtoDMMnSTkMJIopHSUBmx6xtPxo=
2022.11.11 05:29:39#clientIp:123.253.65.227
2022.11.11 05:29:39#trans_id:HtoDMMnSTkMJIopHSUBmx6xtPxo=
2022.11.11 05:29:41#result:RESULT>OK^RESULT_CODE>000^3DSECURE>SKIPPED^RRN>231505199863^APPROVAL_CODE>490880^CARD_NUMBER>999999*********2228^AMOUNT>392000^CARDNAME>mb account^DESCRIPTION>6BEG2102005^TRANS_DATE>2022-11-11 11:29:38 AM
2022.11.11 05:29:41#23001111052941
2022.11.11 05:29:41#23001111052941
2022.11.11 05:29:41#23001111052941
2022.11.11 05:29:41#23001111052941
2022.11.11 05:29:41#23001111052941
2022.11.11 05:29:41#23001111052941
2022.11.11 05:29:41#23001111052941
2022.11.11 05:29:41#23001111052941
2022.11.11 05:29:41#=================== Transaction Completed =======================
2022.11.11 05:47:06#=================== Start New Transaction ===================
2022.11.11 05:47:06#txnrefnum:MBM2008301
2022.11.11 05:47:06#clientIp:103.56.208.120
2022.11.11 05:47:06#card type:6
2022.11.11 05:47:06#totalamount:162000
2022.11.11 05:47:09#result:TRANSACTION_ID:e9xz3RPbFv34G7Vrc8vPfd8LaXw=
2022.11.11 05:47:09#Forward to DBBL Payment Gateway Page: https://ecom1.dutchbanglabank.com/ecomm2/ClientHandler?card_type=6&trans_id=e9xz3RPbFv34G7Vrc8vPfd8LaXw%3D
2022.11.11 05:58:57#=================== Start New Transaction ===================
2022.11.11 05:58:57#txnrefnum:BBD2004027
2022.11.11 05:58:57#clientIp:114.130.185.145
2022.11.11 05:58:57#card type:6
2022.11.11 05:58:57#totalamount:722000
2022.11.11 05:59:00#result:TRANSACTION_ID:GgBExJ7ClwZ676cmBwZZlHYBPRM=
2022.11.11 05:59:00#Forward to DBBL Payment Gateway Page: https://ecom1.dutchbanglabank.com/ecomm2/ClientHandler?card_type=6&trans_id=GgBExJ7ClwZ676cmBwZZlHYBPRM%3D
2022.11.11 06:00:43#---------------------- Complete New Transaction---------------------
2022.11.11 06:00:43#Get trans_id From Post Value:GgBExJ7ClwZ676cmBwZZlHYBPRM=
2022.11.11 06:00:43#clientIp:114.130.185.145
2022.11.11 06:00:43#trans_id:GgBExJ7ClwZ676cmBwZZlHYBPRM=
2022.11.11 06:00:44#result:RESULT>OK^RESULT_CODE>000^3DSECURE>SKIPPED^RRN>231506202384^APPROVAL_CODE>588726^CARD_NUMBER>999999*********6175^AMOUNT>722000^CARDNAME>mb account^DESCRIPTION>6BBD2004027^TRANS_DATE>2022-11-11 12:00:41 PM
2022.11.11 06:00:44#24129111060044
2022.11.11 06:00:44#24129111060044
2022.11.11 06:00:44#24129111060044
2022.11.11 06:00:44#24129111060044
2022.11.11 06:00:44#24129111060044
2022.11.11 06:00:44#24129111060044
2022.11.11 06:00:44#24129111060044
2022.11.11 06:00:44#24129111060044
2022.11.11 06:00:44#24129111060044
2022.11.11 06:00:45#24129111060044
2022.11.11 06:00:45#24129111060044
2022.11.11 06:00:45#24129111060044
2022.11.11 06:00:45#24129111060044
2022.11.11 06:00:45#24129111060044
2022.11.11 06:00:45#24129111060044
2022.11.11 06:00:45#24129111060044
2022.11.11 06:00:45#24129111060044
2022.11.11 06:00:45#24129111060044
2022.11.11 06:00:45#=================== Transaction Completed =======================
2022.11.11 06:38:36#=================== Start New Transaction ===================
2022.11.11 06:38:36#txnrefnum:MEM2204194
2022.11.11 06:38:36#clientIp:114.130.184.181
2022.11.11 06:38:36#card type:6
2022.11.11 06:38:36#totalamount:282000
2022.11.11 06:38:39#result:TRANSACTION_ID:WS3x6W5kPmX0rKuQTJ324ftVxPc=
2022.11.11 06:38:39#Forward to DBBL Payment Gateway Page: https://ecom1.dutchbanglabank.com/ecomm2/ClientHandler?card_type=6&trans_id=WS3x6W5kPmX0rKuQTJ324ftVxPc%3D
2022.11.11 06:39:35#---------------------- Complete New Transaction---------------------
2022.11.11 06:39:35#Get trans_id From Post Value:WS3x6W5kPmX0rKuQTJ324ftVxPc=
2022.11.11 06:39:35#clientIp:114.130.184.181
2022.11.11 06:39:35#trans_id:WS3x6W5kPmX0rKuQTJ324ftVxPc=
2022.11.11 06:39:36#result:RESULT>OK^RESULT_CODE>000^3DSECURE>SKIPPED^RRN>231506205212^APPROVAL_CODE>751264^CARD_NUMBER>999999*********2890^AMOUNT>282000^CARDNAME>mb account^DESCRIPTION>6MEM2204194^TRANS_DATE>2022-11-11 12:39:34 PM
2022.11.11 06:39:36#12099311063936
2022.11.11 06:39:36#12099311063936
2022.11.11 06:39:36#12099311063936
2022.11.11 06:39:36#12099311063936
2022.11.11 06:39:36#12099311063936
2022.11.11 06:39:36#12099311063936
2022.11.11 06:39:36#=================== Transaction Completed =======================
2022.11.11 07:59:32#=================== Start New Transaction ===================
2022.11.11 07:59:32#txnrefnum:MBD2202402
2022.11.11 07:59:32#clientIp:37.111.210.204
2022.11.11 07:59:32#card type:6
2022.11.11 07:59:32#totalamount:382000
2022.11.11 07:59:40#result:TRANSACTION_ID:vLaPA5FbNI8ymeYH125wBo7WKxc=
2022.11.11 07:59:40#Forward to DBBL Payment Gateway Page: https://ecom1.dutchbanglabank.com/ecomm2/ClientHandler?card_type=6&trans_id=vLaPA5FbNI8ymeYH125wBo7WKxc%3D
2022.11.11 08:02:10#=================== Start New Transaction ===================
2022.11.11 08:02:10#txnrefnum:MBD2202402
2022.11.11 08:02:10#clientIp:37.111.210.204
2022.11.11 08:02:10#card type:6
2022.11.11 08:02:10#totalamount:382000
2022.11.11 08:02:16#result:TRANSACTION_ID:shkxvfKeD3eQ63tfWbcRl5Pxg90=
2022.11.11 08:02:16#Forward to DBBL Payment Gateway Page: https://ecom1.dutchbanglabank.com/ecomm2/ClientHandler?card_type=6&trans_id=shkxvfKeD3eQ63tfWbcRl5Pxg90%3D
2022.11.11 08:03:10#---------------------- Complete New Transaction---------------------
2022.11.11 08:03:10#Get trans_id From Post Value:shkxvfKeD3eQ63tfWbcRl5Pxg90=
2022.11.11 08:03:10#clientIp:37.111.210.204
2022.11.11 08:03:10#trans_id:shkxvfKeD3eQ63tfWbcRl5Pxg90=
2022.11.11 08:03:13#result:RESULT>OK^RESULT_CODE>000^3DSECURE>SKIPPED^RRN>231508209020^APPROVAL_CODE>909886^CARD_NUMBER>999999*********4841^AMOUNT>382000^CARDNAME>mb account^DESCRIPTION>6MBD2202402^TRANS_DATE>2022-11-11 02:03:05 PM
2022.11.11 08:03:13#8956211080313
2022.11.11 08:03:13#8956211080313
2022.11.11 08:03:13#8956211080313
2022.11.11 08:03:13#8956211080313
2022.11.11 08:03:13#8956211080313
2022.11.11 08:03:13#8956211080313
2022.11.11 08:03:13#8956211080313
2022.11.11 08:03:13#8956211080313
2022.11.11 08:03:13#8956211080313
2022.11.11 08:03:13#8956211080313
2022.11.11 08:03:13#=================== Transaction Completed =======================
2022.11.11 08:14:01#=================== Start New Transaction ===================
2022.11.11 08:14:01#txnrefnum:MBD2004137
2022.11.11 08:14:01#clientIp:103.146.151.172
2022.11.11 08:14:01#card type:6
2022.11.11 08:14:01#totalamount:882000
2022.11.11 08:14:07#result:TRANSACTION_ID:Gs1dbSd2mhJ3JczedZdfIc5A25E=
2022.11.11 08:14:07#Forward to DBBL Payment Gateway Page: https://ecom1.dutchbanglabank.com/ecomm2/ClientHandler?card_type=6&trans_id=Gs1dbSd2mhJ3JczedZdfIc5A25E%3D
2022.11.11 08:16:17#---------------------- Complete New Transaction---------------------
2022.11.11 08:16:17#Get trans_id From Post Value:Gs1dbSd2mhJ3JczedZdfIc5A25E=
2022.11.11 08:16:17#clientIp:103.146.151.172
2022.11.11 08:16:17#trans_id:Gs1dbSd2mhJ3JczedZdfIc5A25E=
2022.11.11 08:16:19#result:RESULT>OK^RESULT_CODE>000^3DSECURE>SKIPPED^RRN>231508209836^APPROVAL_CODE>924029^CARD_NUMBER>999999*********2602^AMOUNT>882000^CARDNAME>mb account^DESCRIPTION>6MBD2004137^TRANS_DATE>2022-11-11 02:16:16 PM
2022.11.11 08:16:19#14035011081619
2022.11.11 08:16:19#14035011081619
2022.11.11 08:16:19#14035011081619
2022.11.11 08:16:19#14035011081619
2022.11.11 08:16:19#14035011081619
2022.11.11 08:16:19#14035011081619
2022.11.11 08:16:19#14035011081619
2022.11.11 08:16:19#14035011081619
2022.11.11 08:16:19#14035011081619
2022.11.11 08:16:19#14035011081619
2022.11.11 08:16:19#14035011081619
2022.11.11 08:16:19#14035011081619
2022.11.11 08:16:19#14035011081619
2022.11.11 08:16:19#14035011081619
2022.11.11 08:16:19#14035011081619
2022.11.11 08:16:19#14035011081619
2022.11.11 08:16:19#14035011081619
2022.11.11 08:16:19#14035011081619
2022.11.11 08:16:19#14035011081619
2022.11.11 08:16:19#14035011081619
2022.11.11 08:16:19#14035011081619
2022.11.11 08:16:19#14035011081619
2022.11.11 08:16:19#=================== Transaction Completed =======================
2022.11.11 08:25:53#=================== Start New Transaction ===================
2022.11.11 08:25:53#txnrefnum:MBG2103041
2022.11.11 08:25:53#clientIp:103.146.151.172
2022.11.11 08:25:53#card type:6
2022.11.11 08:25:53#totalamount:862000
2022.11.11 08:26:00#=================== Start New Transaction ===================
2022.11.11 08:26:00#txnrefnum:MBG2103041
2022.11.11 08:26:00#clientIp:103.146.151.172
2022.11.11 08:26:00#card type:6
2022.11.11 08:26:00#totalamount:862000
2022.11.11 08:26:08#=================== Start New Transaction ===================
2022.11.11 08:26:08#txnrefnum:MBG2103041
2022.11.11 08:26:08#clientIp:103.146.151.172
2022.11.11 08:26:08#card type:6
2022.11.11 08:26:08#totalamount:862000
2022.11.11 08:26:09#result:TRANSACTION_ID:iZPAXKFbCQr9St7g9p7XnWbpGTs=
2022.11.11 08:26:09#Forward to DBBL Payment Gateway Page: https://ecom1.dutchbanglabank.com/ecomm2/ClientHandler?card_type=6&trans_id=iZPAXKFbCQr9St7g9p7XnWbpGTs%3D
2022.11.11 08:26:15#result:TRANSACTION_ID:KYlvTHmunADSPbkZjAy49IcJMvk=
2022.11.11 08:26:15#Forward to DBBL Payment Gateway Page: https://ecom1.dutchbanglabank.com/ecomm2/ClientHandler?card_type=6&trans_id=KYlvTHmunADSPbkZjAy49IcJMvk%3D
2022.11.11 08:27:13#---------------------- Complete New Transaction---------------------
2022.11.11 08:27:13#Get trans_id From Post Value:KYlvTHmunADSPbkZjAy49IcJMvk=
2022.11.11 08:27:13#clientIp:103.146.151.172
2022.11.11 08:27:13#trans_id:KYlvTHmunADSPbkZjAy49IcJMvk=
2022.11.11 08:27:15#result:RESULT>OK^RESULT_CODE>000^3DSECURE>SKIPPED^RRN>231508210562^APPROVAL_CODE>984787^CARD_NUMBER>999999*********2602^AMOUNT>862000^CARDNAME>mb account^DESCRIPTION>6MBG2103041^TRANS_DATE>2022-11-11 02:27:12 PM
2022.11.11 08:27:15#11840511082715
2022.11.11 08:27:15#11840511082715
2022.11.11 08:27:15#11840511082715
2022.11.11 08:27:15#11840511082715
2022.11.11 08:27:15#11840511082715
2022.11.11 08:27:15#11840511082715
2022.11.11 08:27:15#11840511082715
2022.11.11 08:27:15#11840511082715
2022.11.11 08:27:15#11840511082715
2022.11.11 08:27:15#11840511082715
2022.11.11 08:27:15#11840511082715
2022.11.11 08:27:15#11840511082715
2022.11.11 08:27:15#11840511082715
2022.11.11 08:27:15#11840511082715
2022.11.11 08:27:15#11840511082715
2022.11.11 08:27:15#11840511082715
2022.11.11 08:27:15#11840511082715
2022.11.11 08:27:15#11840511082715
2022.11.11 08:27:15#11840511082715
2022.11.11 08:27:15#11840511082715
2022.11.11 08:27:15#11840511082715
2022.11.11 08:27:15#11840511082715
2022.11.11 08:27:15#=================== Transaction Completed =======================
2022.11.11 08:44:43#=================== Start New Transaction ===================
2022.11.11 08:44:43#txnrefnum:MBD2005084
2022.11.11 08:44:43#clientIp:37.111.212.92
2022.11.11 08:44:43#card type:6
2022.11.11 08:44:43#totalamount:642000
2022.11.11 08:44:49#result:TRANSACTION_ID:WWS80PlziYrDpqK2xCtKQQ8pPBQ=
2022.11.11 08:44:49#Forward to DBBL Payment Gateway Page: https://ecom1.dutchbanglabank.com/ecomm2/ClientHandler?card_type=6&trans_id=WWS80PlziYrDpqK2xCtKQQ8pPBQ%3D
2022.11.11 09:04:14#=================== Start New Transaction ===================
2022.11.11 09:04:14#txnrefnum:BBD2201016
2022.11.11 09:04:14#clientIp:202.134.14.144
2022.11.11 09:04:14#card type:6
2022.11.11 09:04:14#totalamount:142000
2022.11.11 09:04:17#result:TRANSACTION_ID:8KRG4St1GC5oL9VVE1n8TbzwuFE=
2022.11.11 09:04:17#Forward to DBBL Payment Gateway Page: https://ecom1.dutchbanglabank.com/ecomm2/ClientHandler?card_type=6&trans_id=8KRG4St1GC5oL9VVE1n8TbzwuFE%3D
2022.11.11 09:08:39#=================== Start New Transaction ===================
2022.11.11 09:08:39#txnrefnum:BBD2201016
2022.11.11 09:08:39#clientIp:202.134.14.144
2022.11.11 09:08:39#card type:6
2022.11.11 09:08:39#totalamount:382000
2022.11.11 09:08:42#result:TRANSACTION_ID:PRnefTSnFdxxc9rOC30FJuwHPS0=
2022.11.11 09:08:42#Forward to DBBL Payment Gateway Page: https://ecom1.dutchbanglabank.com/ecomm2/ClientHandler?card_type=6&trans_id=PRnefTSnFdxxc9rOC30FJuwHPS0%3D
2022.11.11 09:10:26#=================== Start New Transaction ===================
2022.11.11 09:10:26#txnrefnum:BBD2201016
2022.11.11 09:10:26#clientIp:202.134.14.144
2022.11.11 09:10:26#card type:6
2022.11.11 09:10:26#totalamount:382000
2022.11.11 09:10:29#result:TRANSACTION_ID:uR66ItR2vjmVBhtZscOv46wWO70=
2022.11.11 09:10:29#Forward to DBBL Payment Gateway Page: https://ecom1.dutchbanglabank.com/ecomm2/ClientHandler?card_type=6&trans_id=uR66ItR2vjmVBhtZscOv46wWO70%3D
2022.11.11 09:12:10#---------------------- Complete New Transaction---------------------
2022.11.11 09:12:10#Get trans_id From Post Value:uR66ItR2vjmVBhtZscOv46wWO70=
2022.11.11 09:12:10#clientIp:202.134.14.144
2022.11.11 09:12:10#trans_id:uR66ItR2vjmVBhtZscOv46wWO70=
2022.11.11 09:12:12#result:RESULT>OK^RESULT_CODE>000^3DSECURE>SKIPPED^RRN>231509213672^APPROVAL_CODE>090040^CARD_NUMBER>999999*********2266^AMOUNT>382000^CARDNAME>mb account^DESCRIPTION>6BBD2201016^TRANS_DATE>2022-11-11 03:12:09 PM
2022.11.11 09:12:12#22285711091212
2022.11.11 09:12:12#22285711091212
2022.11.11 09:12:12#22285711091212
2022.11.11 09:12:12#22285711091212
2022.11.11 09:12:12#22285711091212
2022.11.11 09:12:12#22285711091212
2022.11.11 09:12:12#22285711091212
2022.11.11 09:12:12#22285711091212
2022.11.11 09:12:12#22285711091212
2022.11.11 09:12:12#22285711091212
2022.11.11 09:12:12#=================== Transaction Completed =======================
2022.11.11 09:52:58#=================== Start New Transaction ===================
2022.11.11 09:52:58#txnrefnum:BBM2002037
2022.11.11 09:52:58#clientIp:103.138.120.137
2022.11.11 09:52:58#card type:6
2022.11.11 09:52:58#totalamount:142000
2022.11.11 09:53:01#result:TRANSACTION_ID:VCgNXBqNSMZRVWdInyCTVQmRze8=
2022.11.11 09:53:01#Forward to DBBL Payment Gateway Page: https://ecom1.dutchbanglabank.com/ecomm2/ClientHandler?card_type=6&trans_id=VCgNXBqNSMZRVWdInyCTVQmRze8%3D
2022.11.11 09:55:13#---------------------- Complete New Transaction---------------------
2022.11.11 09:55:13#Get trans_id From Post Value:VCgNXBqNSMZRVWdInyCTVQmRze8=
2022.11.11 09:55:13#clientIp:103.138.120.137
2022.11.11 09:55:13#trans_id:VCgNXBqNSMZRVWdInyCTVQmRze8=
2022.11.11 09:55:15#result:RESULT>OK^RESULT_CODE>000^3DSECURE>SKIPPED^RRN>231509216932^APPROVAL_CODE>238350^CARD_NUMBER>999999*********8889^AMOUNT>142000^CARDNAME>mb account^DESCRIPTION>6BBM2002037^TRANS_DATE>2022-11-11 03:55:12 PM
2022.11.11 09:55:15#23473111095515
2022.11.11 09:55:15#23473111095515
2022.11.11 09:55:15#23473111095515
2022.11.11 09:55:15#23473111095515
2022.11.11 09:55:15#=================== Transaction Completed =======================
2022.11.11 11:55:30#=================== Start New Transaction ===================
2022.11.11 11:55:30#txnrefnum:BBM2006185
2022.11.11 11:55:30#clientIp:43.245.140.37
2022.11.11 11:55:30#card type:6
2022.11.11 11:55:30#totalamount:402000
2022.11.11 11:55:32#result:TRANSACTION_ID:OO2kXejayyjVtJLM1fPY7JoD9nw=
2022.11.11 11:55:33#Forward to DBBL Payment Gateway Page: https://ecom1.dutchbanglabank.com/ecomm2/ClientHandler?card_type=6&trans_id=OO2kXejayyjVtJLM1fPY7JoD9nw%3D
2022.11.11 11:58:06#---------------------- Complete New Transaction---------------------
2022.11.11 11:58:06#Get trans_id From Post Value:OO2kXejayyjVtJLM1fPY7JoD9nw=
2022.11.11 11:58:06#clientIp:43.245.140.37
2022.11.11 11:58:06#trans_id:OO2kXejayyjVtJLM1fPY7JoD9nw=
2022.11.11 11:58:08#result:RESULT>OK^RESULT_CODE>000^3DSECURE>SKIPPED^RRN>231511229102^APPROVAL_CODE>825398^CARD_NUMBER>999999*********0482^AMOUNT>402000^CARDNAME>mb account^DESCRIPTION>6BBM2006185^TRANS_DATE>2022-11-11 05:58:05 PM
2022.11.11 11:58:08#25685611115808
2022.11.11 11:58:08#25685611115808
2022.11.11 11:58:08#25685611115808
2022.11.11 11:58:08#25685611115808
2022.11.11 11:58:08#25685611115808
2022.11.11 11:58:08#25685611115808
2022.11.11 11:58:08#25685611115808
2022.11.11 11:58:08#25685611115808
2022.11.11 11:58:08#25685611115808
2022.11.11 11:58:08#25685611115808
2022.11.11 11:58:08#=================== Transaction Completed =======================
2022.11.11 12:06:33#=================== Start New Transaction ===================
2022.11.11 12:06:33#txnrefnum:MBB2105064
2022.11.11 12:06:33#clientIp:103.126.217.231
2022.11.11 12:06:33#card type:6
2022.11.11 12:06:33#totalamount:722000
2022.11.11 12:06:36#result:TRANSACTION_ID:irA7bT8wTgprvuZnYq50mPCZ81A=
2022.11.11 12:06:36#Forward to DBBL Payment Gateway Page: https://ecom1.dutchbanglabank.com/ecomm2/ClientHandler?card_type=6&trans_id=irA7bT8wTgprvuZnYq50mPCZ81A%3D
2022.11.11 12:08:05#---------------------- Complete New Transaction---------------------
2022.11.11 12:08:05#Get trans_id From Post Value:irA7bT8wTgprvuZnYq50mPCZ81A=
2022.11.11 12:08:05#clientIp:103.126.217.231
2022.11.11 12:08:05#trans_id:irA7bT8wTgprvuZnYq50mPCZ81A=
2022.11.11 12:08:07#result:RESULT>OK^RESULT_CODE>000^3DSECURE>SKIPPED^RRN>231512229781^APPROVAL_CODE>955296^CARD_NUMBER>999999*********1132^AMOUNT>722000^CARDNAME>mb account^DESCRIPTION>6MBB2105064^TRANS_DATE>2022-11-11 06:08:04 PM
2022.11.11 12:08:07#14234511120807
2022.11.11 12:08:07#14234511120807
2022.11.11 12:08:07#14234511120807
2022.11.11 12:08:07#14234511120807
2022.11.11 12:08:07#14234511120807
2022.11.11 12:08:07#14234511120807
2022.11.11 12:08:07#14234511120807
2022.11.11 12:08:07#14234511120807
2022.11.11 12:08:07#14234511120807
2022.11.11 12:08:07#14234511120807
2022.11.11 12:08:07#14234511120807
2022.11.11 12:08:07#14234511120807
2022.11.11 12:08:07#14234511120807
2022.11.11 12:08:07#14234511120807
2022.11.11 12:08:07#14234511120807
2022.11.11 12:08:07#14234511120807
2022.11.11 12:08:07#14234511120807
2022.11.11 12:08:07#14234511120807
2022.11.11 12:08:07#=================== Transaction Completed =======================
2022.11.11 12:16:27#=================== Start New Transaction ===================
2022.11.11 12:16:27#txnrefnum:BBM2006025
2022.11.11 12:16:27#clientIp:43.245.140.37
2022.11.11 12:16:27#card type:6
2022.11.11 12:16:27#totalamount:402000
2022.11.11 12:16:30#result:TRANSACTION_ID:KVBl0WScI9acmoDci44hwUy07v0=
2022.11.11 12:16:30#Forward to DBBL Payment Gateway Page: https://ecom1.dutchbanglabank.com/ecomm2/ClientHandler?card_type=6&trans_id=KVBl0WScI9acmoDci44hwUy07v0%3D
2022.11.11 12:17:30#---------------------- Complete New Transaction---------------------
2022.11.11 12:17:30#Get trans_id From Post Value:KVBl0WScI9acmoDci44hwUy07v0=
2022.11.11 12:17:30#clientIp:43.245.140.37
2022.11.11 12:17:30#trans_id:KVBl0WScI9acmoDci44hwUy07v0=
2022.11.11 12:17:32#result:RESULT>OK^RESULT_CODE>000^3DSECURE>SKIPPED^RRN>231512230588^APPROVAL_CODE>927947^CARD_NUMBER>999999*********0482^AMOUNT>402000^CARDNAME>mb account^DESCRIPTION>6BBM2006025^TRANS_DATE>2022-11-11 06:17:29 PM
2022.11.11 12:17:32#25684411121732
2022.11.11 12:17:32#25684411121732
2022.11.11 12:17:32#25684411121732
2022.11.11 12:17:32#25684411121732
2022.11.11 12:17:32#25684411121732
2022.11.11 12:17:32#25684411121732
2022.11.11 12:17:32#25684411121732
2022.11.11 12:17:32#25684411121732
2022.11.11 12:17:32#25684411121732
2022.11.11 12:17:32#25684411121732
2022.11.11 12:17:32#=================== Transaction Completed =======================
2022.11.11 12:18:08#=================== Start New Transaction ===================
2022.11.11 12:18:08#txnrefnum:BBD2004154
2022.11.11 12:18:08#clientIp:157.119.238.34
2022.11.11 12:18:08#card type:6
2022.11.11 12:18:08#totalamount:482000
2022.11.11 12:18:11#result:TRANSACTION_ID:ScwCTAYFPHizcS7Bi4tVzvD2hEM=
2022.11.11 12:18:11#Forward to DBBL Payment Gateway Page: https://ecom1.dutchbanglabank.com/ecomm2/ClientHandler?card_type=6&trans_id=ScwCTAYFPHizcS7Bi4tVzvD2hEM%3D
2022.11.11 12:19:45#---------------------- Complete New Transaction---------------------
2022.11.11 12:19:45#Get trans_id From Post Value:ScwCTAYFPHizcS7Bi4tVzvD2hEM=
2022.11.11 12:19:45#clientIp:157.119.238.34
2022.11.11 12:19:45#trans_id:ScwCTAYFPHizcS7Bi4tVzvD2hEM=
2022.11.11 12:19:47#result:RESULT>OK^RESULT_CODE>000^3DSECURE>SKIPPED^RRN>231512230820^APPROVAL_CODE>983590^CARD_NUMBER>999999*********3511^AMOUNT>482000^CARDNAME>mb account^DESCRIPTION>6BBD2004154^TRANS_DATE>2022-11-11 06:19:44 PM
2022.11.11 12:19:47#24091011121947
2022.11.11 12:19:47#24091011121947
2022.11.11 12:19:47#24091011121947
2022.11.11 12:19:47#24091011121947
2022.11.11 12:19:47#24091011121947
2022.11.11 12:19:47#24091011121947
2022.11.11 12:19:47#24091011121947
2022.11.11 12:19:47#24091011121947
2022.11.11 12:19:47#24091011121947
2022.11.11 12:19:47#24091011121947
2022.11.11 12:19:47#24091011121947
2022.11.11 12:19:47#24091011121947
2022.11.11 12:19:47#=================== Transaction Completed =======================
2022.11.11 12:30:24#=================== Start New Transaction ===================
2022.11.11 12:30:24#txnrefnum:BBD2003009
2022.11.11 12:30:24#clientIp:37.111.198.225
2022.11.11 12:30:24#card type:6
2022.11.11 12:30:24#totalamount:382000
2022.11.11 12:30:27#result:TRANSACTION_ID:4PSAY5X6Bc5F44PA7vRGkUcy8EA=
2022.11.11 12:30:27#Forward to DBBL Payment Gateway Page: https://ecom1.dutchbanglabank.com/ecomm2/ClientHandler?card_type=6&trans_id=4PSAY5X6Bc5F44PA7vRGkUcy8EA%3D
2022.11.11 12:31:36#---------------------- Complete New Transaction---------------------
2022.11.11 12:31:36#Get trans_id From Post Value:4PSAY5X6Bc5F44PA7vRGkUcy8EA=
2022.11.11 12:31:36#clientIp:37.111.198.225
2022.11.11 12:31:36#trans_id:4PSAY5X6Bc5F44PA7vRGkUcy8EA=
2022.11.11 12:31:38#result:RESULT>OK^RESULT_CODE>000^3DSECURE>SKIPPED^RRN>231512232290^APPROVAL_CODE>062289^CARD_NUMBER>999999*********1537^AMOUNT>382000^CARDNAME>mb account^DESCRIPTION>6BBD2003009^TRANS_DATE>2022-11-11 06:31:35 PM
2022.11.11 12:31:38#23692711123138
2022.11.11 12:31:38#23692711123138
2022.11.11 12:31:38#23692711123138
2022.11.11 12:31:38#23692711123138
2022.11.11 12:31:38#23692711123138
2022.11.11 12:31:38#23692711123138
2022.11.11 12:31:38#23692711123138
2022.11.11 12:31:38#23692711123138
2022.11.11 12:31:38#23692711123138
2022.11.11 12:31:38#23692711123138
2022.11.11 12:31:38#=================== Transaction Completed =======================
2022.11.11 13:08:16#=================== Start New Transaction ===================
2022.11.11 13:08:16#txnrefnum:BBM2007126
2022.11.11 13:08:16#clientIp:103.144.48.137
2022.11.11 13:08:16#card type:6
2022.11.11 13:08:16#totalamount:642000
2022.11.11 13:08:19#result:TRANSACTION_ID:cXPB4J0lmFQe15dgPc8PvjSxhb0=
2022.11.11 13:08:19#Forward to DBBL Payment Gateway Page: https://ecom1.dutchbanglabank.com/ecomm2/ClientHandler?card_type=6&trans_id=cXPB4J0lmFQe15dgPc8PvjSxhb0%3D
2022.11.11 13:08:47#---------------------- Complete New Transaction---------------------
2022.11.11 13:08:47#Get trans_id From Post Value:cXPB4J0lmFQe15dgPc8PvjSxhb0=
2022.11.11 13:08:47#clientIp:103.144.48.137
2022.11.11 13:08:47#trans_id:cXPB4J0lmFQe15dgPc8PvjSxhb0=
2022.11.11 13:08:48#result:RESULT>OK^RESULT_CODE>000^3DSECURE>SKIPPED^RRN>231513236551^APPROVAL_CODE>268377^CARD_NUMBER>999999*********3481^AMOUNT>642000^CARDNAME>mb account^DESCRIPTION>6BBM2007126^TRANS_DATE>2022-11-11 07:08:46 PM
2022.11.11 13:08:48#26447311010848
2022.11.11 13:08:48#26447311010848
2022.11.11 13:08:48#26447311010848
2022.11.11 13:08:48#26447311010848
2022.11.11 13:08:48#26447311010848
2022.11.11 13:08:48#26447311010848
2022.11.11 13:08:48#26447311010848
2022.11.11 13:08:48#26447311010848
2022.11.11 13:08:48#26447311010848
2022.11.11 13:08:49#26447311010848
2022.11.11 13:08:49#26447311010848
2022.11.11 13:08:49#26447311010848
2022.11.11 13:08:49#26447311010848
2022.11.11 13:08:49#26447311010848
2022.11.11 13:08:49#26447311010848
2022.11.11 13:08:49#26447311010848
2022.11.11 13:08:49#=================== Transaction Completed =======================
2022.11.11 13:24:04#=================== Start New Transaction ===================
2022.11.11 13:24:04#txnrefnum:BBD2202087
2022.11.11 13:24:04#clientIp:103.138.120.137
2022.11.11 13:24:04#card type:6
2022.11.11 13:24:04#totalamount:602000
2022.11.11 13:24:06#result:TRANSACTION_ID:bYNTSpN8tWRvE8GlLYdOHK6smVs=
2022.11.11 13:24:06#Forward to DBBL Payment Gateway Page: https://ecom1.dutchbanglabank.com/ecomm2/ClientHandler?card_type=6&trans_id=bYNTSpN8tWRvE8GlLYdOHK6smVs%3D
2022.11.11 13:27:15#=================== Start New Transaction ===================
2022.11.11 13:27:15#txnrefnum:BBD2202087
2022.11.11 13:27:15#clientIp:103.138.120.137
2022.11.11 13:27:15#card type:6
2022.11.11 13:27:15#totalamount:602000
2022.11.11 13:27:25#=================== Start New Transaction ===================
2022.11.11 13:27:25#txnrefnum:BBD2202087
2022.11.11 13:27:25#clientIp:103.138.120.137
2022.11.11 13:27:25#card type:6
2022.11.11 13:27:25#totalamount:602000
2022.11.11 13:27:25#result:TRANSACTION_ID:7qqTbaGtAIKs4LVhTYIGNarvuzY=
2022.11.11 13:27:25#Forward to DBBL Payment Gateway Page: https://ecom1.dutchbanglabank.com/ecomm2/ClientHandler?card_type=6&trans_id=7qqTbaGtAIKs4LVhTYIGNarvuzY%3D
2022.11.11 13:27:29#result:TRANSACTION_ID:ltMfY76fDlgKwQ2gqJJ8eyWd5n8=
2022.11.11 13:27:29#Forward to DBBL Payment Gateway Page: https://ecom1.dutchbanglabank.com/ecomm2/ClientHandler?card_type=6&trans_id=ltMfY76fDlgKwQ2gqJJ8eyWd5n8%3D
2022.11.11 13:29:42#=================== Start New Transaction ===================
2022.11.11 13:29:42#txnrefnum:BBD2202087
2022.11.11 13:29:42#clientIp:103.138.120.137
2022.11.11 13:29:42#card type:6
2022.11.11 13:29:42#totalamount:602000
2022.11.11 13:29:47#result:TRANSACTION_ID:7MGmoBVg84KnNE1rSrsleYPskDM=
2022.11.11 13:29:47#Forward to DBBL Payment Gateway Page: https://ecom1.dutchbanglabank.com/ecomm2/ClientHandler?card_type=6&trans_id=7MGmoBVg84KnNE1rSrsleYPskDM%3D
2022.11.11 13:30:17#---------------------- Complete New Transaction---------------------
2022.11.11 13:30:17#Get trans_id From Post Value:7MGmoBVg84KnNE1rSrsleYPskDM=
2022.11.11 13:30:17#clientIp:103.138.120.137
2022.11.11 13:30:17#trans_id:7MGmoBVg84KnNE1rSrsleYPskDM=
2022.11.11 13:30:19#result:RESULT>OK^RESULT_CODE>000^3DSECURE>SKIPPED^RRN>231513238605^APPROVAL_CODE>407711^CARD_NUMBER>999999*********8889^AMOUNT>602000^CARDNAME>mb account^DESCRIPTION>6BBD2202087^TRANS_DATE>2022-11-11 07:30:16 PM
2022.11.11 13:30:19#22651911013019
2022.11.11 13:30:19#22651911013019
2022.11.11 13:30:19#22651911013019
2022.11.11 13:30:19#22651911013019
2022.11.11 13:30:19#22651911013019
2022.11.11 13:30:19#22651911013019
2022.11.11 13:30:19#22651911013019
2022.11.11 13:30:19#22651911013019
2022.11.11 13:30:19#22651911013019
2022.11.11 13:30:19#22651911013019
2022.11.11 13:30:19#22651911013019
2022.11.11 13:30:19#22651911013019
2022.11.11 13:30:19#22651911013019
2022.11.11 13:30:19#22651911013019
2022.11.11 13:30:19#22651911013019
2022.11.11 13:30:19#22651911013019
2022.11.11 13:30:19#=================== Transaction Completed =======================
2022.11.11 14:07:47#=================== Start New Transaction ===================
2022.11.11 14:07:47#txnrefnum:BBD2005104
2022.11.11 14:07:47#clientIp:43.245.140.37
2022.11.11 14:07:47#card type:6
2022.11.11 14:07:47#totalamount:562000
2022.11.11 14:07:50#result:TRANSACTION_ID:6GG6UKy8HmvG0TuytyplYNWB51c=
2022.11.11 14:07:50#Forward to DBBL Payment Gateway Page: https://ecom1.dutchbanglabank.com/ecomm2/ClientHandler?card_type=6&trans_id=6GG6UKy8HmvG0TuytyplYNWB51c%3D
2022.11.11 14:09:16#---------------------- Complete New Transaction---------------------
2022.11.11 14:09:16#Get trans_id From Post Value:6GG6UKy8HmvG0TuytyplYNWB51c=
2022.11.11 14:09:16#clientIp:43.245.140.37
2022.11.11 14:09:16#trans_id:6GG6UKy8HmvG0TuytyplYNWB51c=
2022.11.11 14:09:18#result:RESULT>OK^RESULT_CODE>000^3DSECURE>SKIPPED^RRN>231514241542^APPROVAL_CODE>574003^CARD_NUMBER>999999*********0482^AMOUNT>562000^CARDNAME>mb account^DESCRIPTION>6BBD2005104^TRANS_DATE>2022-11-11 08:09:15 PM
2022.11.11 14:09:18#24778711020918
2022.11.11 14:09:18#24778711020918
2022.11.11 14:09:18#24778711020918
2022.11.11 14:09:18#24778711020918
2022.11.11 14:09:18#24778711020918
2022.11.11 14:09:18#24778711020918
2022.11.11 14:09:18#24778711020918
2022.11.11 14:09:18#24778711020918
2022.11.11 14:09:18#24778711020918
2022.11.11 14:09:18#24778711020918
2022.11.11 14:09:18#24778711020918
2022.11.11 14:09:18#24778711020918
2022.11.11 14:09:18#24778711020918
2022.11.11 14:09:18#24778711020918
2022.11.11 14:09:18#=================== Transaction Completed =======================
2022.11.11 14:12:25#=================== Start New Transaction ===================
2022.11.11 14:12:25#txnrefnum:BBD2007236
2022.11.11 14:12:25#clientIp:103.140.176.62
2022.11.11 14:12:25#card type:6
2022.11.11 14:12:25#totalamount:672000
2022.11.11 14:12:28#result:TRANSACTION_ID:aLPH3cBUSRFBIJWkgfb4PSC8RQw=
2022.11.11 14:12:28#Forward to DBBL Payment Gateway Page: https://ecom1.dutchbanglabank.com/ecomm2/ClientHandler?card_type=6&trans_id=aLPH3cBUSRFBIJWkgfb4PSC8RQw%3D
2022.11.11 14:12:35#=================== Start New Transaction ===================
2022.11.11 14:12:35#txnrefnum:MBM2005059
2022.11.11 14:12:35#clientIp:103.140.205.1
2022.11.11 14:12:35#card type:6
2022.11.11 14:12:35#totalamount:722000
2022.11.11 14:12:38#result:TRANSACTION_ID:h5GQ51fFf9TRPQVXxihm9aU9Brg=
2022.11.11 14:12:38#Forward to DBBL Payment Gateway Page: https://ecom1.dutchbanglabank.com/ecomm2/ClientHandler?card_type=6&trans_id=h5GQ51fFf9TRPQVXxihm9aU9Brg%3D
2022.11.11 14:13:30#---------------------- Complete New Transaction---------------------
2022.11.11 14:13:30#Get trans_id From Post Value:aLPH3cBUSRFBIJWkgfb4PSC8RQw=
2022.11.11 14:13:30#clientIp:103.140.176.62
2022.11.11 14:13:30#trans_id:aLPH3cBUSRFBIJWkgfb4PSC8RQw=
2022.11.11 14:13:31#result:RESULT>OK^RESULT_CODE>000^3DSECURE>SKIPPED^RRN>231514241862^APPROVAL_CODE>647504^CARD_NUMBER>999999*********2755^AMOUNT>672000^CARDNAME>mb account^DESCRIPTION>6BBD2007236^TRANS_DATE>2022-11-11 08:13:29 PM
2022.11.11 14:13:31#26068211021331
2022.11.11 14:13:31#26068211021331
2022.11.11 14:13:31#26068211021331
2022.11.11 14:13:31#26068211021331
2022.11.11 14:13:31#26068211021331
2022.11.11 14:13:31#26068211021331
2022.11.11 14:13:31#26068211021331
2022.11.11 14:13:31#26068211021331
2022.11.11 14:13:31#26068211021331
2022.11.11 14:13:31#26068211021331
2022.11.11 14:13:31#26068211021331
2022.11.11 14:13:31#26068211021331
2022.11.11 14:13:31#26068211021331
2022.11.11 14:13:31#26068211021331
2022.11.11 14:13:31#26068211021331
2022.11.11 14:13:31#26068211021331
2022.11.11 14:13:31#=================== Transaction Completed =======================
2022.11.11 14:14:05#=================== Start New Transaction ===================
2022.11.11 14:14:05#txnrefnum:BBM2002009
2022.11.11 14:14:05#clientIp:114.130.185.145
2022.11.11 14:14:05#card type:6
2022.11.11 14:14:05#totalamount:622000
2022.11.11 14:14:08#result:TRANSACTION_ID:AWqiREN2xiYlQklPz3zhTtZhbVE=
2022.11.11 14:14:08#Forward to DBBL Payment Gateway Page: https://ecom1.dutchbanglabank.com/ecomm2/ClientHandler?card_type=6&trans_id=AWqiREN2xiYlQklPz3zhTtZhbVE%3D
2022.11.11 14:14:47#---------------------- Complete New Transaction---------------------
2022.11.11 14:14:47#Get trans_id From Post Value:AWqiREN2xiYlQklPz3zhTtZhbVE=
2022.11.11 14:14:47#clientIp:114.130.185.145
2022.11.11 14:14:47#trans_id:AWqiREN2xiYlQklPz3zhTtZhbVE=
2022.11.11 14:14:49#result:RESULT>OK^RESULT_CODE>000^3DSECURE>SKIPPED^RRN>231514241968^APPROVAL_CODE>649835^CARD_NUMBER>999999*********6175^AMOUNT>622000^CARDNAME>mb account^DESCRIPTION>6BBM2002009^TRANS_DATE>2022-11-11 08:14:46 PM
2022.11.11 14:14:49#23411311021449
2022.11.11 14:14:49#23411311021449
2022.11.11 14:14:49#23411311021449
2022.11.11 14:14:49#23411311021449
2022.11.11 14:14:49#23411311021449
2022.11.11 14:14:49#23411311021449
2022.11.11 14:14:49#23411311021449
2022.11.11 14:14:49#23411311021449
2022.11.11 14:14:49#23411311021449
2022.11.11 14:14:49#23411311021449
2022.11.11 14:14:49#23411311021449
2022.11.11 14:14:49#23411311021449
2022.11.11 14:14:49#23411311021449
2022.11.11 14:14:49#23411311021449
2022.11.11 14:14:49#23411311021449
2022.11.11 14:14:49#23411311021449
2022.11.11 14:14:49#=================== Transaction Completed =======================
2022.11.11 14:15:42#=================== Start New Transaction ===================
2022.11.11 14:15:42#txnrefnum:MBD2005084
2022.11.11 14:15:42#clientIp:37.111.212.92
2022.11.11 14:15:42#card type:6
2022.11.11 14:15:42#totalamount:642000
2022.11.11 14:15:43#=================== Start New Transaction ===================
2022.11.11 14:15:43#txnrefnum:MBD2005084
2022.11.11 14:15:43#clientIp:37.111.212.92
2022.11.11 14:15:43#card type:6
2022.11.11 14:15:43#totalamount:642000
2022.11.11 14:15:44#result:TRANSACTION_ID:ntPh6vWWJUNPPXXFJgT0j2jQv20=
2022.11.11 14:15:44#Forward to DBBL Payment Gateway Page: https://ecom1.dutchbanglabank.com/ecomm2/ClientHandler?card_type=6&trans_id=ntPh6vWWJUNPPXXFJgT0j2jQv20%3D
2022.11.11 14:15:45#=================== Start New Transaction ===================
2022.11.11 14:15:45#txnrefnum:MBD2005084
2022.11.11 14:15:45#clientIp:37.111.212.92
2022.11.11 14:15:45#card type:6
2022.11.11 14:15:45#totalamount:642000
2022.11.11 14:15:46#result:TRANSACTION_ID:o01mOm5w0SX3MZwo1ytTS8GkJoI=
2022.11.11 14:15:46#Forward to DBBL Payment Gateway Page: https://ecom1.dutchbanglabank.com/ecomm2/ClientHandler?card_type=6&trans_id=o01mOm5w0SX3MZwo1ytTS8GkJoI%3D
2022.11.11 14:15:47#result:TRANSACTION_ID:0xqmrC8ZPQK60zBGeTGH8wWnCSo=
2022.11.11 14:15:47#Forward to DBBL Payment Gateway Page: https://ecom1.dutchbanglabank.com/ecomm2/ClientHandler?card_type=6&trans_id=0xqmrC8ZPQK60zBGeTGH8wWnCSo%3D
2022.11.11 14:15:48#=================== Start New Transaction ===================
2022.11.11 14:15:48#txnrefnum:MBD2005084
2022.11.11 14:15:48#clientIp:37.111.212.92
2022.11.11 14:15:48#card type:6
2022.11.11 14:15:48#totalamount:642000
2022.11.11 14:15:51#result:TRANSACTION_ID:dp0eeUOfyRV2afltGInvuJ5Evk8=
2022.11.11 14:15:51#Forward to DBBL Payment Gateway Page: https://ecom1.dutchbanglabank.com/ecomm2/ClientHandler?card_type=6&trans_id=dp0eeUOfyRV2afltGInvuJ5Evk8%3D
2022.11.11 14:16:05#=================== Start New Transaction ===================
2022.11.11 14:16:05#txnrefnum:BBM2003082
2022.11.11 14:16:05#clientIp:114.130.185.145
2022.11.11 14:16:05#card type:6
2022.11.11 14:16:05#totalamount:542000
2022.11.11 14:16:08#result:TRANSACTION_ID:VryNqz3r7vxBwKeqn054OJSmtCk=
2022.11.11 14:16:08#Forward to DBBL Payment Gateway Page: https://ecom1.dutchbanglabank.com/ecomm2/ClientHandler?card_type=6&trans_id=VryNqz3r7vxBwKeqn054OJSmtCk%3D
2022.11.11 14:16:31#---------------------- Complete New Transaction---------------------
2022.11.11 14:16:31#Get trans_id From Post Value:VryNqz3r7vxBwKeqn054OJSmtCk=
2022.11.11 14:16:31#clientIp:114.130.185.145
2022.11.11 14:16:31#trans_id:VryNqz3r7vxBwKeqn054OJSmtCk=
2022.11.11 14:16:32#result:RESULT>OK^RESULT_CODE>000^3DSECURE>SKIPPED^RRN>231514242092^APPROVAL_CODE>652882^CARD_NUMBER>999999*********6175^AMOUNT>542000^CARDNAME>mb account^DESCRIPTION>6BBM2003082^TRANS_DATE>2022-11-11 08:16:29 PM
2022.11.11 14:16:32#23919111021632
2022.11.11 14:16:32#23919111021632
2022.11.11 14:16:32#23919111021632
2022.11.11 14:16:33#23919111021632
2022.11.11 14:16:33#23919111021632
2022.11.11 14:16:33#23919111021632
2022.11.11 14:16:33#23919111021632
2022.11.11 14:16:33#23919111021632
2022.11.11 14:16:33#23919111021632
2022.11.11 14:16:33#23919111021632
2022.11.11 14:16:33#23919111021632
2022.11.11 14:16:33#23919111021632
2022.11.11 14:16:33#23919111021632
2022.11.11 14:16:33#23919111021632
2022.11.11 14:16:33#=================== Transaction Completed =======================
2022.11.11 14:18:39#=================== Start New Transaction ===================
2022.11.11 14:18:39#txnrefnum:MBM2008301
2022.11.11 14:18:39#clientIp:116.206.253.174
2022.11.11 14:18:39#card type:6
2022.11.11 14:18:39#totalamount:402000
2022.11.11 14:18:42#result:TRANSACTION_ID:Skx7MIePtN7EIqYPyHkpyCXB7TU=
2022.11.11 14:18:42#Forward to DBBL Payment Gateway Page: https://ecom1.dutchbanglabank.com/ecomm2/ClientHandler?card_type=6&trans_id=Skx7MIePtN7EIqYPyHkpyCXB7TU%3D
2022.11.11 14:19:26#=================== Start New Transaction ===================
2022.11.11 14:19:26#txnrefnum:MBD2007055
2022.11.11 14:19:26#clientIp:103.140.176.62
2022.11.11 14:19:26#card type:6
2022.11.11 14:19:26#totalamount:402000
2022.11.11 14:19:29#result:TRANSACTION_ID:tHRPLlRhiNSkwFsaLhJIT4NQql8=
2022.11.11 14:19:29#Forward to DBBL Payment Gateway Page: https://ecom1.dutchbanglabank.com/ecomm2/ClientHandler?card_type=6&trans_id=tHRPLlRhiNSkwFsaLhJIT4NQql8%3D
2022.11.11 14:21:00#---------------------- Complete New Transaction---------------------
2022.11.11 14:21:00#Get trans_id From Post Value:tHRPLlRhiNSkwFsaLhJIT4NQql8=
2022.11.11 14:21:00#clientIp:103.140.176.62
2022.11.11 14:21:00#trans_id:tHRPLlRhiNSkwFsaLhJIT4NQql8=
2022.11.11 14:21:02#result:RESULT>OK^RESULT_CODE>000^3DSECURE>SKIPPED^RRN>231514242462^APPROVAL_CODE>661552^CARD_NUMBER>999999*********2755^AMOUNT>402000^CARDNAME>mb account^DESCRIPTION>6MBD2007055^TRANS_DATE>2022-11-11 08:20:59 PM
2022.11.11 14:21:02#19183611022102
2022.11.11 14:21:02#19183611022102
2022.11.11 14:21:02#19183611022102
2022.11.11 14:21:02#19183611022102
2022.11.11 14:21:02#19183611022102
2022.11.11 14:21:02#19183611022102
2022.11.11 14:21:02#19183611022102
2022.11.11 14:21:02#19183611022102
2022.11.11 14:21:02#19183611022102
2022.11.11 14:21:02#19183611022102
2022.11.11 14:21:02#=================== Transaction Completed =======================
2022.11.11 14:21:13#---------------------- Complete New Transaction---------------------
2022.11.11 14:21:13#Get trans_id From Post Value:Skx7MIePtN7EIqYPyHkpyCXB7TU=
2022.11.11 14:21:13#clientIp:116.206.253.174
2022.11.11 14:21:13#trans_id:Skx7MIePtN7EIqYPyHkpyCXB7TU=
2022.11.11 14:21:14#result:RESULT>OK^RESULT_CODE>000^3DSECURE>SKIPPED^RRN>231514242480^APPROVAL_CODE>662047^CARD_NUMBER>999999*********2270^AMOUNT>402000^CARDNAME>mb account^DESCRIPTION>6MBM2008301^TRANS_DATE>2022-11-11 08:21:12 PM
2022.11.11 14:21:14#22018611022114
2022.11.11 14:21:14#22018611022114
2022.11.11 14:21:14#22018611022114
2022.11.11 14:21:14#22018611022114
2022.11.11 14:21:14#22018611022114
2022.11.11 14:21:14#22018611022114
2022.11.11 14:21:14#22018611022114
2022.11.11 14:21:14#22018611022114
2022.11.11 14:21:14#22018611022114
2022.11.11 14:21:14#22018611022114
2022.11.11 14:21:14#=================== Transaction Completed =======================
2022.11.11 14:23:53#=================== Start New Transaction ===================
2022.11.11 14:23:53#txnrefnum:MBD2002099
2022.11.11 14:23:53#clientIp:103.140.176.62
2022.11.11 14:23:53#card type:6
2022.11.11 14:23:53#totalamount:382000
2022.11.11 14:23:56#result:TRANSACTION_ID:fYUDy6RSySB0ry2SsZI89KpSW2E=
2022.11.11 14:23:56#Forward to DBBL Payment Gateway Page: https://ecom1.dutchbanglabank.com/ecomm2/ClientHandler?card_type=6&trans_id=fYUDy6RSySB0ry2SsZI89KpSW2E%3D
2022.11.11 14:25:22#---------------------- Complete New Transaction---------------------
2022.11.11 14:25:22#Get trans_id From Post Value:fYUDy6RSySB0ry2SsZI89KpSW2E=
2022.11.11 14:25:22#clientIp:103.140.176.62
2022.11.11 14:25:22#trans_id:fYUDy6RSySB0ry2SsZI89KpSW2E=
2022.11.11 14:25:24#result:RESULT>OK^RESULT_CODE>000^3DSECURE>SKIPPED^RRN>231514242821^APPROVAL_CODE>672111^CARD_NUMBER>999999*********2755^AMOUNT>382000^CARDNAME>mb account^DESCRIPTION>6MBD2002099^TRANS_DATE>2022-11-11 08:25:21 PM
2022.11.11 14:25:24#11339511022524
2022.11.11 14:25:24#11339511022524
2022.11.11 14:25:24#11339511022524
2022.11.11 14:25:24#11339511022524
2022.11.11 14:25:24#11339511022524
2022.11.11 14:25:24#11339511022524
2022.11.11 14:25:24#11339511022524
2022.11.11 14:25:24#11339511022524
2022.11.11 14:25:24#11339511022524
2022.11.11 14:25:24#11339511022524
2022.11.11 14:25:24#=================== Transaction Completed =======================
2022.11.11 14:33:27#=================== Start New Transaction ===================
2022.11.11 14:33:27#txnrefnum:MBD2205047
2022.11.11 14:33:27#clientIp:103.150.255.113
2022.11.11 14:33:27#card type:6
2022.11.11 14:33:27#totalamount:62000
2022.11.11 14:33:30#result:TRANSACTION_ID:SMuSjW63dppE5Hzy7supb8SFfVw=
2022.11.11 14:33:30#Forward to DBBL Payment Gateway Page: https://ecom1.dutchbanglabank.com/ecomm2/ClientHandler?card_type=6&trans_id=SMuSjW63dppE5Hzy7supb8SFfVw%3D
2022.11.11 14:35:25#=================== Start New Transaction ===================
2022.11.11 14:35:25#txnrefnum:MBD2205047
2022.11.11 14:35:25#clientIp:103.150.255.113
2022.11.11 14:35:25#card type:6
2022.11.11 14:35:25#totalamount:382000
2022.11.11 14:35:28#result:TRANSACTION_ID:wuYNMiDQ4Kcy5crSPMFhUaI6LBo=
2022.11.11 14:35:28#Forward to DBBL Payment Gateway Page: https://ecom1.dutchbanglabank.com/ecomm2/ClientHandler?card_type=6&trans_id=wuYNMiDQ4Kcy5crSPMFhUaI6LBo%3D
2022.11.11 15:12:23#=================== Start New Transaction ===================
2022.11.11 15:12:23#txnrefnum:MBB2107005
2022.11.11 15:12:23#clientIp:116.206.253.172
2022.11.11 15:12:23#card type:6
2022.11.11 15:12:23#totalamount:82000
2022.11.11 15:12:26#result:TRANSACTION_ID:momAniAnnLdhNecyBdjgj1infeE=
2022.11.11 15:12:26#Forward to DBBL Payment Gateway Page: https://ecom1.dutchbanglabank.com/ecomm2/ClientHandler?card_type=6&trans_id=momAniAnnLdhNecyBdjgj1infeE%3D
2022.11.11 15:13:54#---------------------- Complete New Transaction---------------------
2022.11.11 15:13:54#Get trans_id From Post Value:momAniAnnLdhNecyBdjgj1infeE=
2022.11.11 15:13:54#clientIp:116.206.253.172
2022.11.11 15:13:54#trans_id:momAniAnnLdhNecyBdjgj1infeE=
2022.11.11 15:13:55#result:RESULT>OK^RESULT_CODE>000^3DSECURE>SKIPPED^RRN>231515246444^APPROVAL_CODE>868789^CARD_NUMBER>999999*********2316^AMOUNT>82000^CARDNAME>mb account^DESCRIPTION>6MBB2107005^TRANS_DATE>2022-11-11 09:13:53 PM
2022.11.11 15:13:55#32916111031355
2022.11.11 15:13:55#32916111031355
2022.11.11 15:13:55#=================== Transaction Completed =======================
2022.11.11 15:17:54#=================== Start New Transaction ===================
2022.11.11 15:17:54#txnrefnum:BBB2104002
2022.11.11 15:17:54#clientIp:103.253.46.60
2022.11.11 15:17:54#card type:6
2022.11.11 15:17:54#totalamount:62000
2022.11.11 15:17:57#result:TRANSACTION_ID:VxLPeQl6svALeaZ76rFYnVsoUtE=
2022.11.11 15:17:57#Forward to DBBL Payment Gateway Page: https://ecom1.dutchbanglabank.com/ecomm2/ClientHandler?card_type=6&trans_id=VxLPeQl6svALeaZ76rFYnVsoUtE%3D
2022.11.11 15:28:44#=================== Start New Transaction ===================
2022.11.11 15:28:44#txnrefnum:BBD2002028
2022.11.11 15:28:44#clientIp:103.100.95.18
2022.11.11 15:28:44#card type:6
2022.11.11 15:28:44#totalamount:702000
2022.11.11 15:28:47#result:TRANSACTION_ID:nSnofyNn6Mv131egPnjPFumyvMo=
2022.11.11 15:28:47#Forward to DBBL Payment Gateway Page: https://ecom1.dutchbanglabank.com/ecomm2/ClientHandler?card_type=6&trans_id=nSnofyNn6Mv131egPnjPFumyvMo%3D
2022.11.11 15:29:14#=================== Start New Transaction ===================
2022.11.11 15:29:14#txnrefnum:BBB2107015
2022.11.11 15:29:14#clientIp:123.253.65.227
2022.11.11 15:29:14#card type:6
2022.11.11 15:29:14#totalamount:242000
2022.11.11 15:29:17#result:TRANSACTION_ID:QCPS5LcoiYXDDYuFSbcOSmacLSU=
2022.11.11 15:29:17#Forward to DBBL Payment Gateway Page: https://ecom1.dutchbanglabank.com/ecomm2/ClientHandler?card_type=6&trans_id=QCPS5LcoiYXDDYuFSbcOSmacLSU%3D
2022.11.11 15:29:19#---------------------- Complete New Transaction---------------------
2022.11.11 15:29:19#Get trans_id From Post Value:nSnofyNn6Mv131egPnjPFumyvMo=
2022.11.11 15:29:19#clientIp:103.100.95.18
2022.11.11 15:29:19#trans_id:nSnofyNn6Mv131egPnjPFumyvMo=
2022.11.11 15:29:21#result:RESULT>OK^RESULT_CODE>000^3DSECURE>SKIPPED^RRN>231515247446^APPROVAL_CODE>924816^CARD_NUMBER>999999*********5989^AMOUNT>702000^CARDNAME>mb account^DESCRIPTION>6BBD2002028^TRANS_DATE>2022-11-11 09:29:18 PM
2022.11.11 15:29:21#23208011032921
2022.11.11 15:29:21#23208011032921
2022.11.11 15:29:21#23208011032921
2022.11.11 15:29:21#23208011032921
2022.11.11 15:29:21#=================== Transaction Completed =======================
2022.11.11 15:29:44#---------------------- Complete New Transaction---------------------
2022.11.11 15:29:44#Get trans_id From Post Value:QCPS5LcoiYXDDYuFSbcOSmacLSU=
2022.11.11 15:29:44#clientIp:123.253.65.227
2022.11.11 15:29:44#trans_id:QCPS5LcoiYXDDYuFSbcOSmacLSU=
2022.11.11 15:29:46#result:RESULT>OK^RESULT_CODE>000^3DSECURE>SKIPPED^RRN>231515247466^APPROVAL_CODE>891931^CARD_NUMBER>999999*********5687^AMOUNT>242000^CARDNAME>mb account^DESCRIPTION>6BBB2107015^TRANS_DATE>2022-11-11 09:29:43 PM
2022.11.11 15:29:46#25343811032946
2022.11.11 15:29:46#25343811032946
2022.11.11 15:29:46#25343811032946
2022.11.11 15:29:46#25343811032946
2022.11.11 15:29:46#25343811032946
2022.11.11 15:29:46#25343811032946
2022.11.11 15:29:46#=================== Transaction Completed =======================
2022.11.11 15:50:47#=================== Start New Transaction ===================
2022.11.11 15:50:47#txnrefnum:MBD2003150
2022.11.11 15:50:47#clientIp:223.29.215.10
2022.11.11 15:50:47#card type:6
2022.11.11 15:50:47#totalamount:222000
2022.11.11 15:50:49#result:TRANSACTION_ID:2nhi6C8S0YRRiHltcNkAmMs9HIQ=
2022.11.11 15:50:49#Forward to DBBL Payment Gateway Page: https://ecom1.dutchbanglabank.com/ecomm2/ClientHandler?card_type=6&trans_id=2nhi6C8S0YRRiHltcNkAmMs9HIQ%3D
2022.11.11 15:51:56#---------------------- Complete New Transaction---------------------
2022.11.11 15:51:56#Get trans_id From Post Value:2nhi6C8S0YRRiHltcNkAmMs9HIQ=
2022.11.11 15:51:56#clientIp:223.29.215.10
2022.11.11 15:51:56#trans_id:2nhi6C8S0YRRiHltcNkAmMs9HIQ=
2022.11.11 15:51:57#result:RESULT>OK^RESULT_CODE>000^3DSECURE>SKIPPED^RRN>231515248869^APPROVAL_CODE>065343^CARD_NUMBER>999999*********3331^AMOUNT>222000^CARDNAME>mb account^DESCRIPTION>6MBD2003150^TRANS_DATE>2022-11-11 09:51:55 PM
2022.11.11 15:51:57#12866611035157
2022.11.11 15:51:57#12866611035157
2022.11.11 15:51:57#12866611035157
2022.11.11 15:51:57#12866611035157
2022.11.11 15:51:57#12866611035157
2022.11.11 15:51:57#12866611035157
2022.11.11 15:51:57#=================== Transaction Completed =======================
2022.11.11 16:03:08#=================== Start New Transaction ===================
2022.11.11 16:03:08#txnrefnum:MBG2101021
2022.11.11 16:03:08#clientIp:103.43.149.4
2022.11.11 16:03:08#card type:6
2022.11.11 16:03:08#totalamount:222000
2022.11.11 16:03:12#result:TRANSACTION_ID:S4Vfht9VQ0gsTIlTk9eHWdRMUSo=
2022.11.11 16:03:12#Forward to DBBL Payment Gateway Page: https://ecom1.dutchbanglabank.com/ecomm2/ClientHandler?card_type=6&trans_id=S4Vfht9VQ0gsTIlTk9eHWdRMUSo%3D
2022.11.11 16:05:14#=================== Start New Transaction ===================
2022.11.11 16:05:14#txnrefnum:MBG2101021
2022.11.11 16:05:14#clientIp:103.43.149.4
2022.11.11 16:05:14#card type:6
2022.11.11 16:05:14#totalamount:222000
2022.11.11 16:05:16#result:TRANSACTION_ID:xX25KfQJbk0iXaqLbt4rycUiwqg=
2022.11.11 16:05:16#Forward to DBBL Payment Gateway Page: https://ecom1.dutchbanglabank.com/ecomm2/ClientHandler?card_type=6&trans_id=xX25KfQJbk0iXaqLbt4rycUiwqg%3D
2022.11.11 16:06:03#---------------------- Complete New Transaction---------------------
2022.11.11 16:06:03#Get trans_id From Post Value:xX25KfQJbk0iXaqLbt4rycUiwqg=
2022.11.11 16:06:03#clientIp:103.43.149.4
2022.11.11 16:06:03#trans_id:xX25KfQJbk0iXaqLbt4rycUiwqg=
2022.11.11 16:06:05#result:RESULT>OK^RESULT_CODE>000^3DSECURE>SKIPPED^RRN>231516249714^APPROVAL_CODE>040955^CARD_NUMBER>999999*********1912^AMOUNT>222000^CARDNAME>mb account^DESCRIPTION>6MBG2101021^TRANS_DATE>2022-11-11 10:06:02 PM
2022.11.11 16:06:05#8265011040605
2022.11.11 16:06:05#8265011040605
2022.11.11 16:06:05#8265011040605
2022.11.11 16:06:05#8265011040605
2022.11.11 16:06:05#8265011040605
2022.11.11 16:06:05#8265011040605
2022.11.11 16:06:05#=================== Transaction Completed =======================
2022.11.11 16:08:57#=================== Start New Transaction ===================
2022.11.11 16:08:57#txnrefnum:MSC22111349
2022.11.11 16:08:57#clientIp:103.143.138.47
2022.11.11 16:08:57#card type:6
2022.11.11 16:08:57#totalamount:422000
2022.11.11 16:09:00#result:TRANSACTION_ID:qFkp0M2Ja2sJWmAPKPBvhZ49js8=
2022.11.11 16:09:00#Forward to DBBL Payment Gateway Page: https://ecom1.dutchbanglabank.com/ecomm2/ClientHandler?card_type=6&trans_id=qFkp0M2Ja2sJWmAPKPBvhZ49js8%3D
2022.11.11 16:10:01#---------------------- Complete New Transaction---------------------
2022.11.11 16:10:01#Get trans_id From Post Value:qFkp0M2Ja2sJWmAPKPBvhZ49js8=
2022.11.11 16:10:01#clientIp:103.143.138.47
2022.11.11 16:10:01#trans_id:qFkp0M2Ja2sJWmAPKPBvhZ49js8=
2022.11.11 16:10:03#result:RESULT>OK^RESULT_CODE>000^3DSECURE>SKIPPED^RRN>231516249987^APPROVAL_CODE>090656^CARD_NUMBER>999999*********8527^AMOUNT>422000^CARDNAME>mb account^DESCRIPTION>6MSC22111349^TRANS_DATE>2022-11-11 10:10:00 PM
2022.11.11 16:10:03#1699211041003
2022.11.11 16:10:03#1699211041003
2022.11.11 16:10:03#1699211041003
2022.11.11 16:10:03#1699211041003
2022.11.11 16:10:03#1699211041003
2022.11.11 16:10:03#1699211041003
2022.11.11 16:10:03#=================== Transaction Completed =======================
2022.11.11 16:45:25#=================== Start New Transaction ===================
2022.11.11 16:45:25#txnrefnum:MBD2006043
2022.11.11 16:45:25#clientIp:123.253.65.226
2022.11.11 16:45:25#card type:6
2022.11.11 16:45:25#totalamount:802000
2022.11.11 16:45:28#result:TRANSACTION_ID:9HcAtIaGc8ZXTghwhXLrJbpF66c=
2022.11.11 16:45:28#Forward to DBBL Payment Gateway Page: https://ecom1.dutchbanglabank.com/ecomm2/ClientHandler?card_type=6&trans_id=9HcAtIaGc8ZXTghwhXLrJbpF66c%3D