
2023.7.4 04:32:26#=================== Start New Transaction ===================
2023.7.4 04:32:26#txnrefnum:MEB2105007
2023.7.4 04:32:26#clientIp:120.50.18.166
2023.7.4 04:32:26#card type:6
2023.7.4 04:32:26#totalamount:132000
2023.7.4 04:32:31#result:TRANSACTION_ID:28BQyaagFewcZNUnahIuxrOawOQ=
2023.7.4 04:32:31#Forward to DBBL Payment Gateway Page: https://ecom1.dutchbanglabank.com/ecomm2/ClientHandler?card_type=6&trans_id=28BQyaagFewcZNUnahIuxrOawOQ%3D
2023.7.4 04:33:13#---------------------- Complete New Transaction---------------------
2023.7.4 04:33:13#Get trans_id From Post Value:28BQyaagFewcZNUnahIuxrOawOQ=
2023.7.4 04:33:13#clientIp:120.50.18.166
2023.7.4 04:33:13#trans_id:28BQyaagFewcZNUnahIuxrOawOQ=
2023.7.4 04:33:15#result:RESULT>OK^RESULT_CODE>000^3DSECURE>SKIPPED^RRN>318504255643^APPROVAL_CODE>285121^CARD_NUMBER>999999*********3275^AMOUNT>132000^CARDNAME>mb account^DESCRIPTION>6MEB2105007^TRANS_DATE>2023-07-04 10:33:13 AM
2023.7.4 04:33:15#43713804043315
2023.7.4 04:33:15#43713804043315
2023.7.4 04:33:15#=================== Transaction Completed =======================
2023.7.4 04:53:42#=================== Start New Transaction ===================
2023.7.4 04:53:42#txnrefnum:MBD2201014
2023.7.4 04:53:42#clientIp:221.120.98.241
2023.7.4 04:53:42#card type:6
2023.7.4 04:53:42#totalamount:202000
2023.7.4 04:53:45#result:TRANSACTION_ID:iTUlIsUvitcb8n7fRQP2M4EOxPg=
2023.7.4 04:53:45#Forward to DBBL Payment Gateway Page: https://ecom1.dutchbanglabank.com/ecomm2/ClientHandler?card_type=6&trans_id=iTUlIsUvitcb8n7fRQP2M4EOxPg%3D
2023.7.4 04:54:35#---------------------- Complete New Transaction---------------------
2023.7.4 04:54:35#Get trans_id From Post Value:iTUlIsUvitcb8n7fRQP2M4EOxPg=
2023.7.4 04:54:35#clientIp:221.120.98.241
2023.7.4 04:54:35#trans_id:iTUlIsUvitcb8n7fRQP2M4EOxPg=
2023.7.4 04:54:36#result:RESULT>OK^RESULT_CODE>000^3DSECURE>SKIPPED^RRN>318504257417^APPROVAL_CODE>477208^CARD_NUMBER>999999*********4314^AMOUNT>202000^CARDNAME>mb account^DESCRIPTION>6MBD2201014^TRANS_DATE>2023-07-04 10:54:34 AM
2023.7.4 04:54:36#49639404045436
2023.7.4 04:54:36#49639404045436
2023.7.4 04:54:36#49639404045436
2023.7.4 04:54:37#49639404045436
2023.7.4 04:54:37#=================== Transaction Completed =======================
2023.7.4 05:15:09#=================== Start New Transaction ===================
2023.7.4 05:15:09#txnrefnum:MBM2307032
2023.7.4 05:15:09#clientIp:103.125.136.131
2023.7.4 05:15:09#card type:6
2023.7.4 05:15:09#totalamount:102000
2023.7.4 05:15:11#result:TRANSACTION_ID:AjE83MrM4t4yuxjnjFioFKXLFM4=
2023.7.4 05:15:12#Forward to DBBL Payment Gateway Page: https://ecom1.dutchbanglabank.com/ecomm2/ClientHandler?card_type=6&trans_id=AjE83MrM4t4yuxjnjFioFKXLFM4%3D
2023.7.4 05:17:07#---------------------- Complete New Transaction---------------------
2023.7.4 05:17:07#Get trans_id From Post Value:AjE83MrM4t4yuxjnjFioFKXLFM4=
2023.7.4 05:17:07#clientIp:103.125.136.131
2023.7.4 05:17:07#trans_id:AjE83MrM4t4yuxjnjFioFKXLFM4=
2023.7.4 05:17:09#result:RESULT>OK^RESULT_CODE>000^3DSECURE>SKIPPED^RRN>318505259397^APPROVAL_CODE>584098^CARD_NUMBER>999999*********6703^AMOUNT>102000^CARDNAME>mb account^DESCRIPTION>6MBM2307032^TRANS_DATE>2023-07-04 11:17:06 AM
2023.7.4 05:17:09#53163404051709
2023.7.4 05:17:09#53163404051709
2023.7.4 05:17:09#=================== Transaction Completed =======================
2023.7.4 05:30:32#=================== Start New Transaction ===================
2023.7.4 05:30:32#txnrefnum:MSC23111304
2023.7.4 05:30:32#clientIp:157.119.237.28
2023.7.4 05:30:32#card type:6
2023.7.4 05:30:32#totalamount:182000
2023.7.4 05:30:34#result:TRANSACTION_ID:adL1sSB9aS3jR1Tpa32iRP961SY=
2023.7.4 05:30:35#Forward to DBBL Payment Gateway Page: https://ecom1.dutchbanglabank.com/ecomm2/ClientHandler?card_type=6&trans_id=adL1sSB9aS3jR1Tpa32iRP961SY%3D
2023.7.4 05:31:56#---------------------- Complete New Transaction---------------------
2023.7.4 05:31:56#Get trans_id From Post Value:adL1sSB9aS3jR1Tpa32iRP961SY=
2023.7.4 05:31:56#clientIp:157.119.237.3
2023.7.4 05:31:56#trans_id:adL1sSB9aS3jR1Tpa32iRP961SY=
2023.7.4 05:31:58#result:RESULT>FAILED^RESULT_CODE>100^3DSECURE>SKIPPED^RRN>318505260778^APPROVAL_CODE>0^CARD_NUMBER>999999*********1670^AMOUNT>182000^CARDNAME>mb account^DESCRIPTION>6MSC23111304^TRANS_DATE>2023-07-04 11:31:55 AM
2023.7.4 05:31:58#Failed
2023.7.4 05:35:02#=================== Start New Transaction ===================
2023.7.4 05:35:02#txnrefnum:MSC23111304
2023.7.4 05:35:02#clientIp:157.119.237.14
2023.7.4 05:35:02#card type:6
2023.7.4 05:35:02#totalamount:362000
2023.7.4 05:35:05#result:TRANSACTION_ID:uBq1JhS5vwPB8KSwB1FOASYVqXg=
2023.7.4 05:35:05#Forward to DBBL Payment Gateway Page: https://ecom1.dutchbanglabank.com/ecomm2/ClientHandler?card_type=6&trans_id=uBq1JhS5vwPB8KSwB1FOASYVqXg%3D
2023.7.4 05:36:06#=================== Start New Transaction ===================
2023.7.4 05:36:06#txnrefnum:MSC23111304
2023.7.4 05:36:06#clientIp:157.119.237.10
2023.7.4 05:36:06#card type:6
2023.7.4 05:36:06#totalamount:182000
2023.7.4 05:36:08#=================== Start New Transaction ===================
2023.7.4 05:36:08#txnrefnum:MSC23111304
2023.7.4 05:36:08#clientIp:157.119.237.10
2023.7.4 05:36:08#card type:6
2023.7.4 05:36:08#totalamount:182000
2023.7.4 05:36:09#result:TRANSACTION_ID:JSFwx9eT1XIhgOo6dzIFjbSvpL4=
2023.7.4 05:36:09#Forward to DBBL Payment Gateway Page: https://ecom1.dutchbanglabank.com/ecomm2/ClientHandler?card_type=6&trans_id=JSFwx9eT1XIhgOo6dzIFjbSvpL4%3D
2023.7.4 05:36:11#result:TRANSACTION_ID:OXM1yDh7PGwlhi5XP8Yek3AVVFo=
2023.7.4 05:36:11#Forward to DBBL Payment Gateway Page: https://ecom1.dutchbanglabank.com/ecomm2/ClientHandler?card_type=6&trans_id=OXM1yDh7PGwlhi5XP8Yek3AVVFo%3D
2023.7.4 05:37:09#---------------------- Complete New Transaction---------------------
2023.7.4 05:37:09#Get trans_id From Post Value:OXM1yDh7PGwlhi5XP8Yek3AVVFo=
2023.7.4 05:37:09#clientIp:157.119.237.3
2023.7.4 05:37:09#trans_id:OXM1yDh7PGwlhi5XP8Yek3AVVFo=
2023.7.4 05:37:11#result:RESULT>FAILED^RESULT_CODE>100^3DSECURE>SKIPPED^RRN>318505261283^APPROVAL_CODE>0^CARD_NUMBER>999999*********1670^AMOUNT>182000^CARDNAME>mb account^DESCRIPTION>6MSC23111304^TRANS_DATE>2023-07-04 11:37:08 AM
2023.7.4 05:37:11#Failed
2023.7.4 05:55:32#=================== Start New Transaction ===================
2023.7.4 05:55:32#txnrefnum:MBD2003134
2023.7.4 05:55:32#clientIp:203.76.110.91
2023.7.4 05:55:32#card type:6
2023.7.4 05:55:32#totalamount:102000
2023.7.4 05:55:34#result:TRANSACTION_ID:hMStTnSmohoPkfsuQT2QziT6cyo=
2023.7.4 05:55:35#Forward to DBBL Payment Gateway Page: https://ecom1.dutchbanglabank.com/ecomm2/ClientHandler?card_type=6&trans_id=hMStTnSmohoPkfsuQT2QziT6cyo%3D
2023.7.4 05:56:32#---------------------- Complete New Transaction---------------------
2023.7.4 05:56:32#Get trans_id From Post Value:hMStTnSmohoPkfsuQT2QziT6cyo=
2023.7.4 05:56:32#clientIp:203.76.110.91
2023.7.4 05:56:32#trans_id:hMStTnSmohoPkfsuQT2QziT6cyo=
2023.7.4 05:56:34#result:RESULT>OK^RESULT_CODE>000^3DSECURE>SKIPPED^RRN>318505263338^APPROVAL_CODE>733132^CARD_NUMBER>999999*********7544^AMOUNT>102000^CARDNAME>mb account^DESCRIPTION>6MBD2003134^TRANS_DATE>2023-07-04 11:56:31 AM
2023.7.4 05:56:34#44837104055634
2023.7.4 05:56:34#44837104055634
2023.7.4 05:56:34#=================== Transaction Completed =======================
2023.7.4 08:16:11#=================== Start New Transaction ===================
2023.7.4 08:16:11#txnrefnum:MBD2203345
2023.7.4 08:16:11#clientIp:103.254.86.137
2023.7.4 08:16:11#card type:6
2023.7.4 08:16:11#totalamount:102000
2023.7.4 08:16:14#result:TRANSACTION_ID:WxDH5JMohihs6tE8JHnDPeznPYs=
2023.7.4 08:16:14#Forward to DBBL Payment Gateway Page: https://ecom1.dutchbanglabank.com/ecomm2/ClientHandler?card_type=6&trans_id=WxDH5JMohihs6tE8JHnDPeznPYs%3D
2023.7.4 12:42:28#=================== Start New Transaction ===================
2023.7.4 12:42:28#txnrefnum:MSC23111180
2023.7.4 12:42:28#clientIp:103.179.155.20
2023.7.4 12:42:28#card type:6
2023.7.4 12:42:28#totalamount:1390000
2023.7.4 12:42:34#result:TRANSACTION_ID:4cdwKaS8INMlOfkhKkn33ASMyik=
2023.7.4 12:42:34#Forward to DBBL Payment Gateway Page: https://ecom1.dutchbanglabank.com/ecomm2/ClientHandler?card_type=6&trans_id=4cdwKaS8INMlOfkhKkn33ASMyik%3D
2023.7.4 12:43:17#---------------------- Complete New Transaction---------------------
2023.7.4 12:43:17#Get trans_id From Post Value:4cdwKaS8INMlOfkhKkn33ASMyik=
2023.7.4 12:43:18#clientIp:103.179.155.20
2023.7.4 12:43:18#trans_id:4cdwKaS8INMlOfkhKkn33ASMyik=
2023.7.4 12:43:21#result:RESULT>OK^RESULT_CODE>000^3DSECURE>SKIPPED^RRN>318512298540^APPROVAL_CODE>435031^CARD_NUMBER>999999*********0640^AMOUNT>1390000^CARDNAME>mb account^DESCRIPTION>6MSC23111180^TRANS_DATE>2023-07-04 06:43:16 PM
2023.7.4 12:43:21#52299604124321
2023.7.4 12:43:21#52299604124321
2023.7.4 12:43:21#52299604124321
2023.7.4 12:43:21#52299604124321
2023.7.4 12:43:21#52299604124321
2023.7.4 12:43:21#52299604124321
2023.7.4 12:43:21#52299604124321
2023.7.4 12:43:21#52299604124321
2023.7.4 12:43:21#52299604124321
2023.7.4 12:43:21#52299604124321
2023.7.4 12:43:21#52299604124321
2023.7.4 12:43:21#52299604124321
2023.7.4 12:43:21#52299604124321
2023.7.4 12:43:22#52299604124321
2023.7.4 12:43:22#52299604124321
2023.7.4 12:43:22#52299604124321
2023.7.4 12:43:22#=================== Transaction Completed =======================
2023.7.4 12:45:30#=================== Start New Transaction ===================
2023.7.4 12:45:30#txnrefnum:BBM2007012
2023.7.4 12:45:30#clientIp:103.67.156.183
2023.7.4 12:45:30#card type:6
2023.7.4 12:45:30#totalamount:802000
2023.7.4 12:45:33#result:TRANSACTION_ID:MZfSnjySvoRBdU9UHPGH8ZubGEo=
2023.7.4 12:45:33#Forward to DBBL Payment Gateway Page: https://ecom1.dutchbanglabank.com/ecomm2/ClientHandler?card_type=6&trans_id=MZfSnjySvoRBdU9UHPGH8ZubGEo%3D
2023.7.4 12:47:58#---------------------- Complete New Transaction---------------------
2023.7.4 12:47:58#Get trans_id From Post Value:MZfSnjySvoRBdU9UHPGH8ZubGEo=
2023.7.4 12:47:58#clientIp:103.67.156.183
2023.7.4 12:47:58#trans_id:MZfSnjySvoRBdU9UHPGH8ZubGEo=
2023.7.4 12:48:00#result:RESULT>OK^RESULT_CODE>000^3DSECURE>SKIPPED^RRN>318512298933^APPROVAL_CODE>389158^CARD_NUMBER>999999*********1830^AMOUNT>802000^CARDNAME>mb account^DESCRIPTION>6BBM2007012^TRANS_DATE>2023-07-04 06:47:57 PM
2023.7.4 12:48:00#37189704124800
2023.7.4 12:48:00#37189704124800
2023.7.4 12:48:00#37189704124800
2023.7.4 12:48:00#37189704124800
2023.7.4 12:48:00#37189704124800
2023.7.4 12:48:00#37189704124800
2023.7.4 12:48:00#=================== Transaction Completed =======================
2023.7.4 13:43:42#=================== Start New Transaction ===================
2023.7.4 13:43:42#txnrefnum:BBM2306050
2023.7.4 13:43:42#clientIp:115.127.83.69
2023.7.4 13:43:42#card type:6
2023.7.4 13:43:42#totalamount:502000
2023.7.4 13:43:45#result:TRANSACTION_ID:QQS0xnV3PsJfZy6N3aN39loznys=
2023.7.4 13:43:46#Forward to DBBL Payment Gateway Page: https://ecom1.dutchbanglabank.com/ecomm2/ClientHandler?card_type=6&trans_id=QQS0xnV3PsJfZy6N3aN39loznys%3D
2023.7.4 13:44:16#---------------------- Complete New Transaction---------------------
2023.7.4 13:44:16#Get trans_id From Post Value:QQS0xnV3PsJfZy6N3aN39loznys=
2023.7.4 13:44:16#clientIp:115.127.83.69
2023.7.4 13:44:16#trans_id:QQS0xnV3PsJfZy6N3aN39loznys=
2023.7.4 13:44:18#result:RESULT>FAILED^RESULT_CODE>116^3DSECURE>SKIPPED^RRN>318513303598^APPROVAL_CODE>0^CARD_NUMBER>999999*********1131^AMOUNT>502000^CARDNAME>mb account^DESCRIPTION>6BBM2306050^TRANS_DATE>2023-07-04 07:44:15 PM
2023.7.4 13:44:18#Not Sufficient Amount
2023.7.4 14:33:27#=================== Start New Transaction ===================
2023.7.4 14:33:27#txnrefnum:BBM2306050
2023.7.4 14:33:27#clientIp:115.127.83.69
2023.7.4 14:33:27#card type:6
2023.7.4 14:33:27#totalamount:502000
2023.7.4 14:33:30#result:TRANSACTION_ID:BJxUwO7NDLjn7lRNqYJWqgnVgHM=
2023.7.4 14:33:30#Forward to DBBL Payment Gateway Page: https://ecom1.dutchbanglabank.com/ecomm2/ClientHandler?card_type=6&trans_id=BJxUwO7NDLjn7lRNqYJWqgnVgHM%3D
2023.7.4 14:34:03#---------------------- Complete New Transaction---------------------
2023.7.4 14:34:03#Get trans_id From Post Value:BJxUwO7NDLjn7lRNqYJWqgnVgHM=
2023.7.4 14:34:03#clientIp:115.127.83.69
2023.7.4 14:34:03#trans_id:BJxUwO7NDLjn7lRNqYJWqgnVgHM=
2023.7.4 14:34:05#result:RESULT>OK^RESULT_CODE>000^3DSECURE>SKIPPED^RRN>318514307940^APPROVAL_CODE>063975^CARD_NUMBER>999999*********1131^AMOUNT>502000^CARDNAME>mb account^DESCRIPTION>6BBM2306050^TRANS_DATE>2023-07-04 08:34:02 PM
2023.7.4 14:34:05#45735304023405
2023.7.4 14:34:05#45735304023405
2023.7.4 14:34:05#45735304023405
2023.7.4 14:34:05#45735304023405
2023.7.4 14:34:05#45735304023405
2023.7.4 14:34:05#45735304023405
2023.7.4 14:34:05#45735304023405
2023.7.4 14:34:05#45735304023405
2023.7.4 14:34:05#45735304023405
2023.7.4 14:34:05#45735304023405
2023.7.4 14:34:05#=================== Transaction Completed =======================
2023.7.4 15:21:51#=================== Start New Transaction ===================
2023.7.4 15:21:51#txnrefnum:MBM2002004
2023.7.4 15:21:51#clientIp:103.14.72.92
2023.7.4 15:21:51#card type:6
2023.7.4 15:21:51#totalamount:102000
2023.7.4 15:21:54#result:TRANSACTION_ID:QPSnZkvJZCv9ALG9kPrNki37e3k=
2023.7.4 15:21:54#Forward to DBBL Payment Gateway Page: https://ecom1.dutchbanglabank.com/ecomm2/ClientHandler?card_type=6&trans_id=QPSnZkvJZCv9ALG9kPrNki37e3k%3D
2023.7.4 15:23:16#---------------------- Complete New Transaction---------------------
2023.7.4 15:23:16#Get trans_id From Post Value:QPSnZkvJZCv9ALG9kPrNki37e3k=
2023.7.4 15:23:16#clientIp:103.14.72.92
2023.7.4 15:23:16#trans_id:QPSnZkvJZCv9ALG9kPrNki37e3k=
2023.7.4 15:23:18#result:RESULT>OK^RESULT_CODE>000^3DSECURE>SKIPPED^RRN>318515311610^APPROVAL_CODE>252629^CARD_NUMBER>999999*********2191^AMOUNT>102000^CARDNAME>mb account^DESCRIPTION>6MBM2002004^TRANS_DATE>2023-07-04 09:23:15 PM
2023.7.4 15:23:18#47853904032318
2023.7.4 15:23:18#47853904032318
2023.7.4 15:23:18#=================== Transaction Completed =======================
2023.7.4 15:44:09#=================== Start New Transaction ===================
2023.7.4 15:44:09#txnrefnum:MBM2301110
2023.7.4 15:44:09#clientIp:103.25.121.35
2023.7.4 15:44:09#card type:6
2023.7.4 15:44:09#totalamount:402000
2023.7.4 15:44:12#result:TRANSACTION_ID:X7IFBiZ16i2Pr0aUyc6CL79JvPE=
2023.7.4 15:44:12#Forward to DBBL Payment Gateway Page: https://ecom1.dutchbanglabank.com/ecomm2/ClientHandler?card_type=6&trans_id=X7IFBiZ16i2Pr0aUyc6CL79JvPE%3D
2023.7.4 17:08:15#=================== Start New Transaction ===================
2023.7.4 17:08:15#txnrefnum:MSC23110040
2023.7.4 17:08:15#clientIp:103.25.248.236
2023.7.4 17:08:15#card type:6
2023.7.4 17:08:15#totalamount:282000
2023.7.4 17:08:18#result:TRANSACTION_ID:x7RSs8SLn7dKDzuTA0YPFlRQaNk=
2023.7.4 17:08:18#Forward to DBBL Payment Gateway Page: https://ecom1.dutchbanglabank.com/ecomm2/ClientHandler?card_type=6&trans_id=x7RSs8SLn7dKDzuTA0YPFlRQaNk%3D
2023.7.4 17:09:39#---------------------- Complete New Transaction---------------------
2023.7.4 17:09:39#Get trans_id From Post Value:x7RSs8SLn7dKDzuTA0YPFlRQaNk=
2023.7.4 17:09:39#clientIp:103.25.248.236
2023.7.4 17:09:39#trans_id:x7RSs8SLn7dKDzuTA0YPFlRQaNk=
2023.7.4 17:09:40#result:RESULT>OK^RESULT_CODE>000^3DSECURE>SKIPPED^RRN>318517318335^APPROVAL_CODE>645807^CARD_NUMBER>999999*********1210^AMOUNT>282000^CARDNAME>mb account^DESCRIPTION>6MSC23110040^TRANS_DATE>2023-07-04 11:09:37 PM
2023.7.4 17:09:41#52518704050940
2023.7.4 17:09:41#52518704050940
2023.7.4 17:09:41#52518704050940
2023.7.4 17:09:41#52518704050940
2023.7.4 17:09:41#=================== Transaction Completed =======================
2023.7.4 17:11:57#=================== Start New Transaction ===================
2023.7.4 17:11:57#txnrefnum:MBD2309307
2023.7.4 17:11:57#clientIp:103.25.248.236
2023.7.4 17:11:57#card type:6
2023.7.4 17:11:57#totalamount:221500
2023.7.4 17:12:00#result:TRANSACTION_ID:tjS6Z7pAnNaDsemAfmuluvTsSjk=
2023.7.4 17:12:00#Forward to DBBL Payment Gateway Page: https://ecom1.dutchbanglabank.com/ecomm2/ClientHandler?card_type=6&trans_id=tjS6Z7pAnNaDsemAfmuluvTsSjk%3D
2023.7.4 17:12:59#---------------------- Complete New Transaction---------------------
2023.7.4 17:12:59#Get trans_id From Post Value:tjS6Z7pAnNaDsemAfmuluvTsSjk=
2023.7.4 17:12:59#clientIp:103.25.248.236
2023.7.4 17:12:59#trans_id:tjS6Z7pAnNaDsemAfmuluvTsSjk=
2023.7.4 17:13:01#result:RESULT>FAILED^RESULT_CODE>116^3DSECURE>SKIPPED^RRN>318517318475^APPROVAL_CODE>0^CARD_NUMBER>999999*********1210^AMOUNT>221500^CARDNAME>mb account^DESCRIPTION>6MBD2309307^TRANS_DATE>2023-07-04 11:12:58 PM
2023.7.4 17:13:01#Not Sufficient Amount
2023.7.4 17:14:00#=================== Start New Transaction ===================
2023.7.4 17:14:00#txnrefnum:MSC23111134
2023.7.4 17:14:00#clientIp:103.177.122.242
2023.7.4 17:14:00#card type:6
2023.7.4 17:14:00#totalamount:462000
2023.7.4 17:14:03#result:TRANSACTION_ID:mhKWAlHUscn2HunsMP2SUmcJfOk=
2023.7.4 17:14:04#Forward to DBBL Payment Gateway Page: https://ecom1.dutchbanglabank.com/ecomm2/ClientHandler?card_type=6&trans_id=mhKWAlHUscn2HunsMP2SUmcJfOk%3D
2023.7.4 17:14:07#=================== Start New Transaction ===================
2023.7.4 17:14:07#txnrefnum:MBD2309307
2023.7.4 17:14:07#clientIp:103.25.248.236
2023.7.4 17:14:07#card type:6
2023.7.4 17:14:07#totalamount:121500
2023.7.4 17:14:09#result:TRANSACTION_ID:LfTr7xLM764SesruNbOVm23jNNg=
2023.7.4 17:14:10#Forward to DBBL Payment Gateway Page: https://ecom1.dutchbanglabank.com/ecomm2/ClientHandler?card_type=6&trans_id=LfTr7xLM764SesruNbOVm23jNNg%3D
2023.7.4 17:18:35#---------------------- Complete New Transaction---------------------
2023.7.4 17:18:35#Get trans_id From Post Value:mhKWAlHUscn2HunsMP2SUmcJfOk=
2023.7.4 17:18:35#clientIp:103.177.122.242
2023.7.4 17:18:35#trans_id:mhKWAlHUscn2HunsMP2SUmcJfOk=
2023.7.4 17:18:37#result:RESULT>OK^RESULT_CODE>000^3DSECURE>SKIPPED^RRN>318517318729^APPROVAL_CODE>668389^CARD_NUMBER>999999*********2703^AMOUNT>462000^CARDNAME>mb account^DESCRIPTION>6MSC23111134^TRANS_DATE>2023-07-04 11:18:34 PM
2023.7.4 17:18:37#52214004051837
2023.7.4 17:18:37#52214004051837
2023.7.4 17:18:37#52214004051837
2023.7.4 17:18:37#52214004051837
2023.7.4 17:18:37#52214004051837
2023.7.4 17:18:37#52214004051837
2023.7.4 17:18:37#=================== Transaction Completed =======================
2023.7.4 17:54:20#=================== Start New Transaction ===================
2023.7.4 17:54:20#txnrefnum:MBD2309307
2023.7.4 17:54:20#clientIp:103.25.248.236
2023.7.4 17:54:20#card type:6
2023.7.4 17:54:20#totalamount:221500
2023.7.4 17:54:23#result:TRANSACTION_ID:oy8Bhk3SPxgmcP30DCkolCn5KRI=
2023.7.4 17:54:23#Forward to DBBL Payment Gateway Page: https://ecom1.dutchbanglabank.com/ecomm2/ClientHandler?card_type=6&trans_id=oy8Bhk3SPxgmcP30DCkolCn5KRI%3D
2023.7.4 17:55:12#---------------------- Complete New Transaction---------------------
2023.7.4 17:55:12#Get trans_id From Post Value:oy8Bhk3SPxgmcP30DCkolCn5KRI=
2023.7.4 17:55:12#clientIp:103.25.248.236
2023.7.4 17:55:12#trans_id:oy8Bhk3SPxgmcP30DCkolCn5KRI=
2023.7.4 17:55:14#result:RESULT>OK^RESULT_CODE>000^3DSECURE>SKIPPED^RRN>318517320308^APPROVAL_CODE>776649^CARD_NUMBER>999999*********1210^AMOUNT>221500^CARDNAME>mb account^DESCRIPTION>6MBD2309307^TRANS_DATE>2023-07-04 11:55:10 PM
2023.7.4 17:55:14#53054004055514
2023.7.4 17:55:14#53054004055514
2023.7.4 17:55:14#53054004055514
2023.7.4 17:55:14#53054004055514
2023.7.4 17:55:14#53054004055514
2023.7.4 17:55:14#53054004055514
2023.7.4 17:55:14#=================== Transaction Completed =======================