
2022.5.13 01:52:07#=================== Start New Transaction ===================
2022.5.13 01:52:07#txnrefnum:MBD2007022
2022.5.13 01:52:07#clientIp:37.111.204.247
2022.5.13 01:52:07#card type:6
2022.5.13 01:52:07#totalamount:162000
2022.5.13 01:52:11#result:TRANSACTION_ID:mPa4H5WmwhvIUL9jU3GG0k7Ed64=
2022.5.13 01:52:11#Forward to DBBL Payment Gateway Page:/ecomm2/ClientHandler?card_type=6&trans_id=mPa4H5WmwhvIUL9jU3GG0k7Ed64%3D
2022.5.13 03:25:03#---------------------- Complete New Transaction---------------------
2022.5.13 03:25:03#Get trans_id From Post Value:pLX1WAVwPCGwSev2YEG4MMB16v8=
2022.5.13 03:25:03#clientIp:103.237.36.216
2022.5.13 03:25:03#trans_id:pLX1WAVwPCGwSev2YEG4MMB16v8=
2022.5.13 03:25:05#result:RESULT>TIMEOUT^RESULT_CODE>999^3DSECURE>0^RRN>0^APPROVAL_CODE>0^CARD_NUMBER>0^AMOUNT>322000^CARDNAME>0^DESCRIPTION>6BBD2005083^TRANS_DATE>2022-05-13 09:25:01 AM
2022.5.13 03:25:05#Failed
2022.5.13 03:51:03#=================== Start New Transaction ===================
2022.5.13 03:51:03#txnrefnum:MSC22111274
2022.5.13 03:51:03#clientIp:103.149.147.134
2022.5.13 03:51:03#card type:6
2022.5.13 03:51:03#totalamount:322000
2022.5.13 03:51:07#result:TRANSACTION_ID:B4QcGuBaCCCxR2nPksPD8LJK7Dw=
2022.5.13 03:51:07#Forward to DBBL Payment Gateway Page:/ecomm2/ClientHandler?card_type=6&trans_id=B4QcGuBaCCCxR2nPksPD8LJK7Dw%3D
2022.5.13 04:44:48#=================== Start New Transaction ===================
2022.5.13 04:44:48#txnrefnum:MBM2002138
2022.5.13 04:44:48#clientIp:103.153.130.210
2022.5.13 04:44:48#card type:6
2022.5.13 04:44:48#totalamount:82000
2022.5.13 04:44:53#result:TRANSACTION_ID:eZCRZ7pnbrRnvQGbB6bfrShPM5Q=
2022.5.13 04:44:53#Forward to DBBL Payment Gateway Page:/ecomm2/ClientHandler?card_type=6&trans_id=eZCRZ7pnbrRnvQGbB6bfrShPM5Q%3D
2022.5.13 04:44:53#=================== Start New Transaction ===================
2022.5.13 04:44:53#txnrefnum:MBM2002138
2022.5.13 04:44:53#clientIp:103.153.130.210
2022.5.13 04:44:53#card type:6
2022.5.13 04:44:53#totalamount:82000
2022.5.13 04:44:56#=================== Start New Transaction ===================
2022.5.13 04:44:56#txnrefnum:MBM2002138
2022.5.13 04:44:56#clientIp:103.153.130.210
2022.5.13 04:44:56#card type:6
2022.5.13 04:44:56#totalamount:82000
2022.5.13 04:44:59#result:TRANSACTION_ID:E2c549DzHiZnwPYboMUeVY8AvPI=
2022.5.13 04:44:59#Forward to DBBL Payment Gateway Page:/ecomm2/ClientHandler?card_type=6&trans_id=E2c549DzHiZnwPYboMUeVY8AvPI%3D
2022.5.13 04:45:00#=================== Start New Transaction ===================
2022.5.13 04:45:00#txnrefnum:MBM2002138
2022.5.13 04:45:00#clientIp:103.153.130.210
2022.5.13 04:45:00#card type:6
2022.5.13 04:45:00#totalamount:82000
2022.5.13 04:45:00#result:TRANSACTION_ID:EFtJBpcnaT0xDDAhzSPRiIlnoR4=
2022.5.13 04:45:00#Forward to DBBL Payment Gateway Page:/ecomm2/ClientHandler?card_type=6&trans_id=EFtJBpcnaT0xDDAhzSPRiIlnoR4%3D
2022.5.13 04:45:04#result:TRANSACTION_ID:Cw3kaD00gejmSHP70KP7NuXHuCo=
2022.5.13 04:45:04#Forward to DBBL Payment Gateway Page:/ecomm2/ClientHandler?card_type=6&trans_id=Cw3kaD00gejmSHP70KP7NuXHuCo%3D
2022.5.13 05:21:24#=================== Start New Transaction ===================
2022.5.13 05:21:24#txnrefnum:MBD2004026
2022.5.13 05:21:24#clientIp:103.110.163.224
2022.5.13 05:21:24#card type:6
2022.5.13 05:21:24#totalamount:402000
2022.5.13 05:21:29#=================== Start New Transaction ===================
2022.5.13 05:21:29#txnrefnum:MBD2004026
2022.5.13 05:21:29#clientIp:103.110.163.224
2022.5.13 05:21:29#card type:6
2022.5.13 05:21:29#totalamount:402000
2022.5.13 05:21:32#result:TRANSACTION_ID:RMbpVcd9rRKbay1hV4ftLXZTNFk=
2022.5.13 05:21:32#Forward to DBBL Payment Gateway Page:/ecomm2/ClientHandler?card_type=6&trans_id=RMbpVcd9rRKbay1hV4ftLXZTNFk%3D
2022.5.13 05:21:37#result:TRANSACTION_ID:0TieBIzeQRisoNOzjPDu24Nd9mk=
2022.5.13 05:21:37#Forward to DBBL Payment Gateway Page:/ecomm2/ClientHandler?card_type=6&trans_id=0TieBIzeQRisoNOzjPDu24Nd9mk%3D
2022.5.13 05:25:31#=================== Start New Transaction ===================
2022.5.13 05:25:31#txnrefnum:MBD2004026
2022.5.13 05:25:31#clientIp:103.110.163.224
2022.5.13 05:25:31#card type:6
2022.5.13 05:25:31#totalamount:402000
2022.5.13 05:25:35#result:TRANSACTION_ID:1UzpoNPF3nOktSpqHlSW6mnfiXA=
2022.5.13 05:25:35#Forward to DBBL Payment Gateway Page:/ecomm2/ClientHandler?card_type=6&trans_id=1UzpoNPF3nOktSpqHlSW6mnfiXA%3D
2022.5.13 05:26:43#---------------------- Complete New Transaction---------------------
2022.5.13 05:26:43#Get trans_id From Post Value:1UzpoNPF3nOktSpqHlSW6mnfiXA=
2022.5.13 05:26:45#clientIp:103.110.163.224
2022.5.13 05:26:45#trans_id:1UzpoNPF3nOktSpqHlSW6mnfiXA=
2022.5.13 05:26:47#result:RESULT>OK^RESULT_CODE>000^3DSECURE>SKIPPED^RRN>213311890692^APPROVAL_CODE>211008^CARD_NUMBER>999999*********3111^AMOUNT>402000^CARDNAME>mb account^DESCRIPTION>6MBD2004026^TRANS_DATE>2022-05-13 11:26:41 AM
2022.5.13 05:26:47#13925713052647
2022.5.13 05:26:47#=================== Transaction Completed =======================
2022.5.13 05:26:47#13925713052647
2022.5.13 05:26:47#=================== Transaction Completed =======================
2022.5.13 05:26:47#13925713052647
2022.5.13 05:26:47#=================== Transaction Completed =======================
2022.5.13 05:26:47#13925713052647
2022.5.13 05:26:47#=================== Transaction Completed =======================
2022.5.13 05:26:47#13925713052647
2022.5.13 05:26:47#=================== Transaction Completed =======================
2022.5.13 05:26:48#=================== Start New Transaction ===================
2022.5.13 05:26:48#txnrefnum:MBM2004209
2022.5.13 05:26:48#clientIp:103.204.246.58
2022.5.13 05:26:48#card type:6
2022.5.13 05:26:48#totalamount:242000
2022.5.13 05:26:52#result:TRANSACTION_ID:cgPfTNrjCpQWL5pd88plsD6RM0I=
2022.5.13 05:26:52#Forward to DBBL Payment Gateway Page:/ecomm2/ClientHandler?card_type=6&trans_id=cgPfTNrjCpQWL5pd88plsD6RM0I%3D
2022.5.13 05:33:39#=================== Start New Transaction ===================
2022.5.13 05:33:39#txnrefnum:MSC21110086
2022.5.13 05:33:39#clientIp:37.111.195.254
2022.5.13 05:33:39#card type:6
2022.5.13 05:33:39#totalamount:1022000
2022.5.13 05:33:43#result:TRANSACTION_ID:3ZrM9lmYvP76uyaeqSf08tMJVkE=
2022.5.13 05:33:43#Forward to DBBL Payment Gateway Page:/ecomm2/ClientHandler?card_type=6&trans_id=3ZrM9lmYvP76uyaeqSf08tMJVkE%3D
2022.5.13 05:34:06#=================== Start New Transaction ===================
2022.5.13 05:34:06#txnrefnum:MSC21110086
2022.5.13 05:34:06#clientIp:202.134.8.140
2022.5.13 05:34:06#card type:6
2022.5.13 05:34:06#totalamount:1022000
2022.5.13 05:34:09#result:TRANSACTION_ID:pcy1hpYPOZF1TSpVYf7dj3Wzzlo=
2022.5.13 05:34:10#Forward to DBBL Payment Gateway Page:/ecomm2/ClientHandler?card_type=6&trans_id=pcy1hpYPOZF1TSpVYf7dj3Wzzlo%3D
2022.5.13 05:38:36#=================== Start New Transaction ===================
2022.5.13 05:38:36#txnrefnum:MBD2202073
2022.5.13 05:38:36#clientIp:202.134.10.131
2022.5.13 05:38:36#card type:6
2022.5.13 05:38:36#totalamount:82000
2022.5.13 05:38:40#result:TRANSACTION_ID:SRpWgScYFl7R0XOGpSHlDVm8Hz8=
2022.5.13 05:38:40#Forward to DBBL Payment Gateway Page:/ecomm2/ClientHandler?card_type=6&trans_id=SRpWgScYFl7R0XOGpSHlDVm8Hz8%3D
2022.5.13 05:40:26#=================== Start New Transaction ===================
2022.5.13 05:40:26#txnrefnum:MBD2202073
2022.5.13 05:40:26#clientIp:202.134.10.131
2022.5.13 05:40:26#card type:6
2022.5.13 05:40:26#totalamount:82000
2022.5.13 05:40:30#result:TRANSACTION_ID:prhQsyVjMtp5er0I34ID8CK2nHs=
2022.5.13 05:40:30#Forward to DBBL Payment Gateway Page:/ecomm2/ClientHandler?card_type=6&trans_id=prhQsyVjMtp5er0I34ID8CK2nHs%3D
2022.5.13 05:41:11#---------------------- Complete New Transaction---------------------
2022.5.13 05:41:11#Get trans_id From Post Value:prhQsyVjMtp5er0I34ID8CK2nHs=
2022.5.13 05:41:11#clientIp:202.134.10.131
2022.5.13 05:41:11#trans_id:prhQsyVjMtp5er0I34ID8CK2nHs=
2022.5.13 05:41:13#result:RESULT>OK^RESULT_CODE>000^3DSECURE>SKIPPED^RRN>213311891515^APPROVAL_CODE>325238^CARD_NUMBER>999999*********2265^AMOUNT>82000^CARDNAME>mb account^DESCRIPTION>6MBD2202073^TRANS_DATE>2022-05-13 11:41:09 AM
2022.5.13 05:41:13#8741913054113
2022.5.13 05:41:13#=================== Transaction Completed =======================
2022.5.13 05:41:57#=================== Start New Transaction ===================
2022.5.13 05:41:57#txnrefnum:MSC21110086
2022.5.13 05:41:57#clientIp:202.134.8.140
2022.5.13 05:41:57#card type:6
2022.5.13 05:41:57#totalamount:1022000
2022.5.13 05:42:01#result:TRANSACTION_ID:1rif9NeqsytRJ2bTMuZKXS53Iwg=
2022.5.13 05:42:01#Forward to DBBL Payment Gateway Page:/ecomm2/ClientHandler?card_type=6&trans_id=1rif9NeqsytRJ2bTMuZKXS53Iwg%3D
2022.5.13 05:49:33#=================== Start New Transaction ===================
2022.5.13 05:49:33#txnrefnum:BBD2003032
2022.5.13 05:49:33#clientIp:114.130.156.224
2022.5.13 05:49:33#card type:6
2022.5.13 05:49:33#totalamount:242000
2022.5.13 05:49:37#result:TRANSACTION_ID:TjqiI59j1OxkiecSEfHpiagP6M8=
2022.5.13 05:49:37#Forward to DBBL Payment Gateway Page:/ecomm2/ClientHandler?card_type=6&trans_id=TjqiI59j1OxkiecSEfHpiagP6M8%3D
2022.5.13 05:50:04#---------------------- Complete New Transaction---------------------
2022.5.13 05:50:04#Get trans_id From Post Value:TjqiI59j1OxkiecSEfHpiagP6M8=
2022.5.13 05:50:04#clientIp:114.130.156.224
2022.5.13 05:50:04#trans_id:TjqiI59j1OxkiecSEfHpiagP6M8=
2022.5.13 05:50:07#result:RESULT>OK^RESULT_CODE>000^3DSECURE>SKIPPED^RRN>213311892185^APPROVAL_CODE>356455^CARD_NUMBER>999999*********6896^AMOUNT>242000^CARDNAME>mb account^DESCRIPTION>6BBD2003032^TRANS_DATE>2022-05-13 11:50:03 AM
2022.5.13 05:50:07#23657213055007
2022.5.13 05:50:07#=================== Transaction Completed =======================
2022.5.13 05:50:07#23657213055007
2022.5.13 05:50:07#=================== Transaction Completed =======================
2022.5.13 05:50:07#23657213055007
2022.5.13 05:50:07#=================== Transaction Completed =======================
2022.5.13 05:50:52#=================== Start New Transaction ===================
2022.5.13 05:50:52#txnrefnum:MSC21110086
2022.5.13 05:50:52#clientIp:202.134.8.140
2022.5.13 05:50:52#card type:6
2022.5.13 05:50:52#totalamount:1022000
2022.5.13 05:50:55#result:TRANSACTION_ID:a60LS4KbPlVPl74F8arF7Z3rHuk=
2022.5.13 05:50:55#Forward to DBBL Payment Gateway Page:/ecomm2/ClientHandler?card_type=6&trans_id=a60LS4KbPlVPl74F8arF7Z3rHuk%3D
2022.5.13 05:58:12#=================== Start New Transaction ===================
2022.5.13 05:58:12#txnrefnum:MSC21110086
2022.5.13 05:58:12#clientIp:202.134.8.140
2022.5.13 05:58:12#card type:6
2022.5.13 05:58:12#totalamount:1022000
2022.5.13 05:58:16#result:TRANSACTION_ID:sVwgTH05qUAt3uqjP0YItmwuBUo=
2022.5.13 05:58:16#Forward to DBBL Payment Gateway Page:/ecomm2/ClientHandler?card_type=6&trans_id=sVwgTH05qUAt3uqjP0YItmwuBUo%3D
2022.5.13 05:58:17#=================== Start New Transaction ===================
2022.5.13 05:58:17#txnrefnum:MSC21110086
2022.5.13 05:58:17#clientIp:202.134.8.140
2022.5.13 05:58:17#card type:6
2022.5.13 05:58:17#totalamount:1022000
2022.5.13 05:58:21#result:TRANSACTION_ID:Pnu7twp502UievHBR9jPYDRxN9E=
2022.5.13 05:58:21#Forward to DBBL Payment Gateway Page:/ecomm2/ClientHandler?card_type=6&trans_id=Pnu7twp502UievHBR9jPYDRxN9E%3D
2022.5.13 06:02:46#---------------------- Complete New Transaction---------------------
2022.5.13 06:02:46#Get trans_id From Post Value:Pnu7twp502UievHBR9jPYDRxN9E=
2022.5.13 06:02:46#clientIp:202.134.8.140
2022.5.13 06:02:46#trans_id:Pnu7twp502UievHBR9jPYDRxN9E=
2022.5.13 06:02:48#result:RESULT>OK^RESULT_CODE>000^3DSECURE>SKIPPED^RRN>213312893138^APPROVAL_CODE>404949^CARD_NUMBER>999999*********8857^AMOUNT>1022000^CARDNAME>mb account^DESCRIPTION>6MSC21110086^TRANS_DATE>2022-05-13 12:02:45 PM
2022.5.13 06:02:48#1126213060248
2022.5.13 06:02:48#=================== Transaction Completed =======================
2022.5.13 06:02:48#1126213060248
2022.5.13 06:02:48#=================== Transaction Completed =======================
2022.5.13 06:03:22#=================== Start New Transaction ===================
2022.5.13 06:03:22#txnrefnum:MBD2009492
2022.5.13 06:03:22#clientIp:103.126.217.230
2022.5.13 06:03:22#card type:6
2022.5.13 06:03:22#totalamount:301000
2022.5.13 06:03:26#result:TRANSACTION_ID:13gWKQgsIWSF0OmXOKSU4KFyaG8=
2022.5.13 06:03:26#Forward to DBBL Payment Gateway Page:/ecomm2/ClientHandler?card_type=6&trans_id=13gWKQgsIWSF0OmXOKSU4KFyaG8%3D
2022.5.13 06:53:53#=================== Start New Transaction ===================
2022.5.13 06:53:53#txnrefnum:MEM2007004
2022.5.13 06:53:53#clientIp:103.225.94.238
2022.5.13 06:53:53#card type:6
2022.5.13 06:53:53#totalamount:222000
2022.5.13 06:53:57#result:TRANSACTION_ID:8NH1HF7qb4Pc1mGdbPPBSuyyKdQ=
2022.5.13 06:53:57#Forward to DBBL Payment Gateway Page:/ecomm2/ClientHandler?card_type=6&trans_id=8NH1HF7qb4Pc1mGdbPPBSuyyKdQ%3D
2022.5.13 06:57:52#=================== Start New Transaction ===================
2022.5.13 06:57:52#txnrefnum:MEM2007004
2022.5.13 06:57:52#clientIp:103.225.94.238
2022.5.13 06:57:52#card type:6
2022.5.13 06:57:52#totalamount:222000
2022.5.13 06:57:56#result:TRANSACTION_ID:OpSPtk8l5KNEXUY5ngr0Oo0CiDs=
2022.5.13 06:57:56#Forward to DBBL Payment Gateway Page:/ecomm2/ClientHandler?card_type=6&trans_id=OpSPtk8l5KNEXUY5ngr0Oo0CiDs%3D
2022.5.13 06:57:56#=================== Start New Transaction ===================
2022.5.13 06:57:56#txnrefnum:MEM2007004
2022.5.13 06:57:56#clientIp:103.225.94.238
2022.5.13 06:57:56#card type:6
2022.5.13 06:57:56#totalamount:222000
2022.5.13 06:58:00#result:TRANSACTION_ID:SBljHYqAUaRkSZVJbtlLNhBrSOc=
2022.5.13 06:58:00#Forward to DBBL Payment Gateway Page:/ecomm2/ClientHandler?card_type=6&trans_id=SBljHYqAUaRkSZVJbtlLNhBrSOc%3D
2022.5.13 07:00:12#=================== Start New Transaction ===================
2022.5.13 07:00:12#txnrefnum:MEM2007004
2022.5.13 07:00:12#clientIp:103.225.94.238
2022.5.13 07:00:12#card type:6
2022.5.13 07:00:12#totalamount:222000
2022.5.13 07:00:16#result:TRANSACTION_ID:LJvdlGxnXzX9BUhAK7JoUT6Gqsg=
2022.5.13 07:00:16#Forward to DBBL Payment Gateway Page:/ecomm2/ClientHandler?card_type=6&trans_id=LJvdlGxnXzX9BUhAK7JoUT6Gqsg%3D
2022.5.13 07:03:29#=================== Start New Transaction ===================
2022.5.13 07:03:29#txnrefnum:MEM2007004
2022.5.13 07:03:29#clientIp:103.225.94.238
2022.5.13 07:03:29#card type:6
2022.5.13 07:03:29#totalamount:222000
2022.5.13 07:03:33#result:TRANSACTION_ID:SUDyQYx9Ciy1kKAuPpCG1uZGwp0=
2022.5.13 07:03:33#Forward to DBBL Payment Gateway Page:/ecomm2/ClientHandler?card_type=6&trans_id=SUDyQYx9Ciy1kKAuPpCG1uZGwp0%3D
2022.5.13 07:08:17#=================== Start New Transaction ===================
2022.5.13 07:08:17#txnrefnum:MEM2007004
2022.5.13 07:08:17#clientIp:103.225.94.238
2022.5.13 07:08:17#card type:6
2022.5.13 07:08:17#totalamount:222000
2022.5.13 07:08:21#result:TRANSACTION_ID:RJWXSSxBuDODqhtZAu7pqalLb58=
2022.5.13 07:08:21#Forward to DBBL Payment Gateway Page:/ecomm2/ClientHandler?card_type=6&trans_id=RJWXSSxBuDODqhtZAu7pqalLb58%3D
2022.5.13 07:11:24#=================== Start New Transaction ===================
2022.5.13 07:11:24#txnrefnum:MBD2007120
2022.5.13 07:11:24#clientIp:116.58.202.84
2022.5.13 07:11:24#card type:6
2022.5.13 07:11:24#totalamount:82000
2022.5.13 07:11:28#result:TRANSACTION_ID:WwvAru9HXdV4O68aAetqPcEe2rg=
2022.5.13 07:11:28#Forward to DBBL Payment Gateway Page:/ecomm2/ClientHandler?card_type=6&trans_id=WwvAru9HXdV4O68aAetqPcEe2rg%3D
2022.5.13 07:15:09#=================== Start New Transaction ===================
2022.5.13 07:15:09#txnrefnum:MEM2007004
2022.5.13 07:15:09#clientIp:103.225.94.238
2022.5.13 07:15:09#card type:6
2022.5.13 07:15:09#totalamount:222000
2022.5.13 07:15:13#result:TRANSACTION_ID:TyPKWFp8oPW2H6gu22aeiG18vxI=
2022.5.13 07:15:13#Forward to DBBL Payment Gateway Page:/ecomm2/ClientHandler?card_type=6&trans_id=TyPKWFp8oPW2H6gu22aeiG18vxI%3D
2022.5.13 07:16:04#---------------------- Complete New Transaction---------------------
2022.5.13 07:16:04#Get trans_id From Post Value:TyPKWFp8oPW2H6gu22aeiG18vxI=
2022.5.13 07:16:04#clientIp:103.225.94.238
2022.5.13 07:16:04#trans_id:TyPKWFp8oPW2H6gu22aeiG18vxI=
2022.5.13 07:16:06#result:RESULT>OK^RESULT_CODE>000^3DSECURE>SKIPPED^RRN>213313897282^APPROVAL_CODE>532362^CARD_NUMBER>999999*********9084^AMOUNT>222000^CARDNAME>mb account^DESCRIPTION>6MEM2007004^TRANS_DATE>2022-05-13 01:16:03 PM
2022.5.13 07:16:06#20047113071606
2022.5.13 07:16:06#=================== Transaction Completed =======================
2022.5.13 07:16:06#20047113071606
2022.5.13 07:16:06#=================== Transaction Completed =======================
2022.5.13 07:21:59#=================== Start New Transaction ===================
2022.5.13 07:21:59#txnrefnum:MEM2003057
2022.5.13 07:21:59#clientIp:103.225.94.238
2022.5.13 07:21:59#card type:6
2022.5.13 07:21:59#totalamount:222000
2022.5.13 07:22:02#result:TRANSACTION_ID:fPnacw1rZ35AXPmPceeKEmCE7JY=
2022.5.13 07:22:02#Forward to DBBL Payment Gateway Page:/ecomm2/ClientHandler?card_type=6&trans_id=fPnacw1rZ35AXPmPceeKEmCE7JY%3D
2022.5.13 07:22:36#---------------------- Complete New Transaction---------------------
2022.5.13 07:22:36#Get trans_id From Post Value:fPnacw1rZ35AXPmPceeKEmCE7JY=
2022.5.13 07:22:36#clientIp:103.225.94.238
2022.5.13 07:22:36#trans_id:fPnacw1rZ35AXPmPceeKEmCE7JY=
2022.5.13 07:22:38#result:RESULT>OK^RESULT_CODE>000^3DSECURE>SKIPPED^RRN>213313897575^APPROVAL_CODE>575361^CARD_NUMBER>999999*********9084^AMOUNT>222000^CARDNAME>mb account^DESCRIPTION>6MEM2003057^TRANS_DATE>2022-05-13 01:22:35 PM
2022.5.13 07:22:38#13290713072238
2022.5.13 07:22:38#=================== Transaction Completed =======================
2022.5.13 07:22:38#13290713072238
2022.5.13 07:22:38#=================== Transaction Completed =======================
2022.5.13 09:39:28#=================== Start New Transaction ===================
2022.5.13 09:39:28#txnrefnum:MSC21110025
2022.5.13 09:39:28#clientIp:114.130.157.190
2022.5.13 09:39:28#card type:6
2022.5.13 09:39:28#totalamount:162000
2022.5.13 09:39:32#result:TRANSACTION_ID:ACLQ7WXqAO5qXcvdMOlIfHlh5vw=
2022.5.13 09:39:32#Forward to DBBL Payment Gateway Page:/ecomm2/ClientHandler?card_type=6&trans_id=ACLQ7WXqAO5qXcvdMOlIfHlh5vw%3D
2022.5.13 09:40:31#---------------------- Complete New Transaction---------------------
2022.5.13 09:40:31#Get trans_id From Post Value:ACLQ7WXqAO5qXcvdMOlIfHlh5vw=
2022.5.13 09:40:31#clientIp:114.130.157.190
2022.5.13 09:40:31#trans_id:ACLQ7WXqAO5qXcvdMOlIfHlh5vw=
2022.5.13 09:40:33#result:RESULT>OK^RESULT_CODE>000^3DSECURE>SKIPPED^RRN>213315904734^APPROVAL_CODE>849296^CARD_NUMBER>999999*********9376^AMOUNT>162000^CARDNAME>mb account^DESCRIPTION>6MSC21110025^TRANS_DATE>2022-05-13 03:40:29 PM
2022.5.13 09:40:33#419013094033
2022.5.13 09:40:33#=================== Transaction Completed =======================
2022.5.13 10:58:14#=================== Start New Transaction ===================
2022.5.13 10:58:14#txnrefnum:BBM2201127
2022.5.13 10:58:14#clientIp:114.130.156.224
2022.5.13 10:58:14#card type:6
2022.5.13 10:58:14#totalamount:402000
2022.5.13 10:58:18#result:TRANSACTION_ID:Svo42TNk6SFvSF2Dgmm0ujaOFXw=
2022.5.13 10:58:18#Forward to DBBL Payment Gateway Page:/ecomm2/ClientHandler?card_type=6&trans_id=Svo42TNk6SFvSF2Dgmm0ujaOFXw%3D
2022.5.13 10:58:56#---------------------- Complete New Transaction---------------------
2022.5.13 10:58:56#Get trans_id From Post Value:Svo42TNk6SFvSF2Dgmm0ujaOFXw=
2022.5.13 10:58:56#clientIp:114.130.156.224
2022.5.13 10:58:56#trans_id:Svo42TNk6SFvSF2Dgmm0ujaOFXw=
2022.5.13 10:58:58#result:RESULT>OK^RESULT_CODE>000^3DSECURE>SKIPPED^RRN>213316909634^APPROVAL_CODE>106079^CARD_NUMBER>999999*********6896^AMOUNT>402000^CARDNAME>mb account^DESCRIPTION>6BBM2201127^TRANS_DATE>2022-05-13 04:58:54 PM
2022.5.13 10:58:58#22373913105858
2022.5.13 10:58:58#=================== Transaction Completed =======================
2022.5.13 10:58:58#22373913105858
2022.5.13 10:58:58#=================== Transaction Completed =======================
2022.5.13 10:58:58#22373913105858
2022.5.13 10:58:58#=================== Transaction Completed =======================
2022.5.13 10:58:58#22373913105858
2022.5.13 10:58:58#=================== Transaction Completed =======================
2022.5.13 10:58:58#22373913105858
2022.5.13 10:58:58#=================== Transaction Completed =======================
2022.5.13 12:10:46#=================== Start New Transaction ===================
2022.5.13 12:10:46#txnrefnum:MBG2101014
2022.5.13 12:10:46#clientIp:202.134.8.134
2022.5.13 12:10:46#card type:6
2022.5.13 12:10:46#totalamount:162000
2022.5.13 12:10:50#result:TRANSACTION_ID:eN81mDGwHTc8OwdeCnEzVsPbLPE=
2022.5.13 12:10:50#Forward to DBBL Payment Gateway Page:/ecomm2/ClientHandler?card_type=6&trans_id=eN81mDGwHTc8OwdeCnEzVsPbLPE%3D
2022.5.13 13:41:16#=================== Start New Transaction ===================
2022.5.13 13:41:16#txnrefnum:BBM2007159
2022.5.13 13:41:16#clientIp:103.204.247.10
2022.5.13 13:41:16#card type:6
2022.5.13 13:41:16#totalamount:322000
2022.5.13 13:41:20#result:TRANSACTION_ID:P4tLoItrr2aPYrI1FoGpYPSDdPw=
2022.5.13 13:41:20#Forward to DBBL Payment Gateway Page:/ecomm2/ClientHandler?card_type=6&trans_id=P4tLoItrr2aPYrI1FoGpYPSDdPw%3D
2022.5.13 13:42:06#---------------------- Complete New Transaction---------------------
2022.5.13 13:42:06#Get trans_id From Post Value:P4tLoItrr2aPYrI1FoGpYPSDdPw=
2022.5.13 13:42:06#clientIp:103.204.247.10
2022.5.13 13:42:06#trans_id:P4tLoItrr2aPYrI1FoGpYPSDdPw=
2022.5.13 13:42:08#result:RESULT>OK^RESULT_CODE>000^3DSECURE>SKIPPED^RRN>213319920632^APPROVAL_CODE>806668^CARD_NUMBER>999999*********2298^AMOUNT>322000^CARDNAME>mb account^DESCRIPTION>6BBM2007159^TRANS_DATE>2022-05-13 07:42:05 PM
2022.5.13 13:42:08#26217713014208
2022.5.13 13:42:08#=================== Transaction Completed =======================
2022.5.13 13:42:08#26217713014208
2022.5.13 13:42:08#=================== Transaction Completed =======================
2022.5.13 13:42:08#26217713014208
2022.5.13 13:42:08#=================== Transaction Completed =======================
2022.5.13 13:42:08#26217713014208
2022.5.13 13:42:08#=================== Transaction Completed =======================
2022.5.13 14:16:23#=================== Start New Transaction ===================
2022.5.13 14:16:23#txnrefnum:MBM2006140
2022.5.13 14:16:23#clientIp:103.184.94.4
2022.5.13 14:16:23#card type:6
2022.5.13 14:16:23#totalamount:82000
2022.5.13 14:16:27#result:TRANSACTION_ID:NBxzpZX8hSiepjAJPqun0B84Q2Q=
2022.5.13 14:16:27#Forward to DBBL Payment Gateway Page:/ecomm2/ClientHandler?card_type=6&trans_id=NBxzpZX8hSiepjAJPqun0B84Q2Q%3D
2022.5.13 14:17:48#=================== Start New Transaction ===================
2022.5.13 14:17:48#txnrefnum:BBD2203013
2022.5.13 14:17:48#clientIp:114.130.156.224
2022.5.13 14:17:48#card type:6
2022.5.13 14:17:48#totalamount:82000
2022.5.13 14:17:52#result:TRANSACTION_ID:Z1hSIVjpsNQAyQkIPKAdncTRAGk=
2022.5.13 14:17:52#Forward to DBBL Payment Gateway Page:/ecomm2/ClientHandler?card_type=6&trans_id=Z1hSIVjpsNQAyQkIPKAdncTRAGk%3D
2022.5.13 14:18:02#=================== Start New Transaction ===================
2022.5.13 14:18:02#txnrefnum:MBM2006140
2022.5.13 14:18:02#clientIp:103.184.94.4
2022.5.13 14:18:02#card type:6
2022.5.13 14:18:02#totalamount:82000
2022.5.13 14:18:06#result:TRANSACTION_ID:bH7KiwxasXShLhWPDhMqa5H5mu0=
2022.5.13 14:18:06#Forward to DBBL Payment Gateway Page:/ecomm2/ClientHandler?card_type=6&trans_id=bH7KiwxasXShLhWPDhMqa5H5mu0%3D
2022.5.13 14:18:26#---------------------- Complete New Transaction---------------------
2022.5.13 14:18:26#Get trans_id From Post Value:Z1hSIVjpsNQAyQkIPKAdncTRAGk=
2022.5.13 14:18:26#clientIp:114.130.156.224
2022.5.13 14:18:26#trans_id:Z1hSIVjpsNQAyQkIPKAdncTRAGk=
2022.5.13 14:18:29#result:RESULT>FAILED^RESULT_CODE>116^3DSECURE>SKIPPED^RRN>213320923253^APPROVAL_CODE>0^CARD_NUMBER>999999*********6175^AMOUNT>82000^CARDNAME>mb account^DESCRIPTION>6BBD2203013^TRANS_DATE>2022-05-13 08:18:26 PM
2022.5.13 14:18:29#Not Sufficient Amount
2022.5.13 14:19:45#=================== Start New Transaction ===================
2022.5.13 14:19:45#txnrefnum:BBD2203013
2022.5.13 14:19:45#clientIp:114.130.156.224
2022.5.13 14:19:45#card type:6
2022.5.13 14:19:45#totalamount:82000
2022.5.13 14:19:49#result:TRANSACTION_ID:B8IrzNlJbUTdPBJjqRYauYxZdRE=
2022.5.13 14:19:49#Forward to DBBL Payment Gateway Page:/ecomm2/ClientHandler?card_type=6&trans_id=B8IrzNlJbUTdPBJjqRYauYxZdRE%3D
2022.5.13 14:20:13#---------------------- Complete New Transaction---------------------
2022.5.13 14:20:13#Get trans_id From Post Value:B8IrzNlJbUTdPBJjqRYauYxZdRE=
2022.5.13 14:20:13#clientIp:114.130.156.224
2022.5.13 14:20:13#trans_id:B8IrzNlJbUTdPBJjqRYauYxZdRE=
2022.5.13 14:20:15#result:RESULT>OK^RESULT_CODE>000^3DSECURE>SKIPPED^RRN>213320923367^APPROVAL_CODE>983056^CARD_NUMBER>999999*********6896^AMOUNT>82000^CARDNAME>mb account^DESCRIPTION>6BBD2203013^TRANS_DATE>2022-05-13 08:20:12 PM
2022.5.13 14:20:15#22886813022015
2022.5.13 14:20:15#=================== Transaction Completed =======================
2022.5.13 14:34:40#=================== Start New Transaction ===================
2022.5.13 14:34:40#txnrefnum:MBM2201424
2022.5.13 14:34:40#clientIp:119.30.45.248
2022.5.13 14:34:40#card type:6
2022.5.13 14:34:40#totalamount:82000
2022.5.13 14:34:44#result:TRANSACTION_ID:ESgnCKJnCeCYs4KDeRN4xEVMBhI=
2022.5.13 14:34:44#Forward to DBBL Payment Gateway Page:/ecomm2/ClientHandler?card_type=6&trans_id=ESgnCKJnCeCYs4KDeRN4xEVMBhI%3D
2022.5.13 14:41:13#=================== Start New Transaction ===================
2022.5.13 14:41:13#txnrefnum:MBM2201424
2022.5.13 14:41:13#clientIp:119.30.45.248
2022.5.13 14:41:13#card type:6
2022.5.13 14:41:13#totalamount:82000
2022.5.13 14:41:16#result:TRANSACTION_ID:0KvwOkbQyFp6T6K5k7ufxclhPQ8=
2022.5.13 14:41:16#Forward to DBBL Payment Gateway Page:/ecomm2/ClientHandler?card_type=6&trans_id=0KvwOkbQyFp6T6K5k7ufxclhPQ8%3D
2022.5.13 14:42:07#---------------------- Complete New Transaction---------------------
2022.5.13 14:42:07#Get trans_id From Post Value:0KvwOkbQyFp6T6K5k7ufxclhPQ8=
2022.5.13 14:42:07#clientIp:119.30.45.248
2022.5.13 14:42:07#trans_id:0KvwOkbQyFp6T6K5k7ufxclhPQ8=
2022.5.13 14:42:09#result:RESULT>OK^RESULT_CODE>000^3DSECURE>SKIPPED^RRN>213320924621^APPROVAL_CODE>069772^CARD_NUMBER>999999*********1007^AMOUNT>82000^CARDNAME>mb account^DESCRIPTION>6MBM2201424^TRANS_DATE>2022-05-13 08:42:06 PM
2022.5.13 14:42:09#6121313024209
2022.5.13 14:42:09#=================== Transaction Completed =======================
2022.5.13 14:42:49#=================== Start New Transaction ===================
2022.5.13 14:42:49#txnrefnum:BEG2101013
2022.5.13 14:42:49#clientIp:45.115.113.34
2022.5.13 14:42:49#card type:6
2022.5.13 14:42:49#totalamount:112000
2022.5.13 14:42:53#result:TRANSACTION_ID:4Z8Tj6mLayjzsEG0iIRPlXSlLOM=
2022.5.13 14:42:53#Forward to DBBL Payment Gateway Page:/ecomm2/ClientHandler?card_type=6&trans_id=4Z8Tj6mLayjzsEG0iIRPlXSlLOM%3D
2022.5.13 14:53:49#=================== Start New Transaction ===================
2022.5.13 14:53:49#txnrefnum:BEG2101013
2022.5.13 14:53:49#clientIp:45.115.113.34
2022.5.13 14:53:49#card type:6
2022.5.13 14:53:49#totalamount:112000
2022.5.13 14:53:52#result:TRANSACTION_ID:ZVpJzwFsrnFfBjgI1FmUoPFMxnE=
2022.5.13 14:53:52#Forward to DBBL Payment Gateway Page:/ecomm2/ClientHandler?card_type=6&trans_id=ZVpJzwFsrnFfBjgI1FmUoPFMxnE%3D
2022.5.13 14:58:48#---------------------- Complete New Transaction---------------------
2022.5.13 14:58:48#Get trans_id From Post Value:ZVpJzwFsrnFfBjgI1FmUoPFMxnE=
2022.5.13 14:58:48#clientIp:45.115.113.34
2022.5.13 14:58:48#trans_id:ZVpJzwFsrnFfBjgI1FmUoPFMxnE=
2022.5.13 14:58:50#result:RESULT>FAILED^RESULT_CODE>116^3DSECURE>SKIPPED^RRN>213320925762^APPROVAL_CODE>0^CARD_NUMBER>999999*********8718^AMOUNT>112000^CARDNAME>mb account^DESCRIPTION>6BEG2101013^TRANS_DATE>2022-05-13 08:58:46 PM
2022.5.13 14:58:50#Not Sufficient Amount
2022.5.13 15:05:41#=================== Start New Transaction ===================
2022.5.13 15:05:41#txnrefnum:BEG2101013
2022.5.13 15:05:41#clientIp:45.115.113.34
2022.5.13 15:05:41#card type:6
2022.5.13 15:05:41#totalamount:112000
2022.5.13 15:05:45#result:TRANSACTION_ID:ti7vGjPgL7aX5PP7cNBkBW3sAVs=
2022.5.13 15:05:45#Forward to DBBL Payment Gateway Page:/ecomm2/ClientHandler?card_type=6&trans_id=ti7vGjPgL7aX5PP7cNBkBW3sAVs%3D
2022.5.13 15:31:10#=================== Start New Transaction ===================
2022.5.13 15:31:10#txnrefnum:MSC21111240
2022.5.13 15:31:10#clientIp:43.243.133.217
2022.5.13 15:31:10#card type:6
2022.5.13 15:31:10#totalamount:162000
2022.5.13 15:31:14#result:TRANSACTION_ID:7SVnOVZUKuA928pNXaOrQ6tV4Tk=
2022.5.13 15:31:14#Forward to DBBL Payment Gateway Page:/ecomm2/ClientHandler?card_type=6&trans_id=7SVnOVZUKuA928pNXaOrQ6tV4Tk%3D
2022.5.13 15:31:23#=================== Start New Transaction ===================
2022.5.13 15:31:23#txnrefnum:MBM2006022
2022.5.13 15:31:23#clientIp:114.130.157.91
2022.5.13 15:31:23#card type:6
2022.5.13 15:31:23#totalamount:82000
2022.5.13 15:31:27#result:TRANSACTION_ID:AoolLcVxzhCITMeFrS32hSEVXfc=
2022.5.13 15:31:27#Forward to DBBL Payment Gateway Page:/ecomm2/ClientHandler?card_type=6&trans_id=AoolLcVxzhCITMeFrS32hSEVXfc%3D
2022.5.13 15:33:53#=================== Start New Transaction ===================
2022.5.13 15:33:53#txnrefnum:MBM2006022
2022.5.13 15:33:53#clientIp:114.130.157.91
2022.5.13 15:33:53#card type:6
2022.5.13 15:33:53#totalamount:82000
2022.5.13 15:33:57#result:TRANSACTION_ID:c3STsVs4fpAsUHfdwSs3G7rRNCk=
2022.5.13 15:33:57#Forward to DBBL Payment Gateway Page:/ecomm2/ClientHandler?card_type=6&trans_id=c3STsVs4fpAsUHfdwSs3G7rRNCk%3D
2022.5.13 15:34:05#=================== Start New Transaction ===================
2022.5.13 15:34:05#txnrefnum:MSC21111240
2022.5.13 15:34:05#clientIp:43.243.133.217
2022.5.13 15:34:05#card type:6
2022.5.13 15:34:05#totalamount:162000
2022.5.13 15:34:09#result:TRANSACTION_ID:FtQGhMg3TFTTtCFWUCKlOzRPuVI=
2022.5.13 15:34:09#Forward to DBBL Payment Gateway Page:/ecomm2/ClientHandler?card_type=6&trans_id=FtQGhMg3TFTTtCFWUCKlOzRPuVI%3D
2022.5.13 15:36:14#=================== Start New Transaction ===================
2022.5.13 15:36:14#txnrefnum:MSC21111240
2022.5.13 15:36:14#clientIp:43.243.133.217
2022.5.13 15:36:14#card type:6
2022.5.13 15:36:14#totalamount:322000
2022.5.13 15:36:19#result:TRANSACTION_ID:1LeQifLtotUPpqoQuCv0pt7AxKg=
2022.5.13 15:36:19#Forward to DBBL Payment Gateway Page:/ecomm2/ClientHandler?card_type=6&trans_id=1LeQifLtotUPpqoQuCv0pt7AxKg%3D
2022.5.13 15:37:02#=================== Start New Transaction ===================
2022.5.13 15:37:02#txnrefnum:MSC21111240
2022.5.13 15:37:02#clientIp:43.243.133.217
2022.5.13 15:37:02#card type:6
2022.5.13 15:37:02#totalamount:162000
2022.5.13 15:37:04#=================== Start New Transaction ===================
2022.5.13 15:37:04#txnrefnum:MSC21111240
2022.5.13 15:37:04#clientIp:43.243.133.217
2022.5.13 15:37:04#card type:6
2022.5.13 15:37:04#totalamount:162000
2022.5.13 15:37:06#result:TRANSACTION_ID:sYvJUKWYxJgYA1rrsB150hsrREA=
2022.5.13 15:37:06#Forward to DBBL Payment Gateway Page:/ecomm2/ClientHandler?card_type=6&trans_id=sYvJUKWYxJgYA1rrsB150hsrREA%3D
2022.5.13 15:37:08#result:TRANSACTION_ID:6xemL5DDhn8vCpew7MKX3eA9NQs=
2022.5.13 15:37:08#Forward to DBBL Payment Gateway Page:/ecomm2/ClientHandler?card_type=6&trans_id=6xemL5DDhn8vCpew7MKX3eA9NQs%3D
2022.5.13 15:37:26#=================== Start New Transaction ===================
2022.5.13 15:37:26#txnrefnum:MBM2006022
2022.5.13 15:37:26#clientIp:114.130.157.91
2022.5.13 15:37:26#card type:6
2022.5.13 15:37:26#totalamount:82000
2022.5.13 15:37:30#result:TRANSACTION_ID:Btj9o9HS0SAzV3h17UCnUEmmKOY=
2022.5.13 15:37:30#Forward to DBBL Payment Gateway Page:/ecomm2/ClientHandler?card_type=6&trans_id=Btj9o9HS0SAzV3h17UCnUEmmKOY%3D
2022.5.13 15:38:09#---------------------- Complete New Transaction---------------------
2022.5.13 15:38:09#Get trans_id From Post Value:6xemL5DDhn8vCpew7MKX3eA9NQs=
2022.5.13 15:38:09#clientIp:43.243.133.216
2022.5.13 15:38:09#trans_id:6xemL5DDhn8vCpew7MKX3eA9NQs=
2022.5.13 15:38:11#result:RESULT>OK^RESULT_CODE>000^3DSECURE>SKIPPED^RRN>213321928150^APPROVAL_CODE>308135^CARD_NUMBER>999999*********7766^AMOUNT>162000^CARDNAME>mb account^DESCRIPTION>6MSC21111240^TRANS_DATE>2022-05-13 09:38:08 PM
2022.5.13 15:38:11#780213033811
2022.5.13 15:38:11#=================== Transaction Completed =======================
2022.5.13 15:42:01#=================== Start New Transaction ===================
2022.5.13 15:42:01#txnrefnum:MBM2006250
2022.5.13 15:42:01#clientIp:103.110.163.205
2022.5.13 15:42:01#card type:6
2022.5.13 15:42:01#totalamount:1102000
2022.5.13 15:42:05#result:TRANSACTION_ID:r78z0EmAUFpHT4uos8BejpaEVH4=
2022.5.13 15:42:05#Forward to DBBL Payment Gateway Page:/ecomm2/ClientHandler?card_type=6&trans_id=r78z0EmAUFpHT4uos8BejpaEVH4%3D
2022.5.13 15:44:29#=================== Start New Transaction ===================
2022.5.13 15:44:29#txnrefnum:BEG2101013
2022.5.13 15:44:29#clientIp:45.115.113.34
2022.5.13 15:44:29#card type:6
2022.5.13 15:44:29#totalamount:112000
2022.5.13 15:44:34#result:TRANSACTION_ID:qlb3MB8bugPGlFLj8GcbFYKdiR4=
2022.5.13 15:44:34#Forward to DBBL Payment Gateway Page:/ecomm2/ClientHandler?card_type=6&trans_id=qlb3MB8bugPGlFLj8GcbFYKdiR4%3D
2022.5.13 15:45:56#=================== Start New Transaction ===================
2022.5.13 15:45:56#txnrefnum:MBD2006261
2022.5.13 15:45:56#clientIp:202.83.124.117
2022.5.13 15:45:56#card type:6
2022.5.13 15:45:56#totalamount:162000
2022.5.13 15:46:00#result:TRANSACTION_ID:qKhSKUErblIFsl6TNeR9MJtAyHY=
2022.5.13 15:46:00#Forward to DBBL Payment Gateway Page:/ecomm2/ClientHandler?card_type=6&trans_id=qKhSKUErblIFsl6TNeR9MJtAyHY%3D
2022.5.13 15:47:02#=================== Start New Transaction ===================
2022.5.13 15:47:02#txnrefnum:MSC21111300
2022.5.13 15:47:02#clientIp:103.146.68.21
2022.5.13 15:47:02#card type:6
2022.5.13 15:47:02#totalamount:62000
2022.5.13 15:47:05#=================== Start New Transaction ===================
2022.5.13 15:47:05#txnrefnum:MSC21111300
2022.5.13 15:47:05#clientIp:103.146.68.21
2022.5.13 15:47:05#card type:6
2022.5.13 15:47:05#totalamount:62000
2022.5.13 15:47:06#result:TRANSACTION_ID:BIbupbh9A7vySP21Epr4SCLeTQs=
2022.5.13 15:47:06#Forward to DBBL Payment Gateway Page:/ecomm2/ClientHandler?card_type=6&trans_id=BIbupbh9A7vySP21Epr4SCLeTQs%3D
2022.5.13 15:47:08#result:TRANSACTION_ID:bNO2sxrcIeoIXU8oUzs9fqYEuRo=
2022.5.13 15:47:09#Forward to DBBL Payment Gateway Page:/ecomm2/ClientHandler?card_type=6&trans_id=bNO2sxrcIeoIXU8oUzs9fqYEuRo%3D
2022.5.13 15:47:09#=================== Start New Transaction ===================
2022.5.13 15:47:09#txnrefnum:MSC21111300
2022.5.13 15:47:09#clientIp:103.146.68.21
2022.5.13 15:47:09#card type:6
2022.5.13 15:47:09#totalamount:62000
2022.5.13 15:47:13#result:TRANSACTION_ID:T3uTfPPESHXzvW8uVco9bZCrJNo=
2022.5.13 15:47:13#Forward to DBBL Payment Gateway Page:/ecomm2/ClientHandler?card_type=6&trans_id=T3uTfPPESHXzvW8uVco9bZCrJNo%3D
2022.5.13 15:48:11#---------------------- Complete New Transaction---------------------
2022.5.13 15:48:11#Get trans_id From Post Value:qlb3MB8bugPGlFLj8GcbFYKdiR4=
2022.5.13 15:48:11#clientIp:45.115.113.34
2022.5.13 15:48:11#trans_id:qlb3MB8bugPGlFLj8GcbFYKdiR4=
2022.5.13 15:48:13#result:RESULT>OK^RESULT_CODE>000^3DSECURE>SKIPPED^RRN>213321928665^APPROVAL_CODE>191544^CARD_NUMBER>999999*********8718^AMOUNT>112000^CARDNAME>mb account^DESCRIPTION>6BEG2101013^TRANS_DATE>2022-05-13 09:48:10 PM
2022.5.13 15:48:13#22660113034813
2022.5.13 15:48:13#=================== Transaction Completed =======================
2022.5.13 15:51:11#=================== Start New Transaction ===================
2022.5.13 15:51:11#txnrefnum:MSC21111300
2022.5.13 15:51:11#clientIp:103.146.68.21
2022.5.13 15:51:11#card type:6
2022.5.13 15:51:11#totalamount:702000
2022.5.13 15:51:15#result:TRANSACTION_ID:066fbNYN0QOrhLSX66p1fSJ28Rs=
2022.5.13 15:51:15#Forward to DBBL Payment Gateway Page:/ecomm2/ClientHandler?card_type=6&trans_id=066fbNYN0QOrhLSX66p1fSJ28Rs%3D
2022.5.13 15:52:20#---------------------- Complete New Transaction---------------------
2022.5.13 15:52:20#Get trans_id From Post Value:066fbNYN0QOrhLSX66p1fSJ28Rs=
2022.5.13 15:52:20#clientIp:103.146.68.21
2022.5.13 15:52:20#trans_id:066fbNYN0QOrhLSX66p1fSJ28Rs=
2022.5.13 15:52:22#result:RESULT>OK^RESULT_CODE>000^3DSECURE>SKIPPED^RRN>213321928846^APPROVAL_CODE>366836^CARD_NUMBER>999999*********5791^AMOUNT>702000^CARDNAME>mb account^DESCRIPTION>6MSC21111300^TRANS_DATE>2022-05-13 09:52:19 PM
2022.5.13 15:52:22#851513035222
2022.5.13 15:52:22#=================== Transaction Completed =======================
2022.5.13 15:52:22#851513035222
2022.5.13 15:52:22#=================== Transaction Completed =======================
2022.5.13 15:52:22#851513035222
2022.5.13 15:52:22#=================== Transaction Completed =======================
2022.5.13 15:52:22#851513035222
2022.5.13 15:52:22#=================== Transaction Completed =======================
2022.5.13 15:52:22#851513035222
2022.5.13 15:52:22#=================== Transaction Completed =======================
2022.5.13 16:29:53#=================== Start New Transaction ===================
2022.5.13 16:29:53#txnrefnum:MBD2209404
2022.5.13 16:29:53#clientIp:103.130.114.90
2022.5.13 16:29:53#card type:6
2022.5.13 16:29:53#totalamount:322000
2022.5.13 16:29:57#result:TRANSACTION_ID:Nx5ssk7ti9O8fsAdbk7uf63lAzQ=
2022.5.13 16:29:57#Forward to DBBL Payment Gateway Page:/ecomm2/ClientHandler?card_type=6&trans_id=Nx5ssk7ti9O8fsAdbk7uf63lAzQ%3D
2022.5.13 16:31:49#---------------------- Complete New Transaction---------------------
2022.5.13 16:31:49#Get trans_id From Post Value:Nx5ssk7ti9O8fsAdbk7uf63lAzQ=
2022.5.13 16:31:49#clientIp:103.130.114.90
2022.5.13 16:31:49#trans_id:Nx5ssk7ti9O8fsAdbk7uf63lAzQ=
2022.5.13 16:31:52#result:RESULT>FAILED^RESULT_CODE>103^3DSECURE>SKIPPED^RRN>213322930943^APPROVAL_CODE>0^CARD_NUMBER>999999*********3059^AMOUNT>322000^CARDNAME>mb account^DESCRIPTION>6MBD2209404^TRANS_DATE>2022-05-13 10:31:47 PM
2022.5.13 16:31:52#Failed
2022.5.13 16:34:30#=================== Start New Transaction ===================
2022.5.13 16:34:30#txnrefnum:MBM2006140
2022.5.13 16:34:30#clientIp:103.184.94.3
2022.5.13 16:34:30#card type:6
2022.5.13 16:34:30#totalamount:82000
2022.5.13 16:34:34#result:TRANSACTION_ID:BCVMAanoZeNjYUi7PYPnVPFyK6k=
2022.5.13 16:34:34#Forward to DBBL Payment Gateway Page:/ecomm2/ClientHandler?card_type=6&trans_id=BCVMAanoZeNjYUi7PYPnVPFyK6k%3D
2022.5.13 16:36:08#=================== Start New Transaction ===================
2022.5.13 16:36:08#txnrefnum:MBM2006140
2022.5.13 16:36:08#clientIp:103.184.94.6
2022.5.13 16:36:08#card type:6
2022.5.13 16:36:08#totalamount:82000
2022.5.13 16:36:13#result:TRANSACTION_ID:l56M5pgzuYgWFczAsOvw1nGYn40=
2022.5.13 16:36:13#Forward to DBBL Payment Gateway Page:/ecomm2/ClientHandler?card_type=6&trans_id=l56M5pgzuYgWFczAsOvw1nGYn40%3D
2022.5.13 16:46:22#=================== Start New Transaction ===================
2022.5.13 16:46:22#txnrefnum:MBD2009361
2022.5.13 16:46:22#clientIp:45.127.247.160
2022.5.13 16:46:22#card type:6
2022.5.13 16:46:22#totalamount:289000
2022.5.13 16:46:26#result:TRANSACTION_ID:hWRcy9AppC3f7MW9lq4udrY1leg=
2022.5.13 16:46:27#Forward to DBBL Payment Gateway Page:/ecomm2/ClientHandler?card_type=6&trans_id=hWRcy9AppC3f7MW9lq4udrY1leg%3D
2022.5.13 16:46:38#=================== Start New Transaction ===================
2022.5.13 16:46:38#txnrefnum:MBD2009361
2022.5.13 16:46:38#clientIp:45.127.247.160
2022.5.13 16:46:38#card type:6
2022.5.13 16:46:38#totalamount:289000
2022.5.13 16:46:43#result:TRANSACTION_ID:YjTcCRpwn2yLy4SMtlFELszcGag=
2022.5.13 16:46:43#Forward to DBBL Payment Gateway Page:/ecomm2/ClientHandler?card_type=6&trans_id=YjTcCRpwn2yLy4SMtlFELszcGag%3D
2022.5.13 16:50:13#=================== Start New Transaction ===================
2022.5.13 16:50:13#txnrefnum:MBD2008030
2022.5.13 16:50:13#clientIp:119.30.32.66
2022.5.13 16:50:13#card type:6
2022.5.13 16:50:13#totalamount:162000
2022.5.13 16:50:19#result:TRANSACTION_ID:xVv1KAtrAjMdvnx9GHHzufFLHDQ=
2022.5.13 16:50:19#Forward to DBBL Payment Gateway Page:/ecomm2/ClientHandler?card_type=6&trans_id=xVv1KAtrAjMdvnx9GHHzufFLHDQ%3D
2022.5.13 16:57:03#=================== Start New Transaction ===================
2022.5.13 16:57:03#txnrefnum:MBD2008030
2022.5.13 16:57:03#clientIp:119.30.32.66
2022.5.13 16:57:03#card type:6
2022.5.13 16:57:03#totalamount:162000
2022.5.13 16:57:07#result:TRANSACTION_ID:MZIj18qnY1QnrVMD9DZHySVlI2s=
2022.5.13 16:57:07#Forward to DBBL Payment Gateway Page:/ecomm2/ClientHandler?card_type=6&trans_id=MZIj18qnY1QnrVMD9DZHySVlI2s%3D
2022.5.13 16:59:00#=================== Start New Transaction ===================
2022.5.13 16:59:00#txnrefnum:MBD2008030
2022.5.13 16:59:00#clientIp:119.30.32.66
2022.5.13 16:59:00#card type:6
2022.5.13 16:59:00#totalamount:162000
2022.5.13 16:59:03#result:TRANSACTION_ID:KjHsJ33b90Z5VQW5B08q9fiiSco=
2022.5.13 16:59:03#Forward to DBBL Payment Gateway Page:/ecomm2/ClientHandler?card_type=6&trans_id=KjHsJ33b90Z5VQW5B08q9fiiSco%3D
2022.5.13 17:26:45#=================== Start New Transaction ===================
2022.5.13 17:26:45#txnrefnum:MSC22111164
2022.5.13 17:26:45#clientIp:103.110.163.230
2022.5.13 17:26:45#card type:6
2022.5.13 17:26:45#totalamount:322000
2022.5.13 17:26:49#result:TRANSACTION_ID:lp7Txpo3fqnSA8s1aSht6x7x1pU=
2022.5.13 17:26:50#Forward to DBBL Payment Gateway Page:/ecomm2/ClientHandler?card_type=6&trans_id=lp7Txpo3fqnSA8s1aSht6x7x1pU%3D
2022.5.13 17:27:26#---------------------- Complete New Transaction---------------------
2022.5.13 17:27:26#Get trans_id From Post Value:lp7Txpo3fqnSA8s1aSht6x7x1pU=
2022.5.13 17:27:26#clientIp:103.110.163.230
2022.5.13 17:27:26#trans_id:lp7Txpo3fqnSA8s1aSht6x7x1pU=
2022.5.13 17:27:28#result:RESULT>OK^RESULT_CODE>000^3DSECURE>SKIPPED^RRN>213323933204^APPROVAL_CODE>562638^CARD_NUMBER>999999*********4200^AMOUNT>322000^CARDNAME>mb account^DESCRIPTION>6MSC22111164^TRANS_DATE>2022-05-13 11:27:26 PM
2022.5.13 17:27:28#1616913052728
2022.5.13 17:27:28#=================== Transaction Completed =======================
2022.5.13 17:27:28#1616913052728
2022.5.13 17:27:28#=================== Transaction Completed =======================
2022.5.13 17:39:21#=================== Start New Transaction ===================
2022.5.13 17:39:21#txnrefnum:MBD2008030
2022.5.13 17:39:21#clientIp:123.253.65.104
2022.5.13 17:39:21#card type:6
2022.5.13 17:39:21#totalamount:162000
2022.5.13 17:39:25#result:TRANSACTION_ID:r2c3UkVxsFuvnfFEEnbpHWk5u4M=
2022.5.13 17:39:25#Forward to DBBL Payment Gateway Page:/ecomm2/ClientHandler?card_type=6&trans_id=r2c3UkVxsFuvnfFEEnbpHWk5u4M%3D
2022.5.13 17:41:01#=================== Start New Transaction ===================
2022.5.13 17:41:01#txnrefnum:MBD2008030
2022.5.13 17:41:01#clientIp:123.253.65.104
2022.5.13 17:41:01#card type:6
2022.5.13 17:41:01#totalamount:162000
2022.5.13 17:41:04#result:TRANSACTION_ID:eDpqey0KLVaOvltoSxE36NpM9jk=
2022.5.13 17:41:04#Forward to DBBL Payment Gateway Page:/ecomm2/ClientHandler?card_type=6&trans_id=eDpqey0KLVaOvltoSxE36NpM9jk%3D
2022.5.13 17:42:29#=================== Start New Transaction ===================
2022.5.13 17:42:29#txnrefnum:MBD2207044
2022.5.13 17:42:29#clientIp:110.76.128.239
2022.5.13 17:42:29#card type:6
2022.5.13 17:42:29#totalamount:1022000
2022.5.13 17:42:32#result:TRANSACTION_ID:hNhFqGTM8Ldggm0RwAPc1DFaMPw=
2022.5.13 17:42:32#Forward to DBBL Payment Gateway Page:/ecomm2/ClientHandler?card_type=6&trans_id=hNhFqGTM8Ldggm0RwAPc1DFaMPw%3D
2022.5.13 17:51:45#=================== Start New Transaction ===================
2022.5.13 17:51:45#txnrefnum:MBD2008030
2022.5.13 17:51:45#clientIp:123.253.65.104
2022.5.13 17:51:45#card type:6
2022.5.13 17:51:45#totalamount:162000
2022.5.13 17:51:49#result:TRANSACTION_ID:xpfZlTG4OULYHFsc2aovjBVD6TM=
2022.5.13 17:51:49#Forward to DBBL Payment Gateway Page:/ecomm2/ClientHandler?card_type=6&trans_id=xpfZlTG4OULYHFsc2aovjBVD6TM%3D
2022.5.13 17:52:03#---------------------- Complete New Transaction---------------------
2022.5.13 17:52:03#Get trans_id From Post Value:YjTcCRpwn2yLy4SMtlFELszcGag=
2022.5.13 17:52:03#clientIp:45.127.247.160
2022.5.13 17:52:03#trans_id:YjTcCRpwn2yLy4SMtlFELszcGag=
2022.5.13 17:52:05#result:RESULT>TIMEOUT^RESULT_CODE>999^3DSECURE>0^RRN>0^APPROVAL_CODE>0^CARD_NUMBER>0^AMOUNT>289000^CARDNAME>0^DESCRIPTION>6MBD2009361^TRANS_DATE>2022-05-13 11:52:00 PM
2022.5.13 17:52:05#Failed
2022.5.13 17:52:40#---------------------- Complete New Transaction---------------------
2022.5.13 17:52:40#Get trans_id From Post Value:xpfZlTG4OULYHFsc2aovjBVD6TM=
2022.5.13 17:52:40#clientIp:123.253.65.104
2022.5.13 17:52:40#trans_id:xpfZlTG4OULYHFsc2aovjBVD6TM=
2022.5.13 17:52:42#result:RESULT>FAILED^RESULT_CODE>116^3DSECURE>SKIPPED^RRN>213323933986^APPROVAL_CODE>0^CARD_NUMBER>999999*********7341^AMOUNT>162000^CARDNAME>mb account^DESCRIPTION>6MBD2008030^TRANS_DATE>2022-05-13 11:52:38 PM
2022.5.13 17:52:42#Not Sufficient Amount
2022.5.13 17:54:51#=================== Start New Transaction ===================
2022.5.13 17:54:51#txnrefnum:MSC22110590
2022.5.13 17:54:51#clientIp:103.150.255.94
2022.5.13 17:54:51#card type:6
2022.5.13 17:54:51#totalamount:162000
2022.5.13 17:54:55#result:TRANSACTION_ID:ltZS3Pszmgcpk2XsH0po8ytrR2w=
2022.5.13 17:54:55#Forward to DBBL Payment Gateway Page:/ecomm2/ClientHandler?card_type=6&trans_id=ltZS3Pszmgcpk2XsH0po8ytrR2w%3D
2022.5.13 17:56:15#=================== Start New Transaction ===================
2022.5.13 17:56:15#txnrefnum:MSC22110590
2022.5.13 17:56:15#clientIp:103.150.255.94
2022.5.13 17:56:15#card type:6
2022.5.13 17:56:15#totalamount:162000
2022.5.13 17:56:19#result:TRANSACTION_ID:Ltse7TMA1JEY9kHnIXP3SceJy4c=
2022.5.13 17:56:19#Forward to DBBL Payment Gateway Page:/ecomm2/ClientHandler?card_type=6&trans_id=Ltse7TMA1JEY9kHnIXP3SceJy4c%3D
2022.5.13 17:57:16#---------------------- Complete New Transaction---------------------
2022.5.13 17:57:16#Get trans_id From Post Value:Ltse7TMA1JEY9kHnIXP3SceJy4c=
2022.5.13 17:57:16#clientIp:103.150.255.94
2022.5.13 17:57:16#trans_id:Ltse7TMA1JEY9kHnIXP3SceJy4c=
2022.5.13 17:57:18#result:RESULT>OK^RESULT_CODE>000^3DSECURE>SKIPPED^RRN>213323934124^APPROVAL_CODE>579190^CARD_NUMBER>999999*********8948^AMOUNT>162000^CARDNAME>mb account^DESCRIPTION>6MSC22110590^TRANS_DATE>2022-05-13 11:57:15 PM
2022.5.13 17:57:18#1355513055718
2022.5.13 17:57:18#=================== Transaction Completed =======================
2022.5.13 18:11:19#=================== Start New Transaction ===================
2022.5.13 18:11:19#txnrefnum:MBD2201443
2022.5.13 18:11:19#clientIp:37.111.197.241
2022.5.13 18:11:19#card type:6
2022.5.13 18:11:19#totalamount:82000
2022.5.13 18:11:23#result:TRANSACTION_ID:9bG4GaueP1V8goCtelWrKlRzla0=
2022.5.13 18:11:23#Forward to DBBL Payment Gateway Page:/ecomm2/ClientHandler?card_type=6&trans_id=9bG4GaueP1V8goCtelWrKlRzla0%3D