
2022.7.18 03:51:31#=================== Start New Transaction ===================
2022.7.18 03:51:31#txnrefnum:BBM2004013
2022.7.18 03:51:31#clientIp:122.152.48.22
2022.7.18 03:51:31#card type:6
2022.7.18 03:51:31#totalamount:82000
2022.7.18 03:51:36#result:TRANSACTION_ID:3phrwsaCEEv6YaxPLEzsDj3lI2o=
2022.7.18 03:51:36#Forward to DBBL Payment Gateway Page: https://ecom1.dutchbanglabank.com/ecomm2/ClientHandler?card_type=6&trans_id=3phrwsaCEEv6YaxPLEzsDj3lI2o%3D
2022.7.18 04:00:43#=================== Start New Transaction ===================
2022.7.18 04:00:43#txnrefnum:BBM2004013
2022.7.18 04:00:43#clientIp:122.152.48.22
2022.7.18 04:00:43#card type:6
2022.7.18 04:00:43#totalamount:82000
2022.7.18 04:00:48#result:TRANSACTION_ID:DC2zL4MRK6OjSPKJlsUxfmeUsw4=
2022.7.18 04:00:48#Forward to DBBL Payment Gateway Page: https://ecom1.dutchbanglabank.com/ecomm2/ClientHandler?card_type=6&trans_id=DC2zL4MRK6OjSPKJlsUxfmeUsw4%3D
2022.7.18 04:36:52#=================== Start New Transaction ===================
2022.7.18 04:36:52#txnrefnum:MSC22111162
2022.7.18 04:36:52#clientIp:103.140.176.15
2022.7.18 04:36:52#card type:6
2022.7.18 04:36:52#totalamount:162000
2022.7.18 04:37:08#result:TRANSACTION_ID:tT0VL9sCFZrfxYD5T9At0RhgUg0=
2022.7.18 04:37:08#Forward to DBBL Payment Gateway Page: https://ecom1.dutchbanglabank.com/ecomm2/ClientHandler?card_type=6&trans_id=tT0VL9sCFZrfxYD5T9At0RhgUg0%3D
2022.7.18 04:37:30#---------------------- Complete New Transaction---------------------
2022.7.18 04:37:30#Get trans_id From Post Value:tT0VL9sCFZrfxYD5T9At0RhgUg0=
2022.7.18 04:37:39#clientIp:103.140.176.15
2022.7.18 04:37:39#trans_id:tT0VL9sCFZrfxYD5T9At0RhgUg0=
2022.7.18 04:37:46#result:RESULT>OK^RESULT_CODE>000^3DSECURE>SKIPPED^RRN>219904728575^APPROVAL_CODE>866710^CARD_NUMBER>999999*********8581^AMOUNT>162000^CARDNAME>mb account^DESCRIPTION>6MSC22111162^TRANS_DATE>2022-07-18 10:37:29 AM
2022.7.18 04:37:46#1614918043746
2022.7.18 04:37:46#=================== Transaction Completed =======================
2022.7.18 05:18:11#=================== Start New Transaction ===================
2022.7.18 05:18:11#txnrefnum:BBD2201283
2022.7.18 05:18:11#clientIp:103.138.120.253
2022.7.18 05:18:11#card type:6
2022.7.18 05:18:11#totalamount:162000
2022.7.18 05:18:29#result:TRANSACTION_ID:D7kUWQHQtPWB0pPR04OtoctM5aQ=
2022.7.18 05:18:30#Forward to DBBL Payment Gateway Page: https://ecom1.dutchbanglabank.com/ecomm2/ClientHandler?card_type=6&trans_id=D7kUWQHQtPWB0pPR04OtoctM5aQ%3D
2022.7.18 05:19:52#---------------------- Complete New Transaction---------------------
2022.7.18 05:19:52#Get trans_id From Post Value:D7kUWQHQtPWB0pPR04OtoctM5aQ=
2022.7.18 05:19:52#clientIp:103.138.120.253
2022.7.18 05:19:52#trans_id:D7kUWQHQtPWB0pPR04OtoctM5aQ=
2022.7.18 05:20:02#result:RESULT>OK^RESULT_CODE>000^3DSECURE>SKIPPED^RRN>219905732201^APPROVAL_CODE>523228^CARD_NUMBER>999999*********0605^AMOUNT>162000^CARDNAME>mb account^DESCRIPTION>6BBD2201283^TRANS_DATE>2022-07-18 11:19:51 AM
2022.7.18 05:20:02#22333518052002
2022.7.18 05:20:02#22333518052002
2022.7.18 05:20:02#=================== Transaction Completed =======================
2022.7.18 05:26:54#=================== Start New Transaction ===================
2022.7.18 05:26:54#txnrefnum:BBD2007081
2022.7.18 05:26:54#clientIp:103.138.120.253
2022.7.18 05:26:54#card type:6
2022.7.18 05:26:54#totalamount:162000
2022.7.18 05:27:21#=================== Start New Transaction ===================
2022.7.18 05:27:21#txnrefnum:BBD2007081
2022.7.18 05:27:21#clientIp:103.138.120.253
2022.7.18 05:27:21#card type:6
2022.7.18 05:27:21#totalamount:162000
2022.7.18 05:27:22#result:TRANSACTION_ID:FPsX4QaVxVtSuYSJUo6Ek0J3LSM=
2022.7.18 05:27:22#Forward to DBBL Payment Gateway Page: https://ecom1.dutchbanglabank.com/ecomm2/ClientHandler?card_type=6&trans_id=FPsX4QaVxVtSuYSJUo6Ek0J3LSM%3D
2022.7.18 05:27:41#=================== Start New Transaction ===================
2022.7.18 05:27:41#txnrefnum:BBD2007081
2022.7.18 05:27:41#clientIp:103.138.120.253
2022.7.18 05:27:41#card type:6
2022.7.18 05:27:41#totalamount:162000
2022.7.18 05:27:49#result:TRANSACTION_ID:P0LRyRfwSlRvBbV6zGTKZdSxj2c=
2022.7.18 05:27:49#Forward to DBBL Payment Gateway Page: https://ecom1.dutchbanglabank.com/ecomm2/ClientHandler?card_type=6&trans_id=P0LRyRfwSlRvBbV6zGTKZdSxj2c%3D
2022.7.18 05:28:13#result:TRANSACTION_ID:jJDFTzUbeZKxtPSXvxddUWumYF0=
2022.7.18 05:28:13#Forward to DBBL Payment Gateway Page: https://ecom1.dutchbanglabank.com/ecomm2/ClientHandler?card_type=6&trans_id=jJDFTzUbeZKxtPSXvxddUWumYF0%3D
2022.7.18 05:28:45#---------------------- Complete New Transaction---------------------
2022.7.18 05:28:45#Get trans_id From Post Value:jJDFTzUbeZKxtPSXvxddUWumYF0=
2022.7.18 05:28:45#clientIp:103.138.120.253
2022.7.18 05:28:45#trans_id:jJDFTzUbeZKxtPSXvxddUWumYF0=
2022.7.18 05:28:52#result:RESULT>OK^RESULT_CODE>000^3DSECURE>SKIPPED^RRN>219905732951^APPROVAL_CODE>524284^CARD_NUMBER>999999*********0605^AMOUNT>162000^CARDNAME>mb account^DESCRIPTION>6BBD2007081^TRANS_DATE>2022-07-18 11:28:44 AM
2022.7.18 05:28:52#25918118052852
2022.7.18 05:28:52#25918118052852
2022.7.18 05:28:52#=================== Transaction Completed =======================
2022.7.18 05:37:14#=================== Start New Transaction ===================
2022.7.18 05:37:14#txnrefnum:MSC22111123
2022.7.18 05:37:14#clientIp:202.134.14.143
2022.7.18 05:37:14#card type:6
2022.7.18 05:37:14#totalamount:422000
2022.7.18 05:37:37#result:TRANSACTION_ID:iN4M2HwUhhBE6Uyw9FluOBVufow=
2022.7.18 05:37:37#Forward to DBBL Payment Gateway Page: https://ecom1.dutchbanglabank.com/ecomm2/ClientHandler?card_type=6&trans_id=iN4M2HwUhhBE6Uyw9FluOBVufow%3D
2022.7.18 05:38:04#---------------------- Complete New Transaction---------------------
2022.7.18 05:38:04#Get trans_id From Post Value:iN4M2HwUhhBE6Uyw9FluOBVufow=
2022.7.18 05:38:04#clientIp:202.134.14.143
2022.7.18 05:38:04#trans_id:iN4M2HwUhhBE6Uyw9FluOBVufow=
2022.7.18 05:38:11#result:RESULT>OK^RESULT_CODE>000^3DSECURE>SKIPPED^RRN>219905733749^APPROVAL_CODE>193597^CARD_NUMBER>999999*********7532^AMOUNT>422000^CARDNAME>mb account^DESCRIPTION>6MSC22111123^TRANS_DATE>2022-07-18 11:38:02 AM
2022.7.18 05:38:11#134018053811
2022.7.18 05:38:11#134018053811
2022.7.18 05:38:11#134018053811
2022.7.18 05:38:11#=================== Transaction Completed =======================
2022.7.18 06:05:25#=================== Start New Transaction ===================
2022.7.18 06:05:25#txnrefnum:MBB2105022
2022.7.18 06:05:25#clientIp:223.27.81.107
2022.7.18 06:05:25#card type:6
2022.7.18 06:05:25#totalamount:82000
2022.7.18 06:06:10#result:TRANSACTION_ID:BbyW3VMFjLywSwWsZ5TgnSnoN3E=
2022.7.18 06:06:11#Forward to DBBL Payment Gateway Page: https://ecom1.dutchbanglabank.com/ecomm2/ClientHandler?card_type=6&trans_id=BbyW3VMFjLywSwWsZ5TgnSnoN3E%3D
2022.7.18 06:06:18#=================== Start New Transaction ===================
2022.7.18 06:06:18#txnrefnum:MSC22111376
2022.7.18 06:06:18#clientIp:103.126.217.230
2022.7.18 06:06:18#card type:6
2022.7.18 06:06:18#totalamount:262000
2022.7.18 06:06:39#result:TRANSACTION_ID:J1vy6qV69aEBWkMZEjY0RgSp6kY=
2022.7.18 06:06:39#Forward to DBBL Payment Gateway Page: https://ecom1.dutchbanglabank.com/ecomm2/ClientHandler?card_type=6&trans_id=J1vy6qV69aEBWkMZEjY0RgSp6kY%3D
2022.7.18 06:07:04#---------------------- Complete New Transaction---------------------
2022.7.18 06:07:04#Get trans_id From Post Value:BbyW3VMFjLywSwWsZ5TgnSnoN3E=
2022.7.18 06:07:04#clientIp:223.27.81.107
2022.7.18 06:07:04#trans_id:BbyW3VMFjLywSwWsZ5TgnSnoN3E=
2022.7.18 06:07:15#result:RESULT>OK^RESULT_CODE>000^3DSECURE>SKIPPED^RRN>219906736486^APPROVAL_CODE>326195^CARD_NUMBER>999999*********4036^AMOUNT>82000^CARDNAME>mb account^DESCRIPTION>6MBB2105022^TRANS_DATE>2022-07-18 12:07:03 PM
2022.7.18 06:07:15#14063018060715
2022.7.18 06:07:15#=================== Transaction Completed =======================
2022.7.18 06:53:47#=================== Start New Transaction ===================
2022.7.18 06:53:47#txnrefnum:MBB2104076
2022.7.18 06:53:47#clientIp:103.231.163.113
2022.7.18 06:53:47#card type:6
2022.7.18 06:53:47#totalamount:82000
2022.7.18 06:54:13#=================== Start New Transaction ===================
2022.7.18 06:54:13#txnrefnum:MBB2104076
2022.7.18 06:54:13#clientIp:103.231.163.113
2022.7.18 06:54:13#card type:6
2022.7.18 06:54:13#totalamount:82000
2022.7.18 06:54:36#result:TRANSACTION_ID:SbGVoFyEYkJ7CI3YWmnpNbCBaBs=
2022.7.18 06:54:36#Forward to DBBL Payment Gateway Page: https://ecom1.dutchbanglabank.com/ecomm2/ClientHandler?card_type=6&trans_id=SbGVoFyEYkJ7CI3YWmnpNbCBaBs%3D
2022.7.18 06:54:56#=================== Start New Transaction ===================
2022.7.18 06:54:56#txnrefnum:MBB2104076
2022.7.18 06:54:56#clientIp:103.231.163.113
2022.7.18 06:54:56#card type:6
2022.7.18 06:54:56#totalamount:82000
2022.7.18 06:55:30#result:TRANSACTION_ID:ZmWVigNdVDAnUgB5bJvLhi5GxkQ=
2022.7.18 06:55:30#Forward to DBBL Payment Gateway Page: https://ecom1.dutchbanglabank.com/ecomm2/ClientHandler?card_type=6&trans_id=ZmWVigNdVDAnUgB5bJvLhi5GxkQ%3D
2022.7.18 07:11:46#=================== Start New Transaction ===================
2022.7.18 07:11:46#txnrefnum:MSC22111273
2022.7.18 07:11:46#clientIp:43.224.109.197
2022.7.18 07:11:46#card type:6
2022.7.18 07:11:46#totalamount:422000
2022.7.18 07:12:14#result:TRANSACTION_ID:I0MvTKMeTaOSWZtzxpUdcR01bXs=
2022.7.18 07:12:14#Forward to DBBL Payment Gateway Page: https://ecom1.dutchbanglabank.com/ecomm2/ClientHandler?card_type=6&trans_id=I0MvTKMeTaOSWZtzxpUdcR01bXs%3D
2022.7.18 07:14:03#---------------------- Complete New Transaction---------------------
2022.7.18 07:14:03#Get trans_id From Post Value:I0MvTKMeTaOSWZtzxpUdcR01bXs=
2022.7.18 07:14:03#clientIp:43.224.109.197
2022.7.18 07:14:03#trans_id:I0MvTKMeTaOSWZtzxpUdcR01bXs=
2022.7.18 07:14:11#result:RESULT>OK^RESULT_CODE>000^3DSECURE>SKIPPED^RRN>219907742442^APPROVAL_CODE>660370^CARD_NUMBER>999999*********0449^AMOUNT>422000^CARDNAME>mb account^DESCRIPTION>6MSC22111273^TRANS_DATE>2022-07-18 01:14:02 PM
2022.7.18 07:14:11#1719218071411
2022.7.18 07:14:11#1719218071411
2022.7.18 07:14:11#1719218071411
2022.7.18 07:14:11#1719218071411
2022.7.18 07:14:11#1719218071411
2022.7.18 07:14:11#1719218071411
2022.7.18 07:14:11#=================== Transaction Completed =======================
2022.7.18 08:34:15#=================== Start New Transaction ===================
2022.7.18 08:34:15#txnrefnum:MSC22110038
2022.7.18 08:34:15#clientIp:103.14.72.94
2022.7.18 08:34:15#card type:6
2022.7.18 08:34:15#totalamount:422000
2022.7.18 08:34:29#result:TRANSACTION_ID:5tJBF412OCIvBP0l4SNSD4goUrk=
2022.7.18 08:34:29#Forward to DBBL Payment Gateway Page: https://ecom1.dutchbanglabank.com/ecomm2/ClientHandler?card_type=6&trans_id=5tJBF412OCIvBP0l4SNSD4goUrk%3D
2022.7.18 08:35:27#---------------------- Complete New Transaction---------------------
2022.7.18 08:35:27#Get trans_id From Post Value:5tJBF412OCIvBP0l4SNSD4goUrk=
2022.7.18 08:35:27#clientIp:103.14.72.94
2022.7.18 08:35:27#trans_id:5tJBF412OCIvBP0l4SNSD4goUrk=
2022.7.18 08:35:37#result:RESULT>OK^RESULT_CODE>000^3DSECURE>SKIPPED^RRN>219908750028^APPROVAL_CODE>955522^CARD_NUMBER>999999*********9759^AMOUNT>422000^CARDNAME>mb account^DESCRIPTION>6MSC22110038^TRANS_DATE>2022-07-18 02:35:23 PM
2022.7.18 08:35:37#1470818083537
2022.7.18 08:35:37#1470818083537
2022.7.18 08:35:37#1470818083537
2022.7.18 08:35:37#1470818083537
2022.7.18 08:35:37#1470818083537
2022.7.18 08:35:37#1470818083537
2022.7.18 08:35:37#=================== Transaction Completed =======================
2022.7.18 08:53:23#=================== Start New Transaction ===================
2022.7.18 08:53:23#txnrefnum:MSC22111122
2022.7.18 08:53:23#clientIp:103.62.140.119
2022.7.18 08:53:23#card type:6
2022.7.18 08:53:23#totalamount:422000
2022.7.18 08:53:33#result:TRANSACTION_ID:3ZiFTrbt22I7LB6EpBTuOaFG1JE=
2022.7.18 08:53:33#Forward to DBBL Payment Gateway Page: https://ecom1.dutchbanglabank.com/ecomm2/ClientHandler?card_type=6&trans_id=3ZiFTrbt22I7LB6EpBTuOaFG1JE%3D
2022.7.18 08:54:33#---------------------- Complete New Transaction---------------------
2022.7.18 08:54:33#Get trans_id From Post Value:3ZiFTrbt22I7LB6EpBTuOaFG1JE=
2022.7.18 08:54:33#clientIp:103.62.140.119
2022.7.18 08:54:33#trans_id:3ZiFTrbt22I7LB6EpBTuOaFG1JE=
2022.7.18 08:54:42#result:RESULT>OK^RESULT_CODE>000^3DSECURE>SKIPPED^RRN>219908751730^APPROVAL_CODE>009692^CARD_NUMBER>999999*********8527^AMOUNT>422000^CARDNAME>mb account^DESCRIPTION>6MSC22111122^TRANS_DATE>2022-07-18 02:54:31 PM
2022.7.18 08:54:42#227618085442
2022.7.18 08:54:42#227618085442
2022.7.18 08:54:42#227618085442
2022.7.18 08:54:42#227618085442
2022.7.18 08:54:42#227618085442
2022.7.18 08:54:42#227618085442
2022.7.18 08:54:42#=================== Transaction Completed =======================
2022.7.18 11:02:01#=================== Start New Transaction ===================
2022.7.18 11:02:01#txnrefnum:MBM2007081
2022.7.18 11:02:01#clientIp:37.111.200.250
2022.7.18 11:02:01#card type:6
2022.7.18 11:02:01#totalamount:242000
2022.7.18 11:02:06#=================== Start New Transaction ===================
2022.7.18 11:02:06#txnrefnum:MBM2007081
2022.7.18 11:02:06#clientIp:37.111.200.250
2022.7.18 11:02:06#card type:6
2022.7.18 11:02:06#totalamount:242000
2022.7.18 11:02:08#=================== Start New Transaction ===================
2022.7.18 11:02:08#txnrefnum:MBM2007081
2022.7.18 11:02:08#clientIp:37.111.200.250
2022.7.18 11:02:08#card type:6
2022.7.18 11:02:08#totalamount:242000
2022.7.18 11:03:46#=================== Start New Transaction ===================
2022.7.18 11:03:46#txnrefnum:MBM2007081
2022.7.18 11:03:46#clientIp:37.111.200.250
2022.7.18 11:03:46#card type:6
2022.7.18 11:03:46#totalamount:242000
2022.7.18 11:03:49#=================== Start New Transaction ===================
2022.7.18 11:03:49#txnrefnum:MBM2007081
2022.7.18 11:03:49#clientIp:37.111.200.250
2022.7.18 11:03:49#card type:6
2022.7.18 11:03:49#totalamount:242000
2022.7.18 11:04:46#=================== Start New Transaction ===================
2022.7.18 11:04:46#txnrefnum:MBM2007081
2022.7.18 11:04:46#clientIp:37.111.200.250
2022.7.18 11:04:46#card type:6
2022.7.18 11:04:46#totalamount:242000
2022.7.18 11:33:48#=================== Start New Transaction ===================
2022.7.18 11:33:48#txnrefnum:MBM2006310
2022.7.18 11:33:48#clientIp:119.148.12.38
2022.7.18 11:33:48#card type:6
2022.7.18 11:33:48#totalamount:82000
2022.7.18 11:33:54#result:TRANSACTION_ID:PbpFSsNcuXdhfVSjjXOQIVKDwP0=
2022.7.18 11:33:54#Forward to DBBL Payment Gateway Page: https://ecom1.dutchbanglabank.com/ecomm2/ClientHandler?card_type=6&trans_id=PbpFSsNcuXdhfVSjjXOQIVKDwP0%3D
2022.7.18 11:34:44#---------------------- Complete New Transaction---------------------
2022.7.18 11:34:44#Get trans_id From Post Value:PbpFSsNcuXdhfVSjjXOQIVKDwP0=
2022.7.18 11:34:44#clientIp:119.148.12.38
2022.7.18 11:34:44#trans_id:PbpFSsNcuXdhfVSjjXOQIVKDwP0=
2022.7.18 11:34:49#result:RESULT>OK^RESULT_CODE>000^3DSECURE>SKIPPED^RRN>219911763858^APPROVAL_CODE>562439^CARD_NUMBER>999999*********7509^AMOUNT>82000^CARDNAME>mb account^DESCRIPTION>6MBM2006310^TRANS_DATE>2022-07-18 05:34:43 PM
2022.7.18 11:34:49#17575018113449
2022.7.18 11:34:49#17575018113449
2022.7.18 11:34:49#=================== Transaction Completed =======================
2022.7.18 11:38:27#=================== Start New Transaction ===================
2022.7.18 11:38:27#txnrefnum:MBM2006310
2022.7.18 11:38:27#clientIp:119.148.12.38
2022.7.18 11:38:27#card type:6
2022.7.18 11:38:27#totalamount:82000
2022.7.18 11:38:40#result:TRANSACTION_ID:vVQULxikinrxjLNR4LHgS4uB0eM=
2022.7.18 11:38:40#Forward to DBBL Payment Gateway Page: https://ecom1.dutchbanglabank.com/ecomm2/ClientHandler?card_type=6&trans_id=vVQULxikinrxjLNR4LHgS4uB0eM%3D
2022.7.18 11:39:06#---------------------- Complete New Transaction---------------------
2022.7.18 11:39:06#Get trans_id From Post Value:vVQULxikinrxjLNR4LHgS4uB0eM=
2022.7.18 11:39:06#clientIp:119.148.12.38
2022.7.18 11:39:06#trans_id:vVQULxikinrxjLNR4LHgS4uB0eM=
2022.7.18 11:39:09#result:RESULT>OK^RESULT_CODE>000^3DSECURE>SKIPPED^RRN>219911764182^APPROVAL_CODE>578293^CARD_NUMBER>999999*********7509^AMOUNT>82000^CARDNAME>mb account^DESCRIPTION>6MBM2006310^TRANS_DATE>2022-07-18 05:39:05 PM
2022.7.18 11:39:09#17575118113909
2022.7.18 11:39:09#17575118113909
2022.7.18 11:39:09#=================== Transaction Completed =======================
2022.7.18 11:42:23#=================== Start New Transaction ===================
2022.7.18 11:42:23#txnrefnum:MBM2004054
2022.7.18 11:42:23#clientIp:119.148.12.38
2022.7.18 11:42:23#card type:6
2022.7.18 11:42:23#totalamount:82000
2022.7.18 11:42:42#result:TRANSACTION_ID:TvdwM5Ef4btdQQIjzaqrDPUJbfU=
2022.7.18 11:42:42#Forward to DBBL Payment Gateway Page: https://ecom1.dutchbanglabank.com/ecomm2/ClientHandler?card_type=6&trans_id=TvdwM5Ef4btdQQIjzaqrDPUJbfU%3D
2022.7.18 11:43:18#---------------------- Complete New Transaction---------------------
2022.7.18 11:43:18#Get trans_id From Post Value:TvdwM5Ef4btdQQIjzaqrDPUJbfU=
2022.7.18 11:43:18#clientIp:119.148.12.38
2022.7.18 11:43:18#trans_id:TvdwM5Ef4btdQQIjzaqrDPUJbfU=
2022.7.18 11:43:23#result:RESULT>OK^RESULT_CODE>000^3DSECURE>SKIPPED^RRN>219911764503^APPROVAL_CODE>593324^CARD_NUMBER>999999*********7509^AMOUNT>82000^CARDNAME>mb account^DESCRIPTION>6MBM2004054^TRANS_DATE>2022-07-18 05:43:17 PM
2022.7.18 11:43:23#14437318114323
2022.7.18 11:43:23#14437318114323
2022.7.18 11:43:23#=================== Transaction Completed =======================
2022.7.18 11:44:07#=================== Start New Transaction ===================
2022.7.18 11:44:07#txnrefnum:MBM2004054
2022.7.18 11:44:07#clientIp:119.148.12.38
2022.7.18 11:44:07#card type:6
2022.7.18 11:44:07#totalamount:82000
2022.7.18 11:44:12#result:TRANSACTION_ID:p06gVQWTX3FHmb9sclKYdRkO60M=
2022.7.18 11:44:12#Forward to DBBL Payment Gateway Page: https://ecom1.dutchbanglabank.com/ecomm2/ClientHandler?card_type=6&trans_id=p06gVQWTX3FHmb9sclKYdRkO60M%3D
2022.7.18 11:44:41#---------------------- Complete New Transaction---------------------
2022.7.18 11:44:41#Get trans_id From Post Value:p06gVQWTX3FHmb9sclKYdRkO60M=
2022.7.18 11:44:41#clientIp:119.148.12.38
2022.7.18 11:44:41#trans_id:p06gVQWTX3FHmb9sclKYdRkO60M=
2022.7.18 11:44:46#result:RESULT>OK^RESULT_CODE>000^3DSECURE>SKIPPED^RRN>219911764615^APPROVAL_CODE>507302^CARD_NUMBER>999999*********7509^AMOUNT>82000^CARDNAME>mb account^DESCRIPTION>6MBM2004054^TRANS_DATE>2022-07-18 05:44:40 PM
2022.7.18 11:44:46#14437418114446
2022.7.18 11:44:46#14437418114446
2022.7.18 11:44:46#=================== Transaction Completed =======================
2022.7.18 12:19:49#=================== Start New Transaction ===================
2022.7.18 12:19:49#txnrefnum:BBD2005091
2022.7.18 12:19:49#clientIp:114.130.156.102
2022.7.18 12:19:49#card type:6
2022.7.18 12:19:49#totalamount:82000
2022.7.18 12:19:56#result:TRANSACTION_ID:SkKTBymKpjiTkwfxvs9xXDoBESQ=
2022.7.18 12:19:56#Forward to DBBL Payment Gateway Page: https://ecom1.dutchbanglabank.com/ecomm2/ClientHandler?card_type=6&trans_id=SkKTBymKpjiTkwfxvs9xXDoBESQ%3D
2022.7.18 12:22:13#---------------------- Complete New Transaction---------------------
2022.7.18 12:22:13#Get trans_id From Post Value:SkKTBymKpjiTkwfxvs9xXDoBESQ=
2022.7.18 12:22:13#clientIp:114.130.156.102
2022.7.18 12:22:13#trans_id:SkKTBymKpjiTkwfxvs9xXDoBESQ=
2022.7.18 12:22:17#result:RESULT>OK^RESULT_CODE>000^3DSECURE>SKIPPED^RRN>219912767727^APPROVAL_CODE>525344^CARD_NUMBER>999999*********3728^AMOUNT>82000^CARDNAME>mb account^DESCRIPTION>6BBD2005091^TRANS_DATE>2022-07-18 06:22:12 PM
2022.7.18 12:22:17#24818318122217
2022.7.18 12:22:17#24818318122217
2022.7.18 12:22:17#=================== Transaction Completed =======================
2022.7.18 12:23:24#=================== Start New Transaction ===================
2022.7.18 12:23:24#txnrefnum:BBM2005175
2022.7.18 12:23:24#clientIp:114.130.156.102
2022.7.18 12:23:24#card type:6
2022.7.18 12:23:24#totalamount:82000
2022.7.18 12:23:29#result:TRANSACTION_ID:IlJRZom0Zndf14SlrSPbIVm6tGs=
2022.7.18 12:23:30#Forward to DBBL Payment Gateway Page: https://ecom1.dutchbanglabank.com/ecomm2/ClientHandler?card_type=6&trans_id=IlJRZom0Zndf14SlrSPbIVm6tGs%3D
2022.7.18 12:23:51#---------------------- Complete New Transaction---------------------
2022.7.18 12:23:51#Get trans_id From Post Value:IlJRZom0Zndf14SlrSPbIVm6tGs=
2022.7.18 12:23:51#clientIp:114.130.156.102
2022.7.18 12:23:51#trans_id:IlJRZom0Zndf14SlrSPbIVm6tGs=
2022.7.18 12:23:56#result:RESULT>OK^RESULT_CODE>000^3DSECURE>SKIPPED^RRN>219912767828^APPROVAL_CODE>748041^CARD_NUMBER>999999*********3728^AMOUNT>82000^CARDNAME>mb account^DESCRIPTION>6BBM2005175^TRANS_DATE>2022-07-18 06:23:50 PM
2022.7.18 12:23:56#25081118122356
2022.7.18 12:23:56#25081118122356
2022.7.18 12:23:56#=================== Transaction Completed =======================
2022.7.18 13:45:37#=================== Start New Transaction ===================
2022.7.18 13:45:37#txnrefnum:MSC22110517
2022.7.18 13:45:37#clientIp:115.42.52.244
2022.7.18 13:45:37#card type:6
2022.7.18 13:45:37#totalamount:262000
2022.7.18 13:45:55#=================== Start New Transaction ===================
2022.7.18 13:45:55#txnrefnum:MSC22110517
2022.7.18 13:45:55#clientIp:115.42.52.244
2022.7.18 13:45:55#card type:6
2022.7.18 13:45:55#totalamount:262000
2022.7.18 13:46:00#result:TRANSACTION_ID:k00U4jOGUy8Ik6OauvUQQqd9IA0=
2022.7.18 13:46:00#Forward to DBBL Payment Gateway Page: https://ecom1.dutchbanglabank.com/ecomm2/ClientHandler?card_type=6&trans_id=k00U4jOGUy8Ik6OauvUQQqd9IA0%3D
2022.7.18 13:46:29#=================== Start New Transaction ===================
2022.7.18 13:46:29#txnrefnum:MSC22110517
2022.7.18 13:46:29#clientIp:115.42.52.244
2022.7.18 13:46:29#card type:6
2022.7.18 13:46:29#totalamount:262000
2022.7.18 13:46:41#result:TRANSACTION_ID:ZMPVFPxsvRusvTJJQIOHfk8IAss=
2022.7.18 13:46:41#Forward to DBBL Payment Gateway Page: https://ecom1.dutchbanglabank.com/ecomm2/ClientHandler?card_type=6&trans_id=ZMPVFPxsvRusvTJJQIOHfk8IAss%3D
2022.7.18 13:46:55#result:TRANSACTION_ID:iOmvlIMeJyn0g52lMvCwzXWWp5Q=
2022.7.18 13:46:55#Forward to DBBL Payment Gateway Page: https://ecom1.dutchbanglabank.com/ecomm2/ClientHandler?card_type=6&trans_id=iOmvlIMeJyn0g52lMvCwzXWWp5Q%3D
2022.7.18 13:47:41#---------------------- Complete New Transaction---------------------
2022.7.18 13:47:41#Get trans_id From Post Value:iOmvlIMeJyn0g52lMvCwzXWWp5Q=
2022.7.18 13:47:41#clientIp:115.42.52.244
2022.7.18 13:47:41#trans_id:iOmvlIMeJyn0g52lMvCwzXWWp5Q=
2022.7.18 13:47:51#result:RESULT>OK^RESULT_CODE>000^3DSECURE>SKIPPED^RRN>219913774707^APPROVAL_CODE>224667^CARD_NUMBER>999999*********9301^AMOUNT>262000^CARDNAME>mb account^DESCRIPTION>6MSC22110517^TRANS_DATE>2022-07-18 07:47:40 PM
2022.7.18 13:47:51#1272918014751
2022.7.18 13:47:51#1272918014751
2022.7.18 13:47:51#1272918014751
2022.7.18 13:47:51#1272918014751
2022.7.18 13:47:51#=================== Transaction Completed =======================
2022.7.18 14:03:33#=================== Start New Transaction ===================
2022.7.18 14:03:33#txnrefnum:MSC22110557
2022.7.18 14:03:33#clientIp:116.206.254.114
2022.7.18 14:03:33#card type:6
2022.7.18 14:03:33#totalamount:422000
2022.7.18 14:04:13#result:TRANSACTION_ID:pibw6Ep6LOs4qUiYoEAgS228FDU=
2022.7.18 14:04:13#Forward to DBBL Payment Gateway Page: https://ecom1.dutchbanglabank.com/ecomm2/ClientHandler?card_type=6&trans_id=pibw6Ep6LOs4qUiYoEAgS228FDU%3D
2022.7.18 14:10:31#=================== Start New Transaction ===================
2022.7.18 14:10:31#txnrefnum:MSC22110062
2022.7.18 14:10:31#clientIp:202.134.14.148
2022.7.18 14:10:31#card type:6
2022.7.18 14:10:31#totalamount:262000
2022.7.18 14:10:50#result:TRANSACTION_ID:bjUPfHcjeqv0c285OhjJpZRDa7M=
2022.7.18 14:10:50#Forward to DBBL Payment Gateway Page: https://ecom1.dutchbanglabank.com/ecomm2/ClientHandler?card_type=6&trans_id=bjUPfHcjeqv0c285OhjJpZRDa7M%3D
2022.7.18 14:14:05#=================== Start New Transaction ===================
2022.7.18 14:14:05#txnrefnum:MSC22110062
2022.7.18 14:14:05#clientIp:202.134.14.148
2022.7.18 14:14:05#card type:6
2022.7.18 14:14:05#totalamount:262000
2022.7.18 14:14:08#=================== Start New Transaction ===================
2022.7.18 14:14:08#txnrefnum:MSC22110062
2022.7.18 14:14:08#clientIp:202.134.14.148
2022.7.18 14:14:08#card type:6
2022.7.18 14:14:08#totalamount:262000
2022.7.18 14:14:15#=================== Start New Transaction ===================
2022.7.18 14:14:15#txnrefnum:MSC22110062
2022.7.18 14:14:15#clientIp:202.134.14.148
2022.7.18 14:14:15#card type:6
2022.7.18 14:14:15#totalamount:262000
2022.7.18 14:14:30#result:TRANSACTION_ID:VPVl1RaV4AEAfL5XQbdGPMOvJxw=
2022.7.18 14:14:30#Forward to DBBL Payment Gateway Page: https://ecom1.dutchbanglabank.com/ecomm2/ClientHandler?card_type=6&trans_id=VPVl1RaV4AEAfL5XQbdGPMOvJxw%3D
2022.7.18 14:14:35#result:TRANSACTION_ID:6fUcPLol962h0tPhDcgOP8gLHRI=
2022.7.18 14:14:35#Forward to DBBL Payment Gateway Page: https://ecom1.dutchbanglabank.com/ecomm2/ClientHandler?card_type=6&trans_id=6fUcPLol962h0tPhDcgOP8gLHRI%3D
2022.7.18 14:14:41#result:TRANSACTION_ID:DP5L3r2UxtbxPkgXXwUiqZjKDIc=
2022.7.18 14:14:41#Forward to DBBL Payment Gateway Page: https://ecom1.dutchbanglabank.com/ecomm2/ClientHandler?card_type=6&trans_id=DP5L3r2UxtbxPkgXXwUiqZjKDIc%3D
2022.7.18 14:14:41#=================== Start New Transaction ===================
2022.7.18 14:14:41#txnrefnum:MSC22110062
2022.7.18 14:14:41#clientIp:202.134.14.148
2022.7.18 14:14:41#card type:6
2022.7.18 14:14:41#totalamount:262000
2022.7.18 14:14:57#=================== Start New Transaction ===================
2022.7.18 14:14:57#txnrefnum:MSC22110062
2022.7.18 14:14:57#clientIp:103.204.246.122
2022.7.18 14:14:57#card type:6
2022.7.18 14:14:57#totalamount:262000
2022.7.18 14:15:14#result:TRANSACTION_ID:J3J4hA7TS7w9O2Es0kx57fHcFoQ=
2022.7.18 14:15:15#Forward to DBBL Payment Gateway Page: https://ecom1.dutchbanglabank.com/ecomm2/ClientHandler?card_type=6&trans_id=J3J4hA7TS7w9O2Es0kx57fHcFoQ%3D
2022.7.18 14:15:30#result:TRANSACTION_ID:2imKZKbfXwENYuDXUBgMs2ZSUHI=
2022.7.18 14:15:30#Forward to DBBL Payment Gateway Page: https://ecom1.dutchbanglabank.com/ecomm2/ClientHandler?card_type=6&trans_id=2imKZKbfXwENYuDXUBgMs2ZSUHI%3D
2022.7.18 14:17:12#=================== Start New Transaction ===================
2022.7.18 14:17:12#txnrefnum:MSC22110062
2022.7.18 14:17:12#clientIp:103.204.246.122
2022.7.18 14:17:12#card type:6
2022.7.18 14:17:12#totalamount:262000
2022.7.18 14:17:31#=================== Start New Transaction ===================
2022.7.18 14:17:31#txnrefnum:MSC22110062
2022.7.18 14:17:31#clientIp:103.204.246.122
2022.7.18 14:17:31#card type:6
2022.7.18 14:17:31#totalamount:262000
2022.7.18 14:17:34#=================== Start New Transaction ===================
2022.7.18 14:17:34#txnrefnum:MSC22110062
2022.7.18 14:17:34#clientIp:103.204.246.122
2022.7.18 14:17:34#card type:6
2022.7.18 14:17:34#totalamount:262000
2022.7.18 14:17:51#result:TRANSACTION_ID:bFeYpqI0S1MzaPSIFQpRsRnXzGY=
2022.7.18 14:17:51#Forward to DBBL Payment Gateway Page: https://ecom1.dutchbanglabank.com/ecomm2/ClientHandler?card_type=6&trans_id=bFeYpqI0S1MzaPSIFQpRsRnXzGY%3D
2022.7.18 14:17:55#result:TRANSACTION_ID:2c4YbNY2u0sj4txDXYEhNfFSBc8=
2022.7.18 14:17:55#Forward to DBBL Payment Gateway Page: https://ecom1.dutchbanglabank.com/ecomm2/ClientHandler?card_type=6&trans_id=2c4YbNY2u0sj4txDXYEhNfFSBc8%3D
2022.7.18 14:17:55#=================== Start New Transaction ===================
2022.7.18 14:17:55#txnrefnum:MSC22110062
2022.7.18 14:17:55#clientIp:103.204.246.122
2022.7.18 14:17:55#card type:6
2022.7.18 14:17:55#totalamount:262000
2022.7.18 14:18:04#result:TRANSACTION_ID:zH4uLs1Al6q95QQ9BUljYSs51Sk=
2022.7.18 14:18:04#Forward to DBBL Payment Gateway Page: https://ecom1.dutchbanglabank.com/ecomm2/ClientHandler?card_type=6&trans_id=zH4uLs1Al6q95QQ9BUljYSs51Sk%3D
2022.7.18 14:18:15#result:TRANSACTION_ID:kFpP8iR8cO4MON6kkzsY5MPEJnQ=
2022.7.18 14:18:15#Forward to DBBL Payment Gateway Page: https://ecom1.dutchbanglabank.com/ecomm2/ClientHandler?card_type=6&trans_id=kFpP8iR8cO4MON6kkzsY5MPEJnQ%3D
2022.7.18 14:23:23#=================== Start New Transaction ===================
2022.7.18 14:23:23#txnrefnum:MSC22111335
2022.7.18 14:23:23#clientIp:103.157.202.80
2022.7.18 14:23:23#card type:6
2022.7.18 14:23:23#totalamount:422000
2022.7.18 14:23:35#=================== Start New Transaction ===================
2022.7.18 14:23:35#txnrefnum:MSC22111335
2022.7.18 14:23:35#clientIp:103.157.202.80
2022.7.18 14:23:35#card type:6
2022.7.18 14:23:35#totalamount:422000
2022.7.18 14:23:47#result:TRANSACTION_ID:LQO5ULgbYLE0i0iPHU7uzkCwBn4=
2022.7.18 14:23:47#Forward to DBBL Payment Gateway Page: https://ecom1.dutchbanglabank.com/ecomm2/ClientHandler?card_type=6&trans_id=LQO5ULgbYLE0i0iPHU7uzkCwBn4%3D
2022.7.18 14:23:54#=================== Start New Transaction ===================
2022.7.18 14:23:54#txnrefnum:MSC22111335
2022.7.18 14:23:54#clientIp:103.157.202.80
2022.7.18 14:23:54#card type:6
2022.7.18 14:23:54#totalamount:422000
2022.7.18 14:24:15#=================== Start New Transaction ===================
2022.7.18 14:24:15#txnrefnum:MSC22111335
2022.7.18 14:24:15#clientIp:103.157.202.80
2022.7.18 14:24:15#card type:6
2022.7.18 14:24:15#totalamount:422000
2022.7.18 14:24:16#result:TRANSACTION_ID:JSuVhQwMYGCGEYG8Tk3EjI8akMo=
2022.7.18 14:24:16#Forward to DBBL Payment Gateway Page: https://ecom1.dutchbanglabank.com/ecomm2/ClientHandler?card_type=6&trans_id=JSuVhQwMYGCGEYG8Tk3EjI8akMo%3D
2022.7.18 14:24:20#result:TRANSACTION_ID:PmraFIJCVaPh2ZtYNYY0ERPOUQc=
2022.7.18 14:24:20#Forward to DBBL Payment Gateway Page: https://ecom1.dutchbanglabank.com/ecomm2/ClientHandler?card_type=6&trans_id=PmraFIJCVaPh2ZtYNYY0ERPOUQc%3D
2022.7.18 14:24:20#=================== Start New Transaction ===================
2022.7.18 14:24:20#txnrefnum:MSC22111335
2022.7.18 14:24:20#clientIp:103.157.202.80
2022.7.18 14:24:20#card type:6
2022.7.18 14:24:20#totalamount:422000
2022.7.18 14:24:47#result:TRANSACTION_ID:UXUc2KoM787QTpm0JkKo2cDGqb4=
2022.7.18 14:24:47#Forward to DBBL Payment Gateway Page: https://ecom1.dutchbanglabank.com/ecomm2/ClientHandler?card_type=6&trans_id=UXUc2KoM787QTpm0JkKo2cDGqb4%3D
2022.7.18 14:24:47#=================== Start New Transaction ===================
2022.7.18 14:24:47#txnrefnum:MSC22111335
2022.7.18 14:24:47#clientIp:103.157.202.80
2022.7.18 14:24:47#card type:6
2022.7.18 14:24:47#totalamount:422000
2022.7.18 14:24:55#result:TRANSACTION_ID:9aYLj4PMs2dSsUSacxtpgL4hrAk=
2022.7.18 14:24:55#Forward to DBBL Payment Gateway Page: https://ecom1.dutchbanglabank.com/ecomm2/ClientHandler?card_type=6&trans_id=9aYLj4PMs2dSsUSacxtpgL4hrAk%3D
2022.7.18 14:25:12#result:TRANSACTION_ID:jS6wodQ8OAMzgbd7riq5OAJ78gI=
2022.7.18 14:25:13#Forward to DBBL Payment Gateway Page: https://ecom1.dutchbanglabank.com/ecomm2/ClientHandler?card_type=6&trans_id=jS6wodQ8OAMzgbd7riq5OAJ78gI%3D
2022.7.18 14:27:10#=================== Start New Transaction ===================
2022.7.18 14:27:10#txnrefnum:MSC22111335
2022.7.18 14:27:10#clientIp:103.157.202.80
2022.7.18 14:27:10#card type:6
2022.7.18 14:27:10#totalamount:582000
2022.7.18 14:27:31#result:TRANSACTION_ID:cov9Tt06LqdR5inwGWsPKQzPl1k=
2022.7.18 14:27:31#Forward to DBBL Payment Gateway Page: https://ecom1.dutchbanglabank.com/ecomm2/ClientHandler?card_type=6&trans_id=cov9Tt06LqdR5inwGWsPKQzPl1k%3D
2022.7.18 14:31:37#---------------------- Complete New Transaction---------------------
2022.7.18 14:31:37#Get trans_id From Post Value:cov9Tt06LqdR5inwGWsPKQzPl1k=
2022.7.18 14:31:37#clientIp:103.157.202.80
2022.7.18 14:31:37#trans_id:cov9Tt06LqdR5inwGWsPKQzPl1k=
2022.7.18 14:31:43#result:RESULT>OK^RESULT_CODE>000^3DSECURE>SKIPPED^RRN>219914777983^APPROVAL_CODE>438039^CARD_NUMBER>999999*********0955^AMOUNT>582000^CARDNAME>mb account^DESCRIPTION>6MSC22111335^TRANS_DATE>2022-07-18 08:31:36 PM
2022.7.18 14:31:43#1575218023143
2022.7.18 14:31:43#1575218023143
2022.7.18 14:31:43#1575218023143
2022.7.18 14:31:43#1575218023143
2022.7.18 14:31:43#1575218023143
2022.7.18 14:31:43#1575218023143
2022.7.18 14:31:43#1575218023143
2022.7.18 14:31:43#1575218023143
2022.7.18 14:31:43#=================== Transaction Completed =======================
2022.7.18 14:41:04#=================== Start New Transaction ===================
2022.7.18 14:41:04#txnrefnum:BBM2006162
2022.7.18 14:41:04#clientIp:103.121.107.49
2022.7.18 14:41:04#card type:6
2022.7.18 14:41:04#totalamount:482000
2022.7.18 14:41:31#result:TRANSACTION_ID:GYzsSjWYxMcQBSlcfO5ZhjRppys=
2022.7.18 14:41:31#Forward to DBBL Payment Gateway Page: https://ecom1.dutchbanglabank.com/ecomm2/ClientHandler?card_type=6&trans_id=GYzsSjWYxMcQBSlcfO5ZhjRppys%3D
2022.7.18 15:37:22#=================== Start New Transaction ===================
2022.7.18 15:37:22#txnrefnum:MBM2001125
2022.7.18 15:37:22#clientIp:103.58.75.11
2022.7.18 15:37:22#card type:6
2022.7.18 15:37:22#totalamount:162000
2022.7.18 15:37:31#=================== Start New Transaction ===================
2022.7.18 15:37:31#txnrefnum:MBM2001125
2022.7.18 15:37:31#clientIp:103.58.75.11
2022.7.18 15:37:31#card type:6
2022.7.18 15:37:31#totalamount:162000
2022.7.18 15:37:33#result:TRANSACTION_ID:EZmgeD4qnvewTsPiSkuLlzbJRME=
2022.7.18 15:37:33#Forward to DBBL Payment Gateway Page: https://ecom1.dutchbanglabank.com/ecomm2/ClientHandler?card_type=6&trans_id=EZmgeD4qnvewTsPiSkuLlzbJRME%3D
2022.7.18 15:37:41#result:TRANSACTION_ID:kCOpgtPOqWMbwwlSvENi1ShbLMw=
2022.7.18 15:37:41#Forward to DBBL Payment Gateway Page: https://ecom1.dutchbanglabank.com/ecomm2/ClientHandler?card_type=6&trans_id=kCOpgtPOqWMbwwlSvENi1ShbLMw%3D
2022.7.18 15:39:26#---------------------- Complete New Transaction---------------------
2022.7.18 15:39:26#Get trans_id From Post Value:kCOpgtPOqWMbwwlSvENi1ShbLMw=
2022.7.18 15:39:26#clientIp:103.58.75.11
2022.7.18 15:39:26#trans_id:kCOpgtPOqWMbwwlSvENi1ShbLMw=
2022.7.18 15:39:29#result:RESULT>OK^RESULT_CODE>000^3DSECURE>SKIPPED^RRN>219915782622^APPROVAL_CODE>792180^CARD_NUMBER>999999*********1830^AMOUNT>162000^CARDNAME>mb account^DESCRIPTION>6MBM2001125^TRANS_DATE>2022-07-18 09:39:25 PM
2022.7.18 15:39:29#10084318033929
2022.7.18 15:39:29#10084318033929
2022.7.18 15:39:29#10084318033929
2022.7.18 15:39:29#10084318033929
2022.7.18 15:39:29#=================== Transaction Completed =======================
2022.7.18 15:53:36#=================== Start New Transaction ===================
2022.7.18 15:53:36#txnrefnum:MSC22111164
2022.7.18 15:53:36#clientIp:116.58.203.4
2022.7.18 15:53:36#card type:6
2022.7.18 15:53:36#totalamount:262000
2022.7.18 15:53:46#result:TRANSACTION_ID:wGHzn7TVAvaLtU5h85MgGRFaVPw=
2022.7.18 15:53:46#Forward to DBBL Payment Gateway Page: https://ecom1.dutchbanglabank.com/ecomm2/ClientHandler?card_type=6&trans_id=wGHzn7TVAvaLtU5h85MgGRFaVPw%3D
2022.7.18 15:54:57#---------------------- Complete New Transaction---------------------
2022.7.18 15:54:57#Get trans_id From Post Value:wGHzn7TVAvaLtU5h85MgGRFaVPw=
2022.7.18 15:54:57#clientIp:116.58.203.4
2022.7.18 15:54:57#trans_id:wGHzn7TVAvaLtU5h85MgGRFaVPw=
2022.7.18 15:54:59#result:RESULT>OK^RESULT_CODE>000^3DSECURE>SKIPPED^RRN>219915783734^APPROVAL_CODE>856705^CARD_NUMBER>999999*********4200^AMOUNT>262000^CARDNAME>mb account^DESCRIPTION>6MSC22111164^TRANS_DATE>2022-07-18 09:54:55 PM
2022.7.18 15:55:00#1617218035459
2022.7.18 15:55:00#1617218035459
2022.7.18 15:55:00#1617218035459
2022.7.18 15:55:00#1617218035459
2022.7.18 15:55:00#=================== Transaction Completed =======================
2022.7.18 16:26:15#=================== Start New Transaction ===================
2022.7.18 16:26:15#txnrefnum:BBM2009206
2022.7.18 16:26:15#clientIp:103.138.120.253
2022.7.18 16:26:15#card type:6
2022.7.18 16:26:15#totalamount:82000
2022.7.18 16:26:20#result:TRANSACTION_ID:dHwBYPhZjyqHrnHCkLWVccI54Ks=
2022.7.18 16:26:20#Forward to DBBL Payment Gateway Page: https://ecom1.dutchbanglabank.com/ecomm2/ClientHandler?card_type=6&trans_id=dHwBYPhZjyqHrnHCkLWVccI54Ks%3D
2022.7.18 16:27:32#---------------------- Complete New Transaction---------------------
2022.7.18 16:27:32#Get trans_id From Post Value:dHwBYPhZjyqHrnHCkLWVccI54Ks=
2022.7.18 16:27:32#clientIp:103.138.120.253
2022.7.18 16:27:32#trans_id:dHwBYPhZjyqHrnHCkLWVccI54Ks=
2022.7.18 16:27:34#result:RESULT>OK^RESULT_CODE>000^3DSECURE>SKIPPED^RRN>219916785730^APPROVAL_CODE>027751^CARD_NUMBER>999999*********0605^AMOUNT>82000^CARDNAME>mb account^DESCRIPTION>6BBM2009206^TRANS_DATE>2022-07-18 10:27:31 PM
2022.7.18 16:27:34#27179418042734
2022.7.18 16:27:34#27179418042734
2022.7.18 16:27:34#=================== Transaction Completed =======================
2022.7.18 16:29:49#=================== Start New Transaction ===================
2022.7.18 16:29:49#txnrefnum:MSC22110558
2022.7.18 16:29:49#clientIp:103.139.164.78
2022.7.18 16:29:49#card type:6
2022.7.18 16:29:49#totalamount:422000
2022.7.18 16:29:52#result:TRANSACTION_ID:7Gc7S4SIPx7F4BJn6hg7PTXbhgw=
2022.7.18 16:29:52#Forward to DBBL Payment Gateway Page: https://ecom1.dutchbanglabank.com/ecomm2/ClientHandler?card_type=6&trans_id=7Gc7S4SIPx7F4BJn6hg7PTXbhgw%3D
2022.7.18 16:30:39#---------------------- Complete New Transaction---------------------
2022.7.18 16:30:39#Get trans_id From Post Value:7Gc7S4SIPx7F4BJn6hg7PTXbhgw=
2022.7.18 16:30:39#clientIp:103.139.164.78
2022.7.18 16:30:39#trans_id:7Gc7S4SIPx7F4BJn6hg7PTXbhgw=
2022.7.18 16:30:41#result:RESULT>OK^RESULT_CODE>000^3DSECURE>SKIPPED^RRN>219916785902^APPROVAL_CODE>038281^CARD_NUMBER>999999*********8328^AMOUNT>422000^CARDNAME>mb account^DESCRIPTION>6MSC22110558^TRANS_DATE>2022-07-18 10:30:38 PM
2022.7.18 16:30:41#1233118043041
2022.7.18 16:30:41#1233118043041
2022.7.18 16:30:41#1233118043041
2022.7.18 16:30:41#1233118043041
2022.7.18 16:30:41#1233118043041
2022.7.18 16:30:41#1233118043041
2022.7.18 16:30:41#=================== Transaction Completed =======================
2022.7.18 17:44:58#=================== Start New Transaction ===================
2022.7.18 17:44:58#txnrefnum:MSC22111276
2022.7.18 17:44:58#clientIp:119.30.46.58
2022.7.18 17:44:58#card type:6
2022.7.18 17:44:58#totalamount:162000
2022.7.18 17:45:06#result:TRANSACTION_ID:PVZenZgs5X4BHtgMx0gjiolpxrM=
2022.7.18 17:45:06#Forward to DBBL Payment Gateway Page: https://ecom1.dutchbanglabank.com/ecomm2/ClientHandler?card_type=6&trans_id=PVZenZgs5X4BHtgMx0gjiolpxrM%3D
2022.7.18 17:45:54#---------------------- Complete New Transaction---------------------
2022.7.18 17:45:54#Get trans_id From Post Value:PVZenZgs5X4BHtgMx0gjiolpxrM=
2022.7.18 17:45:54#clientIp:119.30.46.58
2022.7.18 17:45:54#trans_id:PVZenZgs5X4BHtgMx0gjiolpxrM=
2022.7.18 17:45:56#result:RESULT>OK^RESULT_CODE>000^3DSECURE>SKIPPED^RRN>219917789324^APPROVAL_CODE>219786^CARD_NUMBER>999999*********5958^AMOUNT>162000^CARDNAME>mb account^DESCRIPTION>6MSC22111276^TRANS_DATE>2022-07-18 11:45:52 PM
2022.7.18 17:45:57#1636518054556
2022.7.18 17:45:57#1636518054556
2022.7.18 17:45:57#=================== Transaction Completed =======================
2022.7.18 18:25:57#=================== Start New Transaction ===================
2022.7.18 18:25:57#txnrefnum:MSC22111376
2022.7.18 18:25:57#clientIp:103.126.217.230
2022.7.18 18:25:57#card type:6
2022.7.18 18:25:57#totalamount:262000
2022.7.18 18:26:01#result:TRANSACTION_ID:F2d30Uun6iWWu3Do8GOiquLwhwY=
2022.7.18 18:26:01#Forward to DBBL Payment Gateway Page: https://ecom1.dutchbanglabank.com/ecomm2/ClientHandler?card_type=6&trans_id=F2d30Uun6iWWu3Do8GOiquLwhwY%3D
2022.7.18 18:26:29#---------------------- Complete New Transaction---------------------
2022.7.18 18:26:29#Get trans_id From Post Value:F2d30Uun6iWWu3Do8GOiquLwhwY=
2022.7.18 18:26:29#clientIp:103.126.217.230
2022.7.18 18:26:29#trans_id:F2d30Uun6iWWu3Do8GOiquLwhwY=
2022.7.18 18:26:31#result:RESULT>OK^RESULT_CODE>000^3DSECURE>SKIPPED^RRN>219918790626^APPROVAL_CODE>268140^CARD_NUMBER>999999*********3969^AMOUNT>262000^CARDNAME>mb account^DESCRIPTION>6MSC22111376^TRANS_DATE>2022-07-19 12:26:28 AM
2022.7.18 18:26:31#1768418062631
2022.7.18 18:26:31#1768418062631
2022.7.18 18:26:31#1768418062631
2022.7.18 18:26:31#1768418062631
2022.7.18 18:26:31#=================== Transaction Completed =======================
2022.7.18 18:32:11#=================== Start New Transaction ===================
2022.7.18 18:32:11#txnrefnum:MED2007028
2022.7.18 18:32:11#clientIp:103.91.128.157
2022.7.18 18:32:11#card type:6
2022.7.18 18:32:11#totalamount:1092000
2022.7.18 18:32:15#result:TRANSACTION_ID:AxcBscP7Lu9oSHzHAw544Hx7Cyw=
2022.7.18 18:32:15#Forward to DBBL Payment Gateway Page: https://ecom1.dutchbanglabank.com/ecomm2/ClientHandler?card_type=6&trans_id=AxcBscP7Lu9oSHzHAw544Hx7Cyw%3D
2022.7.18 18:41:54#=================== Start New Transaction ===================
2022.7.18 18:41:54#txnrefnum:MSC21111066
2022.7.18 18:41:54#clientIp:103.62.140.119
2022.7.18 18:41:54#card type:6
2022.7.18 18:41:54#totalamount:3185000
2022.7.18 18:42:00#result:TRANSACTION_ID:u4tKGTpZPrgn8QLolUE7AHZY5is=
2022.7.18 18:42:00#Forward to DBBL Payment Gateway Page: https://ecom1.dutchbanglabank.com/ecomm2/ClientHandler?card_type=6&trans_id=u4tKGTpZPrgn8QLolUE7AHZY5is%3D
2022.7.18 18:43:05#---------------------- Complete New Transaction---------------------
2022.7.18 18:43:05#Get trans_id From Post Value:u4tKGTpZPrgn8QLolUE7AHZY5is=
2022.7.18 18:43:05#clientIp:103.62.140.119
2022.7.18 18:43:05#trans_id:u4tKGTpZPrgn8QLolUE7AHZY5is=
2022.7.18 18:43:07#result:RESULT>OK^RESULT_CODE>000^3DSECURE>SKIPPED^RRN>219918790977^APPROVAL_CODE>280800^CARD_NUMBER>999999*********8527^AMOUNT>3185000^CARDNAME>mb account^DESCRIPTION>6MSC21111066^TRANS_DATE>2022-07-19 12:43:04 AM
2022.7.18 18:43:07#570518064307
2022.7.18 18:43:07#570518064307
2022.7.18 18:43:07#570518064307
2022.7.18 18:43:07#570518064307
2022.7.18 18:43:07#570518064307
2022.7.18 18:43:07#570518064307
2022.7.18 18:43:07#570518064307
2022.7.18 18:43:07#570518064307
2022.7.18 18:43:07#570518064307
2022.7.18 18:43:07#570518064307
2022.7.18 18:43:07#570518064307
2022.7.18 18:43:07#570518064307
2022.7.18 18:43:07#570518064307
2022.7.18 18:43:07#570518064307
2022.7.18 18:43:07#570518064307
2022.7.18 18:43:07#570518064307
2022.7.18 18:43:07#570518064307
2022.7.18 18:43:07#570518064307
2022.7.18 18:43:07#570518064307
2022.7.18 18:43:07#570518064307
2022.7.18 18:43:07#570518064307
2022.7.18 18:43:07#570518064307
2022.7.18 18:43:07#570518064307
2022.7.18 18:43:07#570518064307
2022.7.18 18:43:07#570518064307
2022.7.18 18:43:07#570518064307
2022.7.18 18:43:07#570518064307
2022.7.18 18:43:07#570518064307
2022.7.18 18:43:07#570518064307
2022.7.18 18:43:07#570518064307
2022.7.18 18:43:07#=================== Transaction Completed =======================
2022.7.18 18:44:50#=================== Start New Transaction ===================
2022.7.18 18:44:50#txnrefnum:MSC22110524
2022.7.18 18:44:50#clientIp:103.62.140.119
2022.7.18 18:44:50#card type:6
2022.7.18 18:44:50#totalamount:162000
2022.7.18 18:44:54#result:TRANSACTION_ID:WwHD0PLGBQPHUlZmI0p1VNAIAvY=
2022.7.18 18:44:54#Forward to DBBL Payment Gateway Page: https://ecom1.dutchbanglabank.com/ecomm2/ClientHandler?card_type=6&trans_id=WwHD0PLGBQPHUlZmI0p1VNAIAvY%3D
2022.7.18 18:45:37#---------------------- Complete New Transaction---------------------
2022.7.18 18:45:37#Get trans_id From Post Value:WwHD0PLGBQPHUlZmI0p1VNAIAvY=
2022.7.18 18:45:37#clientIp:103.62.140.119
2022.7.18 18:45:37#trans_id:WwHD0PLGBQPHUlZmI0p1VNAIAvY=
2022.7.18 18:45:40#result:RESULT>OK^RESULT_CODE>000^3DSECURE>SKIPPED^RRN>219918791034^APPROVAL_CODE>282516^CARD_NUMBER>999999*********8527^AMOUNT>162000^CARDNAME>mb account^DESCRIPTION>6MSC22110524^TRANS_DATE>2022-07-19 12:45:36 AM
2022.7.18 18:45:40#1245318064540
2022.7.18 18:45:40#1245318064540
2022.7.18 18:45:40#=================== Transaction Completed =======================
2022.7.18 23:29:45#=================== Start New Transaction ===================
2022.7.18 23:29:45#txnrefnum:MSC22111355
2022.7.18 23:29:45#clientIp:103.113.148.98
2022.7.18 23:29:45#card type:6
2022.7.18 23:29:45#totalamount:422000
2022.7.18 23:29:49#result:TRANSACTION_ID:4tUPzSA0sW5GMsss9FPDu4gmemI=
2022.7.18 23:29:49#Forward to DBBL Payment Gateway Page: https://ecom1.dutchbanglabank.com/ecomm2/ClientHandler?card_type=6&trans_id=4tUPzSA0sW5GMsss9FPDu4gmemI%3D
2022.7.18 23:30:40#---------------------- Complete New Transaction---------------------
2022.7.18 23:30:40#Get trans_id From Post Value:4tUPzSA0sW5GMsss9FPDu4gmemI=
2022.7.18 23:30:40#clientIp:103.113.148.98
2022.7.18 23:30:40#trans_id:4tUPzSA0sW5GMsss9FPDu4gmemI=
2022.7.18 23:30:42#result:RESULT>OK^RESULT_CODE>000^3DSECURE>SKIPPED^RRN>219923794140^APPROVAL_CODE>339756^CARD_NUMBER>999999*********2058^AMOUNT>422000^CARDNAME>mb account^DESCRIPTION>6MSC22111355^TRANS_DATE>2022-07-19 05:30:39 AM
2022.7.18 23:30:42#1534318113042
2022.7.18 23:30:42#1534318113042
2022.7.18 23:30:42#1534318113042
2022.7.18 23:30:42#1534318113042
2022.7.18 23:30:42#1534318113042
2022.7.18 23:30:42#1534318113042
2022.7.18 23:30:42#=================== Transaction Completed =======================