
2023.2.21 02:19:02#=================== Start New Transaction ===================
2023.2.21 02:19:02#txnrefnum:MBM2007305
2023.2.21 02:19:02#clientIp:103.111.9.232
2023.2.21 02:19:02#card type:6
2023.2.21 02:19:02#totalamount:102000
2023.2.21 02:19:08#result:TRANSACTION_ID:DAEFDBqOFSaptD7LDRWhxX5fUVU=
2023.2.21 02:19:08#Forward to DBBL Payment Gateway Page: https://ecom1.dutchbanglabank.com/ecomm2/ClientHandler?card_type=6&trans_id=DAEFDBqOFSaptD7LDRWhxX5fUVU%3D
2023.2.21 02:19:45#---------------------- Complete New Transaction---------------------
2023.2.21 02:19:45#Get trans_id From Post Value:DAEFDBqOFSaptD7LDRWhxX5fUVU=
2023.2.21 02:19:45#clientIp:103.111.9.232
2023.2.21 02:19:45#trans_id:DAEFDBqOFSaptD7LDRWhxX5fUVU=
2023.2.21 02:19:47#result:RESULT>OK^RESULT_CODE>000^3DSECURE>SKIPPED^RRN>305202389343^APPROVAL_CODE>823069^CARD_NUMBER>999999*********8722^AMOUNT>102000^CARDNAME>mb account^DESCRIPTION>6MBM2007305^TRANS_DATE>2023-02-21 08:19:44 AM
2023.2.21 02:19:47#38408221021947
2023.2.21 02:19:47#38408221021947
2023.2.21 02:19:47#=================== Transaction Completed =======================
2023.2.21 03:04:48#=================== Start New Transaction ===================
2023.2.21 03:04:48#txnrefnum:MBD2306517
2023.2.21 03:04:48#clientIp:103.146.17.98
2023.2.21 03:04:48#card type:6
2023.2.21 03:04:48#totalamount:102000
2023.2.21 03:04:51#result:TRANSACTION_ID:JCzvcYmSBvcRw57mEqyzaMLjCeo=
2023.2.21 03:04:51#Forward to DBBL Payment Gateway Page: https://ecom1.dutchbanglabank.com/ecomm2/ClientHandler?card_type=6&trans_id=JCzvcYmSBvcRw57mEqyzaMLjCeo%3D
2023.2.21 03:59:11#=================== Start New Transaction ===================
2023.2.21 03:59:11#txnrefnum:MSC22111044
2023.2.21 03:59:11#clientIp:103.166.89.84
2023.2.21 03:59:11#card type:6
2023.2.21 03:59:11#totalamount:192000
2023.2.21 03:59:14#result:TRANSACTION_ID:Q6TUAphtvlycLIgaaLxu1H9XA2E=
2023.2.21 03:59:14#Forward to DBBL Payment Gateway Page: https://ecom1.dutchbanglabank.com/ecomm2/ClientHandler?card_type=6&trans_id=Q6TUAphtvlycLIgaaLxu1H9XA2E%3D
2023.2.21 04:00:46#=================== Start New Transaction ===================
2023.2.21 04:00:46#txnrefnum:MSC22111044
2023.2.21 04:00:46#clientIp:103.166.89.84
2023.2.21 04:00:46#card type:6
2023.2.21 04:00:46#totalamount:192000
2023.2.21 04:00:48#result:TRANSACTION_ID:KUTylfuP95HPoii5seUwa9ndnh4=
2023.2.21 04:00:49#Forward to DBBL Payment Gateway Page: https://ecom1.dutchbanglabank.com/ecomm2/ClientHandler?card_type=6&trans_id=KUTylfuP95HPoii5seUwa9ndnh4%3D
2023.2.21 04:01:28#---------------------- Complete New Transaction---------------------
2023.2.21 04:01:28#Get trans_id From Post Value:KUTylfuP95HPoii5seUwa9ndnh4=
2023.2.21 04:01:28#clientIp:103.166.89.84
2023.2.21 04:01:28#trans_id:KUTylfuP95HPoii5seUwa9ndnh4=
2023.2.21 04:01:30#result:RESULT>OK^RESULT_CODE>000^3DSECURE>SKIPPED^RRN>305204393157^APPROVAL_CODE>050696^CARD_NUMBER>999999*********2423^AMOUNT>192000^CARDNAME>mb account^DESCRIPTION>6MSC22111044^TRANS_DATE>2023-02-21 10:01:27 AM
2023.2.21 04:01:30#33994021040130
2023.2.21 04:01:30#33994021040130
2023.2.21 04:01:30#33994021040130
2023.2.21 04:01:30#33994021040130
2023.2.21 04:01:30#=================== Transaction Completed =======================
2023.2.21 06:21:12#=================== Start New Transaction ===================
2023.2.21 06:21:12#txnrefnum:BBD2004146
2023.2.21 06:21:12#clientIp:114.130.156.75
2023.2.21 06:21:12#card type:6
2023.2.21 06:21:12#totalamount:722000
2023.2.21 06:21:14#result:TRANSACTION_ID:APt4QyKruAjrmJHzjge72RDLT3E=
2023.2.21 06:21:14#Forward to DBBL Payment Gateway Page: https://ecom1.dutchbanglabank.com/ecomm2/ClientHandler?card_type=6&trans_id=APt4QyKruAjrmJHzjge72RDLT3E%3D
2023.2.21 06:21:40#---------------------- Complete New Transaction---------------------
2023.2.21 06:21:40#Get trans_id From Post Value:APt4QyKruAjrmJHzjge72RDLT3E=
2023.2.21 06:21:40#clientIp:114.130.156.75
2023.2.21 06:21:40#trans_id:APt4QyKruAjrmJHzjge72RDLT3E=
2023.2.21 06:21:42#result:RESULT>OK^RESULT_CODE>000^3DSECURE>SKIPPED^RRN>305206402018^APPROVAL_CODE>708398^CARD_NUMBER>999999*********6175^AMOUNT>722000^CARDNAME>mb account^DESCRIPTION>6BBD2004146^TRANS_DATE>2023-02-21 12:21:39 PM
2023.2.21 06:21:42#51535421062142
2023.2.21 06:21:42#51535421062142
2023.2.21 06:21:42#51535421062142
2023.2.21 06:21:42#51535421062142
2023.2.21 06:21:42#=================== Transaction Completed =======================
2023.2.21 06:56:09#=================== Start New Transaction ===================
2023.2.21 06:56:09#txnrefnum:MBD2003118
2023.2.21 06:56:09#clientIp:103.133.201.72
2023.2.21 06:56:09#card type:6
2023.2.21 06:56:09#totalamount:722000
2023.2.21 06:56:45#=================== Start New Transaction ===================
2023.2.21 06:56:45#txnrefnum:MBD2003118
2023.2.21 06:56:45#clientIp:103.133.201.72
2023.2.21 06:56:45#card type:6
2023.2.21 06:56:45#totalamount:722000
2023.2.21 06:58:30#=================== Start New Transaction ===================
2023.2.21 06:58:30#txnrefnum:MBD2003118
2023.2.21 06:58:30#clientIp:103.133.201.72
2023.2.21 06:58:30#card type:6
2023.2.21 06:58:30#totalamount:722000
2023.2.21 06:58:48#=================== Start New Transaction ===================
2023.2.21 06:58:48#txnrefnum:MBD2003118
2023.2.21 06:58:48#clientIp:103.133.201.72
2023.2.21 06:58:48#card type:6
2023.2.21 06:58:48#totalamount:722000
2023.2.21 06:59:25#=================== Start New Transaction ===================
2023.2.21 06:59:25#txnrefnum:MBD2003118
2023.2.21 06:59:25#clientIp:103.133.201.72
2023.2.21 06:59:25#card type:6
2023.2.21 06:59:25#totalamount:722000
2023.2.21 06:59:42#=================== Start New Transaction ===================
2023.2.21 06:59:42#txnrefnum:MBD2003118
2023.2.21 06:59:42#clientIp:103.133.201.72
2023.2.21 06:59:42#card type:6
2023.2.21 06:59:42#totalamount:722000
2023.2.21 07:00:11#=================== Start New Transaction ===================
2023.2.21 07:00:11#txnrefnum:MBD2003118
2023.2.21 07:00:11#clientIp:103.133.201.72
2023.2.21 07:00:11#card type:6
2023.2.21 07:00:11#totalamount:722000
2023.2.21 07:00:15#=================== Start New Transaction ===================
2023.2.21 07:00:15#txnrefnum:MBD2003118
2023.2.21 07:00:15#clientIp:103.133.201.72
2023.2.21 07:00:15#card type:6
2023.2.21 07:00:15#totalamount:722000
2023.2.21 07:01:05#=================== Start New Transaction ===================
2023.2.21 07:01:05#txnrefnum:MBD2003118
2023.2.21 07:01:05#clientIp:103.133.201.72
2023.2.21 07:01:05#card type:6
2023.2.21 07:01:05#totalamount:722000
2023.2.21 07:07:57#=================== Start New Transaction ===================
2023.2.21 07:07:57#txnrefnum:MBD2003118
2023.2.21 07:07:57#clientIp:103.172.216.4
2023.2.21 07:07:57#card type:6
2023.2.21 07:07:57#totalamount:722000
2023.2.21 07:08:14#=================== Start New Transaction ===================
2023.2.21 07:08:14#txnrefnum:MBD2003118
2023.2.21 07:08:14#clientIp:103.172.216.4
2023.2.21 07:08:14#card type:6
2023.2.21 07:08:14#totalamount:722000
2023.2.21 07:08:21#=================== Start New Transaction ===================
2023.2.21 07:08:21#txnrefnum:MBD2003118
2023.2.21 07:08:21#clientIp:103.172.216.4
2023.2.21 07:08:21#card type:6
2023.2.21 07:08:21#totalamount:722000
2023.2.21 07:08:25#=================== Start New Transaction ===================
2023.2.21 07:08:25#txnrefnum:MBD2003118
2023.2.21 07:08:25#clientIp:103.172.216.4
2023.2.21 07:08:25#card type:6
2023.2.21 07:08:25#totalamount:722000
2023.2.21 07:08:32#=================== Start New Transaction ===================
2023.2.21 07:08:32#txnrefnum:MBD2003118
2023.2.21 07:08:32#clientIp:103.172.216.4
2023.2.21 07:08:32#card type:6
2023.2.21 07:08:32#totalamount:722000
2023.2.21 07:08:52#=================== Start New Transaction ===================
2023.2.21 07:08:52#txnrefnum:MBD2003118
2023.2.21 07:08:52#clientIp:103.172.216.4
2023.2.21 07:08:52#card type:6
2023.2.21 07:08:52#totalamount:722000
2023.2.21 07:09:01#=================== Start New Transaction ===================
2023.2.21 07:09:01#txnrefnum:MBD2003118
2023.2.21 07:09:01#clientIp:103.172.216.4
2023.2.21 07:09:01#card type:6
2023.2.21 07:09:01#totalamount:722000
2023.2.21 07:09:07#=================== Start New Transaction ===================
2023.2.21 07:09:07#txnrefnum:MBD2003118
2023.2.21 07:09:07#clientIp:103.172.216.4
2023.2.21 07:09:07#card type:6
2023.2.21 07:09:07#totalamount:722000
2023.2.21 07:09:10#=================== Start New Transaction ===================
2023.2.21 07:09:10#txnrefnum:MBD2003118
2023.2.21 07:09:10#clientIp:103.172.216.4
2023.2.21 07:09:10#card type:6
2023.2.21 07:09:10#totalamount:722000
2023.2.21 07:09:15#=================== Start New Transaction ===================
2023.2.21 07:09:15#txnrefnum:MBD2003118
2023.2.21 07:09:15#clientIp:103.172.216.4
2023.2.21 07:09:15#card type:6
2023.2.21 07:09:15#totalamount:722000
2023.2.21 07:10:15#=================== Start New Transaction ===================
2023.2.21 07:10:15#txnrefnum:MBD2006100
2023.2.21 07:10:15#clientIp:103.172.216.4
2023.2.21 07:10:15#card type:6
2023.2.21 07:10:15#totalamount:2000
2023.2.21 07:10:20#=================== Start New Transaction ===================
2023.2.21 07:10:20#txnrefnum:MBD2006100
2023.2.21 07:10:20#clientIp:103.172.216.4
2023.2.21 07:10:20#card type:6
2023.2.21 07:10:20#totalamount:2000
2023.2.21 07:11:22#=================== Start New Transaction ===================
2023.2.21 07:11:22#txnrefnum:MBG2102071
2023.2.21 07:11:22#clientIp:103.172.216.4
2023.2.21 07:11:22#card type:6
2023.2.21 07:11:22#totalamount:102000
2023.2.21 07:11:27#=================== Start New Transaction ===================
2023.2.21 07:11:27#txnrefnum:MBG2102071
2023.2.21 07:11:27#clientIp:103.172.216.4
2023.2.21 07:11:27#card type:6
2023.2.21 07:11:27#totalamount:102000
2023.2.21 08:13:23#=================== Start New Transaction ===================
2023.2.21 08:13:23#txnrefnum:MBM2209214
2023.2.21 08:13:23#clientIp:202.53.162.0
2023.2.21 08:13:23#card type:6
2023.2.21 08:13:23#totalamount:102000
2023.2.21 08:13:30#result:TRANSACTION_ID:J2Ppog5S4P8siZSkIY3kVlMoD18=
2023.2.21 08:13:30#Forward to DBBL Payment Gateway Page: https://ecom1.dutchbanglabank.com/ecomm2/ClientHandler?card_type=6&trans_id=J2Ppog5S4P8siZSkIY3kVlMoD18%3D
2023.2.21 08:13:53#=================== Start New Transaction ===================
2023.2.21 08:13:53#txnrefnum:MBM2209214
2023.2.21 08:13:53#clientIp:202.53.162.0
2023.2.21 08:13:53#card type:6
2023.2.21 08:13:53#totalamount:102000
2023.2.21 08:13:56#result:TRANSACTION_ID:SFfqqODYjkZUcKFgOVcjPupr0Yc=
2023.2.21 08:13:56#Forward to DBBL Payment Gateway Page: https://ecom1.dutchbanglabank.com/ecomm2/ClientHandler?card_type=6&trans_id=SFfqqODYjkZUcKFgOVcjPupr0Yc%3D
2023.2.21 08:15:17#---------------------- Complete New Transaction---------------------
2023.2.21 08:15:17#Get trans_id From Post Value:SFfqqODYjkZUcKFgOVcjPupr0Yc=
2023.2.21 08:15:17#clientIp:202.53.162.0
2023.2.21 08:15:17#trans_id:SFfqqODYjkZUcKFgOVcjPupr0Yc=
2023.2.21 08:15:19#result:RESULT>OK^RESULT_CODE>000^3DSECURE>SKIPPED^RRN>305208406568^APPROVAL_CODE>976225^CARD_NUMBER>999999*********1035^AMOUNT>102000^CARDNAME>mb account^DESCRIPTION>6MBM2209214^TRANS_DATE>2023-02-21 02:15:16 PM
2023.2.21 08:15:19#38749021081519
2023.2.21 08:15:19#38749021081519
2023.2.21 08:15:19#=================== Transaction Completed =======================
2023.2.21 09:09:03#=================== Start New Transaction ===================
2023.2.21 09:09:03#txnrefnum:BBM2008172
2023.2.21 09:09:03#clientIp:43.224.108.36
2023.2.21 09:09:03#card type:6
2023.2.21 09:09:03#totalamount:252000
2023.2.21 09:09:06#result:TRANSACTION_ID:dRvlcmU4EkMsoW7CCqxVXTiHoYs=
2023.2.21 09:09:06#Forward to DBBL Payment Gateway Page: https://ecom1.dutchbanglabank.com/ecomm2/ClientHandler?card_type=6&trans_id=dRvlcmU4EkMsoW7CCqxVXTiHoYs%3D
2023.2.21 09:11:07#=================== Start New Transaction ===================
2023.2.21 09:11:07#txnrefnum:MBD2308187
2023.2.21 09:11:07#clientIp:103.188.136.254
2023.2.21 09:11:07#card type:6
2023.2.21 09:11:07#totalamount:102000
2023.2.21 09:11:10#result:TRANSACTION_ID:DOQqETOnbuI7cJNQyInT4YNCxSQ=
2023.2.21 09:11:10#Forward to DBBL Payment Gateway Page: https://ecom1.dutchbanglabank.com/ecomm2/ClientHandler?card_type=6&trans_id=DOQqETOnbuI7cJNQyInT4YNCxSQ%3D
2023.2.21 09:12:03#---------------------- Complete New Transaction---------------------
2023.2.21 09:12:03#Get trans_id From Post Value:DOQqETOnbuI7cJNQyInT4YNCxSQ=
2023.2.21 09:12:03#clientIp:103.188.136.254
2023.2.21 09:12:03#trans_id:DOQqETOnbuI7cJNQyInT4YNCxSQ=
2023.2.21 09:12:04#result:RESULT>OK^RESULT_CODE>000^3DSECURE>SKIPPED^RRN>305209409936^APPROVAL_CODE>222051^CARD_NUMBER>999999*********8171^AMOUNT>102000^CARDNAME>mb account^DESCRIPTION>6MBD2308187^TRANS_DATE>2023-02-21 03:12:02 PM
2023.2.21 09:12:05#52964621091204
2023.2.21 09:12:05#52964621091204
2023.2.21 09:12:05#=================== Transaction Completed =======================
2023.2.21 10:47:43#=================== Start New Transaction ===================
2023.2.21 10:47:43#txnrefnum:MBD2003118
2023.2.21 10:47:43#clientIp:103.133.201.72
2023.2.21 10:47:43#card type:6
2023.2.21 10:47:43#totalamount:722000
2023.2.21 10:47:46#result:TRANSACTION_ID:tVMgbzDMmo5zoCeKG8J0K5LMBk0=
2023.2.21 10:47:46#Forward to DBBL Payment Gateway Page: https://ecom1.dutchbanglabank.com/ecomm2/ClientHandler?card_type=6&trans_id=tVMgbzDMmo5zoCeKG8J0K5LMBk0%3D
2023.2.21 12:42:37#=================== Start New Transaction ===================
2023.2.21 12:42:37#txnrefnum:MBD2003118
2023.2.21 12:42:37#clientIp:103.133.201.72
2023.2.21 12:42:37#card type:6
2023.2.21 12:42:37#totalamount:722000
2023.2.21 12:42:40#result:TRANSACTION_ID:v8Xb0bjvmwhgq4Ughl3lHzpUcp8=
2023.2.21 12:42:40#Forward to DBBL Payment Gateway Page: https://ecom1.dutchbanglabank.com/ecomm2/ClientHandler?card_type=6&trans_id=v8Xb0bjvmwhgq4Ughl3lHzpUcp8%3D
2023.2.21 12:46:23#=================== Start New Transaction ===================
2023.2.21 12:46:23#txnrefnum:MSC22110517
2023.2.21 12:46:23#clientIp:103.112.130.74
2023.2.21 12:46:23#card type:6
2023.2.21 12:46:23#totalamount:192000
2023.2.21 12:46:26#result:TRANSACTION_ID:WpsJUPd7cOH91K62y2ws94XVF80=
2023.2.21 12:46:26#Forward to DBBL Payment Gateway Page: https://ecom1.dutchbanglabank.com/ecomm2/ClientHandler?card_type=6&trans_id=WpsJUPd7cOH91K62y2ws94XVF80%3D
2023.2.21 12:47:30#---------------------- Complete New Transaction---------------------
2023.2.21 12:47:30#Get trans_id From Post Value:WpsJUPd7cOH91K62y2ws94XVF80=
2023.2.21 12:47:30#clientIp:103.112.130.74
2023.2.21 12:47:30#trans_id:WpsJUPd7cOH91K62y2ws94XVF80=
2023.2.21 12:47:32#result:RESULT>OK^RESULT_CODE>000^3DSECURE>SKIPPED^RRN>305212422849^APPROVAL_CODE>068449^CARD_NUMBER>999999*********9301^AMOUNT>192000^CARDNAME>mb account^DESCRIPTION>6MSC22110517^TRANS_DATE>2023-02-21 06:47:28 PM
2023.2.21 12:47:32#33577221124732
2023.2.21 12:47:32#33577221124732
2023.2.21 12:47:32#33577221124732
2023.2.21 12:47:32#33577221124732
2023.2.21 12:47:32#=================== Transaction Completed =======================
2023.2.21 13:00:26#---------------------- Complete New Transaction---------------------
2023.2.21 13:00:26#Get trans_id From Post Value:v8Xb0bjvmwhgq4Ughl3lHzpUcp8=
2023.2.21 13:00:26#clientIp:103.133.201.72
2023.2.21 13:00:26#trans_id:v8Xb0bjvmwhgq4Ughl3lHzpUcp8=
2023.2.21 13:00:28#result:RESULT>TIMEOUT^RESULT_CODE>999^3DSECURE>0^RRN>0^APPROVAL_CODE>0^CARD_NUMBER>0^AMOUNT>722000^CARDNAME>0^DESCRIPTION>6MBD2003118^TRANS_DATE>2023-02-21 07:00:25 PM
2023.2.21 13:00:28#Failed
2023.2.21 13:01:36#=================== Start New Transaction ===================
2023.2.21 13:01:36#txnrefnum:MBD2003118
2023.2.21 13:01:36#clientIp:103.133.201.72
2023.2.21 13:01:36#card type:6
2023.2.21 13:01:36#totalamount:722000
2023.2.21 13:01:39#result:TRANSACTION_ID:iN4X1QIP2gCHSfDCgWPE55iwRlg=
2023.2.21 13:01:39#Forward to DBBL Payment Gateway Page: https://ecom1.dutchbanglabank.com/ecomm2/ClientHandler?card_type=6&trans_id=iN4X1QIP2gCHSfDCgWPE55iwRlg%3D
2023.2.21 13:02:27#---------------------- Complete New Transaction---------------------
2023.2.21 13:02:27#Get trans_id From Post Value:iN4X1QIP2gCHSfDCgWPE55iwRlg=
2023.2.21 13:02:27#clientIp:103.133.201.72
2023.2.21 13:02:27#trans_id:iN4X1QIP2gCHSfDCgWPE55iwRlg=
2023.2.21 13:02:28#result:RESULT>OK^RESULT_CODE>000^3DSECURE>SKIPPED^RRN>305213424032^APPROVAL_CODE>172570^CARD_NUMBER>999999*********0725^AMOUNT>722000^CARDNAME>mb account^DESCRIPTION>6MBD2003118^TRANS_DATE>2023-02-21 07:02:26 PM
2023.2.21 13:02:28#36734721010228
2023.2.21 13:02:28#36734721010228
2023.2.21 13:02:28#36734721010228
2023.2.21 13:02:29#36734721010228
2023.2.21 13:02:29#=================== Transaction Completed =======================
2023.2.21 13:03:26#=================== Start New Transaction ===================
2023.2.21 13:03:26#txnrefnum:BBD2007213
2023.2.21 13:03:26#clientIp:103.138.120.255
2023.2.21 13:03:26#card type:6
2023.2.21 13:03:26#totalamount:1022000
2023.2.21 13:03:29#result:TRANSACTION_ID:VfbSzaFPzwRPvKCXVPY1SdL5WMI=
2023.2.21 13:03:29#Forward to DBBL Payment Gateway Page: https://ecom1.dutchbanglabank.com/ecomm2/ClientHandler?card_type=6&trans_id=VfbSzaFPzwRPvKCXVPY1SdL5WMI%3D
2023.2.21 13:04:20#---------------------- Complete New Transaction---------------------
2023.2.21 13:04:20#Get trans_id From Post Value:VfbSzaFPzwRPvKCXVPY1SdL5WMI=
2023.2.21 13:04:20#clientIp:103.138.120.255
2023.2.21 13:04:20#trans_id:VfbSzaFPzwRPvKCXVPY1SdL5WMI=
2023.2.21 13:04:22#result:RESULT>OK^RESULT_CODE>000^3DSECURE>SKIPPED^RRN>305213424182^APPROVAL_CODE>177832^CARD_NUMBER>999999*********8889^AMOUNT>1022000^CARDNAME>mb account^DESCRIPTION>6BBD2007213^TRANS_DATE>2023-02-21 07:04:19 PM
2023.2.21 13:04:22#37163421010422
2023.2.21 13:04:22#37163421010422
2023.2.21 13:04:22#37163421010422
2023.2.21 13:04:22#37163421010422
2023.2.21 13:04:22#37163421010422
2023.2.21 13:04:22#37163421010422
2023.2.21 13:04:22#37163421010422
2023.2.21 13:04:22#37163421010422
2023.2.21 13:04:22#37163421010422
2023.2.21 13:04:22#37163421010422
2023.2.21 13:04:22#=================== Transaction Completed =======================
2023.2.21 13:07:18#=================== Start New Transaction ===================
2023.2.21 13:07:18#txnrefnum:MBM2301338
2023.2.21 13:07:18#clientIp:103.229.83.178
2023.2.21 13:07:18#card type:6
2023.2.21 13:07:18#totalamount:102000
2023.2.21 13:07:21#result:TRANSACTION_ID:1AMWC7wmUzr4cPn4loepi0pVWaM=
2023.2.21 13:07:21#Forward to DBBL Payment Gateway Page: https://ecom1.dutchbanglabank.com/ecomm2/ClientHandler?card_type=6&trans_id=1AMWC7wmUzr4cPn4loepi0pVWaM%3D
2023.2.21 13:07:39#=================== Start New Transaction ===================
2023.2.21 13:07:39#txnrefnum:MBM2301338
2023.2.21 13:07:39#clientIp:103.229.83.178
2023.2.21 13:07:39#card type:6
2023.2.21 13:07:39#totalamount:2000
2023.2.21 13:07:42#result:TRANSACTION_ID:L6dkQpUDFhEqhHdxjwESPETSHPs=
2023.2.21 13:07:42#Forward to DBBL Payment Gateway Page: https://ecom1.dutchbanglabank.com/ecomm2/ClientHandler?card_type=6&trans_id=L6dkQpUDFhEqhHdxjwESPETSHPs%3D
2023.2.21 13:08:48#---------------------- Complete New Transaction---------------------
2023.2.21 13:08:48#Get trans_id From Post Value:L6dkQpUDFhEqhHdxjwESPETSHPs=
2023.2.21 13:08:48#clientIp:103.229.83.178
2023.2.21 13:08:48#trans_id:L6dkQpUDFhEqhHdxjwESPETSHPs=
2023.2.21 13:08:50#result:RESULT>FAILED^RESULT_CODE>103^3DSECURE>SKIPPED^RRN>305213424517^APPROVAL_CODE>0^CARD_NUMBER>999999*********6448^AMOUNT>2000^CARDNAME>mb account^DESCRIPTION>6MBM2301338^TRANS_DATE>2023-02-21 07:08:47 PM
2023.2.21 13:08:50#Failed
2023.2.21 13:28:43#=================== Start New Transaction ===================
2023.2.21 13:28:43#txnrefnum:MBM2206241
2023.2.21 13:28:43#clientIp:103.58.75.12
2023.2.21 13:28:43#card type:6
2023.2.21 13:28:43#totalamount:102000
2023.2.21 13:28:46#result:TRANSACTION_ID:O8GZ67vz9TNsAyglMecbcqaPE3Y=
2023.2.21 13:28:46#Forward to DBBL Payment Gateway Page: https://ecom1.dutchbanglabank.com/ecomm2/ClientHandler?card_type=6&trans_id=O8GZ67vz9TNsAyglMecbcqaPE3Y%3D
2023.2.21 13:29:23#---------------------- Complete New Transaction---------------------
2023.2.21 13:29:23#Get trans_id From Post Value:O8GZ67vz9TNsAyglMecbcqaPE3Y=
2023.2.21 13:29:23#clientIp:103.58.75.12
2023.2.21 13:29:23#trans_id:O8GZ67vz9TNsAyglMecbcqaPE3Y=
2023.2.21 13:29:25#result:RESULT>OK^RESULT_CODE>000^3DSECURE>SKIPPED^RRN>305213426014^APPROVAL_CODE>269224^CARD_NUMBER>999999*********1830^AMOUNT>102000^CARDNAME>mb account^DESCRIPTION>6MBM2206241^TRANS_DATE>2023-02-21 07:29:22 PM
2023.2.21 13:29:25#43791421012925
2023.2.21 13:29:25#43791421012925
2023.2.21 13:29:25#=================== Transaction Completed =======================
2023.2.21 13:57:45#=================== Start New Transaction ===================
2023.2.21 13:57:45#txnrefnum:MBM2006262
2023.2.21 13:57:45#clientIp:103.183.69.55
2023.2.21 13:57:45#card type:6
2023.2.21 13:57:45#totalamount:722000
2023.2.21 13:57:48#result:TRANSACTION_ID:ExO2FJ1pskx6YVqfBlKNG6H8Xqc=
2023.2.21 13:57:48#Forward to DBBL Payment Gateway Page: https://ecom1.dutchbanglabank.com/ecomm2/ClientHandler?card_type=6&trans_id=ExO2FJ1pskx6YVqfBlKNG6H8Xqc%3D
2023.2.21 14:02:14#---------------------- Complete New Transaction---------------------
2023.2.21 14:02:14#Get trans_id From Post Value:ExO2FJ1pskx6YVqfBlKNG6H8Xqc=
2023.2.21 14:02:14#clientIp:103.183.69.55
2023.2.21 14:02:14#trans_id:ExO2FJ1pskx6YVqfBlKNG6H8Xqc=
2023.2.21 14:02:15#result:RESULT>OK^RESULT_CODE>000^3DSECURE>SKIPPED^RRN>305214428457^APPROVAL_CODE>468956^CARD_NUMBER>999999*********2702^AMOUNT>722000^CARDNAME>mb account^DESCRIPTION>6MBM2006262^TRANS_DATE>2023-02-21 08:02:12 PM
2023.2.21 14:02:15#37102621020215
2023.2.21 14:02:15#37102621020215
2023.2.21 14:02:15#37102621020215
2023.2.21 14:02:16#37102621020215
2023.2.21 14:02:16#=================== Transaction Completed =======================
2023.2.21 14:03:23#=================== Start New Transaction ===================
2023.2.21 14:03:23#txnrefnum:MBG2102071
2023.2.21 14:03:23#clientIp:103.172.216.1
2023.2.21 14:03:23#card type:6
2023.2.21 14:03:23#totalamount:102000
2023.2.21 14:03:26#result:TRANSACTION_ID:6xnvYQZGjVT4g5SFJUeiIeZeRdo=
2023.2.21 14:03:26#Forward to DBBL Payment Gateway Page: https://ecom1.dutchbanglabank.com/ecomm2/ClientHandler?card_type=6&trans_id=6xnvYQZGjVT4g5SFJUeiIeZeRdo%3D
2023.2.21 15:11:43#=================== Start New Transaction ===================
2023.2.21 15:11:43#txnrefnum:MSC23111134
2023.2.21 15:11:43#clientIp:103.177.122.242
2023.2.21 15:11:43#card type:6
2023.2.21 15:11:43#totalamount:362000
2023.2.21 15:11:46#result:TRANSACTION_ID:PtrQxhmXBRG0T5595LiGjtO12Fs=
2023.2.21 15:11:46#Forward to DBBL Payment Gateway Page: https://ecom1.dutchbanglabank.com/ecomm2/ClientHandler?card_type=6&trans_id=PtrQxhmXBRG0T5595LiGjtO12Fs%3D
2023.2.21 15:22:39#=================== Start New Transaction ===================
2023.2.21 15:22:39#txnrefnum:BBM2005102
2023.2.21 15:22:39#clientIp:89.187.162.178
2023.2.21 15:22:39#card type:6
2023.2.21 15:22:39#totalamount:222000
2023.2.21 15:22:42#result:TRANSACTION_ID:4RejVrD1qeX67PAeOSBWtOZ3Gtw=
2023.2.21 15:22:42#Forward to DBBL Payment Gateway Page: https://ecom1.dutchbanglabank.com/ecomm2/ClientHandler?card_type=6&trans_id=4RejVrD1qeX67PAeOSBWtOZ3Gtw%3D
2023.2.21 15:26:07#---------------------- Complete New Transaction---------------------
2023.2.21 15:26:07#Get trans_id From Post Value:4RejVrD1qeX67PAeOSBWtOZ3Gtw=
2023.2.21 15:26:07#clientIp:89.187.162.178
2023.2.21 15:26:07#trans_id:4RejVrD1qeX67PAeOSBWtOZ3Gtw=
2023.2.21 15:26:08#result:RESULT>OK^RESULT_CODE>000^3DSECURE>SKIPPED^RRN>305215433962^APPROVAL_CODE>869846^CARD_NUMBER>999999*********1026^AMOUNT>222000^CARDNAME>mb account^DESCRIPTION>6BBM2005102^TRANS_DATE>2023-02-21 09:26:05 PM
2023.2.21 15:26:08#36867721032608
2023.2.21 15:26:09#36867721032608
2023.2.21 15:26:09#=================== Transaction Completed =======================
2023.2.21 15:27:55#=================== Start New Transaction ===================
2023.2.21 15:27:55#txnrefnum:BBD2007071
2023.2.21 15:27:55#clientIp:89.187.162.178
2023.2.21 15:27:55#card type:6
2023.2.21 15:27:55#totalamount:222000
2023.2.21 15:27:58#result:TRANSACTION_ID:5e8yPTsNO7o7kK873ZmeimsGjlw=
2023.2.21 15:27:58#Forward to DBBL Payment Gateway Page: https://ecom1.dutchbanglabank.com/ecomm2/ClientHandler?card_type=6&trans_id=5e8yPTsNO7o7kK873ZmeimsGjlw%3D
2023.2.21 15:28:01#=================== Start New Transaction ===================
2023.2.21 15:28:01#txnrefnum:BBD2007071
2023.2.21 15:28:01#clientIp:89.187.162.178
2023.2.21 15:28:01#card type:6
2023.2.21 15:28:01#totalamount:222000
2023.2.21 15:28:04#result:TRANSACTION_ID:C5awP6gkifqboaxoSkAe4T90xME=
2023.2.21 15:28:04#Forward to DBBL Payment Gateway Page: https://ecom1.dutchbanglabank.com/ecomm2/ClientHandler?card_type=6&trans_id=C5awP6gkifqboaxoSkAe4T90xME%3D
2023.2.21 15:29:19#---------------------- Complete New Transaction---------------------
2023.2.21 15:29:19#Get trans_id From Post Value:C5awP6gkifqboaxoSkAe4T90xME=
2023.2.21 15:29:19#clientIp:89.187.162.178
2023.2.21 15:29:19#trans_id:C5awP6gkifqboaxoSkAe4T90xME=
2023.2.21 15:29:21#result:RESULT>OK^RESULT_CODE>000^3DSECURE>SKIPPED^RRN>305215434157^APPROVAL_CODE>688894^CARD_NUMBER>999999*********1026^AMOUNT>222000^CARDNAME>mb account^DESCRIPTION>6BBD2007071^TRANS_DATE>2023-02-21 09:29:18 PM
2023.2.21 15:29:21#37168321032921
2023.2.21 15:29:21#37168321032921
2023.2.21 15:29:21#=================== Transaction Completed =======================
2023.2.21 15:40:35#=================== Start New Transaction ===================
2023.2.21 15:40:35#txnrefnum:BBD2302064
2023.2.21 15:40:35#clientIp:37.111.212.119
2023.2.21 15:40:35#card type:6
2023.2.21 15:40:35#totalamount:2000
2023.2.21 15:40:38#result:TRANSACTION_ID:pPZ2iwzrkoHDSBX8PEFg4lABRPk=
2023.2.21 15:40:38#Forward to DBBL Payment Gateway Page: https://ecom1.dutchbanglabank.com/ecomm2/ClientHandler?card_type=6&trans_id=pPZ2iwzrkoHDSBX8PEFg4lABRPk%3D
2023.2.21 15:45:25#=================== Start New Transaction ===================
2023.2.21 15:45:25#txnrefnum:BBD2302064
2023.2.21 15:45:25#clientIp:37.111.212.119
2023.2.21 15:45:25#card type:6
2023.2.21 15:45:25#totalamount:2000
2023.2.21 15:45:28#result:TRANSACTION_ID:goRE72j0GTnjBGe4SqD8ioQBHqs=
2023.2.21 15:45:28#Forward to DBBL Payment Gateway Page: https://ecom1.dutchbanglabank.com/ecomm2/ClientHandler?card_type=6&trans_id=goRE72j0GTnjBGe4SqD8ioQBHqs%3D
2023.2.21 16:43:50#=================== Start New Transaction ===================
2023.2.21 16:43:50#txnrefnum:BBD2008164
2023.2.21 16:43:50#clientIp:103.204.208.167
2023.2.21 16:43:50#card type:6
2023.2.21 16:43:50#totalamount:252000
2023.2.21 16:43:53#result:TRANSACTION_ID:k6d6wE0j74CyMNvSwq7CgE3D7B0=
2023.2.21 16:43:53#Forward to DBBL Payment Gateway Page: https://ecom1.dutchbanglabank.com/ecomm2/ClientHandler?card_type=6&trans_id=k6d6wE0j74CyMNvSwq7CgE3D7B0%3D
2023.2.21 16:45:32#---------------------- Complete New Transaction---------------------
2023.2.21 16:45:32#Get trans_id From Post Value:k6d6wE0j74CyMNvSwq7CgE3D7B0=
2023.2.21 16:45:32#clientIp:103.204.208.167
2023.2.21 16:45:32#trans_id:k6d6wE0j74CyMNvSwq7CgE3D7B0=
2023.2.21 16:45:33#result:RESULT>OK^RESULT_CODE>000^3DSECURE>SKIPPED^RRN>305216438220^APPROVAL_CODE>084105^CARD_NUMBER>999999*********3668^AMOUNT>252000^CARDNAME>mb account^DESCRIPTION>6BBD2008164^TRANS_DATE>2023-02-21 10:45:30 PM
2023.2.21 16:45:33#51653721044533
2023.2.21 16:45:34#51653721044533
2023.2.21 16:45:34#=================== Transaction Completed =======================
2023.2.21 17:29:51#---------------------- Complete New Transaction---------------------
2023.2.21 17:29:51#Get trans_id From Post Value:MdxkNe5wZLy2M5WsTIXVySWDhtM=
2023.2.21 17:29:51#clientIp:103.91.129.222
2023.2.21 17:29:51#trans_id:MdxkNe5wZLy2M5WsTIXVySWDhtM=
2023.2.21 17:29:52#result:RESULT>TIMEOUT^RESULT_CODE>999^3DSECURE>0^RRN>0^APPROVAL_CODE>0^CARD_NUMBER>0^AMOUNT>1382000^CARDNAME>0^DESCRIPTION>6MBM2004246^TRANS_DATE>2023-02-21 11:29:46 PM
2023.2.21 17:29:52#Failed