
2022.8.6 01:51:09#=================== Start New Transaction ===================
2022.8.6 01:51:09#txnrefnum:BBD2201037
2022.8.6 01:51:09#clientIp:103.25.123.254
2022.8.6 01:51:09#card type:6
2022.8.6 01:51:09#totalamount:82000
2022.8.6 01:51:14#result:TRANSACTION_ID:2fkgz5dtcpJBM44w6nZrauUiigg=
2022.8.6 01:51:14#Forward to DBBL Payment Gateway Page: https://ecom1.dutchbanglabank.com/ecomm2/ClientHandler?card_type=6&trans_id=2fkgz5dtcpJBM44w6nZrauUiigg%3D
2022.8.6 01:52:37#---------------------- Complete New Transaction---------------------
2022.8.6 01:52:37#Get trans_id From Post Value:2fkgz5dtcpJBM44w6nZrauUiigg=
2022.8.6 01:52:37#clientIp:103.25.123.254
2022.8.6 01:52:37#trans_id:2fkgz5dtcpJBM44w6nZrauUiigg=
2022.8.6 01:52:39#result:RESULT>OK^RESULT_CODE>000^3DSECURE>SKIPPED^RRN>221801087607^APPROVAL_CODE>768358^CARD_NUMBER>999999*********7879^AMOUNT>82000^CARDNAME>mb account^DESCRIPTION>6BBD2201037^TRANS_DATE>2022-08-06 07:52:36 AM
2022.8.6 01:52:39#22297706015239
2022.8.6 01:52:39#22297706015239
2022.8.6 01:52:39#=================== Transaction Completed =======================
2022.8.6 03:35:56#=================== Start New Transaction ===================
2022.8.6 03:35:56#txnrefnum:MSC22110555
2022.8.6 03:35:56#clientIp:103.166.89.111
2022.8.6 03:35:56#card type:6
2022.8.6 03:35:56#totalamount:162000
2022.8.6 03:36:00#result:TRANSACTION_ID:LzKxpIbFZ3NzzuPZJM1Dv9PzyOU=
2022.8.6 03:36:00#Forward to DBBL Payment Gateway Page: https://ecom1.dutchbanglabank.com/ecomm2/ClientHandler?card_type=6&trans_id=LzKxpIbFZ3NzzuPZJM1Dv9PzyOU%3D
2022.8.6 03:36:58#---------------------- Complete New Transaction---------------------
2022.8.6 03:36:58#Get trans_id From Post Value:LzKxpIbFZ3NzzuPZJM1Dv9PzyOU=
2022.8.6 03:36:58#clientIp:103.166.89.111
2022.8.6 03:36:58#trans_id:LzKxpIbFZ3NzzuPZJM1Dv9PzyOU=
2022.8.6 03:37:00#result:RESULT>OK^RESULT_CODE>000^3DSECURE>SKIPPED^RRN>221803090407^APPROVAL_CODE>934015^CARD_NUMBER>999999*********3481^AMOUNT>162000^CARDNAME>mb account^DESCRIPTION>6MSC22110555^TRANS_DATE>2022-08-06 09:36:58 AM
2022.8.6 03:37:00#1239206033700
2022.8.6 03:37:00#1239206033700
2022.8.6 03:37:00#=================== Transaction Completed =======================
2022.8.6 04:48:05#=================== Start New Transaction ===================
2022.8.6 04:48:05#txnrefnum:BBD2003079
2022.8.6 04:48:05#clientIp:123.253.65.224
2022.8.6 04:48:05#card type:6
2022.8.6 04:48:05#totalamount:162000
2022.8.6 04:48:08#result:TRANSACTION_ID:6mpwvQfIfHh4D5tUJ5i0NOhnSes=
2022.8.6 04:48:08#Forward to DBBL Payment Gateway Page: https://ecom1.dutchbanglabank.com/ecomm2/ClientHandler?card_type=6&trans_id=6mpwvQfIfHh4D5tUJ5i0NOhnSes%3D
2022.8.6 04:50:34#---------------------- Complete New Transaction---------------------
2022.8.6 04:50:34#Get trans_id From Post Value:6mpwvQfIfHh4D5tUJ5i0NOhnSes=
2022.8.6 04:50:34#clientIp:123.253.65.224
2022.8.6 04:50:34#trans_id:6mpwvQfIfHh4D5tUJ5i0NOhnSes=
2022.8.6 04:50:36#result:RESULT>OK^RESULT_CODE>000^3DSECURE>SKIPPED^RRN>221804094761^APPROVAL_CODE>145128^CARD_NUMBER>999999*********8883^AMOUNT>162000^CARDNAME>mb account^DESCRIPTION>6BBD2003079^TRANS_DATE>2022-08-06 10:50:33 AM
2022.8.6 04:50:37#23655306045036
2022.8.6 04:50:37#23655306045036
2022.8.6 04:50:37#23655306045036
2022.8.6 04:50:37#23655306045036
2022.8.6 04:50:37#=================== Transaction Completed =======================
2022.8.6 05:00:16#=================== Start New Transaction ===================
2022.8.6 05:00:16#txnrefnum:BBD2005038
2022.8.6 05:00:16#clientIp:114.130.156.8
2022.8.6 05:00:16#card type:6
2022.8.6 05:00:16#totalamount:322000
2022.8.6 05:00:20#result:TRANSACTION_ID:lzQUxqFXVhBT8P36DSiR88JkUhc=
2022.8.6 05:00:20#Forward to DBBL Payment Gateway Page: https://ecom1.dutchbanglabank.com/ecomm2/ClientHandler?card_type=6&trans_id=lzQUxqFXVhBT8P36DSiR88JkUhc%3D
2022.8.6 05:00:51#---------------------- Complete New Transaction---------------------
2022.8.6 05:00:51#Get trans_id From Post Value:lzQUxqFXVhBT8P36DSiR88JkUhc=
2022.8.6 05:00:51#clientIp:114.130.156.8
2022.8.6 05:00:51#trans_id:lzQUxqFXVhBT8P36DSiR88JkUhc=
2022.8.6 05:00:53#result:RESULT>OK^RESULT_CODE>000^3DSECURE>SKIPPED^RRN>221805095651^APPROVAL_CODE>196808^CARD_NUMBER>999999*********6175^AMOUNT>322000^CARDNAME>mb account^DESCRIPTION>6BBD2005038^TRANS_DATE>2022-08-06 11:00:50 AM
2022.8.6 05:00:53#24657306050053
2022.8.6 05:00:53#24657306050053
2022.8.6 05:00:53#24657306050053
2022.8.6 05:00:53#24657306050053
2022.8.6 05:00:53#24657306050053
2022.8.6 05:00:53#24657306050053
2022.8.6 05:00:53#24657306050053
2022.8.6 05:00:53#24657306050053
2022.8.6 05:00:53#=================== Transaction Completed =======================
2022.8.6 05:43:35#=================== Start New Transaction ===================
2022.8.6 05:43:35#txnrefnum:MSC22111197
2022.8.6 05:43:35#clientIp:182.48.69.220
2022.8.6 05:43:35#card type:6
2022.8.6 05:43:35#totalamount:322000
2022.8.6 05:43:38#=================== Start New Transaction ===================
2022.8.6 05:43:38#txnrefnum:MSC22111197
2022.8.6 05:43:38#clientIp:182.48.69.220
2022.8.6 05:43:38#card type:6
2022.8.6 05:43:38#totalamount:322000
2022.8.6 05:43:38#result:TRANSACTION_ID:rodY5i1hqzt5xyd33ztjEs28wjM=
2022.8.6 05:43:38#Forward to DBBL Payment Gateway Page: https://ecom1.dutchbanglabank.com/ecomm2/ClientHandler?card_type=6&trans_id=rodY5i1hqzt5xyd33ztjEs28wjM%3D
2022.8.6 05:43:41#=================== Start New Transaction ===================
2022.8.6 05:43:41#txnrefnum:MSC22111197
2022.8.6 05:43:41#clientIp:182.48.69.220
2022.8.6 05:43:41#card type:6
2022.8.6 05:43:41#totalamount:322000
2022.8.6 05:43:41#result:TRANSACTION_ID:yt6aIRzh4j2dd3X1A7bbnSvsf8s=
2022.8.6 05:43:41#Forward to DBBL Payment Gateway Page: https://ecom1.dutchbanglabank.com/ecomm2/ClientHandler?card_type=6&trans_id=yt6aIRzh4j2dd3X1A7bbnSvsf8s%3D
2022.8.6 05:43:45#result:TRANSACTION_ID:aZo9ZOmXBCPqjlKOqAqcPVC4OWw=
2022.8.6 05:43:45#Forward to DBBL Payment Gateway Page: https://ecom1.dutchbanglabank.com/ecomm2/ClientHandler?card_type=6&trans_id=aZo9ZOmXBCPqjlKOqAqcPVC4OWw%3D
2022.8.6 05:44:53#=================== Start New Transaction ===================
2022.8.6 05:44:53#txnrefnum:MSC22111197
2022.8.6 05:44:53#clientIp:182.48.69.220
2022.8.6 05:44:53#card type:6
2022.8.6 05:44:53#totalamount:322000
2022.8.6 05:44:57#result:TRANSACTION_ID:C6UDdwzi5wStTnbRSfzAUSG9Sf0=
2022.8.6 05:44:57#Forward to DBBL Payment Gateway Page: https://ecom1.dutchbanglabank.com/ecomm2/ClientHandler?card_type=6&trans_id=C6UDdwzi5wStTnbRSfzAUSG9Sf0%3D
2022.8.6 06:01:41#=================== Start New Transaction ===================
2022.8.6 06:01:41#txnrefnum:MBG2101139
2022.8.6 06:01:41#clientIp:43.224.109.206
2022.8.6 06:01:41#card type:6
2022.8.6 06:01:41#totalamount:2000
2022.8.6 06:01:42#=================== Start New Transaction ===================
2022.8.6 06:01:42#txnrefnum:MBG2101139
2022.8.6 06:01:42#clientIp:43.224.109.206
2022.8.6 06:01:42#card type:6
2022.8.6 06:01:42#totalamount:2000
2022.8.6 06:01:45#result:TRANSACTION_ID:YxYOMjEdfPNTkiPp0SQq54de2n0=
2022.8.6 06:01:45#Forward to DBBL Payment Gateway Page: https://ecom1.dutchbanglabank.com/ecomm2/ClientHandler?card_type=6&trans_id=YxYOMjEdfPNTkiPp0SQq54de2n0%3D
2022.8.6 06:01:46#result:TRANSACTION_ID:IqfNeQRh7gxK1XbaFsfg7SDuWfw=
2022.8.6 06:01:46#Forward to DBBL Payment Gateway Page: https://ecom1.dutchbanglabank.com/ecomm2/ClientHandler?card_type=6&trans_id=IqfNeQRh7gxK1XbaFsfg7SDuWfw%3D
2022.8.6 06:02:55#=================== Start New Transaction ===================
2022.8.6 06:02:55#txnrefnum:MBG2101139
2022.8.6 06:02:55#clientIp:43.224.109.206
2022.8.6 06:02:55#card type:6
2022.8.6 06:02:55#totalamount:242000
2022.8.6 06:02:58#result:TRANSACTION_ID:CD10mUhQEY7dqXnyMon5xz7LP18=
2022.8.6 06:02:59#Forward to DBBL Payment Gateway Page: https://ecom1.dutchbanglabank.com/ecomm2/ClientHandler?card_type=6&trans_id=CD10mUhQEY7dqXnyMon5xz7LP18%3D
2022.8.6 06:05:22#=================== Start New Transaction ===================
2022.8.6 06:05:22#txnrefnum:MBG2101139
2022.8.6 06:05:22#clientIp:43.224.109.206
2022.8.6 06:05:22#card type:6
2022.8.6 06:05:22#totalamount:242000
2022.8.6 06:05:25#result:TRANSACTION_ID:Ol3yrScVu2Gc6n6dWAk8KhEgXSo=
2022.8.6 06:05:25#Forward to DBBL Payment Gateway Page: https://ecom1.dutchbanglabank.com/ecomm2/ClientHandler?card_type=6&trans_id=Ol3yrScVu2Gc6n6dWAk8KhEgXSo%3D
2022.8.6 06:06:23#---------------------- Complete New Transaction---------------------
2022.8.6 06:06:23#Get trans_id From Post Value:Ol3yrScVu2Gc6n6dWAk8KhEgXSo=
2022.8.6 06:06:23#clientIp:43.224.109.206
2022.8.6 06:06:23#trans_id:Ol3yrScVu2Gc6n6dWAk8KhEgXSo=
2022.8.6 06:06:25#result:RESULT>OK^RESULT_CODE>000^3DSECURE>SKIPPED^RRN>221806101317^APPROVAL_CODE>315197^CARD_NUMBER>999999*********8860^AMOUNT>242000^CARDNAME>mb account^DESCRIPTION>6MBG2101139^TRANS_DATE>2022-08-06 12:06:22 PM
2022.8.6 06:06:25#8315006060625
2022.8.6 06:06:25#8315006060625
2022.8.6 06:06:25#8315006060625
2022.8.6 06:06:25#8315006060625
2022.8.6 06:06:25#8315006060625
2022.8.6 06:06:25#8315006060625
2022.8.6 06:06:25#=================== Transaction Completed =======================
2022.8.6 06:34:09#=================== Start New Transaction ===================
2022.8.6 06:34:09#txnrefnum:MEM2201541
2022.8.6 06:34:09#clientIp:103.67.159.31
2022.8.6 06:34:09#card type:6
2022.8.6 06:34:09#totalamount:222000
2022.8.6 06:34:13#result:TRANSACTION_ID:Oq5WaFQzWvOParssrEyQBRBADM4=
2022.8.6 06:34:13#Forward to DBBL Payment Gateway Page: https://ecom1.dutchbanglabank.com/ecomm2/ClientHandler?card_type=6&trans_id=Oq5WaFQzWvOParssrEyQBRBADM4%3D
2022.8.6 06:35:25#---------------------- Complete New Transaction---------------------
2022.8.6 06:35:25#Get trans_id From Post Value:Oq5WaFQzWvOParssrEyQBRBADM4=
2022.8.6 06:35:25#clientIp:103.67.159.31
2022.8.6 06:35:25#trans_id:Oq5WaFQzWvOParssrEyQBRBADM4=
2022.8.6 06:35:28#result:RESULT>OK^RESULT_CODE>000^3DSECURE>SKIPPED^RRN>221806103909^APPROVAL_CODE>560819^CARD_NUMBER>999999*********7388^AMOUNT>222000^CARDNAME>mb account^DESCRIPTION>6MEM2201541^TRANS_DATE>2022-08-06 12:35:24 PM
2022.8.6 06:35:28#6262006063528
2022.8.6 06:35:28#6262006063528
2022.8.6 06:35:28#6262006063528
2022.8.6 06:35:28#6262006063528
2022.8.6 06:35:28#=================== Transaction Completed =======================
2022.8.6 06:42:54#=================== Start New Transaction ===================
2022.8.6 06:42:54#txnrefnum:MBB2102021
2022.8.6 06:42:54#clientIp:103.29.127.99
2022.8.6 06:42:54#card type:6
2022.8.6 06:42:54#totalamount:82000
2022.8.6 06:42:58#result:TRANSACTION_ID:vVOB3M5pVOD2RYxDkTOgPB0wxdg=
2022.8.6 06:42:58#Forward to DBBL Payment Gateway Page: https://ecom1.dutchbanglabank.com/ecomm2/ClientHandler?card_type=6&trans_id=vVOB3M5pVOD2RYxDkTOgPB0wxdg%3D
2022.8.6 06:55:30#=================== Start New Transaction ===================
2022.8.6 06:55:30#txnrefnum:MBM2006300
2022.8.6 06:55:30#clientIp:43.224.109.207
2022.8.6 06:55:30#card type:6
2022.8.6 06:55:30#totalamount:162000
2022.8.6 06:55:34#result:TRANSACTION_ID:QdTHmizju5noSaktaGUwlNYsASY=
2022.8.6 06:55:34#Forward to DBBL Payment Gateway Page: https://ecom1.dutchbanglabank.com/ecomm2/ClientHandler?card_type=6&trans_id=QdTHmizju5noSaktaGUwlNYsASY%3D
2022.8.6 06:56:35#---------------------- Complete New Transaction---------------------
2022.8.6 06:56:35#Get trans_id From Post Value:QdTHmizju5noSaktaGUwlNYsASY=
2022.8.6 06:56:35#clientIp:43.224.109.207
2022.8.6 06:56:35#trans_id:QdTHmizju5noSaktaGUwlNYsASY=
2022.8.6 06:56:37#result:RESULT>OK^RESULT_CODE>000^3DSECURE>SKIPPED^RRN>221806105734^APPROVAL_CODE>704498^CARD_NUMBER>999999*********2767^AMOUNT>162000^CARDNAME>mb account^DESCRIPTION>6MBM2006300^TRANS_DATE>2022-08-06 12:56:33 PM
2022.8.6 06:56:37#17691406065637
2022.8.6 06:56:37#17691406065637
2022.8.6 06:56:37#17691406065637
2022.8.6 06:56:37#17691406065637
2022.8.6 06:56:37#=================== Transaction Completed =======================
2022.8.6 07:08:41#=================== Start New Transaction ===================
2022.8.6 07:08:41#txnrefnum:MSC22111197
2022.8.6 07:08:41#clientIp:182.48.69.220
2022.8.6 07:08:41#card type:6
2022.8.6 07:08:41#totalamount:2000
2022.8.6 07:08:45#result:TRANSACTION_ID:EhhbM51CcIPYoZrYvqaort0q888=
2022.8.6 07:08:45#Forward to DBBL Payment Gateway Page: https://ecom1.dutchbanglabank.com/ecomm2/ClientHandler?card_type=6&trans_id=EhhbM51CcIPYoZrYvqaort0q888%3D
2022.8.6 07:10:04#=================== Start New Transaction ===================
2022.8.6 07:10:04#txnrefnum:MSC22111197
2022.8.6 07:10:04#clientIp:182.48.69.220
2022.8.6 07:10:04#card type:6
2022.8.6 07:10:04#totalamount:162000
2022.8.6 07:10:08#result:TRANSACTION_ID:mcDM47Raor6lLWkda6SXLFBNuxY=
2022.8.6 07:10:08#Forward to DBBL Payment Gateway Page: https://ecom1.dutchbanglabank.com/ecomm2/ClientHandler?card_type=6&trans_id=mcDM47Raor6lLWkda6SXLFBNuxY%3D
2022.8.6 07:11:01#---------------------- Complete New Transaction---------------------
2022.8.6 07:11:01#Get trans_id From Post Value:mcDM47Raor6lLWkda6SXLFBNuxY=
2022.8.6 07:11:01#clientIp:182.48.69.220
2022.8.6 07:11:01#trans_id:mcDM47Raor6lLWkda6SXLFBNuxY=
2022.8.6 07:11:03#result:RESULT>OK^RESULT_CODE>000^3DSECURE>SKIPPED^RRN>221807107050^APPROVAL_CODE>741273^CARD_NUMBER>999999*********9394^AMOUNT>162000^CARDNAME>mb account^DESCRIPTION>6MSC22111197^TRANS_DATE>2022-08-06 01:11:00 PM
2022.8.6 07:11:03#1714506071103
2022.8.6 07:11:03#1714506071103
2022.8.6 07:11:03#=================== Transaction Completed =======================
2022.8.6 07:11:45#=================== Start New Transaction ===================
2022.8.6 07:11:45#txnrefnum:MSC22111197
2022.8.6 07:11:45#clientIp:182.48.69.220
2022.8.6 07:11:45#card type:6
2022.8.6 07:11:45#totalamount:162000
2022.8.6 07:11:49#result:TRANSACTION_ID:dCgqwEY1E9q586lhldo44J2Sc6k=
2022.8.6 07:11:49#Forward to DBBL Payment Gateway Page: https://ecom1.dutchbanglabank.com/ecomm2/ClientHandler?card_type=6&trans_id=dCgqwEY1E9q586lhldo44J2Sc6k%3D
2022.8.6 07:12:29#---------------------- Complete New Transaction---------------------
2022.8.6 07:12:29#Get trans_id From Post Value:dCgqwEY1E9q586lhldo44J2Sc6k=
2022.8.6 07:12:29#clientIp:182.48.69.220
2022.8.6 07:12:29#trans_id:dCgqwEY1E9q586lhldo44J2Sc6k=
2022.8.6 07:12:31#result:RESULT>OK^RESULT_CODE>000^3DSECURE>SKIPPED^RRN>221807107187^APPROVAL_CODE>744503^CARD_NUMBER>999999*********9394^AMOUNT>162000^CARDNAME>mb account^DESCRIPTION>6MSC22111197^TRANS_DATE>2022-08-06 01:12:28 PM
2022.8.6 07:12:31#1714606071231
2022.8.6 07:12:31#1714606071231
2022.8.6 07:12:31#=================== Transaction Completed =======================
2022.8.6 07:17:39#=================== Start New Transaction ===================
2022.8.6 07:17:39#txnrefnum:MBD2001039
2022.8.6 07:17:39#clientIp:103.58.74.180
2022.8.6 07:17:39#card type:6
2022.8.6 07:17:39#totalamount:242000
2022.8.6 07:17:43#result:TRANSACTION_ID:Da2bjDQXRlshOOaev37wfMk6CP4=
2022.8.6 07:17:43#Forward to DBBL Payment Gateway Page: https://ecom1.dutchbanglabank.com/ecomm2/ClientHandler?card_type=6&trans_id=Da2bjDQXRlshOOaev37wfMk6CP4%3D
2022.8.6 07:18:38#=================== Start New Transaction ===================
2022.8.6 07:18:38#txnrefnum:MBB2102021
2022.8.6 07:18:38#clientIp:103.29.127.99
2022.8.6 07:18:38#card type:6
2022.8.6 07:18:38#totalamount:82000
2022.8.6 07:18:42#result:TRANSACTION_ID:X8BPjCBs6qZNb1LwICYotbdMWG0=
2022.8.6 07:18:42#Forward to DBBL Payment Gateway Page: https://ecom1.dutchbanglabank.com/ecomm2/ClientHandler?card_type=6&trans_id=X8BPjCBs6qZNb1LwICYotbdMWG0%3D
2022.8.6 07:18:56#---------------------- Complete New Transaction---------------------
2022.8.6 07:18:56#Get trans_id From Post Value:Da2bjDQXRlshOOaev37wfMk6CP4=
2022.8.6 07:18:56#clientIp:103.58.74.180
2022.8.6 07:18:56#trans_id:Da2bjDQXRlshOOaev37wfMk6CP4=
2022.8.6 07:18:58#result:RESULT>OK^RESULT_CODE>000^3DSECURE>SKIPPED^RRN>221807107713^APPROVAL_CODE>759078^CARD_NUMBER>999999*********6206^AMOUNT>242000^CARDNAME>mb account^DESCRIPTION>6MBD2001039^TRANS_DATE>2022-08-06 01:18:55 PM
2022.8.6 07:18:59#9591406071858
2022.8.6 07:18:59#9591406071858
2022.8.6 07:18:59#9591406071858
2022.8.6 07:18:59#9591406071858
2022.8.6 07:18:59#9591406071858
2022.8.6 07:18:59#9591406071858
2022.8.6 07:18:59#=================== Transaction Completed =======================
2022.8.6 08:51:18#=================== Start New Transaction ===================
2022.8.6 08:51:18#txnrefnum:MBD2008323
2022.8.6 08:51:18#clientIp:123.136.27.128
2022.8.6 08:51:18#card type:6
2022.8.6 08:51:18#totalamount:2000
2022.8.6 08:51:21#=================== Start New Transaction ===================
2022.8.6 08:51:21#txnrefnum:MBD2008323
2022.8.6 08:51:21#clientIp:123.136.27.128
2022.8.6 08:51:21#card type:6
2022.8.6 08:51:21#totalamount:2000
2022.8.6 08:51:23#result:TRANSACTION_ID:cBmedJSrscPdYFGtM4SMVhAmtps=
2022.8.6 08:51:23#Forward to DBBL Payment Gateway Page: https://ecom1.dutchbanglabank.com/ecomm2/ClientHandler?card_type=6&trans_id=cBmedJSrscPdYFGtM4SMVhAmtps%3D
2022.8.6 08:51:25#result:TRANSACTION_ID:GtsXB0GZ2aVfCt7apyYMg0dDmps=
2022.8.6 08:51:25#Forward to DBBL Payment Gateway Page: https://ecom1.dutchbanglabank.com/ecomm2/ClientHandler?card_type=6&trans_id=GtsXB0GZ2aVfCt7apyYMg0dDmps%3D
2022.8.6 08:52:01#=================== Start New Transaction ===================
2022.8.6 08:52:01#txnrefnum:MBD2008323
2022.8.6 08:52:01#clientIp:123.136.27.128
2022.8.6 08:52:01#card type:6
2022.8.6 08:52:01#totalamount:82000
2022.8.6 08:52:05#result:TRANSACTION_ID:UEtm6FM0KntTFffnzL0jcbSgeOI=
2022.8.6 08:52:05#Forward to DBBL Payment Gateway Page: https://ecom1.dutchbanglabank.com/ecomm2/ClientHandler?card_type=6&trans_id=UEtm6FM0KntTFffnzL0jcbSgeOI%3D
2022.8.6 10:43:00#=================== Start New Transaction ===================
2022.8.6 10:43:00#txnrefnum:MSC22110066
2022.8.6 10:43:00#clientIp:103.230.104.59
2022.8.6 10:43:00#card type:6
2022.8.6 10:43:00#totalamount:162000
2022.8.6 10:43:04#result:TRANSACTION_ID:QhNcpjpnH65o0ScZIsvkyZjPEaE=
2022.8.6 10:43:04#Forward to DBBL Payment Gateway Page: https://ecom1.dutchbanglabank.com/ecomm2/ClientHandler?card_type=6&trans_id=QhNcpjpnH65o0ScZIsvkyZjPEaE%3D
2022.8.6 10:43:16#=================== Start New Transaction ===================
2022.8.6 10:43:16#txnrefnum:BBD2008211
2022.8.6 10:43:16#clientIp:103.138.120.148
2022.8.6 10:43:16#card type:6
2022.8.6 10:43:16#totalamount:162000
2022.8.6 10:43:20#result:TRANSACTION_ID:Nqe0NlgLlwInZzJc3bSIP4eKPnE=
2022.8.6 10:43:20#Forward to DBBL Payment Gateway Page: https://ecom1.dutchbanglabank.com/ecomm2/ClientHandler?card_type=6&trans_id=Nqe0NlgLlwInZzJc3bSIP4eKPnE%3D
2022.8.6 10:44:38#---------------------- Complete New Transaction---------------------
2022.8.6 10:44:38#Get trans_id From Post Value:Nqe0NlgLlwInZzJc3bSIP4eKPnE=
2022.8.6 10:44:38#clientIp:103.138.120.148
2022.8.6 10:44:38#trans_id:Nqe0NlgLlwInZzJc3bSIP4eKPnE=
2022.8.6 10:44:40#result:RESULT>FAILED^RESULT_CODE>116^3DSECURE>SKIPPED^RRN>221810122635^APPROVAL_CODE>0^CARD_NUMBER>999999*********2023^AMOUNT>162000^CARDNAME>mb account^DESCRIPTION>6BBD2008211^TRANS_DATE>2022-08-06 04:44:37 PM
2022.8.6 10:44:40#Not Sufficient Amount
2022.8.6 10:45:22#=================== Start New Transaction ===================
2022.8.6 10:45:22#txnrefnum:BBD2008211
2022.8.6 10:45:22#clientIp:103.138.120.148
2022.8.6 10:45:22#card type:6
2022.8.6 10:45:22#totalamount:162000
2022.8.6 10:45:26#result:TRANSACTION_ID:NOiQq3s9dA9UWYUV0pEVmjqSRg0=
2022.8.6 10:45:26#Forward to DBBL Payment Gateway Page: https://ecom1.dutchbanglabank.com/ecomm2/ClientHandler?card_type=6&trans_id=NOiQq3s9dA9UWYUV0pEVmjqSRg0%3D
2022.8.6 10:46:01#---------------------- Complete New Transaction---------------------
2022.8.6 10:46:01#Get trans_id From Post Value:NOiQq3s9dA9UWYUV0pEVmjqSRg0=
2022.8.6 10:46:01#clientIp:103.138.120.148
2022.8.6 10:46:01#trans_id:NOiQq3s9dA9UWYUV0pEVmjqSRg0=
2022.8.6 10:46:03#result:RESULT>FAILED^RESULT_CODE>116^3DSECURE>SKIPPED^RRN>221810122713^APPROVAL_CODE>0^CARD_NUMBER>999999*********2023^AMOUNT>162000^CARDNAME>mb account^DESCRIPTION>6BBD2008211^TRANS_DATE>2022-08-06 04:46:00 PM
2022.8.6 10:46:03#Not Sufficient Amount
2022.8.6 11:25:07#=================== Start New Transaction ===================
2022.8.6 11:25:07#txnrefnum:MSC22110066
2022.8.6 11:25:07#clientIp:103.230.104.59
2022.8.6 11:25:07#card type:6
2022.8.6 11:25:07#totalamount:162000
2022.8.6 11:25:11#result:TRANSACTION_ID:n9CnEEuzazixtNTesPXMbAiMKN0=
2022.8.6 11:25:11#Forward to DBBL Payment Gateway Page: https://ecom1.dutchbanglabank.com/ecomm2/ClientHandler?card_type=6&trans_id=n9CnEEuzazixtNTesPXMbAiMKN0%3D
2022.8.6 11:25:55#---------------------- Complete New Transaction---------------------
2022.8.6 11:25:55#Get trans_id From Post Value:n9CnEEuzazixtNTesPXMbAiMKN0=
2022.8.6 11:25:57#clientIp:103.230.104.59
2022.8.6 11:25:57#trans_id:n9CnEEuzazixtNTesPXMbAiMKN0=
2022.8.6 11:25:59#result:RESULT>OK^RESULT_CODE>000^3DSECURE>SKIPPED^RRN>221811125592^APPROVAL_CODE>531631^CARD_NUMBER>999999*********4909^AMOUNT>162000^CARDNAME>mb account^DESCRIPTION>6MSC22110066^TRANS_DATE>2022-08-06 05:25:54 PM
2022.8.6 11:26:00#1445806112559
2022.8.6 11:26:00#1445806112559
2022.8.6 11:26:00#=================== Transaction Completed =======================
2022.8.6 12:11:29#=================== Start New Transaction ===================
2022.8.6 12:11:29#txnrefnum:MBD2007071
2022.8.6 12:11:29#clientIp:103.177.122.226
2022.8.6 12:11:29#card type:6
2022.8.6 12:11:29#totalamount:642000
2022.8.6 12:11:33#result:TRANSACTION_ID:vLG1N3qxjRzaLT4nNYRSFtSU1Ro=
2022.8.6 12:11:33#Forward to DBBL Payment Gateway Page: https://ecom1.dutchbanglabank.com/ecomm2/ClientHandler?card_type=6&trans_id=vLG1N3qxjRzaLT4nNYRSFtSU1Ro%3D
2022.8.6 12:16:50#---------------------- Complete New Transaction---------------------
2022.8.6 12:16:50#Get trans_id From Post Value:vLG1N3qxjRzaLT4nNYRSFtSU1Ro=
2022.8.6 12:16:50#clientIp:103.177.122.226
2022.8.6 12:16:50#trans_id:vLG1N3qxjRzaLT4nNYRSFtSU1Ro=
2022.8.6 12:16:52#result:RESULT>TIMEOUT^RESULT_CODE>999^3DSECURE>0^RRN>0^APPROVAL_CODE>0^CARD_NUMBER>0^AMOUNT>642000^CARDNAME>0^DESCRIPTION>6MBD2007071^TRANS_DATE>2022-08-06 06:16:49 PM
2022.8.6 12:16:52#Failed
2022.8.6 12:17:35#=================== Start New Transaction ===================
2022.8.6 12:17:35#txnrefnum:MBD2007071
2022.8.6 12:17:35#clientIp:103.177.122.226
2022.8.6 12:17:35#card type:6
2022.8.6 12:17:35#totalamount:642000
2022.8.6 12:17:39#result:TRANSACTION_ID:WUScz1OSHrFYrs7GdAjmVBDbZBI=
2022.8.6 12:17:39#Forward to DBBL Payment Gateway Page: https://ecom1.dutchbanglabank.com/ecomm2/ClientHandler?card_type=6&trans_id=WUScz1OSHrFYrs7GdAjmVBDbZBI%3D
2022.8.6 12:27:54#---------------------- Complete New Transaction---------------------
2022.8.6 12:27:54#Get trans_id From Post Value:WUScz1OSHrFYrs7GdAjmVBDbZBI=
2022.8.6 12:27:54#clientIp:103.177.122.226
2022.8.6 12:27:54#trans_id:WUScz1OSHrFYrs7GdAjmVBDbZBI=
2022.8.6 12:27:56#result:RESULT>TIMEOUT^RESULT_CODE>999^3DSECURE>0^RRN>0^APPROVAL_CODE>0^CARD_NUMBER>0^AMOUNT>642000^CARDNAME>0^DESCRIPTION>6MBD2007071^TRANS_DATE>2022-08-06 06:27:53 PM
2022.8.6 12:27:56#Failed
2022.8.6 12:28:27#=================== Start New Transaction ===================
2022.8.6 12:28:27#txnrefnum:MBD2007071
2022.8.6 12:28:27#clientIp:103.177.122.226
2022.8.6 12:28:27#card type:6
2022.8.6 12:28:27#totalamount:642000
2022.8.6 12:28:31#result:TRANSACTION_ID:Ggb26R7kLpQAEPqCP8SwDbdM9bA=
2022.8.6 12:28:31#Forward to DBBL Payment Gateway Page: https://ecom1.dutchbanglabank.com/ecomm2/ClientHandler?card_type=6&trans_id=Ggb26R7kLpQAEPqCP8SwDbdM9bA%3D
2022.8.6 12:35:54#=================== Start New Transaction ===================
2022.8.6 12:35:54#txnrefnum:MBD2007071
2022.8.6 12:35:54#clientIp:103.177.122.226
2022.8.6 12:35:54#card type:6
2022.8.6 12:35:54#totalamount:642000
2022.8.6 12:35:58#result:TRANSACTION_ID:BDRHZh6UUfRiqPGs7aEc7nGz7dM=
2022.8.6 12:35:58#Forward to DBBL Payment Gateway Page: https://ecom1.dutchbanglabank.com/ecomm2/ClientHandler?card_type=6&trans_id=BDRHZh6UUfRiqPGs7aEc7nGz7dM%3D
2022.8.6 12:38:44#=================== Start New Transaction ===================
2022.8.6 12:38:44#txnrefnum:MBD2007071
2022.8.6 12:38:44#clientIp:103.177.122.226
2022.8.6 12:38:44#card type:6
2022.8.6 12:38:44#totalamount:642000
2022.8.6 12:38:48#result:TRANSACTION_ID:QiyLqPEemBLb0Qu5ghFMPH5wctQ=
2022.8.6 12:38:48#Forward to DBBL Payment Gateway Page: https://ecom1.dutchbanglabank.com/ecomm2/ClientHandler?card_type=6&trans_id=QiyLqPEemBLb0Qu5ghFMPH5wctQ%3D
2022.8.6 12:42:28#=================== Start New Transaction ===================
2022.8.6 12:42:28#txnrefnum:MBD2007071
2022.8.6 12:42:28#clientIp:103.177.122.226
2022.8.6 12:42:28#card type:6
2022.8.6 12:42:28#totalamount:642000
2022.8.6 12:42:32#result:TRANSACTION_ID:SuUqOFrsrKrqK7PQ9zr0AT3Xlzs=
2022.8.6 12:42:32#Forward to DBBL Payment Gateway Page: https://ecom1.dutchbanglabank.com/ecomm2/ClientHandler?card_type=6&trans_id=SuUqOFrsrKrqK7PQ9zr0AT3Xlzs%3D
2022.8.6 12:43:55#=================== Start New Transaction ===================
2022.8.6 12:43:55#txnrefnum:MBD2007071
2022.8.6 12:43:55#clientIp:103.177.122.226
2022.8.6 12:43:55#card type:6
2022.8.6 12:43:55#totalamount:642000
2022.8.6 12:43:59#result:TRANSACTION_ID:zEVuIqV5Y2NZqNoYysQWzw4GGvk=
2022.8.6 12:43:59#Forward to DBBL Payment Gateway Page: https://ecom1.dutchbanglabank.com/ecomm2/ClientHandler?card_type=6&trans_id=zEVuIqV5Y2NZqNoYysQWzw4GGvk%3D
2022.8.6 12:52:44#---------------------- Complete New Transaction---------------------
2022.8.6 12:52:44#Get trans_id From Post Value:zEVuIqV5Y2NZqNoYysQWzw4GGvk=
2022.8.6 12:52:44#clientIp:103.177.122.226
2022.8.6 12:52:44#trans_id:zEVuIqV5Y2NZqNoYysQWzw4GGvk=
2022.8.6 12:52:46#result:RESULT>TIMEOUT^RESULT_CODE>999^3DSECURE>0^RRN>0^APPROVAL_CODE>0^CARD_NUMBER>0^AMOUNT>642000^CARDNAME>0^DESCRIPTION>6MBD2007071^TRANS_DATE>2022-08-06 06:52:44 PM
2022.8.6 12:52:46#Failed
2022.8.6 12:53:34#=================== Start New Transaction ===================
2022.8.6 12:53:34#txnrefnum:MBD2007071
2022.8.6 12:53:34#clientIp:103.177.122.226
2022.8.6 12:53:34#card type:6
2022.8.6 12:53:34#totalamount:642000
2022.8.6 12:53:38#result:TRANSACTION_ID:63MvDp3VJSAWCiOjvPcojOl8Ow4=
2022.8.6 12:53:38#Forward to DBBL Payment Gateway Page: https://ecom1.dutchbanglabank.com/ecomm2/ClientHandler?card_type=6&trans_id=63MvDp3VJSAWCiOjvPcojOl8Ow4%3D
2022.8.6 12:54:23#---------------------- Complete New Transaction---------------------
2022.8.6 12:54:23#Get trans_id From Post Value:63MvDp3VJSAWCiOjvPcojOl8Ow4=
2022.8.6 12:54:23#clientIp:103.177.122.226
2022.8.6 12:54:23#trans_id:63MvDp3VJSAWCiOjvPcojOl8Ow4=
2022.8.6 12:54:25#result:RESULT>OK^RESULT_CODE>000^3DSECURE>SKIPPED^RRN>221812132151^APPROVAL_CODE>877826^CARD_NUMBER>999999*********4000^AMOUNT>642000^CARDNAME>mb account^DESCRIPTION>6MBD2007071^TRANS_DATE>2022-08-06 06:54:22 PM
2022.8.6 12:54:25#19214106125425
2022.8.6 12:54:25#19214106125425
2022.8.6 12:54:25#19214106125425
2022.8.6 12:54:25#19214106125425
2022.8.6 12:54:25#19214106125425
2022.8.6 12:54:25#19214106125425
2022.8.6 12:54:25#19214106125425
2022.8.6 12:54:25#19214106125425
2022.8.6 12:54:25#19214106125425
2022.8.6 12:54:25#19214106125425
2022.8.6 12:54:25#19214106125425
2022.8.6 12:54:25#19214106125425
2022.8.6 12:54:25#19214106125425
2022.8.6 12:54:25#19214106125425
2022.8.6 12:54:25#19214106125425
2022.8.6 12:54:25#19214106125425
2022.8.6 12:54:25#=================== Transaction Completed =======================
2022.8.6 13:56:14#=================== Start New Transaction ===================
2022.8.6 13:56:14#txnrefnum:BBM2006074
2022.8.6 13:56:14#clientIp:103.138.120.244
2022.8.6 13:56:14#card type:6
2022.8.6 13:56:14#totalamount:242000
2022.8.6 13:56:18#result:TRANSACTION_ID:Kz9TRwWYlXfIW4Vm4wDxvTkbGe0=
2022.8.6 13:56:18#Forward to DBBL Payment Gateway Page: https://ecom1.dutchbanglabank.com/ecomm2/ClientHandler?card_type=6&trans_id=Kz9TRwWYlXfIW4Vm4wDxvTkbGe0%3D
2022.8.6 13:57:46#---------------------- Complete New Transaction---------------------
2022.8.6 13:57:46#Get trans_id From Post Value:Kz9TRwWYlXfIW4Vm4wDxvTkbGe0=
2022.8.6 13:57:46#clientIp:103.138.120.244
2022.8.6 13:57:46#trans_id:Kz9TRwWYlXfIW4Vm4wDxvTkbGe0=
2022.8.6 13:57:49#result:RESULT>OK^RESULT_CODE>000^3DSECURE>SKIPPED^RRN>221813136654^APPROVAL_CODE>214200^CARD_NUMBER>999999*********0605^AMOUNT>242000^CARDNAME>mb account^DESCRIPTION>6BBM2006074^TRANS_DATE>2022-08-06 07:57:45 PM
2022.8.6 13:57:49#25523306015749
2022.8.6 13:57:49#25523306015749
2022.8.6 13:57:49#25523306015749
2022.8.6 13:57:49#25523306015749
2022.8.6 13:57:49#25523306015749
2022.8.6 13:57:49#25523306015749
2022.8.6 13:57:49#=================== Transaction Completed =======================
2022.8.6 14:20:27#=================== Start New Transaction ===================
2022.8.6 14:20:27#txnrefnum:MED2007013
2022.8.6 14:20:27#clientIp:202.134.10.134
2022.8.6 14:20:27#card type:6
2022.8.6 14:20:27#totalamount:112000
2022.8.6 14:20:31#result:TRANSACTION_ID:zGyGdz8kCS7bL6Bk9tDnmyZzbVg=
2022.8.6 14:20:31#Forward to DBBL Payment Gateway Page: https://ecom1.dutchbanglabank.com/ecomm2/ClientHandler?card_type=6&trans_id=zGyGdz8kCS7bL6Bk9tDnmyZzbVg%3D
2022.8.6 14:22:06#---------------------- Complete New Transaction---------------------
2022.8.6 14:22:06#Get trans_id From Post Value:zGyGdz8kCS7bL6Bk9tDnmyZzbVg=
2022.8.6 14:22:06#clientIp:202.134.10.134
2022.8.6 14:22:06#trans_id:zGyGdz8kCS7bL6Bk9tDnmyZzbVg=
2022.8.6 14:22:08#result:RESULT>OK^RESULT_CODE>000^3DSECURE>SKIPPED^RRN>221814138246^APPROVAL_CODE>162687^CARD_NUMBER>999999*********6425^AMOUNT>112000^CARDNAME>mb account^DESCRIPTION>6MED2007013^TRANS_DATE>2022-08-06 08:22:05 PM
2022.8.6 14:22:08#19579406022208
2022.8.6 14:22:08#19579406022208
2022.8.6 14:22:08#=================== Transaction Completed =======================
2022.8.6 14:24:56#=================== Start New Transaction ===================
2022.8.6 14:24:56#txnrefnum:MEM2003060
2022.8.6 14:24:56#clientIp:202.134.10.134
2022.8.6 14:24:56#card type:6
2022.8.6 14:24:56#totalamount:112000
2022.8.6 14:25:00#result:TRANSACTION_ID:KofwMWYSPWsSfZZFToPQ8GFHeZU=
2022.8.6 14:25:00#Forward to DBBL Payment Gateway Page: https://ecom1.dutchbanglabank.com/ecomm2/ClientHandler?card_type=6&trans_id=KofwMWYSPWsSfZZFToPQ8GFHeZU%3D
2022.8.6 14:25:52#---------------------- Complete New Transaction---------------------
2022.8.6 14:25:52#Get trans_id From Post Value:KofwMWYSPWsSfZZFToPQ8GFHeZU=
2022.8.6 14:25:52#clientIp:202.134.10.134
2022.8.6 14:25:52#trans_id:KofwMWYSPWsSfZZFToPQ8GFHeZU=
2022.8.6 14:25:54#result:RESULT>OK^RESULT_CODE>000^3DSECURE>SKIPPED^RRN>221814138517^APPROVAL_CODE>165405^CARD_NUMBER>999999*********6425^AMOUNT>112000^CARDNAME>mb account^DESCRIPTION>6MEM2003060^TRANS_DATE>2022-08-06 08:25:51 PM
2022.8.6 14:25:54#13293406022554
2022.8.6 14:25:54#13293406022554
2022.8.6 14:25:54#=================== Transaction Completed =======================
2022.8.6 17:08:58#=================== Start New Transaction ===================
2022.8.6 17:08:58#txnrefnum:MBM2002050
2022.8.6 17:08:58#clientIp:103.133.202.105
2022.8.6 17:08:58#card type:6
2022.8.6 17:08:58#totalamount:82000
2022.8.6 17:09:02#result:TRANSACTION_ID:HU6sm2H1hunY16xUYyqDYdYCuDo=
2022.8.6 17:09:02#Forward to DBBL Payment Gateway Page: https://ecom1.dutchbanglabank.com/ecomm2/ClientHandler?card_type=6&trans_id=HU6sm2H1hunY16xUYyqDYdYCuDo%3D
2022.8.6 17:09:50#---------------------- Complete New Transaction---------------------
2022.8.6 17:09:50#Get trans_id From Post Value:HU6sm2H1hunY16xUYyqDYdYCuDo=
2022.8.6 17:09:50#clientIp:103.133.202.105
2022.8.6 17:09:50#trans_id:HU6sm2H1hunY16xUYyqDYdYCuDo=
2022.8.6 17:09:52#result:RESULT>OK^RESULT_CODE>000^3DSECURE>SKIPPED^RRN>221817147486^APPROVAL_CODE>990087^CARD_NUMBER>999999*********0716^AMOUNT>82000^CARDNAME>mb account^DESCRIPTION>6MBM2002050^TRANS_DATE>2022-08-06 11:09:49 PM
2022.8.6 17:09:52#11705406050952
2022.8.6 17:09:52#11705406050952
2022.8.6 17:09:52#=================== Transaction Completed =======================
2022.8.6 20:02:07#=================== Start New Transaction ===================
2022.8.6 20:02:07#txnrefnum:MBD2004154
2022.8.6 20:02:07#clientIp:202.144.203.15
2022.8.6 20:02:07#card type:6
2022.8.6 20:02:07#totalamount:242000
2022.8.6 20:02:11#result:TRANSACTION_ID:eF7KR7hBSs5HSQCUMqvmmb8k6so=
2022.8.6 20:02:11#Forward to DBBL Payment Gateway Page: https://ecom1.dutchbanglabank.com/ecomm2/ClientHandler?card_type=6&trans_id=eF7KR7hBSs5HSQCUMqvmmb8k6so%3D
2022.8.6 20:03:47#---------------------- Complete New Transaction---------------------
2022.8.6 20:03:47#Get trans_id From Post Value:eF7KR7hBSs5HSQCUMqvmmb8k6so=
2022.8.6 20:03:47#clientIp:202.144.203.15
2022.8.6 20:03:47#trans_id:eF7KR7hBSs5HSQCUMqvmmb8k6so=
2022.8.6 20:03:50#result:RESULT>OK^RESULT_CODE>000^3DSECURE>SKIPPED^RRN>221820152189^APPROVAL_CODE>147804^CARD_NUMBER>999999*********9077^AMOUNT>242000^CARDNAME>mb account^DESCRIPTION>6MBD2004154^TRANS_DATE>2022-08-07 02:03:46 AM
2022.8.6 20:03:50#14047306080350
2022.8.6 20:03:50#14047306080350
2022.8.6 20:03:50#14047306080350
2022.8.6 20:03:50#14047306080350
2022.8.6 20:03:50#14047306080350
2022.8.6 20:03:50#14047306080350
2022.8.6 20:03:50#=================== Transaction Completed =======================