
2023.1.26 02:31:03#=================== Start New Transaction ===================
2023.1.26 02:31:03#txnrefnum:MED2007013
2023.1.26 02:31:03#clientIp:103.58.72.21
2023.1.26 02:31:03#card type:6
2023.1.26 02:31:03#totalamount:922000
2023.1.26 02:31:06#result:TRANSACTION_ID:d6UkQDy0bofoF1B6e5XdsPJl6I4=
2023.1.26 02:31:06#Forward to DBBL Payment Gateway Page: https://ecom1.dutchbanglabank.com/ecomm2/ClientHandler?card_type=6&trans_id=d6UkQDy0bofoF1B6e5XdsPJl6I4%3D
2023.1.26 02:32:44#---------------------- Complete New Transaction---------------------
2023.1.26 02:32:44#Get trans_id From Post Value:d6UkQDy0bofoF1B6e5XdsPJl6I4=
2023.1.26 02:32:44#clientIp:103.58.72.21
2023.1.26 02:32:44#trans_id:d6UkQDy0bofoF1B6e5XdsPJl6I4=
2023.1.26 02:32:46#result:RESULT>OK^RESULT_CODE>000^3DSECURE>SKIPPED^RRN>302602490108^APPROVAL_CODE>002225^CARD_NUMBER>999999*********6425^AMOUNT>922000^CARDNAME>mb account^DESCRIPTION>6MED2007013^TRANS_DATE>2023-01-26 08:32:44 AM
2023.1.26 02:32:46#37237826023246
2023.1.26 02:32:46#37237826023246
2023.1.26 02:32:46#37237826023246
2023.1.26 02:32:46#37237826023246
2023.1.26 02:32:46#=================== Transaction Completed =======================
2023.1.26 03:31:24#=================== Start New Transaction ===================
2023.1.26 03:31:24#txnrefnum:177237
2023.1.26 03:31:24#clientIp:37.111.198.13
2023.1.26 03:31:24#card type:6
2023.1.26 03:31:24#totalamount:752000
2023.1.26 03:31:27#result:TRANSACTION_ID:l9ApDGIGd0aNXpJyyTe0klMyuzE=
2023.1.26 03:31:28#Forward to DBBL Payment Gateway Page: https://ecom1.dutchbanglabank.com/ecomm2/ClientHandler?card_type=6&trans_id=l9ApDGIGd0aNXpJyyTe0klMyuzE%3D
2023.1.26 03:31:51#---------------------- Complete New Transaction---------------------
2023.1.26 03:31:51#Get trans_id From Post Value:l9ApDGIGd0aNXpJyyTe0klMyuzE=
2023.1.26 03:31:51#clientIp:37.111.198.13
2023.1.26 03:31:51#trans_id:l9ApDGIGd0aNXpJyyTe0klMyuzE=
2023.1.26 03:31:53#result:RESULT>OK^RESULT_CODE>000^3DSECURE>SKIPPED^RRN>302603492262^APPROVAL_CODE>067531^CARD_NUMBER>999999*********3811^AMOUNT>752000^CARDNAME>mb account^DESCRIPTION>6177237^TRANS_DATE>2023-01-26 09:31:50 AM
2023.1.26 03:31:53#52572026033153
2023.1.26 03:31:54#52572026033153
2023.1.26 03:31:54#=================== Transaction Completed =======================
2023.1.26 04:21:03#=================== Start New Transaction ===================
2023.1.26 04:21:03#txnrefnum:604959
2023.1.26 04:21:03#clientIp:37.111.198.13
2023.1.26 04:21:03#card type:6
2023.1.26 04:21:03#totalamount:752000
2023.1.26 04:21:05#result:TRANSACTION_ID:Me6pPdicjOysYZe91pXSgzFmIyI=
2023.1.26 04:21:06#Forward to DBBL Payment Gateway Page: https://ecom1.dutchbanglabank.com/ecomm2/ClientHandler?card_type=6&trans_id=Me6pPdicjOysYZe91pXSgzFmIyI%3D
2023.1.26 04:21:51#---------------------- Complete New Transaction---------------------
2023.1.26 04:21:51#Get trans_id From Post Value:Me6pPdicjOysYZe91pXSgzFmIyI=
2023.1.26 04:21:51#clientIp:37.111.198.13
2023.1.26 04:21:51#trans_id:Me6pPdicjOysYZe91pXSgzFmIyI=
2023.1.26 04:21:52#result:RESULT>OK^RESULT_CODE>000^3DSECURE>SKIPPED^RRN>302604494917^APPROVAL_CODE>188917^CARD_NUMBER>999999*********3811^AMOUNT>752000^CARDNAME>mb account^DESCRIPTION>6604959^TRANS_DATE>2023-01-26 10:21:49 AM
2023.1.26 04:21:52#52573326042152
2023.1.26 04:21:53#52573326042152
2023.1.26 04:21:53#=================== Transaction Completed =======================
2023.1.26 04:41:44#=================== Start New Transaction ===================
2023.1.26 04:41:44#txnrefnum:112209
2023.1.26 04:41:44#clientIp:37.111.198.13
2023.1.26 04:41:44#card type:6
2023.1.26 04:41:44#totalamount:752000
2023.1.26 04:41:47#result:TRANSACTION_ID:l0Wxmn7T1DFLS0Z8IYSIB75yLzk=
2023.1.26 04:41:47#Forward to DBBL Payment Gateway Page: https://ecom1.dutchbanglabank.com/ecomm2/ClientHandler?card_type=6&trans_id=l0Wxmn7T1DFLS0Z8IYSIB75yLzk%3D
2023.1.26 04:57:32#=================== Start New Transaction ===================
2023.1.26 04:57:32#txnrefnum:112209
2023.1.26 04:57:32#clientIp:103.242.23.176
2023.1.26 04:57:32#card type:6
2023.1.26 04:57:32#totalamount:752000
2023.1.26 04:57:35#result:TRANSACTION_ID:X5sShNgkGoI4su3QyrLPkfFjPUI=
2023.1.26 04:57:35#Forward to DBBL Payment Gateway Page: https://ecom1.dutchbanglabank.com/ecomm2/ClientHandler?card_type=6&trans_id=X5sShNgkGoI4su3QyrLPkfFjPUI%3D
2023.1.26 04:57:52#---------------------- Complete New Transaction---------------------
2023.1.26 04:57:52#Get trans_id From Post Value:X5sShNgkGoI4su3QyrLPkfFjPUI=
2023.1.26 04:57:52#clientIp:103.242.23.176
2023.1.26 04:57:52#trans_id:X5sShNgkGoI4su3QyrLPkfFjPUI=
2023.1.26 04:57:54#result:RESULT>OK^RESULT_CODE>000^3DSECURE>SKIPPED^RRN>302604497626^APPROVAL_CODE>387453^CARD_NUMBER>999999*********7532^AMOUNT>752000^CARDNAME>mb account^DESCRIPTION>6112209^TRANS_DATE>2023-01-26 10:57:50 AM
2023.1.26 04:57:54#52576026045754
2023.1.26 04:57:55#52576026045754
2023.1.26 04:57:55#=================== Transaction Completed =======================
2023.1.26 05:00:09#=================== Start New Transaction ===================
2023.1.26 05:00:09#txnrefnum:558786
2023.1.26 05:00:09#clientIp:37.111.198.13
2023.1.26 05:00:09#card type:6
2023.1.26 05:00:09#totalamount:752000
2023.1.26 05:00:11#result:TRANSACTION_ID:ZziyRkfwC7IjWPOPWRAxkHM1JsY=
2023.1.26 05:00:12#Forward to DBBL Payment Gateway Page: https://ecom1.dutchbanglabank.com/ecomm2/ClientHandler?card_type=6&trans_id=ZziyRkfwC7IjWPOPWRAxkHM1JsY%3D
2023.1.26 05:00:34#---------------------- Complete New Transaction---------------------
2023.1.26 05:00:34#Get trans_id From Post Value:ZziyRkfwC7IjWPOPWRAxkHM1JsY=
2023.1.26 05:00:34#clientIp:37.111.198.13
2023.1.26 05:00:34#trans_id:ZziyRkfwC7IjWPOPWRAxkHM1JsY=
2023.1.26 05:00:36#result:RESULT>OK^RESULT_CODE>000^3DSECURE>SKIPPED^RRN>302605497864^APPROVAL_CODE>392611^CARD_NUMBER>999999*********3811^AMOUNT>752000^CARDNAME>mb account^DESCRIPTION>6558786^TRANS_DATE>2023-01-26 11:00:33 AM
2023.1.26 05:00:36#52577326050036
2023.1.26 05:00:37#52577326050036
2023.1.26 05:00:37#=================== Transaction Completed =======================
2023.1.26 05:13:05#=================== Start New Transaction ===================
2023.1.26 05:13:05#txnrefnum:BBD2003023
2023.1.26 05:13:05#clientIp:157.119.238.10
2023.1.26 05:13:05#card type:6
2023.1.26 05:13:05#totalamount:722000
2023.1.26 05:13:07#result:TRANSACTION_ID:UkSazwwM7g9BQFustQyoGKHldro=
2023.1.26 05:13:08#Forward to DBBL Payment Gateway Page: https://ecom1.dutchbanglabank.com/ecomm2/ClientHandler?card_type=6&trans_id=UkSazwwM7g9BQFustQyoGKHldro%3D
2023.1.26 05:13:43#---------------------- Complete New Transaction---------------------
2023.1.26 05:13:43#Get trans_id From Post Value:UkSazwwM7g9BQFustQyoGKHldro=
2023.1.26 05:13:43#clientIp:157.119.238.10
2023.1.26 05:13:43#trans_id:UkSazwwM7g9BQFustQyoGKHldro=
2023.1.26 05:13:45#result:RESULT>OK^RESULT_CODE>000^3DSECURE>SKIPPED^RRN>302605498927^APPROVAL_CODE>562458^CARD_NUMBER>999999*********2298^AMOUNT>722000^CARDNAME>mb account^DESCRIPTION>6BBD2003023^TRANS_DATE>2023-01-26 11:13:43 AM
2023.1.26 05:13:45#30823226051345
2023.1.26 05:13:45#30823226051345
2023.1.26 05:13:45#30823226051345
2023.1.26 05:13:46#30823226051345
2023.1.26 05:13:46#=================== Transaction Completed =======================
2023.1.26 05:24:36#=================== Start New Transaction ===================
2023.1.26 05:24:36#txnrefnum:BBD2008201
2023.1.26 05:24:36#clientIp:114.130.185.53
2023.1.26 05:24:36#card type:6
2023.1.26 05:24:36#totalamount:252000
2023.1.26 05:24:39#result:TRANSACTION_ID:SxciRYwK8DW0DctQsnRPVhqDFyY=
2023.1.26 05:24:39#Forward to DBBL Payment Gateway Page: https://ecom1.dutchbanglabank.com/ecomm2/ClientHandler?card_type=6&trans_id=SxciRYwK8DW0DctQsnRPVhqDFyY%3D
2023.1.26 05:25:11#---------------------- Complete New Transaction---------------------
2023.1.26 05:25:11#Get trans_id From Post Value:SxciRYwK8DW0DctQsnRPVhqDFyY=
2023.1.26 05:25:11#clientIp:114.130.185.53
2023.1.26 05:25:11#trans_id:SxciRYwK8DW0DctQsnRPVhqDFyY=
2023.1.26 05:25:12#result:RESULT>OK^RESULT_CODE>000^3DSECURE>SKIPPED^RRN>302605499847^APPROVAL_CODE>658846^CARD_NUMBER>999999*********6896^AMOUNT>252000^CARDNAME>mb account^DESCRIPTION>6BBD2008201^TRANS_DATE>2023-01-26 11:25:09 AM
2023.1.26 05:25:12#51654926052512
2023.1.26 05:25:12#51654926052512
2023.1.26 05:25:12#=================== Transaction Completed =======================
2023.1.26 05:34:37#=================== Start New Transaction ===================
2023.1.26 05:34:37#txnrefnum:184555
2023.1.26 05:34:37#clientIp:103.242.23.176
2023.1.26 05:34:37#card type:6
2023.1.26 05:34:37#totalamount:752000
2023.1.26 05:34:40#result:TRANSACTION_ID:f0H2GVG2UUtdhpaIuYQVwWmMP7A=
2023.1.26 05:34:40#Forward to DBBL Payment Gateway Page: https://ecom1.dutchbanglabank.com/ecomm2/ClientHandler?card_type=6&trans_id=f0H2GVG2UUtdhpaIuYQVwWmMP7A%3D
2023.1.26 05:35:05#---------------------- Complete New Transaction---------------------
2023.1.26 05:35:05#Get trans_id From Post Value:f0H2GVG2UUtdhpaIuYQVwWmMP7A=
2023.1.26 05:35:05#clientIp:103.242.23.176
2023.1.26 05:35:05#trans_id:f0H2GVG2UUtdhpaIuYQVwWmMP7A=
2023.1.26 05:35:07#result:RESULT>OK^RESULT_CODE>000^3DSECURE>SKIPPED^RRN>302605500607^APPROVAL_CODE>597283^CARD_NUMBER>999999*********7532^AMOUNT>752000^CARDNAME>mb account^DESCRIPTION>6184555^TRANS_DATE>2023-01-26 11:35:04 AM
2023.1.26 05:35:07#52578626053507
2023.1.26 05:35:08#52578626053507
2023.1.26 05:35:08#=================== Transaction Completed =======================
2023.1.26 05:35:18#=================== Start New Transaction ===================
2023.1.26 05:35:18#txnrefnum:MBB2109078
2023.1.26 05:35:18#clientIp:37.111.198.13
2023.1.26 05:35:18#card type:6
2023.1.26 05:35:18#totalamount:252000
2023.1.26 05:35:21#result:TRANSACTION_ID:7wrZrQBvtjuzAw31VBJVB2YmR8U=
2023.1.26 05:35:21#Forward to DBBL Payment Gateway Page: https://ecom1.dutchbanglabank.com/ecomm2/ClientHandler?card_type=6&trans_id=7wrZrQBvtjuzAw31VBJVB2YmR8U%3D
2023.1.26 05:35:29#=================== Start New Transaction ===================
2023.1.26 05:35:29#txnrefnum:102897
2023.1.26 05:35:29#clientIp:103.242.23.176
2023.1.26 05:35:29#card type:6
2023.1.26 05:35:29#totalamount:752000
2023.1.26 05:35:31#result:TRANSACTION_ID:jQAH1zkOWUDOA4uPCbSbDXlhyvA=
2023.1.26 05:35:32#Forward to DBBL Payment Gateway Page: https://ecom1.dutchbanglabank.com/ecomm2/ClientHandler?card_type=6&trans_id=jQAH1zkOWUDOA4uPCbSbDXlhyvA%3D
2023.1.26 05:35:38#---------------------- Complete New Transaction---------------------
2023.1.26 05:35:38#Get trans_id From Post Value:7wrZrQBvtjuzAw31VBJVB2YmR8U=
2023.1.26 05:35:38#clientIp:37.111.198.13
2023.1.26 05:35:38#trans_id:7wrZrQBvtjuzAw31VBJVB2YmR8U=
2023.1.26 05:35:39#result:RESULT>OK^RESULT_CODE>000^3DSECURE>SKIPPED^RRN>302605500643^APPROVAL_CODE>598605^CARD_NUMBER>999999*********3811^AMOUNT>252000^CARDNAME>mb account^DESCRIPTION>6MBB2109078^TRANS_DATE>2023-01-26 11:35:36 AM
2023.1.26 05:35:39#51715626053539
2023.1.26 05:35:39#51715626053539
2023.1.26 05:35:39#=================== Transaction Completed =======================
2023.1.26 05:35:48#---------------------- Complete New Transaction---------------------
2023.1.26 05:35:48#Get trans_id From Post Value:jQAH1zkOWUDOA4uPCbSbDXlhyvA=
2023.1.26 05:35:48#clientIp:103.242.23.176
2023.1.26 05:35:48#trans_id:jQAH1zkOWUDOA4uPCbSbDXlhyvA=
2023.1.26 05:35:50#result:RESULT>OK^RESULT_CODE>000^3DSECURE>SKIPPED^RRN>302605500652^APPROVAL_CODE>598990^CARD_NUMBER>999999*********7532^AMOUNT>752000^CARDNAME>mb account^DESCRIPTION>6102897^TRANS_DATE>2023-01-26 11:35:46 AM
2023.1.26 05:35:50#52579926053550
2023.1.26 05:35:50#52579926053550
2023.1.26 05:35:50#=================== Transaction Completed =======================
2023.1.26 05:41:05#=================== Start New Transaction ===================
2023.1.26 05:41:05#txnrefnum:MSC22111279
2023.1.26 05:41:05#clientIp:160.202.146.129
2023.1.26 05:41:05#card type:6
2023.1.26 05:41:05#totalamount:582000
2023.1.26 05:41:08#result:TRANSACTION_ID:z1jS0mm3NsFJFkBfqUSgNg4WTV8=
2023.1.26 05:41:08#Forward to DBBL Payment Gateway Page: https://ecom1.dutchbanglabank.com/ecomm2/ClientHandler?card_type=6&trans_id=z1jS0mm3NsFJFkBfqUSgNg4WTV8%3D
2023.1.26 05:46:38#---------------------- Complete New Transaction---------------------
2023.1.26 05:46:38#Get trans_id From Post Value:z1jS0mm3NsFJFkBfqUSgNg4WTV8=
2023.1.26 05:46:38#clientIp:160.202.146.129
2023.1.26 05:46:38#trans_id:z1jS0mm3NsFJFkBfqUSgNg4WTV8=
2023.1.26 05:46:39#result:RESULT>TIMEOUT^RESULT_CODE>999^3DSECURE>0^RRN>0^APPROVAL_CODE>0^CARD_NUMBER>0^AMOUNT>582000^CARDNAME>0^DESCRIPTION>6MSC22111279^TRANS_DATE>2023-01-26 11:46:37 AM
2023.1.26 05:46:39#Failed
2023.1.26 05:47:39#=================== Start New Transaction ===================
2023.1.26 05:47:39#txnrefnum:MSC22111279
2023.1.26 05:47:39#clientIp:160.202.146.129
2023.1.26 05:47:39#card type:6
2023.1.26 05:47:39#totalamount:582000
2023.1.26 05:47:42#result:TRANSACTION_ID:Kulu3UYF8b1Zi2vpaBcLu4bJKrc=
2023.1.26 05:47:42#Forward to DBBL Payment Gateway Page: https://ecom1.dutchbanglabank.com/ecomm2/ClientHandler?card_type=6&trans_id=Kulu3UYF8b1Zi2vpaBcLu4bJKrc%3D
2023.1.26 05:48:13#---------------------- Complete New Transaction---------------------
2023.1.26 05:48:13#Get trans_id From Post Value:Kulu3UYF8b1Zi2vpaBcLu4bJKrc=
2023.1.26 05:48:13#clientIp:160.202.146.129
2023.1.26 05:48:13#trans_id:Kulu3UYF8b1Zi2vpaBcLu4bJKrc=
2023.1.26 05:48:15#result:RESULT>OK^RESULT_CODE>000^3DSECURE>SKIPPED^RRN>302605501714^APPROVAL_CODE>727335^CARD_NUMBER>999999*********1442^AMOUNT>582000^CARDNAME>mb account^DESCRIPTION>6MSC22111279^TRANS_DATE>2023-01-26 11:48:12 AM
2023.1.26 05:48:15#33807426054815
2023.1.26 05:48:15#33807426054815
2023.1.26 05:48:15#33807426054815
2023.1.26 05:48:15#33807426054815
2023.1.26 05:48:15#33807426054815
2023.1.26 05:48:15#33807426054815
2023.1.26 05:48:15#33807426054815
2023.1.26 05:48:15#33807426054815
2023.1.26 05:48:15#=================== Transaction Completed =======================
2023.1.26 05:53:04#=================== Start New Transaction ===================
2023.1.26 05:53:04#txnrefnum:BBD2008030
2023.1.26 05:53:04#clientIp:114.130.185.53
2023.1.26 05:53:04#card type:6
2023.1.26 05:53:04#totalamount:252000
2023.1.26 05:53:07#result:TRANSACTION_ID:SzVCpqJTpPNpdzPyNcrWxDO7WIM=
2023.1.26 05:53:07#Forward to DBBL Payment Gateway Page: https://ecom1.dutchbanglabank.com/ecomm2/ClientHandler?card_type=6&trans_id=SzVCpqJTpPNpdzPyNcrWxDO7WIM%3D
2023.1.26 05:53:41#=================== Start New Transaction ===================
2023.1.26 05:53:41#txnrefnum:MBD2008178
2023.1.26 05:53:41#clientIp:103.29.124.120
2023.1.26 05:53:41#card type:6
2023.1.26 05:53:41#totalamount:252000
2023.1.26 05:53:44#result:TRANSACTION_ID:t4MvfpnSFafSSRC1oI4u77gsRe8=
2023.1.26 05:53:44#Forward to DBBL Payment Gateway Page: https://ecom1.dutchbanglabank.com/ecomm2/ClientHandler?card_type=6&trans_id=t4MvfpnSFafSSRC1oI4u77gsRe8%3D
2023.1.26 05:53:58#---------------------- Complete New Transaction---------------------
2023.1.26 05:53:58#Get trans_id From Post Value:SzVCpqJTpPNpdzPyNcrWxDO7WIM=
2023.1.26 05:54:00#clientIp:114.130.185.53
2023.1.26 05:54:00#trans_id:SzVCpqJTpPNpdzPyNcrWxDO7WIM=
2023.1.26 05:54:01#result:RESULT>OK^RESULT_CODE>000^3DSECURE>SKIPPED^RRN>302605502152^APPROVAL_CODE>778900^CARD_NUMBER>999999*********6896^AMOUNT>252000^CARDNAME>mb account^DESCRIPTION>6BBD2008030^TRANS_DATE>2023-01-26 11:53:57 AM
2023.1.26 05:54:01#51649426055401
2023.1.26 05:54:01#51649426055401
2023.1.26 05:54:01#=================== Transaction Completed =======================
2023.1.26 05:55:14#=================== Start New Transaction ===================
2023.1.26 05:55:14#txnrefnum:BBD2008202
2023.1.26 05:55:14#clientIp:114.130.185.53
2023.1.26 05:55:14#card type:6
2023.1.26 05:55:14#totalamount:252000
2023.1.26 05:55:17#result:TRANSACTION_ID:SlkxXlpqJjEvBVLpE9BwhT3T10c=
2023.1.26 05:55:17#Forward to DBBL Payment Gateway Page: https://ecom1.dutchbanglabank.com/ecomm2/ClientHandler?card_type=6&trans_id=SlkxXlpqJjEvBVLpE9BwhT3T10c%3D
2023.1.26 05:55:35#---------------------- Complete New Transaction---------------------
2023.1.26 05:55:35#Get trans_id From Post Value:SlkxXlpqJjEvBVLpE9BwhT3T10c=
2023.1.26 05:55:35#clientIp:114.130.185.53
2023.1.26 05:55:35#trans_id:SlkxXlpqJjEvBVLpE9BwhT3T10c=
2023.1.26 05:55:36#result:RESULT>OK^RESULT_CODE>000^3DSECURE>SKIPPED^RRN>302605502285^APPROVAL_CODE>742314^CARD_NUMBER>999999*********6896^AMOUNT>252000^CARDNAME>mb account^DESCRIPTION>6BBD2008202^TRANS_DATE>2023-01-26 11:55:34 AM
2023.1.26 05:55:36#51655026055536
2023.1.26 05:55:37#51655026055536
2023.1.26 05:55:37#=================== Transaction Completed =======================
2023.1.26 05:56:38#=================== Start New Transaction ===================
2023.1.26 05:56:38#txnrefnum:BBG2109021
2023.1.26 05:56:38#clientIp:114.130.185.53
2023.1.26 05:56:38#card type:6
2023.1.26 05:56:38#totalamount:252000
2023.1.26 05:56:41#result:TRANSACTION_ID:qugQ1vpveNWbW1AX0lbFVJE91Ys=
2023.1.26 05:56:41#Forward to DBBL Payment Gateway Page: https://ecom1.dutchbanglabank.com/ecomm2/ClientHandler?card_type=6&trans_id=qugQ1vpveNWbW1AX0lbFVJE91Ys%3D
2023.1.26 05:57:04#---------------------- Complete New Transaction---------------------
2023.1.26 05:57:04#Get trans_id From Post Value:t4MvfpnSFafSSRC1oI4u77gsRe8=
2023.1.26 05:57:04#clientIp:103.29.124.120
2023.1.26 05:57:04#trans_id:t4MvfpnSFafSSRC1oI4u77gsRe8=
2023.1.26 05:57:06#result:RESULT>OK^RESULT_CODE>000^3DSECURE>SKIPPED^RRN>302605502413^APPROVAL_CODE>830055^CARD_NUMBER>999999*********6631^AMOUNT>252000^CARDNAME>mb account^DESCRIPTION>6MBD2008178^TRANS_DATE>2023-01-26 11:57:02 AM
2023.1.26 05:57:06#51727026055706
2023.1.26 05:57:06#51727026055706
2023.1.26 05:57:06#=================== Transaction Completed =======================
2023.1.26 05:57:08#---------------------- Complete New Transaction---------------------
2023.1.26 05:57:08#Get trans_id From Post Value:qugQ1vpveNWbW1AX0lbFVJE91Ys=
2023.1.26 05:57:08#clientIp:114.130.185.53
2023.1.26 05:57:08#trans_id:qugQ1vpveNWbW1AX0lbFVJE91Ys=
2023.1.26 05:57:10#result:RESULT>OK^RESULT_CODE>000^3DSECURE>SKIPPED^RRN>302605502419^APPROVAL_CODE>745966^CARD_NUMBER>999999*********6896^AMOUNT>252000^CARDNAME>mb account^DESCRIPTION>6BBG2109021^TRANS_DATE>2023-01-26 11:57:07 AM
2023.1.26 05:57:10#51685826055710
2023.1.26 05:57:10#51685826055710
2023.1.26 05:57:10#=================== Transaction Completed =======================
2023.1.26 06:05:24#=================== Start New Transaction ===================
2023.1.26 06:05:24#txnrefnum:MBD2209032
2023.1.26 06:05:24#clientIp:37.111.198.13
2023.1.26 06:05:24#card type:6
2023.1.26 06:05:24#totalamount:722000
2023.1.26 06:05:27#result:TRANSACTION_ID:YVxD7wVuT11FqSKZzfvp0GUDdRE=
2023.1.26 06:05:27#Forward to DBBL Payment Gateway Page: https://ecom1.dutchbanglabank.com/ecomm2/ClientHandler?card_type=6&trans_id=YVxD7wVuT11FqSKZzfvp0GUDdRE%3D
2023.1.26 06:05:55#---------------------- Complete New Transaction---------------------
2023.1.26 06:05:55#Get trans_id From Post Value:YVxD7wVuT11FqSKZzfvp0GUDdRE=
2023.1.26 06:05:55#clientIp:37.111.198.13
2023.1.26 06:05:55#trans_id:YVxD7wVuT11FqSKZzfvp0GUDdRE=
2023.1.26 06:05:57#result:RESULT>OK^RESULT_CODE>000^3DSECURE>SKIPPED^RRN>302606503166^APPROVAL_CODE>902712^CARD_NUMBER>999999*********3811^AMOUNT>722000^CARDNAME>mb account^DESCRIPTION>6MBD2209032^TRANS_DATE>2023-01-26 12:05:54 PM
2023.1.26 06:05:57#37287426060557
2023.1.26 06:05:57#37287426060557
2023.1.26 06:05:57#37287426060557
2023.1.26 06:05:57#37287426060557
2023.1.26 06:05:57#=================== Transaction Completed =======================
2023.1.26 06:17:53#=================== Start New Transaction ===================
2023.1.26 06:17:53#txnrefnum:MBD2007042
2023.1.26 06:17:53#clientIp:103.149.147.163
2023.1.26 06:17:53#card type:6
2023.1.26 06:17:53#totalamount:1002000
2023.1.26 06:17:56#result:TRANSACTION_ID:550jqzLwcylQ8HBfMrE60Kzzxdc=
2023.1.26 06:17:56#Forward to DBBL Payment Gateway Page: https://ecom1.dutchbanglabank.com/ecomm2/ClientHandler?card_type=6&trans_id=550jqzLwcylQ8HBfMrE60Kzzxdc%3D
2023.1.26 06:27:36#=================== Start New Transaction ===================
2023.1.26 06:27:36#txnrefnum:BBM2007198
2023.1.26 06:27:36#clientIp:157.119.238.10
2023.1.26 06:27:36#card type:6
2023.1.26 06:27:36#totalamount:722000
2023.1.26 06:27:39#result:TRANSACTION_ID:0nwqmqr6Aus7y6ASutZBM5hgZis=
2023.1.26 06:27:39#Forward to DBBL Payment Gateway Page: https://ecom1.dutchbanglabank.com/ecomm2/ClientHandler?card_type=6&trans_id=0nwqmqr6Aus7y6ASutZBM5hgZis%3D
2023.1.26 06:29:14#---------------------- Complete New Transaction---------------------
2023.1.26 06:29:14#Get trans_id From Post Value:0nwqmqr6Aus7y6ASutZBM5hgZis=
2023.1.26 06:29:14#clientIp:157.119.238.10
2023.1.26 06:29:14#trans_id:0nwqmqr6Aus7y6ASutZBM5hgZis=
2023.1.26 06:29:16#result:RESULT>OK^RESULT_CODE>000^3DSECURE>SKIPPED^RRN>302606505127^APPROVAL_CODE>990430^CARD_NUMBER>999999*********2298^AMOUNT>722000^CARDNAME>mb account^DESCRIPTION>6BBM2007198^TRANS_DATE>2023-01-26 12:29:13 PM
2023.1.26 06:29:16#37202226062916
2023.1.26 06:29:16#37202226062916
2023.1.26 06:29:16#37202226062916
2023.1.26 06:29:16#37202226062916
2023.1.26 06:29:16#=================== Transaction Completed =======================
2023.1.26 06:30:57#=================== Start New Transaction ===================
2023.1.26 06:30:57#txnrefnum:MBD2008046
2023.1.26 06:30:57#clientIp:103.242.23.176
2023.1.26 06:30:57#card type:6
2023.1.26 06:30:57#totalamount:252000
2023.1.26 06:31:00#result:TRANSACTION_ID:icN8NtY6F4LZ54oBpqefn5eNdkM=
2023.1.26 06:31:00#Forward to DBBL Payment Gateway Page: https://ecom1.dutchbanglabank.com/ecomm2/ClientHandler?card_type=6&trans_id=icN8NtY6F4LZ54oBpqefn5eNdkM%3D
2023.1.26 06:31:43#---------------------- Complete New Transaction---------------------
2023.1.26 06:31:43#Get trans_id From Post Value:icN8NtY6F4LZ54oBpqefn5eNdkM=
2023.1.26 06:31:43#clientIp:103.242.23.176
2023.1.26 06:31:43#trans_id:icN8NtY6F4LZ54oBpqefn5eNdkM=
2023.1.26 06:31:45#result:RESULT>OK^RESULT_CODE>000^3DSECURE>SKIPPED^RRN>302606505365^APPROVAL_CODE>994784^CARD_NUMBER>999999*********7532^AMOUNT>252000^CARDNAME>mb account^DESCRIPTION>6MBD2008046^TRANS_DATE>2023-01-26 12:31:42 PM
2023.1.26 06:31:45#51694026063145
2023.1.26 06:31:45#51694026063145
2023.1.26 06:31:45#=================== Transaction Completed =======================
2023.1.26 06:32:50#=================== Start New Transaction ===================
2023.1.26 06:32:50#txnrefnum:501030
2023.1.26 06:32:50#clientIp:103.58.73.248
2023.1.26 06:32:50#card type:6
2023.1.26 06:32:50#totalamount:752000
2023.1.26 06:32:52#result:TRANSACTION_ID:VRoH47NGqrRu2viSlNmETruVP1Y=
2023.1.26 06:32:53#Forward to DBBL Payment Gateway Page: https://ecom1.dutchbanglabank.com/ecomm2/ClientHandler?card_type=6&trans_id=VRoH47NGqrRu2viSlNmETruVP1Y%3D
2023.1.26 06:34:49#---------------------- Complete New Transaction---------------------
2023.1.26 06:34:49#Get trans_id From Post Value:VRoH47NGqrRu2viSlNmETruVP1Y=
2023.1.26 06:34:49#clientIp:103.58.73.248
2023.1.26 06:34:49#trans_id:VRoH47NGqrRu2viSlNmETruVP1Y=
2023.1.26 06:34:50#result:RESULT>FAILED^RESULT_CODE>116^3DSECURE>SKIPPED^RRN>302606505677^APPROVAL_CODE>0^CARD_NUMBER>999999*********9970^AMOUNT>752000^CARDNAME>mb account^DESCRIPTION>6501030^TRANS_DATE>2023-01-26 12:34:47 PM
2023.1.26 06:34:50#Not Sufficient Amount
2023.1.26 06:36:23#=================== Start New Transaction ===================
2023.1.26 06:36:23#txnrefnum:501030
2023.1.26 06:36:23#clientIp:103.58.73.248
2023.1.26 06:36:23#card type:6
2023.1.26 06:36:23#totalamount:752000
2023.1.26 06:36:25#result:TRANSACTION_ID:u65vtO771vvYSG5Z1seZSDSf4sw=
2023.1.26 06:36:26#Forward to DBBL Payment Gateway Page: https://ecom1.dutchbanglabank.com/ecomm2/ClientHandler?card_type=6&trans_id=u65vtO771vvYSG5Z1seZSDSf4sw%3D
2023.1.26 06:39:37#---------------------- Complete New Transaction---------------------
2023.1.26 06:39:37#Get trans_id From Post Value:u65vtO771vvYSG5Z1seZSDSf4sw=
2023.1.26 06:39:37#clientIp:103.58.73.248
2023.1.26 06:39:37#trans_id:u65vtO771vvYSG5Z1seZSDSf4sw=
2023.1.26 06:39:39#result:RESULT>OK^RESULT_CODE>000^3DSECURE>SKIPPED^RRN>302606506065^APPROVAL_CODE>039135^CARD_NUMBER>999999*********9970^AMOUNT>752000^CARDNAME>mb account^DESCRIPTION>6501030^TRANS_DATE>2023-01-26 12:39:36 PM
2023.1.26 06:39:39#52581326063939
2023.1.26 06:39:39#52581326063939
2023.1.26 06:39:39#=================== Transaction Completed =======================
2023.1.26 06:39:48#=================== Start New Transaction ===================
2023.1.26 06:39:48#txnrefnum:437761
2023.1.26 06:39:48#clientIp:37.111.198.13
2023.1.26 06:39:48#card type:6
2023.1.26 06:39:48#totalamount:752000
2023.1.26 06:39:51#result:TRANSACTION_ID:ikrXPL4FeRCMqsmaiB60Auc7OKc=
2023.1.26 06:39:51#Forward to DBBL Payment Gateway Page: https://ecom1.dutchbanglabank.com/ecomm2/ClientHandler?card_type=6&trans_id=ikrXPL4FeRCMqsmaiB60Auc7OKc%3D
2023.1.26 06:40:09#---------------------- Complete New Transaction---------------------
2023.1.26 06:40:09#Get trans_id From Post Value:ikrXPL4FeRCMqsmaiB60Auc7OKc=
2023.1.26 06:40:09#clientIp:37.111.198.13
2023.1.26 06:40:09#trans_id:ikrXPL4FeRCMqsmaiB60Auc7OKc=
2023.1.26 06:40:10#result:RESULT>OK^RESULT_CODE>000^3DSECURE>SKIPPED^RRN>302606506107^APPROVAL_CODE>066912^CARD_NUMBER>999999*********3811^AMOUNT>752000^CARDNAME>mb account^DESCRIPTION>6437761^TRANS_DATE>2023-01-26 12:40:07 PM
2023.1.26 06:40:10#52582626064010
2023.1.26 06:40:11#52582626064010
2023.1.26 06:40:11#=================== Transaction Completed =======================
2023.1.26 06:47:12#=================== Start New Transaction ===================
2023.1.26 06:47:12#txnrefnum:500958
2023.1.26 06:47:12#clientIp:37.111.198.13
2023.1.26 06:47:12#card type:6
2023.1.26 06:47:12#totalamount:752000
2023.1.26 06:47:15#result:TRANSACTION_ID:nENSumJmIp8k3JC4lpCdQKd4YEI=
2023.1.26 06:47:15#Forward to DBBL Payment Gateway Page: https://ecom1.dutchbanglabank.com/ecomm2/ClientHandler?card_type=6&trans_id=nENSumJmIp8k3JC4lpCdQKd4YEI%3D
2023.1.26 06:54:11#=================== Start New Transaction ===================
2023.1.26 06:54:11#txnrefnum:500958
2023.1.26 06:54:11#clientIp:37.111.198.13
2023.1.26 06:54:11#card type:6
2023.1.26 06:54:11#totalamount:752000
2023.1.26 06:54:13#result:TRANSACTION_ID:SbwzAHnG41SBu5hXcxM39HplT9k=
2023.1.26 06:54:14#Forward to DBBL Payment Gateway Page: https://ecom1.dutchbanglabank.com/ecomm2/ClientHandler?card_type=6&trans_id=SbwzAHnG41SBu5hXcxM39HplT9k%3D
2023.1.26 06:54:27#---------------------- Complete New Transaction---------------------
2023.1.26 06:54:27#Get trans_id From Post Value:SbwzAHnG41SBu5hXcxM39HplT9k=
2023.1.26 06:54:27#clientIp:37.111.198.13
2023.1.26 06:54:27#trans_id:SbwzAHnG41SBu5hXcxM39HplT9k=
2023.1.26 06:54:28#result:RESULT>OK^RESULT_CODE>000^3DSECURE>SKIPPED^RRN>302606507328^APPROVAL_CODE>132286^CARD_NUMBER>999999*********3811^AMOUNT>752000^CARDNAME>mb account^DESCRIPTION>6500958^TRANS_DATE>2023-01-26 12:54:26 PM
2023.1.26 06:54:28#52584026065428
2023.1.26 06:54:29#52584026065428
2023.1.26 06:54:29#=================== Transaction Completed =======================
2023.1.26 06:55:21#=================== Start New Transaction ===================
2023.1.26 06:55:21#txnrefnum:201728
2023.1.26 06:55:21#clientIp:37.111.198.13
2023.1.26 06:55:21#card type:6
2023.1.26 06:55:21#totalamount:752000
2023.1.26 06:55:24#result:TRANSACTION_ID:xNLC9dAnwDIC0jixUioxukP51zU=
2023.1.26 06:55:24#Forward to DBBL Payment Gateway Page: https://ecom1.dutchbanglabank.com/ecomm2/ClientHandler?card_type=6&trans_id=xNLC9dAnwDIC0jixUioxukP51zU%3D
2023.1.26 06:55:41#---------------------- Complete New Transaction---------------------
2023.1.26 06:55:41#Get trans_id From Post Value:xNLC9dAnwDIC0jixUioxukP51zU=
2023.1.26 06:55:41#clientIp:37.111.198.13
2023.1.26 06:55:41#trans_id:xNLC9dAnwDIC0jixUioxukP51zU=
2023.1.26 06:55:43#result:RESULT>OK^RESULT_CODE>000^3DSECURE>SKIPPED^RRN>302606507436^APPROVAL_CODE>134865^CARD_NUMBER>999999*********3811^AMOUNT>752000^CARDNAME>mb account^DESCRIPTION>6201728^TRANS_DATE>2023-01-26 12:55:39 PM
2023.1.26 06:55:43#52585326065543
2023.1.26 06:55:44#52585326065543
2023.1.26 06:55:44#=================== Transaction Completed =======================
2023.1.26 06:59:32#=================== Start New Transaction ===================
2023.1.26 06:59:32#txnrefnum:BBD2207016
2023.1.26 06:59:32#clientIp:103.162.230.253
2023.1.26 06:59:32#card type:6
2023.1.26 06:59:32#totalamount:722000
2023.1.26 06:59:34#result:TRANSACTION_ID:9Pe2VWuXed2sUIYHHG9SOJQM6Uk=
2023.1.26 06:59:35#Forward to DBBL Payment Gateway Page: https://ecom1.dutchbanglabank.com/ecomm2/ClientHandler?card_type=6&trans_id=9Pe2VWuXed2sUIYHHG9SOJQM6Uk%3D
2023.1.26 07:00:05#---------------------- Complete New Transaction---------------------
2023.1.26 07:00:05#Get trans_id From Post Value:9Pe2VWuXed2sUIYHHG9SOJQM6Uk=
2023.1.26 07:00:05#clientIp:103.162.230.253
2023.1.26 07:00:05#trans_id:9Pe2VWuXed2sUIYHHG9SOJQM6Uk=
2023.1.26 07:00:07#result:RESULT>OK^RESULT_CODE>000^3DSECURE>SKIPPED^RRN>302607507831^APPROVAL_CODE>203758^CARD_NUMBER>999999*********9200^AMOUNT>722000^CARDNAME>mb account^DESCRIPTION>6BBD2207016^TRANS_DATE>2023-01-26 01:00:04 PM
2023.1.26 07:00:07#36859126070007
2023.1.26 07:00:07#36859126070007
2023.1.26 07:00:07#36859126070007
2023.1.26 07:00:07#36859126070007
2023.1.26 07:00:07#=================== Transaction Completed =======================
2023.1.26 07:05:37#=================== Start New Transaction ===================
2023.1.26 07:05:37#txnrefnum:MBM2206704
2023.1.26 07:05:37#clientIp:37.111.212.108
2023.1.26 07:05:37#card type:6
2023.1.26 07:05:37#totalamount:102000
2023.1.26 07:05:39#result:TRANSACTION_ID:3PSGlcarVCfq8lkEKa8g3SvSqSM=
2023.1.26 07:05:40#Forward to DBBL Payment Gateway Page: https://ecom1.dutchbanglabank.com/ecomm2/ClientHandler?card_type=6&trans_id=3PSGlcarVCfq8lkEKa8g3SvSqSM%3D
2023.1.26 07:06:28#---------------------- Complete New Transaction---------------------
2023.1.26 07:06:28#Get trans_id From Post Value:3PSGlcarVCfq8lkEKa8g3SvSqSM=
2023.1.26 07:06:28#clientIp:37.111.212.108
2023.1.26 07:06:28#trans_id:3PSGlcarVCfq8lkEKa8g3SvSqSM=
2023.1.26 07:06:30#result:RESULT>OK^RESULT_CODE>000^3DSECURE>SKIPPED^RRN>302607508328^APPROVAL_CODE>216584^CARD_NUMBER>999999*********7691^AMOUNT>102000^CARDNAME>mb account^DESCRIPTION>6MBM2206704^TRANS_DATE>2023-01-26 01:06:27 PM
2023.1.26 07:06:30#43969026070630
2023.1.26 07:06:30#43969026070630
2023.1.26 07:06:30#=================== Transaction Completed =======================
2023.1.26 07:13:12#=================== Start New Transaction ===================
2023.1.26 07:13:12#txnrefnum:BBM2005053
2023.1.26 07:13:12#clientIp:103.138.120.255
2023.1.26 07:13:12#card type:6
2023.1.26 07:13:12#totalamount:722000
2023.1.26 07:13:15#result:TRANSACTION_ID:EUXui6SvcrjRoDneqh9GsK8Iyrk=
2023.1.26 07:13:15#Forward to DBBL Payment Gateway Page: https://ecom1.dutchbanglabank.com/ecomm2/ClientHandler?card_type=6&trans_id=EUXui6SvcrjRoDneqh9GsK8Iyrk%3D
2023.1.26 07:15:07#---------------------- Complete New Transaction---------------------
2023.1.26 07:15:07#Get trans_id From Post Value:EUXui6SvcrjRoDneqh9GsK8Iyrk=
2023.1.26 07:15:07#clientIp:103.138.120.255
2023.1.26 07:15:07#trans_id:EUXui6SvcrjRoDneqh9GsK8Iyrk=
2023.1.26 07:15:09#result:RESULT>FAILED^RESULT_CODE>116^3DSECURE>SKIPPED^RRN>302607509050^APPROVAL_CODE>0^CARD_NUMBER>999999*********0605^AMOUNT>722000^CARDNAME>mb account^DESCRIPTION>6BBM2005053^TRANS_DATE>2023-01-26 01:15:06 PM
2023.1.26 07:15:09#Not Sufficient Amount
2023.1.26 07:15:55#=================== Start New Transaction ===================
2023.1.26 07:15:55#txnrefnum:BBM2005053
2023.1.26 07:15:55#clientIp:103.138.120.255
2023.1.26 07:15:55#card type:6
2023.1.26 07:15:55#totalamount:722000
2023.1.26 07:15:58#result:TRANSACTION_ID:PBK9zMSEgOgUq4CklAQmQen3ae4=
2023.1.26 07:15:58#Forward to DBBL Payment Gateway Page: https://ecom1.dutchbanglabank.com/ecomm2/ClientHandler?card_type=6&trans_id=PBK9zMSEgOgUq4CklAQmQen3ae4%3D
2023.1.26 07:18:05#=================== Start New Transaction ===================
2023.1.26 07:18:05#txnrefnum:BBM2005053
2023.1.26 07:18:05#clientIp:103.138.120.255
2023.1.26 07:18:05#card type:6
2023.1.26 07:18:05#totalamount:722000
2023.1.26 07:18:08#result:TRANSACTION_ID:nlJCbZKbEjR12Qv63m2T4c5SkP4=
2023.1.26 07:18:08#Forward to DBBL Payment Gateway Page: https://ecom1.dutchbanglabank.com/ecomm2/ClientHandler?card_type=6&trans_id=nlJCbZKbEjR12Qv63m2T4c5SkP4%3D
2023.1.26 07:19:04#---------------------- Complete New Transaction---------------------
2023.1.26 07:19:04#Get trans_id From Post Value:nlJCbZKbEjR12Qv63m2T4c5SkP4=
2023.1.26 07:19:04#clientIp:103.138.120.255
2023.1.26 07:19:04#trans_id:nlJCbZKbEjR12Qv63m2T4c5SkP4=
2023.1.26 07:19:06#result:RESULT>OK^RESULT_CODE>000^3DSECURE>SKIPPED^RRN>302607509425^APPROVAL_CODE>324466^CARD_NUMBER>999999*********0605^AMOUNT>722000^CARDNAME>mb account^DESCRIPTION>6BBM2005053^TRANS_DATE>2023-01-26 01:19:03 PM
2023.1.26 07:19:06#36880826071906
2023.1.26 07:19:06#36880826071906
2023.1.26 07:19:06#36880826071906
2023.1.26 07:19:06#36880826071906
2023.1.26 07:19:06#=================== Transaction Completed =======================
2023.1.26 07:33:12#=================== Start New Transaction ===================
2023.1.26 07:33:12#txnrefnum:MSC22111198
2023.1.26 07:33:12#clientIp:116.204.143.73
2023.1.26 07:33:12#card type:6
2023.1.26 07:33:12#totalamount:582000
2023.1.26 07:33:14#result:TRANSACTION_ID:v8t4oFLthZ7MncN1M6AKpCSn6qA=
2023.1.26 07:33:15#Forward to DBBL Payment Gateway Page: https://ecom1.dutchbanglabank.com/ecomm2/ClientHandler?card_type=6&trans_id=v8t4oFLthZ7MncN1M6AKpCSn6qA%3D
2023.1.26 07:33:48#---------------------- Complete New Transaction---------------------
2023.1.26 07:33:48#Get trans_id From Post Value:v8t4oFLthZ7MncN1M6AKpCSn6qA=
2023.1.26 07:33:48#clientIp:116.204.143.73
2023.1.26 07:33:48#trans_id:v8t4oFLthZ7MncN1M6AKpCSn6qA=
2023.1.26 07:33:49#result:RESULT>OK^RESULT_CODE>000^3DSECURE>SKIPPED^RRN>302607510551^APPROVAL_CODE>365057^CARD_NUMBER>999999*********5466^AMOUNT>582000^CARDNAME>mb account^DESCRIPTION>6MSC22111198^TRANS_DATE>2023-01-26 01:33:47 PM
2023.1.26 07:33:49#1503526073349
2023.1.26 07:33:50#1503526073349
2023.1.26 07:33:50#1503526073349
2023.1.26 07:33:50#1503526073349
2023.1.26 07:33:50#1503526073349
2023.1.26 07:33:50#1503526073349
2023.1.26 07:33:50#1503526073349
2023.1.26 07:33:50#1503526073349
2023.1.26 07:33:50#=================== Transaction Completed =======================
2023.1.26 07:52:12#=================== Start New Transaction ===================
2023.1.26 07:52:12#txnrefnum:MBD2207058
2023.1.26 07:52:12#clientIp:114.130.185.53
2023.1.26 07:52:12#card type:6
2023.1.26 07:52:12#totalamount:722000
2023.1.26 07:52:15#result:TRANSACTION_ID:WhIRLpa60j05EsbyymN3WcNT9zY=
2023.1.26 07:52:15#Forward to DBBL Payment Gateway Page: https://ecom1.dutchbanglabank.com/ecomm2/ClientHandler?card_type=6&trans_id=WhIRLpa60j05EsbyymN3WcNT9zY%3D
2023.1.26 07:52:41#---------------------- Complete New Transaction---------------------
2023.1.26 07:52:41#Get trans_id From Post Value:WhIRLpa60j05EsbyymN3WcNT9zY=
2023.1.26 07:52:41#clientIp:114.130.185.53
2023.1.26 07:52:41#trans_id:WhIRLpa60j05EsbyymN3WcNT9zY=
2023.1.26 07:52:43#result:RESULT>OK^RESULT_CODE>000^3DSECURE>SKIPPED^RRN>302607512039^APPROVAL_CODE>392213^CARD_NUMBER>999999*********6896^AMOUNT>722000^CARDNAME>mb account^DESCRIPTION>6MBD2207058^TRANS_DATE>2023-01-26 01:52:39 PM
2023.1.26 07:52:43#36845926075243
2023.1.26 07:52:43#36845926075243
2023.1.26 07:52:43#36845926075243
2023.1.26 07:52:43#36845926075243
2023.1.26 07:52:43#=================== Transaction Completed =======================
2023.1.26 07:55:24#=================== Start New Transaction ===================
2023.1.26 07:55:24#txnrefnum:MBD2004258
2023.1.26 07:55:24#clientIp:103.101.199.90
2023.1.26 07:55:24#card type:6
2023.1.26 07:55:24#totalamount:722000
2023.1.26 07:55:27#result:TRANSACTION_ID:Ii07FG0XuzG3xKvM48ipS8uKREc=
2023.1.26 07:55:27#Forward to DBBL Payment Gateway Page: https://ecom1.dutchbanglabank.com/ecomm2/ClientHandler?card_type=6&trans_id=Ii07FG0XuzG3xKvM48ipS8uKREc%3D
2023.1.26 08:00:15#=================== Start New Transaction ===================
2023.1.26 08:00:15#txnrefnum:MBD2004258
2023.1.26 08:00:15#clientIp:114.130.184.185
2023.1.26 08:00:15#card type:6
2023.1.26 08:00:15#totalamount:722000
2023.1.26 08:00:18#result:TRANSACTION_ID:GpS3Rm1GzDTzIk3fpjpos4KC5Pk=
2023.1.26 08:00:18#Forward to DBBL Payment Gateway Page: https://ecom1.dutchbanglabank.com/ecomm2/ClientHandler?card_type=6&trans_id=GpS3Rm1GzDTzIk3fpjpos4KC5Pk%3D
2023.1.26 08:01:12#---------------------- Complete New Transaction---------------------
2023.1.26 08:01:12#Get trans_id From Post Value:GpS3Rm1GzDTzIk3fpjpos4KC5Pk=
2023.1.26 08:01:12#clientIp:182.160.107.220
2023.1.26 08:01:12#trans_id:GpS3Rm1GzDTzIk3fpjpos4KC5Pk=
2023.1.26 08:01:14#result:RESULT>OK^RESULT_CODE>000^3DSECURE>SKIPPED^RRN>302608512725^APPROVAL_CODE>554523^CARD_NUMBER>999999*********8202^AMOUNT>722000^CARDNAME>mb account^DESCRIPTION>6MBD2004258^TRANS_DATE>2023-01-26 02:01:11 PM
2023.1.26 08:01:14#51578326080114
2023.1.26 08:01:14#51578326080114
2023.1.26 08:01:14#51578326080114
2023.1.26 08:01:14#51578326080114
2023.1.26 08:01:14#=================== Transaction Completed =======================
2023.1.26 08:19:31#=================== Start New Transaction ===================
2023.1.26 08:19:31#txnrefnum:BBM2007119
2023.1.26 08:19:31#clientIp:157.119.238.10
2023.1.26 08:19:31#card type:6
2023.1.26 08:19:31#totalamount:722000
2023.1.26 08:19:34#result:TRANSACTION_ID:jGjSKZqFCXBTSvGNwhWpbLRii9A=
2023.1.26 08:19:34#Forward to DBBL Payment Gateway Page: https://ecom1.dutchbanglabank.com/ecomm2/ClientHandler?card_type=6&trans_id=jGjSKZqFCXBTSvGNwhWpbLRii9A%3D
2023.1.26 08:21:13#---------------------- Complete New Transaction---------------------
2023.1.26 08:21:13#Get trans_id From Post Value:jGjSKZqFCXBTSvGNwhWpbLRii9A=
2023.1.26 08:21:13#clientIp:157.119.238.10
2023.1.26 08:21:13#trans_id:jGjSKZqFCXBTSvGNwhWpbLRii9A=
2023.1.26 08:21:14#result:RESULT>OK^RESULT_CODE>000^3DSECURE>SKIPPED^RRN>302608514304^APPROVAL_CODE>588157^CARD_NUMBER>999999*********2298^AMOUNT>722000^CARDNAME>mb account^DESCRIPTION>6BBM2007119^TRANS_DATE>2023-01-26 02:21:12 PM
2023.1.26 08:21:14#37189926082114
2023.1.26 08:21:15#37189926082114
2023.1.26 08:21:15#37189926082114
2023.1.26 08:21:15#37189926082114
2023.1.26 08:21:15#=================== Transaction Completed =======================
2023.1.26 09:07:03#=================== Start New Transaction ===================
2023.1.26 09:07:03#txnrefnum:100060
2023.1.26 09:07:03#clientIp:43.224.109.199
2023.1.26 09:07:03#card type:6
2023.1.26 09:07:03#totalamount:752000
2023.1.26 09:07:06#result:TRANSACTION_ID:tnG4jDH2iGEzCNpwy8oH8iXf7Jw=
2023.1.26 09:07:06#Forward to DBBL Payment Gateway Page: https://ecom1.dutchbanglabank.com/ecomm2/ClientHandler?card_type=6&trans_id=tnG4jDH2iGEzCNpwy8oH8iXf7Jw%3D
2023.1.26 09:07:54#---------------------- Complete New Transaction---------------------
2023.1.26 09:07:54#Get trans_id From Post Value:tnG4jDH2iGEzCNpwy8oH8iXf7Jw=
2023.1.26 09:07:54#clientIp:43.224.109.199
2023.1.26 09:07:54#trans_id:tnG4jDH2iGEzCNpwy8oH8iXf7Jw=
2023.1.26 09:07:56#result:RESULT>OK^RESULT_CODE>000^3DSECURE>SKIPPED^RRN>302609517646^APPROVAL_CODE>736354^CARD_NUMBER>999999*********9385^AMOUNT>752000^CARDNAME>mb account^DESCRIPTION>6100060^TRANS_DATE>2023-01-26 03:07:53 PM
2023.1.26 09:07:56#52587926090756
2023.1.26 09:07:57#52587926090756
2023.1.26 09:07:57#=================== Transaction Completed =======================
2023.1.26 10:29:11#=================== Start New Transaction ===================
2023.1.26 10:29:11#txnrefnum:MBD2008131
2023.1.26 10:29:11#clientIp:103.133.201.111
2023.1.26 10:29:11#card type:6
2023.1.26 10:29:11#totalamount:252000
2023.1.26 10:29:13#result:TRANSACTION_ID:5JS2mfou1rDOEBxyAQA2eQLPXPo=
2023.1.26 10:29:14#Forward to DBBL Payment Gateway Page: https://ecom1.dutchbanglabank.com/ecomm2/ClientHandler?card_type=6&trans_id=5JS2mfou1rDOEBxyAQA2eQLPXPo%3D
2023.1.26 10:31:34#---------------------- Complete New Transaction---------------------
2023.1.26 10:31:34#Get trans_id From Post Value:5JS2mfou1rDOEBxyAQA2eQLPXPo=
2023.1.26 10:31:34#clientIp:103.133.201.111
2023.1.26 10:31:34#trans_id:5JS2mfou1rDOEBxyAQA2eQLPXPo=
2023.1.26 10:31:35#result:RESULT>OK^RESULT_CODE>000^3DSECURE>SKIPPED^RRN>302610524171^APPROVAL_CODE>074687^CARD_NUMBER>999999*********2417^AMOUNT>252000^CARDNAME>mb account^DESCRIPTION>6MBD2008131^TRANS_DATE>2023-01-26 04:31:33 PM
2023.1.26 10:31:35#51726326103135
2023.1.26 10:31:35#51726326103135
2023.1.26 10:31:35#=================== Transaction Completed =======================
2023.1.26 12:15:26#=================== Start New Transaction ===================
2023.1.26 12:15:26#txnrefnum:BBD2302017
2023.1.26 12:15:26#clientIp:157.119.238.10
2023.1.26 12:15:26#card type:6
2023.1.26 12:15:26#totalamount:802000
2023.1.26 12:15:29#result:TRANSACTION_ID:083QdlaGG3iJ2Edcyx2jv6k16m0=
2023.1.26 12:15:30#Forward to DBBL Payment Gateway Page: https://ecom1.dutchbanglabank.com/ecomm2/ClientHandler?card_type=6&trans_id=083QdlaGG3iJ2Edcyx2jv6k16m0%3D
2023.1.26 12:16:16#=================== Start New Transaction ===================
2023.1.26 12:16:16#txnrefnum:BBD2302017
2023.1.26 12:16:16#clientIp:157.119.238.10
2023.1.26 12:16:16#card type:6
2023.1.26 12:16:16#totalamount:802000
2023.1.26 12:16:19#result:TRANSACTION_ID:bS2tXq8FBrYySQ6nsPXgRWyQhnc=
2023.1.26 12:16:19#Forward to DBBL Payment Gateway Page: https://ecom1.dutchbanglabank.com/ecomm2/ClientHandler?card_type=6&trans_id=bS2tXq8FBrYySQ6nsPXgRWyQhnc%3D
2023.1.26 12:16:45#---------------------- Complete New Transaction---------------------
2023.1.26 12:16:45#Get trans_id From Post Value:bS2tXq8FBrYySQ6nsPXgRWyQhnc=
2023.1.26 12:16:45#clientIp:157.119.238.10
2023.1.26 12:16:45#trans_id:bS2tXq8FBrYySQ6nsPXgRWyQhnc=
2023.1.26 12:16:47#result:RESULT>OK^RESULT_CODE>000^3DSECURE>SKIPPED^RRN>302612532105^APPROVAL_CODE>678397^CARD_NUMBER>999999*********2298^AMOUNT>802000^CARDNAME>mb account^DESCRIPTION>6BBD2302017^TRANS_DATE>2023-01-26 06:16:44 PM
2023.1.26 12:16:47#52589626121647
2023.1.26 12:16:47#52589626121647
2023.1.26 12:16:47#52589626121647
2023.1.26 12:16:47#52589626121647
2023.1.26 12:16:47#=================== Transaction Completed =======================
2023.1.26 12:20:41#=================== Start New Transaction ===================
2023.1.26 12:20:41#txnrefnum:BBB2109015
2023.1.26 12:20:41#clientIp:103.138.120.255
2023.1.26 12:20:41#card type:6
2023.1.26 12:20:41#totalamount:252000
2023.1.26 12:20:44#result:TRANSACTION_ID:4iB4JxNAXB2aJfSq12Bnly61R6E=
2023.1.26 12:20:45#Forward to DBBL Payment Gateway Page: https://ecom1.dutchbanglabank.com/ecomm2/ClientHandler?card_type=6&trans_id=4iB4JxNAXB2aJfSq12Bnly61R6E%3D
2023.1.26 12:21:21#---------------------- Complete New Transaction---------------------
2023.1.26 12:21:21#Get trans_id From Post Value:4iB4JxNAXB2aJfSq12Bnly61R6E=
2023.1.26 12:21:21#clientIp:103.138.120.255
2023.1.26 12:21:21#trans_id:4iB4JxNAXB2aJfSq12Bnly61R6E=
2023.1.26 12:21:23#result:RESULT>OK^RESULT_CODE>000^3DSECURE>SKIPPED^RRN>302612532453^APPROVAL_CODE>746912^CARD_NUMBER>999999*********0605^AMOUNT>252000^CARDNAME>mb account^DESCRIPTION>6BBB2109015^TRANS_DATE>2023-01-26 06:21:21 PM
2023.1.26 12:21:23#51648326122123
2023.1.26 12:21:23#51648326122123
2023.1.26 12:21:23#=================== Transaction Completed =======================
2023.1.26 12:22:07#=================== Start New Transaction ===================
2023.1.26 12:22:07#txnrefnum:BBM2008070
2023.1.26 12:22:07#clientIp:43.245.140.118
2023.1.26 12:22:07#card type:6
2023.1.26 12:22:07#totalamount:252000
2023.1.26 12:22:10#result:TRANSACTION_ID:1ztNmUUEH5TezfPrpnXbcEPR3sw=
2023.1.26 12:22:10#Forward to DBBL Payment Gateway Page: https://ecom1.dutchbanglabank.com/ecomm2/ClientHandler?card_type=6&trans_id=1ztNmUUEH5TezfPrpnXbcEPR3sw%3D
2023.1.26 12:22:40#---------------------- Complete New Transaction---------------------
2023.1.26 12:22:40#Get trans_id From Post Value:1ztNmUUEH5TezfPrpnXbcEPR3sw=
2023.1.26 12:22:40#clientIp:43.245.140.118
2023.1.26 12:22:40#trans_id:1ztNmUUEH5TezfPrpnXbcEPR3sw=
2023.1.26 12:22:42#result:RESULT>OK^RESULT_CODE>000^3DSECURE>SKIPPED^RRN>302612532558^APPROVAL_CODE>800669^CARD_NUMBER>999999*********2223^AMOUNT>252000^CARDNAME>mb account^DESCRIPTION>6BBM2008070^TRANS_DATE>2023-01-26 06:22:39 PM
2023.1.26 12:22:42#51680626122242
2023.1.26 12:22:42#51680626122242
2023.1.26 12:22:42#=================== Transaction Completed =======================
2023.1.26 12:55:14#=================== Start New Transaction ===================
2023.1.26 12:55:14#txnrefnum:BBG2101141
2023.1.26 12:55:14#clientIp:103.149.56.29
2023.1.26 12:55:14#card type:6
2023.1.26 12:55:14#totalamount:722000
2023.1.26 12:55:17#result:TRANSACTION_ID:9m86rHjG83icPJYQQ07OyDHHK2U=
2023.1.26 12:55:17#Forward to DBBL Payment Gateway Page: https://ecom1.dutchbanglabank.com/ecomm2/ClientHandler?card_type=6&trans_id=9m86rHjG83icPJYQQ07OyDHHK2U%3D
2023.1.26 12:56:05#---------------------- Complete New Transaction---------------------
2023.1.26 12:56:05#Get trans_id From Post Value:9m86rHjG83icPJYQQ07OyDHHK2U=
2023.1.26 12:56:05#clientIp:103.149.56.29
2023.1.26 12:56:05#trans_id:9m86rHjG83icPJYQQ07OyDHHK2U=
2023.1.26 12:56:07#result:RESULT>OK^RESULT_CODE>000^3DSECURE>SKIPPED^RRN>302612535121^APPROVAL_CODE>996079^CARD_NUMBER>999999*********2228^AMOUNT>722000^CARDNAME>mb account^DESCRIPTION>6BBG2101141^TRANS_DATE>2023-01-26 06:56:04 PM
2023.1.26 12:56:07#36433726125607
2023.1.26 12:56:07#36433726125607
2023.1.26 12:56:07#36433726125607
2023.1.26 12:56:07#36433726125607
2023.1.26 12:56:07#=================== Transaction Completed =======================
2023.1.26 13:29:50#=================== Start New Transaction ===================
2023.1.26 13:29:50#txnrefnum:BBB2101022
2023.1.26 13:29:50#clientIp:157.119.238.10
2023.1.26 13:29:50#card type:6
2023.1.26 13:29:50#totalamount:722000
2023.1.26 13:29:53#result:TRANSACTION_ID:1msnA7DI3Bp4nz6CyHN4gbmUSPI=
2023.1.26 13:29:53#Forward to DBBL Payment Gateway Page: https://ecom1.dutchbanglabank.com/ecomm2/ClientHandler?card_type=6&trans_id=1msnA7DI3Bp4nz6CyHN4gbmUSPI%3D
2023.1.26 13:30:27#---------------------- Complete New Transaction---------------------
2023.1.26 13:30:27#Get trans_id From Post Value:1msnA7DI3Bp4nz6CyHN4gbmUSPI=
2023.1.26 13:30:27#clientIp:157.119.238.10
2023.1.26 13:30:27#trans_id:1msnA7DI3Bp4nz6CyHN4gbmUSPI=
2023.1.26 13:30:29#result:RESULT>OK^RESULT_CODE>000^3DSECURE>SKIPPED^RRN>302613537763^APPROVAL_CODE>239556^CARD_NUMBER>999999*********2298^AMOUNT>722000^CARDNAME>mb account^DESCRIPTION>6BBB2101022^TRANS_DATE>2023-01-26 07:30:25 PM
2023.1.26 13:30:29#36420626013029
2023.1.26 13:30:29#36420626013029
2023.1.26 13:30:29#36420626013029
2023.1.26 13:30:29#36420626013029
2023.1.26 13:30:29#=================== Transaction Completed =======================
2023.1.26 13:38:48#=================== Start New Transaction ===================
2023.1.26 13:38:48#txnrefnum:MBD2008039
2023.1.26 13:38:48#clientIp:114.130.185.102
2023.1.26 13:38:48#card type:6
2023.1.26 13:38:48#totalamount:252000
2023.1.26 13:38:50#result:TRANSACTION_ID:d5Ke04voVcrwkdk8wlL06h5PdTw=
2023.1.26 13:38:51#Forward to DBBL Payment Gateway Page: https://ecom1.dutchbanglabank.com/ecomm2/ClientHandler?card_type=6&trans_id=d5Ke04voVcrwkdk8wlL06h5PdTw%3D
2023.1.26 13:39:24#---------------------- Complete New Transaction---------------------
2023.1.26 13:39:24#Get trans_id From Post Value:d5Ke04voVcrwkdk8wlL06h5PdTw=
2023.1.26 13:39:24#clientIp:114.130.185.102
2023.1.26 13:39:24#trans_id:d5Ke04voVcrwkdk8wlL06h5PdTw=
2023.1.26 13:39:25#result:RESULT>OK^RESULT_CODE>000^3DSECURE>SKIPPED^RRN>302613538403^APPROVAL_CODE>371544^CARD_NUMBER>999999*********3945^AMOUNT>252000^CARDNAME>mb account^DESCRIPTION>6MBD2008039^TRANS_DATE>2023-01-26 07:39:23 PM
2023.1.26 13:39:26#51693426013925
2023.1.26 13:39:26#51693426013925
2023.1.26 13:39:26#=================== Transaction Completed =======================
2023.1.26 13:56:47#=================== Start New Transaction ===================
2023.1.26 13:56:47#txnrefnum:BBM2004120
2023.1.26 13:56:47#clientIp:157.119.238.10
2023.1.26 13:56:47#card type:6
2023.1.26 13:56:47#totalamount:722000
2023.1.26 13:56:50#result:TRANSACTION_ID:wziJSCWBkHmiku4aF04s8ieqw3s=
2023.1.26 13:56:50#Forward to DBBL Payment Gateway Page: https://ecom1.dutchbanglabank.com/ecomm2/ClientHandler?card_type=6&trans_id=wziJSCWBkHmiku4aF04s8ieqw3s%3D
2023.1.26 13:57:38#---------------------- Complete New Transaction---------------------
2023.1.26 13:57:38#Get trans_id From Post Value:wziJSCWBkHmiku4aF04s8ieqw3s=
2023.1.26 13:57:38#clientIp:157.119.238.10
2023.1.26 13:57:38#trans_id:wziJSCWBkHmiku4aF04s8ieqw3s=
2023.1.26 13:57:40#result:RESULT>OK^RESULT_CODE>000^3DSECURE>SKIPPED^RRN>302613539754^APPROVAL_CODE>474860^CARD_NUMBER>999999*********2298^AMOUNT>722000^CARDNAME>mb account^DESCRIPTION>6BBM2004120^TRANS_DATE>2023-01-26 07:57:37 PM
2023.1.26 13:57:40#51554726015740
2023.1.26 13:57:40#51554726015740
2023.1.26 13:57:40#51554726015740
2023.1.26 13:57:40#51554726015740
2023.1.26 13:57:40#=================== Transaction Completed =======================
2023.1.26 15:19:37#=================== Start New Transaction ===================
2023.1.26 15:19:37#txnrefnum:BBB2108018
2023.1.26 15:19:37#clientIp:103.204.246.70
2023.1.26 15:19:37#card type:6
2023.1.26 15:19:37#totalamount:722000
2023.1.26 15:19:41#result:TRANSACTION_ID:7rZqFdRIWBqxany7Qto7ruZHCto=
2023.1.26 15:19:41#Forward to DBBL Payment Gateway Page: https://ecom1.dutchbanglabank.com/ecomm2/ClientHandler?card_type=6&trans_id=7rZqFdRIWBqxany7Qto7ruZHCto%3D
2023.1.26 15:20:30#---------------------- Complete New Transaction---------------------
2023.1.26 15:20:30#Get trans_id From Post Value:7rZqFdRIWBqxany7Qto7ruZHCto=
2023.1.26 15:20:30#clientIp:103.204.246.70
2023.1.26 15:20:30#trans_id:7rZqFdRIWBqxany7Qto7ruZHCto=
2023.1.26 15:20:31#result:RESULT>OK^RESULT_CODE>000^3DSECURE>SKIPPED^RRN>302615545041^APPROVAL_CODE>066216^CARD_NUMBER>999999*********1121^AMOUNT>722000^CARDNAME>mb account^DESCRIPTION>6BBB2108018^TRANS_DATE>2023-01-26 09:20:27 PM
2023.1.26 15:20:31#37175626032031
2023.1.26 15:20:31#37175626032031
2023.1.26 15:20:31#37175626032031
2023.1.26 15:20:32#37175626032031
2023.1.26 15:20:32#=================== Transaction Completed =======================
2023.1.26 16:12:23#=================== Start New Transaction ===================
2023.1.26 16:12:23#txnrefnum:BBD2007022
2023.1.26 16:12:23#clientIp:103.153.66.218
2023.1.26 16:12:23#card type:6
2023.1.26 16:12:23#totalamount:722000
2023.1.26 16:12:26#result:TRANSACTION_ID:ScLcdPuU9eWwX9yooAwx5L8AU3Q=
2023.1.26 16:12:26#Forward to DBBL Payment Gateway Page: https://ecom1.dutchbanglabank.com/ecomm2/ClientHandler?card_type=6&trans_id=ScLcdPuU9eWwX9yooAwx5L8AU3Q%3D
2023.1.26 16:13:45#---------------------- Complete New Transaction---------------------
2023.1.26 16:13:45#Get trans_id From Post Value:ScLcdPuU9eWwX9yooAwx5L8AU3Q=
2023.1.26 16:13:45#clientIp:103.153.66.218
2023.1.26 16:13:45#trans_id:ScLcdPuU9eWwX9yooAwx5L8AU3Q=
2023.1.26 16:13:47#result:RESULT>OK^RESULT_CODE>000^3DSECURE>SKIPPED^RRN>302616547855^APPROVAL_CODE>278250^CARD_NUMBER>999999*********9848^AMOUNT>722000^CARDNAME>mb account^DESCRIPTION>6BBD2007022^TRANS_DATE>2023-01-26 10:13:43 PM
2023.1.26 16:13:47#37169826041347
2023.1.26 16:13:47#37169826041347
2023.1.26 16:13:47#37169826041347
2023.1.26 16:13:47#37169826041347
2023.1.26 16:13:47#=================== Transaction Completed =======================
2023.1.26 16:14:59#=================== Start New Transaction ===================
2023.1.26 16:14:59#txnrefnum:BBD2008031
2023.1.26 16:14:59#clientIp:103.153.66.218
2023.1.26 16:14:59#card type:6
2023.1.26 16:14:59#totalamount:252000
2023.1.26 16:15:02#result:TRANSACTION_ID:pLMEu0S4qJXf5bGfGe4v5fbHbD4=
2023.1.26 16:15:02#Forward to DBBL Payment Gateway Page: https://ecom1.dutchbanglabank.com/ecomm2/ClientHandler?card_type=6&trans_id=pLMEu0S4qJXf5bGfGe4v5fbHbD4%3D
2023.1.26 16:15:47#---------------------- Complete New Transaction---------------------
2023.1.26 16:15:47#Get trans_id From Post Value:pLMEu0S4qJXf5bGfGe4v5fbHbD4=
2023.1.26 16:15:47#clientIp:103.153.66.218
2023.1.26 16:15:47#trans_id:pLMEu0S4qJXf5bGfGe4v5fbHbD4=
2023.1.26 16:15:49#result:RESULT>OK^RESULT_CODE>000^3DSECURE>SKIPPED^RRN>302616547978^APPROVAL_CODE>368325^CARD_NUMBER>999999*********9848^AMOUNT>252000^CARDNAME>mb account^DESCRIPTION>6BBD2008031^TRANS_DATE>2023-01-26 10:15:46 PM
2023.1.26 16:15:49#51643226041549
2023.1.26 16:15:49#51643226041549
2023.1.26 16:15:49#=================== Transaction Completed =======================