
2022.6.29 00:56:36#=================== Start New Transaction ===================
2022.6.29 00:56:36#txnrefnum:MSC22111086
2022.6.29 00:56:36#clientIp:37.111.200.45
2022.6.29 00:56:36#card type:6
2022.6.29 00:56:36#totalamount:642000
2022.6.29 00:56:41#result:TRANSACTION_ID:MQmv8aOFIlmsJoZPfGdBK3pyGBA=
2022.6.29 00:56:41#Forward to DBBL Payment Gateway Page: https://ecom1.dutchbanglabank.com/ecomm2/ClientHandler?card_type=6&trans_id=MQmv8aOFIlmsJoZPfGdBK3pyGBA%3D
2022.6.29 01:17:36#=================== Start New Transaction ===================
2022.6.29 01:17:36#txnrefnum:MSC22110073
2022.6.29 01:17:36#clientIp:37.111.200.45
2022.6.29 01:17:36#card type:6
2022.6.29 01:17:36#totalamount:422000
2022.6.29 01:17:40#result:TRANSACTION_ID:e6tD7BsVug7q5O764PAnIRVJcvo=
2022.6.29 01:17:41#Forward to DBBL Payment Gateway Page: https://ecom1.dutchbanglabank.com/ecomm2/ClientHandler?card_type=6&trans_id=e6tD7BsVug7q5O764PAnIRVJcvo%3D
2022.6.29 01:17:59#---------------------- Complete New Transaction---------------------
2022.6.29 01:17:59#Get trans_id From Post Value:e6tD7BsVug7q5O764PAnIRVJcvo=
2022.6.29 01:18:01#clientIp:37.111.200.45
2022.6.29 01:18:01#trans_id:e6tD7BsVug7q5O764PAnIRVJcvo=
2022.6.29 01:18:03#result:RESULT>OK^RESULT_CODE>000^3DSECURE>SKIPPED^RRN>218001340290^APPROVAL_CODE>826528^CARD_NUMBER>999999*********1168^AMOUNT>422000^CARDNAME>mb account^DESCRIPTION>6MSC22110073^TRANS_DATE>2022-06-29 07:17:58 AM
2022.6.29 01:18:03#1412029011803
2022.6.29 01:18:03#1412029011803
2022.6.29 01:18:03#1412029011803
2022.6.29 01:18:03#=================== Transaction Completed =======================
2022.6.29 01:19:54#=================== Start New Transaction ===================
2022.6.29 01:19:54#txnrefnum:MSC22111077
2022.6.29 01:19:54#clientIp:37.111.200.45
2022.6.29 01:19:54#card type:6
2022.6.29 01:19:54#totalamount:422000
2022.6.29 01:20:01#result:TRANSACTION_ID:Y4GxLLtviW79ZWJYAB0nshO6noM=
2022.6.29 01:20:01#Forward to DBBL Payment Gateway Page: https://ecom1.dutchbanglabank.com/ecomm2/ClientHandler?card_type=6&trans_id=Y4GxLLtviW79ZWJYAB0nshO6noM%3D
2022.6.29 01:20:16#---------------------- Complete New Transaction---------------------
2022.6.29 01:20:16#Get trans_id From Post Value:Y4GxLLtviW79ZWJYAB0nshO6noM=
2022.6.29 01:20:16#clientIp:37.111.200.45
2022.6.29 01:20:16#trans_id:Y4GxLLtviW79ZWJYAB0nshO6noM=
2022.6.29 01:20:18#result:RESULT>OK^RESULT_CODE>000^3DSECURE>SKIPPED^RRN>218001340350^APPROVAL_CODE>829030^CARD_NUMBER>999999*********1168^AMOUNT>422000^CARDNAME>mb account^DESCRIPTION>6MSC22111077^TRANS_DATE>2022-06-29 07:20:14 AM
2022.6.29 01:20:18#276829012018
2022.6.29 01:20:18#276829012018
2022.6.29 01:20:18#276829012018
2022.6.29 01:20:18#=================== Transaction Completed =======================
2022.6.29 01:22:47#=================== Start New Transaction ===================
2022.6.29 01:22:47#txnrefnum:MSC22111049
2022.6.29 01:22:47#clientIp:37.111.200.45
2022.6.29 01:22:47#card type:6
2022.6.29 01:22:47#totalamount:262000
2022.6.29 01:22:51#result:TRANSACTION_ID:EYXWouZckIimJ8lD4fx5a60PvHo=
2022.6.29 01:22:51#Forward to DBBL Payment Gateway Page: https://ecom1.dutchbanglabank.com/ecomm2/ClientHandler?card_type=6&trans_id=EYXWouZckIimJ8lD4fx5a60PvHo%3D
2022.6.29 01:23:10#---------------------- Complete New Transaction---------------------
2022.6.29 01:23:10#Get trans_id From Post Value:EYXWouZckIimJ8lD4fx5a60PvHo=
2022.6.29 01:23:10#clientIp:37.111.200.45
2022.6.29 01:23:10#trans_id:EYXWouZckIimJ8lD4fx5a60PvHo=
2022.6.29 01:23:12#result:RESULT>OK^RESULT_CODE>000^3DSECURE>SKIPPED^RRN>218001340420^APPROVAL_CODE>832406^CARD_NUMBER>999999*********1168^AMOUNT>262000^CARDNAME>mb account^DESCRIPTION>6MSC22111049^TRANS_DATE>2022-06-29 07:23:08 AM
2022.6.29 01:23:12#272029012312
2022.6.29 01:23:12#272029012312
2022.6.29 01:23:12#=================== Transaction Completed =======================
2022.6.29 01:24:29#=================== Start New Transaction ===================
2022.6.29 01:24:29#txnrefnum:MSC22111286
2022.6.29 01:24:29#clientIp:37.111.200.45
2022.6.29 01:24:29#card type:6
2022.6.29 01:24:29#totalamount:262000
2022.6.29 01:24:34#result:TRANSACTION_ID:VsIVMxLPgs3OYrRFS99YaeoPIiY=
2022.6.29 01:24:34#Forward to DBBL Payment Gateway Page: https://ecom1.dutchbanglabank.com/ecomm2/ClientHandler?card_type=6&trans_id=VsIVMxLPgs3OYrRFS99YaeoPIiY%3D
2022.6.29 01:24:49#---------------------- Complete New Transaction---------------------
2022.6.29 01:24:49#Get trans_id From Post Value:VsIVMxLPgs3OYrRFS99YaeoPIiY=
2022.6.29 01:24:49#clientIp:37.111.200.45
2022.6.29 01:24:49#trans_id:VsIVMxLPgs3OYrRFS99YaeoPIiY=
2022.6.29 01:24:52#result:RESULT>OK^RESULT_CODE>000^3DSECURE>SKIPPED^RRN>218001340467^APPROVAL_CODE>834309^CARD_NUMBER>999999*********1168^AMOUNT>262000^CARDNAME>mb account^DESCRIPTION>6MSC22111286^TRANS_DATE>2022-06-29 07:24:48 AM
2022.6.29 01:24:52#1511629012452
2022.6.29 01:24:52#1511629012452
2022.6.29 01:24:52#=================== Transaction Completed =======================
2022.6.29 01:29:07#=================== Start New Transaction ===================
2022.6.29 01:29:07#txnrefnum:MBM2006025
2022.6.29 01:29:07#clientIp:202.134.14.152
2022.6.29 01:29:07#card type:6
2022.6.29 01:29:07#totalamount:162000
2022.6.29 01:29:11#result:TRANSACTION_ID:4VnoaOsmG4L4aMXshXBY5lrNGUE=
2022.6.29 01:29:11#Forward to DBBL Payment Gateway Page: https://ecom1.dutchbanglabank.com/ecomm2/ClientHandler?card_type=6&trans_id=4VnoaOsmG4L4aMXshXBY5lrNGUE%3D
2022.6.29 01:29:33#---------------------- Complete New Transaction---------------------
2022.6.29 01:29:33#Get trans_id From Post Value:4VnoaOsmG4L4aMXshXBY5lrNGUE=
2022.6.29 01:29:33#clientIp:202.134.14.152
2022.6.29 01:29:33#trans_id:4VnoaOsmG4L4aMXshXBY5lrNGUE=
2022.6.29 01:29:35#result:RESULT>OK^RESULT_CODE>000^3DSECURE>SKIPPED^RRN>218001340621^APPROVAL_CODE>538250^CARD_NUMBER>999999*********7532^AMOUNT>162000^CARDNAME>mb account^DESCRIPTION>6MBM2006025^TRANS_DATE>2022-06-29 07:29:32 AM
2022.6.29 01:29:35#17549829012935
2022.6.29 01:29:35#17549829012935
2022.6.29 01:29:35#=================== Transaction Completed =======================
2022.6.29 01:31:28#=================== Start New Transaction ===================
2022.6.29 01:31:28#txnrefnum:MSC22111093
2022.6.29 01:31:28#clientIp:202.134.14.152
2022.6.29 01:31:28#card type:6
2022.6.29 01:31:28#totalamount:262000
2022.6.29 01:31:32#result:TRANSACTION_ID:lSG7rOZZrTi0SPyicEHMLY0HbRk=
2022.6.29 01:31:32#Forward to DBBL Payment Gateway Page: https://ecom1.dutchbanglabank.com/ecomm2/ClientHandler?card_type=6&trans_id=lSG7rOZZrTi0SPyicEHMLY0HbRk%3D
2022.6.29 01:32:22#---------------------- Complete New Transaction---------------------
2022.6.29 01:32:22#Get trans_id From Post Value:lSG7rOZZrTi0SPyicEHMLY0HbRk=
2022.6.29 01:32:22#clientIp:202.134.14.152
2022.6.29 01:32:22#trans_id:lSG7rOZZrTi0SPyicEHMLY0HbRk=
2022.6.29 01:32:24#result:RESULT>OK^RESULT_CODE>000^3DSECURE>SKIPPED^RRN>218001340698^APPROVAL_CODE>843067^CARD_NUMBER>999999*********7532^AMOUNT>262000^CARDNAME>mb account^DESCRIPTION>6MSC22111093^TRANS_DATE>2022-06-29 07:32:20 AM
2022.6.29 01:32:24#251629013224
2022.6.29 01:32:24#251629013224
2022.6.29 01:32:24#=================== Transaction Completed =======================
2022.6.29 01:36:32#=================== Start New Transaction ===================
2022.6.29 01:36:32#txnrefnum:MSC22111089
2022.6.29 01:36:32#clientIp:37.111.200.45
2022.6.29 01:36:32#card type:6
2022.6.29 01:36:32#totalamount:102000
2022.6.29 01:36:36#result:TRANSACTION_ID:bNKDvZr9971JM1voWviiiFxqw1I=
2022.6.29 01:36:36#Forward to DBBL Payment Gateway Page: https://ecom1.dutchbanglabank.com/ecomm2/ClientHandler?card_type=6&trans_id=bNKDvZr9971JM1voWviiiFxqw1I%3D
2022.6.29 01:36:49#---------------------- Complete New Transaction---------------------
2022.6.29 01:36:49#Get trans_id From Post Value:bNKDvZr9971JM1voWviiiFxqw1I=
2022.6.29 01:36:49#clientIp:37.111.200.45
2022.6.29 01:36:49#trans_id:bNKDvZr9971JM1voWviiiFxqw1I=
2022.6.29 01:36:51#result:RESULT>OK^RESULT_CODE>000^3DSECURE>SKIPPED^RRN>218001340834^APPROVAL_CODE>848026^CARD_NUMBER>999999*********1168^AMOUNT>102000^CARDNAME>mb account^DESCRIPTION>6MSC22111089^TRANS_DATE>2022-06-29 07:36:48 AM
2022.6.29 01:36:51#32101429013651
2022.6.29 01:36:51#=================== Transaction Completed =======================
2022.6.29 01:46:32#=================== Start New Transaction ===================
2022.6.29 01:46:32#txnrefnum:MBG2101071
2022.6.29 01:46:32#clientIp:202.134.14.152
2022.6.29 01:46:32#card type:6
2022.6.29 01:46:32#totalamount:162000
2022.6.29 01:46:36#result:TRANSACTION_ID:GDeXJ1SOYoVb834WsgvGcoT5dP0=
2022.6.29 01:46:36#Forward to DBBL Payment Gateway Page: https://ecom1.dutchbanglabank.com/ecomm2/ClientHandler?card_type=6&trans_id=GDeXJ1SOYoVb834WsgvGcoT5dP0%3D
2022.6.29 01:46:59#---------------------- Complete New Transaction---------------------
2022.6.29 01:46:59#Get trans_id From Post Value:GDeXJ1SOYoVb834WsgvGcoT5dP0=
2022.6.29 01:46:59#clientIp:202.134.14.152
2022.6.29 01:46:59#trans_id:GDeXJ1SOYoVb834WsgvGcoT5dP0=
2022.6.29 01:47:01#result:RESULT>OK^RESULT_CODE>000^3DSECURE>SKIPPED^RRN>218001341172^APPROVAL_CODE>859050^CARD_NUMBER>999999*********7532^AMOUNT>162000^CARDNAME>mb account^DESCRIPTION>6MBG2101071^TRANS_DATE>2022-06-29 07:46:58 AM
2022.6.29 01:47:01#8284829014701
2022.6.29 01:47:01#8284829014701
2022.6.29 01:47:01#=================== Transaction Completed =======================
2022.6.29 02:27:26#=================== Start New Transaction ===================
2022.6.29 02:27:26#txnrefnum:MEM2201771
2022.6.29 02:27:26#clientIp:37.111.200.45
2022.6.29 02:27:26#card type:6
2022.6.29 02:27:26#totalamount:222000
2022.6.29 02:28:52#=================== Start New Transaction ===================
2022.6.29 02:28:52#txnrefnum:MEM2201771
2022.6.29 02:28:52#clientIp:37.111.200.45
2022.6.29 02:28:52#card type:6
2022.6.29 02:28:52#totalamount:222000
2022.6.29 02:29:25#=================== Start New Transaction ===================
2022.6.29 02:29:25#txnrefnum:MEM2201771
2022.6.29 02:29:25#clientIp:37.111.200.45
2022.6.29 02:29:25#card type:6
2022.6.29 02:29:25#totalamount:222000
2022.6.29 02:29:57#=================== Start New Transaction ===================
2022.6.29 02:30:00#=================== Start New Transaction ===================
2022.6.29 02:30:02#=================== Start New Transaction ===================
2022.6.29 02:30:05#=================== Start New Transaction ===================
2022.6.29 02:30:39#=================== Start New Transaction ===================
2022.6.29 02:30:39#txnrefnum:MEM2201771
2022.6.29 02:30:39#clientIp:37.111.200.45
2022.6.29 02:30:39#card type:6
2022.6.29 02:30:39#totalamount:222000
2022.6.29 02:30:45#=================== Start New Transaction ===================
2022.6.29 02:30:45#txnrefnum:MEM2201771
2022.6.29 02:30:45#clientIp:37.111.200.45
2022.6.29 02:30:45#card type:6
2022.6.29 02:30:45#totalamount:222000
2022.6.29 02:31:51#=================== Start New Transaction ===================
2022.6.29 02:32:07#=================== Start New Transaction ===================
2022.6.29 02:32:07#txnrefnum:MEM2201771
2022.6.29 02:32:07#clientIp:37.111.200.45
2022.6.29 02:32:07#card type:6
2022.6.29 02:32:07#totalamount:222000
2022.6.29 02:32:20#=================== Start New Transaction ===================
2022.6.29 02:32:20#txnrefnum:MEM2201771
2022.6.29 02:32:20#clientIp:37.111.200.45
2022.6.29 02:32:20#card type:6
2022.6.29 02:32:20#totalamount:222000
2022.6.29 02:33:10#=================== Start New Transaction ===================
2022.6.29 02:33:13#=================== Start New Transaction ===================
2022.6.29 02:33:16#=================== Start New Transaction ===================
2022.6.29 02:33:20#=================== Start New Transaction ===================
2022.6.29 02:33:22#=================== Start New Transaction ===================
2022.6.29 02:33:23#=================== Start New Transaction ===================
2022.6.29 02:33:24#=================== Start New Transaction ===================
2022.6.29 02:33:25#=================== Start New Transaction ===================
2022.6.29 02:33:25#=================== Start New Transaction ===================
2022.6.29 02:33:25#=================== Start New Transaction ===================
2022.6.29 02:33:27#=================== Start New Transaction ===================
2022.6.29 02:33:30#=================== Start New Transaction ===================
2022.6.29 02:33:33#=================== Start New Transaction ===================
2022.6.29 02:33:37#=================== Start New Transaction ===================
2022.6.29 02:33:39#=================== Start New Transaction ===================
2022.6.29 02:33:42#=================== Start New Transaction ===================
2022.6.29 02:34:04#=================== Start New Transaction ===================
2022.6.29 02:34:04#txnrefnum:MEM2201771
2022.6.29 02:34:04#clientIp:37.111.200.45
2022.6.29 02:34:04#card type:6
2022.6.29 02:34:04#totalamount:222000
2022.6.29 02:34:56#=================== Start New Transaction ===================
2022.6.29 02:34:56#txnrefnum:MEM2201771
2022.6.29 02:34:56#clientIp:37.111.200.45
2022.6.29 02:34:56#card type:6
2022.6.29 02:34:56#totalamount:222000
2022.6.29 02:35:07#=================== Start New Transaction ===================
2022.6.29 02:35:20#=================== Start New Transaction ===================
2022.6.29 02:35:24#=================== Start New Transaction ===================
2022.6.29 02:35:37#=================== Start New Transaction ===================
2022.6.29 02:36:04#=================== Start New Transaction ===================
2022.6.29 02:36:04#txnrefnum:MEM2201771
2022.6.29 02:36:04#clientIp:37.111.200.45
2022.6.29 02:36:04#card type:6
2022.6.29 02:36:04#totalamount:222000
2022.6.29 02:36:08#result:TRANSACTION_ID:rG8xdCdSfdSe3wUvNyasQBEtLa4=
2022.6.29 02:36:08#Forward to DBBL Payment Gateway Page: https://ecom1.dutchbanglabank.com/ecomm2/ClientHandler?card_type=6&trans_id=rG8xdCdSfdSe3wUvNyasQBEtLa4%3D
2022.6.29 02:36:34#=================== Start New Transaction ===================
2022.6.29 02:36:34#txnrefnum:MEM2201771
2022.6.29 02:36:34#clientIp:37.111.200.45
2022.6.29 02:36:34#card type:6
2022.6.29 02:36:34#totalamount:222000
2022.6.29 02:36:40#result:TRANSACTION_ID:2XXUt8ZfE48tQYRP9GsUiFNEvAA=
2022.6.29 02:36:40#Forward to DBBL Payment Gateway Page: https://ecom1.dutchbanglabank.com/ecomm2/ClientHandler?card_type=6&trans_id=2XXUt8ZfE48tQYRP9GsUiFNEvAA%3D
2022.6.29 02:36:55#---------------------- Complete New Transaction---------------------
2022.6.29 02:36:55#Get trans_id From Post Value:2XXUt8ZfE48tQYRP9GsUiFNEvAA=
2022.6.29 02:36:55#clientIp:37.111.200.45
2022.6.29 02:36:55#trans_id:2XXUt8ZfE48tQYRP9GsUiFNEvAA=
2022.6.29 02:36:58#result:RESULT>OK^RESULT_CODE>000^3DSECURE>SKIPPED^RRN>218002342894^APPROVAL_CODE>022661^CARD_NUMBER>999999*********1168^AMOUNT>222000^CARDNAME>mb account^DESCRIPTION>6MEM2201771^TRANS_DATE>2022-06-29 08:36:54 AM
2022.6.29 02:36:58#7436829023658
2022.6.29 02:36:58#7436829023658
2022.6.29 02:36:58#=================== Transaction Completed =======================
2022.6.29 02:46:25#=================== Start New Transaction ===================
2022.6.29 02:46:25#txnrefnum:MBD2008024
2022.6.29 02:46:25#clientIp:103.91.128.156
2022.6.29 02:46:25#card type:6
2022.6.29 02:46:25#totalamount:2000
2022.6.29 02:46:29#result:TRANSACTION_ID:pABJwh2Pen40QxqKpd1Cwoe81Tg=
2022.6.29 02:46:29#Forward to DBBL Payment Gateway Page: https://ecom1.dutchbanglabank.com/ecomm2/ClientHandler?card_type=6&trans_id=pABJwh2Pen40QxqKpd1Cwoe81Tg%3D
2022.6.29 02:51:58#=================== Start New Transaction ===================
2022.6.29 02:51:58#txnrefnum:MBG2102093
2022.6.29 02:51:58#clientIp:37.111.200.45
2022.6.29 02:51:58#card type:6
2022.6.29 02:51:58#totalamount:82000
2022.6.29 02:52:02#result:TRANSACTION_ID:66FgsnYlKAWCSzEHHkPZuYRMHds=
2022.6.29 02:52:02#Forward to DBBL Payment Gateway Page: https://ecom1.dutchbanglabank.com/ecomm2/ClientHandler?card_type=6&trans_id=66FgsnYlKAWCSzEHHkPZuYRMHds%3D
2022.6.29 02:52:26#---------------------- Complete New Transaction---------------------
2022.6.29 02:52:26#Get trans_id From Post Value:66FgsnYlKAWCSzEHHkPZuYRMHds=
2022.6.29 02:52:26#clientIp:37.111.200.45
2022.6.29 02:52:26#trans_id:66FgsnYlKAWCSzEHHkPZuYRMHds=
2022.6.29 02:52:28#result:RESULT>OK^RESULT_CODE>000^3DSECURE>SKIPPED^RRN>218002343501^APPROVAL_CODE>046712^CARD_NUMBER>999999*********1168^AMOUNT>82000^CARDNAME>mb account^DESCRIPTION>6MBG2102093^TRANS_DATE>2022-06-29 08:52:26 AM
2022.6.29 02:52:28#10132429025228
2022.6.29 02:52:28#=================== Transaction Completed =======================
2022.6.29 03:54:10#=================== Start New Transaction ===================
2022.6.29 03:54:10#txnrefnum:MBM2002038
2022.6.29 03:54:10#clientIp:37.111.200.45
2022.6.29 03:54:10#card type:6
2022.6.29 03:54:10#totalamount:82000
2022.6.29 03:54:17#result:TRANSACTION_ID:oOmrYhSjMRxCPM7FFydmYR29SQA=
2022.6.29 03:54:17#Forward to DBBL Payment Gateway Page: https://ecom1.dutchbanglabank.com/ecomm2/ClientHandler?card_type=6&trans_id=oOmrYhSjMRxCPM7FFydmYR29SQA%3D
2022.6.29 03:54:33#---------------------- Complete New Transaction---------------------
2022.6.29 03:54:33#Get trans_id From Post Value:oOmrYhSjMRxCPM7FFydmYR29SQA=
2022.6.29 03:54:33#clientIp:37.111.200.45
2022.6.29 03:54:33#trans_id:oOmrYhSjMRxCPM7FFydmYR29SQA=
2022.6.29 03:54:36#result:RESULT>OK^RESULT_CODE>000^3DSECURE>SKIPPED^RRN>218003346954^APPROVAL_CODE>220462^CARD_NUMBER>999999*********1168^AMOUNT>82000^CARDNAME>mb account^DESCRIPTION>6MBM2002038^TRANS_DATE>2022-06-29 09:54:32 AM
2022.6.29 03:54:36#11692029035436
2022.6.29 03:54:36#=================== Transaction Completed =======================
2022.6.29 04:21:07#=================== Start New Transaction ===================
2022.6.29 04:21:07#txnrefnum:BBM2006198
2022.6.29 04:21:07#clientIp:37.111.212.110
2022.6.29 04:21:07#card type:6
2022.6.29 04:21:07#totalamount:402000
2022.6.29 04:21:13#result:TRANSACTION_ID:BDxDDzEwlMnpXbtjs7L6h58x6EM=
2022.6.29 04:21:13#Forward to DBBL Payment Gateway Page: https://ecom1.dutchbanglabank.com/ecomm2/ClientHandler?card_type=6&trans_id=BDxDDzEwlMnpXbtjs7L6h58x6EM%3D
2022.6.29 04:21:50#---------------------- Complete New Transaction---------------------
2022.6.29 04:21:50#Get trans_id From Post Value:BDxDDzEwlMnpXbtjs7L6h58x6EM=
2022.6.29 04:21:50#clientIp:37.111.212.110
2022.6.29 04:21:50#trans_id:BDxDDzEwlMnpXbtjs7L6h58x6EM=
2022.6.29 04:21:54#result:RESULT>OK^RESULT_CODE>000^3DSECURE>SKIPPED^RRN>218004348752^APPROVAL_CODE>343265^CARD_NUMBER>999999*********0266^AMOUNT>402000^CARDNAME>mb account^DESCRIPTION>6BBM2006198^TRANS_DATE>2022-06-29 10:21:45 AM
2022.6.29 04:21:54#25728129042154
2022.6.29 04:21:54#25728129042154
2022.6.29 04:21:54#25728129042154
2022.6.29 04:21:54#25728129042154
2022.6.29 04:21:54#25728129042154
2022.6.29 04:21:54#=================== Transaction Completed =======================
2022.6.29 04:43:00#=================== Start New Transaction ===================
2022.6.29 04:43:00#txnrefnum:MSC22111086
2022.6.29 04:43:00#clientIp:37.111.200.45
2022.6.29 04:43:00#card type:6
2022.6.29 04:43:00#totalamount:962000
2022.6.29 04:43:05#result:TRANSACTION_ID:Q0K5SmPKRbvs1FtYhuI6WICxMhM=
2022.6.29 04:43:05#Forward to DBBL Payment Gateway Page: https://ecom1.dutchbanglabank.com/ecomm2/ClientHandler?card_type=6&trans_id=Q0K5SmPKRbvs1FtYhuI6WICxMhM%3D
2022.6.29 05:11:59#=================== Start New Transaction ===================
2022.6.29 05:11:59#txnrefnum:MSC22111100
2022.6.29 05:11:59#clientIp:37.111.200.45
2022.6.29 05:11:59#card type:6
2022.6.29 05:11:59#totalamount:262000
2022.6.29 05:12:13#result:TRANSACTION_ID:OXcDFhalbqXrTO8jeTPMb1jwTtQ=
2022.6.29 05:12:13#Forward to DBBL Payment Gateway Page: https://ecom1.dutchbanglabank.com/ecomm2/ClientHandler?card_type=6&trans_id=OXcDFhalbqXrTO8jeTPMb1jwTtQ%3D
2022.6.29 05:12:29#---------------------- Complete New Transaction---------------------
2022.6.29 05:12:29#Get trans_id From Post Value:OXcDFhalbqXrTO8jeTPMb1jwTtQ=
2022.6.29 05:12:29#clientIp:37.111.200.45
2022.6.29 05:12:29#trans_id:OXcDFhalbqXrTO8jeTPMb1jwTtQ=
2022.6.29 05:12:34#result:RESULT>OK^RESULT_CODE>000^3DSECURE>SKIPPED^RRN>218005352787^APPROVAL_CODE>514645^CARD_NUMBER>999999*********1168^AMOUNT>262000^CARDNAME>mb account^DESCRIPTION>6MSC22111100^TRANS_DATE>2022-06-29 11:12:28 AM
2022.6.29 05:12:34#188029051234
2022.6.29 05:12:34#188029051234
2022.6.29 05:12:34#=================== Transaction Completed =======================
2022.6.29 05:38:17#=================== Start New Transaction ===================
2022.6.29 05:38:17#txnrefnum:MBD2006411
2022.6.29 05:38:17#clientIp:37.111.200.45
2022.6.29 05:38:17#card type:6
2022.6.29 05:38:17#totalamount:82000
2022.6.29 05:38:25#result:TRANSACTION_ID:VSTZmTzqkqCOa9ibhRdBm5onZjc=
2022.6.29 05:38:25#Forward to DBBL Payment Gateway Page: https://ecom1.dutchbanglabank.com/ecomm2/ClientHandler?card_type=6&trans_id=VSTZmTzqkqCOa9ibhRdBm5onZjc%3D
2022.6.29 05:38:50#---------------------- Complete New Transaction---------------------
2022.6.29 05:38:50#Get trans_id From Post Value:VSTZmTzqkqCOa9ibhRdBm5onZjc=
2022.6.29 05:38:50#clientIp:37.111.200.45
2022.6.29 05:38:50#trans_id:VSTZmTzqkqCOa9ibhRdBm5onZjc=
2022.6.29 05:38:53#result:RESULT>OK^RESULT_CODE>000^3DSECURE>SKIPPED^RRN>218005355131^APPROVAL_CODE>670936^CARD_NUMBER>999999*********1168^AMOUNT>82000^CARDNAME>mb account^DESCRIPTION>6MBD2006411^TRANS_DATE>2022-06-29 11:38:49 AM
2022.6.29 05:38:53#18440229053853
2022.6.29 05:38:53#=================== Transaction Completed =======================
2022.6.29 05:47:03#=================== Start New Transaction ===================
2022.6.29 05:47:03#txnrefnum:MBD2007152
2022.6.29 05:47:03#clientIp:37.111.200.45
2022.6.29 05:47:03#card type:6
2022.6.29 05:47:03#totalamount:242000
2022.6.29 05:47:15#result:TRANSACTION_ID:6Q04VYE7CFmO4ujPzj2I5X9bGcQ=
2022.6.29 05:47:15#Forward to DBBL Payment Gateway Page: https://ecom1.dutchbanglabank.com/ecomm2/ClientHandler?card_type=6&trans_id=6Q04VYE7CFmO4ujPzj2I5X9bGcQ%3D
2022.6.29 05:47:52#---------------------- Complete New Transaction---------------------
2022.6.29 05:47:52#Get trans_id From Post Value:6Q04VYE7CFmO4ujPzj2I5X9bGcQ=
2022.6.29 05:47:52#clientIp:37.111.200.45
2022.6.29 05:47:52#trans_id:6Q04VYE7CFmO4ujPzj2I5X9bGcQ=
2022.6.29 05:47:56#result:RESULT>OK^RESULT_CODE>000^3DSECURE>SKIPPED^RRN>218005355909^APPROVAL_CODE>682040^CARD_NUMBER>999999*********1168^AMOUNT>242000^CARDNAME>mb account^DESCRIPTION>6MBD2007152^TRANS_DATE>2022-06-29 11:47:49 AM
2022.6.29 05:47:56#19320029054756
2022.6.29 05:47:56#19320029054756
2022.6.29 05:47:56#19320029054756
2022.6.29 05:47:56#=================== Transaction Completed =======================
2022.6.29 05:48:30#=================== Start New Transaction ===================
2022.6.29 05:48:30#txnrefnum:MSC21110059
2022.6.29 05:48:30#clientIp:43.224.109.194
2022.6.29 05:48:30#card type:6
2022.6.29 05:48:30#totalamount:1557000
2022.6.29 05:48:36#=================== Start New Transaction ===================
2022.6.29 05:48:36#txnrefnum:MSC21110059
2022.6.29 05:48:36#clientIp:43.224.109.194
2022.6.29 05:48:36#card type:6
2022.6.29 05:48:36#totalamount:1557000
2022.6.29 05:48:40#result:TRANSACTION_ID:azFxlMKIqwUQYdcPhU04lmGES3U=
2022.6.29 05:48:40#Forward to DBBL Payment Gateway Page: https://ecom1.dutchbanglabank.com/ecomm2/ClientHandler?card_type=6&trans_id=azFxlMKIqwUQYdcPhU04lmGES3U%3D
2022.6.29 05:48:40#=================== Start New Transaction ===================
2022.6.29 05:48:40#txnrefnum:MSC21110059
2022.6.29 05:48:40#clientIp:43.224.109.194
2022.6.29 05:48:40#card type:6
2022.6.29 05:48:40#totalamount:1557000
2022.6.29 05:48:52#result:TRANSACTION_ID:JpsS9NlBZ7BKck2nU4Iaforw8FU=
2022.6.29 05:48:52#Forward to DBBL Payment Gateway Page: https://ecom1.dutchbanglabank.com/ecomm2/ClientHandler?card_type=6&trans_id=JpsS9NlBZ7BKck2nU4Iaforw8FU%3D
2022.6.29 05:48:52#=================== Start New Transaction ===================
2022.6.29 05:48:52#txnrefnum:MSC21110059
2022.6.29 05:48:52#clientIp:43.224.109.194
2022.6.29 05:48:52#card type:6
2022.6.29 05:48:52#totalamount:1557000
2022.6.29 05:48:53#result:TRANSACTION_ID:C5Hoggab53XpdR7lhXQWVUAQkko=
2022.6.29 05:48:53#Forward to DBBL Payment Gateway Page: https://ecom1.dutchbanglabank.com/ecomm2/ClientHandler?card_type=6&trans_id=C5Hoggab53XpdR7lhXQWVUAQkko%3D
2022.6.29 05:49:03#result:TRANSACTION_ID:jdiqeHJ89K1S6PPvguDsGP38d9o=
2022.6.29 05:49:03#Forward to DBBL Payment Gateway Page: https://ecom1.dutchbanglabank.com/ecomm2/ClientHandler?card_type=6&trans_id=jdiqeHJ89K1S6PPvguDsGP38d9o%3D
2022.6.29 06:01:43#=================== Start New Transaction ===================
2022.6.29 06:01:43#txnrefnum:MSC21110059
2022.6.29 06:01:43#clientIp:43.224.109.194
2022.6.29 06:01:43#card type:6
2022.6.29 06:01:43#totalamount:1557000
2022.6.29 06:01:57#result:TRANSACTION_ID:spPz8h9S3AQVphSkDyhDMTWVovg=
2022.6.29 06:01:57#Forward to DBBL Payment Gateway Page: https://ecom1.dutchbanglabank.com/ecomm2/ClientHandler?card_type=6&trans_id=spPz8h9S3AQVphSkDyhDMTWVovg%3D
2022.6.29 06:05:42#=================== Start New Transaction ===================
2022.6.29 06:05:42#txnrefnum:MSC21110059
2022.6.29 06:05:42#clientIp:43.224.109.194
2022.6.29 06:05:42#card type:6
2022.6.29 06:05:42#totalamount:1557000
2022.6.29 06:05:56#result:TRANSACTION_ID:v0L4OSqJHjzNKeUjClml6F5SjK0=
2022.6.29 06:05:56#Forward to DBBL Payment Gateway Page: https://ecom1.dutchbanglabank.com/ecomm2/ClientHandler?card_type=6&trans_id=v0L4OSqJHjzNKeUjClml6F5SjK0%3D
2022.6.29 06:07:01#---------------------- Complete New Transaction---------------------
2022.6.29 06:07:01#Get trans_id From Post Value:v0L4OSqJHjzNKeUjClml6F5SjK0=
2022.6.29 06:07:01#clientIp:43.224.109.194
2022.6.29 06:07:01#trans_id:v0L4OSqJHjzNKeUjClml6F5SjK0=
2022.6.29 06:07:04#result:RESULT>OK^RESULT_CODE>000^3DSECURE>SKIPPED^RRN>218006357574^APPROVAL_CODE>909127^CARD_NUMBER>999999*********3024^AMOUNT>1557000^CARDNAME>mb account^DESCRIPTION>6MSC21110059^TRANS_DATE>2022-06-29 12:07:00 PM
2022.6.29 06:07:04#458929060704
2022.6.29 06:07:04#458929060704
2022.6.29 06:07:04#458929060704
2022.6.29 06:07:04#458929060704
2022.6.29 06:07:04#458929060704
2022.6.29 06:07:04#458929060704
2022.6.29 06:07:04#458929060704
2022.6.29 06:07:04#=================== Transaction Completed =======================
2022.6.29 06:07:23#=================== Start New Transaction ===================
2022.6.29 06:07:23#txnrefnum:MSC22110056
2022.6.29 06:07:23#clientIp:37.111.200.45
2022.6.29 06:07:23#card type:6
2022.6.29 06:07:23#totalamount:262000
2022.6.29 06:07:28#result:TRANSACTION_ID:slvZdCl7vkqack4I8b28GZ5PLPM=
2022.6.29 06:07:28#Forward to DBBL Payment Gateway Page: https://ecom1.dutchbanglabank.com/ecomm2/ClientHandler?card_type=6&trans_id=slvZdCl7vkqack4I8b28GZ5PLPM%3D
2022.6.29 06:07:40#=================== Start New Transaction ===================
2022.6.29 06:07:40#txnrefnum:BBB2103012
2022.6.29 06:07:40#clientIp:114.130.156.175
2022.6.29 06:07:40#card type:6
2022.6.29 06:07:40#totalamount:62000
2022.6.29 06:07:43#---------------------- Complete New Transaction---------------------
2022.6.29 06:07:43#Get trans_id From Post Value:slvZdCl7vkqack4I8b28GZ5PLPM=
2022.6.29 06:07:43#clientIp:37.111.200.45
2022.6.29 06:07:43#trans_id:slvZdCl7vkqack4I8b28GZ5PLPM=
2022.6.29 06:07:46#result:RESULT>OK^RESULT_CODE>000^3DSECURE>SKIPPED^RRN>218006357625^APPROVAL_CODE>771511^CARD_NUMBER>999999*********1168^AMOUNT>262000^CARDNAME>mb account^DESCRIPTION>6MSC22110056^TRANS_DATE>2022-06-29 12:07:41 PM
2022.6.29 06:07:46#1414329060746
2022.6.29 06:07:46#1414329060746
2022.6.29 06:07:46#=================== Transaction Completed =======================
2022.6.29 06:07:48#result:TRANSACTION_ID:fCqy6dNApULiy1BvkQTuDQm9Dg8=
2022.6.29 06:07:48#Forward to DBBL Payment Gateway Page: https://ecom1.dutchbanglabank.com/ecomm2/ClientHandler?card_type=6&trans_id=fCqy6dNApULiy1BvkQTuDQm9Dg8%3D
2022.6.29 06:07:48#=================== Start New Transaction ===================
2022.6.29 06:07:48#txnrefnum:BBB2103012
2022.6.29 06:07:48#clientIp:114.130.156.175
2022.6.29 06:07:48#card type:6
2022.6.29 06:07:48#totalamount:62000
2022.6.29 06:07:58#result:TRANSACTION_ID:3NkeeUrjB1cGK8Y8P1z93SABDq8=
2022.6.29 06:07:58#Forward to DBBL Payment Gateway Page: https://ecom1.dutchbanglabank.com/ecomm2/ClientHandler?card_type=6&trans_id=3NkeeUrjB1cGK8Y8P1z93SABDq8%3D
2022.6.29 06:08:21#---------------------- Complete New Transaction---------------------
2022.6.29 06:08:21#Get trans_id From Post Value:3NkeeUrjB1cGK8Y8P1z93SABDq8=
2022.6.29 06:08:21#clientIp:114.130.156.175
2022.6.29 06:08:21#trans_id:3NkeeUrjB1cGK8Y8P1z93SABDq8=
2022.6.29 06:08:24#=================== Start New Transaction ===================
2022.6.29 06:08:24#txnrefnum:BBM2006128
2022.6.29 06:08:24#clientIp:103.100.95.18
2022.6.29 06:08:24#card type:6
2022.6.29 06:08:24#totalamount:82000
2022.6.29 06:08:25#result:RESULT>OK^RESULT_CODE>000^3DSECURE>SKIPPED^RRN>218006357685^APPROVAL_CODE>772290^CARD_NUMBER>999999*********3728^AMOUNT>62000^CARDNAME>mb account^DESCRIPTION>6BBB2103012^TRANS_DATE>2022-06-29 12:08:20 PM
2022.6.29 06:08:25#30735529060825
2022.6.29 06:08:25#=================== Transaction Completed =======================
2022.6.29 06:08:34#result:TRANSACTION_ID:PSOJNSZYHoSHVatsiJlA851ZnOE=
2022.6.29 06:08:34#Forward to DBBL Payment Gateway Page: https://ecom1.dutchbanglabank.com/ecomm2/ClientHandler?card_type=6&trans_id=PSOJNSZYHoSHVatsiJlA851ZnOE%3D
2022.6.29 06:09:10#---------------------- Complete New Transaction---------------------
2022.6.29 06:09:10#Get trans_id From Post Value:PSOJNSZYHoSHVatsiJlA851ZnOE=
2022.6.29 06:09:10#clientIp:103.100.95.18
2022.6.29 06:09:10#trans_id:PSOJNSZYHoSHVatsiJlA851ZnOE=
2022.6.29 06:09:13#result:RESULT>OK^RESULT_CODE>000^3DSECURE>SKIPPED^RRN>218006357747^APPROVAL_CODE>773337^CARD_NUMBER>999999*********9096^AMOUNT>82000^CARDNAME>mb account^DESCRIPTION>6BBM2006128^TRANS_DATE>2022-06-29 12:09:09 PM
2022.6.29 06:09:13#31231329060913
2022.6.29 06:09:13#=================== Transaction Completed =======================
2022.6.29 06:09:19#=================== Start New Transaction ===================
2022.6.29 06:09:19#txnrefnum:MBM2206308
2022.6.29 06:09:19#clientIp:37.111.200.45
2022.6.29 06:09:19#card type:6
2022.6.29 06:09:19#totalamount:82000
2022.6.29 06:09:24#result:TRANSACTION_ID:U9kaRPMG4QEVabbmSqeMp7qJ9uQ=
2022.6.29 06:09:24#Forward to DBBL Payment Gateway Page: https://ecom1.dutchbanglabank.com/ecomm2/ClientHandler?card_type=6&trans_id=U9kaRPMG4QEVabbmSqeMp7qJ9uQ%3D
2022.6.29 06:09:37#---------------------- Complete New Transaction---------------------
2022.6.29 06:09:37#Get trans_id From Post Value:U9kaRPMG4QEVabbmSqeMp7qJ9uQ=
2022.6.29 06:09:37#clientIp:37.111.200.45
2022.6.29 06:09:37#trans_id:U9kaRPMG4QEVabbmSqeMp7qJ9uQ=
2022.6.29 06:09:43#result:RESULT>OK^RESULT_CODE>000^3DSECURE>SKIPPED^RRN>218006357783^APPROVAL_CODE>917189^CARD_NUMBER>999999*********1168^AMOUNT>82000^CARDNAME>mb account^DESCRIPTION>6MBM2206308^TRANS_DATE>2022-06-29 12:09:36 PM
2022.6.29 06:09:43#14779429060943
2022.6.29 06:09:43#=================== Transaction Completed =======================
2022.6.29 06:16:05#=================== Start New Transaction ===================
2022.6.29 06:16:05#txnrefnum:MBD2006003
2022.6.29 06:16:05#clientIp:37.111.200.45
2022.6.29 06:16:05#card type:6
2022.6.29 06:16:05#totalamount:162000
2022.6.29 06:16:15#result:TRANSACTION_ID:gMF6b9jlBX7WdlnpGvGbDASMaUU=
2022.6.29 06:16:15#Forward to DBBL Payment Gateway Page: https://ecom1.dutchbanglabank.com/ecomm2/ClientHandler?card_type=6&trans_id=gMF6b9jlBX7WdlnpGvGbDASMaUU%3D
2022.6.29 06:16:33#---------------------- Complete New Transaction---------------------
2022.6.29 06:16:33#Get trans_id From Post Value:gMF6b9jlBX7WdlnpGvGbDASMaUU=
2022.6.29 06:16:33#clientIp:37.111.200.45
2022.6.29 06:16:33#trans_id:gMF6b9jlBX7WdlnpGvGbDASMaUU=
2022.6.29 06:16:38#result:RESULT>OK^RESULT_CODE>000^3DSECURE>SKIPPED^RRN>218006358344^APPROVAL_CODE>940031^CARD_NUMBER>999999*********1168^AMOUNT>162000^CARDNAME>mb account^DESCRIPTION>6MBD2006003^TRANS_DATE>2022-06-29 12:16:32 PM
2022.6.29 06:16:38#17913429061638
2022.6.29 06:16:38#17913429061638
2022.6.29 06:16:38#=================== Transaction Completed =======================
2022.6.29 06:18:42#=================== Start New Transaction ===================
2022.6.29 06:18:42#txnrefnum:MBD2008025
2022.6.29 06:18:42#clientIp:37.111.200.45
2022.6.29 06:18:42#card type:6
2022.6.29 06:18:42#totalamount:482000
2022.6.29 06:18:51#result:TRANSACTION_ID:u3kCnUZtVld3dWjAdilDejFiSUU=
2022.6.29 06:18:51#Forward to DBBL Payment Gateway Page: https://ecom1.dutchbanglabank.com/ecomm2/ClientHandler?card_type=6&trans_id=u3kCnUZtVld3dWjAdilDejFiSUU%3D
2022.6.29 06:19:04#---------------------- Complete New Transaction---------------------
2022.6.29 06:19:04#Get trans_id From Post Value:u3kCnUZtVld3dWjAdilDejFiSUU=
2022.6.29 06:19:04#clientIp:37.111.200.45
2022.6.29 06:19:04#trans_id:u3kCnUZtVld3dWjAdilDejFiSUU=
2022.6.29 06:19:07#result:RESULT>OK^RESULT_CODE>000^3DSECURE>SKIPPED^RRN>218006358583^APPROVAL_CODE>947942^CARD_NUMBER>999999*********1168^AMOUNT>482000^CARDNAME>mb account^DESCRIPTION>6MBD2008025^TRANS_DATE>2022-06-29 12:19:03 PM
2022.6.29 06:19:07#21042529061907
2022.6.29 06:19:07#21042529061907
2022.6.29 06:19:07#21042529061907
2022.6.29 06:19:07#21042529061907
2022.6.29 06:19:07#21042529061907
2022.6.29 06:19:07#21042529061907
2022.6.29 06:19:07#=================== Transaction Completed =======================
2022.6.29 06:19:17#=================== Start New Transaction ===================
2022.6.29 06:19:17#txnrefnum:BBD2006141
2022.6.29 06:19:17#clientIp:37.111.212.110
2022.6.29 06:19:17#card type:6
2022.6.29 06:19:17#totalamount:162000
2022.6.29 06:19:31#result:TRANSACTION_ID:duPz7inZ86Fhees0QjkhOiNLfbQ=
2022.6.29 06:19:31#Forward to DBBL Payment Gateway Page: https://ecom1.dutchbanglabank.com/ecomm2/ClientHandler?card_type=6&trans_id=duPz7inZ86Fhees0QjkhOiNLfbQ%3D
2022.6.29 06:20:09#=================== Start New Transaction ===================
2022.6.29 06:20:09#txnrefnum:MBD2004049
2022.6.29 06:20:09#clientIp:37.111.200.45
2022.6.29 06:20:09#card type:6
2022.6.29 06:20:09#totalamount:482000
2022.6.29 06:20:17#---------------------- Complete New Transaction---------------------
2022.6.29 06:20:17#Get trans_id From Post Value:duPz7inZ86Fhees0QjkhOiNLfbQ=
2022.6.29 06:20:17#clientIp:37.111.212.110
2022.6.29 06:20:17#trans_id:duPz7inZ86Fhees0QjkhOiNLfbQ=
2022.6.29 06:20:21#result:RESULT>OK^RESULT_CODE>000^3DSECURE>SKIPPED^RRN>218006358694^APPROVAL_CODE>869904^CARD_NUMBER>999999*********0266^AMOUNT>162000^CARDNAME>mb account^DESCRIPTION>6BBD2006141^TRANS_DATE>2022-06-29 12:20:13 PM
2022.6.29 06:20:21#25318129062021
2022.6.29 06:20:21#25318129062021
2022.6.29 06:20:21#=================== Transaction Completed =======================
2022.6.29 06:20:22#result:TRANSACTION_ID:4XlGxiEDqu6owG4XjXuByYvUVog=
2022.6.29 06:20:23#Forward to DBBL Payment Gateway Page: https://ecom1.dutchbanglabank.com/ecomm2/ClientHandler?card_type=6&trans_id=4XlGxiEDqu6owG4XjXuByYvUVog%3D
2022.6.29 06:20:50#---------------------- Complete New Transaction---------------------
2022.6.29 06:20:50#Get trans_id From Post Value:4XlGxiEDqu6owG4XjXuByYvUVog=
2022.6.29 06:20:50#clientIp:37.111.200.45
2022.6.29 06:20:50#trans_id:4XlGxiEDqu6owG4XjXuByYvUVog=
2022.6.29 06:20:54#result:RESULT>OK^RESULT_CODE>000^3DSECURE>SKIPPED^RRN>218006358744^APPROVAL_CODE>953296^CARD_NUMBER>999999*********1168^AMOUNT>482000^CARDNAME>mb account^DESCRIPTION>6MBD2004049^TRANS_DATE>2022-06-29 12:20:48 PM
2022.6.29 06:20:54#13946129062054
2022.6.29 06:20:54#13946129062054
2022.6.29 06:20:54#13946129062054
2022.6.29 06:20:54#13946129062054
2022.6.29 06:20:54#13946129062054
2022.6.29 06:20:54#13946129062054
2022.6.29 06:20:54#=================== Transaction Completed =======================
2022.6.29 06:21:50#=================== Start New Transaction ===================
2022.6.29 06:21:50#txnrefnum:BBB2107041
2022.6.29 06:21:50#clientIp:37.111.212.110
2022.6.29 06:21:50#card type:6
2022.6.29 06:21:50#totalamount:402000
2022.6.29 06:22:02#result:TRANSACTION_ID:M9F4Z7gs3AJxPceqxTuR4v3RDag=
2022.6.29 06:22:02#Forward to DBBL Payment Gateway Page: https://ecom1.dutchbanglabank.com/ecomm2/ClientHandler?card_type=6&trans_id=M9F4Z7gs3AJxPceqxTuR4v3RDag%3D
2022.6.29 06:22:35#---------------------- Complete New Transaction---------------------
2022.6.29 06:22:35#Get trans_id From Post Value:M9F4Z7gs3AJxPceqxTuR4v3RDag=
2022.6.29 06:22:35#clientIp:37.111.212.110
2022.6.29 06:22:35#trans_id:M9F4Z7gs3AJxPceqxTuR4v3RDag=
2022.6.29 06:22:37#result:RESULT>OK^RESULT_CODE>000^3DSECURE>SKIPPED^RRN>218006358952^APPROVAL_CODE>958731^CARD_NUMBER>999999*********0266^AMOUNT>402000^CARDNAME>mb account^DESCRIPTION>6BBB2107041^TRANS_DATE>2022-06-29 12:22:32 PM
2022.6.29 06:22:37#25501329062237
2022.6.29 06:22:37#25501329062237
2022.6.29 06:22:37#25501329062237
2022.6.29 06:22:37#25501329062237
2022.6.29 06:22:37#25501329062237
2022.6.29 06:22:37#=================== Transaction Completed =======================
2022.6.29 06:24:18#=================== Start New Transaction ===================
2022.6.29 06:24:18#txnrefnum:BBB2105046
2022.6.29 06:24:18#clientIp:37.111.212.110
2022.6.29 06:24:18#card type:6
2022.6.29 06:24:18#totalamount:402000
2022.6.29 06:24:23#result:TRANSACTION_ID:EY9tijm71f8TSlXy2ZOrM4LgCac=
2022.6.29 06:24:23#Forward to DBBL Payment Gateway Page: https://ecom1.dutchbanglabank.com/ecomm2/ClientHandler?card_type=6&trans_id=EY9tijm71f8TSlXy2ZOrM4LgCac%3D
2022.6.29 06:24:36#=================== Start New Transaction ===================
2022.6.29 06:24:36#txnrefnum:MBD2006430
2022.6.29 06:24:36#clientIp:202.134.14.152
2022.6.29 06:24:36#card type:6
2022.6.29 06:24:36#totalamount:162000
2022.6.29 06:24:41#result:TRANSACTION_ID:ZALHEdZigyPHPVyfPgyZMjkMhHE=
2022.6.29 06:24:41#Forward to DBBL Payment Gateway Page: https://ecom1.dutchbanglabank.com/ecomm2/ClientHandler?card_type=6&trans_id=ZALHEdZigyPHPVyfPgyZMjkMhHE%3D
2022.6.29 06:24:51#=================== Start New Transaction ===================
2022.6.29 06:24:51#txnrefnum:MBD2004246
2022.6.29 06:24:51#clientIp:37.111.200.45
2022.6.29 06:24:51#card type:6
2022.6.29 06:24:51#totalamount:82000
2022.6.29 06:24:57#result:TRANSACTION_ID:buY2RPGST2MPb4tBDXmHEBxiX3g=
2022.6.29 06:24:57#Forward to DBBL Payment Gateway Page: https://ecom1.dutchbanglabank.com/ecomm2/ClientHandler?card_type=6&trans_id=buY2RPGST2MPb4tBDXmHEBxiX3g%3D
2022.6.29 06:24:58#---------------------- Complete New Transaction---------------------
2022.6.29 06:24:58#Get trans_id From Post Value:EY9tijm71f8TSlXy2ZOrM4LgCac=
2022.6.29 06:24:58#clientIp:37.111.212.110
2022.6.29 06:24:58#trans_id:EY9tijm71f8TSlXy2ZOrM4LgCac=
2022.6.29 06:25:03#result:RESULT>OK^RESULT_CODE>000^3DSECURE>SKIPPED^RRN>218006359162^APPROVAL_CODE>991467^CARD_NUMBER>999999*********0266^AMOUNT>402000^CARDNAME>mb account^DESCRIPTION>6BBB2105046^TRANS_DATE>2022-06-29 12:24:55 PM
2022.6.29 06:25:03#24295629062503
2022.6.29 06:25:03#24295629062503
2022.6.29 06:25:03#24295629062503
2022.6.29 06:25:03#24295629062503
2022.6.29 06:25:03#24295629062503
2022.6.29 06:25:03#=================== Transaction Completed =======================
2022.6.29 06:25:12#---------------------- Complete New Transaction---------------------
2022.6.29 06:25:12#Get trans_id From Post Value:buY2RPGST2MPb4tBDXmHEBxiX3g=
2022.6.29 06:25:12#clientIp:37.111.200.45
2022.6.29 06:25:12#trans_id:buY2RPGST2MPb4tBDXmHEBxiX3g=
2022.6.29 06:25:16#result:RESULT>OK^RESULT_CODE>000^3DSECURE>SKIPPED^RRN>218006359192^APPROVAL_CODE>991764^CARD_NUMBER>999999*********1168^AMOUNT>82000^CARDNAME>mb account^DESCRIPTION>6MBD2004246^TRANS_DATE>2022-06-29 12:25:10 PM
2022.6.29 06:25:16#14155429062516
2022.6.29 06:25:16#=================== Transaction Completed =======================
2022.6.29 06:25:47#---------------------- Complete New Transaction---------------------
2022.6.29 06:25:47#Get trans_id From Post Value:ZALHEdZigyPHPVyfPgyZMjkMhHE=
2022.6.29 06:25:47#clientIp:202.134.14.152
2022.6.29 06:25:47#trans_id:ZALHEdZigyPHPVyfPgyZMjkMhHE=
2022.6.29 06:25:53#result:RESULT>OK^RESULT_CODE>000^3DSECURE>SKIPPED^RRN>218006359246^APPROVAL_CODE>992457^CARD_NUMBER>999999*********7532^AMOUNT>162000^CARDNAME>mb account^DESCRIPTION>6MBD2006430^TRANS_DATE>2022-06-29 12:25:46 PM
2022.6.29 06:25:53#18461829062553
2022.6.29 06:25:53#18461829062553
2022.6.29 06:25:53#=================== Transaction Completed =======================
2022.6.29 06:26:41#=================== Start New Transaction ===================
2022.6.29 06:26:41#txnrefnum:BBD2008098
2022.6.29 06:26:41#clientIp:37.111.212.110
2022.6.29 06:26:41#card type:6
2022.6.29 06:26:41#totalamount:242000
2022.6.29 06:26:57#result:TRANSACTION_ID:PRhvULppeIMFMy8Kd1gDyL9VTpI=
2022.6.29 06:26:57#Forward to DBBL Payment Gateway Page: https://ecom1.dutchbanglabank.com/ecomm2/ClientHandler?card_type=6&trans_id=PRhvULppeIMFMy8Kd1gDyL9VTpI%3D
2022.6.29 06:41:36#=================== Start New Transaction ===================
2022.6.29 06:41:36#txnrefnum:MEM2001038
2022.6.29 06:41:36#clientIp:202.134.14.152
2022.6.29 06:41:36#card type:6
2022.6.29 06:41:36#totalamount:222000
2022.6.29 06:41:46#result:TRANSACTION_ID:FuPDHPgQOl1a9JNLglIL0ljuxGE=
2022.6.29 06:41:46#Forward to DBBL Payment Gateway Page: https://ecom1.dutchbanglabank.com/ecomm2/ClientHandler?card_type=6&trans_id=FuPDHPgQOl1a9JNLglIL0ljuxGE%3D
2022.6.29 06:43:17#---------------------- Complete New Transaction---------------------
2022.6.29 06:43:17#Get trans_id From Post Value:FuPDHPgQOl1a9JNLglIL0ljuxGE=
2022.6.29 06:43:17#clientIp:202.134.14.152
2022.6.29 06:43:17#trans_id:FuPDHPgQOl1a9JNLglIL0ljuxGE=
2022.6.29 06:43:21#result:RESULT>OK^RESULT_CODE>000^3DSECURE>SKIPPED^RRN>218006360993^APPROVAL_CODE>011107^CARD_NUMBER>999999*********7532^AMOUNT>222000^CARDNAME>mb account^DESCRIPTION>6MEM2001038^TRANS_DATE>2022-06-29 12:43:16 PM
2022.6.29 06:43:21#9886329064321
2022.6.29 06:43:21#9886329064321
2022.6.29 06:43:21#=================== Transaction Completed =======================
2022.6.29 07:00:36#=================== Start New Transaction ===================
2022.6.29 07:00:36#txnrefnum:MBB2101537
2022.6.29 07:00:36#clientIp:37.111.200.45
2022.6.29 07:00:36#card type:6
2022.6.29 07:00:36#totalamount:322000
2022.6.29 07:00:52#result:TRANSACTION_ID:VCSivaqFKWG0Ry9uRixhDltU62M=
2022.6.29 07:00:52#Forward to DBBL Payment Gateway Page: https://ecom1.dutchbanglabank.com/ecomm2/ClientHandler?card_type=6&trans_id=VCSivaqFKWG0Ry9uRixhDltU62M%3D
2022.6.29 07:01:21#---------------------- Complete New Transaction---------------------
2022.6.29 07:01:21#Get trans_id From Post Value:VCSivaqFKWG0Ry9uRixhDltU62M=
2022.6.29 07:01:21#clientIp:37.111.200.45
2022.6.29 07:01:21#trans_id:VCSivaqFKWG0Ry9uRixhDltU62M=
2022.6.29 07:01:26#result:RESULT>OK^RESULT_CODE>000^3DSECURE>SKIPPED^RRN>218007362547^APPROVAL_CODE>181745^CARD_NUMBER>999999*********1168^AMOUNT>322000^CARDNAME>mb account^DESCRIPTION>6MBB2101537^TRANS_DATE>2022-06-29 01:01:20 PM
2022.6.29 07:01:26#8168329070126
2022.6.29 07:01:26#8168329070126
2022.6.29 07:01:26#8168329070126
2022.6.29 07:01:26#8168329070126
2022.6.29 07:01:26#=================== Transaction Completed =======================
2022.6.29 07:07:21#=================== Start New Transaction ===================
2022.6.29 07:07:21#txnrefnum:MBB2102140
2022.6.29 07:07:21#clientIp:37.111.200.45
2022.6.29 07:07:21#card type:6
2022.6.29 07:07:21#totalamount:302000
2022.6.29 07:07:30#result:TRANSACTION_ID:5457Sg8RHmbYlxXgI3DNS1C3HrM=
2022.6.29 07:07:30#Forward to DBBL Payment Gateway Page: https://ecom1.dutchbanglabank.com/ecomm2/ClientHandler?card_type=6&trans_id=5457Sg8RHmbYlxXgI3DNS1C3HrM%3D
2022.6.29 07:07:47#---------------------- Complete New Transaction---------------------
2022.6.29 07:07:47#Get trans_id From Post Value:5457Sg8RHmbYlxXgI3DNS1C3HrM=
2022.6.29 07:07:47#clientIp:37.111.200.45
2022.6.29 07:07:47#trans_id:5457Sg8RHmbYlxXgI3DNS1C3HrM=
2022.6.29 07:07:51#result:RESULT>OK^RESULT_CODE>000^3DSECURE>SKIPPED^RRN>218007363182^APPROVAL_CODE>201080^CARD_NUMBER>999999*********1168^AMOUNT>302000^CARDNAME>mb account^DESCRIPTION>6MBB2102140^TRANS_DATE>2022-06-29 01:07:45 PM
2022.6.29 07:07:51#9804529070751
2022.6.29 07:07:51#9804529070751
2022.6.29 07:07:51#9804529070751
2022.6.29 07:07:51#9804529070751
2022.6.29 07:07:51#=================== Transaction Completed =======================
2022.6.29 07:13:52#=================== Start New Transaction ===================
2022.6.29 07:13:52#txnrefnum:MBD2005176
2022.6.29 07:13:52#clientIp:37.111.200.45
2022.6.29 07:13:52#card type:6
2022.6.29 07:13:52#totalamount:82000
2022.6.29 07:14:02#result:TRANSACTION_ID:KHK9Exw85AaPau0SC3Qtf33PRaQ=
2022.6.29 07:14:02#Forward to DBBL Payment Gateway Page: https://ecom1.dutchbanglabank.com/ecomm2/ClientHandler?card_type=6&trans_id=KHK9Exw85AaPau0SC3Qtf33PRaQ%3D
2022.6.29 07:14:16#---------------------- Complete New Transaction---------------------
2022.6.29 07:14:16#Get trans_id From Post Value:KHK9Exw85AaPau0SC3Qtf33PRaQ=
2022.6.29 07:14:16#clientIp:37.111.200.45
2022.6.29 07:14:16#trans_id:KHK9Exw85AaPau0SC3Qtf33PRaQ=
2022.6.29 07:14:20#result:RESULT>OK^RESULT_CODE>000^3DSECURE>SKIPPED^RRN>218007363796^APPROVAL_CODE>125590^CARD_NUMBER>999999*********1168^AMOUNT>82000^CARDNAME>mb account^DESCRIPTION>6MBD2005176^TRANS_DATE>2022-06-29 01:14:16 PM
2022.6.29 07:14:20#29330629071420
2022.6.29 07:14:20#=================== Transaction Completed =======================
2022.6.29 07:52:37#=================== Start New Transaction ===================
2022.6.29 07:52:37#txnrefnum:BBG2105021
2022.6.29 07:52:37#clientIp:123.253.65.226
2022.6.29 07:52:37#card type:6
2022.6.29 07:52:37#totalamount:242000
2022.6.29 07:52:42#result:TRANSACTION_ID:izTEj12tyJxbiBY8hWjvgJynOXM=
2022.6.29 07:52:42#Forward to DBBL Payment Gateway Page: https://ecom1.dutchbanglabank.com/ecomm2/ClientHandler?card_type=6&trans_id=izTEj12tyJxbiBY8hWjvgJynOXM%3D
2022.6.29 07:53:02#---------------------- Complete New Transaction---------------------
2022.6.29 07:53:02#Get trans_id From Post Value:izTEj12tyJxbiBY8hWjvgJynOXM=
2022.6.29 07:53:02#clientIp:123.253.65.226
2022.6.29 07:53:02#trans_id:izTEj12tyJxbiBY8hWjvgJynOXM=
2022.6.29 07:53:05#result:RESULT>OK^RESULT_CODE>000^3DSECURE>SKIPPED^RRN>218007367261^APPROVAL_CODE>280941^CARD_NUMBER>999999*********0313^AMOUNT>242000^CARDNAME>mb account^DESCRIPTION>6BBG2105021^TRANS_DATE>2022-06-29 01:53:02 PM
2022.6.29 07:53:05#24435129075305
2022.6.29 07:53:05#24435129075305
2022.6.29 07:53:05#24435129075305
2022.6.29 07:53:05#=================== Transaction Completed =======================
2022.6.29 08:11:22#=================== Start New Transaction ===================
2022.6.29 08:11:22#txnrefnum:MBD2008042
2022.6.29 08:11:22#clientIp:202.134.14.152
2022.6.29 08:11:22#card type:6
2022.6.29 08:11:22#totalamount:162000
2022.6.29 08:11:28#result:TRANSACTION_ID:EizGfNVTfJnrzf5cxqqhT3NsFUw=
2022.6.29 08:11:28#Forward to DBBL Payment Gateway Page: https://ecom1.dutchbanglabank.com/ecomm2/ClientHandler?card_type=6&trans_id=EizGfNVTfJnrzf5cxqqhT3NsFUw%3D
2022.6.29 08:12:36#---------------------- Complete New Transaction---------------------
2022.6.29 08:12:36#Get trans_id From Post Value:EizGfNVTfJnrzf5cxqqhT3NsFUw=
2022.6.29 08:12:36#clientIp:202.134.14.152
2022.6.29 08:12:36#trans_id:EizGfNVTfJnrzf5cxqqhT3NsFUw=
2022.6.29 08:12:40#result:RESULT>OK^RESULT_CODE>000^3DSECURE>SKIPPED^RRN>218008369091^APPROVAL_CODE>500038^CARD_NUMBER>999999*********7532^AMOUNT>162000^CARDNAME>mb account^DESCRIPTION>6MBD2008042^TRANS_DATE>2022-06-29 02:12:35 PM
2022.6.29 08:12:40#21060929081240
2022.6.29 08:12:40#21060929081240
2022.6.29 08:12:40#=================== Transaction Completed =======================
2022.6.29 08:18:15#=================== Start New Transaction ===================
2022.6.29 08:18:15#txnrefnum:MBD2008031
2022.6.29 08:18:15#clientIp:202.134.14.152
2022.6.29 08:18:15#card type:6
2022.6.29 08:18:15#totalamount:162000
2022.6.29 08:18:19#result:TRANSACTION_ID:83CzCVoGzb4MHaHPkQJaHErIntE=
2022.6.29 08:18:19#Forward to DBBL Payment Gateway Page: https://ecom1.dutchbanglabank.com/ecomm2/ClientHandler?card_type=6&trans_id=83CzCVoGzb4MHaHPkQJaHErIntE%3D
2022.6.29 08:18:41#---------------------- Complete New Transaction---------------------
2022.6.29 08:18:41#Get trans_id From Post Value:83CzCVoGzb4MHaHPkQJaHErIntE=
2022.6.29 08:18:41#clientIp:202.134.14.152
2022.6.29 08:18:41#trans_id:83CzCVoGzb4MHaHPkQJaHErIntE=
2022.6.29 08:18:43#result:RESULT>OK^RESULT_CODE>000^3DSECURE>SKIPPED^RRN>218008369625^APPROVAL_CODE>551724^CARD_NUMBER>999999*********7532^AMOUNT>162000^CARDNAME>mb account^DESCRIPTION>6MBD2008031^TRANS_DATE>2022-06-29 02:18:39 PM
2022.6.29 08:18:43#21050029081843
2022.6.29 08:18:43#21050029081843
2022.6.29 08:18:43#=================== Transaction Completed =======================
2022.6.29 08:31:40#=================== Start New Transaction ===================
2022.6.29 08:31:40#txnrefnum:MSC22110029
2022.6.29 08:31:40#clientIp:37.111.215.28
2022.6.29 08:31:40#card type:6
2022.6.29 08:31:40#totalamount:102000
2022.6.29 08:31:48#result:TRANSACTION_ID:kHtJ50TDnnaRZYgTwPMULPmkaiY=
2022.6.29 08:31:48#Forward to DBBL Payment Gateway Page: https://ecom1.dutchbanglabank.com/ecomm2/ClientHandler?card_type=6&trans_id=kHtJ50TDnnaRZYgTwPMULPmkaiY%3D
2022.6.29 08:32:51#---------------------- Complete New Transaction---------------------
2022.6.29 08:32:51#Get trans_id From Post Value:kHtJ50TDnnaRZYgTwPMULPmkaiY=
2022.6.29 08:32:51#clientIp:37.111.215.28
2022.6.29 08:32:51#trans_id:kHtJ50TDnnaRZYgTwPMULPmkaiY=
2022.6.29 08:32:54#result:RESULT>OK^RESULT_CODE>000^3DSECURE>SKIPPED^RRN>218008370951^APPROVAL_CODE>593835^CARD_NUMBER>999999*********8685^AMOUNT>102000^CARDNAME>mb account^DESCRIPTION>6MSC22110029^TRANS_DATE>2022-06-29 02:32:49 PM
2022.6.29 08:32:54#32056129083254
2022.6.29 08:32:54#=================== Transaction Completed =======================
2022.6.29 08:38:34#=================== Start New Transaction ===================
2022.6.29 08:38:34#txnrefnum:MSC22110033
2022.6.29 08:38:34#clientIp:37.111.215.28
2022.6.29 08:38:34#card type:6
2022.6.29 08:38:34#totalamount:262000
2022.6.29 08:38:39#result:TRANSACTION_ID:o9U41wKEjkrud4tX8Mp0x1D0rWU=
2022.6.29 08:38:39#Forward to DBBL Payment Gateway Page: https://ecom1.dutchbanglabank.com/ecomm2/ClientHandler?card_type=6&trans_id=o9U41wKEjkrud4tX8Mp0x1D0rWU%3D
2022.6.29 08:39:50#---------------------- Complete New Transaction---------------------
2022.6.29 08:39:50#Get trans_id From Post Value:o9U41wKEjkrud4tX8Mp0x1D0rWU=
2022.6.29 08:39:50#clientIp:37.111.215.28
2022.6.29 08:39:50#trans_id:o9U41wKEjkrud4tX8Mp0x1D0rWU=
2022.6.29 08:39:53#result:RESULT>OK^RESULT_CODE>000^3DSECURE>SKIPPED^RRN>218008371566^APPROVAL_CODE>652117^CARD_NUMBER>999999*********8685^AMOUNT>262000^CARDNAME>mb account^DESCRIPTION>6MSC22110033^TRANS_DATE>2022-06-29 02:39:48 PM
2022.6.29 08:39:53#1443229083953
2022.6.29 08:39:53#1443229083953
2022.6.29 08:39:53#=================== Transaction Completed =======================
2022.6.29 08:45:51#=================== Start New Transaction ===================
2022.6.29 08:45:51#txnrefnum:MSC22110018
2022.6.29 08:45:51#clientIp:103.124.227.185
2022.6.29 08:45:51#card type:6
2022.6.29 08:45:51#totalamount:422000
2022.6.29 08:45:55#result:TRANSACTION_ID:G0odECyHW9SXPjrPUk03ZEl2oP0=
2022.6.29 08:45:56#Forward to DBBL Payment Gateway Page: https://ecom1.dutchbanglabank.com/ecomm2/ClientHandler?card_type=6&trans_id=G0odECyHW9SXPjrPUk03ZEl2oP0%3D
2022.6.29 08:49:25#---------------------- Complete New Transaction---------------------
2022.6.29 08:49:25#Get trans_id From Post Value:G0odECyHW9SXPjrPUk03ZEl2oP0=
2022.6.29 08:49:25#clientIp:103.124.227.185
2022.6.29 08:49:25#trans_id:G0odECyHW9SXPjrPUk03ZEl2oP0=
2022.6.29 08:49:30#result:RESULT>OK^RESULT_CODE>000^3DSECURE>SKIPPED^RRN>218008372425^APPROVAL_CODE>672777^CARD_NUMBER>999999*********6251^AMOUNT>422000^CARDNAME>mb account^DESCRIPTION>6MSC22110018^TRANS_DATE>2022-06-29 02:49:24 PM
2022.6.29 08:49:30#1439529084930
2022.6.29 08:49:30#1439529084930
2022.6.29 08:49:30#1439529084930
2022.6.29 08:49:30#=================== Transaction Completed =======================
2022.6.29 09:02:28#=================== Start New Transaction ===================
2022.6.29 09:02:28#txnrefnum:MSC22111276
2022.6.29 09:02:28#clientIp:103.135.254.125
2022.6.29 09:02:28#card type:6
2022.6.29 09:02:28#totalamount:262000
2022.6.29 09:02:33#result:TRANSACTION_ID:4SgyMgFvUhMNrLeZEu0JX88PeWc=
2022.6.29 09:02:33#Forward to DBBL Payment Gateway Page: https://ecom1.dutchbanglabank.com/ecomm2/ClientHandler?card_type=6&trans_id=4SgyMgFvUhMNrLeZEu0JX88PeWc%3D
2022.6.29 09:22:51#=================== Start New Transaction ===================
2022.6.29 09:22:51#txnrefnum:MSC22111319
2022.6.29 09:22:51#clientIp:45.127.247.3
2022.6.29 09:22:51#card type:6
2022.6.29 09:22:51#totalamount:262000
2022.6.29 09:22:55#result:TRANSACTION_ID:58ENlLuPWn5FCZgrEJxFPRfEoV8=
2022.6.29 09:22:55#Forward to DBBL Payment Gateway Page: https://ecom1.dutchbanglabank.com/ecomm2/ClientHandler?card_type=6&trans_id=58ENlLuPWn5FCZgrEJxFPRfEoV8%3D
2022.6.29 09:25:09#=================== Start New Transaction ===================
2022.6.29 09:25:09#txnrefnum:MSC22111319
2022.6.29 09:25:09#clientIp:45.127.247.3
2022.6.29 09:25:09#card type:6
2022.6.29 09:25:09#totalamount:262000
2022.6.29 09:25:20#result:TRANSACTION_ID:Co4nUDQWnUNbNA4WHmRJptmV8L0=
2022.6.29 09:25:21#Forward to DBBL Payment Gateway Page: https://ecom1.dutchbanglabank.com/ecomm2/ClientHandler?card_type=6&trans_id=Co4nUDQWnUNbNA4WHmRJptmV8L0%3D
2022.6.29 09:26:06#---------------------- Complete New Transaction---------------------
2022.6.29 09:26:06#Get trans_id From Post Value:Co4nUDQWnUNbNA4WHmRJptmV8L0=
2022.6.29 09:26:06#clientIp:45.127.247.3
2022.6.29 09:26:06#trans_id:Co4nUDQWnUNbNA4WHmRJptmV8L0=
2022.6.29 09:26:10#result:RESULT>OK^RESULT_CODE>000^3DSECURE>SKIPPED^RRN>218009375711^APPROVAL_CODE>805034^CARD_NUMBER>999999*********7571^AMOUNT>262000^CARDNAME>mb account^DESCRIPTION>6MSC22111319^TRANS_DATE>2022-06-29 03:26:05 PM
2022.6.29 09:26:10#1558429092610
2022.6.29 09:26:10#1558429092610
2022.6.29 09:26:10#=================== Transaction Completed =======================
2022.6.29 10:13:26#=================== Start New Transaction ===================
2022.6.29 10:13:26#txnrefnum:MBD2008087
2022.6.29 10:13:26#clientIp:27.54.148.174
2022.6.29 10:13:26#card type:6
2022.6.29 10:13:26#totalamount:562000
2022.6.29 10:13:30#result:TRANSACTION_ID:CjS2DB0ipEuE12T9VbLAbmiRGik=
2022.6.29 10:13:30#Forward to DBBL Payment Gateway Page: https://ecom1.dutchbanglabank.com/ecomm2/ClientHandler?card_type=6&trans_id=CjS2DB0ipEuE12T9VbLAbmiRGik%3D
2022.6.29 10:21:09#=================== Start New Transaction ===================
2022.6.29 10:21:09#txnrefnum:MBD2003144
2022.6.29 10:21:09#clientIp:202.134.14.152
2022.6.29 10:21:09#card type:6
2022.6.29 10:21:09#totalamount:82000
2022.6.29 10:21:15#result:TRANSACTION_ID:PRiDGGB8gMexLMQ9ETiuPBu9X7E=
2022.6.29 10:21:15#Forward to DBBL Payment Gateway Page: https://ecom1.dutchbanglabank.com/ecomm2/ClientHandler?card_type=6&trans_id=PRiDGGB8gMexLMQ9ETiuPBu9X7E%3D
2022.6.29 10:21:44#---------------------- Complete New Transaction---------------------
2022.6.29 10:21:44#Get trans_id From Post Value:PRiDGGB8gMexLMQ9ETiuPBu9X7E=
2022.6.29 10:21:44#clientIp:202.134.14.152
2022.6.29 10:21:44#trans_id:PRiDGGB8gMexLMQ9ETiuPBu9X7E=
2022.6.29 10:21:47#result:RESULT>OK^RESULT_CODE>000^3DSECURE>SKIPPED^RRN>218010380020^APPROVAL_CODE>040900^CARD_NUMBER>999999*********7532^AMOUNT>82000^CARDNAME>mb account^DESCRIPTION>6MBD2003144^TRANS_DATE>2022-06-29 04:21:43 PM
2022.6.29 10:21:47#12858929102147
2022.6.29 10:21:47#=================== Transaction Completed =======================
2022.6.29 10:51:41#---------------------- Complete New Transaction---------------------
2022.6.29 10:51:41#Get trans_id From Post Value:4SgyMgFvUhMNrLeZEu0JX88PeWc=
2022.6.29 10:51:41#clientIp:202.83.125.118
2022.6.29 10:51:41#trans_id:4SgyMgFvUhMNrLeZEu0JX88PeWc=
2022.6.29 10:51:45#result:RESULT>TIMEOUT^RESULT_CODE>999^3DSECURE>0^RRN>0^APPROVAL_CODE>0^CARD_NUMBER>0^AMOUNT>262000^CARDNAME>0^DESCRIPTION>6MSC22111276^TRANS_DATE>2022-06-29 04:51:40 PM
2022.6.29 10:51:45#Failed
2022.6.29 11:00:08#=================== Start New Transaction ===================
2022.6.29 11:00:08#txnrefnum:MEM2004028
2022.6.29 11:00:08#clientIp:27.54.148.174
2022.6.29 11:00:08#card type:6
2022.6.29 11:00:08#totalamount:3082000
2022.6.29 11:00:12#result:TRANSACTION_ID:nMSQGYqmSmxdliBFUU3J5BlXCfM=
2022.6.29 11:00:12#Forward to DBBL Payment Gateway Page: https://ecom1.dutchbanglabank.com/ecomm2/ClientHandler?card_type=6&trans_id=nMSQGYqmSmxdliBFUU3J5BlXCfM%3D
2022.6.29 11:07:07#=================== Start New Transaction ===================
2022.6.29 11:07:07#txnrefnum:BBM2006203
2022.6.29 11:07:07#clientIp:103.175.132.136
2022.6.29 11:07:07#card type:6
2022.6.29 11:07:07#totalamount:242000
2022.6.29 11:07:11#result:TRANSACTION_ID:aKLmpwiSIU1wFouzWCRLflA0Lpo=
2022.6.29 11:07:11#Forward to DBBL Payment Gateway Page: https://ecom1.dutchbanglabank.com/ecomm2/ClientHandler?card_type=6&trans_id=aKLmpwiSIU1wFouzWCRLflA0Lpo%3D
2022.6.29 11:08:51#---------------------- Complete New Transaction---------------------
2022.6.29 11:08:51#Get trans_id From Post Value:aKLmpwiSIU1wFouzWCRLflA0Lpo=
2022.6.29 11:08:51#clientIp:103.175.132.136
2022.6.29 11:08:51#trans_id:aKLmpwiSIU1wFouzWCRLflA0Lpo=
2022.6.29 11:08:55#result:RESULT>OK^RESULT_CODE>000^3DSECURE>SKIPPED^RRN>218011383290^APPROVAL_CODE>178695^CARD_NUMBER>999999*********2355^AMOUNT>242000^CARDNAME>mb account^DESCRIPTION>6BBM2006203^TRANS_DATE>2022-06-29 05:08:49 PM
2022.6.29 11:08:55#25603729110855
2022.6.29 11:08:55#25603729110855
2022.6.29 11:08:55#25603729110855
2022.6.29 11:08:55#=================== Transaction Completed =======================
2022.6.29 11:18:11#=================== Start New Transaction ===================
2022.6.29 11:18:11#txnrefnum:MSC22110059
2022.6.29 11:18:11#clientIp:123.253.65.129
2022.6.29 11:18:11#card type:6
2022.6.29 11:18:11#totalamount:422000
2022.6.29 11:18:18#result:TRANSACTION_ID:55GAFZyqbcq0plQMtLAnmSYnWRI=
2022.6.29 11:18:18#Forward to DBBL Payment Gateway Page: https://ecom1.dutchbanglabank.com/ecomm2/ClientHandler?card_type=6&trans_id=55GAFZyqbcq0plQMtLAnmSYnWRI%3D
2022.6.29 11:19:10#---------------------- Complete New Transaction---------------------
2022.6.29 11:19:10#Get trans_id From Post Value:55GAFZyqbcq0plQMtLAnmSYnWRI=
2022.6.29 11:19:10#clientIp:123.253.65.129
2022.6.29 11:19:10#trans_id:55GAFZyqbcq0plQMtLAnmSYnWRI=
2022.6.29 11:19:14#result:RESULT>OK^RESULT_CODE>000^3DSECURE>SKIPPED^RRN>218011384057^APPROVAL_CODE>311551^CARD_NUMBER>999999*********1264^AMOUNT>422000^CARDNAME>mb account^DESCRIPTION>6MSC22110059^TRANS_DATE>2022-06-29 05:19:08 PM
2022.6.29 11:19:14#1392729111914
2022.6.29 11:19:14#1392729111914
2022.6.29 11:19:14#1392729111914
2022.6.29 11:19:14#=================== Transaction Completed =======================
2022.6.29 12:04:12#=================== Start New Transaction ===================
2022.6.29 12:04:12#txnrefnum:MED2206685
2022.6.29 12:04:12#clientIp:103.150.255.81
2022.6.29 12:04:12#card type:6
2022.6.29 12:04:12#totalamount:2000
2022.6.29 12:04:14#=================== Start New Transaction ===================
2022.6.29 12:04:14#txnrefnum:MED2206685
2022.6.29 12:04:14#clientIp:103.150.255.81
2022.6.29 12:04:14#card type:6
2022.6.29 12:04:14#totalamount:2000
2022.6.29 12:04:33#result:TRANSACTION_ID:yPLIXndoKPomEdr5wuMCpexyRzk=
2022.6.29 12:04:33#Forward to DBBL Payment Gateway Page: https://ecom1.dutchbanglabank.com/ecomm2/ClientHandler?card_type=6&trans_id=yPLIXndoKPomEdr5wuMCpexyRzk%3D
2022.6.29 12:04:52#result:TRANSACTION_ID:DCFtCSh8siCOvEkVGZ2tsGvnMWg=
2022.6.29 12:04:52#Forward to DBBL Payment Gateway Page: https://ecom1.dutchbanglabank.com/ecomm2/ClientHandler?card_type=6&trans_id=DCFtCSh8siCOvEkVGZ2tsGvnMWg%3D
2022.6.29 12:08:56#=================== Start New Transaction ===================
2022.6.29 12:08:56#txnrefnum:MBD2003135
2022.6.29 12:08:56#clientIp:116.204.141.32
2022.6.29 12:08:56#card type:6
2022.6.29 12:08:56#totalamount:82000
2022.6.29 12:09:05#=================== Start New Transaction ===================
2022.6.29 12:09:05#txnrefnum:MBD2003135
2022.6.29 12:09:05#clientIp:116.204.141.32
2022.6.29 12:09:05#card type:6
2022.6.29 12:09:05#totalamount:82000
2022.6.29 12:09:14#result:TRANSACTION_ID:D5SWMC4PaCw0q5hS7PQyPlgS1EM=
2022.6.29 12:09:14#Forward to DBBL Payment Gateway Page: https://ecom1.dutchbanglabank.com/ecomm2/ClientHandler?card_type=6&trans_id=D5SWMC4PaCw0q5hS7PQyPlgS1EM%3D
2022.6.29 12:09:26#result:TRANSACTION_ID:2cQMOLejiymTQcOX0rnkYfhVxlc=
2022.6.29 12:09:26#Forward to DBBL Payment Gateway Page: https://ecom1.dutchbanglabank.com/ecomm2/ClientHandler?card_type=6&trans_id=2cQMOLejiymTQcOX0rnkYfhVxlc%3D
2022.6.29 12:11:19#---------------------- Complete New Transaction---------------------
2022.6.29 12:11:19#Get trans_id From Post Value:2cQMOLejiymTQcOX0rnkYfhVxlc=
2022.6.29 12:11:19#clientIp:116.204.141.32
2022.6.29 12:11:19#trans_id:2cQMOLejiymTQcOX0rnkYfhVxlc=
2022.6.29 12:11:24#result:RESULT>FAILED^RESULT_CODE>103^3DSECURE>SKIPPED^RRN>218012387730^APPROVAL_CODE>0^CARD_NUMBER>999999*********7789^AMOUNT>82000^CARDNAME>mb account^DESCRIPTION>6MBD2003135^TRANS_DATE>2022-06-29 06:11:18 PM
2022.6.29 12:11:24#Failed
2022.6.29 12:14:57#=================== Start New Transaction ===================
2022.6.29 12:14:57#txnrefnum:MBD2003135
2022.6.29 12:14:57#clientIp:116.204.141.32
2022.6.29 12:14:57#card type:6
2022.6.29 12:14:57#totalamount:82000
2022.6.29 12:15:12#result:TRANSACTION_ID:WfXSW4ksxE1sSoqnLqFIi7bYzzM=
2022.6.29 12:15:12#Forward to DBBL Payment Gateway Page: https://ecom1.dutchbanglabank.com/ecomm2/ClientHandler?card_type=6&trans_id=WfXSW4ksxE1sSoqnLqFIi7bYzzM%3D
2022.6.29 12:16:11#---------------------- Complete New Transaction---------------------
2022.6.29 12:16:11#Get trans_id From Post Value:WfXSW4ksxE1sSoqnLqFIi7bYzzM=
2022.6.29 12:16:11#clientIp:116.204.141.32
2022.6.29 12:16:11#trans_id:WfXSW4ksxE1sSoqnLqFIi7bYzzM=
2022.6.29 12:16:20#result:RESULT>FAILED^RESULT_CODE>103^3DSECURE>SKIPPED^RRN>218012388109^APPROVAL_CODE>0^CARD_NUMBER>999999*********7789^AMOUNT>82000^CARDNAME>mb account^DESCRIPTION>6MBD2003135^TRANS_DATE>2022-06-29 06:16:10 PM
2022.6.29 12:16:20#Failed
2022.6.29 12:19:06#=================== Start New Transaction ===================
2022.6.29 12:19:06#txnrefnum:MBD2003135
2022.6.29 12:19:06#clientIp:116.204.141.32
2022.6.29 12:19:06#card type:6
2022.6.29 12:19:06#totalamount:82000
2022.6.29 12:19:24#result:TRANSACTION_ID:908qzP5kUUxu5bEgXflTSOaN520=
2022.6.29 12:19:24#Forward to DBBL Payment Gateway Page: https://ecom1.dutchbanglabank.com/ecomm2/ClientHandler?card_type=6&trans_id=908qzP5kUUxu5bEgXflTSOaN520%3D
2022.6.29 12:22:33#---------------------- Complete New Transaction---------------------
2022.6.29 12:22:33#Get trans_id From Post Value:908qzP5kUUxu5bEgXflTSOaN520=
2022.6.29 12:22:33#clientIp:116.204.141.32
2022.6.29 12:22:33#trans_id:908qzP5kUUxu5bEgXflTSOaN520=
2022.6.29 12:22:45#result:RESULT>FAILED^RESULT_CODE>103^3DSECURE>SKIPPED^RRN>218012388567^APPROVAL_CODE>0^CARD_NUMBER>999999*********7789^AMOUNT>82000^CARDNAME>mb account^DESCRIPTION>6MBD2003135^TRANS_DATE>2022-06-29 06:22:32 PM
2022.6.29 12:22:45#Failed
2022.6.29 12:36:06#=================== Start New Transaction ===================
2022.6.29 12:36:06#txnrefnum:MBD2008089
2022.6.29 12:36:06#clientIp:182.48.85.12
2022.6.29 12:36:06#card type:6
2022.6.29 12:36:06#totalamount:2242000
2022.6.29 12:36:33#result:TRANSACTION_ID:sSdsF8PUtLdzMie2tv4wAwAIcYE=
2022.6.29 12:36:34#Forward to DBBL Payment Gateway Page: https://ecom1.dutchbanglabank.com/ecomm2/ClientHandler?card_type=6&trans_id=sSdsF8PUtLdzMie2tv4wAwAIcYE%3D
2022.6.29 14:30:43#=================== Start New Transaction ===================
2022.6.29 14:30:43#txnrefnum:MSC22111276
2022.6.29 14:30:43#clientIp:37.111.214.211
2022.6.29 14:30:43#card type:6
2022.6.29 14:30:43#totalamount:262000
2022.6.29 14:30:47#=================== Start New Transaction ===================
2022.6.29 14:30:47#txnrefnum:MSC22111276
2022.6.29 14:30:47#clientIp:37.111.214.211
2022.6.29 14:30:47#card type:6
2022.6.29 14:30:47#totalamount:262000
2022.6.29 14:31:11#result:TRANSACTION_ID:q4CHvtUQx6N9RbcffX7Yy8clGqI=
2022.6.29 14:31:12#Forward to DBBL Payment Gateway Page: https://ecom1.dutchbanglabank.com/ecomm2/ClientHandler?card_type=6&trans_id=q4CHvtUQx6N9RbcffX7Yy8clGqI%3D
2022.6.29 14:31:28#result:TRANSACTION_ID:drHG1wHVYAyu2rSmWXSewBvX6Ms=
2022.6.29 14:31:28#Forward to DBBL Payment Gateway Page: https://ecom1.dutchbanglabank.com/ecomm2/ClientHandler?card_type=6&trans_id=drHG1wHVYAyu2rSmWXSewBvX6Ms%3D
2022.6.29 14:33:19#---------------------- Complete New Transaction---------------------
2022.6.29 14:33:19#Get trans_id From Post Value:q4CHvtUQx6N9RbcffX7Yy8clGqI=
2022.6.29 14:33:19#clientIp:37.111.214.211
2022.6.29 14:33:19#trans_id:q4CHvtUQx6N9RbcffX7Yy8clGqI=
2022.6.29 14:33:25#result:RESULT>OK^RESULT_CODE>000^3DSECURE>SKIPPED^RRN>218014399249^APPROVAL_CODE>453776^CARD_NUMBER>999999*********5958^AMOUNT>262000^CARDNAME>mb account^DESCRIPTION>6MSC22111276^TRANS_DATE>2022-06-29 08:33:17 PM
2022.6.29 14:33:25#1636429023325
2022.6.29 14:33:25#1636429023325
2022.6.29 14:33:25#=================== Transaction Completed =======================
2022.6.29 15:07:08#=================== Start New Transaction ===================
2022.6.29 15:07:08#txnrefnum:MEM2005019
2022.6.29 15:07:08#clientIp:103.146.84.114
2022.6.29 15:07:08#card type:6
2022.6.29 15:07:08#totalamount:552000
2022.6.29 15:07:30#result:TRANSACTION_ID:I8MsAVPj25U5f2i3OOXAPZnL8bg=
2022.6.29 15:07:30#Forward to DBBL Payment Gateway Page: https://ecom1.dutchbanglabank.com/ecomm2/ClientHandler?card_type=6&trans_id=I8MsAVPj25U5f2i3OOXAPZnL8bg%3D
2022.6.29 15:48:46#=================== Start New Transaction ===================
2022.6.29 15:48:46#txnrefnum:MSC22111326
2022.6.29 15:48:46#clientIp:103.204.247.18
2022.6.29 15:48:46#card type:6
2022.6.29 15:48:46#totalamount:262000
2022.6.29 15:48:51#result:TRANSACTION_ID:z5AHpw3hlDvXseAiX1hCoxN6oV8=
2022.6.29 15:48:51#Forward to DBBL Payment Gateway Page: https://ecom1.dutchbanglabank.com/ecomm2/ClientHandler?card_type=6&trans_id=z5AHpw3hlDvXseAiX1hCoxN6oV8%3D
2022.6.29 15:49:29#---------------------- Complete New Transaction---------------------
2022.6.29 15:49:29#Get trans_id From Post Value:z5AHpw3hlDvXseAiX1hCoxN6oV8=
2022.6.29 15:49:29#clientIp:103.204.247.18
2022.6.29 15:49:29#trans_id:z5AHpw3hlDvXseAiX1hCoxN6oV8=
2022.6.29 15:49:32#result:RESULT>OK^RESULT_CODE>000^3DSECURE>SKIPPED^RRN>218015405561^APPROVAL_CODE>000706^CARD_NUMBER>999999*********2298^AMOUNT>262000^CARDNAME>mb account^DESCRIPTION>6MSC22111326^TRANS_DATE>2022-06-29 09:49:28 PM
2022.6.29 15:49:32#1590829034932
2022.6.29 15:49:32#1590829034932
2022.6.29 15:49:32#=================== Transaction Completed =======================
2022.6.29 16:04:15#=================== Start New Transaction ===================
2022.6.29 16:04:15#txnrefnum:MSC22111300
2022.6.29 16:04:15#clientIp:103.133.201.230
2022.6.29 16:04:15#card type:6
2022.6.29 16:04:15#totalamount:262000
2022.6.29 16:04:29#result:TRANSACTION_ID:MmmdnRWfFSxcJOs0BY3T9VV0S78=
2022.6.29 16:04:29#Forward to DBBL Payment Gateway Page: https://ecom1.dutchbanglabank.com/ecomm2/ClientHandler?card_type=6&trans_id=MmmdnRWfFSxcJOs0BY3T9VV0S78%3D
2022.6.29 16:05:11#---------------------- Complete New Transaction---------------------
2022.6.29 16:05:11#Get trans_id From Post Value:MmmdnRWfFSxcJOs0BY3T9VV0S78=
2022.6.29 16:05:11#clientIp:103.133.201.230
2022.6.29 16:05:11#trans_id:MmmdnRWfFSxcJOs0BY3T9VV0S78=
2022.6.29 16:05:16#result:RESULT>OK^RESULT_CODE>000^3DSECURE>SKIPPED^RRN>218016406738^APPROVAL_CODE>103917^CARD_NUMBER>999999*********0594^AMOUNT>262000^CARDNAME>mb account^DESCRIPTION>6MSC22111300^TRANS_DATE>2022-06-29 10:05:10 PM
2022.6.29 16:05:16#1686829040516
2022.6.29 16:05:16#1686829040516
2022.6.29 16:05:16#=================== Transaction Completed =======================