
2022.12.12 01:42:01#=================== Start New Transaction ===================
2022.12.12 01:42:01#txnrefnum:MSC22111086
2022.12.12 01:42:01#clientIp:202.134.9.144
2022.12.12 01:42:01#card type:6
2022.12.12 01:42:01#totalamount:2000
2022.12.12 01:42:05#result:TRANSACTION_ID:GAL58OoqJUWQSbzER6kcgLGyQJ4=
2022.12.12 01:42:05#Forward to DBBL Payment Gateway Page: https://ecom1.dutchbanglabank.com/ecomm2/ClientHandler?card_type=6&trans_id=GAL58OoqJUWQSbzER6kcgLGyQJ4%3D
2022.12.12 01:56:20#=================== Start New Transaction ===================
2022.12.12 01:56:20#txnrefnum:MSC22111317
2022.12.12 01:56:20#clientIp:202.134.9.144
2022.12.12 01:56:20#card type:6
2022.12.12 01:56:20#totalamount:702000
2022.12.12 01:56:23#result:TRANSACTION_ID:dNIr158YPzWtS24lEejtI2HsCoU=
2022.12.12 01:56:23#Forward to DBBL Payment Gateway Page: https://ecom1.dutchbanglabank.com/ecomm2/ClientHandler?card_type=6&trans_id=dNIr158YPzWtS24lEejtI2HsCoU%3D
2022.12.12 01:56:41#---------------------- Complete New Transaction---------------------
2022.12.12 01:56:41#Get trans_id From Post Value:dNIr158YPzWtS24lEejtI2HsCoU=
2022.12.12 01:56:41#clientIp:202.134.9.144
2022.12.12 01:56:41#trans_id:dNIr158YPzWtS24lEejtI2HsCoU=
2022.12.12 01:56:43#result:RESULT>OK^RESULT_CODE>000^3DSECURE>SKIPPED^RRN>234601339809^APPROVAL_CODE>116515^CARD_NUMBER>999999*********1168^AMOUNT>702000^CARDNAME>mb account^DESCRIPTION>6MSC22111317^TRANS_DATE>2022-12-12 07:56:40 AM
2022.12.12 01:56:43#33530812015643
2022.12.12 01:56:44#33530812015643
2022.12.12 01:56:44#=================== Transaction Completed =======================
2022.12.12 02:03:33#=================== Start New Transaction ===================
2022.12.12 02:03:33#txnrefnum:MSC22111239
2022.12.12 02:03:33#clientIp:202.134.9.144
2022.12.12 02:03:33#card type:6
2022.12.12 02:03:33#totalamount:1022000
2022.12.12 02:03:36#result:TRANSACTION_ID:qY5n5IuZ5OJ2ByjxEz3k5VwIjjU=
2022.12.12 02:03:36#Forward to DBBL Payment Gateway Page: https://ecom1.dutchbanglabank.com/ecomm2/ClientHandler?card_type=6&trans_id=qY5n5IuZ5OJ2ByjxEz3k5VwIjjU%3D
2022.12.12 02:03:49#---------------------- Complete New Transaction---------------------
2022.12.12 02:03:49#Get trans_id From Post Value:qY5n5IuZ5OJ2ByjxEz3k5VwIjjU=
2022.12.12 02:03:49#clientIp:202.134.9.144
2022.12.12 02:03:49#trans_id:qY5n5IuZ5OJ2ByjxEz3k5VwIjjU=
2022.12.12 02:03:51#result:RESULT>OK^RESULT_CODE>000^3DSECURE>SKIPPED^RRN>234602340121^APPROVAL_CODE>043250^CARD_NUMBER>999999*********1168^AMOUNT>1022000^CARDNAME>mb account^DESCRIPTION>6MSC22111239^TRANS_DATE>2022-12-12 08:03:47 AM
2022.12.12 02:03:51#33515212020351
2022.12.12 02:03:51#33515212020351
2022.12.12 02:03:51#33515212020351
2022.12.12 02:03:51#33515212020351
2022.12.12 02:03:51#33515212020351
2022.12.12 02:03:51#33515212020351
2022.12.12 02:03:51#=================== Transaction Completed =======================
2022.12.12 02:27:56#=================== Start New Transaction ===================
2022.12.12 02:27:56#txnrefnum:MSC22110051
2022.12.12 02:27:56#clientIp:202.134.9.144
2022.12.12 02:27:56#card type:6
2022.12.12 02:27:56#totalamount:162000
2022.12.12 02:27:59#result:TRANSACTION_ID:WjpVueLS2WEI5yy2F8Jr0yzEwlA=
2022.12.12 02:27:59#Forward to DBBL Payment Gateway Page: https://ecom1.dutchbanglabank.com/ecomm2/ClientHandler?card_type=6&trans_id=WjpVueLS2WEI5yy2F8Jr0yzEwlA%3D
2022.12.12 02:28:16#---------------------- Complete New Transaction---------------------
2022.12.12 02:28:16#Get trans_id From Post Value:WjpVueLS2WEI5yy2F8Jr0yzEwlA=
2022.12.12 02:28:16#clientIp:202.134.9.144
2022.12.12 02:28:16#trans_id:WjpVueLS2WEI5yy2F8Jr0yzEwlA=
2022.12.12 02:28:18#result:RESULT>OK^RESULT_CODE>000^3DSECURE>SKIPPED^RRN>234602341133^APPROVAL_CODE>130539^CARD_NUMBER>999999*********1168^AMOUNT>162000^CARDNAME>mb account^DESCRIPTION>6MSC22110051^TRANS_DATE>2022-12-12 08:28:14 AM
2022.12.12 02:28:18#33667412022818
2022.12.12 02:28:18#33667412022818
2022.12.12 02:28:18#=================== Transaction Completed =======================
2022.12.12 02:29:36#=================== Start New Transaction ===================
2022.12.12 02:29:36#txnrefnum:MSC22111384
2022.12.12 02:29:36#clientIp:202.134.9.144
2022.12.12 02:29:36#card type:6
2022.12.12 02:29:36#totalamount:702000
2022.12.12 02:29:39#result:TRANSACTION_ID:n4PhlF68s9rAKLdIFJHVlIkSbms=
2022.12.12 02:29:39#Forward to DBBL Payment Gateway Page: https://ecom1.dutchbanglabank.com/ecomm2/ClientHandler?card_type=6&trans_id=n4PhlF68s9rAKLdIFJHVlIkSbms%3D
2022.12.12 02:29:56#---------------------- Complete New Transaction---------------------
2022.12.12 02:29:56#Get trans_id From Post Value:n4PhlF68s9rAKLdIFJHVlIkSbms=
2022.12.12 02:29:56#clientIp:202.134.9.144
2022.12.12 02:29:56#trans_id:n4PhlF68s9rAKLdIFJHVlIkSbms=
2022.12.12 02:29:58#result:RESULT>OK^RESULT_CODE>000^3DSECURE>SKIPPED^RRN>234602341203^APPROVAL_CODE>131419^CARD_NUMBER>999999*********1168^AMOUNT>702000^CARDNAME>mb account^DESCRIPTION>6MSC22111384^TRANS_DATE>2022-12-12 08:29:55 AM
2022.12.12 02:29:58#33549612022958
2022.12.12 02:29:59#33549612022958
2022.12.12 02:29:59#=================== Transaction Completed =======================
2022.12.12 02:34:40#=================== Start New Transaction ===================
2022.12.12 02:34:40#txnrefnum:MSC22111179
2022.12.12 02:34:40#clientIp:202.134.9.144
2022.12.12 02:34:40#card type:6
2022.12.12 02:34:40#totalamount:162000
2022.12.12 02:34:43#result:TRANSACTION_ID:a7SgcxvJPvJCVbbMWVZinxeaaGo=
2022.12.12 02:34:43#Forward to DBBL Payment Gateway Page: https://ecom1.dutchbanglabank.com/ecomm2/ClientHandler?card_type=6&trans_id=a7SgcxvJPvJCVbbMWVZinxeaaGo%3D
2022.12.12 02:34:55#---------------------- Complete New Transaction---------------------
2022.12.12 02:34:55#Get trans_id From Post Value:a7SgcxvJPvJCVbbMWVZinxeaaGo=
2022.12.12 02:34:55#clientIp:202.134.9.144
2022.12.12 02:34:55#trans_id:a7SgcxvJPvJCVbbMWVZinxeaaGo=
2022.12.12 02:34:57#result:RESULT>OK^RESULT_CODE>000^3DSECURE>SKIPPED^RRN>234602341395^APPROVAL_CODE>171257^CARD_NUMBER>999999*********1168^AMOUNT>162000^CARDNAME>mb account^DESCRIPTION>6MSC22111179^TRANS_DATE>2022-12-12 08:34:54 AM
2022.12.12 02:34:58#33937112023457
2022.12.12 02:34:58#33937112023457
2022.12.12 02:34:58#=================== Transaction Completed =======================
2022.12.12 02:35:52#=================== Start New Transaction ===================
2022.12.12 02:35:52#txnrefnum:MSC22111106
2022.12.12 02:35:52#clientIp:202.134.9.144
2022.12.12 02:35:52#card type:6
2022.12.12 02:35:52#totalamount:702000
2022.12.12 02:35:55#result:TRANSACTION_ID:SC4XYRbXwM5ciJfyxlhMR8Y7PzA=
2022.12.12 02:35:55#Forward to DBBL Payment Gateway Page: https://ecom1.dutchbanglabank.com/ecomm2/ClientHandler?card_type=6&trans_id=SC4XYRbXwM5ciJfyxlhMR8Y7PzA%3D
2022.12.12 02:36:07#---------------------- Complete New Transaction---------------------
2022.12.12 02:36:07#Get trans_id From Post Value:SC4XYRbXwM5ciJfyxlhMR8Y7PzA=
2022.12.12 02:36:07#clientIp:202.134.9.144
2022.12.12 02:36:07#trans_id:SC4XYRbXwM5ciJfyxlhMR8Y7PzA=
2022.12.12 02:36:09#result:RESULT>OK^RESULT_CODE>000^3DSECURE>SKIPPED^RRN>234602341441^APPROVAL_CODE>171958^CARD_NUMBER>999999*********1168^AMOUNT>702000^CARDNAME>mb account^DESCRIPTION>6MSC22111106^TRANS_DATE>2022-12-12 08:36:06 AM
2022.12.12 02:36:09#33519812023609
2022.12.12 02:36:09#33519812023609
2022.12.12 02:36:09#=================== Transaction Completed =======================
2022.12.12 02:37:10#=================== Start New Transaction ===================
2022.12.12 02:37:10#txnrefnum:MSC22110073
2022.12.12 02:37:10#clientIp:202.134.9.144
2022.12.12 02:37:10#card type:6
2022.12.12 02:37:10#totalamount:822000
2022.12.12 02:37:13#result:TRANSACTION_ID:fwozw3S7gprWskVWHr47JORIrDo=
2022.12.12 02:37:13#Forward to DBBL Payment Gateway Page: https://ecom1.dutchbanglabank.com/ecomm2/ClientHandler?card_type=6&trans_id=fwozw3S7gprWskVWHr47JORIrDo%3D
2022.12.12 02:37:29#---------------------- Complete New Transaction---------------------
2022.12.12 02:37:29#Get trans_id From Post Value:fwozw3S7gprWskVWHr47JORIrDo=
2022.12.12 02:37:29#clientIp:202.134.9.144
2022.12.12 02:37:29#trans_id:fwozw3S7gprWskVWHr47JORIrDo=
2022.12.12 02:37:31#result:RESULT>OK^RESULT_CODE>000^3DSECURE>SKIPPED^RRN>234602341496^APPROVAL_CODE>093635^CARD_NUMBER>999999*********1168^AMOUNT>822000^CARDNAME>mb account^DESCRIPTION>6MSC22110073^TRANS_DATE>2022-12-12 08:37:28 AM
2022.12.12 02:37:31#33504512023731
2022.12.12 02:37:31#33504512023731
2022.12.12 02:37:31#33504512023731
2022.12.12 02:37:31#33504512023731
2022.12.12 02:37:31#=================== Transaction Completed =======================
2022.12.12 02:38:30#=================== Start New Transaction ===================
2022.12.12 02:38:30#txnrefnum:MSC22110521
2022.12.12 02:38:30#clientIp:202.134.9.144
2022.12.12 02:38:30#card type:6
2022.12.12 02:38:30#totalamount:162000
2022.12.12 02:38:33#result:TRANSACTION_ID:kAF3rcH4ceoJgsMmGzX5g4QpIL4=
2022.12.12 02:38:33#Forward to DBBL Payment Gateway Page: https://ecom1.dutchbanglabank.com/ecomm2/ClientHandler?card_type=6&trans_id=kAF3rcH4ceoJgsMmGzX5g4QpIL4%3D
2022.12.12 02:38:57#---------------------- Complete New Transaction---------------------
2022.12.12 02:38:57#Get trans_id From Post Value:kAF3rcH4ceoJgsMmGzX5g4QpIL4=
2022.12.12 02:38:57#clientIp:202.134.9.144
2022.12.12 02:38:57#trans_id:kAF3rcH4ceoJgsMmGzX5g4QpIL4=
2022.12.12 02:38:59#result:RESULT>OK^RESULT_CODE>000^3DSECURE>SKIPPED^RRN>234602341568^APPROVAL_CODE>173296^CARD_NUMBER>999999*********1168^AMOUNT>162000^CARDNAME>mb account^DESCRIPTION>6MSC22110521^TRANS_DATE>2022-12-12 08:38:55 AM
2022.12.12 02:38:59#33607412023859
2022.12.12 02:38:59#33607412023859
2022.12.12 02:38:59#=================== Transaction Completed =======================
2022.12.12 02:40:01#=================== Start New Transaction ===================
2022.12.12 02:40:01#txnrefnum:MSC22111280
2022.12.12 02:40:01#clientIp:202.134.9.144
2022.12.12 02:40:01#card type:6
2022.12.12 02:40:01#totalamount:862000
2022.12.12 02:40:04#result:TRANSACTION_ID:IhiYRt3PCGCrvysKJDAHdGmPT94=
2022.12.12 02:40:04#Forward to DBBL Payment Gateway Page: https://ecom1.dutchbanglabank.com/ecomm2/ClientHandler?card_type=6&trans_id=IhiYRt3PCGCrvysKJDAHdGmPT94%3D
2022.12.12 02:40:23#---------------------- Complete New Transaction---------------------
2022.12.12 02:40:23#Get trans_id From Post Value:IhiYRt3PCGCrvysKJDAHdGmPT94=
2022.12.12 02:40:23#clientIp:202.134.9.144
2022.12.12 02:40:23#trans_id:IhiYRt3PCGCrvysKJDAHdGmPT94=
2022.12.12 02:40:25#result:RESULT>OK^RESULT_CODE>000^3DSECURE>SKIPPED^RRN>234602341623^APPROVAL_CODE>137537^CARD_NUMBER>999999*********1168^AMOUNT>862000^CARDNAME>mb account^DESCRIPTION>6MSC22111280^TRANS_DATE>2022-12-12 08:40:22 AM
2022.12.12 02:40:26#33517212024025
2022.12.12 02:40:26#33517212024025
2022.12.12 02:40:26#33517212024025
2022.12.12 02:40:26#33517212024025
2022.12.12 02:40:26#=================== Transaction Completed =======================
2022.12.12 02:43:46#=================== Start New Transaction ===================
2022.12.12 02:43:46#txnrefnum:MSC22111387
2022.12.12 02:43:46#clientIp:202.134.9.144
2022.12.12 02:43:46#card type:6
2022.12.12 02:43:46#totalamount:162000
2022.12.12 02:43:49#result:TRANSACTION_ID:Nm4rNIMlqOwXe27Uh8qkEuuPjDM=
2022.12.12 02:43:49#Forward to DBBL Payment Gateway Page: https://ecom1.dutchbanglabank.com/ecomm2/ClientHandler?card_type=6&trans_id=Nm4rNIMlqOwXe27Uh8qkEuuPjDM%3D
2022.12.12 02:44:06#---------------------- Complete New Transaction---------------------
2022.12.12 02:44:06#Get trans_id From Post Value:Nm4rNIMlqOwXe27Uh8qkEuuPjDM=
2022.12.12 02:44:06#clientIp:202.134.9.144
2022.12.12 02:44:06#trans_id:Nm4rNIMlqOwXe27Uh8qkEuuPjDM=
2022.12.12 02:44:08#result:RESULT>OK^RESULT_CODE>000^3DSECURE>SKIPPED^RRN>234602341780^APPROVAL_CODE>140698^CARD_NUMBER>999999*********1168^AMOUNT>162000^CARDNAME>mb account^DESCRIPTION>6MSC22111387^TRANS_DATE>2022-12-12 08:44:05 AM
2022.12.12 02:44:08#34028312024408
2022.12.12 02:44:08#34028312024408
2022.12.12 02:44:08#=================== Transaction Completed =======================
2022.12.12 02:52:06#=================== Start New Transaction ===================
2022.12.12 02:52:06#txnrefnum:MSC22111035
2022.12.12 02:52:06#clientIp:202.134.9.144
2022.12.12 02:52:06#card type:6
2022.12.12 02:52:06#totalamount:1022000
2022.12.12 02:52:09#result:TRANSACTION_ID:NxO6hf1jSkGyUDnUUZIPeWkr440=
2022.12.12 02:52:09#Forward to DBBL Payment Gateway Page: https://ecom1.dutchbanglabank.com/ecomm2/ClientHandler?card_type=6&trans_id=NxO6hf1jSkGyUDnUUZIPeWkr440%3D
2022.12.12 02:52:38#---------------------- Complete New Transaction---------------------
2022.12.12 02:52:38#Get trans_id From Post Value:NxO6hf1jSkGyUDnUUZIPeWkr440=
2022.12.12 02:52:38#clientIp:202.134.9.144
2022.12.12 02:52:38#trans_id:NxO6hf1jSkGyUDnUUZIPeWkr440=
2022.12.12 02:52:40#result:RESULT>OK^RESULT_CODE>000^3DSECURE>SKIPPED^RRN>234602342240^APPROVAL_CODE>149499^CARD_NUMBER>999999*********1168^AMOUNT>1022000^CARDNAME>mb account^DESCRIPTION>6MSC22111035^TRANS_DATE>2022-12-12 08:52:37 AM
2022.12.12 02:52:40#33523912025240
2022.12.12 02:52:41#33523912025240
2022.12.12 02:52:41#33523912025240
2022.12.12 02:52:41#33523912025240
2022.12.12 02:52:41#33523912025240
2022.12.12 02:52:41#33523912025240
2022.12.12 02:52:41#=================== Transaction Completed =======================
2022.12.12 03:01:56#=================== Start New Transaction ===================
2022.12.12 03:01:56#txnrefnum:MSC22110592
2022.12.12 03:01:56#clientIp:202.134.14.140
2022.12.12 03:01:56#card type:6
2022.12.12 03:01:56#totalamount:662000
2022.12.12 03:01:59#result:TRANSACTION_ID:tx3YWzSCYchSvDKRyrRFfm6kOqU=
2022.12.12 03:01:59#Forward to DBBL Payment Gateway Page: https://ecom1.dutchbanglabank.com/ecomm2/ClientHandler?card_type=6&trans_id=tx3YWzSCYchSvDKRyrRFfm6kOqU%3D
2022.12.12 03:02:24#---------------------- Complete New Transaction---------------------
2022.12.12 03:02:24#Get trans_id From Post Value:tx3YWzSCYchSvDKRyrRFfm6kOqU=
2022.12.12 03:02:24#clientIp:202.134.14.140
2022.12.12 03:02:24#trans_id:tx3YWzSCYchSvDKRyrRFfm6kOqU=
2022.12.12 03:02:26#result:RESULT>OK^RESULT_CODE>000^3DSECURE>SKIPPED^RRN>234603342675^APPROVAL_CODE>216931^CARD_NUMBER>999999*********7532^AMOUNT>662000^CARDNAME>mb account^DESCRIPTION>6MSC22110592^TRANS_DATE>2022-12-12 09:02:23 AM
2022.12.12 03:02:26#33500512030226
2022.12.12 03:02:26#33500512030226
2022.12.12 03:02:26#=================== Transaction Completed =======================
2022.12.12 03:07:01#=================== Start New Transaction ===================
2022.12.12 03:07:01#txnrefnum:MSC22111227
2022.12.12 03:07:01#clientIp:202.134.9.144
2022.12.12 03:07:01#card type:6
2022.12.12 03:07:01#totalamount:322000
2022.12.12 03:07:04#result:TRANSACTION_ID:PMVY7xP5PcOzV7OEhO0HWYqMK5U=
2022.12.12 03:07:04#Forward to DBBL Payment Gateway Page: https://ecom1.dutchbanglabank.com/ecomm2/ClientHandler?card_type=6&trans_id=PMVY7xP5PcOzV7OEhO0HWYqMK5U%3D
2022.12.12 03:07:19#---------------------- Complete New Transaction---------------------
2022.12.12 03:07:19#Get trans_id From Post Value:PMVY7xP5PcOzV7OEhO0HWYqMK5U=
2022.12.12 03:07:19#clientIp:202.134.9.144
2022.12.12 03:07:19#trans_id:PMVY7xP5PcOzV7OEhO0HWYqMK5U=
2022.12.12 03:07:21#result:RESULT>OK^RESULT_CODE>000^3DSECURE>SKIPPED^RRN>234603342901^APPROVAL_CODE>182411^CARD_NUMBER>999999*********1168^AMOUNT>322000^CARDNAME>mb account^DESCRIPTION>6MSC22111227^TRANS_DATE>2022-12-12 09:07:18 AM
2022.12.12 03:07:21#1748312030721
2022.12.12 03:07:21#1748312030721
2022.12.12 03:07:21#1748312030721
2022.12.12 03:07:21#1748312030721
2022.12.12 03:07:21#=================== Transaction Completed =======================
2022.12.12 03:08:02#=================== Start New Transaction ===================
2022.12.12 03:08:02#txnrefnum:MSC22111227
2022.12.12 03:08:02#clientIp:202.134.9.144
2022.12.12 03:08:02#card type:6
2022.12.12 03:08:02#totalamount:702000
2022.12.12 03:08:04#result:TRANSACTION_ID:uxV4bRc7ioxpgPxHZdEiCpOGRT8=
2022.12.12 03:08:05#Forward to DBBL Payment Gateway Page: https://ecom1.dutchbanglabank.com/ecomm2/ClientHandler?card_type=6&trans_id=uxV4bRc7ioxpgPxHZdEiCpOGRT8%3D
2022.12.12 03:08:20#---------------------- Complete New Transaction---------------------
2022.12.12 03:08:20#Get trans_id From Post Value:uxV4bRc7ioxpgPxHZdEiCpOGRT8=
2022.12.12 03:08:20#clientIp:202.134.9.144
2022.12.12 03:08:20#trans_id:uxV4bRc7ioxpgPxHZdEiCpOGRT8=
2022.12.12 03:08:22#result:RESULT>OK^RESULT_CODE>000^3DSECURE>SKIPPED^RRN>234603342943^APPROVAL_CODE>183696^CARD_NUMBER>999999*********1168^AMOUNT>702000^CARDNAME>mb account^DESCRIPTION>6MSC22111227^TRANS_DATE>2022-12-12 09:08:18 AM
2022.12.12 03:08:22#33543212030822
2022.12.12 03:08:22#33543212030822
2022.12.12 03:08:22#=================== Transaction Completed =======================
2022.12.12 03:09:42#=================== Start New Transaction ===================
2022.12.12 03:09:42#txnrefnum:MSC22111105
2022.12.12 03:09:42#clientIp:202.134.9.144
2022.12.12 03:09:42#card type:6
2022.12.12 03:09:42#totalamount:702000
2022.12.12 03:09:44#result:TRANSACTION_ID:7S4mewGhtA6qU6dcVx6CegBSNaw=
2022.12.12 03:09:44#Forward to DBBL Payment Gateway Page: https://ecom1.dutchbanglabank.com/ecomm2/ClientHandler?card_type=6&trans_id=7S4mewGhtA6qU6dcVx6CegBSNaw%3D
2022.12.12 03:10:04#---------------------- Complete New Transaction---------------------
2022.12.12 03:10:04#Get trans_id From Post Value:7S4mewGhtA6qU6dcVx6CegBSNaw=
2022.12.12 03:10:04#clientIp:202.134.9.144
2022.12.12 03:10:04#trans_id:7S4mewGhtA6qU6dcVx6CegBSNaw=
2022.12.12 03:10:06#result:RESULT>OK^RESULT_CODE>000^3DSECURE>SKIPPED^RRN>234603343030^APPROVAL_CODE>221635^CARD_NUMBER>999999*********1168^AMOUNT>702000^CARDNAME>mb account^DESCRIPTION>6MSC22111105^TRANS_DATE>2022-12-12 09:10:03 AM
2022.12.12 03:10:06#33512112031006
2022.12.12 03:10:06#33512112031006
2022.12.12 03:10:06#=================== Transaction Completed =======================
2022.12.12 03:22:40#=================== Start New Transaction ===================
2022.12.12 03:22:40#txnrefnum:MSC22111269
2022.12.12 03:22:40#clientIp:202.134.10.131
2022.12.12 03:22:40#card type:6
2022.12.12 03:22:40#totalamount:162000
2022.12.12 03:22:43#result:TRANSACTION_ID:lUYi8F7JwNxFa4TFplpTfnRA6B4=
2022.12.12 03:22:43#Forward to DBBL Payment Gateway Page: https://ecom1.dutchbanglabank.com/ecomm2/ClientHandler?card_type=6&trans_id=lUYi8F7JwNxFa4TFplpTfnRA6B4%3D
2022.12.12 03:23:19#---------------------- Complete New Transaction---------------------
2022.12.12 03:23:19#Get trans_id From Post Value:lUYi8F7JwNxFa4TFplpTfnRA6B4=
2022.12.12 03:23:19#clientIp:202.134.10.131
2022.12.12 03:23:19#trans_id:lUYi8F7JwNxFa4TFplpTfnRA6B4=
2022.12.12 03:23:21#result:RESULT>OK^RESULT_CODE>000^3DSECURE>SKIPPED^RRN>234603343609^APPROVAL_CODE>308150^CARD_NUMBER>999999*********8527^AMOUNT>162000^CARDNAME>mb account^DESCRIPTION>6MSC22111269^TRANS_DATE>2022-12-12 09:23:18 AM
2022.12.12 03:23:21#33738712032321
2022.12.12 03:23:21#33738712032321
2022.12.12 03:23:21#=================== Transaction Completed =======================
2022.12.12 03:24:56#=================== Start New Transaction ===================
2022.12.12 03:24:56#txnrefnum:MSC22111381
2022.12.12 03:24:56#clientIp:202.134.10.131
2022.12.12 03:24:56#card type:6
2022.12.12 03:24:56#totalamount:1022000
2022.12.12 03:24:59#result:TRANSACTION_ID:KUkD2ZCPglIixND9nR237stnfQ4=
2022.12.12 03:24:59#Forward to DBBL Payment Gateway Page: https://ecom1.dutchbanglabank.com/ecomm2/ClientHandler?card_type=6&trans_id=KUkD2ZCPglIixND9nR237stnfQ4%3D
2022.12.12 03:25:47#---------------------- Complete New Transaction---------------------
2022.12.12 03:25:47#Get trans_id From Post Value:KUkD2ZCPglIixND9nR237stnfQ4=
2022.12.12 03:25:47#clientIp:202.134.10.131
2022.12.12 03:25:47#trans_id:KUkD2ZCPglIixND9nR237stnfQ4=
2022.12.12 03:25:49#result:RESULT>OK^RESULT_CODE>000^3DSECURE>SKIPPED^RRN>234603343731^APPROVAL_CODE>230724^CARD_NUMBER>999999*********8527^AMOUNT>1022000^CARDNAME>mb account^DESCRIPTION>6MSC22111381^TRANS_DATE>2022-12-12 09:25:46 AM
2022.12.12 03:25:49#33549312032549
2022.12.12 03:25:49#33549312032549
2022.12.12 03:25:49#33549312032549
2022.12.12 03:25:49#33549312032549
2022.12.12 03:25:49#33549312032549
2022.12.12 03:25:50#33549312032549
2022.12.12 03:25:50#=================== Transaction Completed =======================
2022.12.12 04:08:51#=================== Start New Transaction ===================
2022.12.12 04:08:51#txnrefnum:MEB2107003
2022.12.12 04:08:51#clientIp:103.67.157.208
2022.12.12 04:08:51#card type:6
2022.12.12 04:08:51#totalamount:112000
2022.12.12 04:08:54#result:TRANSACTION_ID:aHTNbiC1Qo5ipMrNZthDzhdxR8w=
2022.12.12 04:08:54#Forward to DBBL Payment Gateway Page: https://ecom1.dutchbanglabank.com/ecomm2/ClientHandler?card_type=6&trans_id=aHTNbiC1Qo5ipMrNZthDzhdxR8w%3D
2022.12.12 04:09:43#---------------------- Complete New Transaction---------------------
2022.12.12 04:09:43#Get trans_id From Post Value:aHTNbiC1Qo5ipMrNZthDzhdxR8w=
2022.12.12 04:09:43#clientIp:103.67.157.208
2022.12.12 04:09:43#trans_id:aHTNbiC1Qo5ipMrNZthDzhdxR8w=
2022.12.12 04:09:45#result:RESULT>OK^RESULT_CODE>000^3DSECURE>SKIPPED^RRN>234604346184^APPROVAL_CODE>458690^CARD_NUMBER>999999*********6037^AMOUNT>112000^CARDNAME>mb account^DESCRIPTION>6MEB2107003^TRANS_DATE>2022-12-12 10:09:42 AM
2022.12.12 04:09:45#18336412040945
2022.12.12 04:09:45#18336412040945
2022.12.12 04:09:45#=================== Transaction Completed =======================
2022.12.12 04:24:18#=================== Start New Transaction ===================
2022.12.12 04:24:18#txnrefnum:MSC22111044
2022.12.12 04:24:18#clientIp:103.166.89.48
2022.12.12 04:24:18#card type:6
2022.12.12 04:24:18#totalamount:702000
2022.12.12 04:24:21#result:TRANSACTION_ID:55stqfjT6kql6PurGPHmtNyjBBM=
2022.12.12 04:24:21#Forward to DBBL Payment Gateway Page: https://ecom1.dutchbanglabank.com/ecomm2/ClientHandler?card_type=6&trans_id=55stqfjT6kql6PurGPHmtNyjBBM%3D
2022.12.12 04:25:33#---------------------- Complete New Transaction---------------------
2022.12.12 04:25:33#Get trans_id From Post Value:55stqfjT6kql6PurGPHmtNyjBBM=
2022.12.12 04:25:33#clientIp:103.166.89.48
2022.12.12 04:25:33#trans_id:55stqfjT6kql6PurGPHmtNyjBBM=
2022.12.12 04:25:35#result:RESULT>FAILED^RESULT_CODE>116^3DSECURE>SKIPPED^RRN>234604347296^APPROVAL_CODE>0^CARD_NUMBER>999999*********2423^AMOUNT>702000^CARDNAME>mb account^DESCRIPTION>6MSC22111044^TRANS_DATE>2022-12-12 10:25:32 AM
2022.12.12 04:25:35#Not Sufficient Amount
2022.12.12 04:27:17#=================== Start New Transaction ===================
2022.12.12 04:27:17#txnrefnum:MBM2005153
2022.12.12 04:27:17#clientIp:202.134.9.144
2022.12.12 04:27:17#card type:6
2022.12.12 04:27:17#totalamount:242000
2022.12.12 04:27:20#result:TRANSACTION_ID:Rw8e6RacD8GcqS3OsaGkYPzqlps=
2022.12.12 04:27:21#Forward to DBBL Payment Gateway Page: https://ecom1.dutchbanglabank.com/ecomm2/ClientHandler?card_type=6&trans_id=Rw8e6RacD8GcqS3OsaGkYPzqlps%3D
2022.12.12 04:27:53#---------------------- Complete New Transaction---------------------
2022.12.12 04:27:53#Get trans_id From Post Value:Rw8e6RacD8GcqS3OsaGkYPzqlps=
2022.12.12 04:27:53#clientIp:202.134.9.144
2022.12.12 04:27:53#trans_id:Rw8e6RacD8GcqS3OsaGkYPzqlps=
2022.12.12 04:27:55#result:RESULT>OK^RESULT_CODE>000^3DSECURE>SKIPPED^RRN>234604347481^APPROVAL_CODE>514859^CARD_NUMBER>999999*********1168^AMOUNT>242000^CARDNAME>mb account^DESCRIPTION>6MBM2005153^TRANS_DATE>2022-12-12 10:27:51 AM
2022.12.12 04:27:55#16758512042755
2022.12.12 04:27:55#16758512042755
2022.12.12 04:27:55#16758512042755
2022.12.12 04:27:55#16758512042755
2022.12.12 04:27:55#16758512042755
2022.12.12 04:27:55#16758512042755
2022.12.12 04:27:55#=================== Transaction Completed =======================
2022.12.12 04:30:18#=================== Start New Transaction ===================
2022.12.12 04:30:18#txnrefnum:MSC22111044
2022.12.12 04:30:18#clientIp:103.166.89.60
2022.12.12 04:30:18#card type:6
2022.12.12 04:30:18#totalamount:702000
2022.12.12 04:30:20#result:TRANSACTION_ID:Z4rJK8CFSEOLggCNRkNIEpNz9i8=
2022.12.12 04:30:21#Forward to DBBL Payment Gateway Page: https://ecom1.dutchbanglabank.com/ecomm2/ClientHandler?card_type=6&trans_id=Z4rJK8CFSEOLggCNRkNIEpNz9i8%3D
2022.12.12 04:30:57#---------------------- Complete New Transaction---------------------
2022.12.12 04:30:57#Get trans_id From Post Value:Z4rJK8CFSEOLggCNRkNIEpNz9i8=
2022.12.12 04:30:57#clientIp:103.166.89.48
2022.12.12 04:30:57#trans_id:Z4rJK8CFSEOLggCNRkNIEpNz9i8=
2022.12.12 04:30:59#result:RESULT>OK^RESULT_CODE>000^3DSECURE>SKIPPED^RRN>234604347714^APPROVAL_CODE>519254^CARD_NUMBER>999999*********2423^AMOUNT>702000^CARDNAME>mb account^DESCRIPTION>6MSC22111044^TRANS_DATE>2022-12-12 10:30:56 AM
2022.12.12 04:30:59#33545212043059
2022.12.12 04:30:59#33545212043059
2022.12.12 04:30:59#=================== Transaction Completed =======================
2022.12.12 04:33:15#=================== Start New Transaction ===================
2022.12.12 04:33:15#txnrefnum:BBD2008020
2022.12.12 04:33:15#clientIp:114.130.184.236
2022.12.12 04:33:15#card type:6
2022.12.12 04:33:15#totalamount:322000
2022.12.12 04:33:18#result:TRANSACTION_ID:UretjJ5l3N1WXco8xkxkM9ML00Y=
2022.12.12 04:33:18#Forward to DBBL Payment Gateway Page: https://ecom1.dutchbanglabank.com/ecomm2/ClientHandler?card_type=6&trans_id=UretjJ5l3N1WXco8xkxkM9ML00Y%3D
2022.12.12 04:33:48#---------------------- Complete New Transaction---------------------
2022.12.12 04:33:48#Get trans_id From Post Value:UretjJ5l3N1WXco8xkxkM9ML00Y=
2022.12.12 04:33:48#clientIp:114.130.184.236
2022.12.12 04:33:48#trans_id:UretjJ5l3N1WXco8xkxkM9ML00Y=
2022.12.12 04:33:50#result:RESULT>OK^RESULT_CODE>000^3DSECURE>SKIPPED^RRN>234604347926^APPROVAL_CODE>522630^CARD_NUMBER>999999*********3728^AMOUNT>322000^CARDNAME>mb account^DESCRIPTION>6BBD2008020^TRANS_DATE>2022-12-12 10:33:47 AM
2022.12.12 04:33:50#26916912043350
2022.12.12 04:33:50#26916912043350
2022.12.12 04:33:50#26916912043350
2022.12.12 04:33:50#26916912043350
2022.12.12 04:33:50#26916912043350
2022.12.12 04:33:51#26916912043350
2022.12.12 04:33:51#26916912043350
2022.12.12 04:33:51#26916912043350
2022.12.12 04:33:51#=================== Transaction Completed =======================
2022.12.12 04:34:59#=================== Start New Transaction ===================
2022.12.12 04:34:59#txnrefnum:BBM2008189
2022.12.12 04:34:59#clientIp:114.130.184.236
2022.12.12 04:34:59#card type:6
2022.12.12 04:34:59#totalamount:242000
2022.12.12 04:35:02#result:TRANSACTION_ID:NvSzq31ZoHP8GKW0LMNK7X1fNIc=
2022.12.12 04:35:02#Forward to DBBL Payment Gateway Page: https://ecom1.dutchbanglabank.com/ecomm2/ClientHandler?card_type=6&trans_id=NvSzq31ZoHP8GKW0LMNK7X1fNIc%3D
2022.12.12 04:35:22#---------------------- Complete New Transaction---------------------
2022.12.12 04:35:22#Get trans_id From Post Value:NvSzq31ZoHP8GKW0LMNK7X1fNIc=
2022.12.12 04:35:22#clientIp:114.130.184.236
2022.12.12 04:35:22#trans_id:NvSzq31ZoHP8GKW0LMNK7X1fNIc=
2022.12.12 04:35:24#result:RESULT>OK^RESULT_CODE>000^3DSECURE>SKIPPED^RRN>234604348057^APPROVAL_CODE>573648^CARD_NUMBER>999999*********3728^AMOUNT>242000^CARDNAME>mb account^DESCRIPTION>6BBM2008189^TRANS_DATE>2022-12-12 10:35:20 AM
2022.12.12 04:35:24#27158112043524
2022.12.12 04:35:24#27158112043524
2022.12.12 04:35:24#27158112043524
2022.12.12 04:35:24#27158112043524
2022.12.12 04:35:24#27158112043524
2022.12.12 04:35:24#27158112043524
2022.12.12 04:35:24#=================== Transaction Completed =======================
2022.12.12 04:40:36#=================== Start New Transaction ===================
2022.12.12 04:40:36#txnrefnum:BBD2008069
2022.12.12 04:40:36#clientIp:103.162.230.252
2022.12.12 04:40:36#card type:6
2022.12.12 04:40:36#totalamount:162000
2022.12.12 04:40:39#result:TRANSACTION_ID:PNbqtpVS4kNl1xN6UO6ANpTfHkA=
2022.12.12 04:40:39#Forward to DBBL Payment Gateway Page: https://ecom1.dutchbanglabank.com/ecomm2/ClientHandler?card_type=6&trans_id=PNbqtpVS4kNl1xN6UO6ANpTfHkA%3D
2022.12.12 04:41:32#---------------------- Complete New Transaction---------------------
2022.12.12 04:41:32#Get trans_id From Post Value:PNbqtpVS4kNl1xN6UO6ANpTfHkA=
2022.12.12 04:41:32#clientIp:103.162.230.252
2022.12.12 04:41:32#trans_id:PNbqtpVS4kNl1xN6UO6ANpTfHkA=
2022.12.12 04:41:34#result:RESULT>OK^RESULT_CODE>000^3DSECURE>SKIPPED^RRN>234604348568^APPROVAL_CODE>620306^CARD_NUMBER>999999*********9200^AMOUNT>162000^CARDNAME>mb account^DESCRIPTION>6BBD2008069^TRANS_DATE>2022-12-12 10:41:31 AM
2022.12.12 04:41:34#26840212044134
2022.12.12 04:41:34#26840212044134
2022.12.12 04:41:34#26840212044134
2022.12.12 04:41:35#26840212044134
2022.12.12 04:41:35#=================== Transaction Completed =======================
2022.12.12 04:50:49#=================== Start New Transaction ===================
2022.12.12 04:50:49#txnrefnum:MSC22111360
2022.12.12 04:50:49#clientIp:103.204.246.38
2022.12.12 04:50:49#card type:6
2022.12.12 04:50:49#totalamount:702000
2022.12.12 04:50:52#result:TRANSACTION_ID:O7BvSjiaJ1vhrgSPR8gXAmXYE3E=
2022.12.12 04:50:52#Forward to DBBL Payment Gateway Page: https://ecom1.dutchbanglabank.com/ecomm2/ClientHandler?card_type=6&trans_id=O7BvSjiaJ1vhrgSPR8gXAmXYE3E%3D
2022.12.12 04:54:01#---------------------- Complete New Transaction---------------------
2022.12.12 04:54:01#Get trans_id From Post Value:O7BvSjiaJ1vhrgSPR8gXAmXYE3E=
2022.12.12 04:54:01#clientIp:103.204.246.38
2022.12.12 04:54:01#trans_id:O7BvSjiaJ1vhrgSPR8gXAmXYE3E=
2022.12.12 04:54:03#result:RESULT>OK^RESULT_CODE>000^3DSECURE>SKIPPED^RRN>234604349628^APPROVAL_CODE>705596^CARD_NUMBER>999999*********9905^AMOUNT>702000^CARDNAME>mb account^DESCRIPTION>6MSC22111360^TRANS_DATE>2022-12-12 10:54:00 AM
2022.12.12 04:54:03#33522412045403
2022.12.12 04:54:03#33522412045403
2022.12.12 04:54:03#=================== Transaction Completed =======================
2022.12.12 04:56:48#=================== Start New Transaction ===================
2022.12.12 04:56:48#txnrefnum:BBD2008143
2022.12.12 04:56:48#clientIp:103.162.230.252
2022.12.12 04:56:48#card type:6
2022.12.12 04:56:48#totalamount:322000
2022.12.12 04:56:51#result:TRANSACTION_ID:qQ7oBKTOtjV40UF2qIOSfe1q0Gc=
2022.12.12 04:56:51#Forward to DBBL Payment Gateway Page: https://ecom1.dutchbanglabank.com/ecomm2/ClientHandler?card_type=6&trans_id=qQ7oBKTOtjV40UF2qIOSfe1q0Gc%3D
2022.12.12 04:57:56#---------------------- Complete New Transaction---------------------
2022.12.12 04:57:56#Get trans_id From Post Value:qQ7oBKTOtjV40UF2qIOSfe1q0Gc=
2022.12.12 04:57:56#clientIp:103.162.230.252
2022.12.12 04:57:56#trans_id:qQ7oBKTOtjV40UF2qIOSfe1q0Gc=
2022.12.12 04:57:58#result:RESULT>OK^RESULT_CODE>000^3DSECURE>SKIPPED^RRN>234604349958^APPROVAL_CODE>666111^CARD_NUMBER>999999*********9200^AMOUNT>322000^CARDNAME>mb account^DESCRIPTION>6BBD2008143^TRANS_DATE>2022-12-12 10:57:54 AM
2022.12.12 04:57:58#26865212045758
2022.12.12 04:57:58#26865212045758
2022.12.12 04:57:58#26865212045758
2022.12.12 04:57:58#26865212045758
2022.12.12 04:57:58#26865212045758
2022.12.12 04:57:58#26865212045758
2022.12.12 04:57:58#26865212045758
2022.12.12 04:57:58#26865212045758
2022.12.12 04:57:58#=================== Transaction Completed =======================
2022.12.12 04:59:09#=================== Start New Transaction ===================
2022.12.12 04:59:09#txnrefnum:MSC22111224
2022.12.12 04:59:09#clientIp:202.134.9.144
2022.12.12 04:59:09#card type:6
2022.12.12 04:59:09#totalamount:862000
2022.12.12 04:59:12#result:TRANSACTION_ID:EahAqMXevlcPXyG72K5HWR93HFg=
2022.12.12 04:59:12#Forward to DBBL Payment Gateway Page: https://ecom1.dutchbanglabank.com/ecomm2/ClientHandler?card_type=6&trans_id=EahAqMXevlcPXyG72K5HWR93HFg%3D
2022.12.12 04:59:29#---------------------- Complete New Transaction---------------------
2022.12.12 04:59:29#Get trans_id From Post Value:EahAqMXevlcPXyG72K5HWR93HFg=
2022.12.12 04:59:29#clientIp:202.134.9.144
2022.12.12 04:59:29#trans_id:EahAqMXevlcPXyG72K5HWR93HFg=
2022.12.12 04:59:31#result:RESULT>OK^RESULT_CODE>000^3DSECURE>SKIPPED^RRN>234604350086^APPROVAL_CODE>715287^CARD_NUMBER>999999*********1168^AMOUNT>862000^CARDNAME>mb account^DESCRIPTION>6MSC22111224^TRANS_DATE>2022-12-12 10:59:28 AM
2022.12.12 04:59:31#33517012045931
2022.12.12 04:59:31#33517012045931
2022.12.12 04:59:31#33517012045931
2022.12.12 04:59:31#33517012045931
2022.12.12 04:59:31#=================== Transaction Completed =======================
2022.12.12 05:04:33#=================== Start New Transaction ===================
2022.12.12 05:04:33#txnrefnum:MBD2006196
2022.12.12 05:04:33#clientIp:202.134.14.140
2022.12.12 05:04:33#card type:6
2022.12.12 05:04:33#totalamount:482000
2022.12.12 05:04:36#result:TRANSACTION_ID:3yH81N2Q2lsi3eqvoGPbeNStj8E=
2022.12.12 05:04:36#Forward to DBBL Payment Gateway Page: https://ecom1.dutchbanglabank.com/ecomm2/ClientHandler?card_type=6&trans_id=3yH81N2Q2lsi3eqvoGPbeNStj8E%3D
2022.12.12 05:05:31#---------------------- Complete New Transaction---------------------
2022.12.12 05:05:31#Get trans_id From Post Value:3yH81N2Q2lsi3eqvoGPbeNStj8E=
2022.12.12 05:05:31#clientIp:202.134.14.140
2022.12.12 05:05:31#trans_id:3yH81N2Q2lsi3eqvoGPbeNStj8E=
2022.12.12 05:05:33#result:RESULT>OK^RESULT_CODE>000^3DSECURE>SKIPPED^RRN>234605350634^APPROVAL_CODE>675365^CARD_NUMBER>999999*********7532^AMOUNT>482000^CARDNAME>mb account^DESCRIPTION>6MBD2006196^TRANS_DATE>2022-12-12 11:05:29 AM
2022.12.12 05:05:33#18146312050533
2022.12.12 05:05:33#18146312050533
2022.12.12 05:05:33#18146312050533
2022.12.12 05:05:33#18146312050533
2022.12.12 05:05:33#18146312050533
2022.12.12 05:05:33#18146312050533
2022.12.12 05:05:33#18146312050533
2022.12.12 05:05:33#18146312050533
2022.12.12 05:05:33#18146312050533
2022.12.12 05:05:33#18146312050533
2022.12.12 05:05:33#18146312050533
2022.12.12 05:05:33#18146312050533
2022.12.12 05:05:33#=================== Transaction Completed =======================
2022.12.12 05:08:01#=================== Start New Transaction ===================
2022.12.12 05:08:01#txnrefnum:MSC22111315
2022.12.12 05:08:01#clientIp:202.134.9.144
2022.12.12 05:08:01#card type:6
2022.12.12 05:08:01#totalamount:322000
2022.12.12 05:08:04#result:TRANSACTION_ID:FOgNEge0LbGhOtN6DJoDB0ySBhg=
2022.12.12 05:08:04#Forward to DBBL Payment Gateway Page: https://ecom1.dutchbanglabank.com/ecomm2/ClientHandler?card_type=6&trans_id=FOgNEge0LbGhOtN6DJoDB0ySBhg%3D
2022.12.12 05:08:25#---------------------- Complete New Transaction---------------------
2022.12.12 05:08:25#Get trans_id From Post Value:FOgNEge0LbGhOtN6DJoDB0ySBhg=
2022.12.12 05:08:25#clientIp:202.134.9.144
2022.12.12 05:08:25#trans_id:FOgNEge0LbGhOtN6DJoDB0ySBhg=
2022.12.12 05:08:27#result:RESULT>OK^RESULT_CODE>000^3DSECURE>SKIPPED^RRN>234605350903^APPROVAL_CODE>729506^CARD_NUMBER>999999*********1168^AMOUNT>322000^CARDNAME>mb account^DESCRIPTION>6MSC22111315^TRANS_DATE>2022-12-12 11:08:24 AM
2022.12.12 05:08:27#1484312050827
2022.12.12 05:08:27#1484312050827
2022.12.12 05:08:27#1484312050827
2022.12.12 05:08:28#1484312050827
2022.12.12 05:08:28#=================== Transaction Completed =======================
2022.12.12 05:08:55#=================== Start New Transaction ===================
2022.12.12 05:08:55#txnrefnum:MSC22111315
2022.12.12 05:08:55#clientIp:202.134.9.144
2022.12.12 05:08:55#card type:6
2022.12.12 05:08:55#totalamount:702000
2022.12.12 05:08:57#result:TRANSACTION_ID:rWyrQwYRMpqPZKrLqf7CZK3Rvn0=
2022.12.12 05:08:57#Forward to DBBL Payment Gateway Page: https://ecom1.dutchbanglabank.com/ecomm2/ClientHandler?card_type=6&trans_id=rWyrQwYRMpqPZKrLqf7CZK3Rvn0%3D
2022.12.12 05:09:11#---------------------- Complete New Transaction---------------------
2022.12.12 05:09:11#Get trans_id From Post Value:rWyrQwYRMpqPZKrLqf7CZK3Rvn0=
2022.12.12 05:09:11#clientIp:202.134.9.144
2022.12.12 05:09:11#trans_id:rWyrQwYRMpqPZKrLqf7CZK3Rvn0=
2022.12.12 05:09:13#result:RESULT>OK^RESULT_CODE>000^3DSECURE>SKIPPED^RRN>234605350959^APPROVAL_CODE>730571^CARD_NUMBER>999999*********1168^AMOUNT>702000^CARDNAME>mb account^DESCRIPTION>6MSC22111315^TRANS_DATE>2022-12-12 11:09:09 AM
2022.12.12 05:09:13#33510112050913
2022.12.12 05:09:13#33510112050913
2022.12.12 05:09:13#=================== Transaction Completed =======================
2022.12.12 05:10:12#=================== Start New Transaction ===================
2022.12.12 05:10:12#txnrefnum:MSC22110032
2022.12.12 05:10:12#clientIp:202.134.9.144
2022.12.12 05:10:12#card type:6
2022.12.12 05:10:12#totalamount:822000
2022.12.12 05:10:14#result:TRANSACTION_ID:9vVJojC6DsMREEgQP5P1Hc0SJ10=
2022.12.12 05:10:15#Forward to DBBL Payment Gateway Page: https://ecom1.dutchbanglabank.com/ecomm2/ClientHandler?card_type=6&trans_id=9vVJojC6DsMREEgQP5P1Hc0SJ10%3D
2022.12.12 05:10:27#---------------------- Complete New Transaction---------------------
2022.12.12 05:10:27#Get trans_id From Post Value:9vVJojC6DsMREEgQP5P1Hc0SJ10=
2022.12.12 05:10:27#clientIp:202.134.9.144
2022.12.12 05:10:27#trans_id:9vVJojC6DsMREEgQP5P1Hc0SJ10=
2022.12.12 05:10:29#result:RESULT>OK^RESULT_CODE>000^3DSECURE>SKIPPED^RRN>234605351074^APPROVAL_CODE>683073^CARD_NUMBER>999999*********1168^AMOUNT>822000^CARDNAME>mb account^DESCRIPTION>6MSC22110032^TRANS_DATE>2022-12-12 11:10:26 AM
2022.12.12 05:10:29#33502212051029
2022.12.12 05:10:29#33502212051029
2022.12.12 05:10:29#33502212051029
2022.12.12 05:10:29#33502212051029
2022.12.12 05:10:29#=================== Transaction Completed =======================
2022.12.12 05:11:40#=================== Start New Transaction ===================
2022.12.12 05:11:40#txnrefnum:MSC22111367
2022.12.12 05:11:40#clientIp:202.134.9.144
2022.12.12 05:11:40#card type:6
2022.12.12 05:11:40#totalamount:1022000
2022.12.12 05:11:42#result:TRANSACTION_ID:lg9UdCXfKT4eNACNSBofwiR761M=
2022.12.12 05:11:43#Forward to DBBL Payment Gateway Page: https://ecom1.dutchbanglabank.com/ecomm2/ClientHandler?card_type=6&trans_id=lg9UdCXfKT4eNACNSBofwiR761M%3D
2022.12.12 05:12:02#---------------------- Complete New Transaction---------------------
2022.12.12 05:12:02#Get trans_id From Post Value:lg9UdCXfKT4eNACNSBofwiR761M=
2022.12.12 05:12:02#clientIp:202.134.9.144
2022.12.12 05:12:02#trans_id:lg9UdCXfKT4eNACNSBofwiR761M=
2022.12.12 05:12:04#result:RESULT>OK^RESULT_CODE>000^3DSECURE>SKIPPED^RRN>234605351241^APPROVAL_CODE>735114^CARD_NUMBER>999999*********1168^AMOUNT>1022000^CARDNAME>mb account^DESCRIPTION>6MSC22111367^TRANS_DATE>2022-12-12 11:12:01 AM
2022.12.12 05:12:04#33546812051204
2022.12.12 05:12:04#33546812051204
2022.12.12 05:12:04#33546812051204
2022.12.12 05:12:04#33546812051204
2022.12.12 05:12:04#33546812051204
2022.12.12 05:12:05#33546812051204
2022.12.12 05:12:05#=================== Transaction Completed =======================
2022.12.12 05:12:51#=================== Start New Transaction ===================
2022.12.12 05:12:51#txnrefnum:MSC22111324
2022.12.12 05:12:51#clientIp:202.134.9.144
2022.12.12 05:12:51#card type:6
2022.12.12 05:12:51#totalamount:162000
2022.12.12 05:12:54#result:TRANSACTION_ID:fbX0Gc6aQmSmjiorcTNmB6YdWAY=
2022.12.12 05:12:54#Forward to DBBL Payment Gateway Page: https://ecom1.dutchbanglabank.com/ecomm2/ClientHandler?card_type=6&trans_id=fbX0Gc6aQmSmjiorcTNmB6YdWAY%3D
2022.12.12 05:13:18#---------------------- Complete New Transaction---------------------
2022.12.12 05:13:18#Get trans_id From Post Value:fbX0Gc6aQmSmjiorcTNmB6YdWAY=
2022.12.12 05:13:18#clientIp:202.134.9.144
2022.12.12 05:13:18#trans_id:fbX0Gc6aQmSmjiorcTNmB6YdWAY=
2022.12.12 05:13:20#result:RESULT>OK^RESULT_CODE>000^3DSECURE>SKIPPED^RRN>234605351383^APPROVAL_CODE>688585^CARD_NUMBER>999999*********1168^AMOUNT>162000^CARDNAME>mb account^DESCRIPTION>6MSC22111324^TRANS_DATE>2022-12-12 11:13:16 AM
2022.12.12 05:13:20#1633212051320
2022.12.12 05:13:20#1633212051320
2022.12.12 05:13:20#=================== Transaction Completed =======================
2022.12.12 05:13:59#=================== Start New Transaction ===================
2022.12.12 05:13:59#txnrefnum:MSC22111324
2022.12.12 05:13:59#clientIp:202.134.9.144
2022.12.12 05:13:59#card type:6
2022.12.12 05:13:59#totalamount:702000
2022.12.12 05:14:02#result:TRANSACTION_ID:IGLuSUR670tmBJQmOIRVxpSvFhk=
2022.12.12 05:14:02#Forward to DBBL Payment Gateway Page: https://ecom1.dutchbanglabank.com/ecomm2/ClientHandler?card_type=6&trans_id=IGLuSUR670tmBJQmOIRVxpSvFhk%3D
2022.12.12 05:14:37#---------------------- Complete New Transaction---------------------
2022.12.12 05:14:37#Get trans_id From Post Value:IGLuSUR670tmBJQmOIRVxpSvFhk=
2022.12.12 05:14:37#clientIp:202.134.9.144
2022.12.12 05:14:37#trans_id:IGLuSUR670tmBJQmOIRVxpSvFhk=
2022.12.12 05:14:39#result:RESULT>OK^RESULT_CODE>000^3DSECURE>SKIPPED^RRN>234605351491^APPROVAL_CODE>738746^CARD_NUMBER>999999*********1168^AMOUNT>702000^CARDNAME>mb account^DESCRIPTION>6MSC22111324^TRANS_DATE>2022-12-12 11:14:35 AM
2022.12.12 05:14:39#33530312051439
2022.12.12 05:14:39#33530312051439
2022.12.12 05:14:39#=================== Transaction Completed =======================
2022.12.12 05:15:44#=================== Start New Transaction ===================
2022.12.12 05:15:44#txnrefnum:MSC22111246
2022.12.12 05:15:44#clientIp:202.134.9.144
2022.12.12 05:15:44#card type:6
2022.12.12 05:15:44#totalamount:1022000
2022.12.12 05:15:47#result:TRANSACTION_ID:Pd4GNyWSQKSRiAVslLga0U8madg=
2022.12.12 05:15:47#Forward to DBBL Payment Gateway Page: https://ecom1.dutchbanglabank.com/ecomm2/ClientHandler?card_type=6&trans_id=Pd4GNyWSQKSRiAVslLga0U8madg%3D
2022.12.12 05:16:21#---------------------- Complete New Transaction---------------------
2022.12.12 05:16:21#Get trans_id From Post Value:Pd4GNyWSQKSRiAVslLga0U8madg=
2022.12.12 05:16:21#clientIp:202.134.9.144
2022.12.12 05:16:21#trans_id:Pd4GNyWSQKSRiAVslLga0U8madg=
2022.12.12 05:16:23#result:RESULT>OK^RESULT_CODE>000^3DSECURE>SKIPPED^RRN>234605351690^APPROVAL_CODE>741264^CARD_NUMBER>999999*********1168^AMOUNT>1022000^CARDNAME>mb account^DESCRIPTION>6MSC22111246^TRANS_DATE>2022-12-12 11:16:20 AM
2022.12.12 05:16:23#33538912051623
2022.12.12 05:16:23#33538912051623
2022.12.12 05:16:23#33538912051623
2022.12.12 05:16:23#33538912051623
2022.12.12 05:16:23#33538912051623
2022.12.12 05:16:23#33538912051623
2022.12.12 05:16:23#=================== Transaction Completed =======================
2022.12.12 05:16:44#=================== Start New Transaction ===================
2022.12.12 05:16:44#txnrefnum:MBD2007414
2022.12.12 05:16:44#clientIp:103.204.246.46
2022.12.12 05:16:44#card type:6
2022.12.12 05:16:44#totalamount:642000
2022.12.12 05:16:47#result:TRANSACTION_ID:eb7066Rd07MbNYD2twHTQWwmRO4=
2022.12.12 05:16:47#Forward to DBBL Payment Gateway Page: https://ecom1.dutchbanglabank.com/ecomm2/ClientHandler?card_type=6&trans_id=eb7066Rd07MbNYD2twHTQWwmRO4%3D
2022.12.12 05:17:12#=================== Start New Transaction ===================
2022.12.12 05:17:12#txnrefnum:MSC22111318
2022.12.12 05:17:12#clientIp:202.134.9.144
2022.12.12 05:17:12#card type:6
2022.12.12 05:17:12#totalamount:702000
2022.12.12 05:17:14#result:TRANSACTION_ID:LSZiSHT0MHmvu0pP0nWjTNl0Woc=
2022.12.12 05:17:15#Forward to DBBL Payment Gateway Page: https://ecom1.dutchbanglabank.com/ecomm2/ClientHandler?card_type=6&trans_id=LSZiSHT0MHmvu0pP0nWjTNl0Woc%3D
2022.12.12 05:17:29#---------------------- Complete New Transaction---------------------
2022.12.12 05:17:29#Get trans_id From Post Value:LSZiSHT0MHmvu0pP0nWjTNl0Woc=
2022.12.12 05:17:29#clientIp:202.134.9.144
2022.12.12 05:17:29#trans_id:LSZiSHT0MHmvu0pP0nWjTNl0Woc=
2022.12.12 05:17:31#result:RESULT>OK^RESULT_CODE>000^3DSECURE>SKIPPED^RRN>234605351785^APPROVAL_CODE>809325^CARD_NUMBER>999999*********1168^AMOUNT>702000^CARDNAME>mb account^DESCRIPTION>6MSC22111318^TRANS_DATE>2022-12-12 11:17:27 AM
2022.12.12 05:17:31#33539412051731
2022.12.12 05:17:31#33539412051731
2022.12.12 05:17:31#=================== Transaction Completed =======================
2022.12.12 05:18:33#=================== Start New Transaction ===================
2022.12.12 05:18:33#txnrefnum:MSC22111171
2022.12.12 05:18:33#clientIp:202.134.9.144
2022.12.12 05:18:33#card type:6
2022.12.12 05:18:33#totalamount:702000
2022.12.12 05:18:36#result:TRANSACTION_ID:YEoGG2KyBB6UWzSgNNYcawE9OH0=
2022.12.12 05:18:36#Forward to DBBL Payment Gateway Page: https://ecom1.dutchbanglabank.com/ecomm2/ClientHandler?card_type=6&trans_id=YEoGG2KyBB6UWzSgNNYcawE9OH0%3D
2022.12.12 05:18:49#---------------------- Complete New Transaction---------------------
2022.12.12 05:18:49#Get trans_id From Post Value:YEoGG2KyBB6UWzSgNNYcawE9OH0=
2022.12.12 05:18:49#clientIp:202.134.9.144
2022.12.12 05:18:49#trans_id:YEoGG2KyBB6UWzSgNNYcawE9OH0=
2022.12.12 05:18:52#result:RESULT>OK^RESULT_CODE>000^3DSECURE>SKIPPED^RRN>234605351899^APPROVAL_CODE>744776^CARD_NUMBER>999999*********1168^AMOUNT>702000^CARDNAME>mb account^DESCRIPTION>6MSC22111171^TRANS_DATE>2022-12-12 11:18:49 AM
2022.12.12 05:18:52#33526612051852
2022.12.12 05:18:52#33526612051852
2022.12.12 05:18:52#=================== Transaction Completed =======================
2022.12.12 05:21:17#=================== Start New Transaction ===================
2022.12.12 05:21:17#txnrefnum:MSC22110072
2022.12.12 05:21:17#clientIp:202.134.9.144
2022.12.12 05:21:17#card type:6
2022.12.12 05:21:17#totalamount:822000
2022.12.12 05:21:20#result:TRANSACTION_ID:rQBoUTV1HSTQo4PO0LPTbrW7ASQ=
2022.12.12 05:21:20#Forward to DBBL Payment Gateway Page: https://ecom1.dutchbanglabank.com/ecomm2/ClientHandler?card_type=6&trans_id=rQBoUTV1HSTQo4PO0LPTbrW7ASQ%3D
2022.12.12 05:22:05#---------------------- Complete New Transaction---------------------
2022.12.12 05:22:05#Get trans_id From Post Value:rQBoUTV1HSTQo4PO0LPTbrW7ASQ=
2022.12.12 05:22:05#clientIp:202.134.9.144
2022.12.12 05:22:05#trans_id:rQBoUTV1HSTQo4PO0LPTbrW7ASQ=
2022.12.12 05:22:07#result:RESULT>FAILED^RESULT_CODE>116^3DSECURE>SKIPPED^RRN>234605352253^APPROVAL_CODE>0^CARD_NUMBER>999999*********1168^AMOUNT>822000^CARDNAME>mb account^DESCRIPTION>6MSC22110072^TRANS_DATE>2022-12-12 11:22:03 AM
2022.12.12 05:22:07#Not Sufficient Amount
2022.12.12 05:23:51#=================== Start New Transaction ===================
2022.12.12 05:23:51#txnrefnum:MSC22110072
2022.12.12 05:23:51#clientIp:202.134.9.144
2022.12.12 05:23:51#card type:6
2022.12.12 05:23:51#totalamount:822000
2022.12.12 05:23:54#result:TRANSACTION_ID:6SpjeSRrnoyacIeQvYyXH3rywNo=
2022.12.12 05:23:54#Forward to DBBL Payment Gateway Page: https://ecom1.dutchbanglabank.com/ecomm2/ClientHandler?card_type=6&trans_id=6SpjeSRrnoyacIeQvYyXH3rywNo%3D
2022.12.12 05:24:33#---------------------- Complete New Transaction---------------------
2022.12.12 05:24:33#Get trans_id From Post Value:6SpjeSRrnoyacIeQvYyXH3rywNo=
2022.12.12 05:24:33#clientIp:202.134.9.144
2022.12.12 05:24:33#trans_id:6SpjeSRrnoyacIeQvYyXH3rywNo=
2022.12.12 05:24:35#result:RESULT>OK^RESULT_CODE>000^3DSECURE>SKIPPED^RRN>234605352508^APPROVAL_CODE>825986^CARD_NUMBER>999999*********1167^AMOUNT>822000^CARDNAME>mb account^DESCRIPTION>6MSC22110072^TRANS_DATE>2022-12-12 11:24:31 AM
2022.12.12 05:24:36#33505312052435
2022.12.12 05:24:36#33505312052435
2022.12.12 05:24:36#33505312052435
2022.12.12 05:24:36#33505312052435
2022.12.12 05:24:36#=================== Transaction Completed =======================
2022.12.12 05:33:58#=================== Start New Transaction ===================
2022.12.12 05:33:58#txnrefnum:MBD2007302
2022.12.12 05:33:58#clientIp:202.134.9.144
2022.12.12 05:33:58#card type:6
2022.12.12 05:33:58#totalamount:162000
2022.12.12 05:34:00#result:TRANSACTION_ID:9L0FZ29bYhVcEgBtmbANyUNCIQQ=
2022.12.12 05:34:00#Forward to DBBL Payment Gateway Page: https://ecom1.dutchbanglabank.com/ecomm2/ClientHandler?card_type=6&trans_id=9L0FZ29bYhVcEgBtmbANyUNCIQQ%3D
2022.12.12 05:34:18#---------------------- Complete New Transaction---------------------
2022.12.12 05:34:18#Get trans_id From Post Value:9L0FZ29bYhVcEgBtmbANyUNCIQQ=
2022.12.12 05:34:18#clientIp:202.134.9.144
2022.12.12 05:34:18#trans_id:9L0FZ29bYhVcEgBtmbANyUNCIQQ=
2022.12.12 05:34:19#result:RESULT>OK^RESULT_CODE>000^3DSECURE>SKIPPED^RRN>234605353453^APPROVAL_CODE>926822^CARD_NUMBER>999999*********1168^AMOUNT>162000^CARDNAME>mb account^DESCRIPTION>6MBD2007302^TRANS_DATE>2022-12-12 11:34:17 AM
2022.12.12 05:34:20#19529412053419
2022.12.12 05:34:20#19529412053419
2022.12.12 05:34:20#19529412053419
2022.12.12 05:34:20#19529412053419
2022.12.12 05:34:20#=================== Transaction Completed =======================
2022.12.12 05:40:31#=================== Start New Transaction ===================
2022.12.12 05:40:31#txnrefnum:BBD2008165
2022.12.12 05:40:31#clientIp:157.119.238.10
2022.12.12 05:40:31#card type:6
2022.12.12 05:40:31#totalamount:131500
2022.12.12 05:40:34#result:TRANSACTION_ID:Kdf7PP7VbeMkkZQF8Kwm8usCoFc=
2022.12.12 05:40:34#Forward to DBBL Payment Gateway Page: https://ecom1.dutchbanglabank.com/ecomm2/ClientHandler?card_type=6&trans_id=Kdf7PP7VbeMkkZQF8Kwm8usCoFc%3D
2022.12.12 05:41:18#---------------------- Complete New Transaction---------------------
2022.12.12 05:41:18#Get trans_id From Post Value:Kdf7PP7VbeMkkZQF8Kwm8usCoFc=
2022.12.12 05:41:18#clientIp:157.119.238.10
2022.12.12 05:41:18#trans_id:Kdf7PP7VbeMkkZQF8Kwm8usCoFc=
2022.12.12 05:41:20#result:RESULT>OK^RESULT_CODE>000^3DSECURE>SKIPPED^RRN>234605354105^APPROVAL_CODE>885606^CARD_NUMBER>999999*********2298^AMOUNT>131500^CARDNAME>mb account^DESCRIPTION>6BBD2008165^TRANS_DATE>2022-12-12 11:41:17 AM
2022.12.12 05:41:20#31462912054120
2022.12.12 05:41:20#31462912054120
2022.12.12 05:41:20#=================== Transaction Completed =======================
2022.12.12 05:41:23#=================== Start New Transaction ===================
2022.12.12 05:41:23#txnrefnum:MSC22110012
2022.12.12 05:41:23#clientIp:103.168.207.86
2022.12.12 05:41:23#card type:6
2022.12.12 05:41:23#totalamount:162000
2022.12.12 05:41:26#result:TRANSACTION_ID:8oQHK11Ua4SYN4uVcdVEB7AS3io=
2022.12.12 05:41:26#Forward to DBBL Payment Gateway Page: https://ecom1.dutchbanglabank.com/ecomm2/ClientHandler?card_type=6&trans_id=8oQHK11Ua4SYN4uVcdVEB7AS3io%3D
2022.12.12 05:42:27#---------------------- Complete New Transaction---------------------
2022.12.12 05:42:27#Get trans_id From Post Value:8oQHK11Ua4SYN4uVcdVEB7AS3io=
2022.12.12 05:42:27#clientIp:103.168.207.86
2022.12.12 05:42:27#trans_id:8oQHK11Ua4SYN4uVcdVEB7AS3io=
2022.12.12 05:42:30#result:RESULT>OK^RESULT_CODE>000^3DSECURE>SKIPPED^RRN>234605354231^APPROVAL_CODE>887826^CARD_NUMBER>999999*********1380^AMOUNT>162000^CARDNAME>mb account^DESCRIPTION>6MSC22110012^TRANS_DATE>2022-12-12 11:42:26 AM
2022.12.12 05:42:30#33666712054230
2022.12.12 05:42:30#33666712054230
2022.12.12 05:42:30#=================== Transaction Completed =======================
2022.12.12 06:11:37#=================== Start New Transaction ===================
2022.12.12 06:11:37#txnrefnum:MBM2004066
2022.12.12 06:11:37#clientIp:202.134.14.140
2022.12.12 06:11:37#card type:6
2022.12.12 06:11:37#totalamount:562000
2022.12.12 06:11:39#result:TRANSACTION_ID:rYg3vWXBoxAChoi0Wd4iaHVLSE4=
2022.12.12 06:11:39#Forward to DBBL Payment Gateway Page: https://ecom1.dutchbanglabank.com/ecomm2/ClientHandler?card_type=6&trans_id=rYg3vWXBoxAChoi0Wd4iaHVLSE4%3D
2022.12.12 06:12:08#---------------------- Complete New Transaction---------------------
2022.12.12 06:12:08#Get trans_id From Post Value:rYg3vWXBoxAChoi0Wd4iaHVLSE4=
2022.12.12 06:12:08#clientIp:202.134.14.140
2022.12.12 06:12:08#trans_id:rYg3vWXBoxAChoi0Wd4iaHVLSE4=
2022.12.12 06:12:10#result:RESULT>OK^RESULT_CODE>000^3DSECURE>SKIPPED^RRN>234606357154^APPROVAL_CODE>135895^CARD_NUMBER>999999*********7532^AMOUNT>562000^CARDNAME>mb account^DESCRIPTION>6MBM2004066^TRANS_DATE>2022-12-12 12:12:07 PM
2022.12.12 06:12:10#28971912061210
2022.12.12 06:12:10#28971912061210
2022.12.12 06:12:10#=================== Transaction Completed =======================
2022.12.12 06:22:11#=================== Start New Transaction ===================
2022.12.12 06:22:11#txnrefnum:BBD2008199
2022.12.12 06:22:11#clientIp:103.166.89.153
2022.12.12 06:22:11#card type:6
2022.12.12 06:22:11#totalamount:162000
2022.12.12 06:22:14#result:TRANSACTION_ID:V0xZUk2O8pSoRmT7x3BqHFDcG3Q=
2022.12.12 06:22:14#Forward to DBBL Payment Gateway Page: https://ecom1.dutchbanglabank.com/ecomm2/ClientHandler?card_type=6&trans_id=V0xZUk2O8pSoRmT7x3BqHFDcG3Q%3D
2022.12.12 06:22:51#---------------------- Complete New Transaction---------------------
2022.12.12 06:22:51#Get trans_id From Post Value:V0xZUk2O8pSoRmT7x3BqHFDcG3Q=
2022.12.12 06:22:51#clientIp:103.166.89.153
2022.12.12 06:22:51#trans_id:V0xZUk2O8pSoRmT7x3BqHFDcG3Q=
2022.12.12 06:22:53#result:RESULT>OK^RESULT_CODE>000^3DSECURE>SKIPPED^RRN>234606358270^APPROVAL_CODE>171253^CARD_NUMBER>999999*********3481^AMOUNT>162000^CARDNAME>mb account^DESCRIPTION>6BBD2008199^TRANS_DATE>2022-12-12 12:22:50 PM
2022.12.12 06:22:53#26889412062253
2022.12.12 06:22:53#26889412062253
2022.12.12 06:22:53#26889412062253
2022.12.12 06:22:53#26889412062253
2022.12.12 06:22:53#=================== Transaction Completed =======================
2022.12.12 06:48:44#=================== Start New Transaction ===================
2022.12.12 06:48:44#txnrefnum:BBB2108015
2022.12.12 06:48:44#clientIp:103.138.120.141
2022.12.12 06:48:44#card type:6
2022.12.12 06:48:44#totalamount:642000
2022.12.12 06:48:47#result:TRANSACTION_ID:3DVn6ghFhhqohjneYg6Kr3m6go8=
2022.12.12 06:48:47#Forward to DBBL Payment Gateway Page: https://ecom1.dutchbanglabank.com/ecomm2/ClientHandler?card_type=6&trans_id=3DVn6ghFhhqohjneYg6Kr3m6go8%3D
2022.12.12 06:49:27#=================== Start New Transaction ===================
2022.12.12 06:49:27#txnrefnum:MBD2209495
2022.12.12 06:49:27#clientIp:103.138.125.196
2022.12.12 06:49:27#card type:6
2022.12.12 06:49:27#totalamount:242000
2022.12.12 06:49:29#---------------------- Complete New Transaction---------------------
2022.12.12 06:49:29#Get trans_id From Post Value:3DVn6ghFhhqohjneYg6Kr3m6go8=
2022.12.12 06:49:29#clientIp:103.138.120.141
2022.12.12 06:49:29#trans_id:3DVn6ghFhhqohjneYg6Kr3m6go8=
2022.12.12 06:49:29#result:TRANSACTION_ID:L013CzBTLjnCDeS0QnpJpAeW5yI=
2022.12.12 06:49:29#Forward to DBBL Payment Gateway Page: https://ecom1.dutchbanglabank.com/ecomm2/ClientHandler?card_type=6&trans_id=L013CzBTLjnCDeS0QnpJpAeW5yI%3D
2022.12.12 06:49:31#result:RESULT>OK^RESULT_CODE>000^3DSECURE>SKIPPED^RRN>234606361053^APPROVAL_CODE>365228^CARD_NUMBER>999999*********8889^AMOUNT>642000^CARDNAME>mb account^DESCRIPTION>6BBB2108015^TRANS_DATE>2022-12-12 12:49:28 PM
2022.12.12 06:49:31#26203712064931
2022.12.12 06:49:31#26203712064931
2022.12.12 06:49:31#26203712064931
2022.12.12 06:49:31#26203712064931
2022.12.12 06:49:31#26203712064931
2022.12.12 06:49:31#26203712064931
2022.12.12 06:49:31#26203712064931
2022.12.12 06:49:31#26203712064931
2022.12.12 06:49:31#26203712064931
2022.12.12 06:49:31#26203712064931
2022.12.12 06:49:31#26203712064931
2022.12.12 06:49:31#26203712064931
2022.12.12 06:49:31#26203712064931
2022.12.12 06:49:31#26203712064931
2022.12.12 06:49:31#26203712064931
2022.12.12 06:49:31#26203712064931
2022.12.12 06:49:31#=================== Transaction Completed =======================
2022.12.12 06:52:44#---------------------- Complete New Transaction---------------------
2022.12.12 06:52:44#Get trans_id From Post Value:L013CzBTLjnCDeS0QnpJpAeW5yI=
2022.12.12 06:52:44#clientIp:103.138.125.196
2022.12.12 06:52:44#trans_id:L013CzBTLjnCDeS0QnpJpAeW5yI=
2022.12.12 06:52:45#result:RESULT>OK^RESULT_CODE>000^3DSECURE>SKIPPED^RRN>234606361386^APPROVAL_CODE>404766^CARD_NUMBER>999999*********5039^AMOUNT>242000^CARDNAME>mb account^DESCRIPTION>6MBD2209495^TRANS_DATE>2022-12-12 12:52:43 PM
2022.12.12 06:52:45#20654912065245
2022.12.12 06:52:46#20654912065245
2022.12.12 06:52:46#20654912065245
2022.12.12 06:52:46#20654912065245
2022.12.12 06:52:46#20654912065245
2022.12.12 06:52:46#20654912065245
2022.12.12 06:52:46#=================== Transaction Completed =======================
2022.12.12 06:58:19#=================== Start New Transaction ===================
2022.12.12 06:58:19#txnrefnum:BBD2007008
2022.12.12 06:58:19#clientIp:103.89.24.37
2022.12.12 06:58:19#card type:6
2022.12.12 06:58:19#totalamount:562000
2022.12.12 06:58:21#result:TRANSACTION_ID:HPva3om6krRJdIpQb4WSCekC7is=
2022.12.12 06:58:22#Forward to DBBL Payment Gateway Page: https://ecom1.dutchbanglabank.com/ecomm2/ClientHandler?card_type=6&trans_id=HPva3om6krRJdIpQb4WSCekC7is%3D
2022.12.12 07:03:14#=================== Start New Transaction ===================
2022.12.12 07:03:14#txnrefnum:MBD2209178
2022.12.12 07:03:14#clientIp:202.134.14.145
2022.12.12 07:03:14#card type:6
2022.12.12 07:03:14#totalamount:82000
2022.12.12 07:03:17#result:TRANSACTION_ID:7g5OW8gb8sJEDkGeHwj3uciQV2A=
2022.12.12 07:03:17#Forward to DBBL Payment Gateway Page: https://ecom1.dutchbanglabank.com/ecomm2/ClientHandler?card_type=6&trans_id=7g5OW8gb8sJEDkGeHwj3uciQV2A%3D
2022.12.12 07:03:39#---------------------- Complete New Transaction---------------------
2022.12.12 07:03:39#Get trans_id From Post Value:7g5OW8gb8sJEDkGeHwj3uciQV2A=
2022.12.12 07:03:39#clientIp:202.134.14.145
2022.12.12 07:03:39#trans_id:7g5OW8gb8sJEDkGeHwj3uciQV2A=
2022.12.12 07:03:41#result:RESULT>OK^RESULT_CODE>000^3DSECURE>SKIPPED^RRN>234607362440^APPROVAL_CODE>391474^CARD_NUMBER>999999*********7532^AMOUNT>82000^CARDNAME>mb account^DESCRIPTION>6MBD2209178^TRANS_DATE>2022-12-12 01:03:38 PM
2022.12.12 07:03:41#20487112070341
2022.12.12 07:03:41#20487112070341
2022.12.12 07:03:41#=================== Transaction Completed =======================
2022.12.12 07:16:08#=================== Start New Transaction ===================
2022.12.12 07:16:08#txnrefnum:BBM2003081
2022.12.12 07:16:08#clientIp:114.130.184.236
2022.12.12 07:16:08#card type:6
2022.12.12 07:16:08#totalamount:82000
2022.12.12 07:16:11#result:TRANSACTION_ID:TP2rNtghGJ8R4WDgeKph1LlzQp4=
2022.12.12 07:16:11#Forward to DBBL Payment Gateway Page: https://ecom1.dutchbanglabank.com/ecomm2/ClientHandler?card_type=6&trans_id=TP2rNtghGJ8R4WDgeKph1LlzQp4%3D
2022.12.12 07:16:32#---------------------- Complete New Transaction---------------------
2022.12.12 07:16:32#Get trans_id From Post Value:TP2rNtghGJ8R4WDgeKph1LlzQp4=
2022.12.12 07:16:32#clientIp:114.130.184.236
2022.12.12 07:16:32#trans_id:TP2rNtghGJ8R4WDgeKph1LlzQp4=
2022.12.12 07:16:34#result:RESULT>OK^RESULT_CODE>000^3DSECURE>SKIPPED^RRN>234607363788^APPROVAL_CODE>442154^CARD_NUMBER>999999*********3728^AMOUNT>82000^CARDNAME>mb account^DESCRIPTION>6BBM2003081^TRANS_DATE>2022-12-12 01:16:31 PM
2022.12.12 07:16:34#23900612071634
2022.12.12 07:16:34#23900612071634
2022.12.12 07:16:34#=================== Transaction Completed =======================
2022.12.12 07:21:22#=================== Start New Transaction ===================
2022.12.12 07:21:22#txnrefnum:MBM2008231
2022.12.12 07:21:22#clientIp:202.134.14.145
2022.12.12 07:21:22#card type:6
2022.12.12 07:21:22#totalamount:82000
2022.12.12 07:21:25#result:TRANSACTION_ID:ZO73TLTJq6SPC7z6OyEySmsPwMI=
2022.12.12 07:21:25#Forward to DBBL Payment Gateway Page: https://ecom1.dutchbanglabank.com/ecomm2/ClientHandler?card_type=6&trans_id=ZO73TLTJq6SPC7z6OyEySmsPwMI%3D
2022.12.12 07:21:53#---------------------- Complete New Transaction---------------------
2022.12.12 07:21:53#Get trans_id From Post Value:ZO73TLTJq6SPC7z6OyEySmsPwMI=
2022.12.12 07:21:53#clientIp:202.134.14.145
2022.12.12 07:21:53#trans_id:ZO73TLTJq6SPC7z6OyEySmsPwMI=
2022.12.12 07:21:55#result:RESULT>OK^RESULT_CODE>000^3DSECURE>SKIPPED^RRN>234607364343^APPROVAL_CODE>552923^CARD_NUMBER>999999*********7532^AMOUNT>82000^CARDNAME>mb account^DESCRIPTION>6MBM2008231^TRANS_DATE>2022-12-12 01:21:52 PM
2022.12.12 07:21:55#21965112072155
2022.12.12 07:21:55#21965112072155
2022.12.12 07:21:55#=================== Transaction Completed =======================
2022.12.12 07:33:06#=================== Start New Transaction ===================
2022.12.12 07:33:06#txnrefnum:BBD2207003
2022.12.12 07:33:06#clientIp:157.119.238.10
2022.12.12 07:33:06#card type:6
2022.12.12 07:33:06#totalamount:162000
2022.12.12 07:33:09#result:TRANSACTION_ID:mRMW9UIzhXhN8pFcJaga35j8FuM=
2022.12.12 07:33:09#Forward to DBBL Payment Gateway Page: https://ecom1.dutchbanglabank.com/ecomm2/ClientHandler?card_type=6&trans_id=mRMW9UIzhXhN8pFcJaga35j8FuM%3D
2022.12.12 07:34:07#---------------------- Complete New Transaction---------------------
2022.12.12 07:34:07#Get trans_id From Post Value:mRMW9UIzhXhN8pFcJaga35j8FuM=
2022.12.12 07:34:07#clientIp:157.119.238.10
2022.12.12 07:34:07#trans_id:mRMW9UIzhXhN8pFcJaga35j8FuM=
2022.12.12 07:34:09#result:RESULT>OK^RESULT_CODE>000^3DSECURE>SKIPPED^RRN>234607365527^APPROVAL_CODE>617895^CARD_NUMBER>999999*********2298^AMOUNT>162000^CARDNAME>mb account^DESCRIPTION>6BBD2207003^TRANS_DATE>2022-12-12 01:34:05 PM
2022.12.12 07:34:09#24642312073409
2022.12.12 07:34:09#24642312073409
2022.12.12 07:34:09#24642312073409
2022.12.12 07:34:09#24642312073409
2022.12.12 07:34:09#=================== Transaction Completed =======================
2022.12.12 07:36:11#=================== Start New Transaction ===================
2022.12.12 07:36:11#txnrefnum:BBM2007172
2022.12.12 07:36:11#clientIp:157.119.238.10
2022.12.12 07:36:11#card type:6
2022.12.12 07:36:11#totalamount:112000
2022.12.12 07:36:13#result:TRANSACTION_ID:LXlCWKoXoyVbquXebWspkcXELxw=
2022.12.12 07:36:13#Forward to DBBL Payment Gateway Page: https://ecom1.dutchbanglabank.com/ecomm2/ClientHandler?card_type=6&trans_id=LXlCWKoXoyVbquXebWspkcXELxw%3D
2022.12.12 07:36:41#---------------------- Complete New Transaction---------------------
2022.12.12 07:36:41#Get trans_id From Post Value:LXlCWKoXoyVbquXebWspkcXELxw=
2022.12.12 07:36:41#clientIp:157.119.238.10
2022.12.12 07:36:41#trans_id:LXlCWKoXoyVbquXebWspkcXELxw=
2022.12.12 07:36:43#result:RESULT>OK^RESULT_CODE>000^3DSECURE>SKIPPED^RRN>234607365768^APPROVAL_CODE>588468^CARD_NUMBER>999999*********2298^AMOUNT>112000^CARDNAME>mb account^DESCRIPTION>6BBM2007172^TRANS_DATE>2022-12-12 01:36:40 PM
2022.12.12 07:36:43#31348612073643
2022.12.12 07:36:43#31348612073643
2022.12.12 07:36:43#=================== Transaction Completed =======================
2022.12.12 08:12:09#=================== Start New Transaction ===================
2022.12.12 08:12:09#txnrefnum:MSC22111157
2022.12.12 08:12:09#clientIp:202.134.14.145
2022.12.12 08:12:09#card type:6
2022.12.12 08:12:09#totalamount:1022000
2022.12.12 08:12:12#result:TRANSACTION_ID:TVrlYjbshXwS4pXzDNXPPwQJUYw=
2022.12.12 08:12:12#Forward to DBBL Payment Gateway Page: https://ecom1.dutchbanglabank.com/ecomm2/ClientHandler?card_type=6&trans_id=TVrlYjbshXwS4pXzDNXPPwQJUYw%3D
2022.12.12 08:12:33#---------------------- Complete New Transaction---------------------
2022.12.12 08:12:33#Get trans_id From Post Value:TVrlYjbshXwS4pXzDNXPPwQJUYw=
2022.12.12 08:12:33#clientIp:202.134.14.145
2022.12.12 08:12:33#trans_id:TVrlYjbshXwS4pXzDNXPPwQJUYw=
2022.12.12 08:12:35#result:RESULT>OK^RESULT_CODE>000^3DSECURE>SKIPPED^RRN>234608369224^APPROVAL_CODE>770904^CARD_NUMBER>999999*********7532^AMOUNT>1022000^CARDNAME>mb account^DESCRIPTION>6MSC22111157^TRANS_DATE>2022-12-12 02:12:32 PM
2022.12.12 08:12:35#33525012081235
2022.12.12 08:12:35#33525012081235
2022.12.12 08:12:35#33525012081235
2022.12.12 08:12:35#33525012081235
2022.12.12 08:12:35#33525012081235
2022.12.12 08:12:36#33525012081235
2022.12.12 08:12:36#=================== Transaction Completed =======================
2022.12.12 08:14:48#=================== Start New Transaction ===================
2022.12.12 08:14:48#txnrefnum:MSC22110006
2022.12.12 08:14:48#clientIp:103.237.37.231
2022.12.12 08:14:48#card type:6
2022.12.12 08:14:48#totalamount:982000
2022.12.12 08:14:51#result:TRANSACTION_ID:ZYLUevo4I9XyrrTNuzIs4ZVBtfA=
2022.12.12 08:14:51#Forward to DBBL Payment Gateway Page: https://ecom1.dutchbanglabank.com/ecomm2/ClientHandler?card_type=6&trans_id=ZYLUevo4I9XyrrTNuzIs4ZVBtfA%3D
2022.12.12 08:17:38#=================== Start New Transaction ===================
2022.12.12 08:17:38#txnrefnum:MSC22110006
2022.12.12 08:17:38#clientIp:103.237.37.231
2022.12.12 08:17:38#card type:6
2022.12.12 08:17:38#totalamount:982000
2022.12.12 08:17:41#result:TRANSACTION_ID:mWKBCWDFDsSJ9nCOtCVGr4SdJuU=
2022.12.12 08:17:41#Forward to DBBL Payment Gateway Page: https://ecom1.dutchbanglabank.com/ecomm2/ClientHandler?card_type=6&trans_id=mWKBCWDFDsSJ9nCOtCVGr4SdJuU%3D
2022.12.12 08:18:31#---------------------- Complete New Transaction---------------------
2022.12.12 08:18:31#Get trans_id From Post Value:mWKBCWDFDsSJ9nCOtCVGr4SdJuU=
2022.12.12 08:18:31#clientIp:103.237.37.231
2022.12.12 08:18:31#trans_id:mWKBCWDFDsSJ9nCOtCVGr4SdJuU=
2022.12.12 08:18:33#result:RESULT>OK^RESULT_CODE>000^3DSECURE>SKIPPED^RRN>234608369740^APPROVAL_CODE>775800^CARD_NUMBER>999999*********1301^AMOUNT>982000^CARDNAME>mb account^DESCRIPTION>6MSC22110006^TRANS_DATE>2022-12-12 02:18:30 PM
2022.12.12 08:18:33#33502912081833
2022.12.12 08:18:33#33502912081833
2022.12.12 08:18:33#33502912081833
2022.12.12 08:18:33#33502912081833
2022.12.12 08:18:33#33502912081833
2022.12.12 08:18:33#33502912081833
2022.12.12 08:18:33#=================== Transaction Completed =======================
2022.12.12 08:40:27#=================== Start New Transaction ===================
2022.12.12 08:40:27#txnrefnum:MSC22111163
2022.12.12 08:40:27#clientIp:103.138.120.148
2022.12.12 08:40:27#card type:6
2022.12.12 08:40:27#totalamount:1022000
2022.12.12 08:40:33#result:TRANSACTION_ID:fCzgSnfNnkqLHRnLMAxkEbQkP2A=
2022.12.12 08:40:33#Forward to DBBL Payment Gateway Page: https://ecom1.dutchbanglabank.com/ecomm2/ClientHandler?card_type=6&trans_id=fCzgSnfNnkqLHRnLMAxkEbQkP2A%3D
2022.12.12 08:41:11#---------------------- Complete New Transaction---------------------
2022.12.12 08:41:11#Get trans_id From Post Value:fCzgSnfNnkqLHRnLMAxkEbQkP2A=
2022.12.12 08:41:11#clientIp:103.138.120.148
2022.12.12 08:41:11#trans_id:fCzgSnfNnkqLHRnLMAxkEbQkP2A=
2022.12.12 08:41:13#result:RESULT>OK^RESULT_CODE>000^3DSECURE>SKIPPED^RRN>234608371780^APPROVAL_CODE>868910^CARD_NUMBER>999999*********8889^AMOUNT>1022000^CARDNAME>mb account^DESCRIPTION>6MSC22111163^TRANS_DATE>2022-12-12 02:41:10 PM
2022.12.12 08:41:13#33535212084113
2022.12.12 08:41:13#33535212084113
2022.12.12 08:41:13#33535212084113
2022.12.12 08:41:13#33535212084113
2022.12.12 08:41:13#33535212084113
2022.12.12 08:41:14#33535212084113
2022.12.12 08:41:14#=================== Transaction Completed =======================
2022.12.12 10:30:28#=================== Start New Transaction ===================
2022.12.12 10:30:28#txnrefnum:MBB2109002
2022.12.12 10:30:28#clientIp:103.144.201.33
2022.12.12 10:30:28#card type:6
2022.12.12 10:30:28#totalamount:642000
2022.12.12 10:30:31#result:TRANSACTION_ID:IeWxhB77mjq7ifXzQPOWwoQG4PY=
2022.12.12 10:30:31#Forward to DBBL Payment Gateway Page: https://ecom1.dutchbanglabank.com/ecomm2/ClientHandler?card_type=6&trans_id=IeWxhB77mjq7ifXzQPOWwoQG4PY%3D
2022.12.12 10:42:26#=================== Start New Transaction ===================
2022.12.12 10:42:26#txnrefnum:MBB2109002
2022.12.12 10:42:26#clientIp:103.144.201.33
2022.12.12 10:42:26#card type:6
2022.12.12 10:42:26#totalamount:642000
2022.12.12 10:42:29#result:TRANSACTION_ID:k5OCAlHrssA1hmQEue1Q7lxa6LM=
2022.12.12 10:42:29#Forward to DBBL Payment Gateway Page: https://ecom1.dutchbanglabank.com/ecomm2/ClientHandler?card_type=6&trans_id=k5OCAlHrssA1hmQEue1Q7lxa6LM%3D
2022.12.12 10:44:47#=================== Start New Transaction ===================
2022.12.12 10:44:47#txnrefnum:MBB2109002
2022.12.12 10:44:47#clientIp:103.144.201.33
2022.12.12 10:44:47#card type:6
2022.12.12 10:44:47#totalamount:642000
2022.12.12 10:44:50#result:TRANSACTION_ID:oCc121YSt9W4KBfwCiT32Wnrm5k=
2022.12.12 10:44:50#Forward to DBBL Payment Gateway Page: https://ecom1.dutchbanglabank.com/ecomm2/ClientHandler?card_type=6&trans_id=oCc121YSt9W4KBfwCiT32Wnrm5k%3D
2022.12.12 10:45:11#---------------------- Complete New Transaction---------------------
2022.12.12 10:45:11#Get trans_id From Post Value:oCc121YSt9W4KBfwCiT32Wnrm5k=
2022.12.12 10:45:11#clientIp:103.144.201.33
2022.12.12 10:45:11#trans_id:oCc121YSt9W4KBfwCiT32Wnrm5k=
2022.12.12 10:45:13#result:RESULT>OK^RESULT_CODE>000^3DSECURE>SKIPPED^RRN>234610382790^APPROVAL_CODE>431298^CARD_NUMBER>999999*********9743^AMOUNT>642000^CARDNAME>mb account^DESCRIPTION>6MBB2109002^TRANS_DATE>2022-12-12 04:45:10 PM
2022.12.12 10:45:13#21228912104513
2022.12.12 10:45:13#21228912104513
2022.12.12 10:45:13#21228912104513
2022.12.12 10:45:13#21228912104513
2022.12.12 10:45:13#21228912104513
2022.12.12 10:45:13#21228912104513
2022.12.12 10:45:13#21228912104513
2022.12.12 10:45:13#21228912104513
2022.12.12 10:45:13#21228912104513
2022.12.12 10:45:14#21228912104513
2022.12.12 10:45:14#21228912104513
2022.12.12 10:45:14#21228912104513
2022.12.12 10:45:14#21228912104513
2022.12.12 10:45:14#21228912104513
2022.12.12 10:45:14#21228912104513
2022.12.12 10:45:14#21228912104513
2022.12.12 10:45:14#=================== Transaction Completed =======================
2022.12.12 11:41:16#=================== Start New Transaction ===================
2022.12.12 11:41:16#txnrefnum:BBD2008032
2022.12.12 11:41:16#clientIp:114.130.184.32
2022.12.12 11:41:16#card type:6
2022.12.12 11:41:16#totalamount:722000
2022.12.12 11:41:19#result:TRANSACTION_ID:bS6NtrMoySAOJd9KVslkTWRCG4g=
2022.12.12 11:41:19#Forward to DBBL Payment Gateway Page: https://ecom1.dutchbanglabank.com/ecomm2/ClientHandler?card_type=6&trans_id=bS6NtrMoySAOJd9KVslkTWRCG4g%3D
2022.12.12 11:45:40#---------------------- Complete New Transaction---------------------
2022.12.12 11:45:40#Get trans_id From Post Value:bS6NtrMoySAOJd9KVslkTWRCG4g=
2022.12.12 11:45:40#clientIp:114.130.184.32
2022.12.12 11:45:40#trans_id:bS6NtrMoySAOJd9KVslkTWRCG4g=
2022.12.12 11:45:42#result:RESULT>OK^RESULT_CODE>000^3DSECURE>SKIPPED^RRN>234611387935^APPROVAL_CODE>860171^CARD_NUMBER>999999*********3728^AMOUNT>722000^CARDNAME>mb account^DESCRIPTION>6BBD2008032^TRANS_DATE>2022-12-12 05:45:39 PM
2022.12.12 11:45:42#26825212114542
2022.12.12 11:45:42#26825212114542
2022.12.12 11:45:42#26825212114542
2022.12.12 11:45:42#26825212114542
2022.12.12 11:45:42#26825212114542
2022.12.12 11:45:42#26825212114542
2022.12.12 11:45:42#26825212114542
2022.12.12 11:45:43#26825212114542
2022.12.12 11:45:43#26825212114542
2022.12.12 11:45:43#26825212114542
2022.12.12 11:45:43#26825212114542
2022.12.12 11:45:43#26825212114542
2022.12.12 11:45:43#26825212114542
2022.12.12 11:45:43#26825212114542
2022.12.12 11:45:43#26825212114542
2022.12.12 11:45:43#26825212114542
2022.12.12 11:45:43#26825212114542
2022.12.12 11:45:43#26825212114542
2022.12.12 11:45:43#=================== Transaction Completed =======================
2022.12.12 12:06:25#=================== Start New Transaction ===================
2022.12.12 12:06:25#txnrefnum:BBD2007237
2022.12.12 12:06:25#clientIp:103.200.36.22
2022.12.12 12:06:25#card type:6
2022.12.12 12:06:25#totalamount:402000
2022.12.12 12:06:28#result:TRANSACTION_ID:yEQpnPOhAln0XpUCvRtGWA3XkG8=
2022.12.12 12:06:28#Forward to DBBL Payment Gateway Page: https://ecom1.dutchbanglabank.com/ecomm2/ClientHandler?card_type=6&trans_id=yEQpnPOhAln0XpUCvRtGWA3XkG8%3D
2022.12.12 12:07:10#---------------------- Complete New Transaction---------------------
2022.12.12 12:07:10#Get trans_id From Post Value:yEQpnPOhAln0XpUCvRtGWA3XkG8=
2022.12.12 12:07:10#clientIp:103.200.36.22
2022.12.12 12:07:10#trans_id:yEQpnPOhAln0XpUCvRtGWA3XkG8=
2022.12.12 12:07:13#result:RESULT>OK^RESULT_CODE>000^3DSECURE>SKIPPED^RRN>234612389914^APPROVAL_CODE>001866^CARD_NUMBER>999999*********8883^AMOUNT>402000^CARDNAME>mb account^DESCRIPTION>6BBD2007237^TRANS_DATE>2022-12-12 06:07:09 PM
2022.12.12 12:07:13#25932812120713
2022.12.12 12:07:13#25932812120713
2022.12.12 12:07:13#25932812120713
2022.12.12 12:07:13#25932812120713
2022.12.12 12:07:13#25932812120713
2022.12.12 12:07:13#25932812120713
2022.12.12 12:07:13#25932812120713
2022.12.12 12:07:13#25932812120713
2022.12.12 12:07:13#25932812120713
2022.12.12 12:07:13#25932812120713
2022.12.12 12:07:13#=================== Transaction Completed =======================
2022.12.12 14:57:33#=================== Start New Transaction ===================
2022.12.12 14:57:33#txnrefnum:BBG2109030
2022.12.12 14:57:33#clientIp:37.111.207.184
2022.12.12 14:57:33#card type:6
2022.12.12 14:57:33#totalamount:2000
2022.12.12 14:57:36#result:TRANSACTION_ID:TSumYBjUgmUDdSINAbW73rLHGDE=
2022.12.12 14:57:36#Forward to DBBL Payment Gateway Page: https://ecom1.dutchbanglabank.com/ecomm2/ClientHandler?card_type=6&trans_id=TSumYBjUgmUDdSINAbW73rLHGDE%3D
2022.12.12 15:26:50#=================== Start New Transaction ===================
2022.12.12 15:26:50#txnrefnum:MSC22111349
2022.12.12 15:26:50#clientIp:202.134.14.140
2022.12.12 15:26:50#card type:6
2022.12.12 15:26:50#totalamount:702000
2022.12.12 15:26:53#result:TRANSACTION_ID:MeXbixX6nLJanpdjnUbBgkL9KCk=
2022.12.12 15:26:53#Forward to DBBL Payment Gateway Page: https://ecom1.dutchbanglabank.com/ecomm2/ClientHandler?card_type=6&trans_id=MeXbixX6nLJanpdjnUbBgkL9KCk%3D
2022.12.12 15:28:15#---------------------- Complete New Transaction---------------------
2022.12.12 15:28:15#Get trans_id From Post Value:MeXbixX6nLJanpdjnUbBgkL9KCk=
2022.12.12 15:28:16#clientIp:202.134.14.140
2022.12.12 15:28:16#trans_id:MeXbixX6nLJanpdjnUbBgkL9KCk=
2022.12.12 15:28:18#result:RESULT>OK^RESULT_CODE>000^3DSECURE>SKIPPED^RRN>234615406898^APPROVAL_CODE>274970^CARD_NUMBER>999999*********8527^AMOUNT>702000^CARDNAME>mb account^DESCRIPTION>6MSC22111349^TRANS_DATE>2022-12-12 09:28:14 PM
2022.12.12 15:28:18#33538312032818
2022.12.12 15:28:19#33538312032818
2022.12.12 15:28:19#=================== Transaction Completed =======================
2022.12.12 16:03:50#=================== Start New Transaction ===================
2022.12.12 16:03:50#txnrefnum:MBD2008264
2022.12.12 16:03:50#clientIp:103.177.48.26
2022.12.12 16:03:50#card type:6
2022.12.12 16:03:50#totalamount:1122000
2022.12.12 16:03:53#result:TRANSACTION_ID:wQvZYZtx0KUytg2QfyxRxheI6PE=
2022.12.12 16:03:53#Forward to DBBL Payment Gateway Page: https://ecom1.dutchbanglabank.com/ecomm2/ClientHandler?card_type=6&trans_id=wQvZYZtx0KUytg2QfyxRxheI6PE%3D
2022.12.12 16:05:06#=================== Start New Transaction ===================
2022.12.12 16:05:06#txnrefnum:MBD2008264
2022.12.12 16:05:06#clientIp:103.177.48.26
2022.12.12 16:05:06#card type:6
2022.12.12 16:05:06#totalamount:1122000
2022.12.12 16:05:09#result:TRANSACTION_ID:Pptn2yHbPru0ScIVm1QOSgeYnYc=
2022.12.12 16:05:09#Forward to DBBL Payment Gateway Page: https://ecom1.dutchbanglabank.com/ecomm2/ClientHandler?card_type=6&trans_id=Pptn2yHbPru0ScIVm1QOSgeYnYc%3D
2022.12.12 16:39:09#=================== Start New Transaction ===================
2022.12.12 16:39:09#txnrefnum:MBD2007218
2022.12.12 16:39:09#clientIp:223.29.213.19
2022.12.12 16:39:09#card type:6
2022.12.12 16:39:09#totalamount:162000
2022.12.12 16:39:12#result:TRANSACTION_ID:ys5P7QYASdPNPSAMva3p4MKPWVs=
2022.12.12 16:39:12#Forward to DBBL Payment Gateway Page: https://ecom1.dutchbanglabank.com/ecomm2/ClientHandler?card_type=6&trans_id=ys5P7QYASdPNPSAMva3p4MKPWVs%3D
2022.12.12 16:41:16#---------------------- Complete New Transaction---------------------
2022.12.12 16:41:16#Get trans_id From Post Value:ys5P7QYASdPNPSAMva3p4MKPWVs=
2022.12.12 16:41:16#clientIp:223.29.213.19
2022.12.12 16:41:16#trans_id:ys5P7QYASdPNPSAMva3p4MKPWVs=
2022.12.12 16:41:19#result:RESULT>OK^RESULT_CODE>000^3DSECURE>SKIPPED^RRN>234616411487^APPROVAL_CODE>618794^CARD_NUMBER>999999*********9456^AMOUNT>162000^CARDNAME>mb account^DESCRIPTION>6MBD2007218^TRANS_DATE>2022-12-12 10:41:16 PM
2022.12.12 16:41:19#19412812044119
2022.12.12 16:41:19#19412812044119
2022.12.12 16:41:19#19412812044119
2022.12.12 16:41:19#19412812044119
2022.12.12 16:41:19#=================== Transaction Completed =======================
2022.12.12 18:30:04#=================== Start New Transaction ===================
2022.12.12 18:30:04#txnrefnum:MSC22111376
2022.12.12 18:30:04#clientIp:103.126.217.231
2022.12.12 18:30:04#card type:6
2022.12.12 18:30:04#totalamount:702000
2022.12.12 18:30:07#result:TRANSACTION_ID:DDmp0ZjLbAmZ7eIDng1mmsOrp2k=
2022.12.12 18:30:07#Forward to DBBL Payment Gateway Page: https://ecom1.dutchbanglabank.com/ecomm2/ClientHandler?card_type=6&trans_id=DDmp0ZjLbAmZ7eIDng1mmsOrp2k%3D
2022.12.12 18:39:47#---------------------- Complete New Transaction---------------------
2022.12.12 18:39:47#Get trans_id From Post Value:DDmp0ZjLbAmZ7eIDng1mmsOrp2k=
2022.12.12 18:39:47#clientIp:103.126.217.231
2022.12.12 18:39:47#trans_id:DDmp0ZjLbAmZ7eIDng1mmsOrp2k=
2022.12.12 18:39:49#result:RESULT>TIMEOUT^RESULT_CODE>999^3DSECURE>0^RRN>0^APPROVAL_CODE>0^CARD_NUMBER>0^AMOUNT>702000^CARDNAME>0^DESCRIPTION>6MSC22111376^TRANS_DATE>2022-12-13 12:39:46 AM
2022.12.12 18:39:49#Failed
2022.12.12 18:40:32#=================== Start New Transaction ===================
2022.12.12 18:40:32#txnrefnum:MSC22111376
2022.12.12 18:40:32#clientIp:103.126.217.231
2022.12.12 18:40:32#card type:6
2022.12.12 18:40:32#totalamount:702000
2022.12.12 18:40:34#result:TRANSACTION_ID:ii4dCgAxj71CYAV1tYOsbW2YHek=
2022.12.12 18:40:34#Forward to DBBL Payment Gateway Page: https://ecom1.dutchbanglabank.com/ecomm2/ClientHandler?card_type=6&trans_id=ii4dCgAxj71CYAV1tYOsbW2YHek%3D
2022.12.12 18:40:56#---------------------- Complete New Transaction---------------------
2022.12.12 18:40:56#Get trans_id From Post Value:ii4dCgAxj71CYAV1tYOsbW2YHek=
2022.12.12 18:40:56#clientIp:103.126.217.231
2022.12.12 18:40:56#trans_id:ii4dCgAxj71CYAV1tYOsbW2YHek=
2022.12.12 18:40:59#result:RESULT>OK^RESULT_CODE>000^3DSECURE>SKIPPED^RRN>234618415863^APPROVAL_CODE>719151^CARD_NUMBER>999999*********3969^AMOUNT>702000^CARDNAME>mb account^DESCRIPTION>6MSC22111376^TRANS_DATE>2022-12-13 12:40:54 AM
2022.12.12 18:40:59#33546712064059
2022.12.12 18:40:59#33546712064059
2022.12.12 18:40:59#=================== Transaction Completed =======================