
2022.10.14 04:44:25#=================== Start New Transaction ===================
2022.10.14 04:44:25#txnrefnum:MBD2007022
2022.10.14 04:44:25#clientIp:37.111.200.47
2022.10.14 04:44:25#card type:6
2022.10.14 04:44:25#totalamount:242000
2022.10.14 04:44:29#result:TRANSACTION_ID:sZrhROZGwYhnraNEOKRqScK4wrQ=
2022.10.14 04:44:29#Forward to DBBL Payment Gateway Page: https://ecom1.dutchbanglabank.com/ecomm2/ClientHandler?card_type=6&trans_id=sZrhROZGwYhnraNEOKRqScK4wrQ%3D
2022.10.14 04:47:37#---------------------- Complete New Transaction---------------------
2022.10.14 04:47:37#Get trans_id From Post Value:sZrhROZGwYhnraNEOKRqScK4wrQ=
2022.10.14 04:47:39#clientIp:37.111.200.47
2022.10.14 04:47:39#trans_id:sZrhROZGwYhnraNEOKRqScK4wrQ=
2022.10.14 04:47:41#result:RESULT>OK^RESULT_CODE>000^3DSECURE>SKIPPED^RRN>228704149945^APPROVAL_CODE>954023^CARD_NUMBER>999999*********8267^AMOUNT>242000^CARDNAME>mb account^DESCRIPTION>6MBD2007022^TRANS_DATE>2022-10-14 10:47:36 AM
2022.10.14 04:47:41#19145314044741
2022.10.14 04:47:41#19145314044741
2022.10.14 04:47:41#19145314044741
2022.10.14 04:47:41#19145314044741
2022.10.14 04:47:41#19145314044741
2022.10.14 04:47:41#19145314044741
2022.10.14 04:47:41#=================== Transaction Completed =======================
2022.10.14 04:50:23#=================== Start New Transaction ===================
2022.10.14 04:50:23#txnrefnum:MBD2201261
2022.10.14 04:50:23#clientIp:37.111.200.47
2022.10.14 04:50:23#card type:6
2022.10.14 04:50:23#totalamount:242000
2022.10.14 04:50:28#result:TRANSACTION_ID:nm29MY3ik0GuJ69wuShLaA703SQ=
2022.10.14 04:50:28#Forward to DBBL Payment Gateway Page: https://ecom1.dutchbanglabank.com/ecomm2/ClientHandler?card_type=6&trans_id=nm29MY3ik0GuJ69wuShLaA703SQ%3D
2022.10.14 04:51:11#---------------------- Complete New Transaction---------------------
2022.10.14 04:51:11#Get trans_id From Post Value:nm29MY3ik0GuJ69wuShLaA703SQ=
2022.10.14 04:51:11#clientIp:37.111.200.47
2022.10.14 04:51:11#trans_id:nm29MY3ik0GuJ69wuShLaA703SQ=
2022.10.14 04:51:13#result:RESULT>OK^RESULT_CODE>000^3DSECURE>SKIPPED^RRN>228704150183^APPROVAL_CODE>884247^CARD_NUMBER>999999*********8267^AMOUNT>242000^CARDNAME>mb account^DESCRIPTION>6MBD2201261^TRANS_DATE>2022-10-14 10:51:09 AM
2022.10.14 04:51:13#6657214045113
2022.10.14 04:51:13#6657214045113
2022.10.14 04:51:13#6657214045113
2022.10.14 04:51:13#6657214045113
2022.10.14 04:51:13#6657214045113
2022.10.14 04:51:13#6657214045113
2022.10.14 04:51:13#=================== Transaction Completed =======================
2022.10.14 05:20:14#=================== Start New Transaction ===================
2022.10.14 05:20:14#txnrefnum:BBD2008096
2022.10.14 05:20:14#clientIp:157.119.238.34
2022.10.14 05:20:14#card type:6
2022.10.14 05:20:14#totalamount:82000
2022.10.14 05:20:18#result:TRANSACTION_ID:Du4OspnjEuQU02KwHLKRm3aDzhk=
2022.10.14 05:20:18#Forward to DBBL Payment Gateway Page: https://ecom1.dutchbanglabank.com/ecomm2/ClientHandler?card_type=6&trans_id=Du4OspnjEuQU02KwHLKRm3aDzhk%3D
2022.10.14 05:21:31#---------------------- Complete New Transaction---------------------
2022.10.14 05:21:31#Get trans_id From Post Value:Du4OspnjEuQU02KwHLKRm3aDzhk=
2022.10.14 05:21:31#clientIp:157.119.238.34
2022.10.14 05:21:31#trans_id:Du4OspnjEuQU02KwHLKRm3aDzhk=
2022.10.14 05:21:33#result:RESULT>OK^RESULT_CODE>000^3DSECURE>SKIPPED^RRN>228705151926^APPROVAL_CODE>034314^CARD_NUMBER>999999*********9995^AMOUNT>82000^CARDNAME>mb account^DESCRIPTION>6BBD2008096^TRANS_DATE>2022-10-14 11:21:30 AM
2022.10.14 05:21:34#26848514052133
2022.10.14 05:21:34#26848514052133
2022.10.14 05:21:34#=================== Transaction Completed =======================
2022.10.14 05:24:58#=================== Start New Transaction ===================
2022.10.14 05:24:58#txnrefnum:BBB2101193
2022.10.14 05:24:58#clientIp:157.119.238.34
2022.10.14 05:24:58#card type:6
2022.10.14 05:24:58#totalamount:82000
2022.10.14 05:25:02#result:TRANSACTION_ID:katV4p56e7T60es4sl3ynpbH6PU=
2022.10.14 05:25:02#Forward to DBBL Payment Gateway Page: https://ecom1.dutchbanglabank.com/ecomm2/ClientHandler?card_type=6&trans_id=katV4p56e7T60es4sl3ynpbH6PU%3D
2022.10.14 05:26:05#---------------------- Complete New Transaction---------------------
2022.10.14 05:26:05#Get trans_id From Post Value:katV4p56e7T60es4sl3ynpbH6PU=
2022.10.14 05:26:05#clientIp:157.119.238.34
2022.10.14 05:26:05#trans_id:katV4p56e7T60es4sl3ynpbH6PU=
2022.10.14 05:26:07#result:RESULT>OK^RESULT_CODE>000^3DSECURE>SKIPPED^RRN>228705152165^APPROVAL_CODE>073428^CARD_NUMBER>999999*********9995^AMOUNT>82000^CARDNAME>mb account^DESCRIPTION>6BBB2101193^TRANS_DATE>2022-10-14 11:26:04 AM
2022.10.14 05:26:07#22636614052607
2022.10.14 05:26:07#22636614052607
2022.10.14 05:26:07#=================== Transaction Completed =======================
2022.10.14 08:14:00#=================== Start New Transaction ===================
2022.10.14 08:14:00#txnrefnum:BBD2201037
2022.10.14 08:14:00#clientIp:103.25.121.33
2022.10.14 08:14:00#card type:6
2022.10.14 08:14:00#totalamount:82000
2022.10.14 08:14:04#result:TRANSACTION_ID:8NsZFo6e81lX8Sh2yhBvwSSevwI=
2022.10.14 08:14:04#Forward to DBBL Payment Gateway Page: https://ecom1.dutchbanglabank.com/ecomm2/ClientHandler?card_type=6&trans_id=8NsZFo6e81lX8Sh2yhBvwSSevwI%3D
2022.10.14 08:33:37#=================== Start New Transaction ===================
2022.10.14 08:33:37#txnrefnum:MBG2105024
2022.10.14 08:33:37#clientIp:116.58.202.82
2022.10.14 08:33:37#card type:6
2022.10.14 08:33:37#totalamount:2000
2022.10.14 08:33:41#result:TRANSACTION_ID:uTPvJ6kepUgdGHXC5hBRwq53S68=
2022.10.14 08:33:41#Forward to DBBL Payment Gateway Page: https://ecom1.dutchbanglabank.com/ecomm2/ClientHandler?card_type=6&trans_id=uTPvJ6kepUgdGHXC5hBRwq53S68%3D
2022.10.14 08:33:44#---------------------- Complete New Transaction---------------------
2022.10.14 08:33:44#Get trans_id From Post Value:uTPvJ6kepUgdGHXC5hBRwq53S68=
2022.10.14 08:33:44#clientIp:116.58.202.82
2022.10.14 08:33:44#trans_id:uTPvJ6kepUgdGHXC5hBRwq53S68=
2022.10.14 08:33:46#result:RESULT>FAILED^RESULT_CODE>999^3DSECURE>0^RRN>0^APPROVAL_CODE>0^CARD_NUMBER>0^AMOUNT>2000^CARDNAME>0^DESCRIPTION>6MBG2105024^TRANS_DATE>2022-10-14 02:33:44 PM
2022.10.14 08:33:46#Failed
2022.10.14 08:35:02#=================== Start New Transaction ===================
2022.10.14 08:35:02#txnrefnum:MBG2105024
2022.10.14 08:35:02#clientIp:116.58.202.82
2022.10.14 08:35:02#card type:6
2022.10.14 08:35:02#totalamount:2000
2022.10.14 08:35:06#result:TRANSACTION_ID:Iu8nV38knDvS7xVF9fWXZTqweZ4=
2022.10.14 08:35:06#Forward to DBBL Payment Gateway Page: https://ecom1.dutchbanglabank.com/ecomm2/ClientHandler?card_type=6&trans_id=Iu8nV38knDvS7xVF9fWXZTqweZ4%3D
2022.10.14 13:13:58#=================== Start New Transaction ===================
2022.10.14 13:13:58#txnrefnum:MBM2006159
2022.10.14 13:13:58#clientIp:103.109.97.148
2022.10.14 13:13:58#card type:6
2022.10.14 13:13:58#totalamount:162000
2022.10.14 13:14:07#result:TRANSACTION_ID:EkdQYPFBxo1fZY3MB0fUiJbR1Jk=
2022.10.14 13:14:07#Forward to DBBL Payment Gateway Page: https://ecom1.dutchbanglabank.com/ecomm2/ClientHandler?card_type=6&trans_id=EkdQYPFBxo1fZY3MB0fUiJbR1Jk%3D
2022.10.14 13:14:51#---------------------- Complete New Transaction---------------------
2022.10.14 13:14:51#Get trans_id From Post Value:EkdQYPFBxo1fZY3MB0fUiJbR1Jk=
2022.10.14 13:14:51#clientIp:103.109.97.148
2022.10.14 13:14:51#trans_id:EkdQYPFBxo1fZY3MB0fUiJbR1Jk=
2022.10.14 13:14:56#result:RESULT>OK^RESULT_CODE>000^3DSECURE>SKIPPED^RRN>228713178638^APPROVAL_CODE>488787^CARD_NUMBER>999999*********0086^AMOUNT>162000^CARDNAME>mb account^DESCRIPTION>6MBM2006159^TRANS_DATE>2022-10-14 07:14:50 PM
2022.10.14 13:14:57#17724114011456
2022.10.14 13:14:57#17724114011456
2022.10.14 13:14:57#17724114011456
2022.10.14 13:14:57#17724114011456
2022.10.14 13:14:57#=================== Transaction Completed =======================
2022.10.14 13:20:30#=================== Start New Transaction ===================
2022.10.14 13:20:30#txnrefnum:MBD2006358
2022.10.14 13:20:30#clientIp:103.229.83.178
2022.10.14 13:20:30#card type:6
2022.10.14 13:20:30#totalamount:2000
2022.10.14 13:20:36#result:TRANSACTION_ID:wm8UPDzaezzH8cCFiHzPIG56gDU=
2022.10.14 13:20:36#Forward to DBBL Payment Gateway Page: https://ecom1.dutchbanglabank.com/ecomm2/ClientHandler?card_type=6&trans_id=wm8UPDzaezzH8cCFiHzPIG56gDU%3D
2022.10.14 13:22:12#=================== Start New Transaction ===================
2022.10.14 13:22:12#txnrefnum:MBD2006358
2022.10.14 13:22:12#clientIp:103.229.83.178
2022.10.14 13:22:12#card type:6
2022.10.14 13:22:12#totalamount:162000
2022.10.14 13:22:17#result:TRANSACTION_ID:qfiUhOF4vm1RSSa7qFeQPR94OPk=
2022.10.14 13:22:17#Forward to DBBL Payment Gateway Page: https://ecom1.dutchbanglabank.com/ecomm2/ClientHandler?card_type=6&trans_id=qfiUhOF4vm1RSSa7qFeQPR94OPk%3D
2022.10.14 13:22:18#=================== Start New Transaction ===================
2022.10.14 13:22:18#txnrefnum:MBD2006358
2022.10.14 13:22:18#clientIp:103.229.83.178
2022.10.14 13:22:18#card type:6
2022.10.14 13:22:18#totalamount:162000
2022.10.14 13:22:23#result:TRANSACTION_ID:Bb8awdoKNnlaaCy665AS3BCR1l0=
2022.10.14 13:22:23#Forward to DBBL Payment Gateway Page: https://ecom1.dutchbanglabank.com/ecomm2/ClientHandler?card_type=6&trans_id=Bb8awdoKNnlaaCy665AS3BCR1l0%3D
2022.10.14 13:26:25#=================== Start New Transaction ===================
2022.10.14 13:26:25#txnrefnum:MBD2006358
2022.10.14 13:26:25#clientIp:103.229.83.178
2022.10.14 13:26:25#card type:6
2022.10.14 13:26:25#totalamount:162000
2022.10.14 13:26:30#result:TRANSACTION_ID:42gVqh4zEH1zDf2826THyblJSDw=
2022.10.14 13:26:30#Forward to DBBL Payment Gateway Page: https://ecom1.dutchbanglabank.com/ecomm2/ClientHandler?card_type=6&trans_id=42gVqh4zEH1zDf2826THyblJSDw%3D
2022.10.14 14:09:18#=================== Start New Transaction ===================
2022.10.14 14:09:18#txnrefnum:BBD2004057
2022.10.14 14:09:18#clientIp:118.179.3.84
2022.10.14 14:09:18#card type:6
2022.10.14 14:09:18#totalamount:162000
2022.10.14 14:09:22#result:TRANSACTION_ID:mevJp5lD4NISSTtFxJd4zJARnSI=
2022.10.14 14:09:22#Forward to DBBL Payment Gateway Page: https://ecom1.dutchbanglabank.com/ecomm2/ClientHandler?card_type=6&trans_id=mevJp5lD4NISSTtFxJd4zJARnSI%3D
2022.10.14 14:09:46#---------------------- Complete New Transaction---------------------
2022.10.14 14:09:46#Get trans_id From Post Value:mevJp5lD4NISSTtFxJd4zJARnSI=
2022.10.14 14:09:46#clientIp:118.179.3.84
2022.10.14 14:09:46#trans_id:mevJp5lD4NISSTtFxJd4zJARnSI=
2022.10.14 14:09:48#result:RESULT>OK^RESULT_CODE>000^3DSECURE>SKIPPED^RRN>228714182412^APPROVAL_CODE>754136^CARD_NUMBER>999999*********2122^AMOUNT>162000^CARDNAME>mb account^DESCRIPTION>6BBD2004057^TRANS_DATE>2022-10-14 08:09:45 PM
2022.10.14 14:09:48#24221914020948
2022.10.14 14:09:48#24221914020948
2022.10.14 14:09:48#24221914020948
2022.10.14 14:09:48#24221914020948
2022.10.14 14:09:48#=================== Transaction Completed =======================
2022.10.14 14:30:41#=================== Start New Transaction ===================
2022.10.14 14:30:41#txnrefnum:MBG2105009
2022.10.14 14:30:41#clientIp:103.110.161.14
2022.10.14 14:30:41#card type:6
2022.10.14 14:30:41#totalamount:82000
2022.10.14 14:30:45#result:TRANSACTION_ID:qB646kQ1MlIIQQFk4rZJ1pmWVRc=
2022.10.14 14:30:45#Forward to DBBL Payment Gateway Page: https://ecom1.dutchbanglabank.com/ecomm2/ClientHandler?card_type=6&trans_id=qB646kQ1MlIIQQFk4rZJ1pmWVRc%3D
2022.10.14 14:32:27#---------------------- Complete New Transaction---------------------
2022.10.14 14:32:27#Get trans_id From Post Value:qB646kQ1MlIIQQFk4rZJ1pmWVRc=
2022.10.14 14:32:27#clientIp:103.110.161.14
2022.10.14 14:32:27#trans_id:qB646kQ1MlIIQQFk4rZJ1pmWVRc=
2022.10.14 14:32:29#result:RESULT>OK^RESULT_CODE>000^3DSECURE>SKIPPED^RRN>228714183995^APPROVAL_CODE>833414^CARD_NUMBER>999999*********3111^AMOUNT>82000^CARDNAME>mb account^DESCRIPTION>6MBG2105009^TRANS_DATE>2022-10-14 08:32:26 PM
2022.10.14 14:32:29#14478414023229
2022.10.14 14:32:29#14478414023229
2022.10.14 14:32:29#=================== Transaction Completed =======================
2022.10.14 15:20:55#=================== Start New Transaction ===================
2022.10.14 15:20:55#txnrefnum:BBB2109017
2022.10.14 15:20:55#clientIp:103.58.74.248
2022.10.14 15:20:55#card type:6
2022.10.14 15:20:55#totalamount:162000
2022.10.14 15:20:58#result:TRANSACTION_ID:W5mKlppAPlSjiDb5q38jqxEYGjY=
2022.10.14 15:20:58#Forward to DBBL Payment Gateway Page: https://ecom1.dutchbanglabank.com/ecomm2/ClientHandler?card_type=6&trans_id=W5mKlppAPlSjiDb5q38jqxEYGjY%3D
2022.10.14 16:55:00#=================== Start New Transaction ===================
2022.10.14 16:55:00#txnrefnum:MED2007015
2022.10.14 16:55:00#clientIp:103.230.106.46
2022.10.14 16:55:00#card type:6
2022.10.14 16:55:00#totalamount:742000
2022.10.14 16:55:03#result:TRANSACTION_ID:gDsXpmzc7JTXBrbECDPhrnhY4gs=
2022.10.14 16:55:04#Forward to DBBL Payment Gateway Page: https://ecom1.dutchbanglabank.com/ecomm2/ClientHandler?card_type=6&trans_id=gDsXpmzc7JTXBrbECDPhrnhY4gs%3D
2022.10.14 17:03:31#=================== Start New Transaction ===================
2022.10.14 17:03:31#txnrefnum:MED2007015
2022.10.14 17:03:31#clientIp:103.230.106.46
2022.10.14 17:03:31#card type:6
2022.10.14 17:03:31#totalamount:632000
2022.10.14 17:03:38#result:TRANSACTION_ID:KyUew9ytobZuGOizv7F8sAPBYko=
2022.10.14 17:03:38#Forward to DBBL Payment Gateway Page: https://ecom1.dutchbanglabank.com/ecomm2/ClientHandler?card_type=6&trans_id=KyUew9ytobZuGOizv7F8sAPBYko%3D
2022.10.14 17:05:51#---------------------- Complete New Transaction---------------------
2022.10.14 17:05:51#Get trans_id From Post Value:KyUew9ytobZuGOizv7F8sAPBYko=
2022.10.14 17:05:51#clientIp:103.230.106.46
2022.10.14 17:05:51#trans_id:KyUew9ytobZuGOizv7F8sAPBYko=
2022.10.14 17:05:56#result:RESULT>OK^RESULT_CODE>000^3DSECURE>SKIPPED^RRN>228717192241^APPROVAL_CODE>323128^CARD_NUMBER>999999*********7184^AMOUNT>632000^CARDNAME>mb account^DESCRIPTION>6MED2007015^TRANS_DATE>2022-10-14 11:05:48 PM
2022.10.14 17:05:56#19581614050556
2022.10.14 17:05:56#19581614050556
2022.10.14 17:05:56#19581614050556
2022.10.14 17:05:56#19581614050556
2022.10.14 17:05:56#19581614050556
2022.10.14 17:05:56#19581614050556
2022.10.14 17:05:56#19581614050556
2022.10.14 17:05:56#19581614050556
2022.10.14 17:05:56#19581614050556
2022.10.14 17:05:56#19581614050556
2022.10.14 17:05:56#19581614050556
2022.10.14 17:05:56#19581614050556
2022.10.14 17:05:56#=================== Transaction Completed =======================
2022.10.14 19:28:33#---------------------- Complete New Transaction---------------------
2022.10.14 19:28:33#Get trans_id From Post Value:vUcMgTfjTIUkksZcKclYuz6jCmI=
2022.10.14 19:28:33#clientIp:103.134.43.50
2022.10.14 19:28:33#trans_id:vUcMgTfjTIUkksZcKclYuz6jCmI=
2022.10.14 19:28:36#result:RESULT>TIMEOUT^RESULT_CODE>999^3DSECURE>0^RRN>0^APPROVAL_CODE>0^CARD_NUMBER>0^AMOUNT>82000^CARDNAME>0^DESCRIPTION>6BBB2109051^TRANS_DATE>2022-10-15 01:28:31 AM
2022.10.14 19:28:36#Failed