
2022.12.13 02:20:01#=================== Start New Transaction ===================
2022.12.13 02:20:01#txnrefnum:MSC22111088
2022.12.13 02:20:01#clientIp:202.134.10.142
2022.12.13 02:20:01#card type:6
2022.12.13 02:20:01#totalamount:262000
2022.12.13 02:20:05#result:TRANSACTION_ID:TvU03gcUFACibPS8bDn42sPcJlQ=
2022.12.13 02:20:05#Forward to DBBL Payment Gateway Page: https://ecom1.dutchbanglabank.com/ecomm2/ClientHandler?card_type=6&trans_id=TvU03gcUFACibPS8bDn42sPcJlQ%3D
2022.12.13 02:20:19#---------------------- Complete New Transaction---------------------
2022.12.13 02:20:19#Get trans_id From Post Value:TvU03gcUFACibPS8bDn42sPcJlQ=
2022.12.13 02:20:19#clientIp:202.134.10.142
2022.12.13 02:20:19#trans_id:TvU03gcUFACibPS8bDn42sPcJlQ=
2022.12.13 02:20:21#result:RESULT>OK^RESULT_CODE>000^3DSECURE>SKIPPED^RRN>234702422277^APPROVAL_CODE>973321^CARD_NUMBER>999999*********1168^AMOUNT>262000^CARDNAME>mb account^DESCRIPTION>6MSC22111088^TRANS_DATE>2022-12-13 08:20:18 AM
2022.12.13 02:20:21#286813022021
2022.12.13 02:20:21#286813022021
2022.12.13 02:20:21#286813022021
2022.12.13 02:20:21#286813022021
2022.12.13 02:20:21#=================== Transaction Completed =======================
2022.12.13 02:21:11#=================== Start New Transaction ===================
2022.12.13 02:21:11#txnrefnum:MSC22111088
2022.12.13 02:21:11#clientIp:202.134.10.142
2022.12.13 02:21:11#card type:6
2022.12.13 02:21:11#totalamount:1022000
2022.12.13 02:21:14#result:TRANSACTION_ID:MBN5IWdsP0OC09lEcPmGr0GINAY=
2022.12.13 02:21:14#Forward to DBBL Payment Gateway Page: https://ecom1.dutchbanglabank.com/ecomm2/ClientHandler?card_type=6&trans_id=MBN5IWdsP0OC09lEcPmGr0GINAY%3D
2022.12.13 02:21:26#---------------------- Complete New Transaction---------------------
2022.12.13 02:21:26#Get trans_id From Post Value:MBN5IWdsP0OC09lEcPmGr0GINAY=
2022.12.13 02:21:26#clientIp:202.134.10.142
2022.12.13 02:21:26#trans_id:MBN5IWdsP0OC09lEcPmGr0GINAY=
2022.12.13 02:21:27#result:RESULT>OK^RESULT_CODE>000^3DSECURE>SKIPPED^RRN>234702422328^APPROVAL_CODE>974212^CARD_NUMBER>999999*********1168^AMOUNT>1022000^CARDNAME>mb account^DESCRIPTION>6MSC22111088^TRANS_DATE>2022-12-13 08:21:25 AM
2022.12.13 02:21:27#33545813022127
2022.12.13 02:21:28#33545813022127
2022.12.13 02:21:28#33545813022127
2022.12.13 02:21:28#33545813022127
2022.12.13 02:21:28#33545813022127
2022.12.13 02:21:28#33545813022127
2022.12.13 02:21:28#=================== Transaction Completed =======================
2022.12.13 02:27:26#=================== Start New Transaction ===================
2022.12.13 02:27:26#txnrefnum:MSC22110080
2022.12.13 02:27:26#clientIp:202.134.10.142
2022.12.13 02:27:26#card type:6
2022.12.13 02:27:26#totalamount:822000
2022.12.13 02:27:28#result:TRANSACTION_ID:kYkP82nLYV9GTx3dZ8mXYgt9a78=
2022.12.13 02:27:29#Forward to DBBL Payment Gateway Page: https://ecom1.dutchbanglabank.com/ecomm2/ClientHandler?card_type=6&trans_id=kYkP82nLYV9GTx3dZ8mXYgt9a78%3D
2022.12.13 02:28:29#---------------------- Complete New Transaction---------------------
2022.12.13 02:28:29#Get trans_id From Post Value:kYkP82nLYV9GTx3dZ8mXYgt9a78=
2022.12.13 02:28:29#clientIp:202.134.10.142
2022.12.13 02:28:29#trans_id:kYkP82nLYV9GTx3dZ8mXYgt9a78=
2022.12.13 02:28:30#result:RESULT>OK^RESULT_CODE>000^3DSECURE>SKIPPED^RRN>234702422612^APPROVAL_CODE>980161^CARD_NUMBER>999999*********1168^AMOUNT>822000^CARDNAME>mb account^DESCRIPTION>6MSC22110080^TRANS_DATE>2022-12-13 08:28:27 AM
2022.12.13 02:28:30#33505613022830
2022.12.13 02:28:30#33505613022830
2022.12.13 02:28:30#33505613022830
2022.12.13 02:28:31#33505613022830
2022.12.13 02:28:31#=================== Transaction Completed =======================
2022.12.13 02:29:31#=================== Start New Transaction ===================
2022.12.13 02:29:31#txnrefnum:MSC22110534
2022.12.13 02:29:31#clientIp:202.134.10.142
2022.12.13 02:29:31#card type:6
2022.12.13 02:29:31#totalamount:662000
2022.12.13 02:29:36#result:TRANSACTION_ID:2mYqAYamNG5gcazN25dAnvUho5w=
2022.12.13 02:29:36#Forward to DBBL Payment Gateway Page: https://ecom1.dutchbanglabank.com/ecomm2/ClientHandler?card_type=6&trans_id=2mYqAYamNG5gcazN25dAnvUho5w%3D
2022.12.13 02:29:56#---------------------- Complete New Transaction---------------------
2022.12.13 02:29:56#Get trans_id From Post Value:2mYqAYamNG5gcazN25dAnvUho5w=
2022.12.13 02:29:56#clientIp:202.134.10.142
2022.12.13 02:29:56#trans_id:2mYqAYamNG5gcazN25dAnvUho5w=
2022.12.13 02:29:58#result:RESULT>OK^RESULT_CODE>000^3DSECURE>SKIPPED^RRN>234702422662^APPROVAL_CODE>015535^CARD_NUMBER>999999*********1168^AMOUNT>662000^CARDNAME>mb account^DESCRIPTION>6MSC22110534^TRANS_DATE>2022-12-13 08:29:55 AM
2022.12.13 02:29:58#33495013022958
2022.12.13 02:29:58#33495013022958
2022.12.13 02:29:58#=================== Transaction Completed =======================
2022.12.13 02:30:49#=================== Start New Transaction ===================
2022.12.13 02:30:49#txnrefnum:MSC22111021
2022.12.13 02:30:49#clientIp:202.134.10.142
2022.12.13 02:30:49#card type:6
2022.12.13 02:30:49#totalamount:162000
2022.12.13 02:30:52#result:TRANSACTION_ID:nosSg9JsZSOb27BUzlBSWJSIYek=
2022.12.13 02:30:53#Forward to DBBL Payment Gateway Page: https://ecom1.dutchbanglabank.com/ecomm2/ClientHandler?card_type=6&trans_id=nosSg9JsZSOb27BUzlBSWJSIYek%3D
2022.12.13 02:31:13#---------------------- Complete New Transaction---------------------
2022.12.13 02:31:13#Get trans_id From Post Value:nosSg9JsZSOb27BUzlBSWJSIYek=
2022.12.13 02:31:13#clientIp:202.134.10.142
2022.12.13 02:31:13#trans_id:nosSg9JsZSOb27BUzlBSWJSIYek=
2022.12.13 02:31:15#result:RESULT>OK^RESULT_CODE>000^3DSECURE>SKIPPED^RRN>234702422719^APPROVAL_CODE>016553^CARD_NUMBER>999999*********1168^AMOUNT>162000^CARDNAME>mb account^DESCRIPTION>6MSC22111021^TRANS_DATE>2022-12-13 08:31:11 AM
2022.12.13 02:31:15#33821113023115
2022.12.13 02:31:15#33821113023115
2022.12.13 02:31:15#=================== Transaction Completed =======================
2022.12.13 02:47:16#=================== Start New Transaction ===================
2022.12.13 02:47:16#txnrefnum:MSC22110615
2022.12.13 02:47:16#clientIp:202.134.10.142
2022.12.13 02:47:16#card type:6
2022.12.13 02:47:16#totalamount:662000
2022.12.13 02:47:18#result:TRANSACTION_ID:M5E0WOP2pGyftqeSYIgSTw86EU4=
2022.12.13 02:47:18#Forward to DBBL Payment Gateway Page: https://ecom1.dutchbanglabank.com/ecomm2/ClientHandler?card_type=6&trans_id=M5E0WOP2pGyftqeSYIgSTw86EU4%3D
2022.12.13 02:47:35#---------------------- Complete New Transaction---------------------
2022.12.13 02:47:35#Get trans_id From Post Value:M5E0WOP2pGyftqeSYIgSTw86EU4=
2022.12.13 02:47:35#clientIp:202.134.10.142
2022.12.13 02:47:35#trans_id:M5E0WOP2pGyftqeSYIgSTw86EU4=
2022.12.13 02:47:37#result:RESULT>OK^RESULT_CODE>000^3DSECURE>SKIPPED^RRN>234702423332^APPROVAL_CODE>932090^CARD_NUMBER>999999*********1168^AMOUNT>662000^CARDNAME>mb account^DESCRIPTION>6MSC22110615^TRANS_DATE>2022-12-13 08:47:34 AM
2022.12.13 02:47:37#33547713024737
2022.12.13 02:47:37#33547713024737
2022.12.13 02:47:37#=================== Transaction Completed =======================
2022.12.13 02:51:53#=================== Start New Transaction ===================
2022.12.13 02:51:53#txnrefnum:MSC22110090
2022.12.13 02:51:53#clientIp:202.134.10.142
2022.12.13 02:51:53#card type:6
2022.12.13 02:51:53#totalamount:982000
2022.12.13 02:51:56#result:TRANSACTION_ID:XVHkATfgwpUHRSFB5u3g3LWvlwo=
2022.12.13 02:51:56#Forward to DBBL Payment Gateway Page: https://ecom1.dutchbanglabank.com/ecomm2/ClientHandler?card_type=6&trans_id=XVHkATfgwpUHRSFB5u3g3LWvlwo%3D
2022.12.13 02:52:47#---------------------- Complete New Transaction---------------------
2022.12.13 02:52:47#Get trans_id From Post Value:XVHkATfgwpUHRSFB5u3g3LWvlwo=
2022.12.13 02:52:47#clientIp:202.134.10.142
2022.12.13 02:52:47#trans_id:XVHkATfgwpUHRSFB5u3g3LWvlwo=
2022.12.13 02:52:49#result:RESULT>OK^RESULT_CODE>000^3DSECURE>SKIPPED^RRN>234702423571^APPROVAL_CODE>938951^CARD_NUMBER>999999*********1168^AMOUNT>982000^CARDNAME>mb account^DESCRIPTION>6MSC22110090^TRANS_DATE>2022-12-13 08:52:45 AM
2022.12.13 02:52:49#33509113025249
2022.12.13 02:52:49#33509113025249
2022.12.13 02:52:49#33509113025249
2022.12.13 02:52:49#33509113025249
2022.12.13 02:52:49#33509113025249
2022.12.13 02:52:49#33509113025249
2022.12.13 02:52:49#=================== Transaction Completed =======================
2022.12.13 03:50:18#=================== Start New Transaction ===================
2022.12.13 03:50:18#txnrefnum:MSC22111333
2022.12.13 03:50:18#clientIp:116.206.253.174
2022.12.13 03:50:18#card type:6
2022.12.13 03:50:18#totalamount:702000
2022.12.13 03:50:21#result:TRANSACTION_ID:TuwGkotohzM0YqgFNuReASJSHYQ=
2022.12.13 03:50:21#Forward to DBBL Payment Gateway Page: https://ecom1.dutchbanglabank.com/ecomm2/ClientHandler?card_type=6&trans_id=TuwGkotohzM0YqgFNuReASJSHYQ%3D
2022.12.13 03:56:31#=================== Start New Transaction ===================
2022.12.13 03:56:31#txnrefnum:MSC22111333
2022.12.13 03:56:31#clientIp:116.206.253.174
2022.12.13 03:56:31#card type:6
2022.12.13 03:56:31#totalamount:702000
2022.12.13 03:56:34#result:TRANSACTION_ID:sqG2YbX025HS7D7KOeM6ZivFkjA=
2022.12.13 03:56:34#Forward to DBBL Payment Gateway Page: https://ecom1.dutchbanglabank.com/ecomm2/ClientHandler?card_type=6&trans_id=sqG2YbX025HS7D7KOeM6ZivFkjA%3D
2022.12.13 03:57:31#---------------------- Complete New Transaction---------------------
2022.12.13 03:57:31#Get trans_id From Post Value:sqG2YbX025HS7D7KOeM6ZivFkjA=
2022.12.13 03:57:31#clientIp:116.206.253.174
2022.12.13 03:57:31#trans_id:sqG2YbX025HS7D7KOeM6ZivFkjA=
2022.12.13 03:57:33#result:RESULT>OK^RESULT_CODE>000^3DSECURE>SKIPPED^RRN>234703426613^APPROVAL_CODE>215260^CARD_NUMBER>999999*********2274^AMOUNT>702000^CARDNAME>mb account^DESCRIPTION>6MSC22111333^TRANS_DATE>2022-12-13 09:57:31 AM
2022.12.13 03:57:33#33516013035733
2022.12.13 03:57:34#33516013035733
2022.12.13 03:57:34#=================== Transaction Completed =======================
2022.12.13 04:01:35#=================== Start New Transaction ===================
2022.12.13 04:01:35#txnrefnum:MSC22111251
2022.12.13 04:01:35#clientIp:202.134.10.142
2022.12.13 04:01:35#card type:6
2022.12.13 04:01:35#totalamount:1342000
2022.12.13 04:01:38#result:TRANSACTION_ID:dcePkU5Dx8DkrMlmD1N4zHUQnOQ=
2022.12.13 04:01:39#Forward to DBBL Payment Gateway Page: https://ecom1.dutchbanglabank.com/ecomm2/ClientHandler?card_type=6&trans_id=dcePkU5Dx8DkrMlmD1N4zHUQnOQ%3D
2022.12.13 04:02:03#---------------------- Complete New Transaction---------------------
2022.12.13 04:02:03#Get trans_id From Post Value:dcePkU5Dx8DkrMlmD1N4zHUQnOQ=
2022.12.13 04:02:03#clientIp:202.134.10.142
2022.12.13 04:02:03#trans_id:dcePkU5Dx8DkrMlmD1N4zHUQnOQ=
2022.12.13 04:02:05#result:RESULT>OK^RESULT_CODE>000^3DSECURE>SKIPPED^RRN>234704426856^APPROVAL_CODE>138079^CARD_NUMBER>999999*********1168^AMOUNT>1342000^CARDNAME>mb account^DESCRIPTION>6MSC22111251^TRANS_DATE>2022-12-13 10:02:01 AM
2022.12.13 04:02:05#33519613040205
2022.12.13 04:02:05#33519613040205
2022.12.13 04:02:05#33519613040205
2022.12.13 04:02:05#33519613040205
2022.12.13 04:02:05#33519613040205
2022.12.13 04:02:05#33519613040205
2022.12.13 04:02:05#33519613040205
2022.12.13 04:02:05#33519613040205
2022.12.13 04:02:05#33519613040205
2022.12.13 04:02:05#33519613040205
2022.12.13 04:02:05#=================== Transaction Completed =======================
2022.12.13 04:03:28#=================== Start New Transaction ===================
2022.12.13 04:03:28#txnrefnum:MBM2008111
2022.12.13 04:03:28#clientIp:202.134.10.142
2022.12.13 04:03:28#card type:6
2022.12.13 04:03:28#totalamount:402000
2022.12.13 04:03:31#result:TRANSACTION_ID:g4R36juWxcdVM1KrZ7HP1DWHL3U=
2022.12.13 04:03:31#Forward to DBBL Payment Gateway Page: https://ecom1.dutchbanglabank.com/ecomm2/ClientHandler?card_type=6&trans_id=g4R36juWxcdVM1KrZ7HP1DWHL3U%3D
2022.12.13 04:03:44#---------------------- Complete New Transaction---------------------
2022.12.13 04:03:44#Get trans_id From Post Value:g4R36juWxcdVM1KrZ7HP1DWHL3U=
2022.12.13 04:03:44#clientIp:202.134.10.142
2022.12.13 04:03:44#trans_id:g4R36juWxcdVM1KrZ7HP1DWHL3U=
2022.12.13 04:03:46#result:RESULT>OK^RESULT_CODE>000^3DSECURE>SKIPPED^RRN>234704426951^APPROVAL_CODE>223435^CARD_NUMBER>999999*********1168^AMOUNT>402000^CARDNAME>mb account^DESCRIPTION>6MBM2008111^TRANS_DATE>2022-12-13 10:03:43 AM
2022.12.13 04:03:46#21759513040346
2022.12.13 04:03:46#21759513040346
2022.12.13 04:03:46#21759513040346
2022.12.13 04:03:46#21759513040346
2022.12.13 04:03:46#21759513040346
2022.12.13 04:03:46#21759513040346
2022.12.13 04:03:46#21759513040346
2022.12.13 04:03:46#21759513040346
2022.12.13 04:03:46#21759513040346
2022.12.13 04:03:46#21759513040346
2022.12.13 04:03:46#=================== Transaction Completed =======================
2022.12.13 04:05:03#=================== Start New Transaction ===================
2022.12.13 04:05:03#txnrefnum:MSC22110056
2022.12.13 04:05:03#clientIp:202.134.10.142
2022.12.13 04:05:03#card type:6
2022.12.13 04:05:03#totalamount:982000
2022.12.13 04:05:06#result:TRANSACTION_ID:siirEywsT6VpfuWq2YHSUdiDHJQ=
2022.12.13 04:05:06#Forward to DBBL Payment Gateway Page: https://ecom1.dutchbanglabank.com/ecomm2/ClientHandler?card_type=6&trans_id=siirEywsT6VpfuWq2YHSUdiDHJQ%3D
2022.12.13 04:05:23#---------------------- Complete New Transaction---------------------
2022.12.13 04:05:23#Get trans_id From Post Value:siirEywsT6VpfuWq2YHSUdiDHJQ=
2022.12.13 04:05:23#clientIp:202.134.10.142
2022.12.13 04:05:23#trans_id:siirEywsT6VpfuWq2YHSUdiDHJQ=
2022.12.13 04:05:25#result:RESULT>OK^RESULT_CODE>000^3DSECURE>SKIPPED^RRN>234704427048^APPROVAL_CODE>224723^CARD_NUMBER>999999*********1168^AMOUNT>982000^CARDNAME>mb account^DESCRIPTION>6MSC22110056^TRANS_DATE>2022-12-13 10:05:22 AM
2022.12.13 04:05:25#33504713040525
2022.12.13 04:05:25#33504713040525
2022.12.13 04:05:25#33504713040525
2022.12.13 04:05:26#33504713040525
2022.12.13 04:05:26#33504713040525
2022.12.13 04:05:26#33504713040525
2022.12.13 04:05:26#=================== Transaction Completed =======================
2022.12.13 04:29:47#=================== Start New Transaction ===================
2022.12.13 04:29:47#txnrefnum:MSC22110509
2022.12.13 04:29:47#clientIp:202.134.10.142
2022.12.13 04:29:47#card type:6
2022.12.13 04:29:47#totalamount:162000
2022.12.13 04:29:50#result:TRANSACTION_ID:gn4uWYySkaAnJ6dtpzvfYyvuzHw=
2022.12.13 04:29:50#Forward to DBBL Payment Gateway Page: https://ecom1.dutchbanglabank.com/ecomm2/ClientHandler?card_type=6&trans_id=gn4uWYySkaAnJ6dtpzvfYyvuzHw%3D
2022.12.13 04:30:22#---------------------- Complete New Transaction---------------------
2022.12.13 04:30:22#Get trans_id From Post Value:gn4uWYySkaAnJ6dtpzvfYyvuzHw=
2022.12.13 04:30:22#clientIp:202.134.10.142
2022.12.13 04:30:22#trans_id:gn4uWYySkaAnJ6dtpzvfYyvuzHw=
2022.12.13 04:30:24#result:RESULT>OK^RESULT_CODE>000^3DSECURE>SKIPPED^RRN>234704428721^APPROVAL_CODE>289256^CARD_NUMBER>999999*********1168^AMOUNT>162000^CARDNAME>mb account^DESCRIPTION>6MSC22110509^TRANS_DATE>2022-12-13 10:30:21 AM
2022.12.13 04:30:24#33633113043024
2022.12.13 04:30:24#33633113043024
2022.12.13 04:30:24#=================== Transaction Completed =======================
2022.12.13 05:02:49#=================== Start New Transaction ===================
2022.12.13 05:02:49#txnrefnum:MSC22110577
2022.12.13 05:02:49#clientIp:202.134.10.142
2022.12.13 05:02:49#card type:6
2022.12.13 05:02:49#totalamount:162000
2022.12.13 05:02:51#result:TRANSACTION_ID:vnbJoCogCs0kXFy5jfEYYlVhCkI=
2022.12.13 05:02:51#Forward to DBBL Payment Gateway Page: https://ecom1.dutchbanglabank.com/ecomm2/ClientHandler?card_type=6&trans_id=vnbJoCogCs0kXFy5jfEYYlVhCkI%3D
2022.12.13 05:03:08#---------------------- Complete New Transaction---------------------
2022.12.13 05:03:08#Get trans_id From Post Value:vnbJoCogCs0kXFy5jfEYYlVhCkI=
2022.12.13 05:03:08#clientIp:202.134.10.142
2022.12.13 05:03:08#trans_id:vnbJoCogCs0kXFy5jfEYYlVhCkI=
2022.12.13 05:03:11#result:RESULT>OK^RESULT_CODE>000^3DSECURE>SKIPPED^RRN>234705431258^APPROVAL_CODE>513258^CARD_NUMBER>999999*********1168^AMOUNT>162000^CARDNAME>mb account^DESCRIPTION>6MSC22110577^TRANS_DATE>2022-12-13 11:03:07 AM
2022.12.13 05:03:11#1352413050311
2022.12.13 05:03:11#1352413050311
2022.12.13 05:03:11#=================== Transaction Completed =======================
2022.12.13 05:03:54#=================== Start New Transaction ===================
2022.12.13 05:03:54#txnrefnum:MSC22110577
2022.12.13 05:03:54#clientIp:202.134.10.142
2022.12.13 05:03:54#card type:6
2022.12.13 05:03:54#totalamount:982000
2022.12.13 05:03:57#result:TRANSACTION_ID:LFhfIV9uqEhTeeiZThvyIOa5SxQ=
2022.12.13 05:03:57#Forward to DBBL Payment Gateway Page: https://ecom1.dutchbanglabank.com/ecomm2/ClientHandler?card_type=6&trans_id=LFhfIV9uqEhTeeiZThvyIOa5SxQ%3D
2022.12.13 05:05:29#---------------------- Complete New Transaction---------------------
2022.12.13 05:05:29#Get trans_id From Post Value:LFhfIV9uqEhTeeiZThvyIOa5SxQ=
2022.12.13 05:05:29#clientIp:202.134.10.142
2022.12.13 05:05:29#trans_id:LFhfIV9uqEhTeeiZThvyIOa5SxQ=
2022.12.13 05:05:31#result:RESULT>OK^RESULT_CODE>000^3DSECURE>SKIPPED^RRN>234705431444^APPROVAL_CODE>488428^CARD_NUMBER>999999*********1168^AMOUNT>982000^CARDNAME>mb account^DESCRIPTION>6MSC22110577^TRANS_DATE>2022-12-13 11:05:28 AM
2022.12.13 05:05:31#33499713050531
2022.12.13 05:05:31#33499713050531
2022.12.13 05:05:31#33499713050531
2022.12.13 05:05:31#33499713050531
2022.12.13 05:05:31#33499713050531
2022.12.13 05:05:31#33499713050531
2022.12.13 05:05:31#=================== Transaction Completed =======================
2022.12.13 05:07:05#=================== Start New Transaction ===================
2022.12.13 05:07:05#txnrefnum:MSC22110029
2022.12.13 05:07:05#clientIp:202.134.10.142
2022.12.13 05:07:05#card type:6
2022.12.13 05:07:05#totalamount:982000
2022.12.13 05:07:08#result:TRANSACTION_ID:klXVHDyNDPItZsdKhJXgol7wXt0=
2022.12.13 05:07:08#Forward to DBBL Payment Gateway Page: https://ecom1.dutchbanglabank.com/ecomm2/ClientHandler?card_type=6&trans_id=klXVHDyNDPItZsdKhJXgol7wXt0%3D
2022.12.13 05:08:24#---------------------- Complete New Transaction---------------------
2022.12.13 05:08:24#Get trans_id From Post Value:klXVHDyNDPItZsdKhJXgol7wXt0=
2022.12.13 05:08:24#clientIp:202.134.10.142
2022.12.13 05:08:24#trans_id:klXVHDyNDPItZsdKhJXgol7wXt0=
2022.12.13 05:08:26#result:RESULT>OK^RESULT_CODE>000^3DSECURE>SKIPPED^RRN>234705431693^APPROVAL_CODE>496105^CARD_NUMBER>999999*********1168^AMOUNT>982000^CARDNAME>mb account^DESCRIPTION>6MSC22110029^TRANS_DATE>2022-12-13 11:08:22 AM
2022.12.13 05:08:26#33501413050826
2022.12.13 05:08:26#33501413050826
2022.12.13 05:08:26#33501413050826
2022.12.13 05:08:26#33501413050826
2022.12.13 05:08:26#33501413050826
2022.12.13 05:08:26#33501413050826
2022.12.13 05:08:26#=================== Transaction Completed =======================
2022.12.13 05:09:18#=================== Start New Transaction ===================
2022.12.13 05:09:18#txnrefnum:MSC22110556
2022.12.13 05:09:18#clientIp:202.134.10.142
2022.12.13 05:09:18#card type:6
2022.12.13 05:09:18#totalamount:162000
2022.12.13 05:09:21#result:TRANSACTION_ID:pbriDMFu0PdWbLOsYPkfTf0vEtk=
2022.12.13 05:09:21#Forward to DBBL Payment Gateway Page: https://ecom1.dutchbanglabank.com/ecomm2/ClientHandler?card_type=6&trans_id=pbriDMFu0PdWbLOsYPkfTf0vEtk%3D
2022.12.13 05:09:34#---------------------- Complete New Transaction---------------------
2022.12.13 05:09:34#Get trans_id From Post Value:pbriDMFu0PdWbLOsYPkfTf0vEtk=
2022.12.13 05:09:34#clientIp:202.134.10.142
2022.12.13 05:09:34#trans_id:pbriDMFu0PdWbLOsYPkfTf0vEtk=
2022.12.13 05:09:35#result:RESULT>OK^RESULT_CODE>000^3DSECURE>SKIPPED^RRN>234705431799^APPROVAL_CODE>498965^CARD_NUMBER>999999*********1168^AMOUNT>162000^CARDNAME>mb account^DESCRIPTION>6MSC22110556^TRANS_DATE>2022-12-13 11:09:32 AM
2022.12.13 05:09:35#33635513050935
2022.12.13 05:09:35#33635513050935
2022.12.13 05:09:35#=================== Transaction Completed =======================
2022.12.13 05:10:40#=================== Start New Transaction ===================
2022.12.13 05:10:40#txnrefnum:MSC22110093
2022.12.13 05:10:40#clientIp:202.134.10.142
2022.12.13 05:10:40#card type:6
2022.12.13 05:10:40#totalamount:822000
2022.12.13 05:10:43#result:TRANSACTION_ID:9W2PzUdkOcew4ThVj7zwRxB1DnM=
2022.12.13 05:10:43#Forward to DBBL Payment Gateway Page: https://ecom1.dutchbanglabank.com/ecomm2/ClientHandler?card_type=6&trans_id=9W2PzUdkOcew4ThVj7zwRxB1DnM%3D
2022.12.13 05:10:57#---------------------- Complete New Transaction---------------------
2022.12.13 05:10:57#Get trans_id From Post Value:9W2PzUdkOcew4ThVj7zwRxB1DnM=
2022.12.13 05:10:57#clientIp:202.134.10.142
2022.12.13 05:10:57#trans_id:9W2PzUdkOcew4ThVj7zwRxB1DnM=
2022.12.13 05:10:59#result:RESULT>OK^RESULT_CODE>000^3DSECURE>SKIPPED^RRN>234705431922^APPROVAL_CODE>602411^CARD_NUMBER>999999*********1168^AMOUNT>822000^CARDNAME>mb account^DESCRIPTION>6MSC22110093^TRANS_DATE>2022-12-13 11:10:56 AM
2022.12.13 05:10:59#33505513051059
2022.12.13 05:10:59#33505513051059
2022.12.13 05:10:59#33505513051059
2022.12.13 05:11:00#33505513051059
2022.12.13 05:11:00#=================== Transaction Completed =======================
2022.12.13 05:11:58#=================== Start New Transaction ===================
2022.12.13 05:11:58#txnrefnum:MSC22111082
2022.12.13 05:11:58#clientIp:202.134.10.142
2022.12.13 05:11:58#card type:6
2022.12.13 05:11:58#totalamount:702000
2022.12.13 05:12:01#result:TRANSACTION_ID:8N1UeYLngCwo4VCLhq6ED6HuQAQ=
2022.12.13 05:12:01#Forward to DBBL Payment Gateway Page: https://ecom1.dutchbanglabank.com/ecomm2/ClientHandler?card_type=6&trans_id=8N1UeYLngCwo4VCLhq6ED6HuQAQ%3D
2022.12.13 05:17:37#=================== Start New Transaction ===================
2022.12.13 05:17:37#txnrefnum:MSC22110071
2022.12.13 05:17:37#clientIp:202.134.10.142
2022.12.13 05:17:37#card type:6
2022.12.13 05:17:37#totalamount:822000
2022.12.13 05:17:40#result:TRANSACTION_ID:gBaKTkimSobfvLaTBSj75M8EGOg=
2022.12.13 05:17:40#Forward to DBBL Payment Gateway Page: https://ecom1.dutchbanglabank.com/ecomm2/ClientHandler?card_type=6&trans_id=gBaKTkimSobfvLaTBSj75M8EGOg%3D
2022.12.13 05:18:22#---------------------- Complete New Transaction---------------------
2022.12.13 05:18:22#Get trans_id From Post Value:gBaKTkimSobfvLaTBSj75M8EGOg=
2022.12.13 05:18:22#clientIp:202.134.10.142
2022.12.13 05:18:22#trans_id:gBaKTkimSobfvLaTBSj75M8EGOg=
2022.12.13 05:18:23#result:RESULT>OK^RESULT_CODE>000^3DSECURE>SKIPPED^RRN>234705432618^APPROVAL_CODE>616030^CARD_NUMBER>999999*********1168^AMOUNT>822000^CARDNAME>mb account^DESCRIPTION>6MSC22110071^TRANS_DATE>2022-12-13 11:18:21 AM
2022.12.13 05:18:23#33502313051823
2022.12.13 05:18:24#33502313051823
2022.12.13 05:18:24#33502313051823
2022.12.13 05:18:24#33502313051823
2022.12.13 05:18:24#=================== Transaction Completed =======================
2022.12.13 05:41:09#=================== Start New Transaction ===================
2022.12.13 05:41:09#txnrefnum:BBD2007095
2022.12.13 05:41:09#clientIp:114.130.184.32
2022.12.13 05:41:09#card type:6
2022.12.13 05:41:09#totalamount:162000
2022.12.13 05:41:12#result:TRANSACTION_ID:0SnVKJH88YcYH5W5vyIvM1IVSwE=
2022.12.13 05:41:12#Forward to DBBL Payment Gateway Page: https://ecom1.dutchbanglabank.com/ecomm2/ClientHandler?card_type=6&trans_id=0SnVKJH88YcYH5W5vyIvM1IVSwE%3D
2022.12.13 05:41:50#---------------------- Complete New Transaction---------------------
2022.12.13 05:41:50#Get trans_id From Post Value:0SnVKJH88YcYH5W5vyIvM1IVSwE=
2022.12.13 05:41:50#clientIp:114.130.184.32
2022.12.13 05:41:50#trans_id:0SnVKJH88YcYH5W5vyIvM1IVSwE=
2022.12.13 05:41:53#result:RESULT>FAILED^RESULT_CODE>116^3DSECURE>SKIPPED^RRN>234705434739^APPROVAL_CODE>0^CARD_NUMBER>999999*********3728^AMOUNT>162000^CARDNAME>mb account^DESCRIPTION>6BBD2007095^TRANS_DATE>2022-12-13 11:41:49 AM
2022.12.13 05:41:53#Not Sufficient Amount
2022.12.13 05:42:11#=================== Start New Transaction ===================
2022.12.13 05:42:11#txnrefnum:BBD2007095
2022.12.13 05:42:11#clientIp:114.130.184.32
2022.12.13 05:42:11#card type:6
2022.12.13 05:42:11#totalamount:162000
2022.12.13 05:42:14#result:TRANSACTION_ID:pcB4hU3IClHaARGcsP1uNNzvSMs=
2022.12.13 05:42:14#Forward to DBBL Payment Gateway Page: https://ecom1.dutchbanglabank.com/ecomm2/ClientHandler?card_type=6&trans_id=pcB4hU3IClHaARGcsP1uNNzvSMs%3D
2022.12.13 05:42:29#---------------------- Complete New Transaction---------------------
2022.12.13 05:42:29#Get trans_id From Post Value:pcB4hU3IClHaARGcsP1uNNzvSMs=
2022.12.13 05:42:29#clientIp:114.130.184.32
2022.12.13 05:42:29#trans_id:pcB4hU3IClHaARGcsP1uNNzvSMs=
2022.12.13 05:42:31#result:RESULT>OK^RESULT_CODE>000^3DSECURE>SKIPPED^RRN>234705434803^APPROVAL_CODE>676772^CARD_NUMBER>999999*********6896^AMOUNT>162000^CARDNAME>mb account^DESCRIPTION>6BBD2007095^TRANS_DATE>2022-12-13 11:42:28 AM
2022.12.13 05:42:31#26017013054231
2022.12.13 05:42:31#26017013054231
2022.12.13 05:42:31#26017013054231
2022.12.13 05:42:31#26017013054231
2022.12.13 05:42:31#=================== Transaction Completed =======================
2022.12.13 05:59:16#=================== Start New Transaction ===================
2022.12.13 05:59:16#txnrefnum:MBG2105047
2022.12.13 05:59:16#clientIp:202.134.10.142
2022.12.13 05:59:16#card type:6
2022.12.13 05:59:16#totalamount:82000
2022.12.13 05:59:19#result:TRANSACTION_ID:ZCGZVKhkf30UgVPJ8HdbFfRywzI=
2022.12.13 05:59:19#Forward to DBBL Payment Gateway Page: https://ecom1.dutchbanglabank.com/ecomm2/ClientHandler?card_type=6&trans_id=ZCGZVKhkf30UgVPJ8HdbFfRywzI%3D
2022.12.13 05:59:34#---------------------- Complete New Transaction---------------------
2022.12.13 05:59:34#Get trans_id From Post Value:ZCGZVKhkf30UgVPJ8HdbFfRywzI=
2022.12.13 05:59:34#clientIp:202.134.10.142
2022.12.13 05:59:34#trans_id:ZCGZVKhkf30UgVPJ8HdbFfRywzI=
2022.12.13 05:59:36#result:RESULT>OK^RESULT_CODE>000^3DSECURE>SKIPPED^RRN>234705436401^APPROVAL_CODE>815263^CARD_NUMBER>999999*********1168^AMOUNT>82000^CARDNAME>mb account^DESCRIPTION>6MBG2105047^TRANS_DATE>2022-12-13 11:59:33 AM
2022.12.13 05:59:36#34603013055936
2022.12.13 05:59:36#34603013055936
2022.12.13 05:59:36#=================== Transaction Completed =======================
2022.12.13 06:11:52#=================== Start New Transaction ===================
2022.12.13 06:11:52#txnrefnum:MBM2001009
2022.12.13 06:11:52#clientIp:202.134.10.142
2022.12.13 06:11:52#card type:6
2022.12.13 06:11:52#totalamount:82000
2022.12.13 06:11:55#result:TRANSACTION_ID:yFMOWsPN0dDrR4MyStLm5Hpw1g0=
2022.12.13 06:11:55#Forward to DBBL Payment Gateway Page: https://ecom1.dutchbanglabank.com/ecomm2/ClientHandler?card_type=6&trans_id=yFMOWsPN0dDrR4MyStLm5Hpw1g0%3D
2022.12.13 06:12:10#---------------------- Complete New Transaction---------------------
2022.12.13 06:12:10#Get trans_id From Post Value:yFMOWsPN0dDrR4MyStLm5Hpw1g0=
2022.12.13 06:12:10#clientIp:202.134.10.142
2022.12.13 06:12:10#trans_id:yFMOWsPN0dDrR4MyStLm5Hpw1g0=
2022.12.13 06:12:12#result:RESULT>OK^RESULT_CODE>000^3DSECURE>SKIPPED^RRN>234706437506^APPROVAL_CODE>845304^CARD_NUMBER>999999*********1168^AMOUNT>82000^CARDNAME>mb account^DESCRIPTION>6MBM2001009^TRANS_DATE>2022-12-13 12:12:08 PM
2022.12.13 06:12:12#34671313061212
2022.12.13 06:12:12#34671313061212
2022.12.13 06:12:12#=================== Transaction Completed =======================
2022.12.13 06:40:46#=================== Start New Transaction ===================
2022.12.13 06:40:46#txnrefnum:MSC22110071
2022.12.13 06:40:46#clientIp:202.134.10.138
2022.12.13 06:40:46#card type:6
2022.12.13 06:40:46#totalamount:162000
2022.12.13 06:40:49#result:TRANSACTION_ID:626DznEWSNiXVHQdCPi5f81PDX4=
2022.12.13 06:40:49#Forward to DBBL Payment Gateway Page: https://ecom1.dutchbanglabank.com/ecomm2/ClientHandler?card_type=6&trans_id=626DznEWSNiXVHQdCPi5f81PDX4%3D
2022.12.13 06:41:10#---------------------- Complete New Transaction---------------------
2022.12.13 06:41:10#Get trans_id From Post Value:626DznEWSNiXVHQdCPi5f81PDX4=
2022.12.13 06:41:10#clientIp:202.134.10.138
2022.12.13 06:41:10#trans_id:626DznEWSNiXVHQdCPi5f81PDX4=
2022.12.13 06:41:12#result:RESULT>OK^RESULT_CODE>000^3DSECURE>SKIPPED^RRN>234706440142^APPROVAL_CODE>064303^CARD_NUMBER>999999*********7532^AMOUNT>162000^CARDNAME>mb account^DESCRIPTION>6MSC22110071^TRANS_DATE>2022-12-13 12:41:09 PM
2022.12.13 06:41:12#33650713064112
2022.12.13 06:41:13#33650713064112
2022.12.13 06:41:13#=================== Transaction Completed =======================
2022.12.13 06:42:56#=================== Start New Transaction ===================
2022.12.13 06:42:56#txnrefnum:MBD2203335
2022.12.13 06:42:56#clientIp:103.29.105.243
2022.12.13 06:42:56#card type:6
2022.12.13 06:42:56#totalamount:362000
2022.12.13 06:42:59#result:TRANSACTION_ID:Ft3wTukkOB0LgpS9u9g2LkpQBpM=
2022.12.13 06:42:59#Forward to DBBL Payment Gateway Page: https://ecom1.dutchbanglabank.com/ecomm2/ClientHandler?card_type=6&trans_id=Ft3wTukkOB0LgpS9u9g2LkpQBpM%3D
2022.12.13 06:43:41#---------------------- Complete New Transaction---------------------
2022.12.13 06:43:41#Get trans_id From Post Value:Ft3wTukkOB0LgpS9u9g2LkpQBpM=
2022.12.13 06:43:41#clientIp:103.29.105.243
2022.12.13 06:43:41#trans_id:Ft3wTukkOB0LgpS9u9g2LkpQBpM=
2022.12.13 06:43:42#result:RESULT>OK^RESULT_CODE>000^3DSECURE>SKIPPED^RRN>234706440354^APPROVAL_CODE>986882^CARD_NUMBER>999999*********0319^AMOUNT>362000^CARDNAME>mb account^DESCRIPTION>6MBD2203335^TRANS_DATE>2022-12-13 12:43:40 PM
2022.12.13 06:43:43#10583113064342
2022.12.13 06:43:43#10583113064342
2022.12.13 06:43:43#10583113064342
2022.12.13 06:43:43#10583113064342
2022.12.13 06:43:43#10583113064342
2022.12.13 06:43:43#10583113064342
2022.12.13 06:43:43#10583113064342
2022.12.13 06:43:43#10583113064342
2022.12.13 06:43:43#10583113064342
2022.12.13 06:43:43#10583113064342
2022.12.13 06:43:43#=================== Transaction Completed =======================
2022.12.13 06:45:26#=================== Start New Transaction ===================
2022.12.13 06:45:26#txnrefnum:BBD2008044
2022.12.13 06:45:26#clientIp:114.130.184.32
2022.12.13 06:45:26#card type:6
2022.12.13 06:45:26#totalamount:962000
2022.12.13 06:45:29#result:TRANSACTION_ID:2KBP1WFqa5fb8A2W0EA5XAZMs14=
2022.12.13 06:45:29#Forward to DBBL Payment Gateway Page: https://ecom1.dutchbanglabank.com/ecomm2/ClientHandler?card_type=6&trans_id=2KBP1WFqa5fb8A2W0EA5XAZMs14%3D
2022.12.13 06:45:55#---------------------- Complete New Transaction---------------------
2022.12.13 06:45:55#Get trans_id From Post Value:2KBP1WFqa5fb8A2W0EA5XAZMs14=
2022.12.13 06:45:55#clientIp:114.130.184.32
2022.12.13 06:45:55#trans_id:2KBP1WFqa5fb8A2W0EA5XAZMs14=
2022.12.13 06:45:57#result:RESULT>OK^RESULT_CODE>000^3DSECURE>SKIPPED^RRN>234706440573^APPROVAL_CODE>079282^CARD_NUMBER>999999*********3728^AMOUNT>962000^CARDNAME>mb account^DESCRIPTION>6BBD2008044^TRANS_DATE>2022-12-13 12:45:55 PM
2022.12.13 06:45:58#26997713064557
2022.12.13 06:45:58#26997713064557
2022.12.13 06:45:58#26997713064557
2022.12.13 06:45:58#26997713064557
2022.12.13 06:45:58#26997713064557
2022.12.13 06:45:58#26997713064557
2022.12.13 06:45:58#26997713064557
2022.12.13 06:45:58#26997713064557
2022.12.13 06:45:58#26997713064557
2022.12.13 06:45:58#26997713064557
2022.12.13 06:45:58#26997713064557
2022.12.13 06:45:58#26997713064557
2022.12.13 06:45:58#26997713064557
2022.12.13 06:45:58#26997713064557
2022.12.13 06:45:58#26997713064557
2022.12.13 06:45:58#26997713064557
2022.12.13 06:45:58#26997713064557
2022.12.13 06:45:59#26997713064557
2022.12.13 06:45:59#26997713064557
2022.12.13 06:45:59#26997713064557
2022.12.13 06:45:59#26997713064557
2022.12.13 06:45:59#26997713064557
2022.12.13 06:45:59#26997713064557
2022.12.13 06:45:59#26997713064557
2022.12.13 06:45:59#=================== Transaction Completed =======================
2022.12.13 06:54:15#=================== Start New Transaction ===================
2022.12.13 06:54:15#txnrefnum:MBM2008018
2022.12.13 06:54:15#clientIp:202.134.9.132
2022.12.13 06:54:15#card type:6
2022.12.13 06:54:15#totalamount:242000
2022.12.13 06:54:18#result:TRANSACTION_ID:UX43emqQkWLG6ePIuxjkVfAoyLk=
2022.12.13 06:54:18#Forward to DBBL Payment Gateway Page: https://ecom1.dutchbanglabank.com/ecomm2/ClientHandler?card_type=6&trans_id=UX43emqQkWLG6ePIuxjkVfAoyLk%3D
2022.12.13 06:55:14#---------------------- Complete New Transaction---------------------
2022.12.13 06:55:14#Get trans_id From Post Value:UX43emqQkWLG6ePIuxjkVfAoyLk=
2022.12.13 06:55:14#clientIp:202.134.9.132
2022.12.13 06:55:14#trans_id:UX43emqQkWLG6ePIuxjkVfAoyLk=
2022.12.13 06:55:16#result:RESULT>OK^RESULT_CODE>000^3DSECURE>SKIPPED^RRN>234706441489^APPROVAL_CODE>099937^CARD_NUMBER>999999*********9648^AMOUNT>242000^CARDNAME>mb account^DESCRIPTION>6MBM2008018^TRANS_DATE>2022-12-13 12:55:12 PM
2022.12.13 06:55:16#21630013065516
2022.12.13 06:55:16#21630013065516
2022.12.13 06:55:16#21630013065516
2022.12.13 06:55:16#21630013065516
2022.12.13 06:55:16#21630013065516
2022.12.13 06:55:16#21630013065516
2022.12.13 06:55:16#=================== Transaction Completed =======================
2022.12.13 06:59:48#=================== Start New Transaction ===================
2022.12.13 06:59:48#txnrefnum:BBD2005089
2022.12.13 06:59:48#clientIp:157.119.238.10
2022.12.13 06:59:48#card type:6
2022.12.13 06:59:48#totalamount:962000
2022.12.13 06:59:51#result:TRANSACTION_ID:VYkJqHVLC2sbfqYJPCK3st1mnb4=
2022.12.13 06:59:51#Forward to DBBL Payment Gateway Page: https://ecom1.dutchbanglabank.com/ecomm2/ClientHandler?card_type=6&trans_id=VYkJqHVLC2sbfqYJPCK3st1mnb4%3D
2022.12.13 07:00:37#---------------------- Complete New Transaction---------------------
2022.12.13 07:00:37#Get trans_id From Post Value:VYkJqHVLC2sbfqYJPCK3st1mnb4=
2022.12.13 07:00:37#clientIp:157.119.238.10
2022.12.13 07:00:37#trans_id:VYkJqHVLC2sbfqYJPCK3st1mnb4=
2022.12.13 07:00:39#result:RESULT>OK^RESULT_CODE>000^3DSECURE>SKIPPED^RRN>234707442024^APPROVAL_CODE>108950^CARD_NUMBER>999999*********2298^AMOUNT>962000^CARDNAME>mb account^DESCRIPTION>6BBD2005089^TRANS_DATE>2022-12-13 01:00:36 PM
2022.12.13 07:00:39#24805813070039
2022.12.13 07:00:39#24805813070039
2022.12.13 07:00:39#24805813070039
2022.12.13 07:00:39#24805813070039
2022.12.13 07:00:39#24805813070039
2022.12.13 07:00:40#24805813070039
2022.12.13 07:00:40#24805813070039
2022.12.13 07:00:40#24805813070039
2022.12.13 07:00:40#24805813070039
2022.12.13 07:00:40#24805813070039
2022.12.13 07:00:40#24805813070039
2022.12.13 07:00:40#24805813070039
2022.12.13 07:00:40#24805813070039
2022.12.13 07:00:40#24805813070039
2022.12.13 07:00:40#24805813070039
2022.12.13 07:00:40#24805813070039
2022.12.13 07:00:40#24805813070039
2022.12.13 07:00:40#24805813070039
2022.12.13 07:00:40#24805813070039
2022.12.13 07:00:40#24805813070039
2022.12.13 07:00:40#24805813070039
2022.12.13 07:00:40#24805813070039
2022.12.13 07:00:40#24805813070039
2022.12.13 07:00:41#24805813070039
2022.12.13 07:00:41#=================== Transaction Completed =======================
2022.12.13 07:04:15#=================== Start New Transaction ===================
2022.12.13 07:04:15#txnrefnum:MED2008011
2022.12.13 07:04:15#clientIp:103.121.106.245
2022.12.13 07:04:15#card type:6
2022.12.13 07:04:15#totalamount:1102000
2022.12.13 07:04:17#result:TRANSACTION_ID:NZXUkPeGhY6M2SpBNSZhGH0ftFY=
2022.12.13 07:04:18#Forward to DBBL Payment Gateway Page: https://ecom1.dutchbanglabank.com/ecomm2/ClientHandler?card_type=6&trans_id=NZXUkPeGhY6M2SpBNSZhGH0ftFY%3D
2022.12.13 07:05:37#---------------------- Complete New Transaction---------------------
2022.12.13 07:05:37#Get trans_id From Post Value:NZXUkPeGhY6M2SpBNSZhGH0ftFY=
2022.12.13 07:05:37#clientIp:103.121.106.245
2022.12.13 07:05:37#trans_id:NZXUkPeGhY6M2SpBNSZhGH0ftFY=
2022.12.13 07:05:39#result:RESULT>OK^RESULT_CODE>000^3DSECURE>SKIPPED^RRN>234707442517^APPROVAL_CODE>114256^CARD_NUMBER>999999*********4201^AMOUNT>1102000^CARDNAME>mb account^DESCRIPTION>6MED2008011^TRANS_DATE>2022-12-13 01:05:36 PM
2022.12.13 07:05:39#21406213070539
2022.12.13 07:05:40#21406213070539
2022.12.13 07:05:40#21406213070539
2022.12.13 07:05:40#21406213070539
2022.12.13 07:05:40#21406213070539
2022.12.13 07:05:40#21406213070539
2022.12.13 07:05:40#21406213070539
2022.12.13 07:05:40#21406213070539
2022.12.13 07:05:40#21406213070539
2022.12.13 07:05:40#21406213070539
2022.12.13 07:05:40#21406213070539
2022.12.13 07:05:41#21406213070539
2022.12.13 07:05:41#21406213070539
2022.12.13 07:05:41#21406213070539
2022.12.13 07:05:41#21406213070539
2022.12.13 07:05:41#21406213070539
2022.12.13 07:05:41#21406213070539
2022.12.13 07:05:41#21406213070539
2022.12.13 07:05:41#21406213070539
2022.12.13 07:05:41#21406213070539
2022.12.13 07:05:41#=================== Transaction Completed =======================
2022.12.13 07:06:05#=================== Start New Transaction ===================
2022.12.13 07:06:05#txnrefnum:BBD2007205
2022.12.13 07:06:05#clientIp:157.119.238.10
2022.12.13 07:06:05#card type:6
2022.12.13 07:06:05#totalamount:112000
2022.12.13 07:06:08#result:TRANSACTION_ID:VRuyOFKKXIPjr7QAncRR3y0JDzk=
2022.12.13 07:06:08#Forward to DBBL Payment Gateway Page: https://ecom1.dutchbanglabank.com/ecomm2/ClientHandler?card_type=6&trans_id=VRuyOFKKXIPjr7QAncRR3y0JDzk%3D
2022.12.13 07:06:37#---------------------- Complete New Transaction---------------------
2022.12.13 07:06:37#Get trans_id From Post Value:VRuyOFKKXIPjr7QAncRR3y0JDzk=
2022.12.13 07:06:37#clientIp:157.119.238.10
2022.12.13 07:06:37#trans_id:VRuyOFKKXIPjr7QAncRR3y0JDzk=
2022.12.13 07:06:38#result:RESULT>OK^RESULT_CODE>000^3DSECURE>SKIPPED^RRN>234707442606^APPROVAL_CODE>213497^CARD_NUMBER>999999*********2298^AMOUNT>112000^CARDNAME>mb account^DESCRIPTION>6BBD2007205^TRANS_DATE>2022-12-13 01:06:36 PM
2022.12.13 07:06:39#31319813070638
2022.12.13 07:06:39#31319813070638
2022.12.13 07:06:39#=================== Transaction Completed =======================
2022.12.13 07:10:52#=================== Start New Transaction ===================
2022.12.13 07:10:52#txnrefnum:BBD2008034
2022.12.13 07:10:52#clientIp:114.130.184.32
2022.12.13 07:10:52#card type:6
2022.12.13 07:10:52#totalamount:162000
2022.12.13 07:10:55#result:TRANSACTION_ID:P9WBMU1Pu8XRu37SffD0QPo07co=
2022.12.13 07:10:55#Forward to DBBL Payment Gateway Page: https://ecom1.dutchbanglabank.com/ecomm2/ClientHandler?card_type=6&trans_id=P9WBMU1Pu8XRu37SffD0QPo07co%3D
2022.12.13 07:11:32#---------------------- Complete New Transaction---------------------
2022.12.13 07:11:32#Get trans_id From Post Value:P9WBMU1Pu8XRu37SffD0QPo07co=
2022.12.13 07:11:32#clientIp:114.130.184.32
2022.12.13 07:11:32#trans_id:P9WBMU1Pu8XRu37SffD0QPo07co=
2022.12.13 07:11:34#result:RESULT>OK^RESULT_CODE>000^3DSECURE>SKIPPED^RRN>234707443090^APPROVAL_CODE>189589^CARD_NUMBER>999999*********6896^AMOUNT>162000^CARDNAME>mb account^DESCRIPTION>6BBD2008034^TRANS_DATE>2022-12-13 01:11:32 PM
2022.12.13 07:11:34#27003413071134
2022.12.13 07:11:34#27003413071134
2022.12.13 07:11:34#27003413071134
2022.12.13 07:11:34#27003413071134
2022.12.13 07:11:34#=================== Transaction Completed =======================
2022.12.13 07:11:56#=================== Start New Transaction ===================
2022.12.13 07:11:56#txnrefnum:MBD2206072
2022.12.13 07:11:56#clientIp:202.134.10.138
2022.12.13 07:11:56#card type:6
2022.12.13 07:11:56#totalamount:722000
2022.12.13 07:11:59#result:TRANSACTION_ID:p5rBRlwKeKGbTG0bqleeTZSxs78=
2022.12.13 07:11:59#Forward to DBBL Payment Gateway Page: https://ecom1.dutchbanglabank.com/ecomm2/ClientHandler?card_type=6&trans_id=p5rBRlwKeKGbTG0bqleeTZSxs78%3D
2022.12.13 07:12:22#---------------------- Complete New Transaction---------------------
2022.12.13 07:12:22#Get trans_id From Post Value:p5rBRlwKeKGbTG0bqleeTZSxs78=
2022.12.13 07:12:22#clientIp:202.134.10.138
2022.12.13 07:12:22#trans_id:p5rBRlwKeKGbTG0bqleeTZSxs78=
2022.12.13 07:12:24#result:RESULT>OK^RESULT_CODE>000^3DSECURE>SKIPPED^RRN>234707443156^APPROVAL_CODE>190911^CARD_NUMBER>999999*********7532^AMOUNT>722000^CARDNAME>mb account^DESCRIPTION>6MBD2206072^TRANS_DATE>2022-12-13 01:12:21 PM
2022.12.13 07:12:24#15160813071224
2022.12.13 07:12:25#15160813071224
2022.12.13 07:12:25#15160813071224
2022.12.13 07:12:25#15160813071224
2022.12.13 07:12:25#15160813071224
2022.12.13 07:12:25#15160813071224
2022.12.13 07:12:25#15160813071224
2022.12.13 07:12:25#15160813071224
2022.12.13 07:12:25#15160813071224
2022.12.13 07:12:25#15160813071224
2022.12.13 07:12:25#15160813071224
2022.12.13 07:12:25#15160813071224
2022.12.13 07:12:25#15160813071224
2022.12.13 07:12:25#15160813071224
2022.12.13 07:12:25#15160813071224
2022.12.13 07:12:25#15160813071224
2022.12.13 07:12:25#15160813071224
2022.12.13 07:12:25#15160813071224
2022.12.13 07:12:25#=================== Transaction Completed =======================
2022.12.13 07:29:09#=================== Start New Transaction ===================
2022.12.13 07:29:09#txnrefnum:MBM2204070
2022.12.13 07:29:09#clientIp:202.134.10.138
2022.12.13 07:29:09#card type:6
2022.12.13 07:29:09#totalamount:302000
2022.12.13 07:29:11#result:TRANSACTION_ID:xV8PVdK3DPBpdE7KnqFGn4QicPY=
2022.12.13 07:29:12#Forward to DBBL Payment Gateway Page: https://ecom1.dutchbanglabank.com/ecomm2/ClientHandler?card_type=6&trans_id=xV8PVdK3DPBpdE7KnqFGn4QicPY%3D
2022.12.13 07:29:46#---------------------- Complete New Transaction---------------------
2022.12.13 07:29:46#Get trans_id From Post Value:xV8PVdK3DPBpdE7KnqFGn4QicPY=
2022.12.13 07:29:46#clientIp:202.134.10.138
2022.12.13 07:29:46#trans_id:xV8PVdK3DPBpdE7KnqFGn4QicPY=
2022.12.13 07:29:48#result:RESULT>OK^RESULT_CODE>000^3DSECURE>SKIPPED^RRN>234707444582^APPROVAL_CODE>271568^CARD_NUMBER>999999*********7532^AMOUNT>302000^CARDNAME>mb account^DESCRIPTION>6MBM2204070^TRANS_DATE>2022-12-13 01:29:45 PM
2022.12.13 07:29:48#11950113072948
2022.12.13 07:29:48#11950113072948
2022.12.13 07:29:48#11950113072948
2022.12.13 07:29:48#11950113072948
2022.12.13 07:29:48#11950113072948
2022.12.13 07:29:48#11950113072948
2022.12.13 07:29:48#11950113072948
2022.12.13 07:29:48#11950113072948
2022.12.13 07:29:48#=================== Transaction Completed =======================
2022.12.13 07:42:07#=================== Start New Transaction ===================
2022.12.13 07:42:07#txnrefnum:BBD2007098
2022.12.13 07:42:07#clientIp:114.130.184.32
2022.12.13 07:42:07#card type:6
2022.12.13 07:42:07#totalamount:482000
2022.12.13 07:42:09#result:TRANSACTION_ID:3qjUbnNzaOrnpPqZMr52yboEeSk=
2022.12.13 07:42:10#Forward to DBBL Payment Gateway Page: https://ecom1.dutchbanglabank.com/ecomm2/ClientHandler?card_type=6&trans_id=3qjUbnNzaOrnpPqZMr52yboEeSk%3D
2022.12.13 07:42:29#---------------------- Complete New Transaction---------------------
2022.12.13 07:42:29#Get trans_id From Post Value:3qjUbnNzaOrnpPqZMr52yboEeSk=
2022.12.13 07:42:29#clientIp:114.130.184.32
2022.12.13 07:42:29#trans_id:3qjUbnNzaOrnpPqZMr52yboEeSk=
2022.12.13 07:42:30#result:RESULT>OK^RESULT_CODE>000^3DSECURE>SKIPPED^RRN>234707445661^APPROVAL_CODE>317189^CARD_NUMBER>999999*********3728^AMOUNT>482000^CARDNAME>mb account^DESCRIPTION>6BBD2007098^TRANS_DATE>2022-12-13 01:42:28 PM
2022.12.13 07:42:30#26181013074230
2022.12.13 07:42:31#26181013074230
2022.12.13 07:42:31#26181013074230
2022.12.13 07:42:31#26181013074230
2022.12.13 07:42:31#26181013074230
2022.12.13 07:42:31#26181013074230
2022.12.13 07:42:31#26181013074230
2022.12.13 07:42:31#26181013074230
2022.12.13 07:42:31#26181013074230
2022.12.13 07:42:31#26181013074230
2022.12.13 07:42:31#26181013074230
2022.12.13 07:42:31#26181013074230
2022.12.13 07:42:31#=================== Transaction Completed =======================
2022.12.13 07:48:21#=================== Start New Transaction ===================
2022.12.13 07:48:21#txnrefnum:MBD2007108
2022.12.13 07:48:21#clientIp:202.134.10.138
2022.12.13 07:48:21#card type:6
2022.12.13 07:48:21#totalamount:82000
2022.12.13 07:48:24#result:TRANSACTION_ID:fP8fJZeroUV35TC7PEKwtUVog1A=
2022.12.13 07:48:24#Forward to DBBL Payment Gateway Page: https://ecom1.dutchbanglabank.com/ecomm2/ClientHandler?card_type=6&trans_id=fP8fJZeroUV35TC7PEKwtUVog1A%3D
2022.12.13 07:49:22#---------------------- Complete New Transaction---------------------
2022.12.13 07:49:22#Get trans_id From Post Value:fP8fJZeroUV35TC7PEKwtUVog1A=
2022.12.13 07:49:22#clientIp:202.134.10.138
2022.12.13 07:49:22#trans_id:fP8fJZeroUV35TC7PEKwtUVog1A=
2022.12.13 07:49:25#result:RESULT>OK^RESULT_CODE>000^3DSECURE>SKIPPED^RRN>234707446359^APPROVAL_CODE>377048^CARD_NUMBER>999999*********7532^AMOUNT>82000^CARDNAME>mb account^DESCRIPTION>6MBD2007108^TRANS_DATE>2022-12-13 01:49:21 PM
2022.12.13 07:49:25#32980813074925
2022.12.13 07:49:25#32980813074925
2022.12.13 07:49:25#=================== Transaction Completed =======================
2022.12.13 07:56:18#=================== Start New Transaction ===================
2022.12.13 07:56:18#txnrefnum:MBD2201870
2022.12.13 07:56:18#clientIp:202.134.10.138
2022.12.13 07:56:18#card type:6
2022.12.13 07:56:18#totalamount:82000
2022.12.13 07:56:21#result:TRANSACTION_ID:xJxHeHqE8UjgXgGEOaoC0PXyf2c=
2022.12.13 07:56:21#Forward to DBBL Payment Gateway Page: https://ecom1.dutchbanglabank.com/ecomm2/ClientHandler?card_type=6&trans_id=xJxHeHqE8UjgXgGEOaoC0PXyf2c%3D
2022.12.13 07:56:49#---------------------- Complete New Transaction---------------------
2022.12.13 07:56:49#Get trans_id From Post Value:xJxHeHqE8UjgXgGEOaoC0PXyf2c=
2022.12.13 07:56:49#clientIp:202.134.10.138
2022.12.13 07:56:49#trans_id:xJxHeHqE8UjgXgGEOaoC0PXyf2c=
2022.12.13 07:56:51#result:RESULT>OK^RESULT_CODE>000^3DSECURE>SKIPPED^RRN>234707446945^APPROVAL_CODE>422302^CARD_NUMBER>999999*********7532^AMOUNT>82000^CARDNAME>mb account^DESCRIPTION>6MBD2201870^TRANS_DATE>2022-12-13 01:56:48 PM
2022.12.13 07:56:51#35368513075651
2022.12.13 07:56:51#35368513075651
2022.12.13 07:56:51#=================== Transaction Completed =======================
2022.12.13 07:58:56#=================== Start New Transaction ===================
2022.12.13 07:58:56#txnrefnum:MBG2101075
2022.12.13 07:58:56#clientIp:202.134.10.138
2022.12.13 07:58:56#card type:6
2022.12.13 07:58:56#totalamount:82000
2022.12.13 07:58:59#result:TRANSACTION_ID:UyUecqGzaTeVAEUlGqJtsCXfbz8=
2022.12.13 07:58:59#Forward to DBBL Payment Gateway Page: https://ecom1.dutchbanglabank.com/ecomm2/ClientHandler?card_type=6&trans_id=UyUecqGzaTeVAEUlGqJtsCXfbz8%3D
2022.12.13 07:59:21#---------------------- Complete New Transaction---------------------
2022.12.13 07:59:21#Get trans_id From Post Value:UyUecqGzaTeVAEUlGqJtsCXfbz8=
2022.12.13 07:59:21#clientIp:202.134.10.138
2022.12.13 07:59:21#trans_id:UyUecqGzaTeVAEUlGqJtsCXfbz8=
2022.12.13 07:59:23#result:RESULT>OK^RESULT_CODE>000^3DSECURE>SKIPPED^RRN>234707447135^APPROVAL_CODE>425652^CARD_NUMBER>999999*********7532^AMOUNT>82000^CARDNAME>mb account^DESCRIPTION>6MBG2101075^TRANS_DATE>2022-12-13 01:59:19 PM
2022.12.13 07:59:23#34845013075923
2022.12.13 07:59:23#34845013075923
2022.12.13 07:59:23#=================== Transaction Completed =======================
2022.12.13 08:04:59#=================== Start New Transaction ===================
2022.12.13 08:04:59#txnrefnum:MBM2001071
2022.12.13 08:04:59#clientIp:202.134.10.138
2022.12.13 08:04:59#card type:6
2022.12.13 08:04:59#totalamount:82000
2022.12.13 08:05:02#result:TRANSACTION_ID:OB4lv6EpbhwLH9WOP3ribdZoAMU=
2022.12.13 08:05:02#Forward to DBBL Payment Gateway Page: https://ecom1.dutchbanglabank.com/ecomm2/ClientHandler?card_type=6&trans_id=OB4lv6EpbhwLH9WOP3ribdZoAMU%3D
2022.12.13 08:05:32#---------------------- Complete New Transaction---------------------
2022.12.13 08:05:32#Get trans_id From Post Value:OB4lv6EpbhwLH9WOP3ribdZoAMU=
2022.12.13 08:05:32#clientIp:202.134.10.138
2022.12.13 08:05:32#trans_id:OB4lv6EpbhwLH9WOP3ribdZoAMU=
2022.12.13 08:05:34#result:RESULT>OK^RESULT_CODE>000^3DSECURE>SKIPPED^RRN>234708447679^APPROVAL_CODE>452856^CARD_NUMBER>999999*********7532^AMOUNT>82000^CARDNAME>mb account^DESCRIPTION>6MBM2001071^TRANS_DATE>2022-12-13 02:05:31 PM
2022.12.13 08:05:34#34678413080534
2022.12.13 08:05:34#34678413080534
2022.12.13 08:05:34#=================== Transaction Completed =======================
2022.12.13 08:07:48#=================== Start New Transaction ===================
2022.12.13 08:07:48#txnrefnum:MBM2001082
2022.12.13 08:07:48#clientIp:202.134.10.138
2022.12.13 08:07:48#card type:6
2022.12.13 08:07:48#totalamount:82000
2022.12.13 08:07:51#result:TRANSACTION_ID:F0xHHgm7KL97FwkZPHnSprxpcjw=
2022.12.13 08:07:51#Forward to DBBL Payment Gateway Page: https://ecom1.dutchbanglabank.com/ecomm2/ClientHandler?card_type=6&trans_id=F0xHHgm7KL97FwkZPHnSprxpcjw%3D
2022.12.13 08:08:26#---------------------- Complete New Transaction---------------------
2022.12.13 08:08:26#Get trans_id From Post Value:F0xHHgm7KL97FwkZPHnSprxpcjw=
2022.12.13 08:08:26#clientIp:202.134.10.138
2022.12.13 08:08:26#trans_id:F0xHHgm7KL97FwkZPHnSprxpcjw=
2022.12.13 08:08:28#result:RESULT>OK^RESULT_CODE>000^3DSECURE>SKIPPED^RRN>234708447912^APPROVAL_CODE>502663^CARD_NUMBER>999999*********7532^AMOUNT>82000^CARDNAME>mb account^DESCRIPTION>6MBM2001082^TRANS_DATE>2022-12-13 02:08:25 PM
2022.12.13 08:08:28#34919813080828
2022.12.13 08:08:28#34919813080828
2022.12.13 08:08:28#=================== Transaction Completed =======================
2022.12.13 08:34:41#=================== Start New Transaction ===================
2022.12.13 08:34:41#txnrefnum:BBB2108037
2022.12.13 08:34:41#clientIp:157.119.238.10
2022.12.13 08:34:41#card type:6
2022.12.13 08:34:41#totalamount:242000
2022.12.13 08:34:44#result:TRANSACTION_ID:vjRizAbZXhFq8wqm8sKANDRpDNQ=
2022.12.13 08:34:44#Forward to DBBL Payment Gateway Page: https://ecom1.dutchbanglabank.com/ecomm2/ClientHandler?card_type=6&trans_id=vjRizAbZXhFq8wqm8sKANDRpDNQ%3D
2022.12.13 08:35:10#---------------------- Complete New Transaction---------------------
2022.12.13 08:35:10#Get trans_id From Post Value:vjRizAbZXhFq8wqm8sKANDRpDNQ=
2022.12.13 08:35:10#clientIp:157.119.238.10
2022.12.13 08:35:10#trans_id:vjRizAbZXhFq8wqm8sKANDRpDNQ=
2022.12.13 08:35:12#result:RESULT>OK^RESULT_CODE>000^3DSECURE>SKIPPED^RRN>234708450200^APPROVAL_CODE>488683^CARD_NUMBER>999999*********2298^AMOUNT>242000^CARDNAME>mb account^DESCRIPTION>6BBB2108037^TRANS_DATE>2022-12-13 02:35:09 PM
2022.12.13 08:35:12#26130813083512
2022.12.13 08:35:12#26130813083512
2022.12.13 08:35:12#26130813083512
2022.12.13 08:35:12#26130813083512
2022.12.13 08:35:12#26130813083512
2022.12.13 08:35:12#26130813083512
2022.12.13 08:35:12#=================== Transaction Completed =======================
2022.12.13 12:49:38#=================== Start New Transaction ===================
2022.12.13 12:49:38#txnrefnum:BBD2005014
2022.12.13 12:49:38#clientIp:103.138.120.248
2022.12.13 12:49:38#card type:6
2022.12.13 12:49:38#totalamount:272000
2022.12.13 12:49:41#result:TRANSACTION_ID:ZGdcP03Vaz4PePb3qKWPGvq1ztc=
2022.12.13 12:49:41#Forward to DBBL Payment Gateway Page: https://ecom1.dutchbanglabank.com/ecomm2/ClientHandler?card_type=6&trans_id=ZGdcP03Vaz4PePb3qKWPGvq1ztc%3D
2022.12.13 12:53:40#---------------------- Complete New Transaction---------------------
2022.12.13 12:53:40#Get trans_id From Post Value:ZGdcP03Vaz4PePb3qKWPGvq1ztc=
2022.12.13 12:53:40#clientIp:103.138.120.248
2022.12.13 12:53:40#trans_id:ZGdcP03Vaz4PePb3qKWPGvq1ztc=
2022.12.13 12:53:41#result:RESULT>OK^RESULT_CODE>000^3DSECURE>SKIPPED^RRN>234712472349^APPROVAL_CODE>842286^CARD_NUMBER>999999*********8266^AMOUNT>272000^CARDNAME>mb account^DESCRIPTION>6BBD2005014^TRANS_DATE>2022-12-13 06:53:39 PM
2022.12.13 12:53:41#24652413125341
2022.12.13 12:53:42#24652413125341
2022.12.13 12:53:42#24652413125341
2022.12.13 12:53:42#24652413125341
2022.12.13 12:53:42#24652413125341
2022.12.13 12:53:42#24652413125341
2022.12.13 12:53:42#=================== Transaction Completed =======================
2022.12.13 13:13:50#=================== Start New Transaction ===================
2022.12.13 13:13:50#txnrefnum:MBM2003010
2022.12.13 13:13:50#clientIp:202.4.127.1
2022.12.13 13:13:50#card type:6
2022.12.13 13:13:50#totalamount:2000
2022.12.13 13:13:52#result:TRANSACTION_ID:ElsN6p8pUUhQ9uQxL70PDPvbURU=
2022.12.13 13:13:53#Forward to DBBL Payment Gateway Page: https://ecom1.dutchbanglabank.com/ecomm2/ClientHandler?card_type=6&trans_id=ElsN6p8pUUhQ9uQxL70PDPvbURU%3D
2022.12.13 14:35:33#=================== Start New Transaction ===================
2022.12.13 14:35:33#txnrefnum:MSC22111355
2022.12.13 14:35:33#clientIp:103.14.72.29
2022.12.13 14:35:33#card type:6
2022.12.13 14:35:33#totalamount:702000
2022.12.13 14:35:36#result:TRANSACTION_ID:6kvONI0PPcX69Zu2JR3nIanVlU0=
2022.12.13 14:35:36#Forward to DBBL Payment Gateway Page: https://ecom1.dutchbanglabank.com/ecomm2/ClientHandler?card_type=6&trans_id=6kvONI0PPcX69Zu2JR3nIanVlU0%3D
2022.12.13 14:37:10#---------------------- Complete New Transaction---------------------
2022.12.13 14:37:10#Get trans_id From Post Value:6kvONI0PPcX69Zu2JR3nIanVlU0=
2022.12.13 14:37:10#clientIp:103.14.72.29
2022.12.13 14:37:10#trans_id:6kvONI0PPcX69Zu2JR3nIanVlU0=
2022.12.13 14:37:12#result:RESULT>OK^RESULT_CODE>000^3DSECURE>SKIPPED^RRN>234714481175^APPROVAL_CODE>447483^CARD_NUMBER>999999*********2058^AMOUNT>702000^CARDNAME>mb account^DESCRIPTION>6MSC22111355^TRANS_DATE>2022-12-13 08:37:09 PM
2022.12.13 14:37:12#33517313023712
2022.12.13 14:37:12#33517313023712
2022.12.13 14:37:12#=================== Transaction Completed =======================
2022.12.13 15:02:11#=================== Start New Transaction ===================
2022.12.13 15:02:11#txnrefnum:BBD2007020
2022.12.13 15:02:11#clientIp:157.119.238.10
2022.12.13 15:02:11#card type:6
2022.12.13 15:02:11#totalamount:882000
2022.12.13 15:02:14#result:TRANSACTION_ID:nWvQOAH2zWVda6IrSQGJGSXAR28=
2022.12.13 15:02:14#Forward to DBBL Payment Gateway Page: https://ecom1.dutchbanglabank.com/ecomm2/ClientHandler?card_type=6&trans_id=nWvQOAH2zWVda6IrSQGJGSXAR28%3D
2022.12.13 15:02:32#=================== Start New Transaction ===================
2022.12.13 15:02:32#txnrefnum:MSC22111086
2022.12.13 15:02:32#clientIp:103.200.37.212
2022.12.13 15:02:32#card type:6
2022.12.13 15:02:32#totalamount:2000
2022.12.13 15:02:34#result:TRANSACTION_ID:lmsjtMfOPVHbsVLUTGRCIZ31XDw=
2022.12.13 15:02:34#Forward to DBBL Payment Gateway Page: https://ecom1.dutchbanglabank.com/ecomm2/ClientHandler?card_type=6&trans_id=lmsjtMfOPVHbsVLUTGRCIZ31XDw%3D
2022.12.13 15:03:11#---------------------- Complete New Transaction---------------------
2022.12.13 15:03:11#Get trans_id From Post Value:nWvQOAH2zWVda6IrSQGJGSXAR28=
2022.12.13 15:03:11#clientIp:157.119.238.10
2022.12.13 15:03:11#trans_id:nWvQOAH2zWVda6IrSQGJGSXAR28=
2022.12.13 15:03:13#result:RESULT>OK^RESULT_CODE>000^3DSECURE>SKIPPED^RRN>234715482996^APPROVAL_CODE>666242^CARD_NUMBER>999999*********2298^AMOUNT>882000^CARDNAME>mb account^DESCRIPTION>6BBD2007020^TRANS_DATE>2022-12-13 09:03:10 PM
2022.12.13 15:03:13#26065413030313
2022.12.13 15:03:13#26065413030313
2022.12.13 15:03:13#26065413030313
2022.12.13 15:03:13#26065413030313
2022.12.13 15:03:13#26065413030313
2022.12.13 15:03:13#26065413030313
2022.12.13 15:03:13#26065413030313
2022.12.13 15:03:13#26065413030313
2022.12.13 15:03:13#26065413030313
2022.12.13 15:03:13#26065413030313
2022.12.13 15:03:13#26065413030313
2022.12.13 15:03:13#26065413030313
2022.12.13 15:03:13#26065413030313
2022.12.13 15:03:14#26065413030313
2022.12.13 15:03:14#26065413030313
2022.12.13 15:03:14#26065413030313
2022.12.13 15:03:14#26065413030313
2022.12.13 15:03:14#26065413030313
2022.12.13 15:03:14#26065413030313
2022.12.13 15:03:14#26065413030313
2022.12.13 15:03:14#26065413030313
2022.12.13 15:03:14#26065413030313
2022.12.13 15:03:14#=================== Transaction Completed =======================
2022.12.13 15:17:39#=================== Start New Transaction ===================
2022.12.13 15:17:39#txnrefnum:MSC22111086
2022.12.13 15:17:39#clientIp:103.200.37.212
2022.12.13 15:17:39#card type:6
2022.12.13 15:17:39#totalamount:2000
2022.12.13 15:17:42#result:TRANSACTION_ID:3VytBcijSBL7SavYT4KCVcgarZM=
2022.12.13 15:17:42#Forward to DBBL Payment Gateway Page: https://ecom1.dutchbanglabank.com/ecomm2/ClientHandler?card_type=6&trans_id=3VytBcijSBL7SavYT4KCVcgarZM%3D
2022.12.13 15:19:04#=================== Start New Transaction ===================
2022.12.13 15:19:04#txnrefnum:MSC22111086
2022.12.13 15:19:04#clientIp:103.200.37.212
2022.12.13 15:19:04#card type:6
2022.12.13 15:19:04#totalamount:2000
2022.12.13 15:19:07#result:TRANSACTION_ID:b5Vcz1ROVKbsNfT2thPuxSmcPFw=
2022.12.13 15:19:07#Forward to DBBL Payment Gateway Page: https://ecom1.dutchbanglabank.com/ecomm2/ClientHandler?card_type=6&trans_id=b5Vcz1ROVKbsNfT2thPuxSmcPFw%3D
2022.12.13 15:19:40#=================== Start New Transaction ===================
2022.12.13 15:19:40#txnrefnum:MSC22111086
2022.12.13 15:19:40#clientIp:103.200.37.212
2022.12.13 15:19:40#card type:6
2022.12.13 15:19:40#totalamount:2000
2022.12.13 15:19:43#result:TRANSACTION_ID:Js9br4DSjnEwUNKPlf2GgHaOcDU=
2022.12.13 15:19:43#Forward to DBBL Payment Gateway Page: https://ecom1.dutchbanglabank.com/ecomm2/ClientHandler?card_type=6&trans_id=Js9br4DSjnEwUNKPlf2GgHaOcDU%3D
2022.12.13 18:28:05#=================== Start New Transaction ===================
2022.12.13 18:28:05#txnrefnum:BBD2007084
2022.12.13 18:28:05#clientIp:114.130.185.26
2022.12.13 18:28:05#card type:6
2022.12.13 18:28:05#totalamount:2000
2022.12.13 18:28:08#result:TRANSACTION_ID:DMSm3uVURMYMn06HyN3N7u7N7Ic=
2022.12.13 18:28:08#Forward to DBBL Payment Gateway Page: https://ecom1.dutchbanglabank.com/ecomm2/ClientHandler?card_type=6&trans_id=DMSm3uVURMYMn06HyN3N7u7N7Ic%3D