
2023.4.23 17:11:44#=================== Start New Transaction ===================
2023.4.23 17:11:44#txnrefnum:BBM2306009
2023.4.23 17:11:44#clientIp:119.30.41.67
2023.4.23 17:11:44#card type:6
2023.4.23 17:11:44#totalamount:2000
2023.4.23 17:11:48#result:TRANSACTION_ID:o1dVl9Irz8v0pdpQCvrfRALa8n0=
2023.4.23 17:11:48#Forward to DBBL Payment Gateway Page: https://ecom1.dutchbanglabank.com/ecomm2/ClientHandler?card_type=6&trans_id=o1dVl9Irz8v0pdpQCvrfRALa8n0%3D
2023.4.23 17:14:15#=================== Start New Transaction ===================
2023.4.23 17:14:15#txnrefnum:BBM2306009
2023.4.23 17:14:15#clientIp:119.30.41.67
2023.4.23 17:14:15#card type:6
2023.4.23 17:14:15#totalamount:102000
2023.4.23 17:14:18#result:TRANSACTION_ID:ds4yX7t5pFNw1ZERbTqhJzrQG74=
2023.4.23 17:14:18#Forward to DBBL Payment Gateway Page: https://ecom1.dutchbanglabank.com/ecomm2/ClientHandler?card_type=6&trans_id=ds4yX7t5pFNw1ZERbTqhJzrQG74%3D
2023.4.23 17:16:03#=================== Start New Transaction ===================
2023.4.23 17:16:03#txnrefnum:BBM2306009
2023.4.23 17:16:03#clientIp:119.30.41.67
2023.4.23 17:16:03#card type:6
2023.4.23 17:16:03#totalamount:102000
2023.4.23 17:16:06#result:TRANSACTION_ID:22aSeN7hVdb8KPh4FuShV7tN1SA=
2023.4.23 17:16:06#Forward to DBBL Payment Gateway Page: https://ecom1.dutchbanglabank.com/ecomm2/ClientHandler?card_type=6&trans_id=22aSeN7hVdb8KPh4FuShV7tN1SA%3D
2023.4.23 17:17:53#---------------------- Complete New Transaction---------------------
2023.4.23 17:17:53#Get trans_id From Post Value:22aSeN7hVdb8KPh4FuShV7tN1SA=
2023.4.23 17:17:54#clientIp:119.30.41.67
2023.4.23 17:17:54#trans_id:22aSeN7hVdb8KPh4FuShV7tN1SA=
2023.4.23 17:17:56#result:RESULT>OK^RESULT_CODE>000^3DSECURE>SKIPPED^RRN>311317079290^APPROVAL_CODE>929643^CARD_NUMBER>999999*********3776^AMOUNT>102000^CARDNAME>mb account^DESCRIPTION>6BBM2306009^TRANS_DATE>2023-04-23 11:17:52 PM
2023.4.23 17:17:56#45331223051756
2023.4.23 17:17:56#45331223051756
2023.4.23 17:17:56#=================== Transaction Completed =======================